[2024-03-11 04:30:20,213] {taskinstance.py:903} INFO - Dependencies all met for <TaskInstance: meeting_project492.fetch_comment 2024-03-11T04:30:18.774911+00:00 [queued]>
[2024-03-11 04:30:20,226] {taskinstance.py:903} INFO - Dependencies all met for <TaskInstance: meeting_project492.fetch_comment 2024-03-11T04:30:18.774911+00:00 [queued]>
[2024-03-11 04:30:20,226] {taskinstance.py:1095} INFO - 
--------------------------------------------------------------------------------
[2024-03-11 04:30:20,226] {taskinstance.py:1096} INFO - Starting attempt 1 of 1
[2024-03-11 04:30:20,226] {taskinstance.py:1097} INFO - 
--------------------------------------------------------------------------------
[2024-03-11 04:30:20,242] {taskinstance.py:1115} INFO - Executing <Task(PythonOperator): fetch_comment> on 2024-03-11T04:30:18.774911+00:00
[2024-03-11 04:30:20,247] {standard_task_runner.py:52} INFO - Started process 2895 to run task
[2024-03-11 04:30:20,251] {standard_task_runner.py:76} INFO - Running: ['***', 'tasks', 'run', 'meeting_project492', 'fetch_comment', '2024-03-11T04:30:18.774911+00:00', '--job-id', '614', '--pool', 'default_pool', '--raw', '--subdir', 'DAGS_FOLDER/first_dag.py', '--cfg-path', '/tmp/tmp8cu78evv', '--error-file', '/tmp/tmp5scyc6z0']
[2024-03-11 04:30:20,256] {standard_task_runner.py:77} INFO - Job 614: Subtask fetch_comment
[2024-03-11 04:30:20,296] {logging_mixin.py:109} INFO - Running <TaskInstance: meeting_project492.fetch_comment 2024-03-11T04:30:18.774911+00:00 [running]> on host 5fe9ddfe21b9
[2024-03-11 04:30:20,352] {taskinstance.py:1254} INFO - Exporting the following env vars:
AIRFLOW_CTX_DAG_OWNER=***
AIRFLOW_CTX_DAG_ID=meeting_project492
AIRFLOW_CTX_TASK_ID=fetch_comment
AIRFLOW_CTX_EXECUTION_DATE=2024-03-11T04:30:18.774911+00:00
AIRFLOW_CTX_DAG_RUN_ID=manual__2024-03-11T04:30:18.774911+00:00
[2024-03-11 04:30:24,018] {logging_mixin.py:109} INFO - Output to /home/tnanun/***-meet/data/data_com.csv yoyoyoyoyoyo
[2024-03-11 04:30:24,018] {python.py:151} INFO - Done. Returned value was: None
[2024-03-11 04:30:24,027] {taskinstance.py:1219} INFO - Marking task as SUCCESS. dag_id=meeting_project492, task_id=fetch_comment, execution_date=20240311T043018, start_date=20240311T043020, end_date=20240311T043024
[2024-03-11 04:30:24,082] {local_task_job.py:151} INFO - Task exited with return code 0
[2024-03-11 04:30:24,109] {local_task_job.py:261} INFO - 1 downstream tasks scheduled from follow-on schedule check
