[2024-03-28 18:17:13,246] {taskinstance.py:903} INFO - Dependencies all met for <TaskInstance: meeting_project492.fetch_answers 2024-03-28T18:17:11.529376+00:00 [queued]>
[2024-03-28 18:17:13,294] {taskinstance.py:903} INFO - Dependencies all met for <TaskInstance: meeting_project492.fetch_answers 2024-03-28T18:17:11.529376+00:00 [queued]>
[2024-03-28 18:17:13,295] {taskinstance.py:1095} INFO - 
--------------------------------------------------------------------------------
[2024-03-28 18:17:13,295] {taskinstance.py:1096} INFO - Starting attempt 1 of 1
[2024-03-28 18:17:13,295] {taskinstance.py:1097} INFO - 
--------------------------------------------------------------------------------
[2024-03-28 18:17:13,363] {taskinstance.py:1115} INFO - Executing <Task(PythonOperator): fetch_answers> on 2024-03-28T18:17:11.529376+00:00
[2024-03-28 18:17:13,367] {standard_task_runner.py:52} INFO - Started process 1146 to run task
[2024-03-28 18:17:13,370] {standard_task_runner.py:76} INFO - Running: ['***', 'tasks', 'run', 'meeting_project492', 'fetch_answers', '2024-03-28T18:17:11.529376+00:00', '--job-id', '722', '--pool', 'default_pool', '--raw', '--subdir', 'DAGS_FOLDER/first_dag.py', '--cfg-path', '/tmp/tmp6bb8wuqw', '--error-file', '/tmp/tmp8nprfndl']
[2024-03-28 18:17:13,373] {standard_task_runner.py:77} INFO - Job 722: Subtask fetch_answers
[2024-03-28 18:17:13,512] {logging_mixin.py:109} INFO - Running <TaskInstance: meeting_project492.fetch_answers 2024-03-28T18:17:11.529376+00:00 [running]> on host 322f1435f697
[2024-03-28 18:17:13,704] {taskinstance.py:1254} INFO - Exporting the following env vars:
AIRFLOW_CTX_DAG_OWNER=***
AIRFLOW_CTX_DAG_ID=meeting_project492
AIRFLOW_CTX_TASK_ID=fetch_answers
AIRFLOW_CTX_EXECUTION_DATE=2024-03-28T18:17:11.529376+00:00
AIRFLOW_CTX_DAG_RUN_ID=manual__2024-03-28T18:17:11.529376+00:00
[2024-03-28 18:17:19,007] {logging_mixin.py:109} INFO - Output to /home/tnanun/***-meet/data/data_ans.csv yoyoyoyoyoyo
[2024-03-28 18:17:19,007] {python.py:151} INFO - Done. Returned value was: None
[2024-03-28 18:17:19,016] {taskinstance.py:1219} INFO - Marking task as SUCCESS. dag_id=meeting_project492, task_id=fetch_answers, execution_date=20240328T181711, start_date=20240328T181713, end_date=20240328T181719
[2024-03-28 18:17:19,052] {local_task_job.py:151} INFO - Task exited with return code 0
[2024-03-28 18:17:19,075] {local_task_job.py:261} INFO - 1 downstream tasks scheduled from follow-on schedule check
