[2024-01-28 07:51:49,430] {processor.py:162} INFO - Started process (PID=337) to work on /home/airflow/.local/lib/python3.6/site-packages/airflow/example_dags/example_xcomargs.py
[2024-01-28 07:51:49,431] {processor.py:613} INFO - Processing file /home/airflow/.local/lib/python3.6/site-packages/airflow/example_dags/example_xcomargs.py for tasks to queue
[2024-01-28 07:51:49,432] {logging_mixin.py:109} INFO - [2024-01-28 07:51:49,432] {dagbag.py:496} INFO - Filling up the DagBag from /home/airflow/.local/lib/python3.6/site-packages/airflow/example_dags/example_xcomargs.py
[2024-01-28 07:51:49,446] {processor.py:623} INFO - DAG(s) dict_keys(['example_xcom_args', 'example_xcom_args_with_operators']) retrieved from /home/airflow/.local/lib/python3.6/site-packages/airflow/example_dags/example_xcomargs.py
[2024-01-28 07:51:49,626] {logging_mixin.py:109} INFO - [2024-01-28 07:51:49,626] {dag.py:1834} INFO - Sync 2 DAGs
[2024-01-28 07:51:49,637] {logging_mixin.py:109} INFO - [2024-01-28 07:51:49,637] {dag.py:2287} INFO - Setting next_dagrun for example_xcom_args to None
[2024-01-28 07:51:49,638] {logging_mixin.py:109} INFO - [2024-01-28 07:51:49,638] {dag.py:2287} INFO - Setting next_dagrun for example_xcom_args_with_operators to None
[2024-01-28 07:51:49,653] {processor.py:170} INFO - Processing /home/airflow/.local/lib/python3.6/site-packages/airflow/example_dags/example_xcomargs.py took 0.224 seconds
[2024-01-28 07:52:20,374] {processor.py:162} INFO - Started process (PID=532) to work on /home/airflow/.local/lib/python3.6/site-packages/airflow/example_dags/example_xcomargs.py
[2024-01-28 07:52:20,375] {processor.py:613} INFO - Processing file /home/airflow/.local/lib/python3.6/site-packages/airflow/example_dags/example_xcomargs.py for tasks to queue
[2024-01-28 07:52:20,376] {logging_mixin.py:109} INFO - [2024-01-28 07:52:20,376] {dagbag.py:496} INFO - Filling up the DagBag from /home/airflow/.local/lib/python3.6/site-packages/airflow/example_dags/example_xcomargs.py
[2024-01-28 07:52:20,389] {processor.py:623} INFO - DAG(s) dict_keys(['example_xcom_args', 'example_xcom_args_with_operators']) retrieved from /home/airflow/.local/lib/python3.6/site-packages/airflow/example_dags/example_xcomargs.py
[2024-01-28 07:52:20,546] {logging_mixin.py:109} INFO - [2024-01-28 07:52:20,546] {dag.py:1834} INFO - Sync 2 DAGs
[2024-01-28 07:52:20,555] {logging_mixin.py:109} INFO - [2024-01-28 07:52:20,555] {dag.py:2287} INFO - Setting next_dagrun for example_xcom_args to None
[2024-01-28 07:52:20,556] {logging_mixin.py:109} INFO - [2024-01-28 07:52:20,555] {dag.py:2287} INFO - Setting next_dagrun for example_xcom_args_with_operators to None
[2024-01-28 07:52:20,567] {processor.py:170} INFO - Processing /home/airflow/.local/lib/python3.6/site-packages/airflow/example_dags/example_xcomargs.py took 0.195 seconds
[2024-01-28 07:52:50,843] {processor.py:162} INFO - Started process (PID=738) to work on /home/airflow/.local/lib/python3.6/site-packages/airflow/example_dags/example_xcomargs.py
[2024-01-28 07:52:50,844] {processor.py:613} INFO - Processing file /home/airflow/.local/lib/python3.6/site-packages/airflow/example_dags/example_xcomargs.py for tasks to queue
[2024-01-28 07:52:50,845] {logging_mixin.py:109} INFO - [2024-01-28 07:52:50,845] {dagbag.py:496} INFO - Filling up the DagBag from /home/airflow/.local/lib/python3.6/site-packages/airflow/example_dags/example_xcomargs.py
[2024-01-28 07:52:50,860] {processor.py:623} INFO - DAG(s) dict_keys(['example_xcom_args', 'example_xcom_args_with_operators']) retrieved from /home/airflow/.local/lib/python3.6/site-packages/airflow/example_dags/example_xcomargs.py
[2024-01-28 07:52:51,002] {logging_mixin.py:109} INFO - [2024-01-28 07:52:51,002] {dag.py:1834} INFO - Sync 2 DAGs
[2024-01-28 07:52:51,011] {logging_mixin.py:109} INFO - [2024-01-28 07:52:51,011] {dag.py:2287} INFO - Setting next_dagrun for example_xcom_args to None
[2024-01-28 07:52:51,012] {logging_mixin.py:109} INFO - [2024-01-28 07:52:51,012] {dag.py:2287} INFO - Setting next_dagrun for example_xcom_args_with_operators to None
[2024-01-28 07:52:51,023] {processor.py:170} INFO - Processing /home/airflow/.local/lib/python3.6/site-packages/airflow/example_dags/example_xcomargs.py took 0.183 seconds
[2024-01-28 07:53:21,451] {processor.py:162} INFO - Started process (PID=944) to work on /home/airflow/.local/lib/python3.6/site-packages/airflow/example_dags/example_xcomargs.py
[2024-01-28 07:53:21,451] {processor.py:613} INFO - Processing file /home/airflow/.local/lib/python3.6/site-packages/airflow/example_dags/example_xcomargs.py for tasks to queue
[2024-01-28 07:53:21,452] {logging_mixin.py:109} INFO - [2024-01-28 07:53:21,452] {dagbag.py:496} INFO - Filling up the DagBag from /home/airflow/.local/lib/python3.6/site-packages/airflow/example_dags/example_xcomargs.py
[2024-01-28 07:53:21,465] {processor.py:623} INFO - DAG(s) dict_keys(['example_xcom_args', 'example_xcom_args_with_operators']) retrieved from /home/airflow/.local/lib/python3.6/site-packages/airflow/example_dags/example_xcomargs.py
[2024-01-28 07:53:21,610] {logging_mixin.py:109} INFO - [2024-01-28 07:53:21,609] {dag.py:1834} INFO - Sync 2 DAGs
[2024-01-28 07:53:21,618] {logging_mixin.py:109} INFO - [2024-01-28 07:53:21,618] {dag.py:2287} INFO - Setting next_dagrun for example_xcom_args to None
[2024-01-28 07:53:21,619] {logging_mixin.py:109} INFO - [2024-01-28 07:53:21,619] {dag.py:2287} INFO - Setting next_dagrun for example_xcom_args_with_operators to None
[2024-01-28 07:53:21,630] {processor.py:170} INFO - Processing /home/airflow/.local/lib/python3.6/site-packages/airflow/example_dags/example_xcomargs.py took 0.181 seconds
[2024-01-28 07:53:52,085] {processor.py:162} INFO - Started process (PID=1139) to work on /home/airflow/.local/lib/python3.6/site-packages/airflow/example_dags/example_xcomargs.py
[2024-01-28 07:53:52,086] {processor.py:613} INFO - Processing file /home/airflow/.local/lib/python3.6/site-packages/airflow/example_dags/example_xcomargs.py for tasks to queue
[2024-01-28 07:53:52,086] {logging_mixin.py:109} INFO - [2024-01-28 07:53:52,086] {dagbag.py:496} INFO - Filling up the DagBag from /home/airflow/.local/lib/python3.6/site-packages/airflow/example_dags/example_xcomargs.py
[2024-01-28 07:53:52,102] {processor.py:623} INFO - DAG(s) dict_keys(['example_xcom_args', 'example_xcom_args_with_operators']) retrieved from /home/airflow/.local/lib/python3.6/site-packages/airflow/example_dags/example_xcomargs.py
[2024-01-28 07:53:52,245] {logging_mixin.py:109} INFO - [2024-01-28 07:53:52,245] {dag.py:1834} INFO - Sync 2 DAGs
[2024-01-28 07:53:52,256] {logging_mixin.py:109} INFO - [2024-01-28 07:53:52,256] {dag.py:2287} INFO - Setting next_dagrun for example_xcom_args to None
[2024-01-28 07:53:52,256] {logging_mixin.py:109} INFO - [2024-01-28 07:53:52,256] {dag.py:2287} INFO - Setting next_dagrun for example_xcom_args_with_operators to None
[2024-01-28 07:53:52,267] {processor.py:170} INFO - Processing /home/airflow/.local/lib/python3.6/site-packages/airflow/example_dags/example_xcomargs.py took 0.185 seconds
[2024-01-28 07:54:22,523] {processor.py:162} INFO - Started process (PID=1344) to work on /home/airflow/.local/lib/python3.6/site-packages/airflow/example_dags/example_xcomargs.py
[2024-01-28 07:54:22,524] {processor.py:613} INFO - Processing file /home/airflow/.local/lib/python3.6/site-packages/airflow/example_dags/example_xcomargs.py for tasks to queue
[2024-01-28 07:54:22,524] {logging_mixin.py:109} INFO - [2024-01-28 07:54:22,524] {dagbag.py:496} INFO - Filling up the DagBag from /home/airflow/.local/lib/python3.6/site-packages/airflow/example_dags/example_xcomargs.py
[2024-01-28 07:54:22,539] {processor.py:623} INFO - DAG(s) dict_keys(['example_xcom_args', 'example_xcom_args_with_operators']) retrieved from /home/airflow/.local/lib/python3.6/site-packages/airflow/example_dags/example_xcomargs.py
[2024-01-28 07:54:22,678] {logging_mixin.py:109} INFO - [2024-01-28 07:54:22,678] {dag.py:1834} INFO - Sync 2 DAGs
[2024-01-28 07:54:22,688] {logging_mixin.py:109} INFO - [2024-01-28 07:54:22,688] {dag.py:2287} INFO - Setting next_dagrun for example_xcom_args to None
[2024-01-28 07:54:22,689] {logging_mixin.py:109} INFO - [2024-01-28 07:54:22,689] {dag.py:2287} INFO - Setting next_dagrun for example_xcom_args_with_operators to None
[2024-01-28 07:54:22,701] {processor.py:170} INFO - Processing /home/airflow/.local/lib/python3.6/site-packages/airflow/example_dags/example_xcomargs.py took 0.180 seconds
[2024-01-28 07:54:53,264] {processor.py:162} INFO - Started process (PID=1680) to work on /home/airflow/.local/lib/python3.6/site-packages/airflow/example_dags/example_xcomargs.py
[2024-01-28 07:54:53,265] {processor.py:613} INFO - Processing file /home/airflow/.local/lib/python3.6/site-packages/airflow/example_dags/example_xcomargs.py for tasks to queue
[2024-01-28 07:54:53,266] {logging_mixin.py:109} INFO - [2024-01-28 07:54:53,266] {dagbag.py:496} INFO - Filling up the DagBag from /home/airflow/.local/lib/python3.6/site-packages/airflow/example_dags/example_xcomargs.py
[2024-01-28 07:54:53,282] {processor.py:623} INFO - DAG(s) dict_keys(['example_xcom_args', 'example_xcom_args_with_operators']) retrieved from /home/airflow/.local/lib/python3.6/site-packages/airflow/example_dags/example_xcomargs.py
[2024-01-28 07:54:53,471] {logging_mixin.py:109} INFO - [2024-01-28 07:54:53,471] {dag.py:1834} INFO - Sync 2 DAGs
[2024-01-28 07:54:53,483] {logging_mixin.py:109} INFO - [2024-01-28 07:54:53,483] {dag.py:2287} INFO - Setting next_dagrun for example_xcom_args to None
[2024-01-28 07:54:53,484] {logging_mixin.py:109} INFO - [2024-01-28 07:54:53,484] {dag.py:2287} INFO - Setting next_dagrun for example_xcom_args_with_operators to None
[2024-01-28 07:54:53,497] {processor.py:170} INFO - Processing /home/airflow/.local/lib/python3.6/site-packages/airflow/example_dags/example_xcomargs.py took 0.235 seconds
[2024-01-28 07:55:23,864] {processor.py:162} INFO - Started process (PID=2050) to work on /home/airflow/.local/lib/python3.6/site-packages/airflow/example_dags/example_xcomargs.py
[2024-01-28 07:55:23,865] {processor.py:613} INFO - Processing file /home/airflow/.local/lib/python3.6/site-packages/airflow/example_dags/example_xcomargs.py for tasks to queue
[2024-01-28 07:55:23,866] {logging_mixin.py:109} INFO - [2024-01-28 07:55:23,866] {dagbag.py:496} INFO - Filling up the DagBag from /home/airflow/.local/lib/python3.6/site-packages/airflow/example_dags/example_xcomargs.py
[2024-01-28 07:55:23,879] {processor.py:623} INFO - DAG(s) dict_keys(['example_xcom_args', 'example_xcom_args_with_operators']) retrieved from /home/airflow/.local/lib/python3.6/site-packages/airflow/example_dags/example_xcomargs.py
[2024-01-28 07:55:23,899] {logging_mixin.py:109} INFO - [2024-01-28 07:55:23,899] {dag.py:1834} INFO - Sync 2 DAGs
[2024-01-28 07:55:23,910] {logging_mixin.py:109} INFO - [2024-01-28 07:55:23,910] {dag.py:2287} INFO - Setting next_dagrun for example_xcom_args to None
[2024-01-28 07:55:23,911] {logging_mixin.py:109} INFO - [2024-01-28 07:55:23,911] {dag.py:2287} INFO - Setting next_dagrun for example_xcom_args_with_operators to None
[2024-01-28 07:55:23,921] {processor.py:170} INFO - Processing /home/airflow/.local/lib/python3.6/site-packages/airflow/example_dags/example_xcomargs.py took 0.059 seconds
