[2024-01-28 07:51:48,936] {processor.py:162} INFO - Started process (PID=312) to work on /home/airflow/.local/lib/python3.6/site-packages/airflow/example_dags/example_trigger_controller_dag.py
[2024-01-28 07:51:48,937] {processor.py:613} INFO - Processing file /home/airflow/.local/lib/python3.6/site-packages/airflow/example_dags/example_trigger_controller_dag.py for tasks to queue
[2024-01-28 07:51:48,937] {logging_mixin.py:109} INFO - [2024-01-28 07:51:48,937] {dagbag.py:496} INFO - Filling up the DagBag from /home/airflow/.local/lib/python3.6/site-packages/airflow/example_dags/example_trigger_controller_dag.py
[2024-01-28 07:51:48,947] {processor.py:623} INFO - DAG(s) dict_keys(['example_trigger_controller_dag']) retrieved from /home/airflow/.local/lib/python3.6/site-packages/airflow/example_dags/example_trigger_controller_dag.py
[2024-01-28 07:51:49,102] {logging_mixin.py:109} INFO - [2024-01-28 07:51:49,101] {dag.py:1834} INFO - Sync 1 DAGs
[2024-01-28 07:51:49,115] {logging_mixin.py:109} INFO - [2024-01-28 07:51:49,115] {dag.py:2287} INFO - Setting next_dagrun for example_trigger_controller_dag to 2024-01-26 00:00:00+00:00
[2024-01-28 07:51:49,129] {processor.py:170} INFO - Processing /home/airflow/.local/lib/python3.6/site-packages/airflow/example_dags/example_trigger_controller_dag.py took 0.195 seconds
[2024-01-28 07:52:19,216] {processor.py:162} INFO - Started process (PID=506) to work on /home/airflow/.local/lib/python3.6/site-packages/airflow/example_dags/example_trigger_controller_dag.py
[2024-01-28 07:52:19,217] {processor.py:613} INFO - Processing file /home/airflow/.local/lib/python3.6/site-packages/airflow/example_dags/example_trigger_controller_dag.py for tasks to queue
[2024-01-28 07:52:19,218] {logging_mixin.py:109} INFO - [2024-01-28 07:52:19,218] {dagbag.py:496} INFO - Filling up the DagBag from /home/airflow/.local/lib/python3.6/site-packages/airflow/example_dags/example_trigger_controller_dag.py
[2024-01-28 07:52:19,225] {processor.py:623} INFO - DAG(s) dict_keys(['example_trigger_controller_dag']) retrieved from /home/airflow/.local/lib/python3.6/site-packages/airflow/example_dags/example_trigger_controller_dag.py
[2024-01-28 07:52:19,241] {logging_mixin.py:109} INFO - [2024-01-28 07:52:19,241] {dag.py:1834} INFO - Sync 1 DAGs
[2024-01-28 07:52:19,251] {logging_mixin.py:109} INFO - [2024-01-28 07:52:19,251] {dag.py:2287} INFO - Setting next_dagrun for example_trigger_controller_dag to 2024-01-26 00:00:00+00:00
[2024-01-28 07:52:19,263] {processor.py:170} INFO - Processing /home/airflow/.local/lib/python3.6/site-packages/airflow/example_dags/example_trigger_controller_dag.py took 0.048 seconds
[2024-01-28 07:52:49,674] {processor.py:162} INFO - Started process (PID=713) to work on /home/airflow/.local/lib/python3.6/site-packages/airflow/example_dags/example_trigger_controller_dag.py
[2024-01-28 07:52:49,676] {processor.py:613} INFO - Processing file /home/airflow/.local/lib/python3.6/site-packages/airflow/example_dags/example_trigger_controller_dag.py for tasks to queue
[2024-01-28 07:52:49,676] {logging_mixin.py:109} INFO - [2024-01-28 07:52:49,676] {dagbag.py:496} INFO - Filling up the DagBag from /home/airflow/.local/lib/python3.6/site-packages/airflow/example_dags/example_trigger_controller_dag.py
[2024-01-28 07:52:49,683] {processor.py:623} INFO - DAG(s) dict_keys(['example_trigger_controller_dag']) retrieved from /home/airflow/.local/lib/python3.6/site-packages/airflow/example_dags/example_trigger_controller_dag.py
[2024-01-28 07:52:49,698] {logging_mixin.py:109} INFO - [2024-01-28 07:52:49,698] {dag.py:1834} INFO - Sync 1 DAGs
[2024-01-28 07:52:49,708] {logging_mixin.py:109} INFO - [2024-01-28 07:52:49,708] {dag.py:2287} INFO - Setting next_dagrun for example_trigger_controller_dag to 2024-01-26 00:00:00+00:00
[2024-01-28 07:52:49,718] {processor.py:170} INFO - Processing /home/airflow/.local/lib/python3.6/site-packages/airflow/example_dags/example_trigger_controller_dag.py took 0.045 seconds
[2024-01-28 07:53:20,251] {processor.py:162} INFO - Started process (PID=918) to work on /home/airflow/.local/lib/python3.6/site-packages/airflow/example_dags/example_trigger_controller_dag.py
[2024-01-28 07:53:20,252] {processor.py:613} INFO - Processing file /home/airflow/.local/lib/python3.6/site-packages/airflow/example_dags/example_trigger_controller_dag.py for tasks to queue
[2024-01-28 07:53:20,253] {logging_mixin.py:109} INFO - [2024-01-28 07:53:20,253] {dagbag.py:496} INFO - Filling up the DagBag from /home/airflow/.local/lib/python3.6/site-packages/airflow/example_dags/example_trigger_controller_dag.py
[2024-01-28 07:53:20,260] {processor.py:623} INFO - DAG(s) dict_keys(['example_trigger_controller_dag']) retrieved from /home/airflow/.local/lib/python3.6/site-packages/airflow/example_dags/example_trigger_controller_dag.py
[2024-01-28 07:53:20,276] {logging_mixin.py:109} INFO - [2024-01-28 07:53:20,276] {dag.py:1834} INFO - Sync 1 DAGs
[2024-01-28 07:53:20,287] {logging_mixin.py:109} INFO - [2024-01-28 07:53:20,286] {dag.py:2287} INFO - Setting next_dagrun for example_trigger_controller_dag to 2024-01-26 00:00:00+00:00
[2024-01-28 07:53:20,297] {processor.py:170} INFO - Processing /home/airflow/.local/lib/python3.6/site-packages/airflow/example_dags/example_trigger_controller_dag.py took 0.047 seconds
[2024-01-28 07:53:50,869] {processor.py:162} INFO - Started process (PID=1114) to work on /home/airflow/.local/lib/python3.6/site-packages/airflow/example_dags/example_trigger_controller_dag.py
[2024-01-28 07:53:50,870] {processor.py:613} INFO - Processing file /home/airflow/.local/lib/python3.6/site-packages/airflow/example_dags/example_trigger_controller_dag.py for tasks to queue
[2024-01-28 07:53:50,871] {logging_mixin.py:109} INFO - [2024-01-28 07:53:50,871] {dagbag.py:496} INFO - Filling up the DagBag from /home/airflow/.local/lib/python3.6/site-packages/airflow/example_dags/example_trigger_controller_dag.py
[2024-01-28 07:53:50,878] {processor.py:623} INFO - DAG(s) dict_keys(['example_trigger_controller_dag']) retrieved from /home/airflow/.local/lib/python3.6/site-packages/airflow/example_dags/example_trigger_controller_dag.py
[2024-01-28 07:53:50,894] {logging_mixin.py:109} INFO - [2024-01-28 07:53:50,894] {dag.py:1834} INFO - Sync 1 DAGs
[2024-01-28 07:53:50,904] {logging_mixin.py:109} INFO - [2024-01-28 07:53:50,904] {dag.py:2287} INFO - Setting next_dagrun for example_trigger_controller_dag to 2024-01-26 00:00:00+00:00
[2024-01-28 07:53:50,914] {processor.py:170} INFO - Processing /home/airflow/.local/lib/python3.6/site-packages/airflow/example_dags/example_trigger_controller_dag.py took 0.047 seconds
[2024-01-28 07:54:21,361] {processor.py:162} INFO - Started process (PID=1314) to work on /home/airflow/.local/lib/python3.6/site-packages/airflow/example_dags/example_trigger_controller_dag.py
[2024-01-28 07:54:21,362] {processor.py:613} INFO - Processing file /home/airflow/.local/lib/python3.6/site-packages/airflow/example_dags/example_trigger_controller_dag.py for tasks to queue
[2024-01-28 07:54:21,362] {logging_mixin.py:109} INFO - [2024-01-28 07:54:21,362] {dagbag.py:496} INFO - Filling up the DagBag from /home/airflow/.local/lib/python3.6/site-packages/airflow/example_dags/example_trigger_controller_dag.py
[2024-01-28 07:54:21,368] {processor.py:623} INFO - DAG(s) dict_keys(['example_trigger_controller_dag']) retrieved from /home/airflow/.local/lib/python3.6/site-packages/airflow/example_dags/example_trigger_controller_dag.py
[2024-01-28 07:54:21,384] {logging_mixin.py:109} INFO - [2024-01-28 07:54:21,384] {dag.py:1834} INFO - Sync 1 DAGs
[2024-01-28 07:54:21,393] {logging_mixin.py:109} INFO - [2024-01-28 07:54:21,393] {dag.py:2287} INFO - Setting next_dagrun for example_trigger_controller_dag to 2024-01-26 00:00:00+00:00
[2024-01-28 07:54:21,402] {processor.py:170} INFO - Processing /home/airflow/.local/lib/python3.6/site-packages/airflow/example_dags/example_trigger_controller_dag.py took 0.044 seconds
[2024-01-28 07:54:52,038] {processor.py:162} INFO - Started process (PID=1616) to work on /home/airflow/.local/lib/python3.6/site-packages/airflow/example_dags/example_trigger_controller_dag.py
[2024-01-28 07:54:52,040] {processor.py:613} INFO - Processing file /home/airflow/.local/lib/python3.6/site-packages/airflow/example_dags/example_trigger_controller_dag.py for tasks to queue
[2024-01-28 07:54:52,041] {logging_mixin.py:109} INFO - [2024-01-28 07:54:52,040] {dagbag.py:496} INFO - Filling up the DagBag from /home/airflow/.local/lib/python3.6/site-packages/airflow/example_dags/example_trigger_controller_dag.py
[2024-01-28 07:54:52,049] {processor.py:623} INFO - DAG(s) dict_keys(['example_trigger_controller_dag']) retrieved from /home/airflow/.local/lib/python3.6/site-packages/airflow/example_dags/example_trigger_controller_dag.py
[2024-01-28 07:54:52,069] {logging_mixin.py:109} INFO - [2024-01-28 07:54:52,069] {dag.py:1834} INFO - Sync 1 DAGs
[2024-01-28 07:54:52,082] {logging_mixin.py:109} INFO - [2024-01-28 07:54:52,082] {dag.py:2287} INFO - Setting next_dagrun for example_trigger_controller_dag to 2024-01-26 00:00:00+00:00
[2024-01-28 07:54:52,093] {processor.py:170} INFO - Processing /home/airflow/.local/lib/python3.6/site-packages/airflow/example_dags/example_trigger_controller_dag.py took 0.057 seconds
[2024-01-28 07:55:22,693] {processor.py:162} INFO - Started process (PID=2025) to work on /home/airflow/.local/lib/python3.6/site-packages/airflow/example_dags/example_trigger_controller_dag.py
[2024-01-28 07:55:22,694] {processor.py:613} INFO - Processing file /home/airflow/.local/lib/python3.6/site-packages/airflow/example_dags/example_trigger_controller_dag.py for tasks to queue
[2024-01-28 07:55:22,695] {logging_mixin.py:109} INFO - [2024-01-28 07:55:22,694] {dagbag.py:496} INFO - Filling up the DagBag from /home/airflow/.local/lib/python3.6/site-packages/airflow/example_dags/example_trigger_controller_dag.py
[2024-01-28 07:55:22,701] {processor.py:623} INFO - DAG(s) dict_keys(['example_trigger_controller_dag']) retrieved from /home/airflow/.local/lib/python3.6/site-packages/airflow/example_dags/example_trigger_controller_dag.py
[2024-01-28 07:55:22,717] {logging_mixin.py:109} INFO - [2024-01-28 07:55:22,717] {dag.py:1834} INFO - Sync 1 DAGs
[2024-01-28 07:55:22,727] {logging_mixin.py:109} INFO - [2024-01-28 07:55:22,727] {dag.py:2287} INFO - Setting next_dagrun for example_trigger_controller_dag to 2024-01-26 00:00:00+00:00
[2024-01-28 07:55:22,737] {processor.py:170} INFO - Processing /home/airflow/.local/lib/python3.6/site-packages/airflow/example_dags/example_trigger_controller_dag.py took 0.046 seconds
