[2024-01-28 07:51:48,727] {processor.py:162} INFO - Started process (PID=302) to work on /home/airflow/.local/lib/python3.6/site-packages/airflow/example_dags/example_task_group_decorator.py
[2024-01-28 07:51:48,728] {processor.py:613} INFO - Processing file /home/airflow/.local/lib/python3.6/site-packages/airflow/example_dags/example_task_group_decorator.py for tasks to queue
[2024-01-28 07:51:48,728] {logging_mixin.py:109} INFO - [2024-01-28 07:51:48,728] {dagbag.py:496} INFO - Filling up the DagBag from /home/airflow/.local/lib/python3.6/site-packages/airflow/example_dags/example_task_group_decorator.py
[2024-01-28 07:51:48,746] {processor.py:623} INFO - DAG(s) dict_keys(['example_task_group_decorator']) retrieved from /home/airflow/.local/lib/python3.6/site-packages/airflow/example_dags/example_task_group_decorator.py
[2024-01-28 07:51:48,896] {logging_mixin.py:109} INFO - [2024-01-28 07:51:48,895] {dag.py:1834} INFO - Sync 1 DAGs
[2024-01-28 07:51:48,905] {logging_mixin.py:109} INFO - [2024-01-28 07:51:48,905] {dag.py:2287} INFO - Setting next_dagrun for example_task_group_decorator to 2024-01-26 00:00:00+00:00
[2024-01-28 07:51:48,918] {processor.py:170} INFO - Processing /home/airflow/.local/lib/python3.6/site-packages/airflow/example_dags/example_task_group_decorator.py took 0.193 seconds
[2024-01-28 07:52:18,991] {processor.py:162} INFO - Started process (PID=497) to work on /home/airflow/.local/lib/python3.6/site-packages/airflow/example_dags/example_task_group_decorator.py
[2024-01-28 07:52:18,992] {processor.py:613} INFO - Processing file /home/airflow/.local/lib/python3.6/site-packages/airflow/example_dags/example_task_group_decorator.py for tasks to queue
[2024-01-28 07:52:18,993] {logging_mixin.py:109} INFO - [2024-01-28 07:52:18,993] {dagbag.py:496} INFO - Filling up the DagBag from /home/airflow/.local/lib/python3.6/site-packages/airflow/example_dags/example_task_group_decorator.py
[2024-01-28 07:52:19,020] {processor.py:623} INFO - DAG(s) dict_keys(['example_task_group_decorator']) retrieved from /home/airflow/.local/lib/python3.6/site-packages/airflow/example_dags/example_task_group_decorator.py
[2024-01-28 07:52:19,177] {logging_mixin.py:109} INFO - [2024-01-28 07:52:19,177] {dag.py:1834} INFO - Sync 1 DAGs
[2024-01-28 07:52:19,186] {logging_mixin.py:109} INFO - [2024-01-28 07:52:19,186] {dag.py:2287} INFO - Setting next_dagrun for example_task_group_decorator to 2024-01-26 00:00:00+00:00
[2024-01-28 07:52:19,198] {processor.py:170} INFO - Processing /home/airflow/.local/lib/python3.6/site-packages/airflow/example_dags/example_task_group_decorator.py took 0.209 seconds
[2024-01-28 07:52:49,575] {processor.py:162} INFO - Started process (PID=703) to work on /home/airflow/.local/lib/python3.6/site-packages/airflow/example_dags/example_task_group_decorator.py
[2024-01-28 07:52:49,576] {processor.py:613} INFO - Processing file /home/airflow/.local/lib/python3.6/site-packages/airflow/example_dags/example_task_group_decorator.py for tasks to queue
[2024-01-28 07:52:49,577] {logging_mixin.py:109} INFO - [2024-01-28 07:52:49,576] {dagbag.py:496} INFO - Filling up the DagBag from /home/airflow/.local/lib/python3.6/site-packages/airflow/example_dags/example_task_group_decorator.py
[2024-01-28 07:52:49,604] {processor.py:623} INFO - DAG(s) dict_keys(['example_task_group_decorator']) retrieved from /home/airflow/.local/lib/python3.6/site-packages/airflow/example_dags/example_task_group_decorator.py
[2024-01-28 07:52:49,757] {logging_mixin.py:109} INFO - [2024-01-28 07:52:49,756] {dag.py:1834} INFO - Sync 1 DAGs
[2024-01-28 07:52:49,766] {logging_mixin.py:109} INFO - [2024-01-28 07:52:49,766] {dag.py:2287} INFO - Setting next_dagrun for example_task_group_decorator to 2024-01-26 00:00:00+00:00
[2024-01-28 07:52:49,778] {processor.py:170} INFO - Processing /home/airflow/.local/lib/python3.6/site-packages/airflow/example_dags/example_task_group_decorator.py took 0.205 seconds
[2024-01-28 07:53:20,156] {processor.py:162} INFO - Started process (PID=908) to work on /home/airflow/.local/lib/python3.6/site-packages/airflow/example_dags/example_task_group_decorator.py
[2024-01-28 07:53:20,156] {processor.py:613} INFO - Processing file /home/airflow/.local/lib/python3.6/site-packages/airflow/example_dags/example_task_group_decorator.py for tasks to queue
[2024-01-28 07:53:20,157] {logging_mixin.py:109} INFO - [2024-01-28 07:53:20,157] {dagbag.py:496} INFO - Filling up the DagBag from /home/airflow/.local/lib/python3.6/site-packages/airflow/example_dags/example_task_group_decorator.py
[2024-01-28 07:53:20,176] {processor.py:623} INFO - DAG(s) dict_keys(['example_task_group_decorator']) retrieved from /home/airflow/.local/lib/python3.6/site-packages/airflow/example_dags/example_task_group_decorator.py
[2024-01-28 07:53:20,326] {logging_mixin.py:109} INFO - [2024-01-28 07:53:20,326] {dag.py:1834} INFO - Sync 1 DAGs
[2024-01-28 07:53:20,335] {logging_mixin.py:109} INFO - [2024-01-28 07:53:20,335] {dag.py:2287} INFO - Setting next_dagrun for example_task_group_decorator to 2024-01-26 00:00:00+00:00
[2024-01-28 07:53:20,347] {processor.py:170} INFO - Processing /home/airflow/.local/lib/python3.6/site-packages/airflow/example_dags/example_task_group_decorator.py took 0.193 seconds
[2024-01-28 07:53:50,815] {processor.py:162} INFO - Started process (PID=1109) to work on /home/airflow/.local/lib/python3.6/site-packages/airflow/example_dags/example_task_group_decorator.py
[2024-01-28 07:53:50,817] {processor.py:613} INFO - Processing file /home/airflow/.local/lib/python3.6/site-packages/airflow/example_dags/example_task_group_decorator.py for tasks to queue
[2024-01-28 07:53:50,818] {logging_mixin.py:109} INFO - [2024-01-28 07:53:50,817] {dagbag.py:496} INFO - Filling up the DagBag from /home/airflow/.local/lib/python3.6/site-packages/airflow/example_dags/example_task_group_decorator.py
[2024-01-28 07:53:50,839] {processor.py:623} INFO - DAG(s) dict_keys(['example_task_group_decorator']) retrieved from /home/airflow/.local/lib/python3.6/site-packages/airflow/example_dags/example_task_group_decorator.py
[2024-01-28 07:53:50,990] {logging_mixin.py:109} INFO - [2024-01-28 07:53:50,990] {dag.py:1834} INFO - Sync 1 DAGs
[2024-01-28 07:53:51,000] {logging_mixin.py:109} INFO - [2024-01-28 07:53:51,000] {dag.py:2287} INFO - Setting next_dagrun for example_task_group_decorator to 2024-01-26 00:00:00+00:00
[2024-01-28 07:53:51,012] {processor.py:170} INFO - Processing /home/airflow/.local/lib/python3.6/site-packages/airflow/example_dags/example_task_group_decorator.py took 0.199 seconds
[2024-01-28 07:54:21,419] {processor.py:162} INFO - Started process (PID=1324) to work on /home/airflow/.local/lib/python3.6/site-packages/airflow/example_dags/example_task_group_decorator.py
[2024-01-28 07:54:21,421] {processor.py:613} INFO - Processing file /home/airflow/.local/lib/python3.6/site-packages/airflow/example_dags/example_task_group_decorator.py for tasks to queue
[2024-01-28 07:54:21,421] {logging_mixin.py:109} INFO - [2024-01-28 07:54:21,421] {dagbag.py:496} INFO - Filling up the DagBag from /home/airflow/.local/lib/python3.6/site-packages/airflow/example_dags/example_task_group_decorator.py
[2024-01-28 07:54:21,438] {processor.py:623} INFO - DAG(s) dict_keys(['example_task_group_decorator']) retrieved from /home/airflow/.local/lib/python3.6/site-packages/airflow/example_dags/example_task_group_decorator.py
[2024-01-28 07:54:21,455] {logging_mixin.py:109} INFO - [2024-01-28 07:54:21,455] {dag.py:1834} INFO - Sync 1 DAGs
[2024-01-28 07:54:21,464] {logging_mixin.py:109} INFO - [2024-01-28 07:54:21,464] {dag.py:2287} INFO - Setting next_dagrun for example_task_group_decorator to 2024-01-26 00:00:00+00:00
[2024-01-28 07:54:21,475] {processor.py:170} INFO - Processing /home/airflow/.local/lib/python3.6/site-packages/airflow/example_dags/example_task_group_decorator.py took 0.058 seconds
[2024-01-28 07:54:51,893] {processor.py:162} INFO - Started process (PID=1606) to work on /home/airflow/.local/lib/python3.6/site-packages/airflow/example_dags/example_task_group_decorator.py
[2024-01-28 07:54:51,895] {processor.py:613} INFO - Processing file /home/airflow/.local/lib/python3.6/site-packages/airflow/example_dags/example_task_group_decorator.py for tasks to queue
[2024-01-28 07:54:51,895] {logging_mixin.py:109} INFO - [2024-01-28 07:54:51,895] {dagbag.py:496} INFO - Filling up the DagBag from /home/airflow/.local/lib/python3.6/site-packages/airflow/example_dags/example_task_group_decorator.py
[2024-01-28 07:54:51,917] {processor.py:623} INFO - DAG(s) dict_keys(['example_task_group_decorator']) retrieved from /home/airflow/.local/lib/python3.6/site-packages/airflow/example_dags/example_task_group_decorator.py
[2024-01-28 07:54:52,102] {logging_mixin.py:109} INFO - [2024-01-28 07:54:52,102] {dag.py:1834} INFO - Sync 1 DAGs
[2024-01-28 07:54:52,113] {logging_mixin.py:109} INFO - [2024-01-28 07:54:52,113] {dag.py:2287} INFO - Setting next_dagrun for example_task_group_decorator to 2024-01-26 00:00:00+00:00
[2024-01-28 07:54:52,126] {processor.py:170} INFO - Processing /home/airflow/.local/lib/python3.6/site-packages/airflow/example_dags/example_task_group_decorator.py took 0.236 seconds
[2024-01-28 07:55:22,565] {processor.py:162} INFO - Started process (PID=2015) to work on /home/airflow/.local/lib/python3.6/site-packages/airflow/example_dags/example_task_group_decorator.py
[2024-01-28 07:55:22,566] {processor.py:613} INFO - Processing file /home/airflow/.local/lib/python3.6/site-packages/airflow/example_dags/example_task_group_decorator.py for tasks to queue
[2024-01-28 07:55:22,567] {logging_mixin.py:109} INFO - [2024-01-28 07:55:22,567] {dagbag.py:496} INFO - Filling up the DagBag from /home/airflow/.local/lib/python3.6/site-packages/airflow/example_dags/example_task_group_decorator.py
[2024-01-28 07:55:22,585] {processor.py:623} INFO - DAG(s) dict_keys(['example_task_group_decorator']) retrieved from /home/airflow/.local/lib/python3.6/site-packages/airflow/example_dags/example_task_group_decorator.py
[2024-01-28 07:55:22,734] {logging_mixin.py:109} INFO - [2024-01-28 07:55:22,734] {dag.py:1834} INFO - Sync 1 DAGs
[2024-01-28 07:55:22,744] {logging_mixin.py:109} INFO - [2024-01-28 07:55:22,744] {dag.py:2287} INFO - Setting next_dagrun for example_task_group_decorator to 2024-01-26 00:00:00+00:00
[2024-01-28 07:55:22,756] {processor.py:170} INFO - Processing /home/airflow/.local/lib/python3.6/site-packages/airflow/example_dags/example_task_group_decorator.py took 0.193 seconds
