[2024-01-28 07:51:48,838] {processor.py:162} INFO - Started process (PID=307) to work on /home/airflow/.local/lib/python3.6/site-packages/airflow/example_dags/example_branch_python_dop_operator_3.py
[2024-01-28 07:51:48,838] {processor.py:613} INFO - Processing file /home/airflow/.local/lib/python3.6/site-packages/airflow/example_dags/example_branch_python_dop_operator_3.py for tasks to queue
[2024-01-28 07:51:48,839] {logging_mixin.py:109} INFO - [2024-01-28 07:51:48,839] {dagbag.py:496} INFO - Filling up the DagBag from /home/airflow/.local/lib/python3.6/site-packages/airflow/example_dags/example_branch_python_dop_operator_3.py
[2024-01-28 07:51:48,848] {processor.py:623} INFO - DAG(s) dict_keys(['example_branch_dop_operator_v3']) retrieved from /home/airflow/.local/lib/python3.6/site-packages/airflow/example_dags/example_branch_python_dop_operator_3.py
[2024-01-28 07:51:48,994] {logging_mixin.py:109} INFO - [2024-01-28 07:51:48,994] {dag.py:1834} INFO - Sync 1 DAGs
[2024-01-28 07:51:49,010] {logging_mixin.py:109} INFO - [2024-01-28 07:51:49,010] {dag.py:2287} INFO - Setting next_dagrun for example_branch_dop_operator_v3 to 2024-01-26 00:00:00+00:00
[2024-01-28 07:51:49,020] {processor.py:170} INFO - Processing /home/airflow/.local/lib/python3.6/site-packages/airflow/example_dags/example_branch_python_dop_operator_3.py took 0.185 seconds
[2024-01-28 07:52:19,215] {processor.py:162} INFO - Started process (PID=504) to work on /home/airflow/.local/lib/python3.6/site-packages/airflow/example_dags/example_branch_python_dop_operator_3.py
[2024-01-28 07:52:19,216] {processor.py:613} INFO - Processing file /home/airflow/.local/lib/python3.6/site-packages/airflow/example_dags/example_branch_python_dop_operator_3.py for tasks to queue
[2024-01-28 07:52:19,217] {logging_mixin.py:109} INFO - [2024-01-28 07:52:19,217] {dagbag.py:496} INFO - Filling up the DagBag from /home/airflow/.local/lib/python3.6/site-packages/airflow/example_dags/example_branch_python_dop_operator_3.py
[2024-01-28 07:52:19,226] {processor.py:623} INFO - DAG(s) dict_keys(['example_branch_dop_operator_v3']) retrieved from /home/airflow/.local/lib/python3.6/site-packages/airflow/example_dags/example_branch_python_dop_operator_3.py
[2024-01-28 07:52:19,241] {logging_mixin.py:109} INFO - [2024-01-28 07:52:19,241] {dag.py:1834} INFO - Sync 1 DAGs
[2024-01-28 07:52:19,257] {logging_mixin.py:109} INFO - [2024-01-28 07:52:19,257] {dag.py:2287} INFO - Setting next_dagrun for example_branch_dop_operator_v3 to 2024-01-26 00:00:00+00:00
[2024-01-28 07:52:19,267] {processor.py:170} INFO - Processing /home/airflow/.local/lib/python3.6/site-packages/airflow/example_dags/example_branch_python_dop_operator_3.py took 0.053 seconds
[2024-01-28 07:52:49,597] {processor.py:162} INFO - Started process (PID=708) to work on /home/airflow/.local/lib/python3.6/site-packages/airflow/example_dags/example_branch_python_dop_operator_3.py
[2024-01-28 07:52:49,599] {processor.py:613} INFO - Processing file /home/airflow/.local/lib/python3.6/site-packages/airflow/example_dags/example_branch_python_dop_operator_3.py for tasks to queue
[2024-01-28 07:52:49,600] {logging_mixin.py:109} INFO - [2024-01-28 07:52:49,600] {dagbag.py:496} INFO - Filling up the DagBag from /home/airflow/.local/lib/python3.6/site-packages/airflow/example_dags/example_branch_python_dop_operator_3.py
[2024-01-28 07:52:49,614] {processor.py:623} INFO - DAG(s) dict_keys(['example_branch_dop_operator_v3']) retrieved from /home/airflow/.local/lib/python3.6/site-packages/airflow/example_dags/example_branch_python_dop_operator_3.py
[2024-01-28 07:52:49,633] {logging_mixin.py:109} INFO - [2024-01-28 07:52:49,632] {dag.py:1834} INFO - Sync 1 DAGs
[2024-01-28 07:52:49,649] {logging_mixin.py:109} INFO - [2024-01-28 07:52:49,649] {dag.py:2287} INFO - Setting next_dagrun for example_branch_dop_operator_v3 to 2024-01-26 00:00:00+00:00
[2024-01-28 07:52:49,659] {processor.py:170} INFO - Processing /home/airflow/.local/lib/python3.6/site-packages/airflow/example_dags/example_branch_python_dop_operator_3.py took 0.065 seconds
[2024-01-28 07:53:20,183] {processor.py:162} INFO - Started process (PID=913) to work on /home/airflow/.local/lib/python3.6/site-packages/airflow/example_dags/example_branch_python_dop_operator_3.py
[2024-01-28 07:53:20,184] {processor.py:613} INFO - Processing file /home/airflow/.local/lib/python3.6/site-packages/airflow/example_dags/example_branch_python_dop_operator_3.py for tasks to queue
[2024-01-28 07:53:20,184] {logging_mixin.py:109} INFO - [2024-01-28 07:53:20,184] {dagbag.py:496} INFO - Filling up the DagBag from /home/airflow/.local/lib/python3.6/site-packages/airflow/example_dags/example_branch_python_dop_operator_3.py
[2024-01-28 07:53:20,193] {processor.py:623} INFO - DAG(s) dict_keys(['example_branch_dop_operator_v3']) retrieved from /home/airflow/.local/lib/python3.6/site-packages/airflow/example_dags/example_branch_python_dop_operator_3.py
[2024-01-28 07:53:20,210] {logging_mixin.py:109} INFO - [2024-01-28 07:53:20,210] {dag.py:1834} INFO - Sync 1 DAGs
[2024-01-28 07:53:20,226] {logging_mixin.py:109} INFO - [2024-01-28 07:53:20,226] {dag.py:2287} INFO - Setting next_dagrun for example_branch_dop_operator_v3 to 2024-01-26 00:00:00+00:00
[2024-01-28 07:53:20,235] {processor.py:170} INFO - Processing /home/airflow/.local/lib/python3.6/site-packages/airflow/example_dags/example_branch_python_dop_operator_3.py took 0.054 seconds
[2024-01-28 07:53:50,782] {processor.py:162} INFO - Started process (PID=1104) to work on /home/airflow/.local/lib/python3.6/site-packages/airflow/example_dags/example_branch_python_dop_operator_3.py
[2024-01-28 07:53:50,784] {processor.py:613} INFO - Processing file /home/airflow/.local/lib/python3.6/site-packages/airflow/example_dags/example_branch_python_dop_operator_3.py for tasks to queue
[2024-01-28 07:53:50,784] {logging_mixin.py:109} INFO - [2024-01-28 07:53:50,784] {dagbag.py:496} INFO - Filling up the DagBag from /home/airflow/.local/lib/python3.6/site-packages/airflow/example_dags/example_branch_python_dop_operator_3.py
[2024-01-28 07:53:50,796] {processor.py:623} INFO - DAG(s) dict_keys(['example_branch_dop_operator_v3']) retrieved from /home/airflow/.local/lib/python3.6/site-packages/airflow/example_dags/example_branch_python_dop_operator_3.py
[2024-01-28 07:53:50,816] {logging_mixin.py:109} INFO - [2024-01-28 07:53:50,816] {dag.py:1834} INFO - Sync 1 DAGs
[2024-01-28 07:53:50,838] {logging_mixin.py:109} INFO - [2024-01-28 07:53:50,838] {dag.py:2287} INFO - Setting next_dagrun for example_branch_dop_operator_v3 to 2024-01-26 00:00:00+00:00
[2024-01-28 07:53:50,852] {processor.py:170} INFO - Processing /home/airflow/.local/lib/python3.6/site-packages/airflow/example_dags/example_branch_python_dop_operator_3.py took 0.073 seconds
[2024-01-28 07:54:21,306] {processor.py:162} INFO - Started process (PID=1309) to work on /home/airflow/.local/lib/python3.6/site-packages/airflow/example_dags/example_branch_python_dop_operator_3.py
[2024-01-28 07:54:21,307] {processor.py:613} INFO - Processing file /home/airflow/.local/lib/python3.6/site-packages/airflow/example_dags/example_branch_python_dop_operator_3.py for tasks to queue
[2024-01-28 07:54:21,308] {logging_mixin.py:109} INFO - [2024-01-28 07:54:21,308] {dagbag.py:496} INFO - Filling up the DagBag from /home/airflow/.local/lib/python3.6/site-packages/airflow/example_dags/example_branch_python_dop_operator_3.py
[2024-01-28 07:54:21,318] {processor.py:623} INFO - DAG(s) dict_keys(['example_branch_dop_operator_v3']) retrieved from /home/airflow/.local/lib/python3.6/site-packages/airflow/example_dags/example_branch_python_dop_operator_3.py
[2024-01-28 07:54:21,335] {logging_mixin.py:109} INFO - [2024-01-28 07:54:21,334] {dag.py:1834} INFO - Sync 1 DAGs
[2024-01-28 07:54:21,350] {logging_mixin.py:109} INFO - [2024-01-28 07:54:21,350] {dag.py:2287} INFO - Setting next_dagrun for example_branch_dop_operator_v3 to 2024-01-26 00:00:00+00:00
[2024-01-28 07:54:21,360] {processor.py:170} INFO - Processing /home/airflow/.local/lib/python3.6/site-packages/airflow/example_dags/example_branch_python_dop_operator_3.py took 0.056 seconds
[2024-01-28 07:54:51,955] {processor.py:162} INFO - Started process (PID=1611) to work on /home/airflow/.local/lib/python3.6/site-packages/airflow/example_dags/example_branch_python_dop_operator_3.py
[2024-01-28 07:54:51,956] {processor.py:613} INFO - Processing file /home/airflow/.local/lib/python3.6/site-packages/airflow/example_dags/example_branch_python_dop_operator_3.py for tasks to queue
[2024-01-28 07:54:51,957] {logging_mixin.py:109} INFO - [2024-01-28 07:54:51,957] {dagbag.py:496} INFO - Filling up the DagBag from /home/airflow/.local/lib/python3.6/site-packages/airflow/example_dags/example_branch_python_dop_operator_3.py
[2024-01-28 07:54:51,968] {processor.py:623} INFO - DAG(s) dict_keys(['example_branch_dop_operator_v3']) retrieved from /home/airflow/.local/lib/python3.6/site-packages/airflow/example_dags/example_branch_python_dop_operator_3.py
[2024-01-28 07:54:51,988] {logging_mixin.py:109} INFO - [2024-01-28 07:54:51,988] {dag.py:1834} INFO - Sync 1 DAGs
[2024-01-28 07:54:52,008] {logging_mixin.py:109} INFO - [2024-01-28 07:54:52,008] {dag.py:2287} INFO - Setting next_dagrun for example_branch_dop_operator_v3 to 2024-01-26 00:00:00+00:00
[2024-01-28 07:54:52,021] {processor.py:170} INFO - Processing /home/airflow/.local/lib/python3.6/site-packages/airflow/example_dags/example_branch_python_dop_operator_3.py took 0.068 seconds
[2024-01-28 07:55:22,621] {processor.py:162} INFO - Started process (PID=2020) to work on /home/airflow/.local/lib/python3.6/site-packages/airflow/example_dags/example_branch_python_dop_operator_3.py
[2024-01-28 07:55:22,623] {processor.py:613} INFO - Processing file /home/airflow/.local/lib/python3.6/site-packages/airflow/example_dags/example_branch_python_dop_operator_3.py for tasks to queue
[2024-01-28 07:55:22,623] {logging_mixin.py:109} INFO - [2024-01-28 07:55:22,623] {dagbag.py:496} INFO - Filling up the DagBag from /home/airflow/.local/lib/python3.6/site-packages/airflow/example_dags/example_branch_python_dop_operator_3.py
[2024-01-28 07:55:22,632] {processor.py:623} INFO - DAG(s) dict_keys(['example_branch_dop_operator_v3']) retrieved from /home/airflow/.local/lib/python3.6/site-packages/airflow/example_dags/example_branch_python_dop_operator_3.py
[2024-01-28 07:55:22,650] {logging_mixin.py:109} INFO - [2024-01-28 07:55:22,650] {dag.py:1834} INFO - Sync 1 DAGs
[2024-01-28 07:55:22,667] {logging_mixin.py:109} INFO - [2024-01-28 07:55:22,667] {dag.py:2287} INFO - Setting next_dagrun for example_branch_dop_operator_v3 to 2024-01-26 00:00:00+00:00
[2024-01-28 07:55:22,677] {processor.py:170} INFO - Processing /home/airflow/.local/lib/python3.6/site-packages/airflow/example_dags/example_branch_python_dop_operator_3.py took 0.057 seconds
