[2024-01-28 07:51:48,072] {processor.py:162} INFO - Started process (PID=272) to work on /home/airflow/.local/lib/python3.6/site-packages/airflow/example_dags/example_python_operator.py
[2024-01-28 07:51:48,073] {processor.py:613} INFO - Processing file /home/airflow/.local/lib/python3.6/site-packages/airflow/example_dags/example_python_operator.py for tasks to queue
[2024-01-28 07:51:48,074] {logging_mixin.py:109} INFO - [2024-01-28 07:51:48,074] {dagbag.py:496} INFO - Filling up the DagBag from /home/airflow/.local/lib/python3.6/site-packages/airflow/example_dags/example_python_operator.py
[2024-01-28 07:51:48,083] {processor.py:623} INFO - DAG(s) dict_keys(['example_python_operator']) retrieved from /home/airflow/.local/lib/python3.6/site-packages/airflow/example_dags/example_python_operator.py
[2024-01-28 07:51:48,272] {logging_mixin.py:109} INFO - [2024-01-28 07:51:48,272] {dag.py:1834} INFO - Sync 1 DAGs
[2024-01-28 07:51:48,282] {logging_mixin.py:109} INFO - [2024-01-28 07:51:48,282] {dag.py:2287} INFO - Setting next_dagrun for example_python_operator to None
[2024-01-28 07:51:48,293] {processor.py:170} INFO - Processing /home/airflow/.local/lib/python3.6/site-packages/airflow/example_dags/example_python_operator.py took 0.223 seconds
[2024-01-28 07:52:18,599] {processor.py:162} INFO - Started process (PID=467) to work on /home/airflow/.local/lib/python3.6/site-packages/airflow/example_dags/example_python_operator.py
[2024-01-28 07:52:18,601] {processor.py:613} INFO - Processing file /home/airflow/.local/lib/python3.6/site-packages/airflow/example_dags/example_python_operator.py for tasks to queue
[2024-01-28 07:52:18,602] {logging_mixin.py:109} INFO - [2024-01-28 07:52:18,602] {dagbag.py:496} INFO - Filling up the DagBag from /home/airflow/.local/lib/python3.6/site-packages/airflow/example_dags/example_python_operator.py
[2024-01-28 07:52:18,621] {processor.py:623} INFO - DAG(s) dict_keys(['example_python_operator']) retrieved from /home/airflow/.local/lib/python3.6/site-packages/airflow/example_dags/example_python_operator.py
[2024-01-28 07:52:18,652] {logging_mixin.py:109} INFO - [2024-01-28 07:52:18,652] {dag.py:1834} INFO - Sync 1 DAGs
[2024-01-28 07:52:18,668] {logging_mixin.py:109} INFO - [2024-01-28 07:52:18,667] {dag.py:2287} INFO - Setting next_dagrun for example_python_operator to None
[2024-01-28 07:52:18,682] {processor.py:170} INFO - Processing /home/airflow/.local/lib/python3.6/site-packages/airflow/example_dags/example_python_operator.py took 0.085 seconds
[2024-01-28 07:52:49,306] {processor.py:162} INFO - Started process (PID=673) to work on /home/airflow/.local/lib/python3.6/site-packages/airflow/example_dags/example_python_operator.py
[2024-01-28 07:52:49,308] {processor.py:613} INFO - Processing file /home/airflow/.local/lib/python3.6/site-packages/airflow/example_dags/example_python_operator.py for tasks to queue
[2024-01-28 07:52:49,308] {logging_mixin.py:109} INFO - [2024-01-28 07:52:49,308] {dagbag.py:496} INFO - Filling up the DagBag from /home/airflow/.local/lib/python3.6/site-packages/airflow/example_dags/example_python_operator.py
[2024-01-28 07:52:49,317] {processor.py:623} INFO - DAG(s) dict_keys(['example_python_operator']) retrieved from /home/airflow/.local/lib/python3.6/site-packages/airflow/example_dags/example_python_operator.py
[2024-01-28 07:52:49,332] {logging_mixin.py:109} INFO - [2024-01-28 07:52:49,332] {dag.py:1834} INFO - Sync 1 DAGs
[2024-01-28 07:52:49,343] {logging_mixin.py:109} INFO - [2024-01-28 07:52:49,343] {dag.py:2287} INFO - Setting next_dagrun for example_python_operator to None
[2024-01-28 07:52:49,353] {processor.py:170} INFO - Processing /home/airflow/.local/lib/python3.6/site-packages/airflow/example_dags/example_python_operator.py took 0.049 seconds
[2024-01-28 07:53:19,891] {processor.py:162} INFO - Started process (PID=878) to work on /home/airflow/.local/lib/python3.6/site-packages/airflow/example_dags/example_python_operator.py
[2024-01-28 07:53:19,892] {processor.py:613} INFO - Processing file /home/airflow/.local/lib/python3.6/site-packages/airflow/example_dags/example_python_operator.py for tasks to queue
[2024-01-28 07:53:19,892] {logging_mixin.py:109} INFO - [2024-01-28 07:53:19,892] {dagbag.py:496} INFO - Filling up the DagBag from /home/airflow/.local/lib/python3.6/site-packages/airflow/example_dags/example_python_operator.py
[2024-01-28 07:53:19,901] {processor.py:623} INFO - DAG(s) dict_keys(['example_python_operator']) retrieved from /home/airflow/.local/lib/python3.6/site-packages/airflow/example_dags/example_python_operator.py
[2024-01-28 07:53:19,918] {logging_mixin.py:109} INFO - [2024-01-28 07:53:19,918] {dag.py:1834} INFO - Sync 1 DAGs
[2024-01-28 07:53:19,928] {logging_mixin.py:109} INFO - [2024-01-28 07:53:19,928] {dag.py:2287} INFO - Setting next_dagrun for example_python_operator to None
[2024-01-28 07:53:19,938] {processor.py:170} INFO - Processing /home/airflow/.local/lib/python3.6/site-packages/airflow/example_dags/example_python_operator.py took 0.049 seconds
[2024-01-28 07:53:50,473] {processor.py:162} INFO - Started process (PID=1074) to work on /home/airflow/.local/lib/python3.6/site-packages/airflow/example_dags/example_python_operator.py
[2024-01-28 07:53:50,474] {processor.py:613} INFO - Processing file /home/airflow/.local/lib/python3.6/site-packages/airflow/example_dags/example_python_operator.py for tasks to queue
[2024-01-28 07:53:50,475] {logging_mixin.py:109} INFO - [2024-01-28 07:53:50,475] {dagbag.py:496} INFO - Filling up the DagBag from /home/airflow/.local/lib/python3.6/site-packages/airflow/example_dags/example_python_operator.py
[2024-01-28 07:53:50,485] {processor.py:623} INFO - DAG(s) dict_keys(['example_python_operator']) retrieved from /home/airflow/.local/lib/python3.6/site-packages/airflow/example_dags/example_python_operator.py
[2024-01-28 07:53:50,505] {logging_mixin.py:109} INFO - [2024-01-28 07:53:50,505] {dag.py:1834} INFO - Sync 1 DAGs
[2024-01-28 07:53:50,518] {logging_mixin.py:109} INFO - [2024-01-28 07:53:50,518] {dag.py:2287} INFO - Setting next_dagrun for example_python_operator to None
[2024-01-28 07:53:50,529] {processor.py:170} INFO - Processing /home/airflow/.local/lib/python3.6/site-packages/airflow/example_dags/example_python_operator.py took 0.058 seconds
[2024-01-28 07:54:21,114] {processor.py:162} INFO - Started process (PID=1279) to work on /home/airflow/.local/lib/python3.6/site-packages/airflow/example_dags/example_python_operator.py
[2024-01-28 07:54:21,115] {processor.py:613} INFO - Processing file /home/airflow/.local/lib/python3.6/site-packages/airflow/example_dags/example_python_operator.py for tasks to queue
[2024-01-28 07:54:21,115] {logging_mixin.py:109} INFO - [2024-01-28 07:54:21,115] {dagbag.py:496} INFO - Filling up the DagBag from /home/airflow/.local/lib/python3.6/site-packages/airflow/example_dags/example_python_operator.py
[2024-01-28 07:54:21,123] {processor.py:623} INFO - DAG(s) dict_keys(['example_python_operator']) retrieved from /home/airflow/.local/lib/python3.6/site-packages/airflow/example_dags/example_python_operator.py
[2024-01-28 07:54:21,140] {logging_mixin.py:109} INFO - [2024-01-28 07:54:21,140] {dag.py:1834} INFO - Sync 1 DAGs
[2024-01-28 07:54:21,150] {logging_mixin.py:109} INFO - [2024-01-28 07:54:21,149] {dag.py:2287} INFO - Setting next_dagrun for example_python_operator to None
[2024-01-28 07:54:21,159] {processor.py:170} INFO - Processing /home/airflow/.local/lib/python3.6/site-packages/airflow/example_dags/example_python_operator.py took 0.047 seconds
[2024-01-28 07:54:51,606] {processor.py:162} INFO - Started process (PID=1576) to work on /home/airflow/.local/lib/python3.6/site-packages/airflow/example_dags/example_python_operator.py
[2024-01-28 07:54:51,607] {processor.py:613} INFO - Processing file /home/airflow/.local/lib/python3.6/site-packages/airflow/example_dags/example_python_operator.py for tasks to queue
[2024-01-28 07:54:51,607] {logging_mixin.py:109} INFO - [2024-01-28 07:54:51,607] {dagbag.py:496} INFO - Filling up the DagBag from /home/airflow/.local/lib/python3.6/site-packages/airflow/example_dags/example_python_operator.py
[2024-01-28 07:54:51,617] {processor.py:623} INFO - DAG(s) dict_keys(['example_python_operator']) retrieved from /home/airflow/.local/lib/python3.6/site-packages/airflow/example_dags/example_python_operator.py
[2024-01-28 07:54:51,634] {logging_mixin.py:109} INFO - [2024-01-28 07:54:51,633] {dag.py:1834} INFO - Sync 1 DAGs
[2024-01-28 07:54:51,644] {logging_mixin.py:109} INFO - [2024-01-28 07:54:51,644] {dag.py:2287} INFO - Setting next_dagrun for example_python_operator to None
[2024-01-28 07:54:51,655] {processor.py:170} INFO - Processing /home/airflow/.local/lib/python3.6/site-packages/airflow/example_dags/example_python_operator.py took 0.051 seconds
[2024-01-28 07:55:22,295] {processor.py:162} INFO - Started process (PID=1985) to work on /home/airflow/.local/lib/python3.6/site-packages/airflow/example_dags/example_python_operator.py
[2024-01-28 07:55:22,296] {processor.py:613} INFO - Processing file /home/airflow/.local/lib/python3.6/site-packages/airflow/example_dags/example_python_operator.py for tasks to queue
[2024-01-28 07:55:22,297] {logging_mixin.py:109} INFO - [2024-01-28 07:55:22,297] {dagbag.py:496} INFO - Filling up the DagBag from /home/airflow/.local/lib/python3.6/site-packages/airflow/example_dags/example_python_operator.py
[2024-01-28 07:55:22,306] {processor.py:623} INFO - DAG(s) dict_keys(['example_python_operator']) retrieved from /home/airflow/.local/lib/python3.6/site-packages/airflow/example_dags/example_python_operator.py
[2024-01-28 07:55:22,322] {logging_mixin.py:109} INFO - [2024-01-28 07:55:22,322] {dag.py:1834} INFO - Sync 1 DAGs
[2024-01-28 07:55:22,333] {logging_mixin.py:109} INFO - [2024-01-28 07:55:22,333] {dag.py:2287} INFO - Setting next_dagrun for example_python_operator to None
[2024-01-28 07:55:22,343] {processor.py:170} INFO - Processing /home/airflow/.local/lib/python3.6/site-packages/airflow/example_dags/example_python_operator.py took 0.049 seconds
