[2024-01-28 07:51:47,097] {processor.py:162} INFO - Started process (PID=232) to work on /home/airflow/.local/lib/python3.6/site-packages/airflow/example_dags/example_kubernetes_executor_config.py
[2024-01-28 07:51:47,098] {processor.py:613} INFO - Processing file /home/airflow/.local/lib/python3.6/site-packages/airflow/example_dags/example_kubernetes_executor_config.py for tasks to queue
[2024-01-28 07:51:47,099] {logging_mixin.py:109} INFO - [2024-01-28 07:51:47,099] {dagbag.py:496} INFO - Filling up the DagBag from /home/airflow/.local/lib/python3.6/site-packages/airflow/example_dags/example_kubernetes_executor_config.py
[2024-01-28 07:51:47,111] {processor.py:623} INFO - DAG(s) dict_keys(['example_kubernetes_executor_config']) retrieved from /home/airflow/.local/lib/python3.6/site-packages/airflow/example_dags/example_kubernetes_executor_config.py
[2024-01-28 07:51:47,335] {logging_mixin.py:109} INFO - [2024-01-28 07:51:47,334] {dag.py:1834} INFO - Sync 1 DAGs
[2024-01-28 07:51:47,353] {logging_mixin.py:109} INFO - [2024-01-28 07:51:47,353] {dag.py:2287} INFO - Setting next_dagrun for example_kubernetes_executor_config to None
[2024-01-28 07:51:47,373] {processor.py:170} INFO - Processing /home/airflow/.local/lib/python3.6/site-packages/airflow/example_dags/example_kubernetes_executor_config.py took 0.279 seconds
[2024-01-28 07:52:18,169] {processor.py:162} INFO - Started process (PID=427) to work on /home/airflow/.local/lib/python3.6/site-packages/airflow/example_dags/example_kubernetes_executor_config.py
[2024-01-28 07:52:18,170] {processor.py:613} INFO - Processing file /home/airflow/.local/lib/python3.6/site-packages/airflow/example_dags/example_kubernetes_executor_config.py for tasks to queue
[2024-01-28 07:52:18,171] {logging_mixin.py:109} INFO - [2024-01-28 07:52:18,171] {dagbag.py:496} INFO - Filling up the DagBag from /home/airflow/.local/lib/python3.6/site-packages/airflow/example_dags/example_kubernetes_executor_config.py
[2024-01-28 07:52:18,181] {processor.py:623} INFO - DAG(s) dict_keys(['example_kubernetes_executor_config']) retrieved from /home/airflow/.local/lib/python3.6/site-packages/airflow/example_dags/example_kubernetes_executor_config.py
[2024-01-28 07:52:18,198] {logging_mixin.py:109} INFO - [2024-01-28 07:52:18,198] {dag.py:1834} INFO - Sync 1 DAGs
[2024-01-28 07:52:18,208] {logging_mixin.py:109} INFO - [2024-01-28 07:52:18,208] {dag.py:2287} INFO - Setting next_dagrun for example_kubernetes_executor_config to None
[2024-01-28 07:52:18,219] {processor.py:170} INFO - Processing /home/airflow/.local/lib/python3.6/site-packages/airflow/example_dags/example_kubernetes_executor_config.py took 0.053 seconds
[2024-01-28 07:52:48,898] {processor.py:162} INFO - Started process (PID=633) to work on /home/airflow/.local/lib/python3.6/site-packages/airflow/example_dags/example_kubernetes_executor_config.py
[2024-01-28 07:52:48,899] {processor.py:613} INFO - Processing file /home/airflow/.local/lib/python3.6/site-packages/airflow/example_dags/example_kubernetes_executor_config.py for tasks to queue
[2024-01-28 07:52:48,900] {logging_mixin.py:109} INFO - [2024-01-28 07:52:48,900] {dagbag.py:496} INFO - Filling up the DagBag from /home/airflow/.local/lib/python3.6/site-packages/airflow/example_dags/example_kubernetes_executor_config.py
[2024-01-28 07:52:48,909] {processor.py:623} INFO - DAG(s) dict_keys(['example_kubernetes_executor_config']) retrieved from /home/airflow/.local/lib/python3.6/site-packages/airflow/example_dags/example_kubernetes_executor_config.py
[2024-01-28 07:52:48,925] {logging_mixin.py:109} INFO - [2024-01-28 07:52:48,925] {dag.py:1834} INFO - Sync 1 DAGs
[2024-01-28 07:52:48,935] {logging_mixin.py:109} INFO - [2024-01-28 07:52:48,935] {dag.py:2287} INFO - Setting next_dagrun for example_kubernetes_executor_config to None
[2024-01-28 07:52:48,944] {processor.py:170} INFO - Processing /home/airflow/.local/lib/python3.6/site-packages/airflow/example_dags/example_kubernetes_executor_config.py took 0.048 seconds
[2024-01-28 07:53:19,503] {processor.py:162} INFO - Started process (PID=828) to work on /home/airflow/.local/lib/python3.6/site-packages/airflow/example_dags/example_kubernetes_executor_config.py
[2024-01-28 07:53:19,504] {processor.py:613} INFO - Processing file /home/airflow/.local/lib/python3.6/site-packages/airflow/example_dags/example_kubernetes_executor_config.py for tasks to queue
[2024-01-28 07:53:19,504] {logging_mixin.py:109} INFO - [2024-01-28 07:53:19,504] {dagbag.py:496} INFO - Filling up the DagBag from /home/airflow/.local/lib/python3.6/site-packages/airflow/example_dags/example_kubernetes_executor_config.py
[2024-01-28 07:53:19,514] {processor.py:623} INFO - DAG(s) dict_keys(['example_kubernetes_executor_config']) retrieved from /home/airflow/.local/lib/python3.6/site-packages/airflow/example_dags/example_kubernetes_executor_config.py
[2024-01-28 07:53:19,532] {logging_mixin.py:109} INFO - [2024-01-28 07:53:19,532] {dag.py:1834} INFO - Sync 1 DAGs
[2024-01-28 07:53:19,543] {logging_mixin.py:109} INFO - [2024-01-28 07:53:19,543] {dag.py:2287} INFO - Setting next_dagrun for example_kubernetes_executor_config to None
[2024-01-28 07:53:19,558] {processor.py:170} INFO - Processing /home/airflow/.local/lib/python3.6/site-packages/airflow/example_dags/example_kubernetes_executor_config.py took 0.058 seconds
[2024-01-28 07:53:50,137] {processor.py:162} INFO - Started process (PID=1034) to work on /home/airflow/.local/lib/python3.6/site-packages/airflow/example_dags/example_kubernetes_executor_config.py
[2024-01-28 07:53:50,138] {processor.py:613} INFO - Processing file /home/airflow/.local/lib/python3.6/site-packages/airflow/example_dags/example_kubernetes_executor_config.py for tasks to queue
[2024-01-28 07:53:50,138] {logging_mixin.py:109} INFO - [2024-01-28 07:53:50,138] {dagbag.py:496} INFO - Filling up the DagBag from /home/airflow/.local/lib/python3.6/site-packages/airflow/example_dags/example_kubernetes_executor_config.py
[2024-01-28 07:53:50,148] {processor.py:623} INFO - DAG(s) dict_keys(['example_kubernetes_executor_config']) retrieved from /home/airflow/.local/lib/python3.6/site-packages/airflow/example_dags/example_kubernetes_executor_config.py
[2024-01-28 07:53:50,165] {logging_mixin.py:109} INFO - [2024-01-28 07:53:50,165] {dag.py:1834} INFO - Sync 1 DAGs
[2024-01-28 07:53:50,175] {logging_mixin.py:109} INFO - [2024-01-28 07:53:50,174] {dag.py:2287} INFO - Setting next_dagrun for example_kubernetes_executor_config to None
[2024-01-28 07:53:50,184] {processor.py:170} INFO - Processing /home/airflow/.local/lib/python3.6/site-packages/airflow/example_dags/example_kubernetes_executor_config.py took 0.049 seconds
[2024-01-28 07:54:20,815] {processor.py:162} INFO - Started process (PID=1239) to work on /home/airflow/.local/lib/python3.6/site-packages/airflow/example_dags/example_kubernetes_executor_config.py
[2024-01-28 07:54:20,816] {processor.py:613} INFO - Processing file /home/airflow/.local/lib/python3.6/site-packages/airflow/example_dags/example_kubernetes_executor_config.py for tasks to queue
[2024-01-28 07:54:20,817] {logging_mixin.py:109} INFO - [2024-01-28 07:54:20,817] {dagbag.py:496} INFO - Filling up the DagBag from /home/airflow/.local/lib/python3.6/site-packages/airflow/example_dags/example_kubernetes_executor_config.py
[2024-01-28 07:54:20,826] {processor.py:623} INFO - DAG(s) dict_keys(['example_kubernetes_executor_config']) retrieved from /home/airflow/.local/lib/python3.6/site-packages/airflow/example_dags/example_kubernetes_executor_config.py
[2024-01-28 07:54:20,848] {logging_mixin.py:109} INFO - [2024-01-28 07:54:20,848] {dag.py:1834} INFO - Sync 1 DAGs
[2024-01-28 07:54:20,859] {logging_mixin.py:109} INFO - [2024-01-28 07:54:20,859] {dag.py:2287} INFO - Setting next_dagrun for example_kubernetes_executor_config to None
[2024-01-28 07:54:20,871] {processor.py:170} INFO - Processing /home/airflow/.local/lib/python3.6/site-packages/airflow/example_dags/example_kubernetes_executor_config.py took 0.057 seconds
[2024-01-28 07:54:51,050] {processor.py:162} INFO - Started process (PID=1536) to work on /home/airflow/.local/lib/python3.6/site-packages/airflow/example_dags/example_kubernetes_executor_config.py
[2024-01-28 07:54:51,059] {processor.py:613} INFO - Processing file /home/airflow/.local/lib/python3.6/site-packages/airflow/example_dags/example_kubernetes_executor_config.py for tasks to queue
[2024-01-28 07:54:51,060] {logging_mixin.py:109} INFO - [2024-01-28 07:54:51,059] {dagbag.py:496} INFO - Filling up the DagBag from /home/airflow/.local/lib/python3.6/site-packages/airflow/example_dags/example_kubernetes_executor_config.py
[2024-01-28 07:54:51,072] {processor.py:623} INFO - DAG(s) dict_keys(['example_kubernetes_executor_config']) retrieved from /home/airflow/.local/lib/python3.6/site-packages/airflow/example_dags/example_kubernetes_executor_config.py
[2024-01-28 07:54:51,101] {logging_mixin.py:109} INFO - [2024-01-28 07:54:51,101] {dag.py:1834} INFO - Sync 1 DAGs
[2024-01-28 07:54:51,114] {logging_mixin.py:109} INFO - [2024-01-28 07:54:51,114] {dag.py:2287} INFO - Setting next_dagrun for example_kubernetes_executor_config to None
[2024-01-28 07:54:51,124] {processor.py:170} INFO - Processing /home/airflow/.local/lib/python3.6/site-packages/airflow/example_dags/example_kubernetes_executor_config.py took 0.076 seconds
[2024-01-28 07:55:21,952] {processor.py:162} INFO - Started process (PID=1945) to work on /home/airflow/.local/lib/python3.6/site-packages/airflow/example_dags/example_kubernetes_executor_config.py
[2024-01-28 07:55:21,953] {processor.py:613} INFO - Processing file /home/airflow/.local/lib/python3.6/site-packages/airflow/example_dags/example_kubernetes_executor_config.py for tasks to queue
[2024-01-28 07:55:21,953] {logging_mixin.py:109} INFO - [2024-01-28 07:55:21,953] {dagbag.py:496} INFO - Filling up the DagBag from /home/airflow/.local/lib/python3.6/site-packages/airflow/example_dags/example_kubernetes_executor_config.py
[2024-01-28 07:55:21,964] {processor.py:623} INFO - DAG(s) dict_keys(['example_kubernetes_executor_config']) retrieved from /home/airflow/.local/lib/python3.6/site-packages/airflow/example_dags/example_kubernetes_executor_config.py
[2024-01-28 07:55:21,981] {logging_mixin.py:109} INFO - [2024-01-28 07:55:21,981] {dag.py:1834} INFO - Sync 1 DAGs
[2024-01-28 07:55:21,991] {logging_mixin.py:109} INFO - [2024-01-28 07:55:21,991] {dag.py:2287} INFO - Setting next_dagrun for example_kubernetes_executor_config to None
[2024-01-28 07:55:22,002] {processor.py:170} INFO - Processing /home/airflow/.local/lib/python3.6/site-packages/airflow/example_dags/example_kubernetes_executor_config.py took 0.052 seconds
