[2024-01-28 07:51:45,970] {processor.py:162} INFO - Started process (PID=201) to work on /home/airflow/.local/lib/python3.6/site-packages/airflow/example_dags/example_xcom.py
[2024-01-28 07:51:45,970] {processor.py:613} INFO - Processing file /home/airflow/.local/lib/python3.6/site-packages/airflow/example_dags/example_xcom.py for tasks to queue
[2024-01-28 07:51:45,971] {logging_mixin.py:109} INFO - [2024-01-28 07:51:45,971] {dagbag.py:496} INFO - Filling up the DagBag from /home/airflow/.local/lib/python3.6/site-packages/airflow/example_dags/example_xcom.py
[2024-01-28 07:51:45,980] {processor.py:623} INFO - DAG(s) dict_keys(['example_xcom']) retrieved from /home/airflow/.local/lib/python3.6/site-packages/airflow/example_dags/example_xcom.py
[2024-01-28 07:51:46,226] {logging_mixin.py:109} INFO - [2024-01-28 07:51:46,226] {dag.py:1834} INFO - Sync 1 DAGs
[2024-01-28 07:51:46,242] {logging_mixin.py:109} INFO - [2024-01-28 07:51:46,242] {dag.py:2287} INFO - Setting next_dagrun for example_xcom to 2024-01-26 00:00:00+00:00
[2024-01-28 07:51:46,257] {processor.py:170} INFO - Processing /home/airflow/.local/lib/python3.6/site-packages/airflow/example_dags/example_xcom.py took 0.289 seconds
[2024-01-28 07:52:16,669] {processor.py:162} INFO - Started process (PID=377) to work on /home/airflow/.local/lib/python3.6/site-packages/airflow/example_dags/example_xcom.py
[2024-01-28 07:52:16,671] {processor.py:613} INFO - Processing file /home/airflow/.local/lib/python3.6/site-packages/airflow/example_dags/example_xcom.py for tasks to queue
[2024-01-28 07:52:16,672] {logging_mixin.py:109} INFO - [2024-01-28 07:52:16,671] {dagbag.py:496} INFO - Filling up the DagBag from /home/airflow/.local/lib/python3.6/site-packages/airflow/example_dags/example_xcom.py
[2024-01-28 07:52:16,683] {processor.py:623} INFO - DAG(s) dict_keys(['example_xcom']) retrieved from /home/airflow/.local/lib/python3.6/site-packages/airflow/example_dags/example_xcom.py
[2024-01-28 07:52:16,706] {logging_mixin.py:109} INFO - [2024-01-28 07:52:16,706] {dag.py:1834} INFO - Sync 1 DAGs
[2024-01-28 07:52:16,721] {logging_mixin.py:109} INFO - [2024-01-28 07:52:16,720] {dag.py:2287} INFO - Setting next_dagrun for example_xcom to 2024-01-26 00:00:00+00:00
[2024-01-28 07:52:16,733] {processor.py:170} INFO - Processing /home/airflow/.local/lib/python3.6/site-packages/airflow/example_dags/example_xcom.py took 0.066 seconds
[2024-01-28 07:52:47,594] {processor.py:162} INFO - Started process (PID=585) to work on /home/airflow/.local/lib/python3.6/site-packages/airflow/example_dags/example_xcom.py
[2024-01-28 07:52:47,596] {processor.py:613} INFO - Processing file /home/airflow/.local/lib/python3.6/site-packages/airflow/example_dags/example_xcom.py for tasks to queue
[2024-01-28 07:52:47,596] {logging_mixin.py:109} INFO - [2024-01-28 07:52:47,596] {dagbag.py:496} INFO - Filling up the DagBag from /home/airflow/.local/lib/python3.6/site-packages/airflow/example_dags/example_xcom.py
[2024-01-28 07:52:47,605] {processor.py:623} INFO - DAG(s) dict_keys(['example_xcom']) retrieved from /home/airflow/.local/lib/python3.6/site-packages/airflow/example_dags/example_xcom.py
[2024-01-28 07:52:47,622] {logging_mixin.py:109} INFO - [2024-01-28 07:52:47,622] {dag.py:1834} INFO - Sync 1 DAGs
[2024-01-28 07:52:47,633] {logging_mixin.py:109} INFO - [2024-01-28 07:52:47,632] {dag.py:2287} INFO - Setting next_dagrun for example_xcom to 2024-01-26 00:00:00+00:00
[2024-01-28 07:52:47,643] {processor.py:170} INFO - Processing /home/airflow/.local/lib/python3.6/site-packages/airflow/example_dags/example_xcom.py took 0.051 seconds
[2024-01-28 07:53:18,079] {processor.py:162} INFO - Started process (PID=778) to work on /home/airflow/.local/lib/python3.6/site-packages/airflow/example_dags/example_xcom.py
[2024-01-28 07:53:18,080] {processor.py:613} INFO - Processing file /home/airflow/.local/lib/python3.6/site-packages/airflow/example_dags/example_xcom.py for tasks to queue
[2024-01-28 07:53:18,080] {logging_mixin.py:109} INFO - [2024-01-28 07:53:18,080] {dagbag.py:496} INFO - Filling up the DagBag from /home/airflow/.local/lib/python3.6/site-packages/airflow/example_dags/example_xcom.py
[2024-01-28 07:53:18,088] {processor.py:623} INFO - DAG(s) dict_keys(['example_xcom']) retrieved from /home/airflow/.local/lib/python3.6/site-packages/airflow/example_dags/example_xcom.py
[2024-01-28 07:53:18,104] {logging_mixin.py:109} INFO - [2024-01-28 07:53:18,104] {dag.py:1834} INFO - Sync 1 DAGs
[2024-01-28 07:53:18,114] {logging_mixin.py:109} INFO - [2024-01-28 07:53:18,113] {dag.py:2287} INFO - Setting next_dagrun for example_xcom to 2024-01-26 00:00:00+00:00
[2024-01-28 07:53:18,123] {processor.py:170} INFO - Processing /home/airflow/.local/lib/python3.6/site-packages/airflow/example_dags/example_xcom.py took 0.045 seconds
[2024-01-28 07:53:48,688] {processor.py:162} INFO - Started process (PID=985) to work on /home/airflow/.local/lib/python3.6/site-packages/airflow/example_dags/example_xcom.py
[2024-01-28 07:53:48,689] {processor.py:613} INFO - Processing file /home/airflow/.local/lib/python3.6/site-packages/airflow/example_dags/example_xcom.py for tasks to queue
[2024-01-28 07:53:48,690] {logging_mixin.py:109} INFO - [2024-01-28 07:53:48,690] {dagbag.py:496} INFO - Filling up the DagBag from /home/airflow/.local/lib/python3.6/site-packages/airflow/example_dags/example_xcom.py
[2024-01-28 07:53:48,697] {processor.py:623} INFO - DAG(s) dict_keys(['example_xcom']) retrieved from /home/airflow/.local/lib/python3.6/site-packages/airflow/example_dags/example_xcom.py
[2024-01-28 07:53:48,713] {logging_mixin.py:109} INFO - [2024-01-28 07:53:48,713] {dag.py:1834} INFO - Sync 1 DAGs
[2024-01-28 07:53:48,723] {logging_mixin.py:109} INFO - [2024-01-28 07:53:48,723] {dag.py:2287} INFO - Setting next_dagrun for example_xcom to 2024-01-26 00:00:00+00:00
[2024-01-28 07:53:48,733] {processor.py:170} INFO - Processing /home/airflow/.local/lib/python3.6/site-packages/airflow/example_dags/example_xcom.py took 0.046 seconds
[2024-01-28 07:54:19,317] {processor.py:162} INFO - Started process (PID=1190) to work on /home/airflow/.local/lib/python3.6/site-packages/airflow/example_dags/example_xcom.py
[2024-01-28 07:54:19,318] {processor.py:613} INFO - Processing file /home/airflow/.local/lib/python3.6/site-packages/airflow/example_dags/example_xcom.py for tasks to queue
[2024-01-28 07:54:19,319] {logging_mixin.py:109} INFO - [2024-01-28 07:54:19,319] {dagbag.py:496} INFO - Filling up the DagBag from /home/airflow/.local/lib/python3.6/site-packages/airflow/example_dags/example_xcom.py
[2024-01-28 07:54:19,327] {processor.py:623} INFO - DAG(s) dict_keys(['example_xcom']) retrieved from /home/airflow/.local/lib/python3.6/site-packages/airflow/example_dags/example_xcom.py
[2024-01-28 07:54:19,342] {logging_mixin.py:109} INFO - [2024-01-28 07:54:19,342] {dag.py:1834} INFO - Sync 1 DAGs
[2024-01-28 07:54:19,351] {logging_mixin.py:109} INFO - [2024-01-28 07:54:19,351] {dag.py:2287} INFO - Setting next_dagrun for example_xcom to 2024-01-26 00:00:00+00:00
[2024-01-28 07:54:19,360] {processor.py:170} INFO - Processing /home/airflow/.local/lib/python3.6/site-packages/airflow/example_dags/example_xcom.py took 0.045 seconds
[2024-01-28 07:54:49,759] {processor.py:162} INFO - Started process (PID=1486) to work on /home/airflow/.local/lib/python3.6/site-packages/airflow/example_dags/example_xcom.py
[2024-01-28 07:54:49,761] {processor.py:613} INFO - Processing file /home/airflow/.local/lib/python3.6/site-packages/airflow/example_dags/example_xcom.py for tasks to queue
[2024-01-28 07:54:49,762] {logging_mixin.py:109} INFO - [2024-01-28 07:54:49,761] {dagbag.py:496} INFO - Filling up the DagBag from /home/airflow/.local/lib/python3.6/site-packages/airflow/example_dags/example_xcom.py
[2024-01-28 07:54:49,770] {processor.py:623} INFO - DAG(s) dict_keys(['example_xcom']) retrieved from /home/airflow/.local/lib/python3.6/site-packages/airflow/example_dags/example_xcom.py
[2024-01-28 07:54:49,786] {logging_mixin.py:109} INFO - [2024-01-28 07:54:49,786] {dag.py:1834} INFO - Sync 1 DAGs
[2024-01-28 07:54:49,796] {logging_mixin.py:109} INFO - [2024-01-28 07:54:49,796] {dag.py:2287} INFO - Setting next_dagrun for example_xcom to 2024-01-26 00:00:00+00:00
[2024-01-28 07:54:49,805] {processor.py:170} INFO - Processing /home/airflow/.local/lib/python3.6/site-packages/airflow/example_dags/example_xcom.py took 0.048 seconds
[2024-01-28 07:55:20,495] {processor.py:162} INFO - Started process (PID=1897) to work on /home/airflow/.local/lib/python3.6/site-packages/airflow/example_dags/example_xcom.py
[2024-01-28 07:55:20,496] {processor.py:613} INFO - Processing file /home/airflow/.local/lib/python3.6/site-packages/airflow/example_dags/example_xcom.py for tasks to queue
[2024-01-28 07:55:20,497] {logging_mixin.py:109} INFO - [2024-01-28 07:55:20,497] {dagbag.py:496} INFO - Filling up the DagBag from /home/airflow/.local/lib/python3.6/site-packages/airflow/example_dags/example_xcom.py
[2024-01-28 07:55:20,505] {processor.py:623} INFO - DAG(s) dict_keys(['example_xcom']) retrieved from /home/airflow/.local/lib/python3.6/site-packages/airflow/example_dags/example_xcom.py
[2024-01-28 07:55:20,522] {logging_mixin.py:109} INFO - [2024-01-28 07:55:20,521] {dag.py:1834} INFO - Sync 1 DAGs
[2024-01-28 07:55:20,531] {logging_mixin.py:109} INFO - [2024-01-28 07:55:20,531] {dag.py:2287} INFO - Setting next_dagrun for example_xcom to 2024-01-26 00:00:00+00:00
[2024-01-28 07:55:20,541] {processor.py:170} INFO - Processing /home/airflow/.local/lib/python3.6/site-packages/airflow/example_dags/example_xcom.py took 0.048 seconds
