[2024-01-28 07:51:49,252] {processor.py:162} INFO - Started process (PID=327) to work on /home/airflow/.local/lib/python3.6/site-packages/airflow/example_dags/example_subdag_operator.py
[2024-01-28 07:51:49,253] {processor.py:613} INFO - Processing file /home/airflow/.local/lib/python3.6/site-packages/airflow/example_dags/example_subdag_operator.py for tasks to queue
[2024-01-28 07:51:49,253] {logging_mixin.py:109} INFO - [2024-01-28 07:51:49,253] {dagbag.py:496} INFO - Filling up the DagBag from /home/airflow/.local/lib/python3.6/site-packages/airflow/example_dags/example_subdag_operator.py
[2024-01-28 07:51:49,278] {processor.py:623} INFO - DAG(s) dict_keys(['example_subdag_operator.section-1', 'example_subdag_operator.section-2', 'example_subdag_operator']) retrieved from /home/airflow/.local/lib/python3.6/site-packages/airflow/example_dags/example_subdag_operator.py
[2024-01-28 07:51:49,417] {logging_mixin.py:109} INFO - [2024-01-28 07:51:49,417] {dag.py:1834} INFO - Sync 3 DAGs
[2024-01-28 07:51:49,428] {logging_mixin.py:109} INFO - [2024-01-28 07:51:49,428] {dag.py:2287} INFO - Setting next_dagrun for example_subdag_operator to 2024-01-26 00:00:00+00:00
[2024-01-28 07:51:49,429] {logging_mixin.py:109} INFO - [2024-01-28 07:51:49,429] {dag.py:2287} INFO - Setting next_dagrun for example_subdag_operator.section-1 to None
[2024-01-28 07:51:49,429] {logging_mixin.py:109} INFO - [2024-01-28 07:51:49,429] {dag.py:2287} INFO - Setting next_dagrun for example_subdag_operator.section-2 to None
[2024-01-28 07:51:49,440] {logging_mixin.py:109} INFO - [2024-01-28 07:51:49,440] {dag.py:1834} INFO - Sync 2 DAGs
[2024-01-28 07:51:49,445] {logging_mixin.py:109} INFO - [2024-01-28 07:51:49,445] {dag.py:2287} INFO - Setting next_dagrun for example_subdag_operator.section-1 to None
[2024-01-28 07:51:49,446] {logging_mixin.py:109} INFO - [2024-01-28 07:51:49,446] {dag.py:2287} INFO - Setting next_dagrun for example_subdag_operator.section-2 to None
[2024-01-28 07:51:49,454] {processor.py:170} INFO - Processing /home/airflow/.local/lib/python3.6/site-packages/airflow/example_dags/example_subdag_operator.py took 0.204 seconds
[2024-01-28 07:52:20,287] {processor.py:162} INFO - Started process (PID=521) to work on /home/airflow/.local/lib/python3.6/site-packages/airflow/example_dags/example_subdag_operator.py
[2024-01-28 07:52:20,289] {processor.py:613} INFO - Processing file /home/airflow/.local/lib/python3.6/site-packages/airflow/example_dags/example_subdag_operator.py for tasks to queue
[2024-01-28 07:52:20,289] {logging_mixin.py:109} INFO - [2024-01-28 07:52:20,289] {dagbag.py:496} INFO - Filling up the DagBag from /home/airflow/.local/lib/python3.6/site-packages/airflow/example_dags/example_subdag_operator.py
[2024-01-28 07:52:20,314] {processor.py:623} INFO - DAG(s) dict_keys(['example_subdag_operator.section-1', 'example_subdag_operator.section-2', 'example_subdag_operator']) retrieved from /home/airflow/.local/lib/python3.6/site-packages/airflow/example_dags/example_subdag_operator.py
[2024-01-28 07:52:20,324] {logging_mixin.py:109} INFO - [2024-01-28 07:52:20,324] {dag.py:1834} INFO - Sync 3 DAGs
[2024-01-28 07:52:20,335] {logging_mixin.py:109} INFO - [2024-01-28 07:52:20,335] {dag.py:2287} INFO - Setting next_dagrun for example_subdag_operator to 2024-01-26 00:00:00+00:00
[2024-01-28 07:52:20,336] {logging_mixin.py:109} INFO - [2024-01-28 07:52:20,336] {dag.py:2287} INFO - Setting next_dagrun for example_subdag_operator.section-1 to None
[2024-01-28 07:52:20,336] {logging_mixin.py:109} INFO - [2024-01-28 07:52:20,336] {dag.py:2287} INFO - Setting next_dagrun for example_subdag_operator.section-2 to None
[2024-01-28 07:52:20,345] {logging_mixin.py:109} INFO - [2024-01-28 07:52:20,345] {dag.py:1834} INFO - Sync 2 DAGs
[2024-01-28 07:52:20,351] {logging_mixin.py:109} INFO - [2024-01-28 07:52:20,350] {dag.py:2287} INFO - Setting next_dagrun for example_subdag_operator.section-1 to None
[2024-01-28 07:52:20,351] {logging_mixin.py:109} INFO - [2024-01-28 07:52:20,351] {dag.py:2287} INFO - Setting next_dagrun for example_subdag_operator.section-2 to None
[2024-01-28 07:52:20,358] {processor.py:170} INFO - Processing /home/airflow/.local/lib/python3.6/site-packages/airflow/example_dags/example_subdag_operator.py took 0.073 seconds
[2024-01-28 07:52:50,744] {processor.py:162} INFO - Started process (PID=728) to work on /home/airflow/.local/lib/python3.6/site-packages/airflow/example_dags/example_subdag_operator.py
[2024-01-28 07:52:50,745] {processor.py:613} INFO - Processing file /home/airflow/.local/lib/python3.6/site-packages/airflow/example_dags/example_subdag_operator.py for tasks to queue
[2024-01-28 07:52:50,746] {logging_mixin.py:109} INFO - [2024-01-28 07:52:50,746] {dagbag.py:496} INFO - Filling up the DagBag from /home/airflow/.local/lib/python3.6/site-packages/airflow/example_dags/example_subdag_operator.py
[2024-01-28 07:52:50,774] {processor.py:623} INFO - DAG(s) dict_keys(['example_subdag_operator.section-1', 'example_subdag_operator.section-2', 'example_subdag_operator']) retrieved from /home/airflow/.local/lib/python3.6/site-packages/airflow/example_dags/example_subdag_operator.py
[2024-01-28 07:52:50,785] {logging_mixin.py:109} INFO - [2024-01-28 07:52:50,785] {dag.py:1834} INFO - Sync 3 DAGs
[2024-01-28 07:52:50,797] {logging_mixin.py:109} INFO - [2024-01-28 07:52:50,797] {dag.py:2287} INFO - Setting next_dagrun for example_subdag_operator to 2024-01-26 00:00:00+00:00
[2024-01-28 07:52:50,798] {logging_mixin.py:109} INFO - [2024-01-28 07:52:50,798] {dag.py:2287} INFO - Setting next_dagrun for example_subdag_operator.section-1 to None
[2024-01-28 07:52:50,799] {logging_mixin.py:109} INFO - [2024-01-28 07:52:50,799] {dag.py:2287} INFO - Setting next_dagrun for example_subdag_operator.section-2 to None
[2024-01-28 07:52:50,808] {logging_mixin.py:109} INFO - [2024-01-28 07:52:50,808] {dag.py:1834} INFO - Sync 2 DAGs
[2024-01-28 07:52:50,814] {logging_mixin.py:109} INFO - [2024-01-28 07:52:50,814] {dag.py:2287} INFO - Setting next_dagrun for example_subdag_operator.section-1 to None
[2024-01-28 07:52:50,814] {logging_mixin.py:109} INFO - [2024-01-28 07:52:50,814] {dag.py:2287} INFO - Setting next_dagrun for example_subdag_operator.section-2 to None
[2024-01-28 07:52:50,825] {processor.py:170} INFO - Processing /home/airflow/.local/lib/python3.6/site-packages/airflow/example_dags/example_subdag_operator.py took 0.083 seconds
[2024-01-28 07:53:21,370] {processor.py:162} INFO - Started process (PID=933) to work on /home/airflow/.local/lib/python3.6/site-packages/airflow/example_dags/example_subdag_operator.py
[2024-01-28 07:53:21,370] {processor.py:613} INFO - Processing file /home/airflow/.local/lib/python3.6/site-packages/airflow/example_dags/example_subdag_operator.py for tasks to queue
[2024-01-28 07:53:21,371] {logging_mixin.py:109} INFO - [2024-01-28 07:53:21,371] {dagbag.py:496} INFO - Filling up the DagBag from /home/airflow/.local/lib/python3.6/site-packages/airflow/example_dags/example_subdag_operator.py
[2024-01-28 07:53:21,393] {processor.py:623} INFO - DAG(s) dict_keys(['example_subdag_operator.section-1', 'example_subdag_operator.section-2', 'example_subdag_operator']) retrieved from /home/airflow/.local/lib/python3.6/site-packages/airflow/example_dags/example_subdag_operator.py
[2024-01-28 07:53:21,402] {logging_mixin.py:109} INFO - [2024-01-28 07:53:21,402] {dag.py:1834} INFO - Sync 3 DAGs
[2024-01-28 07:53:21,413] {logging_mixin.py:109} INFO - [2024-01-28 07:53:21,413] {dag.py:2287} INFO - Setting next_dagrun for example_subdag_operator to 2024-01-26 00:00:00+00:00
[2024-01-28 07:53:21,414] {logging_mixin.py:109} INFO - [2024-01-28 07:53:21,414] {dag.py:2287} INFO - Setting next_dagrun for example_subdag_operator.section-1 to None
[2024-01-28 07:53:21,414] {logging_mixin.py:109} INFO - [2024-01-28 07:53:21,414] {dag.py:2287} INFO - Setting next_dagrun for example_subdag_operator.section-2 to None
[2024-01-28 07:53:21,422] {logging_mixin.py:109} INFO - [2024-01-28 07:53:21,422] {dag.py:1834} INFO - Sync 2 DAGs
[2024-01-28 07:53:21,428] {logging_mixin.py:109} INFO - [2024-01-28 07:53:21,428] {dag.py:2287} INFO - Setting next_dagrun for example_subdag_operator.section-1 to None
[2024-01-28 07:53:21,428] {logging_mixin.py:109} INFO - [2024-01-28 07:53:21,428] {dag.py:2287} INFO - Setting next_dagrun for example_subdag_operator.section-2 to None
[2024-01-28 07:53:21,435] {processor.py:170} INFO - Processing /home/airflow/.local/lib/python3.6/site-packages/airflow/example_dags/example_subdag_operator.py took 0.067 seconds
[2024-01-28 07:53:52,000] {processor.py:162} INFO - Started process (PID=1128) to work on /home/airflow/.local/lib/python3.6/site-packages/airflow/example_dags/example_subdag_operator.py
[2024-01-28 07:53:52,001] {processor.py:613} INFO - Processing file /home/airflow/.local/lib/python3.6/site-packages/airflow/example_dags/example_subdag_operator.py for tasks to queue
[2024-01-28 07:53:52,001] {logging_mixin.py:109} INFO - [2024-01-28 07:53:52,001] {dagbag.py:496} INFO - Filling up the DagBag from /home/airflow/.local/lib/python3.6/site-packages/airflow/example_dags/example_subdag_operator.py
[2024-01-28 07:53:52,025] {processor.py:623} INFO - DAG(s) dict_keys(['example_subdag_operator.section-1', 'example_subdag_operator.section-2', 'example_subdag_operator']) retrieved from /home/airflow/.local/lib/python3.6/site-packages/airflow/example_dags/example_subdag_operator.py
[2024-01-28 07:53:52,034] {logging_mixin.py:109} INFO - [2024-01-28 07:53:52,034] {dag.py:1834} INFO - Sync 3 DAGs
[2024-01-28 07:53:52,046] {logging_mixin.py:109} INFO - [2024-01-28 07:53:52,046] {dag.py:2287} INFO - Setting next_dagrun for example_subdag_operator to 2024-01-26 00:00:00+00:00
[2024-01-28 07:53:52,047] {logging_mixin.py:109} INFO - [2024-01-28 07:53:52,047] {dag.py:2287} INFO - Setting next_dagrun for example_subdag_operator.section-1 to None
[2024-01-28 07:53:52,047] {logging_mixin.py:109} INFO - [2024-01-28 07:53:52,047] {dag.py:2287} INFO - Setting next_dagrun for example_subdag_operator.section-2 to None
[2024-01-28 07:53:52,055] {logging_mixin.py:109} INFO - [2024-01-28 07:53:52,055] {dag.py:1834} INFO - Sync 2 DAGs
[2024-01-28 07:53:52,061] {logging_mixin.py:109} INFO - [2024-01-28 07:53:52,061] {dag.py:2287} INFO - Setting next_dagrun for example_subdag_operator.section-1 to None
[2024-01-28 07:53:52,061] {logging_mixin.py:109} INFO - [2024-01-28 07:53:52,061] {dag.py:2287} INFO - Setting next_dagrun for example_subdag_operator.section-2 to None
[2024-01-28 07:53:52,069] {processor.py:170} INFO - Processing /home/airflow/.local/lib/python3.6/site-packages/airflow/example_dags/example_subdag_operator.py took 0.070 seconds
[2024-01-28 07:54:22,443] {processor.py:162} INFO - Started process (PID=1333) to work on /home/airflow/.local/lib/python3.6/site-packages/airflow/example_dags/example_subdag_operator.py
[2024-01-28 07:54:22,443] {processor.py:613} INFO - Processing file /home/airflow/.local/lib/python3.6/site-packages/airflow/example_dags/example_subdag_operator.py for tasks to queue
[2024-01-28 07:54:22,444] {logging_mixin.py:109} INFO - [2024-01-28 07:54:22,444] {dagbag.py:496} INFO - Filling up the DagBag from /home/airflow/.local/lib/python3.6/site-packages/airflow/example_dags/example_subdag_operator.py
[2024-01-28 07:54:22,466] {processor.py:623} INFO - DAG(s) dict_keys(['example_subdag_operator.section-1', 'example_subdag_operator.section-2', 'example_subdag_operator']) retrieved from /home/airflow/.local/lib/python3.6/site-packages/airflow/example_dags/example_subdag_operator.py
[2024-01-28 07:54:22,475] {logging_mixin.py:109} INFO - [2024-01-28 07:54:22,475] {dag.py:1834} INFO - Sync 3 DAGs
[2024-01-28 07:54:22,485] {logging_mixin.py:109} INFO - [2024-01-28 07:54:22,485] {dag.py:2287} INFO - Setting next_dagrun for example_subdag_operator to 2024-01-26 00:00:00+00:00
[2024-01-28 07:54:22,485] {logging_mixin.py:109} INFO - [2024-01-28 07:54:22,485] {dag.py:2287} INFO - Setting next_dagrun for example_subdag_operator.section-1 to None
[2024-01-28 07:54:22,486] {logging_mixin.py:109} INFO - [2024-01-28 07:54:22,486] {dag.py:2287} INFO - Setting next_dagrun for example_subdag_operator.section-2 to None
[2024-01-28 07:54:22,493] {logging_mixin.py:109} INFO - [2024-01-28 07:54:22,493] {dag.py:1834} INFO - Sync 2 DAGs
[2024-01-28 07:54:22,499] {logging_mixin.py:109} INFO - [2024-01-28 07:54:22,498] {dag.py:2287} INFO - Setting next_dagrun for example_subdag_operator.section-1 to None
[2024-01-28 07:54:22,499] {logging_mixin.py:109} INFO - [2024-01-28 07:54:22,499] {dag.py:2287} INFO - Setting next_dagrun for example_subdag_operator.section-2 to None
[2024-01-28 07:54:22,507] {processor.py:170} INFO - Processing /home/airflow/.local/lib/python3.6/site-packages/airflow/example_dags/example_subdag_operator.py took 0.066 seconds
[2024-01-28 07:54:53,167] {processor.py:162} INFO - Started process (PID=1669) to work on /home/airflow/.local/lib/python3.6/site-packages/airflow/example_dags/example_subdag_operator.py
[2024-01-28 07:54:53,168] {processor.py:613} INFO - Processing file /home/airflow/.local/lib/python3.6/site-packages/airflow/example_dags/example_subdag_operator.py for tasks to queue
[2024-01-28 07:54:53,169] {logging_mixin.py:109} INFO - [2024-01-28 07:54:53,169] {dagbag.py:496} INFO - Filling up the DagBag from /home/airflow/.local/lib/python3.6/site-packages/airflow/example_dags/example_subdag_operator.py
[2024-01-28 07:54:53,196] {processor.py:623} INFO - DAG(s) dict_keys(['example_subdag_operator.section-1', 'example_subdag_operator.section-2', 'example_subdag_operator']) retrieved from /home/airflow/.local/lib/python3.6/site-packages/airflow/example_dags/example_subdag_operator.py
[2024-01-28 07:54:53,207] {logging_mixin.py:109} INFO - [2024-01-28 07:54:53,207] {dag.py:1834} INFO - Sync 3 DAGs
[2024-01-28 07:54:53,220] {logging_mixin.py:109} INFO - [2024-01-28 07:54:53,220] {dag.py:2287} INFO - Setting next_dagrun for example_subdag_operator to 2024-01-26 00:00:00+00:00
[2024-01-28 07:54:53,221] {logging_mixin.py:109} INFO - [2024-01-28 07:54:53,220] {dag.py:2287} INFO - Setting next_dagrun for example_subdag_operator.section-1 to None
[2024-01-28 07:54:53,221] {logging_mixin.py:109} INFO - [2024-01-28 07:54:53,221] {dag.py:2287} INFO - Setting next_dagrun for example_subdag_operator.section-2 to None
[2024-01-28 07:54:53,231] {logging_mixin.py:109} INFO - [2024-01-28 07:54:53,230] {dag.py:1834} INFO - Sync 2 DAGs
[2024-01-28 07:54:53,237] {logging_mixin.py:109} INFO - [2024-01-28 07:54:53,237] {dag.py:2287} INFO - Setting next_dagrun for example_subdag_operator.section-1 to None
[2024-01-28 07:54:53,238] {logging_mixin.py:109} INFO - [2024-01-28 07:54:53,237] {dag.py:2287} INFO - Setting next_dagrun for example_subdag_operator.section-2 to None
[2024-01-28 07:54:53,247] {processor.py:170} INFO - Processing /home/airflow/.local/lib/python3.6/site-packages/airflow/example_dags/example_subdag_operator.py took 0.082 seconds
[2024-01-28 07:55:23,780] {processor.py:162} INFO - Started process (PID=2039) to work on /home/airflow/.local/lib/python3.6/site-packages/airflow/example_dags/example_subdag_operator.py
[2024-01-28 07:55:23,781] {processor.py:613} INFO - Processing file /home/airflow/.local/lib/python3.6/site-packages/airflow/example_dags/example_subdag_operator.py for tasks to queue
[2024-01-28 07:55:23,782] {logging_mixin.py:109} INFO - [2024-01-28 07:55:23,782] {dagbag.py:496} INFO - Filling up the DagBag from /home/airflow/.local/lib/python3.6/site-packages/airflow/example_dags/example_subdag_operator.py
[2024-01-28 07:55:23,804] {processor.py:623} INFO - DAG(s) dict_keys(['example_subdag_operator.section-1', 'example_subdag_operator.section-2', 'example_subdag_operator']) retrieved from /home/airflow/.local/lib/python3.6/site-packages/airflow/example_dags/example_subdag_operator.py
[2024-01-28 07:55:23,814] {logging_mixin.py:109} INFO - [2024-01-28 07:55:23,814] {dag.py:1834} INFO - Sync 3 DAGs
[2024-01-28 07:55:23,825] {logging_mixin.py:109} INFO - [2024-01-28 07:55:23,825] {dag.py:2287} INFO - Setting next_dagrun for example_subdag_operator to 2024-01-26 00:00:00+00:00
[2024-01-28 07:55:23,827] {logging_mixin.py:109} INFO - [2024-01-28 07:55:23,826] {dag.py:2287} INFO - Setting next_dagrun for example_subdag_operator.section-1 to None
[2024-01-28 07:55:23,827] {logging_mixin.py:109} INFO - [2024-01-28 07:55:23,827] {dag.py:2287} INFO - Setting next_dagrun for example_subdag_operator.section-2 to None
[2024-01-28 07:55:23,835] {logging_mixin.py:109} INFO - [2024-01-28 07:55:23,835] {dag.py:1834} INFO - Sync 2 DAGs
[2024-01-28 07:55:23,840] {logging_mixin.py:109} INFO - [2024-01-28 07:55:23,840] {dag.py:2287} INFO - Setting next_dagrun for example_subdag_operator.section-1 to None
[2024-01-28 07:55:23,840] {logging_mixin.py:109} INFO - [2024-01-28 07:55:23,840] {dag.py:2287} INFO - Setting next_dagrun for example_subdag_operator.section-2 to None
[2024-01-28 07:55:23,847] {processor.py:170} INFO - Processing /home/airflow/.local/lib/python3.6/site-packages/airflow/example_dags/example_subdag_operator.py took 0.069 seconds
