[2024-01-28 07:51:45,755] {processor.py:162} INFO - Started process (PID=196) to work on /home/airflow/.local/lib/python3.6/site-packages/airflow/example_dags/example_short_circuit_operator.py
[2024-01-28 07:51:45,756] {processor.py:613} INFO - Processing file /home/airflow/.local/lib/python3.6/site-packages/airflow/example_dags/example_short_circuit_operator.py for tasks to queue
[2024-01-28 07:51:45,757] {logging_mixin.py:109} INFO - [2024-01-28 07:51:45,757] {dagbag.py:496} INFO - Filling up the DagBag from /home/airflow/.local/lib/python3.6/site-packages/airflow/example_dags/example_short_circuit_operator.py
[2024-01-28 07:51:45,768] {processor.py:623} INFO - DAG(s) dict_keys(['example_short_circuit_operator']) retrieved from /home/airflow/.local/lib/python3.6/site-packages/airflow/example_dags/example_short_circuit_operator.py
[2024-01-28 07:51:45,931] {logging_mixin.py:109} INFO - [2024-01-28 07:51:45,931] {dag.py:1834} INFO - Sync 1 DAGs
[2024-01-28 07:51:45,941] {logging_mixin.py:109} INFO - [2024-01-28 07:51:45,940] {dag.py:2287} INFO - Setting next_dagrun for example_short_circuit_operator to 2024-01-26 00:00:00+00:00
[2024-01-28 07:51:45,953] {processor.py:170} INFO - Processing /home/airflow/.local/lib/python3.6/site-packages/airflow/example_dags/example_short_circuit_operator.py took 0.202 seconds
[2024-01-28 07:52:16,592] {processor.py:162} INFO - Started process (PID=372) to work on /home/airflow/.local/lib/python3.6/site-packages/airflow/example_dags/example_short_circuit_operator.py
[2024-01-28 07:52:16,593] {processor.py:613} INFO - Processing file /home/airflow/.local/lib/python3.6/site-packages/airflow/example_dags/example_short_circuit_operator.py for tasks to queue
[2024-01-28 07:52:16,594] {logging_mixin.py:109} INFO - [2024-01-28 07:52:16,594] {dagbag.py:496} INFO - Filling up the DagBag from /home/airflow/.local/lib/python3.6/site-packages/airflow/example_dags/example_short_circuit_operator.py
[2024-01-28 07:52:16,607] {processor.py:623} INFO - DAG(s) dict_keys(['example_short_circuit_operator']) retrieved from /home/airflow/.local/lib/python3.6/site-packages/airflow/example_dags/example_short_circuit_operator.py
[2024-01-28 07:52:16,629] {logging_mixin.py:109} INFO - [2024-01-28 07:52:16,628] {dag.py:1834} INFO - Sync 1 DAGs
[2024-01-28 07:52:16,641] {logging_mixin.py:109} INFO - [2024-01-28 07:52:16,641] {dag.py:2287} INFO - Setting next_dagrun for example_short_circuit_operator to 2024-01-26 00:00:00+00:00
[2024-01-28 07:52:16,653] {processor.py:170} INFO - Processing /home/airflow/.local/lib/python3.6/site-packages/airflow/example_dags/example_short_circuit_operator.py took 0.063 seconds
[2024-01-28 07:52:47,526] {processor.py:162} INFO - Started process (PID=578) to work on /home/airflow/.local/lib/python3.6/site-packages/airflow/example_dags/example_short_circuit_operator.py
[2024-01-28 07:52:47,528] {processor.py:613} INFO - Processing file /home/airflow/.local/lib/python3.6/site-packages/airflow/example_dags/example_short_circuit_operator.py for tasks to queue
[2024-01-28 07:52:47,528] {logging_mixin.py:109} INFO - [2024-01-28 07:52:47,528] {dagbag.py:496} INFO - Filling up the DagBag from /home/airflow/.local/lib/python3.6/site-packages/airflow/example_dags/example_short_circuit_operator.py
[2024-01-28 07:52:47,537] {processor.py:623} INFO - DAG(s) dict_keys(['example_short_circuit_operator']) retrieved from /home/airflow/.local/lib/python3.6/site-packages/airflow/example_dags/example_short_circuit_operator.py
[2024-01-28 07:52:47,555] {logging_mixin.py:109} INFO - [2024-01-28 07:52:47,555] {dag.py:1834} INFO - Sync 1 DAGs
[2024-01-28 07:52:47,569] {logging_mixin.py:109} INFO - [2024-01-28 07:52:47,569] {dag.py:2287} INFO - Setting next_dagrun for example_short_circuit_operator to 2024-01-26 00:00:00+00:00
[2024-01-28 07:52:47,579] {processor.py:170} INFO - Processing /home/airflow/.local/lib/python3.6/site-packages/airflow/example_dags/example_short_circuit_operator.py took 0.055 seconds
[2024-01-28 07:53:18,017] {processor.py:162} INFO - Started process (PID=772) to work on /home/airflow/.local/lib/python3.6/site-packages/airflow/example_dags/example_short_circuit_operator.py
[2024-01-28 07:53:18,018] {processor.py:613} INFO - Processing file /home/airflow/.local/lib/python3.6/site-packages/airflow/example_dags/example_short_circuit_operator.py for tasks to queue
[2024-01-28 07:53:18,018] {logging_mixin.py:109} INFO - [2024-01-28 07:53:18,018] {dagbag.py:496} INFO - Filling up the DagBag from /home/airflow/.local/lib/python3.6/site-packages/airflow/example_dags/example_short_circuit_operator.py
[2024-01-28 07:53:18,026] {processor.py:623} INFO - DAG(s) dict_keys(['example_short_circuit_operator']) retrieved from /home/airflow/.local/lib/python3.6/site-packages/airflow/example_dags/example_short_circuit_operator.py
[2024-01-28 07:53:18,043] {logging_mixin.py:109} INFO - [2024-01-28 07:53:18,043] {dag.py:1834} INFO - Sync 1 DAGs
[2024-01-28 07:53:18,053] {logging_mixin.py:109} INFO - [2024-01-28 07:53:18,053] {dag.py:2287} INFO - Setting next_dagrun for example_short_circuit_operator to 2024-01-26 00:00:00+00:00
[2024-01-28 07:53:18,062] {processor.py:170} INFO - Processing /home/airflow/.local/lib/python3.6/site-packages/airflow/example_dags/example_short_circuit_operator.py took 0.047 seconds
[2024-01-28 07:53:48,627] {processor.py:162} INFO - Started process (PID=978) to work on /home/airflow/.local/lib/python3.6/site-packages/airflow/example_dags/example_short_circuit_operator.py
[2024-01-28 07:53:48,628] {processor.py:613} INFO - Processing file /home/airflow/.local/lib/python3.6/site-packages/airflow/example_dags/example_short_circuit_operator.py for tasks to queue
[2024-01-28 07:53:48,628] {logging_mixin.py:109} INFO - [2024-01-28 07:53:48,628] {dagbag.py:496} INFO - Filling up the DagBag from /home/airflow/.local/lib/python3.6/site-packages/airflow/example_dags/example_short_circuit_operator.py
[2024-01-28 07:53:48,636] {processor.py:623} INFO - DAG(s) dict_keys(['example_short_circuit_operator']) retrieved from /home/airflow/.local/lib/python3.6/site-packages/airflow/example_dags/example_short_circuit_operator.py
[2024-01-28 07:53:48,652] {logging_mixin.py:109} INFO - [2024-01-28 07:53:48,652] {dag.py:1834} INFO - Sync 1 DAGs
[2024-01-28 07:53:48,663] {logging_mixin.py:109} INFO - [2024-01-28 07:53:48,663] {dag.py:2287} INFO - Setting next_dagrun for example_short_circuit_operator to 2024-01-26 00:00:00+00:00
[2024-01-28 07:53:48,672] {processor.py:170} INFO - Processing /home/airflow/.local/lib/python3.6/site-packages/airflow/example_dags/example_short_circuit_operator.py took 0.047 seconds
[2024-01-28 07:54:19,245] {processor.py:162} INFO - Started process (PID=1183) to work on /home/airflow/.local/lib/python3.6/site-packages/airflow/example_dags/example_short_circuit_operator.py
[2024-01-28 07:54:19,247] {processor.py:613} INFO - Processing file /home/airflow/.local/lib/python3.6/site-packages/airflow/example_dags/example_short_circuit_operator.py for tasks to queue
[2024-01-28 07:54:19,248] {logging_mixin.py:109} INFO - [2024-01-28 07:54:19,248] {dagbag.py:496} INFO - Filling up the DagBag from /home/airflow/.local/lib/python3.6/site-packages/airflow/example_dags/example_short_circuit_operator.py
[2024-01-28 07:54:19,257] {processor.py:623} INFO - DAG(s) dict_keys(['example_short_circuit_operator']) retrieved from /home/airflow/.local/lib/python3.6/site-packages/airflow/example_dags/example_short_circuit_operator.py
[2024-01-28 07:54:19,276] {logging_mixin.py:109} INFO - [2024-01-28 07:54:19,276] {dag.py:1834} INFO - Sync 1 DAGs
[2024-01-28 07:54:19,290] {logging_mixin.py:109} INFO - [2024-01-28 07:54:19,290] {dag.py:2287} INFO - Setting next_dagrun for example_short_circuit_operator to 2024-01-26 00:00:00+00:00
[2024-01-28 07:54:19,301] {processor.py:170} INFO - Processing /home/airflow/.local/lib/python3.6/site-packages/airflow/example_dags/example_short_circuit_operator.py took 0.058 seconds
[2024-01-28 07:54:49,685] {processor.py:162} INFO - Started process (PID=1480) to work on /home/airflow/.local/lib/python3.6/site-packages/airflow/example_dags/example_short_circuit_operator.py
[2024-01-28 07:54:49,687] {processor.py:613} INFO - Processing file /home/airflow/.local/lib/python3.6/site-packages/airflow/example_dags/example_short_circuit_operator.py for tasks to queue
[2024-01-28 07:54:49,688] {logging_mixin.py:109} INFO - [2024-01-28 07:54:49,688] {dagbag.py:496} INFO - Filling up the DagBag from /home/airflow/.local/lib/python3.6/site-packages/airflow/example_dags/example_short_circuit_operator.py
[2024-01-28 07:54:49,701] {processor.py:623} INFO - DAG(s) dict_keys(['example_short_circuit_operator']) retrieved from /home/airflow/.local/lib/python3.6/site-packages/airflow/example_dags/example_short_circuit_operator.py
[2024-01-28 07:54:49,720] {logging_mixin.py:109} INFO - [2024-01-28 07:54:49,720] {dag.py:1834} INFO - Sync 1 DAGs
[2024-01-28 07:54:49,733] {logging_mixin.py:109} INFO - [2024-01-28 07:54:49,733] {dag.py:2287} INFO - Setting next_dagrun for example_short_circuit_operator to 2024-01-26 00:00:00+00:00
[2024-01-28 07:54:49,744] {processor.py:170} INFO - Processing /home/airflow/.local/lib/python3.6/site-packages/airflow/example_dags/example_short_circuit_operator.py took 0.060 seconds
[2024-01-28 07:55:20,433] {processor.py:162} INFO - Started process (PID=1889) to work on /home/airflow/.local/lib/python3.6/site-packages/airflow/example_dags/example_short_circuit_operator.py
[2024-01-28 07:55:20,434] {processor.py:613} INFO - Processing file /home/airflow/.local/lib/python3.6/site-packages/airflow/example_dags/example_short_circuit_operator.py for tasks to queue
[2024-01-28 07:55:20,434] {logging_mixin.py:109} INFO - [2024-01-28 07:55:20,434] {dagbag.py:496} INFO - Filling up the DagBag from /home/airflow/.local/lib/python3.6/site-packages/airflow/example_dags/example_short_circuit_operator.py
[2024-01-28 07:55:20,443] {processor.py:623} INFO - DAG(s) dict_keys(['example_short_circuit_operator']) retrieved from /home/airflow/.local/lib/python3.6/site-packages/airflow/example_dags/example_short_circuit_operator.py
[2024-01-28 07:55:20,459] {logging_mixin.py:109} INFO - [2024-01-28 07:55:20,459] {dag.py:1834} INFO - Sync 1 DAGs
[2024-01-28 07:55:20,470] {logging_mixin.py:109} INFO - [2024-01-28 07:55:20,470] {dag.py:2287} INFO - Setting next_dagrun for example_short_circuit_operator to 2024-01-26 00:00:00+00:00
[2024-01-28 07:55:20,479] {processor.py:170} INFO - Processing /home/airflow/.local/lib/python3.6/site-packages/airflow/example_dags/example_short_circuit_operator.py took 0.048 seconds
