[2024-01-28 07:51:48,308] {processor.py:162} INFO - Started process (PID=282) to work on /home/airflow/.local/lib/python3.6/site-packages/airflow/example_dags/example_branch_operator.py
[2024-01-28 07:51:48,309] {processor.py:613} INFO - Processing file /home/airflow/.local/lib/python3.6/site-packages/airflow/example_dags/example_branch_operator.py for tasks to queue
[2024-01-28 07:51:48,309] {logging_mixin.py:109} INFO - [2024-01-28 07:51:48,309] {dagbag.py:496} INFO - Filling up the DagBag from /home/airflow/.local/lib/python3.6/site-packages/airflow/example_dags/example_branch_operator.py
[2024-01-28 07:51:48,321] {processor.py:623} INFO - DAG(s) dict_keys(['example_branch_operator']) retrieved from /home/airflow/.local/lib/python3.6/site-packages/airflow/example_dags/example_branch_operator.py
[2024-01-28 07:51:48,480] {logging_mixin.py:109} INFO - [2024-01-28 07:51:48,480] {dag.py:1834} INFO - Sync 1 DAGs
[2024-01-28 07:51:48,492] {logging_mixin.py:109} INFO - [2024-01-28 07:51:48,492] {dag.py:2287} INFO - Setting next_dagrun for example_branch_operator to 2024-01-26 00:00:00+00:00
[2024-01-28 07:51:48,504] {processor.py:170} INFO - Processing /home/airflow/.local/lib/python3.6/site-packages/airflow/example_dags/example_branch_operator.py took 0.199 seconds
[2024-01-28 07:52:18,704] {processor.py:162} INFO - Started process (PID=477) to work on /home/airflow/.local/lib/python3.6/site-packages/airflow/example_dags/example_branch_operator.py
[2024-01-28 07:52:18,705] {processor.py:613} INFO - Processing file /home/airflow/.local/lib/python3.6/site-packages/airflow/example_dags/example_branch_operator.py for tasks to queue
[2024-01-28 07:52:18,706] {logging_mixin.py:109} INFO - [2024-01-28 07:52:18,706] {dagbag.py:496} INFO - Filling up the DagBag from /home/airflow/.local/lib/python3.6/site-packages/airflow/example_dags/example_branch_operator.py
[2024-01-28 07:52:18,721] {processor.py:623} INFO - DAG(s) dict_keys(['example_branch_operator']) retrieved from /home/airflow/.local/lib/python3.6/site-packages/airflow/example_dags/example_branch_operator.py
[2024-01-28 07:52:18,744] {logging_mixin.py:109} INFO - [2024-01-28 07:52:18,744] {dag.py:1834} INFO - Sync 1 DAGs
[2024-01-28 07:52:18,761] {logging_mixin.py:109} INFO - [2024-01-28 07:52:18,760] {dag.py:2287} INFO - Setting next_dagrun for example_branch_operator to 2024-01-26 00:00:00+00:00
[2024-01-28 07:52:18,781] {processor.py:170} INFO - Processing /home/airflow/.local/lib/python3.6/site-packages/airflow/example_dags/example_branch_operator.py took 0.080 seconds
[2024-01-28 07:52:49,368] {processor.py:162} INFO - Started process (PID=683) to work on /home/airflow/.local/lib/python3.6/site-packages/airflow/example_dags/example_branch_operator.py
[2024-01-28 07:52:49,370] {processor.py:613} INFO - Processing file /home/airflow/.local/lib/python3.6/site-packages/airflow/example_dags/example_branch_operator.py for tasks to queue
[2024-01-28 07:52:49,371] {logging_mixin.py:109} INFO - [2024-01-28 07:52:49,370] {dagbag.py:496} INFO - Filling up the DagBag from /home/airflow/.local/lib/python3.6/site-packages/airflow/example_dags/example_branch_operator.py
[2024-01-28 07:52:49,380] {processor.py:623} INFO - DAG(s) dict_keys(['example_branch_operator']) retrieved from /home/airflow/.local/lib/python3.6/site-packages/airflow/example_dags/example_branch_operator.py
[2024-01-28 07:52:49,397] {logging_mixin.py:109} INFO - [2024-01-28 07:52:49,397] {dag.py:1834} INFO - Sync 1 DAGs
[2024-01-28 07:52:49,410] {logging_mixin.py:109} INFO - [2024-01-28 07:52:49,410] {dag.py:2287} INFO - Setting next_dagrun for example_branch_operator to 2024-01-26 00:00:00+00:00
[2024-01-28 07:52:49,420] {processor.py:170} INFO - Processing /home/airflow/.local/lib/python3.6/site-packages/airflow/example_dags/example_branch_operator.py took 0.053 seconds
[2024-01-28 07:53:19,954] {processor.py:162} INFO - Started process (PID=888) to work on /home/airflow/.local/lib/python3.6/site-packages/airflow/example_dags/example_branch_operator.py
[2024-01-28 07:53:19,954] {processor.py:613} INFO - Processing file /home/airflow/.local/lib/python3.6/site-packages/airflow/example_dags/example_branch_operator.py for tasks to queue
[2024-01-28 07:53:19,955] {logging_mixin.py:109} INFO - [2024-01-28 07:53:19,955] {dagbag.py:496} INFO - Filling up the DagBag from /home/airflow/.local/lib/python3.6/site-packages/airflow/example_dags/example_branch_operator.py
[2024-01-28 07:53:19,965] {processor.py:623} INFO - DAG(s) dict_keys(['example_branch_operator']) retrieved from /home/airflow/.local/lib/python3.6/site-packages/airflow/example_dags/example_branch_operator.py
[2024-01-28 07:53:19,982] {logging_mixin.py:109} INFO - [2024-01-28 07:53:19,982] {dag.py:1834} INFO - Sync 1 DAGs
[2024-01-28 07:53:19,996] {logging_mixin.py:109} INFO - [2024-01-28 07:53:19,996] {dag.py:2287} INFO - Setting next_dagrun for example_branch_operator to 2024-01-26 00:00:00+00:00
[2024-01-28 07:53:20,006] {processor.py:170} INFO - Processing /home/airflow/.local/lib/python3.6/site-packages/airflow/example_dags/example_branch_operator.py took 0.054 seconds
[2024-01-28 07:53:50,546] {processor.py:162} INFO - Started process (PID=1084) to work on /home/airflow/.local/lib/python3.6/site-packages/airflow/example_dags/example_branch_operator.py
[2024-01-28 07:53:50,548] {processor.py:613} INFO - Processing file /home/airflow/.local/lib/python3.6/site-packages/airflow/example_dags/example_branch_operator.py for tasks to queue
[2024-01-28 07:53:50,548] {logging_mixin.py:109} INFO - [2024-01-28 07:53:50,548] {dagbag.py:496} INFO - Filling up the DagBag from /home/airflow/.local/lib/python3.6/site-packages/airflow/example_dags/example_branch_operator.py
[2024-01-28 07:53:50,559] {processor.py:623} INFO - DAG(s) dict_keys(['example_branch_operator']) retrieved from /home/airflow/.local/lib/python3.6/site-packages/airflow/example_dags/example_branch_operator.py
[2024-01-28 07:53:50,579] {logging_mixin.py:109} INFO - [2024-01-28 07:53:50,579] {dag.py:1834} INFO - Sync 1 DAGs
[2024-01-28 07:53:50,593] {logging_mixin.py:109} INFO - [2024-01-28 07:53:50,593] {dag.py:2287} INFO - Setting next_dagrun for example_branch_operator to 2024-01-26 00:00:00+00:00
[2024-01-28 07:53:50,604] {processor.py:170} INFO - Processing /home/airflow/.local/lib/python3.6/site-packages/airflow/example_dags/example_branch_operator.py took 0.061 seconds
[2024-01-28 07:54:21,174] {processor.py:162} INFO - Started process (PID=1289) to work on /home/airflow/.local/lib/python3.6/site-packages/airflow/example_dags/example_branch_operator.py
[2024-01-28 07:54:21,175] {processor.py:613} INFO - Processing file /home/airflow/.local/lib/python3.6/site-packages/airflow/example_dags/example_branch_operator.py for tasks to queue
[2024-01-28 07:54:21,175] {logging_mixin.py:109} INFO - [2024-01-28 07:54:21,175] {dagbag.py:496} INFO - Filling up the DagBag from /home/airflow/.local/lib/python3.6/site-packages/airflow/example_dags/example_branch_operator.py
[2024-01-28 07:54:21,185] {processor.py:623} INFO - DAG(s) dict_keys(['example_branch_operator']) retrieved from /home/airflow/.local/lib/python3.6/site-packages/airflow/example_dags/example_branch_operator.py
[2024-01-28 07:54:21,201] {logging_mixin.py:109} INFO - [2024-01-28 07:54:21,201] {dag.py:1834} INFO - Sync 1 DAGs
[2024-01-28 07:54:21,213] {logging_mixin.py:109} INFO - [2024-01-28 07:54:21,213] {dag.py:2287} INFO - Setting next_dagrun for example_branch_operator to 2024-01-26 00:00:00+00:00
[2024-01-28 07:54:21,223] {processor.py:170} INFO - Processing /home/airflow/.local/lib/python3.6/site-packages/airflow/example_dags/example_branch_operator.py took 0.051 seconds
[2024-01-28 07:54:51,671] {processor.py:162} INFO - Started process (PID=1586) to work on /home/airflow/.local/lib/python3.6/site-packages/airflow/example_dags/example_branch_operator.py
[2024-01-28 07:54:51,673] {processor.py:613} INFO - Processing file /home/airflow/.local/lib/python3.6/site-packages/airflow/example_dags/example_branch_operator.py for tasks to queue
[2024-01-28 07:54:51,673] {logging_mixin.py:109} INFO - [2024-01-28 07:54:51,673] {dagbag.py:496} INFO - Filling up the DagBag from /home/airflow/.local/lib/python3.6/site-packages/airflow/example_dags/example_branch_operator.py
[2024-01-28 07:54:51,683] {processor.py:623} INFO - DAG(s) dict_keys(['example_branch_operator']) retrieved from /home/airflow/.local/lib/python3.6/site-packages/airflow/example_dags/example_branch_operator.py
[2024-01-28 07:54:51,702] {logging_mixin.py:109} INFO - [2024-01-28 07:54:51,702] {dag.py:1834} INFO - Sync 1 DAGs
[2024-01-28 07:54:51,714] {logging_mixin.py:109} INFO - [2024-01-28 07:54:51,714] {dag.py:2287} INFO - Setting next_dagrun for example_branch_operator to 2024-01-26 00:00:00+00:00
[2024-01-28 07:54:51,724] {processor.py:170} INFO - Processing /home/airflow/.local/lib/python3.6/site-packages/airflow/example_dags/example_branch_operator.py took 0.055 seconds
[2024-01-28 07:55:22,358] {processor.py:162} INFO - Started process (PID=1995) to work on /home/airflow/.local/lib/python3.6/site-packages/airflow/example_dags/example_branch_operator.py
[2024-01-28 07:55:22,359] {processor.py:613} INFO - Processing file /home/airflow/.local/lib/python3.6/site-packages/airflow/example_dags/example_branch_operator.py for tasks to queue
[2024-01-28 07:55:22,359] {logging_mixin.py:109} INFO - [2024-01-28 07:55:22,359] {dagbag.py:496} INFO - Filling up the DagBag from /home/airflow/.local/lib/python3.6/site-packages/airflow/example_dags/example_branch_operator.py
[2024-01-28 07:55:22,370] {processor.py:623} INFO - DAG(s) dict_keys(['example_branch_operator']) retrieved from /home/airflow/.local/lib/python3.6/site-packages/airflow/example_dags/example_branch_operator.py
[2024-01-28 07:55:22,388] {logging_mixin.py:109} INFO - [2024-01-28 07:55:22,388] {dag.py:1834} INFO - Sync 1 DAGs
[2024-01-28 07:55:22,399] {logging_mixin.py:109} INFO - [2024-01-28 07:55:22,399] {dag.py:2287} INFO - Setting next_dagrun for example_branch_operator to 2024-01-26 00:00:00+00:00
[2024-01-28 07:55:22,408] {processor.py:170} INFO - Processing /home/airflow/.local/lib/python3.6/site-packages/airflow/example_dags/example_branch_operator.py took 0.052 seconds
