[2024-01-28 07:51:46,744] {processor.py:162} INFO - Started process (PID=217) to work on /home/airflow/.local/lib/python3.6/site-packages/airflow/example_dags/example_dag_decorator.py
[2024-01-28 07:51:46,745] {processor.py:613} INFO - Processing file /home/airflow/.local/lib/python3.6/site-packages/airflow/example_dags/example_dag_decorator.py for tasks to queue
[2024-01-28 07:51:46,745] {logging_mixin.py:109} INFO - [2024-01-28 07:51:46,745] {dagbag.py:496} INFO - Filling up the DagBag from /home/airflow/.local/lib/python3.6/site-packages/airflow/example_dags/example_dag_decorator.py
[2024-01-28 07:51:46,774] {processor.py:623} INFO - DAG(s) dict_keys(['example_dag_decorator']) retrieved from /home/airflow/.local/lib/python3.6/site-packages/airflow/example_dags/example_dag_decorator.py
[2024-01-28 07:51:46,958] {logging_mixin.py:109} INFO - [2024-01-28 07:51:46,958] {dag.py:1834} INFO - Sync 1 DAGs
[2024-01-28 07:51:46,971] {logging_mixin.py:109} INFO - [2024-01-28 07:51:46,970] {dag.py:2287} INFO - Setting next_dagrun for example_dag_decorator to None
[2024-01-28 07:51:46,987] {processor.py:170} INFO - Processing /home/airflow/.local/lib/python3.6/site-packages/airflow/example_dags/example_dag_decorator.py took 0.246 seconds
[2024-01-28 07:52:17,762] {processor.py:162} INFO - Started process (PID=397) to work on /home/airflow/.local/lib/python3.6/site-packages/airflow/example_dags/example_dag_decorator.py
[2024-01-28 07:52:17,763] {processor.py:613} INFO - Processing file /home/airflow/.local/lib/python3.6/site-packages/airflow/example_dags/example_dag_decorator.py for tasks to queue
[2024-01-28 07:52:17,764] {logging_mixin.py:109} INFO - [2024-01-28 07:52:17,764] {dagbag.py:496} INFO - Filling up the DagBag from /home/airflow/.local/lib/python3.6/site-packages/airflow/example_dags/example_dag_decorator.py
[2024-01-28 07:52:17,781] {processor.py:623} INFO - DAG(s) dict_keys(['example_dag_decorator']) retrieved from /home/airflow/.local/lib/python3.6/site-packages/airflow/example_dags/example_dag_decorator.py
[2024-01-28 07:52:17,991] {logging_mixin.py:109} INFO - [2024-01-28 07:52:17,991] {dag.py:1834} INFO - Sync 1 DAGs
[2024-01-28 07:52:18,001] {logging_mixin.py:109} INFO - [2024-01-28 07:52:18,001] {dag.py:2287} INFO - Setting next_dagrun for example_dag_decorator to None
[2024-01-28 07:52:18,014] {processor.py:170} INFO - Processing /home/airflow/.local/lib/python3.6/site-packages/airflow/example_dags/example_dag_decorator.py took 0.254 seconds
[2024-01-28 07:52:48,674] {processor.py:162} INFO - Started process (PID=602) to work on /home/airflow/.local/lib/python3.6/site-packages/airflow/example_dags/example_dag_decorator.py
[2024-01-28 07:52:48,676] {processor.py:613} INFO - Processing file /home/airflow/.local/lib/python3.6/site-packages/airflow/example_dags/example_dag_decorator.py for tasks to queue
[2024-01-28 07:52:48,676] {logging_mixin.py:109} INFO - [2024-01-28 07:52:48,676] {dagbag.py:496} INFO - Filling up the DagBag from /home/airflow/.local/lib/python3.6/site-packages/airflow/example_dags/example_dag_decorator.py
[2024-01-28 07:52:48,690] {processor.py:623} INFO - DAG(s) dict_keys(['example_dag_decorator']) retrieved from /home/airflow/.local/lib/python3.6/site-packages/airflow/example_dags/example_dag_decorator.py
[2024-01-28 07:52:48,708] {logging_mixin.py:109} INFO - [2024-01-28 07:52:48,708] {dag.py:1834} INFO - Sync 1 DAGs
[2024-01-28 07:52:48,719] {logging_mixin.py:109} INFO - [2024-01-28 07:52:48,719] {dag.py:2287} INFO - Setting next_dagrun for example_dag_decorator to None
[2024-01-28 07:52:48,730] {processor.py:170} INFO - Processing /home/airflow/.local/lib/python3.6/site-packages/airflow/example_dags/example_dag_decorator.py took 0.058 seconds
[2024-01-28 07:53:19,156] {processor.py:162} INFO - Started process (PID=797) to work on /home/airflow/.local/lib/python3.6/site-packages/airflow/example_dags/example_dag_decorator.py
[2024-01-28 07:53:19,157] {processor.py:613} INFO - Processing file /home/airflow/.local/lib/python3.6/site-packages/airflow/example_dags/example_dag_decorator.py for tasks to queue
[2024-01-28 07:53:19,158] {logging_mixin.py:109} INFO - [2024-01-28 07:53:19,158] {dagbag.py:496} INFO - Filling up the DagBag from /home/airflow/.local/lib/python3.6/site-packages/airflow/example_dags/example_dag_decorator.py
[2024-01-28 07:53:19,170] {processor.py:623} INFO - DAG(s) dict_keys(['example_dag_decorator']) retrieved from /home/airflow/.local/lib/python3.6/site-packages/airflow/example_dags/example_dag_decorator.py
[2024-01-28 07:53:19,331] {logging_mixin.py:109} INFO - [2024-01-28 07:53:19,331] {dag.py:1834} INFO - Sync 1 DAGs
[2024-01-28 07:53:19,341] {logging_mixin.py:109} INFO - [2024-01-28 07:53:19,341] {dag.py:2287} INFO - Setting next_dagrun for example_dag_decorator to None
[2024-01-28 07:53:19,352] {processor.py:170} INFO - Processing /home/airflow/.local/lib/python3.6/site-packages/airflow/example_dags/example_dag_decorator.py took 0.197 seconds
[2024-01-28 07:53:49,765] {processor.py:162} INFO - Started process (PID=1003) to work on /home/airflow/.local/lib/python3.6/site-packages/airflow/example_dags/example_dag_decorator.py
[2024-01-28 07:53:49,766] {processor.py:613} INFO - Processing file /home/airflow/.local/lib/python3.6/site-packages/airflow/example_dags/example_dag_decorator.py for tasks to queue
[2024-01-28 07:53:49,766] {logging_mixin.py:109} INFO - [2024-01-28 07:53:49,766] {dagbag.py:496} INFO - Filling up the DagBag from /home/airflow/.local/lib/python3.6/site-packages/airflow/example_dags/example_dag_decorator.py
[2024-01-28 07:53:49,780] {processor.py:623} INFO - DAG(s) dict_keys(['example_dag_decorator']) retrieved from /home/airflow/.local/lib/python3.6/site-packages/airflow/example_dags/example_dag_decorator.py
[2024-01-28 07:53:49,959] {logging_mixin.py:109} INFO - [2024-01-28 07:53:49,959] {dag.py:1834} INFO - Sync 1 DAGs
[2024-01-28 07:53:49,968] {logging_mixin.py:109} INFO - [2024-01-28 07:53:49,967] {dag.py:2287} INFO - Setting next_dagrun for example_dag_decorator to None
[2024-01-28 07:53:49,977] {processor.py:170} INFO - Processing /home/airflow/.local/lib/python3.6/site-packages/airflow/example_dags/example_dag_decorator.py took 0.214 seconds
[2024-01-28 07:54:20,392] {processor.py:162} INFO - Started process (PID=1208) to work on /home/airflow/.local/lib/python3.6/site-packages/airflow/example_dags/example_dag_decorator.py
[2024-01-28 07:54:20,393] {processor.py:613} INFO - Processing file /home/airflow/.local/lib/python3.6/site-packages/airflow/example_dags/example_dag_decorator.py for tasks to queue
[2024-01-28 07:54:20,394] {logging_mixin.py:109} INFO - [2024-01-28 07:54:20,394] {dagbag.py:496} INFO - Filling up the DagBag from /home/airflow/.local/lib/python3.6/site-packages/airflow/example_dags/example_dag_decorator.py
[2024-01-28 07:54:20,406] {processor.py:623} INFO - DAG(s) dict_keys(['example_dag_decorator']) retrieved from /home/airflow/.local/lib/python3.6/site-packages/airflow/example_dags/example_dag_decorator.py
[2024-01-28 07:54:20,612] {logging_mixin.py:109} INFO - [2024-01-28 07:54:20,611] {dag.py:1834} INFO - Sync 1 DAGs
[2024-01-28 07:54:20,621] {logging_mixin.py:109} INFO - [2024-01-28 07:54:20,621] {dag.py:2287} INFO - Setting next_dagrun for example_dag_decorator to None
[2024-01-28 07:54:20,634] {processor.py:170} INFO - Processing /home/airflow/.local/lib/python3.6/site-packages/airflow/example_dags/example_dag_decorator.py took 0.244 seconds
[2024-01-28 07:54:50,840] {processor.py:162} INFO - Started process (PID=1503) to work on /home/airflow/.local/lib/python3.6/site-packages/airflow/example_dags/example_dag_decorator.py
[2024-01-28 07:54:50,842] {processor.py:613} INFO - Processing file /home/airflow/.local/lib/python3.6/site-packages/airflow/example_dags/example_dag_decorator.py for tasks to queue
[2024-01-28 07:54:50,843] {logging_mixin.py:109} INFO - [2024-01-28 07:54:50,843] {dagbag.py:496} INFO - Filling up the DagBag from /home/airflow/.local/lib/python3.6/site-packages/airflow/example_dags/example_dag_decorator.py
[2024-01-28 07:54:50,856] {processor.py:623} INFO - DAG(s) dict_keys(['example_dag_decorator']) retrieved from /home/airflow/.local/lib/python3.6/site-packages/airflow/example_dags/example_dag_decorator.py
[2024-01-28 07:54:51,007] {logging_mixin.py:109} INFO - [2024-01-28 07:54:51,007] {dag.py:1834} INFO - Sync 1 DAGs
[2024-01-28 07:54:51,018] {logging_mixin.py:109} INFO - [2024-01-28 07:54:51,018] {dag.py:2287} INFO - Setting next_dagrun for example_dag_decorator to None
[2024-01-28 07:54:51,031] {processor.py:170} INFO - Processing /home/airflow/.local/lib/python3.6/site-packages/airflow/example_dags/example_dag_decorator.py took 0.192 seconds
[2024-01-28 07:55:21,576] {processor.py:162} INFO - Started process (PID=1914) to work on /home/airflow/.local/lib/python3.6/site-packages/airflow/example_dags/example_dag_decorator.py
[2024-01-28 07:55:21,577] {processor.py:613} INFO - Processing file /home/airflow/.local/lib/python3.6/site-packages/airflow/example_dags/example_dag_decorator.py for tasks to queue
[2024-01-28 07:55:21,578] {logging_mixin.py:109} INFO - [2024-01-28 07:55:21,578] {dagbag.py:496} INFO - Filling up the DagBag from /home/airflow/.local/lib/python3.6/site-packages/airflow/example_dags/example_dag_decorator.py
[2024-01-28 07:55:21,595] {processor.py:623} INFO - DAG(s) dict_keys(['example_dag_decorator']) retrieved from /home/airflow/.local/lib/python3.6/site-packages/airflow/example_dags/example_dag_decorator.py
[2024-01-28 07:55:21,770] {logging_mixin.py:109} INFO - [2024-01-28 07:55:21,769] {dag.py:1834} INFO - Sync 1 DAGs
[2024-01-28 07:55:21,779] {logging_mixin.py:109} INFO - [2024-01-28 07:55:21,779] {dag.py:2287} INFO - Setting next_dagrun for example_dag_decorator to None
[2024-01-28 07:55:21,791] {processor.py:170} INFO - Processing /home/airflow/.local/lib/python3.6/site-packages/airflow/example_dags/example_dag_decorator.py took 0.217 seconds
