[2024-01-28 07:51:47,641] {processor.py:162} INFO - Started process (PID=252) to work on /home/airflow/.local/lib/python3.6/site-packages/airflow/example_dags/tutorial_taskflow_api_etl.py
[2024-01-28 07:51:47,642] {processor.py:613} INFO - Processing file /home/airflow/.local/lib/python3.6/site-packages/airflow/example_dags/tutorial_taskflow_api_etl.py for tasks to queue
[2024-01-28 07:51:47,643] {logging_mixin.py:109} INFO - [2024-01-28 07:51:47,643] {dagbag.py:496} INFO - Filling up the DagBag from /home/airflow/.local/lib/python3.6/site-packages/airflow/example_dags/tutorial_taskflow_api_etl.py
[2024-01-28 07:51:47,660] {processor.py:623} INFO - DAG(s) dict_keys(['tutorial_taskflow_api_etl']) retrieved from /home/airflow/.local/lib/python3.6/site-packages/airflow/example_dags/tutorial_taskflow_api_etl.py
[2024-01-28 07:51:47,827] {logging_mixin.py:109} INFO - [2024-01-28 07:51:47,827] {dag.py:1834} INFO - Sync 1 DAGs
[2024-01-28 07:51:47,837] {logging_mixin.py:109} INFO - [2024-01-28 07:51:47,836] {dag.py:2287} INFO - Setting next_dagrun for tutorial_taskflow_api_etl to None
[2024-01-28 07:51:47,847] {processor.py:170} INFO - Processing /home/airflow/.local/lib/python3.6/site-packages/airflow/example_dags/tutorial_taskflow_api_etl.py took 0.209 seconds
[2024-01-28 07:52:18,357] {processor.py:162} INFO - Started process (PID=447) to work on /home/airflow/.local/lib/python3.6/site-packages/airflow/example_dags/tutorial_taskflow_api_etl.py
[2024-01-28 07:52:18,359] {processor.py:613} INFO - Processing file /home/airflow/.local/lib/python3.6/site-packages/airflow/example_dags/tutorial_taskflow_api_etl.py for tasks to queue
[2024-01-28 07:52:18,359] {logging_mixin.py:109} INFO - [2024-01-28 07:52:18,359] {dagbag.py:496} INFO - Filling up the DagBag from /home/airflow/.local/lib/python3.6/site-packages/airflow/example_dags/tutorial_taskflow_api_etl.py
[2024-01-28 07:52:18,371] {processor.py:623} INFO - DAG(s) dict_keys(['tutorial_taskflow_api_etl']) retrieved from /home/airflow/.local/lib/python3.6/site-packages/airflow/example_dags/tutorial_taskflow_api_etl.py
[2024-01-28 07:52:18,536] {logging_mixin.py:109} INFO - [2024-01-28 07:52:18,536] {dag.py:1834} INFO - Sync 1 DAGs
[2024-01-28 07:52:18,547] {logging_mixin.py:109} INFO - [2024-01-28 07:52:18,547] {dag.py:2287} INFO - Setting next_dagrun for tutorial_taskflow_api_etl to None
[2024-01-28 07:52:18,575] {processor.py:170} INFO - Processing /home/airflow/.local/lib/python3.6/site-packages/airflow/example_dags/tutorial_taskflow_api_etl.py took 0.220 seconds
[2024-01-28 07:52:49,106] {processor.py:162} INFO - Started process (PID=653) to work on /home/airflow/.local/lib/python3.6/site-packages/airflow/example_dags/tutorial_taskflow_api_etl.py
[2024-01-28 07:52:49,108] {processor.py:613} INFO - Processing file /home/airflow/.local/lib/python3.6/site-packages/airflow/example_dags/tutorial_taskflow_api_etl.py for tasks to queue
[2024-01-28 07:52:49,108] {logging_mixin.py:109} INFO - [2024-01-28 07:52:49,108] {dagbag.py:496} INFO - Filling up the DagBag from /home/airflow/.local/lib/python3.6/site-packages/airflow/example_dags/tutorial_taskflow_api_etl.py
[2024-01-28 07:52:49,119] {processor.py:623} INFO - DAG(s) dict_keys(['tutorial_taskflow_api_etl']) retrieved from /home/airflow/.local/lib/python3.6/site-packages/airflow/example_dags/tutorial_taskflow_api_etl.py
[2024-01-28 07:52:49,266] {logging_mixin.py:109} INFO - [2024-01-28 07:52:49,266] {dag.py:1834} INFO - Sync 1 DAGs
[2024-01-28 07:52:49,275] {logging_mixin.py:109} INFO - [2024-01-28 07:52:49,275] {dag.py:2287} INFO - Setting next_dagrun for tutorial_taskflow_api_etl to None
[2024-01-28 07:52:49,288] {processor.py:170} INFO - Processing /home/airflow/.local/lib/python3.6/site-packages/airflow/example_dags/tutorial_taskflow_api_etl.py took 0.184 seconds
[2024-01-28 07:53:19,667] {processor.py:162} INFO - Started process (PID=856) to work on /home/airflow/.local/lib/python3.6/site-packages/airflow/example_dags/tutorial_taskflow_api_etl.py
[2024-01-28 07:53:19,667] {processor.py:613} INFO - Processing file /home/airflow/.local/lib/python3.6/site-packages/airflow/example_dags/tutorial_taskflow_api_etl.py for tasks to queue
[2024-01-28 07:53:19,668] {logging_mixin.py:109} INFO - [2024-01-28 07:53:19,668] {dagbag.py:496} INFO - Filling up the DagBag from /home/airflow/.local/lib/python3.6/site-packages/airflow/example_dags/tutorial_taskflow_api_etl.py
[2024-01-28 07:53:19,679] {processor.py:623} INFO - DAG(s) dict_keys(['tutorial_taskflow_api_etl']) retrieved from /home/airflow/.local/lib/python3.6/site-packages/airflow/example_dags/tutorial_taskflow_api_etl.py
[2024-01-28 07:53:19,853] {logging_mixin.py:109} INFO - [2024-01-28 07:53:19,853] {dag.py:1834} INFO - Sync 1 DAGs
[2024-01-28 07:53:19,864] {logging_mixin.py:109} INFO - [2024-01-28 07:53:19,863] {dag.py:2287} INFO - Setting next_dagrun for tutorial_taskflow_api_etl to None
[2024-01-28 07:53:19,874] {processor.py:170} INFO - Processing /home/airflow/.local/lib/python3.6/site-packages/airflow/example_dags/tutorial_taskflow_api_etl.py took 0.209 seconds
[2024-01-28 07:53:50,283] {processor.py:162} INFO - Started process (PID=1054) to work on /home/airflow/.local/lib/python3.6/site-packages/airflow/example_dags/tutorial_taskflow_api_etl.py
[2024-01-28 07:53:50,284] {processor.py:613} INFO - Processing file /home/airflow/.local/lib/python3.6/site-packages/airflow/example_dags/tutorial_taskflow_api_etl.py for tasks to queue
[2024-01-28 07:53:50,285] {logging_mixin.py:109} INFO - [2024-01-28 07:53:50,285] {dagbag.py:496} INFO - Filling up the DagBag from /home/airflow/.local/lib/python3.6/site-packages/airflow/example_dags/tutorial_taskflow_api_etl.py
[2024-01-28 07:53:50,295] {processor.py:623} INFO - DAG(s) dict_keys(['tutorial_taskflow_api_etl']) retrieved from /home/airflow/.local/lib/python3.6/site-packages/airflow/example_dags/tutorial_taskflow_api_etl.py
[2024-01-28 07:53:50,435] {logging_mixin.py:109} INFO - [2024-01-28 07:53:50,435] {dag.py:1834} INFO - Sync 1 DAGs
[2024-01-28 07:53:50,445] {logging_mixin.py:109} INFO - [2024-01-28 07:53:50,445] {dag.py:2287} INFO - Setting next_dagrun for tutorial_taskflow_api_etl to None
[2024-01-28 07:53:50,457] {processor.py:170} INFO - Processing /home/airflow/.local/lib/python3.6/site-packages/airflow/example_dags/tutorial_taskflow_api_etl.py took 0.175 seconds
[2024-01-28 07:54:21,013] {processor.py:162} INFO - Started process (PID=1264) to work on /home/airflow/.local/lib/python3.6/site-packages/airflow/example_dags/tutorial_taskflow_api_etl.py
[2024-01-28 07:54:21,014] {processor.py:613} INFO - Processing file /home/airflow/.local/lib/python3.6/site-packages/airflow/example_dags/tutorial_taskflow_api_etl.py for tasks to queue
[2024-01-28 07:54:21,014] {logging_mixin.py:109} INFO - [2024-01-28 07:54:21,014] {dagbag.py:496} INFO - Filling up the DagBag from /home/airflow/.local/lib/python3.6/site-packages/airflow/example_dags/tutorial_taskflow_api_etl.py
[2024-01-28 07:54:21,038] {processor.py:623} INFO - DAG(s) dict_keys(['tutorial_taskflow_api_etl']) retrieved from /home/airflow/.local/lib/python3.6/site-packages/airflow/example_dags/tutorial_taskflow_api_etl.py
[2024-01-28 07:54:21,063] {logging_mixin.py:109} INFO - [2024-01-28 07:54:21,063] {dag.py:1834} INFO - Sync 1 DAGs
[2024-01-28 07:54:21,076] {logging_mixin.py:109} INFO - [2024-01-28 07:54:21,076] {dag.py:2287} INFO - Setting next_dagrun for tutorial_taskflow_api_etl to None
[2024-01-28 07:54:21,088] {processor.py:170} INFO - Processing /home/airflow/.local/lib/python3.6/site-packages/airflow/example_dags/tutorial_taskflow_api_etl.py took 0.078 seconds
[2024-01-28 07:54:51,349] {processor.py:162} INFO - Started process (PID=1556) to work on /home/airflow/.local/lib/python3.6/site-packages/airflow/example_dags/tutorial_taskflow_api_etl.py
[2024-01-28 07:54:51,351] {processor.py:613} INFO - Processing file /home/airflow/.local/lib/python3.6/site-packages/airflow/example_dags/tutorial_taskflow_api_etl.py for tasks to queue
[2024-01-28 07:54:51,352] {logging_mixin.py:109} INFO - [2024-01-28 07:54:51,352] {dagbag.py:496} INFO - Filling up the DagBag from /home/airflow/.local/lib/python3.6/site-packages/airflow/example_dags/tutorial_taskflow_api_etl.py
[2024-01-28 07:54:51,374] {processor.py:623} INFO - DAG(s) dict_keys(['tutorial_taskflow_api_etl']) retrieved from /home/airflow/.local/lib/python3.6/site-packages/airflow/example_dags/tutorial_taskflow_api_etl.py
[2024-01-28 07:54:51,541] {logging_mixin.py:109} INFO - [2024-01-28 07:54:51,541] {dag.py:1834} INFO - Sync 1 DAGs
[2024-01-28 07:54:51,551] {logging_mixin.py:109} INFO - [2024-01-28 07:54:51,551] {dag.py:2287} INFO - Setting next_dagrun for tutorial_taskflow_api_etl to None
[2024-01-28 07:54:51,563] {processor.py:170} INFO - Processing /home/airflow/.local/lib/python3.6/site-packages/airflow/example_dags/tutorial_taskflow_api_etl.py took 0.216 seconds
[2024-01-28 07:55:22,145] {processor.py:162} INFO - Started process (PID=1970) to work on /home/airflow/.local/lib/python3.6/site-packages/airflow/example_dags/tutorial_taskflow_api_etl.py
[2024-01-28 07:55:22,146] {processor.py:613} INFO - Processing file /home/airflow/.local/lib/python3.6/site-packages/airflow/example_dags/tutorial_taskflow_api_etl.py for tasks to queue
[2024-01-28 07:55:22,146] {logging_mixin.py:109} INFO - [2024-01-28 07:55:22,146] {dagbag.py:496} INFO - Filling up the DagBag from /home/airflow/.local/lib/python3.6/site-packages/airflow/example_dags/tutorial_taskflow_api_etl.py
[2024-01-28 07:55:22,158] {processor.py:623} INFO - DAG(s) dict_keys(['tutorial_taskflow_api_etl']) retrieved from /home/airflow/.local/lib/python3.6/site-packages/airflow/example_dags/tutorial_taskflow_api_etl.py
[2024-01-28 07:55:22,312] {logging_mixin.py:109} INFO - [2024-01-28 07:55:22,312] {dag.py:1834} INFO - Sync 1 DAGs
[2024-01-28 07:55:22,323] {logging_mixin.py:109} INFO - [2024-01-28 07:55:22,323] {dag.py:2287} INFO - Setting next_dagrun for tutorial_taskflow_api_etl to None
[2024-01-28 07:55:22,335] {processor.py:170} INFO - Processing /home/airflow/.local/lib/python3.6/site-packages/airflow/example_dags/tutorial_taskflow_api_etl.py took 0.192 seconds
