[2024-01-28 07:51:48,218] {processor.py:162} INFO - Started process (PID=277) to work on /home/airflow/.local/lib/python3.6/site-packages/airflow/example_dags/tutorial_taskflow_api_etl_virtualenv.py
[2024-01-28 07:51:48,219] {processor.py:613} INFO - Processing file /home/airflow/.local/lib/python3.6/site-packages/airflow/example_dags/tutorial_taskflow_api_etl_virtualenv.py for tasks to queue
[2024-01-28 07:51:48,219] {logging_mixin.py:109} INFO - [2024-01-28 07:51:48,219] {dagbag.py:496} INFO - Filling up the DagBag from /home/airflow/.local/lib/python3.6/site-packages/airflow/example_dags/tutorial_taskflow_api_etl_virtualenv.py
[2024-01-28 07:51:48,232] {processor.py:623} INFO - DAG(s) dict_keys(['tutorial_taskflow_api_etl_virtualenv']) retrieved from /home/airflow/.local/lib/python3.6/site-packages/airflow/example_dags/tutorial_taskflow_api_etl_virtualenv.py
[2024-01-28 07:51:48,390] {logging_mixin.py:109} INFO - [2024-01-28 07:51:48,390] {dag.py:1834} INFO - Sync 1 DAGs
[2024-01-28 07:51:48,400] {logging_mixin.py:109} INFO - [2024-01-28 07:51:48,400] {dag.py:2287} INFO - Setting next_dagrun for tutorial_taskflow_api_etl_virtualenv to None
[2024-01-28 07:51:48,411] {processor.py:170} INFO - Processing /home/airflow/.local/lib/python3.6/site-packages/airflow/example_dags/tutorial_taskflow_api_etl_virtualenv.py took 0.196 seconds
[2024-01-28 07:52:18,638] {processor.py:162} INFO - Started process (PID=472) to work on /home/airflow/.local/lib/python3.6/site-packages/airflow/example_dags/tutorial_taskflow_api_etl_virtualenv.py
[2024-01-28 07:52:18,639] {processor.py:613} INFO - Processing file /home/airflow/.local/lib/python3.6/site-packages/airflow/example_dags/tutorial_taskflow_api_etl_virtualenv.py for tasks to queue
[2024-01-28 07:52:18,641] {logging_mixin.py:109} INFO - [2024-01-28 07:52:18,640] {dagbag.py:496} INFO - Filling up the DagBag from /home/airflow/.local/lib/python3.6/site-packages/airflow/example_dags/tutorial_taskflow_api_etl_virtualenv.py
[2024-01-28 07:52:18,663] {processor.py:623} INFO - DAG(s) dict_keys(['tutorial_taskflow_api_etl_virtualenv']) retrieved from /home/airflow/.local/lib/python3.6/site-packages/airflow/example_dags/tutorial_taskflow_api_etl_virtualenv.py
[2024-01-28 07:52:18,889] {logging_mixin.py:109} INFO - [2024-01-28 07:52:18,889] {dag.py:1834} INFO - Sync 1 DAGs
[2024-01-28 07:52:18,902] {logging_mixin.py:109} INFO - [2024-01-28 07:52:18,902] {dag.py:2287} INFO - Setting next_dagrun for tutorial_taskflow_api_etl_virtualenv to None
[2024-01-28 07:52:18,917] {processor.py:170} INFO - Processing /home/airflow/.local/lib/python3.6/site-packages/airflow/example_dags/tutorial_taskflow_api_etl_virtualenv.py took 0.283 seconds
[2024-01-28 07:52:49,339] {processor.py:162} INFO - Started process (PID=678) to work on /home/airflow/.local/lib/python3.6/site-packages/airflow/example_dags/tutorial_taskflow_api_etl_virtualenv.py
[2024-01-28 07:52:49,340] {processor.py:613} INFO - Processing file /home/airflow/.local/lib/python3.6/site-packages/airflow/example_dags/tutorial_taskflow_api_etl_virtualenv.py for tasks to queue
[2024-01-28 07:52:49,341] {logging_mixin.py:109} INFO - [2024-01-28 07:52:49,340] {dagbag.py:496} INFO - Filling up the DagBag from /home/airflow/.local/lib/python3.6/site-packages/airflow/example_dags/tutorial_taskflow_api_etl_virtualenv.py
[2024-01-28 07:52:49,352] {processor.py:623} INFO - DAG(s) dict_keys(['tutorial_taskflow_api_etl_virtualenv']) retrieved from /home/airflow/.local/lib/python3.6/site-packages/airflow/example_dags/tutorial_taskflow_api_etl_virtualenv.py
[2024-01-28 07:52:49,486] {logging_mixin.py:109} INFO - [2024-01-28 07:52:49,486] {dag.py:1834} INFO - Sync 1 DAGs
[2024-01-28 07:52:49,496] {logging_mixin.py:109} INFO - [2024-01-28 07:52:49,496] {dag.py:2287} INFO - Setting next_dagrun for tutorial_taskflow_api_etl_virtualenv to None
[2024-01-28 07:52:49,506] {processor.py:170} INFO - Processing /home/airflow/.local/lib/python3.6/site-packages/airflow/example_dags/tutorial_taskflow_api_etl_virtualenv.py took 0.169 seconds
[2024-01-28 07:53:19,912] {processor.py:162} INFO - Started process (PID=883) to work on /home/airflow/.local/lib/python3.6/site-packages/airflow/example_dags/tutorial_taskflow_api_etl_virtualenv.py
[2024-01-28 07:53:19,913] {processor.py:613} INFO - Processing file /home/airflow/.local/lib/python3.6/site-packages/airflow/example_dags/tutorial_taskflow_api_etl_virtualenv.py for tasks to queue
[2024-01-28 07:53:19,914] {logging_mixin.py:109} INFO - [2024-01-28 07:53:19,914] {dagbag.py:496} INFO - Filling up the DagBag from /home/airflow/.local/lib/python3.6/site-packages/airflow/example_dags/tutorial_taskflow_api_etl_virtualenv.py
[2024-01-28 07:53:19,926] {processor.py:623} INFO - DAG(s) dict_keys(['tutorial_taskflow_api_etl_virtualenv']) retrieved from /home/airflow/.local/lib/python3.6/site-packages/airflow/example_dags/tutorial_taskflow_api_etl_virtualenv.py
[2024-01-28 07:53:20,076] {logging_mixin.py:109} INFO - [2024-01-28 07:53:20,075] {dag.py:1834} INFO - Sync 1 DAGs
[2024-01-28 07:53:20,086] {logging_mixin.py:109} INFO - [2024-01-28 07:53:20,085] {dag.py:2287} INFO - Setting next_dagrun for tutorial_taskflow_api_etl_virtualenv to None
[2024-01-28 07:53:20,098] {processor.py:170} INFO - Processing /home/airflow/.local/lib/python3.6/site-packages/airflow/example_dags/tutorial_taskflow_api_etl_virtualenv.py took 0.188 seconds
[2024-01-28 07:53:50,516] {processor.py:162} INFO - Started process (PID=1079) to work on /home/airflow/.local/lib/python3.6/site-packages/airflow/example_dags/tutorial_taskflow_api_etl_virtualenv.py
[2024-01-28 07:53:50,518] {processor.py:613} INFO - Processing file /home/airflow/.local/lib/python3.6/site-packages/airflow/example_dags/tutorial_taskflow_api_etl_virtualenv.py for tasks to queue
[2024-01-28 07:53:50,518] {logging_mixin.py:109} INFO - [2024-01-28 07:53:50,518] {dagbag.py:496} INFO - Filling up the DagBag from /home/airflow/.local/lib/python3.6/site-packages/airflow/example_dags/tutorial_taskflow_api_etl_virtualenv.py
[2024-01-28 07:53:50,531] {processor.py:623} INFO - DAG(s) dict_keys(['tutorial_taskflow_api_etl_virtualenv']) retrieved from /home/airflow/.local/lib/python3.6/site-packages/airflow/example_dags/tutorial_taskflow_api_etl_virtualenv.py
[2024-01-28 07:53:50,697] {logging_mixin.py:109} INFO - [2024-01-28 07:53:50,697] {dag.py:1834} INFO - Sync 1 DAGs
[2024-01-28 07:53:50,708] {logging_mixin.py:109} INFO - [2024-01-28 07:53:50,708] {dag.py:2287} INFO - Setting next_dagrun for tutorial_taskflow_api_etl_virtualenv to None
[2024-01-28 07:53:50,721] {processor.py:170} INFO - Processing /home/airflow/.local/lib/python3.6/site-packages/airflow/example_dags/tutorial_taskflow_api_etl_virtualenv.py took 0.207 seconds
[2024-01-28 07:54:21,162] {processor.py:162} INFO - Started process (PID=1284) to work on /home/airflow/.local/lib/python3.6/site-packages/airflow/example_dags/tutorial_taskflow_api_etl_virtualenv.py
[2024-01-28 07:54:21,163] {processor.py:613} INFO - Processing file /home/airflow/.local/lib/python3.6/site-packages/airflow/example_dags/tutorial_taskflow_api_etl_virtualenv.py for tasks to queue
[2024-01-28 07:54:21,164] {logging_mixin.py:109} INFO - [2024-01-28 07:54:21,164] {dagbag.py:496} INFO - Filling up the DagBag from /home/airflow/.local/lib/python3.6/site-packages/airflow/example_dags/tutorial_taskflow_api_etl_virtualenv.py
[2024-01-28 07:54:21,175] {processor.py:623} INFO - DAG(s) dict_keys(['tutorial_taskflow_api_etl_virtualenv']) retrieved from /home/airflow/.local/lib/python3.6/site-packages/airflow/example_dags/tutorial_taskflow_api_etl_virtualenv.py
[2024-01-28 07:54:21,190] {logging_mixin.py:109} INFO - [2024-01-28 07:54:21,190] {dag.py:1834} INFO - Sync 1 DAGs
[2024-01-28 07:54:21,201] {logging_mixin.py:109} INFO - [2024-01-28 07:54:21,201] {dag.py:2287} INFO - Setting next_dagrun for tutorial_taskflow_api_etl_virtualenv to None
[2024-01-28 07:54:21,211] {processor.py:170} INFO - Processing /home/airflow/.local/lib/python3.6/site-packages/airflow/example_dags/tutorial_taskflow_api_etl_virtualenv.py took 0.051 seconds
[2024-01-28 07:54:51,646] {processor.py:162} INFO - Started process (PID=1581) to work on /home/airflow/.local/lib/python3.6/site-packages/airflow/example_dags/tutorial_taskflow_api_etl_virtualenv.py
[2024-01-28 07:54:51,647] {processor.py:613} INFO - Processing file /home/airflow/.local/lib/python3.6/site-packages/airflow/example_dags/tutorial_taskflow_api_etl_virtualenv.py for tasks to queue
[2024-01-28 07:54:51,648] {logging_mixin.py:109} INFO - [2024-01-28 07:54:51,648] {dagbag.py:496} INFO - Filling up the DagBag from /home/airflow/.local/lib/python3.6/site-packages/airflow/example_dags/tutorial_taskflow_api_etl_virtualenv.py
[2024-01-28 07:54:51,661] {processor.py:623} INFO - DAG(s) dict_keys(['tutorial_taskflow_api_etl_virtualenv']) retrieved from /home/airflow/.local/lib/python3.6/site-packages/airflow/example_dags/tutorial_taskflow_api_etl_virtualenv.py
[2024-01-28 07:54:51,827] {logging_mixin.py:109} INFO - [2024-01-28 07:54:51,827] {dag.py:1834} INFO - Sync 1 DAGs
[2024-01-28 07:54:51,838] {logging_mixin.py:109} INFO - [2024-01-28 07:54:51,838] {dag.py:2287} INFO - Setting next_dagrun for tutorial_taskflow_api_etl_virtualenv to None
[2024-01-28 07:54:51,853] {processor.py:170} INFO - Processing /home/airflow/.local/lib/python3.6/site-packages/airflow/example_dags/tutorial_taskflow_api_etl_virtualenv.py took 0.209 seconds
[2024-01-28 07:55:22,351] {processor.py:162} INFO - Started process (PID=1991) to work on /home/airflow/.local/lib/python3.6/site-packages/airflow/example_dags/tutorial_taskflow_api_etl_virtualenv.py
[2024-01-28 07:55:22,352] {processor.py:613} INFO - Processing file /home/airflow/.local/lib/python3.6/site-packages/airflow/example_dags/tutorial_taskflow_api_etl_virtualenv.py for tasks to queue
[2024-01-28 07:55:22,353] {logging_mixin.py:109} INFO - [2024-01-28 07:55:22,353] {dagbag.py:496} INFO - Filling up the DagBag from /home/airflow/.local/lib/python3.6/site-packages/airflow/example_dags/tutorial_taskflow_api_etl_virtualenv.py
[2024-01-28 07:55:22,365] {processor.py:623} INFO - DAG(s) dict_keys(['tutorial_taskflow_api_etl_virtualenv']) retrieved from /home/airflow/.local/lib/python3.6/site-packages/airflow/example_dags/tutorial_taskflow_api_etl_virtualenv.py
[2024-01-28 07:55:22,514] {logging_mixin.py:109} INFO - [2024-01-28 07:55:22,514] {dag.py:1834} INFO - Sync 1 DAGs
[2024-01-28 07:55:22,525] {logging_mixin.py:109} INFO - [2024-01-28 07:55:22,525] {dag.py:2287} INFO - Setting next_dagrun for tutorial_taskflow_api_etl_virtualenv to None
[2024-01-28 07:55:22,537] {processor.py:170} INFO - Processing /home/airflow/.local/lib/python3.6/site-packages/airflow/example_dags/tutorial_taskflow_api_etl_virtualenv.py took 0.188 seconds
