[2023-12-03 15:06:33,171] {taskinstance.py:903} INFO - Dependencies all met for <TaskInstance: meeting.merge_data 2023-12-03T14:00:00+00:00 [queued]>
[2023-12-03 15:06:33,181] {taskinstance.py:903} INFO - Dependencies all met for <TaskInstance: meeting.merge_data 2023-12-03T14:00:00+00:00 [queued]>
[2023-12-03 15:06:33,182] {taskinstance.py:1095} INFO - 
--------------------------------------------------------------------------------
[2023-12-03 15:06:33,182] {taskinstance.py:1096} INFO - Starting attempt 1 of 1
[2023-12-03 15:06:33,182] {taskinstance.py:1097} INFO - 
--------------------------------------------------------------------------------
[2023-12-03 15:06:33,194] {taskinstance.py:1115} INFO - Executing <Task(PythonOperator): merge_data> on 2023-12-03T14:00:00+00:00
[2023-12-03 15:06:33,199] {standard_task_runner.py:52} INFO - Started process 17227 to run task
[2023-12-03 15:06:33,201] {standard_task_runner.py:76} INFO - Running: ['***', 'tasks', 'run', 'meeting', 'merge_data', '2023-12-03T14:00:00+00:00', '--job-id', '81', '--pool', 'default_pool', '--raw', '--subdir', 'DAGS_FOLDER/first_dag.py', '--cfg-path', '/tmp/tmpg8owwmyq', '--error-file', '/tmp/tmpmg9vc38n']
[2023-12-03 15:06:33,203] {standard_task_runner.py:77} INFO - Job 81: Subtask merge_data
[2023-12-03 15:06:33,239] {logging_mixin.py:109} INFO - Running <TaskInstance: meeting.merge_data 2023-12-03T14:00:00+00:00 [running]> on host 9d53e6732d94
[2023-12-03 15:06:33,293] {taskinstance.py:1254} INFO - Exporting the following env vars:
AIRFLOW_CTX_DAG_OWNER=***
AIRFLOW_CTX_DAG_ID=meeting
AIRFLOW_CTX_TASK_ID=merge_data
AIRFLOW_CTX_EXECUTION_DATE=2023-12-03T14:00:00+00:00
AIRFLOW_CTX_DAG_RUN_ID=scheduled__2023-12-03T14:00:00+00:00
[2023-12-03 15:06:33,316] {python.py:151} INFO - Done. Returned value was: None
[2023-12-03 15:06:33,326] {taskinstance.py:1219} INFO - Marking task as SUCCESS. dag_id=meeting, task_id=merge_data, execution_date=20231203T140000, start_date=20231203T150633, end_date=20231203T150633
[2023-12-03 15:06:33,373] {local_task_job.py:151} INFO - Task exited with return code 0
[2023-12-03 15:06:33,398] {local_task_job.py:261} INFO - 0 downstream tasks scheduled from follow-on schedule check
