[2024-03-05 10:42:15,166] {taskinstance.py:903} INFO - Dependencies all met for <TaskInstance: meeting_project.fetch_comment 2024-03-05T10:42:13.512806+00:00 [queued]>
[2024-03-05 10:42:15,183] {taskinstance.py:903} INFO - Dependencies all met for <TaskInstance: meeting_project.fetch_comment 2024-03-05T10:42:13.512806+00:00 [queued]>
[2024-03-05 10:42:15,183] {taskinstance.py:1095} INFO - 
--------------------------------------------------------------------------------
[2024-03-05 10:42:15,183] {taskinstance.py:1096} INFO - Starting attempt 1 of 1
[2024-03-05 10:42:15,183] {taskinstance.py:1097} INFO - 
--------------------------------------------------------------------------------
[2024-03-05 10:42:15,193] {taskinstance.py:1115} INFO - Executing <Task(PythonOperator): fetch_comment> on 2024-03-05T10:42:13.512806+00:00
[2024-03-05 10:42:15,197] {standard_task_runner.py:52} INFO - Started process 14918 to run task
[2024-03-05 10:42:15,200] {standard_task_runner.py:76} INFO - Running: ['***', 'tasks', 'run', 'meeting_project', 'fetch_comment', '2024-03-05T10:42:13.512806+00:00', '--job-id', '289', '--pool', 'default_pool', '--raw', '--subdir', 'DAGS_FOLDER/first_dag.py', '--cfg-path', '/tmp/tmpvursv_w7', '--error-file', '/tmp/tmpx_e5cgn3']
[2024-03-05 10:42:15,204] {standard_task_runner.py:77} INFO - Job 289: Subtask fetch_comment
[2024-03-05 10:42:15,244] {logging_mixin.py:109} INFO - Running <TaskInstance: meeting_project.fetch_comment 2024-03-05T10:42:13.512806+00:00 [running]> on host 4622d7b8f726
[2024-03-05 10:42:15,293] {taskinstance.py:1254} INFO - Exporting the following env vars:
AIRFLOW_CTX_DAG_OWNER=***
AIRFLOW_CTX_DAG_ID=meeting_project
AIRFLOW_CTX_TASK_ID=fetch_comment
AIRFLOW_CTX_EXECUTION_DATE=2024-03-05T10:42:13.512806+00:00
AIRFLOW_CTX_DAG_RUN_ID=manual__2024-03-05T10:42:13.512806+00:00
[2024-03-05 10:42:16,498] {logging_mixin.py:109} INFO - Output to /home/tnanun/***-meet/data/data_com.csv yoyoyoyoyoyo
[2024-03-05 10:42:16,499] {python.py:151} INFO - Done. Returned value was: None
[2024-03-05 10:42:16,515] {taskinstance.py:1219} INFO - Marking task as SUCCESS. dag_id=meeting_project, task_id=fetch_comment, execution_date=20240305T104213, start_date=20240305T104215, end_date=20240305T104216
[2024-03-05 10:42:16,577] {local_task_job.py:151} INFO - Task exited with return code 0
[2024-03-05 10:42:16,630] {local_task_job.py:261} INFO - 0 downstream tasks scheduled from follow-on schedule check
