[2024-03-09 03:00:16,822] {taskinstance.py:903} INFO - Dependencies all met for <TaskInstance: meeting_project492.fetch_comment 2024-03-09T03:00:15.034586+00:00 [queued]>
[2024-03-09 03:00:16,833] {taskinstance.py:903} INFO - Dependencies all met for <TaskInstance: meeting_project492.fetch_comment 2024-03-09T03:00:15.034586+00:00 [queued]>
[2024-03-09 03:00:16,833] {taskinstance.py:1095} INFO - 
--------------------------------------------------------------------------------
[2024-03-09 03:00:16,833] {taskinstance.py:1096} INFO - Starting attempt 1 of 1
[2024-03-09 03:00:16,833] {taskinstance.py:1097} INFO - 
--------------------------------------------------------------------------------
[2024-03-09 03:00:16,846] {taskinstance.py:1115} INFO - Executing <Task(PythonOperator): fetch_comment> on 2024-03-09T03:00:15.034586+00:00
[2024-03-09 03:00:16,851] {standard_task_runner.py:52} INFO - Started process 2157 to run task
[2024-03-09 03:00:16,853] {standard_task_runner.py:76} INFO - Running: ['***', 'tasks', 'run', 'meeting_project492', 'fetch_comment', '2024-03-09T03:00:15.034586+00:00', '--job-id', '359', '--pool', 'default_pool', '--raw', '--subdir', 'DAGS_FOLDER/first_dag.py', '--cfg-path', '/tmp/tmp03sqgn_e', '--error-file', '/tmp/tmpfp05x495']
[2024-03-09 03:00:16,855] {standard_task_runner.py:77} INFO - Job 359: Subtask fetch_comment
[2024-03-09 03:00:16,893] {logging_mixin.py:109} INFO - Running <TaskInstance: meeting_project492.fetch_comment 2024-03-09T03:00:15.034586+00:00 [running]> on host 62b9685fb4d1
[2024-03-09 03:00:16,944] {taskinstance.py:1254} INFO - Exporting the following env vars:
AIRFLOW_CTX_DAG_OWNER=***
AIRFLOW_CTX_DAG_ID=meeting_project492
AIRFLOW_CTX_TASK_ID=fetch_comment
AIRFLOW_CTX_EXECUTION_DATE=2024-03-09T03:00:15.034586+00:00
AIRFLOW_CTX_DAG_RUN_ID=manual__2024-03-09T03:00:15.034586+00:00
[2024-03-09 03:00:18,729] {logging_mixin.py:109} INFO - Output to /home/tnanun/***-meet/data/data_com.csv yoyoyoyoyoyo
[2024-03-09 03:00:18,730] {python.py:151} INFO - Done. Returned value was: None
[2024-03-09 03:00:18,738] {taskinstance.py:1219} INFO - Marking task as SUCCESS. dag_id=meeting_project492, task_id=fetch_comment, execution_date=20240309T030015, start_date=20240309T030016, end_date=20240309T030018
[2024-03-09 03:00:18,792] {local_task_job.py:151} INFO - Task exited with return code 0
[2024-03-09 03:00:18,816] {local_task_job.py:261} INFO - 1 downstream tasks scheduled from follow-on schedule check
