[2024-03-11 06:00:07,492] {taskinstance.py:903} INFO - Dependencies all met for <TaskInstance: meeting_project492.clean_meeting 2024-03-11T05:00:00+00:00 [queued]>
[2024-03-11 06:00:07,512] {taskinstance.py:903} INFO - Dependencies all met for <TaskInstance: meeting_project492.clean_meeting 2024-03-11T05:00:00+00:00 [queued]>
[2024-03-11 06:00:07,512] {taskinstance.py:1095} INFO - 
--------------------------------------------------------------------------------
[2024-03-11 06:00:07,512] {taskinstance.py:1096} INFO - Starting attempt 1 of 1
[2024-03-11 06:00:07,512] {taskinstance.py:1097} INFO - 
--------------------------------------------------------------------------------
[2024-03-11 06:00:07,536] {taskinstance.py:1115} INFO - Executing <Task(PythonOperator): clean_meeting> on 2024-03-11T05:00:00+00:00
[2024-03-11 06:00:07,544] {standard_task_runner.py:52} INFO - Started process 7261 to run task
[2024-03-11 06:00:07,549] {standard_task_runner.py:76} INFO - Running: ['***', 'tasks', 'run', 'meeting_project492', 'clean_meeting', '2024-03-11T05:00:00+00:00', '--job-id', '699', '--pool', 'default_pool', '--raw', '--subdir', 'DAGS_FOLDER/first_dag.py', '--cfg-path', '/tmp/tmp9diosbv6', '--error-file', '/tmp/tmp8u6c9i19']
[2024-03-11 06:00:07,554] {standard_task_runner.py:77} INFO - Job 699: Subtask clean_meeting
[2024-03-11 06:00:07,629] {logging_mixin.py:109} INFO - Running <TaskInstance: meeting_project492.clean_meeting 2024-03-11T05:00:00+00:00 [running]> on host 1c0f3566e916
[2024-03-11 06:00:07,731] {taskinstance.py:1254} INFO - Exporting the following env vars:
AIRFLOW_CTX_DAG_OWNER=***
AIRFLOW_CTX_DAG_ID=meeting_project492
AIRFLOW_CTX_TASK_ID=clean_meeting
AIRFLOW_CTX_EXECUTION_DATE=2024-03-11T05:00:00+00:00
AIRFLOW_CTX_DAG_RUN_ID=scheduled__2024-03-11T05:00:00+00:00
[2024-03-11 06:00:07,809] {logging_mixin.py:109} INFO - Output to /home/tnanun/***-meet/data/data_meet.csv yoyoyoyoyoyo
[2024-03-11 06:00:07,809] {python.py:151} INFO - Done. Returned value was: None
[2024-03-11 06:00:07,822] {taskinstance.py:1219} INFO - Marking task as SUCCESS. dag_id=meeting_project492, task_id=clean_meeting, execution_date=20240311T050000, start_date=20240311T060007, end_date=20240311T060007
[2024-03-11 06:00:07,851] {local_task_job.py:151} INFO - Task exited with return code 0
[2024-03-11 06:00:07,908] {local_task_job.py:261} INFO - 0 downstream tasks scheduled from follow-on schedule check
