[2024-03-05 10:42:15,150] {taskinstance.py:903} INFO - Dependencies all met for <TaskInstance: meeting_project.fetch_meeting 2024-03-05T10:42:13.512806+00:00 [queued]>
[2024-03-05 10:42:15,165] {taskinstance.py:903} INFO - Dependencies all met for <TaskInstance: meeting_project.fetch_meeting 2024-03-05T10:42:13.512806+00:00 [queued]>
[2024-03-05 10:42:15,165] {taskinstance.py:1095} INFO - 
--------------------------------------------------------------------------------
[2024-03-05 10:42:15,165] {taskinstance.py:1096} INFO - Starting attempt 1 of 1
[2024-03-05 10:42:15,165] {taskinstance.py:1097} INFO - 
--------------------------------------------------------------------------------
[2024-03-05 10:42:15,177] {taskinstance.py:1115} INFO - Executing <Task(PythonOperator): fetch_meeting> on 2024-03-05T10:42:13.512806+00:00
[2024-03-05 10:42:15,181] {standard_task_runner.py:52} INFO - Started process 14917 to run task
[2024-03-05 10:42:15,185] {standard_task_runner.py:76} INFO - Running: ['***', 'tasks', 'run', 'meeting_project', 'fetch_meeting', '2024-03-05T10:42:13.512806+00:00', '--job-id', '288', '--pool', 'default_pool', '--raw', '--subdir', 'DAGS_FOLDER/first_dag.py', '--cfg-path', '/tmp/tmpfxnpih_u', '--error-file', '/tmp/tmpxnsnn8n1']
[2024-03-05 10:42:15,188] {standard_task_runner.py:77} INFO - Job 288: Subtask fetch_meeting
[2024-03-05 10:42:15,229] {logging_mixin.py:109} INFO - Running <TaskInstance: meeting_project.fetch_meeting 2024-03-05T10:42:13.512806+00:00 [running]> on host 4622d7b8f726
[2024-03-05 10:42:15,277] {taskinstance.py:1254} INFO - Exporting the following env vars:
AIRFLOW_CTX_DAG_OWNER=***
AIRFLOW_CTX_DAG_ID=meeting_project
AIRFLOW_CTX_TASK_ID=fetch_meeting
AIRFLOW_CTX_EXECUTION_DATE=2024-03-05T10:42:13.512806+00:00
AIRFLOW_CTX_DAG_RUN_ID=manual__2024-03-05T10:42:13.512806+00:00
[2024-03-05 10:42:16,522] {logging_mixin.py:109} INFO - Output to /home/tnanun/***-meet/data/data_meet.csv yoyoyoyoyoyo
[2024-03-05 10:42:16,522] {python.py:151} INFO - Done. Returned value was: None
[2024-03-05 10:42:16,535] {taskinstance.py:1219} INFO - Marking task as SUCCESS. dag_id=meeting_project, task_id=fetch_meeting, execution_date=20240305T104213, start_date=20240305T104215, end_date=20240305T104216
[2024-03-05 10:42:16,563] {local_task_job.py:151} INFO - Task exited with return code 0
[2024-03-05 10:42:16,606] {local_task_job.py:261} INFO - 1 downstream tasks scheduled from follow-on schedule check
