[2024-03-05 10:21:25,455] {taskinstance.py:903} INFO - Dependencies all met for <TaskInstance: meeting_project.fetch_meeting 2024-03-05T10:21:23.770885+00:00 [queued]>
[2024-03-05 10:21:25,473] {taskinstance.py:903} INFO - Dependencies all met for <TaskInstance: meeting_project.fetch_meeting 2024-03-05T10:21:23.770885+00:00 [queued]>
[2024-03-05 10:21:25,473] {taskinstance.py:1095} INFO - 
--------------------------------------------------------------------------------
[2024-03-05 10:21:25,473] {taskinstance.py:1096} INFO - Starting attempt 1 of 1
[2024-03-05 10:21:25,473] {taskinstance.py:1097} INFO - 
--------------------------------------------------------------------------------
[2024-03-05 10:21:25,484] {taskinstance.py:1115} INFO - Executing <Task(PythonOperator): fetch_meeting> on 2024-03-05T10:21:23.770885+00:00
[2024-03-05 10:21:25,489] {standard_task_runner.py:52} INFO - Started process 5342 to run task
[2024-03-05 10:21:25,494] {standard_task_runner.py:76} INFO - Running: ['***', 'tasks', 'run', 'meeting_project', 'fetch_meeting', '2024-03-05T10:21:23.770885+00:00', '--job-id', '276', '--pool', 'default_pool', '--raw', '--subdir', 'DAGS_FOLDER/first_dag.py', '--cfg-path', '/tmp/tmpwcr0hjby', '--error-file', '/tmp/tmpr2oqbwzr']
[2024-03-05 10:21:25,499] {standard_task_runner.py:77} INFO - Job 276: Subtask fetch_meeting
[2024-03-05 10:21:25,542] {logging_mixin.py:109} INFO - Running <TaskInstance: meeting_project.fetch_meeting 2024-03-05T10:21:23.770885+00:00 [running]> on host 4622d7b8f726
[2024-03-05 10:21:25,593] {taskinstance.py:1254} INFO - Exporting the following env vars:
AIRFLOW_CTX_DAG_OWNER=***
AIRFLOW_CTX_DAG_ID=meeting_project
AIRFLOW_CTX_TASK_ID=fetch_meeting
AIRFLOW_CTX_EXECUTION_DATE=2024-03-05T10:21:23.770885+00:00
AIRFLOW_CTX_DAG_RUN_ID=manual__2024-03-05T10:21:23.770885+00:00
[2024-03-05 10:21:27,695] {logging_mixin.py:109} INFO - Output to /home/tnanun/***-meet/data/data_meet.csv yoyoyoyoyoyo
[2024-03-05 10:21:27,695] {python.py:151} INFO - Done. Returned value was: None
[2024-03-05 10:21:27,704] {taskinstance.py:1219} INFO - Marking task as SUCCESS. dag_id=meeting_project, task_id=fetch_meeting, execution_date=20240305T102123, start_date=20240305T102125, end_date=20240305T102127
[2024-03-05 10:21:27,756] {local_task_job.py:151} INFO - Task exited with return code 0
[2024-03-05 10:21:27,782] {local_task_job.py:261} INFO - 1 downstream tasks scheduled from follow-on schedule check
