[2024-03-11 06:00:07,448] {taskinstance.py:903} INFO - Dependencies all met for <TaskInstance: meeting_project492.clean_meet_obj 2024-03-11T05:00:00+00:00 [queued]>
[2024-03-11 06:00:07,467] {taskinstance.py:903} INFO - Dependencies all met for <TaskInstance: meeting_project492.clean_meet_obj 2024-03-11T05:00:00+00:00 [queued]>
[2024-03-11 06:00:07,468] {taskinstance.py:1095} INFO - 
--------------------------------------------------------------------------------
[2024-03-11 06:00:07,468] {taskinstance.py:1096} INFO - Starting attempt 1 of 1
[2024-03-11 06:00:07,468] {taskinstance.py:1097} INFO - 
--------------------------------------------------------------------------------
[2024-03-11 06:00:07,493] {taskinstance.py:1115} INFO - Executing <Task(PythonOperator): clean_meet_obj> on 2024-03-11T05:00:00+00:00
[2024-03-11 06:00:07,500] {standard_task_runner.py:52} INFO - Started process 7259 to run task
[2024-03-11 06:00:07,505] {standard_task_runner.py:76} INFO - Running: ['***', 'tasks', 'run', 'meeting_project492', 'clean_meet_obj', '2024-03-11T05:00:00+00:00', '--job-id', '697', '--pool', 'default_pool', '--raw', '--subdir', 'DAGS_FOLDER/first_dag.py', '--cfg-path', '/tmp/tmpw_0guxtx', '--error-file', '/tmp/tmp8dz2gsmt']
[2024-03-11 06:00:07,510] {standard_task_runner.py:77} INFO - Job 697: Subtask clean_meet_obj
[2024-03-11 06:00:07,590] {logging_mixin.py:109} INFO - Running <TaskInstance: meeting_project492.clean_meet_obj 2024-03-11T05:00:00+00:00 [running]> on host 1c0f3566e916
[2024-03-11 06:00:07,692] {taskinstance.py:1254} INFO - Exporting the following env vars:
AIRFLOW_CTX_DAG_OWNER=***
AIRFLOW_CTX_DAG_ID=meeting_project492
AIRFLOW_CTX_TASK_ID=clean_meet_obj
AIRFLOW_CTX_EXECUTION_DATE=2024-03-11T05:00:00+00:00
AIRFLOW_CTX_DAG_RUN_ID=scheduled__2024-03-11T05:00:00+00:00
[2024-03-11 06:00:07,727] {logging_mixin.py:109} INFO - Output to /home/tnanun/***-meet/data/data_com.csv yoyoyoyoyoyo
[2024-03-11 06:00:07,727] {python.py:151} INFO - Done. Returned value was: None
[2024-03-11 06:00:07,745] {taskinstance.py:1219} INFO - Marking task as SUCCESS. dag_id=meeting_project492, task_id=clean_meet_obj, execution_date=20240311T050000, start_date=20240311T060007, end_date=20240311T060007
[2024-03-11 06:00:07,811] {local_task_job.py:151} INFO - Task exited with return code 0
[2024-03-11 06:00:07,865] {local_task_job.py:261} INFO - 0 downstream tasks scheduled from follow-on schedule check
