[2024-03-10 16:15:59,207] {taskinstance.py:903} INFO - Dependencies all met for <TaskInstance: meeting_project492.fetch_folders 2024-03-09T04:00:00+00:00 [queued]>
[2024-03-10 16:15:59,227] {taskinstance.py:903} INFO - Dependencies all met for <TaskInstance: meeting_project492.fetch_folders 2024-03-09T04:00:00+00:00 [queued]>
[2024-03-10 16:15:59,228] {taskinstance.py:1095} INFO - 
--------------------------------------------------------------------------------
[2024-03-10 16:15:59,228] {taskinstance.py:1096} INFO - Starting attempt 1 of 1
[2024-03-10 16:15:59,228] {taskinstance.py:1097} INFO - 
--------------------------------------------------------------------------------
[2024-03-10 16:15:59,253] {taskinstance.py:1115} INFO - Executing <Task(PythonOperator): fetch_folders> on 2024-03-09T04:00:00+00:00
[2024-03-10 16:15:59,260] {standard_task_runner.py:52} INFO - Started process 384 to run task
[2024-03-10 16:15:59,263] {standard_task_runner.py:76} INFO - Running: ['***', 'tasks', 'run', 'meeting_project492', 'fetch_folders', '2024-03-09T04:00:00+00:00', '--job-id', '397', '--pool', 'default_pool', '--raw', '--subdir', 'DAGS_FOLDER/first_dag.py', '--cfg-path', '/tmp/tmplwavawoy', '--error-file', '/tmp/tmp8tva0oxa']
[2024-03-10 16:15:59,269] {standard_task_runner.py:77} INFO - Job 397: Subtask fetch_folders
[2024-03-10 16:15:59,358] {logging_mixin.py:109} INFO - Running <TaskInstance: meeting_project492.fetch_folders 2024-03-09T04:00:00+00:00 [running]> on host 6053b7d19b63
[2024-03-10 16:15:59,566] {taskinstance.py:1254} INFO - Exporting the following env vars:
AIRFLOW_CTX_DAG_OWNER=***
AIRFLOW_CTX_DAG_ID=meeting_project492
AIRFLOW_CTX_TASK_ID=fetch_folders
AIRFLOW_CTX_EXECUTION_DATE=2024-03-09T04:00:00+00:00
AIRFLOW_CTX_DAG_RUN_ID=scheduled__2024-03-09T04:00:00+00:00
[2024-03-10 16:16:00,899] {logging_mixin.py:109} INFO - Output to /home/tnanun/***-meet/data/data_folder.csv yoyoyoyoyoyo
[2024-03-10 16:16:00,900] {python.py:151} INFO - Done. Returned value was: None
[2024-03-10 16:16:00,921] {taskinstance.py:1219} INFO - Marking task as SUCCESS. dag_id=meeting_project492, task_id=fetch_folders, execution_date=20240309T040000, start_date=20240310T161559, end_date=20240310T161600
[2024-03-10 16:16:00,966] {local_task_job.py:151} INFO - Task exited with return code 0
[2024-03-10 16:16:01,011] {local_task_job.py:261} INFO - 0 downstream tasks scheduled from follow-on schedule check
