[2024-03-11 03:07:03,490] {taskinstance.py:903} INFO - Dependencies all met for <TaskInstance: meeting_project492.fetch_meet_object 2024-03-11T03:07:01.828410+00:00 [queued]>
[2024-03-11 03:07:03,512] {taskinstance.py:903} INFO - Dependencies all met for <TaskInstance: meeting_project492.fetch_meet_object 2024-03-11T03:07:01.828410+00:00 [queued]>
[2024-03-11 03:07:03,512] {taskinstance.py:1095} INFO - 
--------------------------------------------------------------------------------
[2024-03-11 03:07:03,513] {taskinstance.py:1096} INFO - Starting attempt 1 of 1
[2024-03-11 03:07:03,513] {taskinstance.py:1097} INFO - 
--------------------------------------------------------------------------------
[2024-03-11 03:07:03,526] {taskinstance.py:1115} INFO - Executing <Task(PythonOperator): fetch_meet_object> on 2024-03-11T03:07:01.828410+00:00
[2024-03-11 03:07:03,532] {standard_task_runner.py:52} INFO - Started process 25402 to run task
[2024-03-11 03:07:03,535] {standard_task_runner.py:76} INFO - Running: ['***', 'tasks', 'run', 'meeting_project492', 'fetch_meet_object', '2024-03-11T03:07:01.828410+00:00', '--job-id', '529', '--pool', 'default_pool', '--raw', '--subdir', 'DAGS_FOLDER/first_dag.py', '--cfg-path', '/tmp/tmpnf_3mxld', '--error-file', '/tmp/tmp33tmgsxf']
[2024-03-11 03:07:03,541] {standard_task_runner.py:77} INFO - Job 529: Subtask fetch_meet_object
[2024-03-11 03:07:03,596] {logging_mixin.py:109} INFO - Running <TaskInstance: meeting_project492.fetch_meet_object 2024-03-11T03:07:01.828410+00:00 [running]> on host fe457b6d1f83
[2024-03-11 03:07:03,674] {taskinstance.py:1254} INFO - Exporting the following env vars:
AIRFLOW_CTX_DAG_OWNER=***
AIRFLOW_CTX_DAG_ID=meeting_project492
AIRFLOW_CTX_TASK_ID=fetch_meet_object
AIRFLOW_CTX_EXECUTION_DATE=2024-03-11T03:07:01.828410+00:00
AIRFLOW_CTX_DAG_RUN_ID=manual__2024-03-11T03:07:01.828410+00:00
[2024-03-11 03:07:06,276] {logging_mixin.py:109} INFO - Output to /home/tnanun/***-meet/data/data_obj.csv yoyoyoyoyoyo
[2024-03-11 03:07:06,276] {python.py:151} INFO - Done. Returned value was: None
[2024-03-11 03:07:06,285] {taskinstance.py:1219} INFO - Marking task as SUCCESS. dag_id=meeting_project492, task_id=fetch_meet_object, execution_date=20240311T030701, start_date=20240311T030703, end_date=20240311T030706
[2024-03-11 03:07:06,318] {local_task_job.py:151} INFO - Task exited with return code 0
[2024-03-11 03:07:06,343] {local_task_job.py:261} INFO - 1 downstream tasks scheduled from follow-on schedule check
