[2024-03-11 03:00:06,512] {taskinstance.py:903} INFO - Dependencies all met for <TaskInstance: meeting_project492.merge_data 2024-03-11T02:00:00+00:00 [queued]>
[2024-03-11 03:00:06,529] {taskinstance.py:903} INFO - Dependencies all met for <TaskInstance: meeting_project492.merge_data 2024-03-11T02:00:00+00:00 [queued]>
[2024-03-11 03:00:06,529] {taskinstance.py:1095} INFO - 
--------------------------------------------------------------------------------
[2024-03-11 03:00:06,529] {taskinstance.py:1096} INFO - Starting attempt 1 of 1
[2024-03-11 03:00:06,529] {taskinstance.py:1097} INFO - 
--------------------------------------------------------------------------------
[2024-03-11 03:00:06,538] {taskinstance.py:1115} INFO - Executing <Task(PythonOperator): merge_data> on 2024-03-11T02:00:00+00:00
[2024-03-11 03:00:06,543] {standard_task_runner.py:52} INFO - Started process 22459 to run task
[2024-03-11 03:00:06,547] {standard_task_runner.py:76} INFO - Running: ['***', 'tasks', 'run', 'meeting_project492', 'merge_data', '2024-03-11T02:00:00+00:00', '--job-id', '526', '--pool', 'default_pool', '--raw', '--subdir', 'DAGS_FOLDER/first_dag.py', '--cfg-path', '/tmp/tmpc89ujrsg', '--error-file', '/tmp/tmppv1r2dta']
[2024-03-11 03:00:06,549] {standard_task_runner.py:77} INFO - Job 526: Subtask merge_data
[2024-03-11 03:00:06,585] {logging_mixin.py:109} INFO - Running <TaskInstance: meeting_project492.merge_data 2024-03-11T02:00:00+00:00 [running]> on host fe457b6d1f83
[2024-03-11 03:00:06,633] {taskinstance.py:1254} INFO - Exporting the following env vars:
AIRFLOW_CTX_DAG_OWNER=***
AIRFLOW_CTX_DAG_ID=meeting_project492
AIRFLOW_CTX_TASK_ID=merge_data
AIRFLOW_CTX_EXECUTION_DATE=2024-03-11T02:00:00+00:00
AIRFLOW_CTX_DAG_RUN_ID=scheduled__2024-03-11T02:00:00+00:00
[2024-03-11 03:00:06,667] {taskinstance.py:1463} ERROR - Task failed with exception
Traceback (most recent call last):
  File "/home/airflow/.local/lib/python3.6/site-packages/airflow/models/taskinstance.py", line 1165, in _run_raw_task
    self._prepare_and_execute_task_with_callbacks(context, task)
  File "/home/airflow/.local/lib/python3.6/site-packages/airflow/models/taskinstance.py", line 1283, in _prepare_and_execute_task_with_callbacks
    result = self._execute_task(context, task_copy)
  File "/home/airflow/.local/lib/python3.6/site-packages/airflow/models/taskinstance.py", line 1313, in _execute_task
    result = task_copy.execute(context=context)
  File "/home/airflow/.local/lib/python3.6/site-packages/airflow/operators/python.py", line 150, in execute
    return_value = self.execute_callable()
  File "/home/airflow/.local/lib/python3.6/site-packages/airflow/operators/python.py", line 161, in execute_callable
    return self.python_callable(*self.op_args, **self.op_kwargs)
  File "/opt/airflow/dags/first_dag.py", line 113, in merge_data
    df_meet_fol_ans_com_obj = df_meet_fol_ans_com_obj[["folderId", "folderName", "meetId", "meetName", "duration_minutes", "meetStartDate", "dow", "meetTag", "sum", "mean", 'meeting_success', "std", "no_ans", "comment", "sentiment", "objDes"]]
UnboundLocalError: local variable 'df_meet_fol_ans_com_obj' referenced before assignment
[2024-03-11 03:00:06,669] {taskinstance.py:1513} INFO - Marking task as FAILED. dag_id=meeting_project492, task_id=merge_data, execution_date=20240311T020000, start_date=20240311T030006, end_date=20240311T030006
[2024-03-11 03:00:06,719] {local_task_job.py:151} INFO - Task exited with return code 1
[2024-03-11 03:00:06,740] {local_task_job.py:261} INFO - 0 downstream tasks scheduled from follow-on schedule check
