[2024-03-28 18:16:00,800] {taskinstance.py:903} INFO - Dependencies all met for <TaskInstance: meeting_project492.clean_comment 2024-03-28T17:00:00+00:00 [queued]>
[2024-03-28 18:16:00,824] {taskinstance.py:903} INFO - Dependencies all met for <TaskInstance: meeting_project492.clean_comment 2024-03-28T17:00:00+00:00 [queued]>
[2024-03-28 18:16:00,824] {taskinstance.py:1095} INFO - 
--------------------------------------------------------------------------------
[2024-03-28 18:16:00,824] {taskinstance.py:1096} INFO - Starting attempt 1 of 1
[2024-03-28 18:16:00,824] {taskinstance.py:1097} INFO - 
--------------------------------------------------------------------------------
[2024-03-28 18:16:00,846] {taskinstance.py:1115} INFO - Executing <Task(PythonOperator): clean_comment> on 2024-03-28T17:00:00+00:00
[2024-03-28 18:16:00,855] {standard_task_runner.py:52} INFO - Started process 630 to run task
[2024-03-28 18:16:00,861] {standard_task_runner.py:76} INFO - Running: ['***', 'tasks', 'run', 'meeting_project492', 'clean_comment', '2024-03-28T17:00:00+00:00', '--job-id', '712', '--pool', 'default_pool', '--raw', '--subdir', 'DAGS_FOLDER/first_dag.py', '--cfg-path', '/tmp/tmphf_u4ohn', '--error-file', '/tmp/tmp_xyki7sq']
[2024-03-28 18:16:00,865] {standard_task_runner.py:77} INFO - Job 712: Subtask clean_comment
[2024-03-28 18:16:00,929] {logging_mixin.py:109} INFO - Running <TaskInstance: meeting_project492.clean_comment 2024-03-28T17:00:00+00:00 [running]> on host 322f1435f697
[2024-03-28 18:16:01,018] {taskinstance.py:1254} INFO - Exporting the following env vars:
AIRFLOW_CTX_DAG_OWNER=***
AIRFLOW_CTX_DAG_ID=meeting_project492
AIRFLOW_CTX_TASK_ID=clean_comment
AIRFLOW_CTX_EXECUTION_DATE=2024-03-28T17:00:00+00:00
AIRFLOW_CTX_DAG_RUN_ID=scheduled__2024-03-28T17:00:00+00:00
[2024-03-28 18:16:01,054] {logging_mixin.py:109} INFO - Output to /home/tnanun/***-meet/data/data_com.csv yoyoyoyoyoyo
[2024-03-28 18:16:01,054] {python.py:151} INFO - Done. Returned value was: None
[2024-03-28 18:16:01,078] {taskinstance.py:1219} INFO - Marking task as SUCCESS. dag_id=meeting_project492, task_id=clean_comment, execution_date=20240328T170000, start_date=20240328T181600, end_date=20240328T181601
[2024-03-28 18:16:01,153] {local_task_job.py:151} INFO - Task exited with return code 0
[2024-03-28 18:16:01,220] {local_task_job.py:261} INFO - 0 downstream tasks scheduled from follow-on schedule check
