[2024-03-09 02:51:08,346] {taskinstance.py:903} INFO - Dependencies all met for <TaskInstance: meeting_project492.fetch_meeting 2024-03-09T02:51:07.113908+00:00 [queued]>
[2024-03-09 02:51:08,365] {taskinstance.py:903} INFO - Dependencies all met for <TaskInstance: meeting_project492.fetch_meeting 2024-03-09T02:51:07.113908+00:00 [queued]>
[2024-03-09 02:51:08,365] {taskinstance.py:1095} INFO - 
--------------------------------------------------------------------------------
[2024-03-09 02:51:08,365] {taskinstance.py:1096} INFO - Starting attempt 1 of 1
[2024-03-09 02:51:08,365] {taskinstance.py:1097} INFO - 
--------------------------------------------------------------------------------
[2024-03-09 02:51:08,376] {taskinstance.py:1115} INFO - Executing <Task(PythonOperator): fetch_meeting> on 2024-03-09T02:51:07.113908+00:00
[2024-03-09 02:51:08,381] {standard_task_runner.py:52} INFO - Started process 2144 to run task
[2024-03-09 02:51:08,387] {standard_task_runner.py:76} INFO - Running: ['***', 'tasks', 'run', 'meeting_project492', 'fetch_meeting', '2024-03-09T02:51:07.113908+00:00', '--job-id', '325', '--pool', 'default_pool', '--raw', '--subdir', 'DAGS_FOLDER/first_dag.py', '--cfg-path', '/tmp/tmpy6idw57v', '--error-file', '/tmp/tmpgyk4d33c']
[2024-03-09 02:51:08,392] {standard_task_runner.py:77} INFO - Job 325: Subtask fetch_meeting
[2024-03-09 02:51:08,451] {logging_mixin.py:109} INFO - Running <TaskInstance: meeting_project492.fetch_meeting 2024-03-09T02:51:07.113908+00:00 [running]> on host 25a7f942cb44
[2024-03-09 02:51:08,524] {taskinstance.py:1254} INFO - Exporting the following env vars:
AIRFLOW_CTX_DAG_OWNER=***
AIRFLOW_CTX_DAG_ID=meeting_project492
AIRFLOW_CTX_TASK_ID=fetch_meeting
AIRFLOW_CTX_EXECUTION_DATE=2024-03-09T02:51:07.113908+00:00
AIRFLOW_CTX_DAG_RUN_ID=manual__2024-03-09T02:51:07.113908+00:00
[2024-03-09 02:51:11,773] {logging_mixin.py:109} INFO - Output to /home/tnanun/***-meet/data/data_meet.csv yoyoyoyoyoyo
[2024-03-09 02:51:11,773] {python.py:151} INFO - Done. Returned value was: None
[2024-03-09 02:51:11,786] {taskinstance.py:1219} INFO - Marking task as SUCCESS. dag_id=meeting_project492, task_id=fetch_meeting, execution_date=20240309T025107, start_date=20240309T025108, end_date=20240309T025111
[2024-03-09 02:51:11,811] {local_task_job.py:151} INFO - Task exited with return code 0
[2024-03-09 02:51:11,843] {local_task_job.py:261} INFO - 1 downstream tasks scheduled from follow-on schedule check
