[2024-03-11 03:07:11,225] {taskinstance.py:903} INFO - Dependencies all met for <TaskInstance: meeting_project492.clean_comment 2024-03-11T03:07:01.828410+00:00 [queued]>
[2024-03-11 03:07:11,242] {taskinstance.py:903} INFO - Dependencies all met for <TaskInstance: meeting_project492.clean_comment 2024-03-11T03:07:01.828410+00:00 [queued]>
[2024-03-11 03:07:11,242] {taskinstance.py:1095} INFO - 
--------------------------------------------------------------------------------
[2024-03-11 03:07:11,242] {taskinstance.py:1096} INFO - Starting attempt 1 of 1
[2024-03-11 03:07:11,242] {taskinstance.py:1097} INFO - 
--------------------------------------------------------------------------------
[2024-03-11 03:07:11,250] {taskinstance.py:1115} INFO - Executing <Task(PythonOperator): clean_comment> on 2024-03-11T03:07:01.828410+00:00
[2024-03-11 03:07:11,255] {standard_task_runner.py:52} INFO - Started process 25521 to run task
[2024-03-11 03:07:11,258] {standard_task_runner.py:76} INFO - Running: ['***', 'tasks', 'run', 'meeting_project492', 'clean_comment', '2024-03-11T03:07:01.828410+00:00', '--job-id', '534', '--pool', 'default_pool', '--raw', '--subdir', 'DAGS_FOLDER/first_dag.py', '--cfg-path', '/tmp/tmpos_6p5iz', '--error-file', '/tmp/tmpszl0ir4o']
[2024-03-11 03:07:11,260] {standard_task_runner.py:77} INFO - Job 534: Subtask clean_comment
[2024-03-11 03:07:11,294] {logging_mixin.py:109} INFO - Running <TaskInstance: meeting_project492.clean_comment 2024-03-11T03:07:01.828410+00:00 [running]> on host fe457b6d1f83
[2024-03-11 03:07:11,341] {taskinstance.py:1254} INFO - Exporting the following env vars:
AIRFLOW_CTX_DAG_OWNER=***
AIRFLOW_CTX_DAG_ID=meeting_project492
AIRFLOW_CTX_TASK_ID=clean_comment
AIRFLOW_CTX_EXECUTION_DATE=2024-03-11T03:07:01.828410+00:00
AIRFLOW_CTX_DAG_RUN_ID=manual__2024-03-11T03:07:01.828410+00:00
[2024-03-11 03:07:11,357] {logging_mixin.py:109} INFO - Output to /home/tnanun/***-meet/data/data_com.csv yoyoyoyoyoyo
[2024-03-11 03:07:11,357] {python.py:151} INFO - Done. Returned value was: None
[2024-03-11 03:07:11,368] {taskinstance.py:1219} INFO - Marking task as SUCCESS. dag_id=meeting_project492, task_id=clean_comment, execution_date=20240311T030701, start_date=20240311T030711, end_date=20240311T030711
[2024-03-11 03:07:11,390] {local_task_job.py:151} INFO - Task exited with return code 0
[2024-03-11 03:07:11,415] {local_task_job.py:261} INFO - 0 downstream tasks scheduled from follow-on schedule check
