[2024-03-28 18:15:55,141] {processor.py:162} INFO - Started process (PID=456) to work on /home/airflow/.local/lib/python3.6/site-packages/airflow/example_dags/example_nested_branch_dag.py
[2024-03-28 18:15:55,142] {processor.py:613} INFO - Processing file /home/airflow/.local/lib/python3.6/site-packages/airflow/example_dags/example_nested_branch_dag.py for tasks to queue
[2024-03-28 18:15:55,142] {logging_mixin.py:109} INFO - [2024-03-28 18:15:55,142] {dagbag.py:496} INFO - Filling up the DagBag from /home/airflow/.local/lib/python3.6/site-packages/airflow/example_dags/example_nested_branch_dag.py
[2024-03-28 18:15:55,154] {processor.py:623} INFO - DAG(s) dict_keys(['example_nested_branch_dag']) retrieved from /home/airflow/.local/lib/python3.6/site-packages/airflow/example_dags/example_nested_branch_dag.py
[2024-03-28 18:15:55,358] {logging_mixin.py:109} INFO - [2024-03-28 18:15:55,358] {dag.py:1834} INFO - Sync 1 DAGs
[2024-03-28 18:15:55,376] {logging_mixin.py:109} INFO - [2024-03-28 18:15:55,376] {dag.py:2287} INFO - Setting next_dagrun for example_nested_branch_dag to 2024-03-26 00:00:00+00:00
[2024-03-28 18:15:55,393] {processor.py:170} INFO - Processing /home/airflow/.local/lib/python3.6/site-packages/airflow/example_dags/example_nested_branch_dag.py took 0.254 seconds
[2024-03-28 18:16:26,070] {processor.py:162} INFO - Started process (PID=787) to work on /home/airflow/.local/lib/python3.6/site-packages/airflow/example_dags/example_nested_branch_dag.py
[2024-03-28 18:16:26,071] {processor.py:613} INFO - Processing file /home/airflow/.local/lib/python3.6/site-packages/airflow/example_dags/example_nested_branch_dag.py for tasks to queue
[2024-03-28 18:16:26,071] {logging_mixin.py:109} INFO - [2024-03-28 18:16:26,071] {dagbag.py:496} INFO - Filling up the DagBag from /home/airflow/.local/lib/python3.6/site-packages/airflow/example_dags/example_nested_branch_dag.py
[2024-03-28 18:16:26,084] {processor.py:623} INFO - DAG(s) dict_keys(['example_nested_branch_dag']) retrieved from /home/airflow/.local/lib/python3.6/site-packages/airflow/example_dags/example_nested_branch_dag.py
[2024-03-28 18:16:26,104] {logging_mixin.py:109} INFO - [2024-03-28 18:16:26,103] {dag.py:1834} INFO - Sync 1 DAGs
[2024-03-28 18:16:26,119] {logging_mixin.py:109} INFO - [2024-03-28 18:16:26,119] {dag.py:2287} INFO - Setting next_dagrun for example_nested_branch_dag to 2024-03-26 00:00:00+00:00
[2024-03-28 18:16:26,133] {processor.py:170} INFO - Processing /home/airflow/.local/lib/python3.6/site-packages/airflow/example_dags/example_nested_branch_dag.py took 0.065 seconds
[2024-03-28 18:16:56,778] {processor.py:162} INFO - Started process (PID=992) to work on /home/airflow/.local/lib/python3.6/site-packages/airflow/example_dags/example_nested_branch_dag.py
[2024-03-28 18:16:56,780] {processor.py:613} INFO - Processing file /home/airflow/.local/lib/python3.6/site-packages/airflow/example_dags/example_nested_branch_dag.py for tasks to queue
[2024-03-28 18:16:56,780] {logging_mixin.py:109} INFO - [2024-03-28 18:16:56,780] {dagbag.py:496} INFO - Filling up the DagBag from /home/airflow/.local/lib/python3.6/site-packages/airflow/example_dags/example_nested_branch_dag.py
[2024-03-28 18:16:56,798] {processor.py:623} INFO - DAG(s) dict_keys(['example_nested_branch_dag']) retrieved from /home/airflow/.local/lib/python3.6/site-packages/airflow/example_dags/example_nested_branch_dag.py
[2024-03-28 18:16:56,817] {logging_mixin.py:109} INFO - [2024-03-28 18:16:56,816] {dag.py:1834} INFO - Sync 1 DAGs
[2024-03-28 18:16:56,832] {logging_mixin.py:109} INFO - [2024-03-28 18:16:56,832] {dag.py:2287} INFO - Setting next_dagrun for example_nested_branch_dag to 2024-03-26 00:00:00+00:00
[2024-03-28 18:16:56,842] {processor.py:170} INFO - Processing /home/airflow/.local/lib/python3.6/site-packages/airflow/example_dags/example_nested_branch_dag.py took 0.066 seconds
[2024-03-28 18:17:27,408] {processor.py:162} INFO - Started process (PID=1357) to work on /home/airflow/.local/lib/python3.6/site-packages/airflow/example_dags/example_nested_branch_dag.py
[2024-03-28 18:17:27,409] {processor.py:613} INFO - Processing file /home/airflow/.local/lib/python3.6/site-packages/airflow/example_dags/example_nested_branch_dag.py for tasks to queue
[2024-03-28 18:17:27,409] {logging_mixin.py:109} INFO - [2024-03-28 18:17:27,409] {dagbag.py:496} INFO - Filling up the DagBag from /home/airflow/.local/lib/python3.6/site-packages/airflow/example_dags/example_nested_branch_dag.py
[2024-03-28 18:17:27,420] {processor.py:623} INFO - DAG(s) dict_keys(['example_nested_branch_dag']) retrieved from /home/airflow/.local/lib/python3.6/site-packages/airflow/example_dags/example_nested_branch_dag.py
[2024-03-28 18:17:27,437] {logging_mixin.py:109} INFO - [2024-03-28 18:17:27,437] {dag.py:1834} INFO - Sync 1 DAGs
[2024-03-28 18:17:27,450] {logging_mixin.py:109} INFO - [2024-03-28 18:17:27,450] {dag.py:2287} INFO - Setting next_dagrun for example_nested_branch_dag to 2024-03-26 00:00:00+00:00
[2024-03-28 18:17:27,461] {processor.py:170} INFO - Processing /home/airflow/.local/lib/python3.6/site-packages/airflow/example_dags/example_nested_branch_dag.py took 0.056 seconds
