[2024-03-28 18:15:53,406] {processor.py:162} INFO - Started process (PID=401) to work on /home/airflow/.local/lib/python3.6/site-packages/airflow/example_dags/example_kubernetes_executor_config.py
[2024-03-28 18:15:53,407] {processor.py:613} INFO - Processing file /home/airflow/.local/lib/python3.6/site-packages/airflow/example_dags/example_kubernetes_executor_config.py for tasks to queue
[2024-03-28 18:15:53,408] {logging_mixin.py:109} INFO - [2024-03-28 18:15:53,408] {dagbag.py:496} INFO - Filling up the DagBag from /home/airflow/.local/lib/python3.6/site-packages/airflow/example_dags/example_kubernetes_executor_config.py
[2024-03-28 18:15:53,425] {processor.py:623} INFO - DAG(s) dict_keys(['example_kubernetes_executor_config']) retrieved from /home/airflow/.local/lib/python3.6/site-packages/airflow/example_dags/example_kubernetes_executor_config.py
[2024-03-28 18:15:53,655] {logging_mixin.py:109} INFO - [2024-03-28 18:15:53,655] {dag.py:1834} INFO - Sync 1 DAGs
[2024-03-28 18:15:53,669] {logging_mixin.py:109} INFO - [2024-03-28 18:15:53,669] {dag.py:2287} INFO - Setting next_dagrun for example_kubernetes_executor_config to None
[2024-03-28 18:15:53,684] {processor.py:170} INFO - Processing /home/airflow/.local/lib/python3.6/site-packages/airflow/example_dags/example_kubernetes_executor_config.py took 0.281 seconds
[2024-03-28 18:16:24,501] {processor.py:162} INFO - Started process (PID=732) to work on /home/airflow/.local/lib/python3.6/site-packages/airflow/example_dags/example_kubernetes_executor_config.py
[2024-03-28 18:16:24,501] {processor.py:613} INFO - Processing file /home/airflow/.local/lib/python3.6/site-packages/airflow/example_dags/example_kubernetes_executor_config.py for tasks to queue
[2024-03-28 18:16:24,502] {logging_mixin.py:109} INFO - [2024-03-28 18:16:24,502] {dagbag.py:496} INFO - Filling up the DagBag from /home/airflow/.local/lib/python3.6/site-packages/airflow/example_dags/example_kubernetes_executor_config.py
[2024-03-28 18:16:24,518] {processor.py:623} INFO - DAG(s) dict_keys(['example_kubernetes_executor_config']) retrieved from /home/airflow/.local/lib/python3.6/site-packages/airflow/example_dags/example_kubernetes_executor_config.py
[2024-03-28 18:16:24,546] {logging_mixin.py:109} INFO - [2024-03-28 18:16:24,545] {dag.py:1834} INFO - Sync 1 DAGs
[2024-03-28 18:16:24,562] {logging_mixin.py:109} INFO - [2024-03-28 18:16:24,562] {dag.py:2287} INFO - Setting next_dagrun for example_kubernetes_executor_config to None
[2024-03-28 18:16:24,580] {processor.py:170} INFO - Processing /home/airflow/.local/lib/python3.6/site-packages/airflow/example_dags/example_kubernetes_executor_config.py took 0.082 seconds
[2024-03-28 18:16:55,311] {processor.py:162} INFO - Started process (PID=937) to work on /home/airflow/.local/lib/python3.6/site-packages/airflow/example_dags/example_kubernetes_executor_config.py
[2024-03-28 18:16:55,312] {processor.py:613} INFO - Processing file /home/airflow/.local/lib/python3.6/site-packages/airflow/example_dags/example_kubernetes_executor_config.py for tasks to queue
[2024-03-28 18:16:55,313] {logging_mixin.py:109} INFO - [2024-03-28 18:16:55,313] {dagbag.py:496} INFO - Filling up the DagBag from /home/airflow/.local/lib/python3.6/site-packages/airflow/example_dags/example_kubernetes_executor_config.py
[2024-03-28 18:16:55,324] {processor.py:623} INFO - DAG(s) dict_keys(['example_kubernetes_executor_config']) retrieved from /home/airflow/.local/lib/python3.6/site-packages/airflow/example_dags/example_kubernetes_executor_config.py
[2024-03-28 18:16:55,345] {logging_mixin.py:109} INFO - [2024-03-28 18:16:55,345] {dag.py:1834} INFO - Sync 1 DAGs
[2024-03-28 18:16:55,356] {logging_mixin.py:109} INFO - [2024-03-28 18:16:55,356] {dag.py:2287} INFO - Setting next_dagrun for example_kubernetes_executor_config to None
[2024-03-28 18:16:55,366] {processor.py:170} INFO - Processing /home/airflow/.local/lib/python3.6/site-packages/airflow/example_dags/example_kubernetes_executor_config.py took 0.057 seconds
[2024-03-28 18:17:25,895] {processor.py:162} INFO - Started process (PID=1302) to work on /home/airflow/.local/lib/python3.6/site-packages/airflow/example_dags/example_kubernetes_executor_config.py
[2024-03-28 18:17:25,896] {processor.py:613} INFO - Processing file /home/airflow/.local/lib/python3.6/site-packages/airflow/example_dags/example_kubernetes_executor_config.py for tasks to queue
[2024-03-28 18:17:25,897] {logging_mixin.py:109} INFO - [2024-03-28 18:17:25,896] {dagbag.py:496} INFO - Filling up the DagBag from /home/airflow/.local/lib/python3.6/site-packages/airflow/example_dags/example_kubernetes_executor_config.py
[2024-03-28 18:17:25,906] {processor.py:623} INFO - DAG(s) dict_keys(['example_kubernetes_executor_config']) retrieved from /home/airflow/.local/lib/python3.6/site-packages/airflow/example_dags/example_kubernetes_executor_config.py
[2024-03-28 18:17:25,926] {logging_mixin.py:109} INFO - [2024-03-28 18:17:25,926] {dag.py:1834} INFO - Sync 1 DAGs
[2024-03-28 18:17:25,936] {logging_mixin.py:109} INFO - [2024-03-28 18:17:25,936] {dag.py:2287} INFO - Setting next_dagrun for example_kubernetes_executor_config to None
[2024-03-28 18:17:25,946] {processor.py:170} INFO - Processing /home/airflow/.local/lib/python3.6/site-packages/airflow/example_dags/example_kubernetes_executor_config.py took 0.053 seconds
