[2024-03-28 18:15:53,709] {processor.py:162} INFO - Started process (PID=411) to work on /home/airflow/.local/lib/python3.6/site-packages/airflow/example_dags/example_skip_dag.py
[2024-03-28 18:15:53,712] {processor.py:613} INFO - Processing file /home/airflow/.local/lib/python3.6/site-packages/airflow/example_dags/example_skip_dag.py for tasks to queue
[2024-03-28 18:15:53,713] {logging_mixin.py:109} INFO - [2024-03-28 18:15:53,713] {dagbag.py:496} INFO - Filling up the DagBag from /home/airflow/.local/lib/python3.6/site-packages/airflow/example_dags/example_skip_dag.py
[2024-03-28 18:15:53,722] {processor.py:623} INFO - DAG(s) dict_keys(['example_skip_dag']) retrieved from /home/airflow/.local/lib/python3.6/site-packages/airflow/example_dags/example_skip_dag.py
[2024-03-28 18:15:53,936] {logging_mixin.py:109} INFO - [2024-03-28 18:15:53,935] {dag.py:1834} INFO - Sync 1 DAGs
[2024-03-28 18:15:53,947] {logging_mixin.py:109} INFO - [2024-03-28 18:15:53,947] {dag.py:2287} INFO - Setting next_dagrun for example_skip_dag to 2024-03-26 00:00:00+00:00
[2024-03-28 18:15:53,960] {processor.py:170} INFO - Processing /home/airflow/.local/lib/python3.6/site-packages/airflow/example_dags/example_skip_dag.py took 0.258 seconds
[2024-03-28 18:16:24,613] {processor.py:162} INFO - Started process (PID=742) to work on /home/airflow/.local/lib/python3.6/site-packages/airflow/example_dags/example_skip_dag.py
[2024-03-28 18:16:24,614] {processor.py:613} INFO - Processing file /home/airflow/.local/lib/python3.6/site-packages/airflow/example_dags/example_skip_dag.py for tasks to queue
[2024-03-28 18:16:24,615] {logging_mixin.py:109} INFO - [2024-03-28 18:16:24,615] {dagbag.py:496} INFO - Filling up the DagBag from /home/airflow/.local/lib/python3.6/site-packages/airflow/example_dags/example_skip_dag.py
[2024-03-28 18:16:24,626] {processor.py:623} INFO - DAG(s) dict_keys(['example_skip_dag']) retrieved from /home/airflow/.local/lib/python3.6/site-packages/airflow/example_dags/example_skip_dag.py
[2024-03-28 18:16:24,648] {logging_mixin.py:109} INFO - [2024-03-28 18:16:24,648] {dag.py:1834} INFO - Sync 1 DAGs
[2024-03-28 18:16:24,659] {logging_mixin.py:109} INFO - [2024-03-28 18:16:24,659] {dag.py:2287} INFO - Setting next_dagrun for example_skip_dag to 2024-03-26 00:00:00+00:00
[2024-03-28 18:16:24,669] {processor.py:170} INFO - Processing /home/airflow/.local/lib/python3.6/site-packages/airflow/example_dags/example_skip_dag.py took 0.059 seconds
[2024-03-28 18:16:55,418] {processor.py:162} INFO - Started process (PID=947) to work on /home/airflow/.local/lib/python3.6/site-packages/airflow/example_dags/example_skip_dag.py
[2024-03-28 18:16:55,419] {processor.py:613} INFO - Processing file /home/airflow/.local/lib/python3.6/site-packages/airflow/example_dags/example_skip_dag.py for tasks to queue
[2024-03-28 18:16:55,419] {logging_mixin.py:109} INFO - [2024-03-28 18:16:55,419] {dagbag.py:496} INFO - Filling up the DagBag from /home/airflow/.local/lib/python3.6/site-packages/airflow/example_dags/example_skip_dag.py
[2024-03-28 18:16:55,427] {processor.py:623} INFO - DAG(s) dict_keys(['example_skip_dag']) retrieved from /home/airflow/.local/lib/python3.6/site-packages/airflow/example_dags/example_skip_dag.py
[2024-03-28 18:16:55,444] {logging_mixin.py:109} INFO - [2024-03-28 18:16:55,444] {dag.py:1834} INFO - Sync 1 DAGs
[2024-03-28 18:16:55,457] {logging_mixin.py:109} INFO - [2024-03-28 18:16:55,457] {dag.py:2287} INFO - Setting next_dagrun for example_skip_dag to 2024-03-26 00:00:00+00:00
[2024-03-28 18:16:55,467] {processor.py:170} INFO - Processing /home/airflow/.local/lib/python3.6/site-packages/airflow/example_dags/example_skip_dag.py took 0.051 seconds
[2024-03-28 18:17:25,978] {processor.py:162} INFO - Started process (PID=1312) to work on /home/airflow/.local/lib/python3.6/site-packages/airflow/example_dags/example_skip_dag.py
[2024-03-28 18:17:25,979] {processor.py:613} INFO - Processing file /home/airflow/.local/lib/python3.6/site-packages/airflow/example_dags/example_skip_dag.py for tasks to queue
[2024-03-28 18:17:25,980] {logging_mixin.py:109} INFO - [2024-03-28 18:17:25,980] {dagbag.py:496} INFO - Filling up the DagBag from /home/airflow/.local/lib/python3.6/site-packages/airflow/example_dags/example_skip_dag.py
[2024-03-28 18:17:25,987] {processor.py:623} INFO - DAG(s) dict_keys(['example_skip_dag']) retrieved from /home/airflow/.local/lib/python3.6/site-packages/airflow/example_dags/example_skip_dag.py
[2024-03-28 18:17:26,005] {logging_mixin.py:109} INFO - [2024-03-28 18:17:26,005] {dag.py:1834} INFO - Sync 1 DAGs
[2024-03-28 18:17:26,015] {logging_mixin.py:109} INFO - [2024-03-28 18:17:26,015] {dag.py:2287} INFO - Setting next_dagrun for example_skip_dag to 2024-03-26 00:00:00+00:00
[2024-03-28 18:17:26,026] {processor.py:170} INFO - Processing /home/airflow/.local/lib/python3.6/site-packages/airflow/example_dags/example_skip_dag.py took 0.050 seconds
