[2024-03-28 18:15:56,021] {processor.py:162} INFO - Started process (PID=491) to work on /home/airflow/.local/lib/python3.6/site-packages/airflow/example_dags/example_trigger_target_dag.py
[2024-03-28 18:15:56,022] {processor.py:613} INFO - Processing file /home/airflow/.local/lib/python3.6/site-packages/airflow/example_dags/example_trigger_target_dag.py for tasks to queue
[2024-03-28 18:15:56,023] {logging_mixin.py:109} INFO - [2024-03-28 18:15:56,023] {dagbag.py:496} INFO - Filling up the DagBag from /home/airflow/.local/lib/python3.6/site-packages/airflow/example_dags/example_trigger_target_dag.py
[2024-03-28 18:15:56,035] {processor.py:623} INFO - DAG(s) dict_keys(['example_trigger_target_dag']) retrieved from /home/airflow/.local/lib/python3.6/site-packages/airflow/example_dags/example_trigger_target_dag.py
[2024-03-28 18:15:56,230] {logging_mixin.py:109} INFO - [2024-03-28 18:15:56,230] {dag.py:1834} INFO - Sync 1 DAGs
[2024-03-28 18:15:56,243] {logging_mixin.py:109} INFO - [2024-03-28 18:15:56,243] {dag.py:2287} INFO - Setting next_dagrun for example_trigger_target_dag to None
[2024-03-28 18:15:56,260] {processor.py:170} INFO - Processing /home/airflow/.local/lib/python3.6/site-packages/airflow/example_dags/example_trigger_target_dag.py took 0.242 seconds
[2024-03-28 18:16:26,515] {processor.py:162} INFO - Started process (PID=822) to work on /home/airflow/.local/lib/python3.6/site-packages/airflow/example_dags/example_trigger_target_dag.py
[2024-03-28 18:16:26,516] {processor.py:613} INFO - Processing file /home/airflow/.local/lib/python3.6/site-packages/airflow/example_dags/example_trigger_target_dag.py for tasks to queue
[2024-03-28 18:16:26,517] {logging_mixin.py:109} INFO - [2024-03-28 18:16:26,517] {dagbag.py:496} INFO - Filling up the DagBag from /home/airflow/.local/lib/python3.6/site-packages/airflow/example_dags/example_trigger_target_dag.py
[2024-03-28 18:16:26,530] {processor.py:623} INFO - DAG(s) dict_keys(['example_trigger_target_dag']) retrieved from /home/airflow/.local/lib/python3.6/site-packages/airflow/example_dags/example_trigger_target_dag.py
[2024-03-28 18:16:26,549] {logging_mixin.py:109} INFO - [2024-03-28 18:16:26,549] {dag.py:1834} INFO - Sync 1 DAGs
[2024-03-28 18:16:26,561] {logging_mixin.py:109} INFO - [2024-03-28 18:16:26,561] {dag.py:2287} INFO - Setting next_dagrun for example_trigger_target_dag to None
[2024-03-28 18:16:26,571] {processor.py:170} INFO - Processing /home/airflow/.local/lib/python3.6/site-packages/airflow/example_dags/example_trigger_target_dag.py took 0.059 seconds
[2024-03-28 18:16:57,151] {processor.py:162} INFO - Started process (PID=1027) to work on /home/airflow/.local/lib/python3.6/site-packages/airflow/example_dags/example_trigger_target_dag.py
[2024-03-28 18:16:57,153] {processor.py:613} INFO - Processing file /home/airflow/.local/lib/python3.6/site-packages/airflow/example_dags/example_trigger_target_dag.py for tasks to queue
[2024-03-28 18:16:57,153] {logging_mixin.py:109} INFO - [2024-03-28 18:16:57,153] {dagbag.py:496} INFO - Filling up the DagBag from /home/airflow/.local/lib/python3.6/site-packages/airflow/example_dags/example_trigger_target_dag.py
[2024-03-28 18:16:57,163] {processor.py:623} INFO - DAG(s) dict_keys(['example_trigger_target_dag']) retrieved from /home/airflow/.local/lib/python3.6/site-packages/airflow/example_dags/example_trigger_target_dag.py
[2024-03-28 18:16:57,181] {logging_mixin.py:109} INFO - [2024-03-28 18:16:57,180] {dag.py:1834} INFO - Sync 1 DAGs
[2024-03-28 18:16:57,192] {logging_mixin.py:109} INFO - [2024-03-28 18:16:57,192] {dag.py:2287} INFO - Setting next_dagrun for example_trigger_target_dag to None
[2024-03-28 18:16:57,203] {processor.py:170} INFO - Processing /home/airflow/.local/lib/python3.6/site-packages/airflow/example_dags/example_trigger_target_dag.py took 0.054 seconds
[2024-03-28 18:17:27,795] {processor.py:162} INFO - Started process (PID=1392) to work on /home/airflow/.local/lib/python3.6/site-packages/airflow/example_dags/example_trigger_target_dag.py
[2024-03-28 18:17:27,797] {processor.py:613} INFO - Processing file /home/airflow/.local/lib/python3.6/site-packages/airflow/example_dags/example_trigger_target_dag.py for tasks to queue
[2024-03-28 18:17:27,798] {logging_mixin.py:109} INFO - [2024-03-28 18:17:27,797] {dagbag.py:496} INFO - Filling up the DagBag from /home/airflow/.local/lib/python3.6/site-packages/airflow/example_dags/example_trigger_target_dag.py
[2024-03-28 18:17:27,811] {processor.py:623} INFO - DAG(s) dict_keys(['example_trigger_target_dag']) retrieved from /home/airflow/.local/lib/python3.6/site-packages/airflow/example_dags/example_trigger_target_dag.py
[2024-03-28 18:17:27,832] {logging_mixin.py:109} INFO - [2024-03-28 18:17:27,832] {dag.py:1834} INFO - Sync 1 DAGs
[2024-03-28 18:17:27,844] {logging_mixin.py:109} INFO - [2024-03-28 18:17:27,844] {dag.py:2287} INFO - Setting next_dagrun for example_trigger_target_dag to None
[2024-03-28 18:17:27,855] {processor.py:170} INFO - Processing /home/airflow/.local/lib/python3.6/site-packages/airflow/example_dags/example_trigger_target_dag.py took 0.062 seconds
