[2024-03-28 18:15:52,850] {processor.py:162} INFO - Started process (PID=386) to work on /home/airflow/.local/lib/python3.6/site-packages/airflow/example_dags/example_task_group.py
[2024-03-28 18:15:52,851] {processor.py:613} INFO - Processing file /home/airflow/.local/lib/python3.6/site-packages/airflow/example_dags/example_task_group.py for tasks to queue
[2024-03-28 18:15:52,853] {logging_mixin.py:109} INFO - [2024-03-28 18:15:52,852] {dagbag.py:496} INFO - Filling up the DagBag from /home/airflow/.local/lib/python3.6/site-packages/airflow/example_dags/example_task_group.py
[2024-03-28 18:15:52,889] {processor.py:623} INFO - DAG(s) dict_keys(['example_task_group']) retrieved from /home/airflow/.local/lib/python3.6/site-packages/airflow/example_dags/example_task_group.py
[2024-03-28 18:15:53,343] {logging_mixin.py:109} INFO - [2024-03-28 18:15:53,343] {dag.py:1834} INFO - Sync 1 DAGs
[2024-03-28 18:15:53,359] {logging_mixin.py:109} INFO - [2024-03-28 18:15:53,359] {dag.py:2287} INFO - Setting next_dagrun for example_task_group to 2024-03-26 00:00:00+00:00
[2024-03-28 18:15:53,380] {processor.py:170} INFO - Processing /home/airflow/.local/lib/python3.6/site-packages/airflow/example_dags/example_task_group.py took 0.536 seconds
[2024-03-28 18:16:24,170] {processor.py:162} INFO - Started process (PID=722) to work on /home/airflow/.local/lib/python3.6/site-packages/airflow/example_dags/example_task_group.py
[2024-03-28 18:16:24,172] {processor.py:613} INFO - Processing file /home/airflow/.local/lib/python3.6/site-packages/airflow/example_dags/example_task_group.py for tasks to queue
[2024-03-28 18:16:24,173] {logging_mixin.py:109} INFO - [2024-03-28 18:16:24,173] {dagbag.py:496} INFO - Filling up the DagBag from /home/airflow/.local/lib/python3.6/site-packages/airflow/example_dags/example_task_group.py
[2024-03-28 18:16:24,198] {processor.py:623} INFO - DAG(s) dict_keys(['example_task_group']) retrieved from /home/airflow/.local/lib/python3.6/site-packages/airflow/example_dags/example_task_group.py
[2024-03-28 18:16:24,243] {logging_mixin.py:109} INFO - [2024-03-28 18:16:24,243] {dag.py:1834} INFO - Sync 1 DAGs
[2024-03-28 18:16:24,260] {logging_mixin.py:109} INFO - [2024-03-28 18:16:24,260] {dag.py:2287} INFO - Setting next_dagrun for example_task_group to 2024-03-26 00:00:00+00:00
[2024-03-28 18:16:24,278] {processor.py:170} INFO - Processing /home/airflow/.local/lib/python3.6/site-packages/airflow/example_dags/example_task_group.py took 0.111 seconds
[2024-03-28 18:16:55,162] {processor.py:162} INFO - Started process (PID=927) to work on /home/airflow/.local/lib/python3.6/site-packages/airflow/example_dags/example_task_group.py
[2024-03-28 18:16:55,163] {processor.py:613} INFO - Processing file /home/airflow/.local/lib/python3.6/site-packages/airflow/example_dags/example_task_group.py for tasks to queue
[2024-03-28 18:16:55,163] {logging_mixin.py:109} INFO - [2024-03-28 18:16:55,163] {dagbag.py:496} INFO - Filling up the DagBag from /home/airflow/.local/lib/python3.6/site-packages/airflow/example_dags/example_task_group.py
[2024-03-28 18:16:55,175] {processor.py:623} INFO - DAG(s) dict_keys(['example_task_group']) retrieved from /home/airflow/.local/lib/python3.6/site-packages/airflow/example_dags/example_task_group.py
[2024-03-28 18:16:55,195] {logging_mixin.py:109} INFO - [2024-03-28 18:16:55,195] {dag.py:1834} INFO - Sync 1 DAGs
[2024-03-28 18:16:55,206] {logging_mixin.py:109} INFO - [2024-03-28 18:16:55,206] {dag.py:2287} INFO - Setting next_dagrun for example_task_group to 2024-03-26 00:00:00+00:00
[2024-03-28 18:16:55,216] {processor.py:170} INFO - Processing /home/airflow/.local/lib/python3.6/site-packages/airflow/example_dags/example_task_group.py took 0.056 seconds
[2024-03-28 18:17:25,746] {processor.py:162} INFO - Started process (PID=1292) to work on /home/airflow/.local/lib/python3.6/site-packages/airflow/example_dags/example_task_group.py
[2024-03-28 18:17:25,747] {processor.py:613} INFO - Processing file /home/airflow/.local/lib/python3.6/site-packages/airflow/example_dags/example_task_group.py for tasks to queue
[2024-03-28 18:17:25,748] {logging_mixin.py:109} INFO - [2024-03-28 18:17:25,748] {dagbag.py:496} INFO - Filling up the DagBag from /home/airflow/.local/lib/python3.6/site-packages/airflow/example_dags/example_task_group.py
[2024-03-28 18:17:25,758] {processor.py:623} INFO - DAG(s) dict_keys(['example_task_group']) retrieved from /home/airflow/.local/lib/python3.6/site-packages/airflow/example_dags/example_task_group.py
[2024-03-28 18:17:25,776] {logging_mixin.py:109} INFO - [2024-03-28 18:17:25,776] {dag.py:1834} INFO - Sync 1 DAGs
[2024-03-28 18:17:25,787] {logging_mixin.py:109} INFO - [2024-03-28 18:17:25,787] {dag.py:2287} INFO - Setting next_dagrun for example_task_group to 2024-03-26 00:00:00+00:00
[2024-03-28 18:17:25,797] {processor.py:170} INFO - Processing /home/airflow/.local/lib/python3.6/site-packages/airflow/example_dags/example_task_group.py took 0.053 seconds
