[2024-03-28 18:15:55,937] {processor.py:162} INFO - Started process (PID=486) to work on /home/airflow/.local/lib/python3.6/site-packages/airflow/example_dags/example_latest_only_with_trigger.py
[2024-03-28 18:15:55,938] {processor.py:613} INFO - Processing file /home/airflow/.local/lib/python3.6/site-packages/airflow/example_dags/example_latest_only_with_trigger.py for tasks to queue
[2024-03-28 18:15:55,939] {logging_mixin.py:109} INFO - [2024-03-28 18:15:55,939] {dagbag.py:496} INFO - Filling up the DagBag from /home/airflow/.local/lib/python3.6/site-packages/airflow/example_dags/example_latest_only_with_trigger.py
[2024-03-28 18:15:55,948] {processor.py:623} INFO - DAG(s) dict_keys(['latest_only_with_trigger']) retrieved from /home/airflow/.local/lib/python3.6/site-packages/airflow/example_dags/example_latest_only_with_trigger.py
[2024-03-28 18:15:56,143] {logging_mixin.py:109} INFO - [2024-03-28 18:15:56,142] {dag.py:1834} INFO - Sync 1 DAGs
[2024-03-28 18:15:56,154] {logging_mixin.py:109} INFO - [2024-03-28 18:15:56,154] {dag.py:2287} INFO - Setting next_dagrun for latest_only_with_trigger to 2024-03-26 00:00:00+00:00
[2024-03-28 18:15:56,167] {processor.py:170} INFO - Processing /home/airflow/.local/lib/python3.6/site-packages/airflow/example_dags/example_latest_only_with_trigger.py took 0.233 seconds
[2024-03-28 18:16:26,440] {processor.py:162} INFO - Started process (PID=817) to work on /home/airflow/.local/lib/python3.6/site-packages/airflow/example_dags/example_latest_only_with_trigger.py
[2024-03-28 18:16:26,441] {processor.py:613} INFO - Processing file /home/airflow/.local/lib/python3.6/site-packages/airflow/example_dags/example_latest_only_with_trigger.py for tasks to queue
[2024-03-28 18:16:26,441] {logging_mixin.py:109} INFO - [2024-03-28 18:16:26,441] {dagbag.py:496} INFO - Filling up the DagBag from /home/airflow/.local/lib/python3.6/site-packages/airflow/example_dags/example_latest_only_with_trigger.py
[2024-03-28 18:16:26,449] {processor.py:623} INFO - DAG(s) dict_keys(['latest_only_with_trigger']) retrieved from /home/airflow/.local/lib/python3.6/site-packages/airflow/example_dags/example_latest_only_with_trigger.py
[2024-03-28 18:16:26,468] {logging_mixin.py:109} INFO - [2024-03-28 18:16:26,468] {dag.py:1834} INFO - Sync 1 DAGs
[2024-03-28 18:16:26,479] {logging_mixin.py:109} INFO - [2024-03-28 18:16:26,478] {dag.py:2287} INFO - Setting next_dagrun for latest_only_with_trigger to 2024-03-26 00:00:00+00:00
[2024-03-28 18:16:26,489] {processor.py:170} INFO - Processing /home/airflow/.local/lib/python3.6/site-packages/airflow/example_dags/example_latest_only_with_trigger.py took 0.050 seconds
[2024-03-28 18:16:57,079] {processor.py:162} INFO - Started process (PID=1022) to work on /home/airflow/.local/lib/python3.6/site-packages/airflow/example_dags/example_latest_only_with_trigger.py
[2024-03-28 18:16:57,080] {processor.py:613} INFO - Processing file /home/airflow/.local/lib/python3.6/site-packages/airflow/example_dags/example_latest_only_with_trigger.py for tasks to queue
[2024-03-28 18:16:57,080] {logging_mixin.py:109} INFO - [2024-03-28 18:16:57,080] {dagbag.py:496} INFO - Filling up the DagBag from /home/airflow/.local/lib/python3.6/site-packages/airflow/example_dags/example_latest_only_with_trigger.py
[2024-03-28 18:16:57,090] {processor.py:623} INFO - DAG(s) dict_keys(['latest_only_with_trigger']) retrieved from /home/airflow/.local/lib/python3.6/site-packages/airflow/example_dags/example_latest_only_with_trigger.py
[2024-03-28 18:16:57,110] {logging_mixin.py:109} INFO - [2024-03-28 18:16:57,110] {dag.py:1834} INFO - Sync 1 DAGs
[2024-03-28 18:16:57,123] {logging_mixin.py:109} INFO - [2024-03-28 18:16:57,123] {dag.py:2287} INFO - Setting next_dagrun for latest_only_with_trigger to 2024-03-26 00:00:00+00:00
[2024-03-28 18:16:57,134] {processor.py:170} INFO - Processing /home/airflow/.local/lib/python3.6/site-packages/airflow/example_dags/example_latest_only_with_trigger.py took 0.058 seconds
[2024-03-28 18:17:27,727] {processor.py:162} INFO - Started process (PID=1387) to work on /home/airflow/.local/lib/python3.6/site-packages/airflow/example_dags/example_latest_only_with_trigger.py
[2024-03-28 18:17:27,729] {processor.py:613} INFO - Processing file /home/airflow/.local/lib/python3.6/site-packages/airflow/example_dags/example_latest_only_with_trigger.py for tasks to queue
[2024-03-28 18:17:27,729] {logging_mixin.py:109} INFO - [2024-03-28 18:17:27,729] {dagbag.py:496} INFO - Filling up the DagBag from /home/airflow/.local/lib/python3.6/site-packages/airflow/example_dags/example_latest_only_with_trigger.py
[2024-03-28 18:17:27,738] {processor.py:623} INFO - DAG(s) dict_keys(['latest_only_with_trigger']) retrieved from /home/airflow/.local/lib/python3.6/site-packages/airflow/example_dags/example_latest_only_with_trigger.py
[2024-03-28 18:17:27,757] {logging_mixin.py:109} INFO - [2024-03-28 18:17:27,757] {dag.py:1834} INFO - Sync 1 DAGs
[2024-03-28 18:17:27,768] {logging_mixin.py:109} INFO - [2024-03-28 18:17:27,768] {dag.py:2287} INFO - Setting next_dagrun for latest_only_with_trigger to 2024-03-26 00:00:00+00:00
[2024-03-28 18:17:27,778] {processor.py:170} INFO - Processing /home/airflow/.local/lib/python3.6/site-packages/airflow/example_dags/example_latest_only_with_trigger.py took 0.053 seconds
