[2024-03-28 18:15:55,413] {processor.py:162} INFO - Started process (PID=466) to work on /home/airflow/.local/lib/python3.6/site-packages/airflow/example_dags/example_branch_datetime_operator.py
[2024-03-28 18:15:55,413] {processor.py:613} INFO - Processing file /home/airflow/.local/lib/python3.6/site-packages/airflow/example_dags/example_branch_datetime_operator.py for tasks to queue
[2024-03-28 18:15:55,414] {logging_mixin.py:109} INFO - [2024-03-28 18:15:55,414] {dagbag.py:496} INFO - Filling up the DagBag from /home/airflow/.local/lib/python3.6/site-packages/airflow/example_dags/example_branch_datetime_operator.py
[2024-03-28 18:15:55,425] {processor.py:623} INFO - DAG(s) dict_keys(['example_branch_datetime_operator_2']) retrieved from /home/airflow/.local/lib/python3.6/site-packages/airflow/example_dags/example_branch_datetime_operator.py
[2024-03-28 18:15:55,643] {logging_mixin.py:109} INFO - [2024-03-28 18:15:55,643] {dag.py:1834} INFO - Sync 1 DAGs
[2024-03-28 18:15:55,658] {logging_mixin.py:109} INFO - [2024-03-28 18:15:55,658] {dag.py:2287} INFO - Setting next_dagrun for example_branch_datetime_operator_2 to 2024-03-26 00:00:00+00:00
[2024-03-28 18:15:55,671] {processor.py:170} INFO - Processing /home/airflow/.local/lib/python3.6/site-packages/airflow/example_dags/example_branch_datetime_operator.py took 0.261 seconds
[2024-03-28 18:16:26,161] {processor.py:162} INFO - Started process (PID=797) to work on /home/airflow/.local/lib/python3.6/site-packages/airflow/example_dags/example_branch_datetime_operator.py
[2024-03-28 18:16:26,163] {processor.py:613} INFO - Processing file /home/airflow/.local/lib/python3.6/site-packages/airflow/example_dags/example_branch_datetime_operator.py for tasks to queue
[2024-03-28 18:16:26,164] {logging_mixin.py:109} INFO - [2024-03-28 18:16:26,163] {dagbag.py:496} INFO - Filling up the DagBag from /home/airflow/.local/lib/python3.6/site-packages/airflow/example_dags/example_branch_datetime_operator.py
[2024-03-28 18:16:26,175] {processor.py:623} INFO - DAG(s) dict_keys(['example_branch_datetime_operator_2']) retrieved from /home/airflow/.local/lib/python3.6/site-packages/airflow/example_dags/example_branch_datetime_operator.py
[2024-03-28 18:16:26,193] {logging_mixin.py:109} INFO - [2024-03-28 18:16:26,193] {dag.py:1834} INFO - Sync 1 DAGs
[2024-03-28 18:16:26,207] {logging_mixin.py:109} INFO - [2024-03-28 18:16:26,206] {dag.py:2287} INFO - Setting next_dagrun for example_branch_datetime_operator_2 to 2024-03-26 00:00:00+00:00
[2024-03-28 18:16:26,219] {processor.py:170} INFO - Processing /home/airflow/.local/lib/python3.6/site-packages/airflow/example_dags/example_branch_datetime_operator.py took 0.062 seconds
[2024-03-28 18:16:56,870] {processor.py:162} INFO - Started process (PID=1002) to work on /home/airflow/.local/lib/python3.6/site-packages/airflow/example_dags/example_branch_datetime_operator.py
[2024-03-28 18:16:56,871] {processor.py:613} INFO - Processing file /home/airflow/.local/lib/python3.6/site-packages/airflow/example_dags/example_branch_datetime_operator.py for tasks to queue
[2024-03-28 18:16:56,872] {logging_mixin.py:109} INFO - [2024-03-28 18:16:56,872] {dagbag.py:496} INFO - Filling up the DagBag from /home/airflow/.local/lib/python3.6/site-packages/airflow/example_dags/example_branch_datetime_operator.py
[2024-03-28 18:16:56,881] {processor.py:623} INFO - DAG(s) dict_keys(['example_branch_datetime_operator_2']) retrieved from /home/airflow/.local/lib/python3.6/site-packages/airflow/example_dags/example_branch_datetime_operator.py
[2024-03-28 18:16:56,897] {logging_mixin.py:109} INFO - [2024-03-28 18:16:56,897] {dag.py:1834} INFO - Sync 1 DAGs
[2024-03-28 18:16:56,909] {logging_mixin.py:109} INFO - [2024-03-28 18:16:56,909] {dag.py:2287} INFO - Setting next_dagrun for example_branch_datetime_operator_2 to 2024-03-26 00:00:00+00:00
[2024-03-28 18:16:56,919] {processor.py:170} INFO - Processing /home/airflow/.local/lib/python3.6/site-packages/airflow/example_dags/example_branch_datetime_operator.py took 0.050 seconds
[2024-03-28 18:17:27,489] {processor.py:162} INFO - Started process (PID=1367) to work on /home/airflow/.local/lib/python3.6/site-packages/airflow/example_dags/example_branch_datetime_operator.py
[2024-03-28 18:17:27,490] {processor.py:613} INFO - Processing file /home/airflow/.local/lib/python3.6/site-packages/airflow/example_dags/example_branch_datetime_operator.py for tasks to queue
[2024-03-28 18:17:27,491] {logging_mixin.py:109} INFO - [2024-03-28 18:17:27,491] {dagbag.py:496} INFO - Filling up the DagBag from /home/airflow/.local/lib/python3.6/site-packages/airflow/example_dags/example_branch_datetime_operator.py
[2024-03-28 18:17:27,499] {processor.py:623} INFO - DAG(s) dict_keys(['example_branch_datetime_operator_2']) retrieved from /home/airflow/.local/lib/python3.6/site-packages/airflow/example_dags/example_branch_datetime_operator.py
[2024-03-28 18:17:27,516] {logging_mixin.py:109} INFO - [2024-03-28 18:17:27,515] {dag.py:1834} INFO - Sync 1 DAGs
[2024-03-28 18:17:27,528] {logging_mixin.py:109} INFO - [2024-03-28 18:17:27,528] {dag.py:2287} INFO - Setting next_dagrun for example_branch_datetime_operator_2 to 2024-03-26 00:00:00+00:00
[2024-03-28 18:17:27,538] {processor.py:170} INFO - Processing /home/airflow/.local/lib/python3.6/site-packages/airflow/example_dags/example_branch_datetime_operator.py took 0.051 seconds
