[2024-03-28 18:15:54,617] {processor.py:162} INFO - Started process (PID=441) to work on /home/airflow/.local/lib/python3.6/site-packages/airflow/example_dags/example_python_operator.py
[2024-03-28 18:15:54,617] {processor.py:613} INFO - Processing file /home/airflow/.local/lib/python3.6/site-packages/airflow/example_dags/example_python_operator.py for tasks to queue
[2024-03-28 18:15:54,618] {logging_mixin.py:109} INFO - [2024-03-28 18:15:54,618] {dagbag.py:496} INFO - Filling up the DagBag from /home/airflow/.local/lib/python3.6/site-packages/airflow/example_dags/example_python_operator.py
[2024-03-28 18:15:54,628] {processor.py:623} INFO - DAG(s) dict_keys(['example_python_operator']) retrieved from /home/airflow/.local/lib/python3.6/site-packages/airflow/example_dags/example_python_operator.py
[2024-03-28 18:15:54,900] {logging_mixin.py:109} INFO - [2024-03-28 18:15:54,899] {dag.py:1834} INFO - Sync 1 DAGs
[2024-03-28 18:15:54,915] {logging_mixin.py:109} INFO - [2024-03-28 18:15:54,914] {dag.py:2287} INFO - Setting next_dagrun for example_python_operator to None
[2024-03-28 18:15:54,933] {processor.py:170} INFO - Processing /home/airflow/.local/lib/python3.6/site-packages/airflow/example_dags/example_python_operator.py took 0.318 seconds
[2024-03-28 18:16:25,913] {processor.py:162} INFO - Started process (PID=774) to work on /home/airflow/.local/lib/python3.6/site-packages/airflow/example_dags/example_python_operator.py
[2024-03-28 18:16:25,914] {processor.py:613} INFO - Processing file /home/airflow/.local/lib/python3.6/site-packages/airflow/example_dags/example_python_operator.py for tasks to queue
[2024-03-28 18:16:25,914] {logging_mixin.py:109} INFO - [2024-03-28 18:16:25,914] {dagbag.py:496} INFO - Filling up the DagBag from /home/airflow/.local/lib/python3.6/site-packages/airflow/example_dags/example_python_operator.py
[2024-03-28 18:16:25,926] {processor.py:623} INFO - DAG(s) dict_keys(['example_python_operator']) retrieved from /home/airflow/.local/lib/python3.6/site-packages/airflow/example_dags/example_python_operator.py
[2024-03-28 18:16:25,944] {logging_mixin.py:109} INFO - [2024-03-28 18:16:25,944] {dag.py:1834} INFO - Sync 1 DAGs
[2024-03-28 18:16:25,955] {logging_mixin.py:109} INFO - [2024-03-28 18:16:25,955] {dag.py:2287} INFO - Setting next_dagrun for example_python_operator to None
[2024-03-28 18:16:25,966] {processor.py:170} INFO - Processing /home/airflow/.local/lib/python3.6/site-packages/airflow/example_dags/example_python_operator.py took 0.056 seconds
[2024-03-28 18:16:56,632] {processor.py:162} INFO - Started process (PID=979) to work on /home/airflow/.local/lib/python3.6/site-packages/airflow/example_dags/example_python_operator.py
[2024-03-28 18:16:56,634] {processor.py:613} INFO - Processing file /home/airflow/.local/lib/python3.6/site-packages/airflow/example_dags/example_python_operator.py for tasks to queue
[2024-03-28 18:16:56,635] {logging_mixin.py:109} INFO - [2024-03-28 18:16:56,635] {dagbag.py:496} INFO - Filling up the DagBag from /home/airflow/.local/lib/python3.6/site-packages/airflow/example_dags/example_python_operator.py
[2024-03-28 18:16:56,644] {processor.py:623} INFO - DAG(s) dict_keys(['example_python_operator']) retrieved from /home/airflow/.local/lib/python3.6/site-packages/airflow/example_dags/example_python_operator.py
[2024-03-28 18:16:56,662] {logging_mixin.py:109} INFO - [2024-03-28 18:16:56,662] {dag.py:1834} INFO - Sync 1 DAGs
[2024-03-28 18:16:56,674] {logging_mixin.py:109} INFO - [2024-03-28 18:16:56,674] {dag.py:2287} INFO - Setting next_dagrun for example_python_operator to None
[2024-03-28 18:16:56,684] {processor.py:170} INFO - Processing /home/airflow/.local/lib/python3.6/site-packages/airflow/example_dags/example_python_operator.py took 0.053 seconds
[2024-03-28 18:17:27,258] {processor.py:162} INFO - Started process (PID=1344) to work on /home/airflow/.local/lib/python3.6/site-packages/airflow/example_dags/example_python_operator.py
[2024-03-28 18:17:27,259] {processor.py:613} INFO - Processing file /home/airflow/.local/lib/python3.6/site-packages/airflow/example_dags/example_python_operator.py for tasks to queue
[2024-03-28 18:17:27,260] {logging_mixin.py:109} INFO - [2024-03-28 18:17:27,260] {dagbag.py:496} INFO - Filling up the DagBag from /home/airflow/.local/lib/python3.6/site-packages/airflow/example_dags/example_python_operator.py
[2024-03-28 18:17:27,270] {processor.py:623} INFO - DAG(s) dict_keys(['example_python_operator']) retrieved from /home/airflow/.local/lib/python3.6/site-packages/airflow/example_dags/example_python_operator.py
[2024-03-28 18:17:27,292] {logging_mixin.py:109} INFO - [2024-03-28 18:17:27,292] {dag.py:1834} INFO - Sync 1 DAGs
[2024-03-28 18:17:27,304] {logging_mixin.py:109} INFO - [2024-03-28 18:17:27,304] {dag.py:2287} INFO - Setting next_dagrun for example_python_operator to None
[2024-03-28 18:17:27,314] {processor.py:170} INFO - Processing /home/airflow/.local/lib/python3.6/site-packages/airflow/example_dags/example_python_operator.py took 0.058 seconds
