[2024-03-28 18:15:55,202] {processor.py:162} INFO - Started process (PID=461) to work on /home/airflow/.local/lib/python3.6/site-packages/airflow/example_dags/example_bash_operator.py
[2024-03-28 18:15:55,203] {processor.py:613} INFO - Processing file /home/airflow/.local/lib/python3.6/site-packages/airflow/example_dags/example_bash_operator.py for tasks to queue
[2024-03-28 18:15:55,204] {logging_mixin.py:109} INFO - [2024-03-28 18:15:55,204] {dagbag.py:496} INFO - Filling up the DagBag from /home/airflow/.local/lib/python3.6/site-packages/airflow/example_dags/example_bash_operator.py
[2024-03-28 18:15:55,220] {processor.py:623} INFO - DAG(s) dict_keys(['example_bash_operator']) retrieved from /home/airflow/.local/lib/python3.6/site-packages/airflow/example_dags/example_bash_operator.py
[2024-03-28 18:15:55,411] {logging_mixin.py:109} INFO - [2024-03-28 18:15:55,411] {dag.py:1834} INFO - Sync 1 DAGs
[2024-03-28 18:15:55,427] {logging_mixin.py:109} INFO - [2024-03-28 18:15:55,427] {dag.py:2287} INFO - Setting next_dagrun for example_bash_operator to 2024-03-26 00:00:00+00:00
[2024-03-28 18:15:55,458] {processor.py:170} INFO - Processing /home/airflow/.local/lib/python3.6/site-packages/airflow/example_dags/example_bash_operator.py took 0.258 seconds
[2024-03-28 18:16:26,153] {processor.py:162} INFO - Started process (PID=794) to work on /home/airflow/.local/lib/python3.6/site-packages/airflow/example_dags/example_bash_operator.py
[2024-03-28 18:16:26,153] {processor.py:613} INFO - Processing file /home/airflow/.local/lib/python3.6/site-packages/airflow/example_dags/example_bash_operator.py for tasks to queue
[2024-03-28 18:16:26,154] {logging_mixin.py:109} INFO - [2024-03-28 18:16:26,154] {dagbag.py:496} INFO - Filling up the DagBag from /home/airflow/.local/lib/python3.6/site-packages/airflow/example_dags/example_bash_operator.py
[2024-03-28 18:16:26,169] {processor.py:623} INFO - DAG(s) dict_keys(['example_bash_operator']) retrieved from /home/airflow/.local/lib/python3.6/site-packages/airflow/example_dags/example_bash_operator.py
[2024-03-28 18:16:26,188] {logging_mixin.py:109} INFO - [2024-03-28 18:16:26,188] {dag.py:1834} INFO - Sync 1 DAGs
[2024-03-28 18:16:26,201] {logging_mixin.py:109} INFO - [2024-03-28 18:16:26,201] {dag.py:2287} INFO - Setting next_dagrun for example_bash_operator to 2024-03-26 00:00:00+00:00
[2024-03-28 18:16:26,212] {processor.py:170} INFO - Processing /home/airflow/.local/lib/python3.6/site-packages/airflow/example_dags/example_bash_operator.py took 0.062 seconds
[2024-03-28 18:16:56,859] {processor.py:162} INFO - Started process (PID=997) to work on /home/airflow/.local/lib/python3.6/site-packages/airflow/example_dags/example_bash_operator.py
[2024-03-28 18:16:56,860] {processor.py:613} INFO - Processing file /home/airflow/.local/lib/python3.6/site-packages/airflow/example_dags/example_bash_operator.py for tasks to queue
[2024-03-28 18:16:56,861] {logging_mixin.py:109} INFO - [2024-03-28 18:16:56,861] {dagbag.py:496} INFO - Filling up the DagBag from /home/airflow/.local/lib/python3.6/site-packages/airflow/example_dags/example_bash_operator.py
[2024-03-28 18:16:56,871] {processor.py:623} INFO - DAG(s) dict_keys(['example_bash_operator']) retrieved from /home/airflow/.local/lib/python3.6/site-packages/airflow/example_dags/example_bash_operator.py
[2024-03-28 18:16:56,887] {logging_mixin.py:109} INFO - [2024-03-28 18:16:56,887] {dag.py:1834} INFO - Sync 1 DAGs
[2024-03-28 18:16:56,902] {logging_mixin.py:109} INFO - [2024-03-28 18:16:56,901] {dag.py:2287} INFO - Setting next_dagrun for example_bash_operator to 2024-03-26 00:00:00+00:00
[2024-03-28 18:16:56,911] {processor.py:170} INFO - Processing /home/airflow/.local/lib/python3.6/site-packages/airflow/example_dags/example_bash_operator.py took 0.055 seconds
[2024-03-28 18:17:27,479] {processor.py:162} INFO - Started process (PID=1362) to work on /home/airflow/.local/lib/python3.6/site-packages/airflow/example_dags/example_bash_operator.py
[2024-03-28 18:17:27,480] {processor.py:613} INFO - Processing file /home/airflow/.local/lib/python3.6/site-packages/airflow/example_dags/example_bash_operator.py for tasks to queue
[2024-03-28 18:17:27,480] {logging_mixin.py:109} INFO - [2024-03-28 18:17:27,480] {dagbag.py:496} INFO - Filling up the DagBag from /home/airflow/.local/lib/python3.6/site-packages/airflow/example_dags/example_bash_operator.py
[2024-03-28 18:17:27,492] {processor.py:623} INFO - DAG(s) dict_keys(['example_bash_operator']) retrieved from /home/airflow/.local/lib/python3.6/site-packages/airflow/example_dags/example_bash_operator.py
[2024-03-28 18:17:27,509] {logging_mixin.py:109} INFO - [2024-03-28 18:17:27,509] {dag.py:1834} INFO - Sync 1 DAGs
[2024-03-28 18:17:27,521] {logging_mixin.py:109} INFO - [2024-03-28 18:17:27,521] {dag.py:2287} INFO - Setting next_dagrun for example_bash_operator to 2024-03-26 00:00:00+00:00
[2024-03-28 18:17:27,531] {processor.py:170} INFO - Processing /home/airflow/.local/lib/python3.6/site-packages/airflow/example_dags/example_bash_operator.py took 0.055 seconds
