[2024-03-28 18:15:53,979] {processor.py:162} INFO - Started process (PID=421) to work on /home/airflow/.local/lib/python3.6/site-packages/airflow/example_dags/tutorial_taskflow_api_etl.py
[2024-03-28 18:15:53,980] {processor.py:613} INFO - Processing file /home/airflow/.local/lib/python3.6/site-packages/airflow/example_dags/tutorial_taskflow_api_etl.py for tasks to queue
[2024-03-28 18:15:53,980] {logging_mixin.py:109} INFO - [2024-03-28 18:15:53,980] {dagbag.py:496} INFO - Filling up the DagBag from /home/airflow/.local/lib/python3.6/site-packages/airflow/example_dags/tutorial_taskflow_api_etl.py
[2024-03-28 18:15:53,994] {processor.py:623} INFO - DAG(s) dict_keys(['tutorial_taskflow_api_etl']) retrieved from /home/airflow/.local/lib/python3.6/site-packages/airflow/example_dags/tutorial_taskflow_api_etl.py
[2024-03-28 18:15:54,256] {logging_mixin.py:109} INFO - [2024-03-28 18:15:54,256] {dag.py:1834} INFO - Sync 1 DAGs
[2024-03-28 18:15:54,275] {logging_mixin.py:109} INFO - [2024-03-28 18:15:54,275] {dag.py:2287} INFO - Setting next_dagrun for tutorial_taskflow_api_etl to None
[2024-03-28 18:15:54,296] {processor.py:170} INFO - Processing /home/airflow/.local/lib/python3.6/site-packages/airflow/example_dags/tutorial_taskflow_api_etl.py took 0.320 seconds
[2024-03-28 18:16:24,687] {processor.py:162} INFO - Started process (PID=752) to work on /home/airflow/.local/lib/python3.6/site-packages/airflow/example_dags/tutorial_taskflow_api_etl.py
[2024-03-28 18:16:24,687] {processor.py:613} INFO - Processing file /home/airflow/.local/lib/python3.6/site-packages/airflow/example_dags/tutorial_taskflow_api_etl.py for tasks to queue
[2024-03-28 18:16:24,688] {logging_mixin.py:109} INFO - [2024-03-28 18:16:24,688] {dagbag.py:496} INFO - Filling up the DagBag from /home/airflow/.local/lib/python3.6/site-packages/airflow/example_dags/tutorial_taskflow_api_etl.py
[2024-03-28 18:16:24,700] {processor.py:623} INFO - DAG(s) dict_keys(['tutorial_taskflow_api_etl']) retrieved from /home/airflow/.local/lib/python3.6/site-packages/airflow/example_dags/tutorial_taskflow_api_etl.py
[2024-03-28 18:16:24,865] {logging_mixin.py:109} INFO - [2024-03-28 18:16:24,865] {dag.py:1834} INFO - Sync 1 DAGs
[2024-03-28 18:16:24,875] {logging_mixin.py:109} INFO - [2024-03-28 18:16:24,875] {dag.py:2287} INFO - Setting next_dagrun for tutorial_taskflow_api_etl to None
[2024-03-28 18:16:24,890] {processor.py:170} INFO - Processing /home/airflow/.local/lib/python3.6/site-packages/airflow/example_dags/tutorial_taskflow_api_etl.py took 0.205 seconds
[2024-03-28 18:16:55,483] {processor.py:162} INFO - Started process (PID=957) to work on /home/airflow/.local/lib/python3.6/site-packages/airflow/example_dags/tutorial_taskflow_api_etl.py
[2024-03-28 18:16:55,485] {processor.py:613} INFO - Processing file /home/airflow/.local/lib/python3.6/site-packages/airflow/example_dags/tutorial_taskflow_api_etl.py for tasks to queue
[2024-03-28 18:16:55,485] {logging_mixin.py:109} INFO - [2024-03-28 18:16:55,485] {dagbag.py:496} INFO - Filling up the DagBag from /home/airflow/.local/lib/python3.6/site-packages/airflow/example_dags/tutorial_taskflow_api_etl.py
[2024-03-28 18:16:55,499] {processor.py:623} INFO - DAG(s) dict_keys(['tutorial_taskflow_api_etl']) retrieved from /home/airflow/.local/lib/python3.6/site-packages/airflow/example_dags/tutorial_taskflow_api_etl.py
[2024-03-28 18:16:55,516] {logging_mixin.py:109} INFO - [2024-03-28 18:16:55,516] {dag.py:1834} INFO - Sync 1 DAGs
[2024-03-28 18:16:55,528] {logging_mixin.py:109} INFO - [2024-03-28 18:16:55,527] {dag.py:2287} INFO - Setting next_dagrun for tutorial_taskflow_api_etl to None
[2024-03-28 18:16:55,539] {processor.py:170} INFO - Processing /home/airflow/.local/lib/python3.6/site-packages/airflow/example_dags/tutorial_taskflow_api_etl.py took 0.058 seconds
[2024-03-28 18:17:26,043] {processor.py:162} INFO - Started process (PID=1322) to work on /home/airflow/.local/lib/python3.6/site-packages/airflow/example_dags/tutorial_taskflow_api_etl.py
[2024-03-28 18:17:26,044] {processor.py:613} INFO - Processing file /home/airflow/.local/lib/python3.6/site-packages/airflow/example_dags/tutorial_taskflow_api_etl.py for tasks to queue
[2024-03-28 18:17:26,045] {logging_mixin.py:109} INFO - [2024-03-28 18:17:26,045] {dagbag.py:496} INFO - Filling up the DagBag from /home/airflow/.local/lib/python3.6/site-packages/airflow/example_dags/tutorial_taskflow_api_etl.py
[2024-03-28 18:17:26,057] {processor.py:623} INFO - DAG(s) dict_keys(['tutorial_taskflow_api_etl']) retrieved from /home/airflow/.local/lib/python3.6/site-packages/airflow/example_dags/tutorial_taskflow_api_etl.py
[2024-03-28 18:17:26,213] {logging_mixin.py:109} INFO - [2024-03-28 18:17:26,213] {dag.py:1834} INFO - Sync 1 DAGs
[2024-03-28 18:17:26,223] {logging_mixin.py:109} INFO - [2024-03-28 18:17:26,223] {dag.py:2287} INFO - Setting next_dagrun for tutorial_taskflow_api_etl to None
[2024-03-28 18:17:26,237] {processor.py:170} INFO - Processing /home/airflow/.local/lib/python3.6/site-packages/airflow/example_dags/tutorial_taskflow_api_etl.py took 0.196 seconds
