[2024-01-04 07:53:59,268] {taskinstance.py:903} INFO - Dependencies all met for <TaskInstance: meeting.fetch_meeting 2024-01-04T06:00:00+00:00 [queued]>
[2024-01-04 07:53:59,291] {taskinstance.py:903} INFO - Dependencies all met for <TaskInstance: meeting.fetch_meeting 2024-01-04T06:00:00+00:00 [queued]>
[2024-01-04 07:53:59,292] {taskinstance.py:1095} INFO - 
--------------------------------------------------------------------------------
[2024-01-04 07:53:59,292] {taskinstance.py:1096} INFO - Starting attempt 1 of 1
[2024-01-04 07:53:59,292] {taskinstance.py:1097} INFO - 
--------------------------------------------------------------------------------
[2024-01-04 07:53:59,303] {taskinstance.py:1115} INFO - Executing <Task(PythonOperator): fetch_meeting> on 2024-01-04T06:00:00+00:00
[2024-01-04 07:53:59,308] {standard_task_runner.py:52} INFO - Started process 788 to run task
[2024-01-04 07:53:59,313] {standard_task_runner.py:76} INFO - Running: ['***', 'tasks', 'run', 'meeting', 'fetch_meeting', '2024-01-04T06:00:00+00:00', '--job-id', '120', '--pool', 'default_pool', '--raw', '--subdir', 'DAGS_FOLDER/first_dag.py', '--cfg-path', '/tmp/tmp48xnr5t2', '--error-file', '/tmp/tmpjc48ftdk']
[2024-01-04 07:53:59,318] {standard_task_runner.py:77} INFO - Job 120: Subtask fetch_meeting
[2024-01-04 07:53:59,385] {logging_mixin.py:109} INFO - Running <TaskInstance: meeting.fetch_meeting 2024-01-04T06:00:00+00:00 [running]> on host d9caa4907196
[2024-01-04 07:53:59,455] {taskinstance.py:1254} INFO - Exporting the following env vars:
AIRFLOW_CTX_DAG_OWNER=***
AIRFLOW_CTX_DAG_ID=meeting
AIRFLOW_CTX_TASK_ID=fetch_meeting
AIRFLOW_CTX_EXECUTION_DATE=2024-01-04T06:00:00+00:00
AIRFLOW_CTX_DAG_RUN_ID=scheduled__2024-01-04T06:00:00+00:00
[2024-01-04 07:54:05,779] {logging_mixin.py:109} INFO - Output to /home/tnanun/***-meet/data/data_meet.csv yoyoyoyoyoyo
[2024-01-04 07:54:05,779] {python.py:151} INFO - Done. Returned value was: None
[2024-01-04 07:54:05,807] {taskinstance.py:1219} INFO - Marking task as SUCCESS. dag_id=meeting, task_id=fetch_meeting, execution_date=20240104T060000, start_date=20240104T075359, end_date=20240104T075405
[2024-01-04 07:54:05,884] {local_task_job.py:151} INFO - Task exited with return code 0
[2024-01-04 07:54:05,960] {local_task_job.py:261} INFO - 1 downstream tasks scheduled from follow-on schedule check
