[2024-03-01 14:55:41,773] {taskinstance.py:903} INFO - Dependencies all met for <TaskInstance: meeting.fetch_answers 2024-03-01T14:55:40.465292+00:00 [queued]>
[2024-03-01 14:55:41,788] {taskinstance.py:903} INFO - Dependencies all met for <TaskInstance: meeting.fetch_answers 2024-03-01T14:55:40.465292+00:00 [queued]>
[2024-03-01 14:55:41,788] {taskinstance.py:1095} INFO - 
--------------------------------------------------------------------------------
[2024-03-01 14:55:41,788] {taskinstance.py:1096} INFO - Starting attempt 1 of 1
[2024-03-01 14:55:41,788] {taskinstance.py:1097} INFO - 
--------------------------------------------------------------------------------
[2024-03-01 14:55:41,797] {taskinstance.py:1115} INFO - Executing <Task(PythonOperator): fetch_answers> on 2024-03-01T14:55:40.465292+00:00
[2024-03-01 14:55:41,801] {standard_task_runner.py:52} INFO - Started process 2275 to run task
[2024-03-01 14:55:41,805] {standard_task_runner.py:76} INFO - Running: ['***', 'tasks', 'run', 'meeting', 'fetch_answers', '2024-03-01T14:55:40.465292+00:00', '--job-id', '188', '--pool', 'default_pool', '--raw', '--subdir', 'DAGS_FOLDER/first_dag.py', '--cfg-path', '/tmp/tmpks351k1u', '--error-file', '/tmp/tmpso8jqx49']
[2024-03-01 14:55:41,808] {standard_task_runner.py:77} INFO - Job 188: Subtask fetch_answers
[2024-03-01 14:55:41,845] {logging_mixin.py:109} INFO - Running <TaskInstance: meeting.fetch_answers 2024-03-01T14:55:40.465292+00:00 [running]> on host b272d77a87bd
[2024-03-01 14:55:41,898] {taskinstance.py:1254} INFO - Exporting the following env vars:
AIRFLOW_CTX_DAG_OWNER=***
AIRFLOW_CTX_DAG_ID=meeting
AIRFLOW_CTX_TASK_ID=fetch_answers
AIRFLOW_CTX_EXECUTION_DATE=2024-03-01T14:55:40.465292+00:00
AIRFLOW_CTX_DAG_RUN_ID=manual__2024-03-01T14:55:40.465292+00:00
[2024-03-01 14:55:42,979] {logging_mixin.py:109} INFO - Output to /home/tnanun/***-meet/data/data_ans.csv yoyoyoyoyoyo
[2024-03-01 14:55:42,979] {python.py:151} INFO - Done. Returned value was: None
[2024-03-01 14:55:42,987] {taskinstance.py:1219} INFO - Marking task as SUCCESS. dag_id=meeting, task_id=fetch_answers, execution_date=20240301T145540, start_date=20240301T145541, end_date=20240301T145542
[2024-03-01 14:55:43,021] {local_task_job.py:151} INFO - Task exited with return code 0
[2024-03-01 14:55:43,046] {local_task_job.py:261} INFO - 1 downstream tasks scheduled from follow-on schedule check
