[2024-03-09 03:00:27,780] {taskinstance.py:903} INFO - Dependencies all met for <TaskInstance: meeting_project492.clean_meet_obj 2024-03-09T03:00:15.034586+00:00 [queued]>
[2024-03-09 03:00:27,789] {taskinstance.py:903} INFO - Dependencies all met for <TaskInstance: meeting_project492.clean_meet_obj 2024-03-09T03:00:15.034586+00:00 [queued]>
[2024-03-09 03:00:27,790] {taskinstance.py:1095} INFO - 
--------------------------------------------------------------------------------
[2024-03-09 03:00:27,790] {taskinstance.py:1096} INFO - Starting attempt 1 of 1
[2024-03-09 03:00:27,790] {taskinstance.py:1097} INFO - 
--------------------------------------------------------------------------------
[2024-03-09 03:00:27,804] {taskinstance.py:1115} INFO - Executing <Task(PythonOperator): clean_meet_obj> on 2024-03-09T03:00:15.034586+00:00
[2024-03-09 03:00:27,808] {standard_task_runner.py:52} INFO - Started process 2238 to run task
[2024-03-09 03:00:27,811] {standard_task_runner.py:76} INFO - Running: ['***', 'tasks', 'run', 'meeting_project492', 'clean_meet_obj', '2024-03-09T03:00:15.034586+00:00', '--job-id', '366', '--pool', 'default_pool', '--raw', '--subdir', 'DAGS_FOLDER/first_dag.py', '--cfg-path', '/tmp/tmpdarnm4kd', '--error-file', '/tmp/tmp02ccuht2']
[2024-03-09 03:00:27,813] {standard_task_runner.py:77} INFO - Job 366: Subtask clean_meet_obj
[2024-03-09 03:00:27,849] {logging_mixin.py:109} INFO - Running <TaskInstance: meeting_project492.clean_meet_obj 2024-03-09T03:00:15.034586+00:00 [running]> on host 62b9685fb4d1
[2024-03-09 03:00:27,895] {taskinstance.py:1254} INFO - Exporting the following env vars:
AIRFLOW_CTX_DAG_OWNER=***
AIRFLOW_CTX_DAG_ID=meeting_project492
AIRFLOW_CTX_TASK_ID=clean_meet_obj
AIRFLOW_CTX_EXECUTION_DATE=2024-03-09T03:00:15.034586+00:00
AIRFLOW_CTX_DAG_RUN_ID=manual__2024-03-09T03:00:15.034586+00:00
[2024-03-09 03:00:27,908] {logging_mixin.py:109} INFO - Output to /home/tnanun/***-meet/data/data_com.csv yoyoyoyoyoyo
[2024-03-09 03:00:27,908] {python.py:151} INFO - Done. Returned value was: None
[2024-03-09 03:00:27,917] {taskinstance.py:1219} INFO - Marking task as SUCCESS. dag_id=meeting_project492, task_id=clean_meet_obj, execution_date=20240309T030015, start_date=20240309T030027, end_date=20240309T030027
[2024-03-09 03:00:27,943] {local_task_job.py:151} INFO - Task exited with return code 0
[2024-03-09 03:00:27,969] {local_task_job.py:261} INFO - 1 downstream tasks scheduled from follow-on schedule check
