[2024-01-04 08:53:27,173] {taskinstance.py:903} INFO - Dependencies all met for <TaskInstance: meeting.clean_answers 2024-01-04T07:00:00+00:00 [queued]>
[2024-01-04 08:53:27,189] {taskinstance.py:903} INFO - Dependencies all met for <TaskInstance: meeting.clean_answers 2024-01-04T07:00:00+00:00 [queued]>
[2024-01-04 08:53:27,189] {taskinstance.py:1095} INFO - 
--------------------------------------------------------------------------------
[2024-01-04 08:53:27,189] {taskinstance.py:1096} INFO - Starting attempt 1 of 1
[2024-01-04 08:53:27,189] {taskinstance.py:1097} INFO - 
--------------------------------------------------------------------------------
[2024-01-04 08:53:27,206] {taskinstance.py:1115} INFO - Executing <Task(PythonOperator): clean_answers> on 2024-01-04T07:00:00+00:00
[2024-01-04 08:53:27,212] {standard_task_runner.py:52} INFO - Started process 425 to run task
[2024-01-04 08:53:27,215] {standard_task_runner.py:76} INFO - Running: ['***', 'tasks', 'run', 'meeting', 'clean_answers', '2024-01-04T07:00:00+00:00', '--job-id', '131', '--pool', 'default_pool', '--raw', '--subdir', 'DAGS_FOLDER/first_dag.py', '--cfg-path', '/tmp/tmp3qk5dsgo', '--error-file', '/tmp/tmp0tojc4y2']
[2024-01-04 08:53:27,218] {standard_task_runner.py:77} INFO - Job 131: Subtask clean_answers
[2024-01-04 08:53:27,266] {logging_mixin.py:109} INFO - Running <TaskInstance: meeting.clean_answers 2024-01-04T07:00:00+00:00 [running]> on host bd9da4259c23
[2024-01-04 08:53:27,329] {taskinstance.py:1254} INFO - Exporting the following env vars:
AIRFLOW_CTX_DAG_OWNER=***
AIRFLOW_CTX_DAG_ID=meeting
AIRFLOW_CTX_TASK_ID=clean_answers
AIRFLOW_CTX_EXECUTION_DATE=2024-01-04T07:00:00+00:00
AIRFLOW_CTX_DAG_RUN_ID=scheduled__2024-01-04T07:00:00+00:00
[2024-01-04 08:53:27,378] {logging_mixin.py:109} INFO - Output to /home/tnanun/***-meet/data/data_ans.csv yoyoyoyoyoyo
[2024-01-04 08:53:27,378] {python.py:151} INFO - Done. Returned value was: None
[2024-01-04 08:53:27,390] {taskinstance.py:1219} INFO - Marking task as SUCCESS. dag_id=meeting, task_id=clean_answers, execution_date=20240104T070000, start_date=20240104T085327, end_date=20240104T085327
[2024-01-04 08:53:27,428] {local_task_job.py:151} INFO - Task exited with return code 0
[2024-01-04 08:53:27,458] {local_task_job.py:261} INFO - 1 downstream tasks scheduled from follow-on schedule check
