[2024-03-11 04:40:27,528] {taskinstance.py:903} INFO - Dependencies all met for <TaskInstance: meeting_project492.fetch_comment 2024-03-11T04:40:26.004033+00:00 [queued]>
[2024-03-11 04:40:27,546] {taskinstance.py:903} INFO - Dependencies all met for <TaskInstance: meeting_project492.fetch_comment 2024-03-11T04:40:26.004033+00:00 [queued]>
[2024-03-11 04:40:27,546] {taskinstance.py:1095} INFO - 
--------------------------------------------------------------------------------
[2024-03-11 04:40:27,546] {taskinstance.py:1096} INFO - Starting attempt 1 of 1
[2024-03-11 04:40:27,546] {taskinstance.py:1097} INFO - 
--------------------------------------------------------------------------------
[2024-03-11 04:40:27,557] {taskinstance.py:1115} INFO - Executing <Task(PythonOperator): fetch_comment> on 2024-03-11T04:40:26.004033+00:00
[2024-03-11 04:40:27,562] {standard_task_runner.py:52} INFO - Started process 475 to run task
[2024-03-11 04:40:27,565] {standard_task_runner.py:76} INFO - Running: ['***', 'tasks', 'run', 'meeting_project492', 'fetch_comment', '2024-03-11T04:40:26.004033+00:00', '--job-id', '641', '--pool', 'default_pool', '--raw', '--subdir', 'DAGS_FOLDER/first_dag.py', '--cfg-path', '/tmp/tmpmn4_x_yw', '--error-file', '/tmp/tmpml7prtm2']
[2024-03-11 04:40:27,569] {standard_task_runner.py:77} INFO - Job 641: Subtask fetch_comment
[2024-03-11 04:40:27,617] {logging_mixin.py:109} INFO - Running <TaskInstance: meeting_project492.fetch_comment 2024-03-11T04:40:26.004033+00:00 [running]> on host a354bf513529
[2024-03-11 04:40:27,672] {taskinstance.py:1254} INFO - Exporting the following env vars:
AIRFLOW_CTX_DAG_OWNER=***
AIRFLOW_CTX_DAG_ID=meeting_project492
AIRFLOW_CTX_TASK_ID=fetch_comment
AIRFLOW_CTX_EXECUTION_DATE=2024-03-11T04:40:26.004033+00:00
AIRFLOW_CTX_DAG_RUN_ID=manual__2024-03-11T04:40:26.004033+00:00
[2024-03-11 04:40:28,923] {logging_mixin.py:109} INFO - Output to /home/tnanun/***-meet/data/data_com.csv yoyoyoyoyoyo
[2024-03-11 04:40:28,923] {python.py:151} INFO - Done. Returned value was: None
[2024-03-11 04:40:28,934] {taskinstance.py:1219} INFO - Marking task as SUCCESS. dag_id=meeting_project492, task_id=fetch_comment, execution_date=20240311T044026, start_date=20240311T044027, end_date=20240311T044028
[2024-03-11 04:40:28,982] {local_task_job.py:151} INFO - Task exited with return code 0
[2024-03-11 04:40:29,017] {local_task_job.py:261} INFO - 1 downstream tasks scheduled from follow-on schedule check
