[2024-03-11 04:27:05,912] {taskinstance.py:903} INFO - Dependencies all met for <TaskInstance: meeting_project492.merge_data 2024-03-11T04:26:59.718737+00:00 [queued]>
[2024-03-11 04:27:05,923] {taskinstance.py:903} INFO - Dependencies all met for <TaskInstance: meeting_project492.merge_data 2024-03-11T04:26:59.718737+00:00 [queued]>
[2024-03-11 04:27:05,923] {taskinstance.py:1095} INFO - 
--------------------------------------------------------------------------------
[2024-03-11 04:27:05,923] {taskinstance.py:1096} INFO - Starting attempt 1 of 1
[2024-03-11 04:27:05,923] {taskinstance.py:1097} INFO - 
--------------------------------------------------------------------------------
[2024-03-11 04:27:05,937] {taskinstance.py:1115} INFO - Executing <Task(PythonOperator): merge_data> on 2024-03-11T04:26:59.718737+00:00
[2024-03-11 04:27:05,942] {standard_task_runner.py:52} INFO - Started process 1318 to run task
[2024-03-11 04:27:05,944] {standard_task_runner.py:76} INFO - Running: ['***', 'tasks', 'run', 'meeting_project492', 'merge_data', '2024-03-11T04:26:59.718737+00:00', '--job-id', '599', '--pool', 'default_pool', '--raw', '--subdir', 'DAGS_FOLDER/first_dag.py', '--cfg-path', '/tmp/tmp43v39rro', '--error-file', '/tmp/tmp5dbago5b']
[2024-03-11 04:27:05,946] {standard_task_runner.py:77} INFO - Job 599: Subtask merge_data
[2024-03-11 04:27:05,981] {logging_mixin.py:109} INFO - Running <TaskInstance: meeting_project492.merge_data 2024-03-11T04:26:59.718737+00:00 [running]> on host 5fe9ddfe21b9
[2024-03-11 04:27:06,032] {taskinstance.py:1254} INFO - Exporting the following env vars:
AIRFLOW_CTX_DAG_OWNER=***
AIRFLOW_CTX_DAG_ID=meeting_project492
AIRFLOW_CTX_TASK_ID=merge_data
AIRFLOW_CTX_EXECUTION_DATE=2024-03-11T04:26:59.718737+00:00
AIRFLOW_CTX_DAG_RUN_ID=manual__2024-03-11T04:26:59.718737+00:00
[2024-03-11 04:27:06,062] {taskinstance.py:1463} ERROR - Task failed with exception
Traceback (most recent call last):
  File "/home/airflow/.local/lib/python3.6/site-packages/airflow/models/taskinstance.py", line 1165, in _run_raw_task
    self._prepare_and_execute_task_with_callbacks(context, task)
  File "/home/airflow/.local/lib/python3.6/site-packages/airflow/models/taskinstance.py", line 1283, in _prepare_and_execute_task_with_callbacks
    result = self._execute_task(context, task_copy)
  File "/home/airflow/.local/lib/python3.6/site-packages/airflow/models/taskinstance.py", line 1313, in _execute_task
    result = task_copy.execute(context=context)
  File "/home/airflow/.local/lib/python3.6/site-packages/airflow/operators/python.py", line 150, in execute
    return_value = self.execute_callable()
  File "/home/airflow/.local/lib/python3.6/site-packages/airflow/operators/python.py", line 161, in execute_callable
    return self.python_callable(*self.op_args, **self.op_kwargs)
  File "/opt/airflow/dags/first_dag.py", line 108, in merge_data
    df_meet_fol_ans_com_obj['no_ans'] = np.df_meet_fol_ans_com_obj['no_ans'].astype('int64', errors = 'ignore')
AttributeError: module 'numpy' has no attribute 'df_meet_fol_ans_com_obj'
[2024-03-11 04:27:06,063] {taskinstance.py:1513} INFO - Marking task as FAILED. dag_id=meeting_project492, task_id=merge_data, execution_date=20240311T042659, start_date=20240311T042705, end_date=20240311T042706
[2024-03-11 04:27:06,117] {local_task_job.py:151} INFO - Task exited with return code 1
[2024-03-11 04:27:06,139] {local_task_job.py:261} INFO - 0 downstream tasks scheduled from follow-on schedule check
