[2023-12-03 14:29:40,256] {taskinstance.py:903} INFO - Dependencies all met for <TaskInstance: meeting.fetch_meeting 2023-12-03T14:29:39.393598+00:00 [queued]>
[2023-12-03 14:29:40,268] {taskinstance.py:903} INFO - Dependencies all met for <TaskInstance: meeting.fetch_meeting 2023-12-03T14:29:39.393598+00:00 [queued]>
[2023-12-03 14:29:40,269] {taskinstance.py:1095} INFO - 
--------------------------------------------------------------------------------
[2023-12-03 14:29:40,269] {taskinstance.py:1096} INFO - Starting attempt 1 of 1
[2023-12-03 14:29:40,269] {taskinstance.py:1097} INFO - 
--------------------------------------------------------------------------------
[2023-12-03 14:29:40,284] {taskinstance.py:1115} INFO - Executing <Task(PythonOperator): fetch_meeting> on 2023-12-03T14:29:39.393598+00:00
[2023-12-03 14:29:40,288] {standard_task_runner.py:52} INFO - Started process 1749 to run task
[2023-12-03 14:29:40,291] {standard_task_runner.py:76} INFO - Running: ['***', 'tasks', 'run', 'meeting', 'fetch_meeting', '2023-12-03T14:29:39.393598+00:00', '--job-id', '56', '--pool', 'default_pool', '--raw', '--subdir', 'DAGS_FOLDER/first_dag.py', '--cfg-path', '/tmp/tmpurre2vo_', '--error-file', '/tmp/tmpyh_rya0k']
[2023-12-03 14:29:40,295] {standard_task_runner.py:77} INFO - Job 56: Subtask fetch_meeting
[2023-12-03 14:29:40,333] {logging_mixin.py:109} INFO - Running <TaskInstance: meeting.fetch_meeting 2023-12-03T14:29:39.393598+00:00 [running]> on host 9d53e6732d94
[2023-12-03 14:29:40,380] {taskinstance.py:1254} INFO - Exporting the following env vars:
AIRFLOW_CTX_DAG_OWNER=***
AIRFLOW_CTX_DAG_ID=meeting
AIRFLOW_CTX_TASK_ID=fetch_meeting
AIRFLOW_CTX_EXECUTION_DATE=2023-12-03T14:29:39.393598+00:00
AIRFLOW_CTX_DAG_RUN_ID=manual__2023-12-03T14:29:39.393598+00:00
[2023-12-03 14:29:43,367] {logging_mixin.py:109} INFO - Output to /home/tnanun/***-meet/data/data_meet.csv yoyoyoyoyoyo
[2023-12-03 14:29:43,367] {python.py:151} INFO - Done. Returned value was: None
[2023-12-03 14:29:43,377] {taskinstance.py:1219} INFO - Marking task as SUCCESS. dag_id=meeting, task_id=fetch_meeting, execution_date=20231203T142939, start_date=20231203T142940, end_date=20231203T142943
[2023-12-03 14:29:43,397] {local_task_job.py:151} INFO - Task exited with return code 0
[2023-12-03 14:29:43,423] {local_task_job.py:261} INFO - 1 downstream tasks scheduled from follow-on schedule check
