[2024-03-11 05:43:44,076] {taskinstance.py:903} INFO - Dependencies all met for <TaskInstance: meeting_project492.clean_meet_obj 2024-03-11T04:00:00+00:00 [queued]>
[2024-03-11 05:43:44,089] {taskinstance.py:903} INFO - Dependencies all met for <TaskInstance: meeting_project492.clean_meet_obj 2024-03-11T04:00:00+00:00 [queued]>
[2024-03-11 05:43:44,089] {taskinstance.py:1095} INFO - 
--------------------------------------------------------------------------------
[2024-03-11 05:43:44,089] {taskinstance.py:1096} INFO - Starting attempt 1 of 1
[2024-03-11 05:43:44,089] {taskinstance.py:1097} INFO - 
--------------------------------------------------------------------------------
[2024-03-11 05:43:44,103] {taskinstance.py:1115} INFO - Executing <Task(PythonOperator): clean_meet_obj> on 2024-03-11T04:00:00+00:00
[2024-03-11 05:43:44,107] {standard_task_runner.py:52} INFO - Started process 501 to run task
[2024-03-11 05:43:44,110] {standard_task_runner.py:76} INFO - Running: ['***', 'tasks', 'run', 'meeting_project492', 'clean_meet_obj', '2024-03-11T04:00:00+00:00', '--job-id', '679', '--pool', 'default_pool', '--raw', '--subdir', 'DAGS_FOLDER/first_dag.py', '--cfg-path', '/tmp/tmpg4t43wxf', '--error-file', '/tmp/tmpl7vzx3vn']
[2024-03-11 05:43:44,113] {standard_task_runner.py:77} INFO - Job 679: Subtask clean_meet_obj
[2024-03-11 05:43:44,154] {logging_mixin.py:109} INFO - Running <TaskInstance: meeting_project492.clean_meet_obj 2024-03-11T04:00:00+00:00 [running]> on host 1c0f3566e916
[2024-03-11 05:43:44,206] {taskinstance.py:1254} INFO - Exporting the following env vars:
AIRFLOW_CTX_DAG_OWNER=***
AIRFLOW_CTX_DAG_ID=meeting_project492
AIRFLOW_CTX_TASK_ID=clean_meet_obj
AIRFLOW_CTX_EXECUTION_DATE=2024-03-11T04:00:00+00:00
AIRFLOW_CTX_DAG_RUN_ID=scheduled__2024-03-11T04:00:00+00:00
[2024-03-11 05:43:44,219] {logging_mixin.py:109} INFO - Output to /home/tnanun/***-meet/data/data_com.csv yoyoyoyoyoyo
[2024-03-11 05:43:44,220] {python.py:151} INFO - Done. Returned value was: None
[2024-03-11 05:43:44,229] {taskinstance.py:1219} INFO - Marking task as SUCCESS. dag_id=meeting_project492, task_id=clean_meet_obj, execution_date=20240311T040000, start_date=20240311T054344, end_date=20240311T054344
[2024-03-11 05:43:44,282] {local_task_job.py:151} INFO - Task exited with return code 0
[2024-03-11 05:43:44,306] {local_task_job.py:261} INFO - 0 downstream tasks scheduled from follow-on schedule check
