[2024-03-11 05:44:28,568] {taskinstance.py:903} INFO - Dependencies all met for <TaskInstance: meeting_project492.fetch_meet_object 2024-03-11T05:44:27.509782+00:00 [queued]>
[2024-03-11 05:44:28,581] {taskinstance.py:903} INFO - Dependencies all met for <TaskInstance: meeting_project492.fetch_meet_object 2024-03-11T05:44:27.509782+00:00 [queued]>
[2024-03-11 05:44:28,582] {taskinstance.py:1095} INFO - 
--------------------------------------------------------------------------------
[2024-03-11 05:44:28,582] {taskinstance.py:1096} INFO - Starting attempt 1 of 1
[2024-03-11 05:44:28,582] {taskinstance.py:1097} INFO - 
--------------------------------------------------------------------------------
[2024-03-11 05:44:28,598] {taskinstance.py:1115} INFO - Executing <Task(PythonOperator): fetch_meet_object> on 2024-03-11T05:44:27.509782+00:00
[2024-03-11 05:44:28,602] {standard_task_runner.py:52} INFO - Started process 817 to run task
[2024-03-11 05:44:28,606] {standard_task_runner.py:76} INFO - Running: ['***', 'tasks', 'run', 'meeting_project492', 'fetch_meet_object', '2024-03-11T05:44:27.509782+00:00', '--job-id', '684', '--pool', 'default_pool', '--raw', '--subdir', 'DAGS_FOLDER/first_dag.py', '--cfg-path', '/tmp/tmpxxr9ju_x', '--error-file', '/tmp/tmp20a4xw70']
[2024-03-11 05:44:28,611] {standard_task_runner.py:77} INFO - Job 684: Subtask fetch_meet_object
[2024-03-11 05:44:28,658] {logging_mixin.py:109} INFO - Running <TaskInstance: meeting_project492.fetch_meet_object 2024-03-11T05:44:27.509782+00:00 [running]> on host 1c0f3566e916
[2024-03-11 05:44:28,712] {taskinstance.py:1254} INFO - Exporting the following env vars:
AIRFLOW_CTX_DAG_OWNER=***
AIRFLOW_CTX_DAG_ID=meeting_project492
AIRFLOW_CTX_TASK_ID=fetch_meet_object
AIRFLOW_CTX_EXECUTION_DATE=2024-03-11T05:44:27.509782+00:00
AIRFLOW_CTX_DAG_RUN_ID=manual__2024-03-11T05:44:27.509782+00:00
[2024-03-11 05:44:30,785] {logging_mixin.py:109} INFO - Output to /home/tnanun/***-meet/data/data_obj.csv yoyoyoyoyoyo
[2024-03-11 05:44:30,785] {python.py:151} INFO - Done. Returned value was: None
[2024-03-11 05:44:30,797] {taskinstance.py:1219} INFO - Marking task as SUCCESS. dag_id=meeting_project492, task_id=fetch_meet_object, execution_date=20240311T054427, start_date=20240311T054428, end_date=20240311T054430
[2024-03-11 05:44:30,827] {local_task_job.py:151} INFO - Task exited with return code 0
[2024-03-11 05:44:30,856] {local_task_job.py:261} INFO - 1 downstream tasks scheduled from follow-on schedule check
