[2023-12-27 14:15:31,076] {processor.py:162} INFO - Started process (PID=298) to work on /home/airflow/.local/lib/python3.6/site-packages/airflow/example_dags/example_branch_datetime_operator.py
[2023-12-27 14:15:31,077] {processor.py:613} INFO - Processing file /home/airflow/.local/lib/python3.6/site-packages/airflow/example_dags/example_branch_datetime_operator.py for tasks to queue
[2023-12-27 14:15:31,078] {logging_mixin.py:109} INFO - [2023-12-27 14:15:31,077] {dagbag.py:496} INFO - Filling up the DagBag from /home/airflow/.local/lib/python3.6/site-packages/airflow/example_dags/example_branch_datetime_operator.py
[2023-12-27 14:15:31,089] {processor.py:623} INFO - DAG(s) dict_keys(['example_branch_datetime_operator_2']) retrieved from /home/airflow/.local/lib/python3.6/site-packages/airflow/example_dags/example_branch_datetime_operator.py
[2023-12-27 14:15:31,256] {logging_mixin.py:109} INFO - [2023-12-27 14:15:31,256] {dag.py:1834} INFO - Sync 1 DAGs
[2023-12-27 14:15:31,267] {logging_mixin.py:109} INFO - [2023-12-27 14:15:31,267] {dag.py:2287} INFO - Setting next_dagrun for example_branch_datetime_operator_2 to 2023-12-25 00:00:00+00:00
[2023-12-27 14:15:31,280] {processor.py:170} INFO - Processing /home/airflow/.local/lib/python3.6/site-packages/airflow/example_dags/example_branch_datetime_operator.py took 0.206 seconds
[2023-12-27 14:16:01,327] {processor.py:162} INFO - Started process (PID=495) to work on /home/airflow/.local/lib/python3.6/site-packages/airflow/example_dags/example_branch_datetime_operator.py
[2023-12-27 14:16:01,328] {processor.py:613} INFO - Processing file /home/airflow/.local/lib/python3.6/site-packages/airflow/example_dags/example_branch_datetime_operator.py for tasks to queue
[2023-12-27 14:16:01,328] {logging_mixin.py:109} INFO - [2023-12-27 14:16:01,328] {dagbag.py:496} INFO - Filling up the DagBag from /home/airflow/.local/lib/python3.6/site-packages/airflow/example_dags/example_branch_datetime_operator.py
[2023-12-27 14:16:01,336] {processor.py:623} INFO - DAG(s) dict_keys(['example_branch_datetime_operator_2']) retrieved from /home/airflow/.local/lib/python3.6/site-packages/airflow/example_dags/example_branch_datetime_operator.py
[2023-12-27 14:16:01,351] {logging_mixin.py:109} INFO - [2023-12-27 14:16:01,351] {dag.py:1834} INFO - Sync 1 DAGs
[2023-12-27 14:16:01,363] {logging_mixin.py:109} INFO - [2023-12-27 14:16:01,363] {dag.py:2287} INFO - Setting next_dagrun for example_branch_datetime_operator_2 to 2023-12-25 00:00:00+00:00
[2023-12-27 14:16:01,373] {processor.py:170} INFO - Processing /home/airflow/.local/lib/python3.6/site-packages/airflow/example_dags/example_branch_datetime_operator.py took 0.048 seconds
[2023-12-27 14:16:32,105] {processor.py:162} INFO - Started process (PID=783) to work on /home/airflow/.local/lib/python3.6/site-packages/airflow/example_dags/example_branch_datetime_operator.py
[2023-12-27 14:16:32,106] {processor.py:613} INFO - Processing file /home/airflow/.local/lib/python3.6/site-packages/airflow/example_dags/example_branch_datetime_operator.py for tasks to queue
[2023-12-27 14:16:32,107] {logging_mixin.py:109} INFO - [2023-12-27 14:16:32,107] {dagbag.py:496} INFO - Filling up the DagBag from /home/airflow/.local/lib/python3.6/site-packages/airflow/example_dags/example_branch_datetime_operator.py
[2023-12-27 14:16:32,115] {processor.py:623} INFO - DAG(s) dict_keys(['example_branch_datetime_operator_2']) retrieved from /home/airflow/.local/lib/python3.6/site-packages/airflow/example_dags/example_branch_datetime_operator.py
[2023-12-27 14:16:32,132] {logging_mixin.py:109} INFO - [2023-12-27 14:16:32,132] {dag.py:1834} INFO - Sync 1 DAGs
[2023-12-27 14:16:32,145] {logging_mixin.py:109} INFO - [2023-12-27 14:16:32,145] {dag.py:2287} INFO - Setting next_dagrun for example_branch_datetime_operator_2 to 2023-12-25 00:00:00+00:00
[2023-12-27 14:16:32,155] {processor.py:170} INFO - Processing /home/airflow/.local/lib/python3.6/site-packages/airflow/example_dags/example_branch_datetime_operator.py took 0.052 seconds
[2023-12-27 14:17:02,849] {processor.py:162} INFO - Started process (PID=1047) to work on /home/airflow/.local/lib/python3.6/site-packages/airflow/example_dags/example_branch_datetime_operator.py
[2023-12-27 14:17:02,850] {processor.py:613} INFO - Processing file /home/airflow/.local/lib/python3.6/site-packages/airflow/example_dags/example_branch_datetime_operator.py for tasks to queue
[2023-12-27 14:17:02,851] {logging_mixin.py:109} INFO - [2023-12-27 14:17:02,851] {dagbag.py:496} INFO - Filling up the DagBag from /home/airflow/.local/lib/python3.6/site-packages/airflow/example_dags/example_branch_datetime_operator.py
[2023-12-27 14:17:02,859] {processor.py:623} INFO - DAG(s) dict_keys(['example_branch_datetime_operator_2']) retrieved from /home/airflow/.local/lib/python3.6/site-packages/airflow/example_dags/example_branch_datetime_operator.py
[2023-12-27 14:17:02,877] {logging_mixin.py:109} INFO - [2023-12-27 14:17:02,877] {dag.py:1834} INFO - Sync 1 DAGs
[2023-12-27 14:17:02,889] {logging_mixin.py:109} INFO - [2023-12-27 14:17:02,889] {dag.py:2287} INFO - Setting next_dagrun for example_branch_datetime_operator_2 to 2023-12-25 00:00:00+00:00
[2023-12-27 14:17:02,899] {processor.py:170} INFO - Processing /home/airflow/.local/lib/python3.6/site-packages/airflow/example_dags/example_branch_datetime_operator.py took 0.052 seconds
[2023-12-27 14:17:33,492] {processor.py:162} INFO - Started process (PID=1269) to work on /home/airflow/.local/lib/python3.6/site-packages/airflow/example_dags/example_branch_datetime_operator.py
[2023-12-27 14:17:33,493] {processor.py:613} INFO - Processing file /home/airflow/.local/lib/python3.6/site-packages/airflow/example_dags/example_branch_datetime_operator.py for tasks to queue
[2023-12-27 14:17:33,494] {logging_mixin.py:109} INFO - [2023-12-27 14:17:33,494] {dagbag.py:496} INFO - Filling up the DagBag from /home/airflow/.local/lib/python3.6/site-packages/airflow/example_dags/example_branch_datetime_operator.py
[2023-12-27 14:17:33,502] {processor.py:623} INFO - DAG(s) dict_keys(['example_branch_datetime_operator_2']) retrieved from /home/airflow/.local/lib/python3.6/site-packages/airflow/example_dags/example_branch_datetime_operator.py
[2023-12-27 14:17:33,519] {logging_mixin.py:109} INFO - [2023-12-27 14:17:33,518] {dag.py:1834} INFO - Sync 1 DAGs
[2023-12-27 14:17:33,531] {logging_mixin.py:109} INFO - [2023-12-27 14:17:33,531] {dag.py:2287} INFO - Setting next_dagrun for example_branch_datetime_operator_2 to 2023-12-25 00:00:00+00:00
[2023-12-27 14:17:33,540] {processor.py:170} INFO - Processing /home/airflow/.local/lib/python3.6/site-packages/airflow/example_dags/example_branch_datetime_operator.py took 0.051 seconds
[2023-12-27 14:18:04,021] {processor.py:162} INFO - Started process (PID=1474) to work on /home/airflow/.local/lib/python3.6/site-packages/airflow/example_dags/example_branch_datetime_operator.py
[2023-12-27 14:18:04,022] {processor.py:613} INFO - Processing file /home/airflow/.local/lib/python3.6/site-packages/airflow/example_dags/example_branch_datetime_operator.py for tasks to queue
[2023-12-27 14:18:04,023] {logging_mixin.py:109} INFO - [2023-12-27 14:18:04,022] {dagbag.py:496} INFO - Filling up the DagBag from /home/airflow/.local/lib/python3.6/site-packages/airflow/example_dags/example_branch_datetime_operator.py
[2023-12-27 14:18:04,031] {processor.py:623} INFO - DAG(s) dict_keys(['example_branch_datetime_operator_2']) retrieved from /home/airflow/.local/lib/python3.6/site-packages/airflow/example_dags/example_branch_datetime_operator.py
[2023-12-27 14:18:04,046] {logging_mixin.py:109} INFO - [2023-12-27 14:18:04,046] {dag.py:1834} INFO - Sync 1 DAGs
[2023-12-27 14:18:04,058] {logging_mixin.py:109} INFO - [2023-12-27 14:18:04,058] {dag.py:2287} INFO - Setting next_dagrun for example_branch_datetime_operator_2 to 2023-12-25 00:00:00+00:00
[2023-12-27 14:18:04,067] {processor.py:170} INFO - Processing /home/airflow/.local/lib/python3.6/site-packages/airflow/example_dags/example_branch_datetime_operator.py took 0.048 seconds
[2023-12-27 14:18:34,586] {processor.py:162} INFO - Started process (PID=1669) to work on /home/airflow/.local/lib/python3.6/site-packages/airflow/example_dags/example_branch_datetime_operator.py
[2023-12-27 14:18:34,587] {processor.py:613} INFO - Processing file /home/airflow/.local/lib/python3.6/site-packages/airflow/example_dags/example_branch_datetime_operator.py for tasks to queue
[2023-12-27 14:18:34,588] {logging_mixin.py:109} INFO - [2023-12-27 14:18:34,588] {dagbag.py:496} INFO - Filling up the DagBag from /home/airflow/.local/lib/python3.6/site-packages/airflow/example_dags/example_branch_datetime_operator.py
[2023-12-27 14:18:34,597] {processor.py:623} INFO - DAG(s) dict_keys(['example_branch_datetime_operator_2']) retrieved from /home/airflow/.local/lib/python3.6/site-packages/airflow/example_dags/example_branch_datetime_operator.py
[2023-12-27 14:18:34,616] {logging_mixin.py:109} INFO - [2023-12-27 14:18:34,616] {dag.py:1834} INFO - Sync 1 DAGs
[2023-12-27 14:18:34,632] {logging_mixin.py:109} INFO - [2023-12-27 14:18:34,632] {dag.py:2287} INFO - Setting next_dagrun for example_branch_datetime_operator_2 to 2023-12-25 00:00:00+00:00
[2023-12-27 14:18:34,645] {processor.py:170} INFO - Processing /home/airflow/.local/lib/python3.6/site-packages/airflow/example_dags/example_branch_datetime_operator.py took 0.061 seconds
