[2023-12-27 14:15:28,609] {processor.py:162} INFO - Started process (PID=187) to work on /home/airflow/.local/lib/python3.6/site-packages/airflow/example_dags/example_short_circuit_operator.py
[2023-12-27 14:15:28,610] {processor.py:613} INFO - Processing file /home/airflow/.local/lib/python3.6/site-packages/airflow/example_dags/example_short_circuit_operator.py for tasks to queue
[2023-12-27 14:15:28,610] {logging_mixin.py:109} INFO - [2023-12-27 14:15:28,610] {dagbag.py:496} INFO - Filling up the DagBag from /home/airflow/.local/lib/python3.6/site-packages/airflow/example_dags/example_short_circuit_operator.py
[2023-12-27 14:15:28,620] {processor.py:623} INFO - DAG(s) dict_keys(['example_short_circuit_operator']) retrieved from /home/airflow/.local/lib/python3.6/site-packages/airflow/example_dags/example_short_circuit_operator.py
[2023-12-27 14:15:28,774] {logging_mixin.py:109} INFO - [2023-12-27 14:15:28,774] {dag.py:1834} INFO - Sync 1 DAGs
[2023-12-27 14:15:28,784] {logging_mixin.py:109} INFO - [2023-12-27 14:15:28,784] {dag.py:2287} INFO - Setting next_dagrun for example_short_circuit_operator to 2023-12-25 00:00:00+00:00
[2023-12-27 14:15:28,799] {processor.py:170} INFO - Processing /home/airflow/.local/lib/python3.6/site-packages/airflow/example_dags/example_short_circuit_operator.py took 0.191 seconds
[2023-12-27 14:15:59,095] {processor.py:162} INFO - Started process (PID=372) to work on /home/airflow/.local/lib/python3.6/site-packages/airflow/example_dags/example_short_circuit_operator.py
[2023-12-27 14:15:59,096] {processor.py:613} INFO - Processing file /home/airflow/.local/lib/python3.6/site-packages/airflow/example_dags/example_short_circuit_operator.py for tasks to queue
[2023-12-27 14:15:59,097] {logging_mixin.py:109} INFO - [2023-12-27 14:15:59,097] {dagbag.py:496} INFO - Filling up the DagBag from /home/airflow/.local/lib/python3.6/site-packages/airflow/example_dags/example_short_circuit_operator.py
[2023-12-27 14:15:59,105] {processor.py:623} INFO - DAG(s) dict_keys(['example_short_circuit_operator']) retrieved from /home/airflow/.local/lib/python3.6/site-packages/airflow/example_dags/example_short_circuit_operator.py
[2023-12-27 14:15:59,121] {logging_mixin.py:109} INFO - [2023-12-27 14:15:59,121] {dag.py:1834} INFO - Sync 1 DAGs
[2023-12-27 14:15:59,132] {logging_mixin.py:109} INFO - [2023-12-27 14:15:59,131] {dag.py:2287} INFO - Setting next_dagrun for example_short_circuit_operator to 2023-12-25 00:00:00+00:00
[2023-12-27 14:15:59,141] {processor.py:170} INFO - Processing /home/airflow/.local/lib/python3.6/site-packages/airflow/example_dags/example_short_circuit_operator.py took 0.048 seconds
[2023-12-27 14:16:29,819] {processor.py:162} INFO - Started process (PID=612) to work on /home/airflow/.local/lib/python3.6/site-packages/airflow/example_dags/example_short_circuit_operator.py
[2023-12-27 14:16:29,821] {processor.py:613} INFO - Processing file /home/airflow/.local/lib/python3.6/site-packages/airflow/example_dags/example_short_circuit_operator.py for tasks to queue
[2023-12-27 14:16:29,821] {logging_mixin.py:109} INFO - [2023-12-27 14:16:29,821] {dagbag.py:496} INFO - Filling up the DagBag from /home/airflow/.local/lib/python3.6/site-packages/airflow/example_dags/example_short_circuit_operator.py
[2023-12-27 14:16:29,831] {processor.py:623} INFO - DAG(s) dict_keys(['example_short_circuit_operator']) retrieved from /home/airflow/.local/lib/python3.6/site-packages/airflow/example_dags/example_short_circuit_operator.py
[2023-12-27 14:16:29,850] {logging_mixin.py:109} INFO - [2023-12-27 14:16:29,850] {dag.py:1834} INFO - Sync 1 DAGs
[2023-12-27 14:16:29,862] {logging_mixin.py:109} INFO - [2023-12-27 14:16:29,862] {dag.py:2287} INFO - Setting next_dagrun for example_short_circuit_operator to 2023-12-25 00:00:00+00:00
[2023-12-27 14:16:29,872] {processor.py:170} INFO - Processing /home/airflow/.local/lib/python3.6/site-packages/airflow/example_dags/example_short_circuit_operator.py took 0.056 seconds
[2023-12-27 14:17:00,637] {processor.py:162} INFO - Started process (PID=893) to work on /home/airflow/.local/lib/python3.6/site-packages/airflow/example_dags/example_short_circuit_operator.py
[2023-12-27 14:17:00,638] {processor.py:613} INFO - Processing file /home/airflow/.local/lib/python3.6/site-packages/airflow/example_dags/example_short_circuit_operator.py for tasks to queue
[2023-12-27 14:17:00,639] {logging_mixin.py:109} INFO - [2023-12-27 14:17:00,639] {dagbag.py:496} INFO - Filling up the DagBag from /home/airflow/.local/lib/python3.6/site-packages/airflow/example_dags/example_short_circuit_operator.py
[2023-12-27 14:17:00,648] {processor.py:623} INFO - DAG(s) dict_keys(['example_short_circuit_operator']) retrieved from /home/airflow/.local/lib/python3.6/site-packages/airflow/example_dags/example_short_circuit_operator.py
[2023-12-27 14:17:00,665] {logging_mixin.py:109} INFO - [2023-12-27 14:17:00,665] {dag.py:1834} INFO - Sync 1 DAGs
[2023-12-27 14:17:00,679] {logging_mixin.py:109} INFO - [2023-12-27 14:17:00,679] {dag.py:2287} INFO - Setting next_dagrun for example_short_circuit_operator to 2023-12-25 00:00:00+00:00
[2023-12-27 14:17:00,689] {processor.py:170} INFO - Processing /home/airflow/.local/lib/python3.6/site-packages/airflow/example_dags/example_short_circuit_operator.py took 0.054 seconds
[2023-12-27 14:17:31,368] {processor.py:162} INFO - Started process (PID=1148) to work on /home/airflow/.local/lib/python3.6/site-packages/airflow/example_dags/example_short_circuit_operator.py
[2023-12-27 14:17:31,369] {processor.py:613} INFO - Processing file /home/airflow/.local/lib/python3.6/site-packages/airflow/example_dags/example_short_circuit_operator.py for tasks to queue
[2023-12-27 14:17:31,369] {logging_mixin.py:109} INFO - [2023-12-27 14:17:31,369] {dagbag.py:496} INFO - Filling up the DagBag from /home/airflow/.local/lib/python3.6/site-packages/airflow/example_dags/example_short_circuit_operator.py
[2023-12-27 14:17:31,380] {processor.py:623} INFO - DAG(s) dict_keys(['example_short_circuit_operator']) retrieved from /home/airflow/.local/lib/python3.6/site-packages/airflow/example_dags/example_short_circuit_operator.py
[2023-12-27 14:17:31,397] {logging_mixin.py:109} INFO - [2023-12-27 14:17:31,397] {dag.py:1834} INFO - Sync 1 DAGs
[2023-12-27 14:17:31,409] {logging_mixin.py:109} INFO - [2023-12-27 14:17:31,408] {dag.py:2287} INFO - Setting next_dagrun for example_short_circuit_operator to 2023-12-25 00:00:00+00:00
[2023-12-27 14:17:31,420] {processor.py:170} INFO - Processing /home/airflow/.local/lib/python3.6/site-packages/airflow/example_dags/example_short_circuit_operator.py took 0.054 seconds
[2023-12-27 14:18:02,016] {processor.py:162} INFO - Started process (PID=1351) to work on /home/airflow/.local/lib/python3.6/site-packages/airflow/example_dags/example_short_circuit_operator.py
[2023-12-27 14:18:02,018] {processor.py:613} INFO - Processing file /home/airflow/.local/lib/python3.6/site-packages/airflow/example_dags/example_short_circuit_operator.py for tasks to queue
[2023-12-27 14:18:02,018] {logging_mixin.py:109} INFO - [2023-12-27 14:18:02,018] {dagbag.py:496} INFO - Filling up the DagBag from /home/airflow/.local/lib/python3.6/site-packages/airflow/example_dags/example_short_circuit_operator.py
[2023-12-27 14:18:02,027] {processor.py:623} INFO - DAG(s) dict_keys(['example_short_circuit_operator']) retrieved from /home/airflow/.local/lib/python3.6/site-packages/airflow/example_dags/example_short_circuit_operator.py
[2023-12-27 14:18:02,046] {logging_mixin.py:109} INFO - [2023-12-27 14:18:02,046] {dag.py:1834} INFO - Sync 1 DAGs
[2023-12-27 14:18:02,058] {logging_mixin.py:109} INFO - [2023-12-27 14:18:02,058] {dag.py:2287} INFO - Setting next_dagrun for example_short_circuit_operator to 2023-12-25 00:00:00+00:00
[2023-12-27 14:18:02,070] {processor.py:170} INFO - Processing /home/airflow/.local/lib/python3.6/site-packages/airflow/example_dags/example_short_circuit_operator.py took 0.056 seconds
[2023-12-27 14:18:32,476] {processor.py:162} INFO - Started process (PID=1548) to work on /home/airflow/.local/lib/python3.6/site-packages/airflow/example_dags/example_short_circuit_operator.py
[2023-12-27 14:18:32,476] {processor.py:613} INFO - Processing file /home/airflow/.local/lib/python3.6/site-packages/airflow/example_dags/example_short_circuit_operator.py for tasks to queue
[2023-12-27 14:18:32,477] {logging_mixin.py:109} INFO - [2023-12-27 14:18:32,477] {dagbag.py:496} INFO - Filling up the DagBag from /home/airflow/.local/lib/python3.6/site-packages/airflow/example_dags/example_short_circuit_operator.py
[2023-12-27 14:18:32,484] {processor.py:623} INFO - DAG(s) dict_keys(['example_short_circuit_operator']) retrieved from /home/airflow/.local/lib/python3.6/site-packages/airflow/example_dags/example_short_circuit_operator.py
[2023-12-27 14:18:32,502] {logging_mixin.py:109} INFO - [2023-12-27 14:18:32,501] {dag.py:1834} INFO - Sync 1 DAGs
[2023-12-27 14:18:32,512] {logging_mixin.py:109} INFO - [2023-12-27 14:18:32,512] {dag.py:2287} INFO - Setting next_dagrun for example_short_circuit_operator to 2023-12-25 00:00:00+00:00
[2023-12-27 14:18:32,522] {processor.py:170} INFO - Processing /home/airflow/.local/lib/python3.6/site-packages/airflow/example_dags/example_short_circuit_operator.py took 0.048 seconds
[2023-12-27 14:19:03,118] {processor.py:162} INFO - Started process (PID=1753) to work on /home/airflow/.local/lib/python3.6/site-packages/airflow/example_dags/example_short_circuit_operator.py
[2023-12-27 14:19:03,119] {processor.py:613} INFO - Processing file /home/airflow/.local/lib/python3.6/site-packages/airflow/example_dags/example_short_circuit_operator.py for tasks to queue
[2023-12-27 14:19:03,120] {logging_mixin.py:109} INFO - [2023-12-27 14:19:03,120] {dagbag.py:496} INFO - Filling up the DagBag from /home/airflow/.local/lib/python3.6/site-packages/airflow/example_dags/example_short_circuit_operator.py
[2023-12-27 14:19:03,140] {processor.py:623} INFO - DAG(s) dict_keys(['example_short_circuit_operator']) retrieved from /home/airflow/.local/lib/python3.6/site-packages/airflow/example_dags/example_short_circuit_operator.py
[2023-12-27 14:19:03,169] {logging_mixin.py:109} INFO - [2023-12-27 14:19:03,169] {dag.py:1834} INFO - Sync 1 DAGs
[2023-12-27 14:19:03,181] {logging_mixin.py:109} INFO - [2023-12-27 14:19:03,181] {dag.py:2287} INFO - Setting next_dagrun for example_short_circuit_operator to 2023-12-25 00:00:00+00:00
[2023-12-27 14:19:03,194] {processor.py:170} INFO - Processing /home/airflow/.local/lib/python3.6/site-packages/airflow/example_dags/example_short_circuit_operator.py took 0.080 seconds
