[2023-12-27 14:15:30,431] {processor.py:162} INFO - Started process (PID=265) to work on /home/airflow/.local/lib/python3.6/site-packages/airflow/example_dags/example_latest_only.py
[2023-12-27 14:15:30,432] {processor.py:613} INFO - Processing file /home/airflow/.local/lib/python3.6/site-packages/airflow/example_dags/example_latest_only.py for tasks to queue
[2023-12-27 14:15:30,432] {logging_mixin.py:109} INFO - [2023-12-27 14:15:30,432] {dagbag.py:496} INFO - Filling up the DagBag from /home/airflow/.local/lib/python3.6/site-packages/airflow/example_dags/example_latest_only.py
[2023-12-27 14:15:30,447] {processor.py:623} INFO - DAG(s) dict_keys(['latest_only']) retrieved from /home/airflow/.local/lib/python3.6/site-packages/airflow/example_dags/example_latest_only.py
[2023-12-27 14:15:30,622] {logging_mixin.py:109} INFO - [2023-12-27 14:15:30,622] {dag.py:1834} INFO - Sync 1 DAGs
[2023-12-27 14:15:30,634] {logging_mixin.py:109} INFO - [2023-12-27 14:15:30,634] {dag.py:2287} INFO - Setting next_dagrun for latest_only to 2023-12-25 00:00:00+00:00
[2023-12-27 14:15:30,647] {processor.py:170} INFO - Processing /home/airflow/.local/lib/python3.6/site-packages/airflow/example_dags/example_latest_only.py took 0.218 seconds
[2023-12-27 14:16:00,941] {processor.py:162} INFO - Started process (PID=463) to work on /home/airflow/.local/lib/python3.6/site-packages/airflow/example_dags/example_latest_only.py
[2023-12-27 14:16:00,942] {processor.py:613} INFO - Processing file /home/airflow/.local/lib/python3.6/site-packages/airflow/example_dags/example_latest_only.py for tasks to queue
[2023-12-27 14:16:00,943] {logging_mixin.py:109} INFO - [2023-12-27 14:16:00,943] {dagbag.py:496} INFO - Filling up the DagBag from /home/airflow/.local/lib/python3.6/site-packages/airflow/example_dags/example_latest_only.py
[2023-12-27 14:16:00,950] {processor.py:623} INFO - DAG(s) dict_keys(['latest_only']) retrieved from /home/airflow/.local/lib/python3.6/site-packages/airflow/example_dags/example_latest_only.py
[2023-12-27 14:16:00,966] {logging_mixin.py:109} INFO - [2023-12-27 14:16:00,966] {dag.py:1834} INFO - Sync 1 DAGs
[2023-12-27 14:16:00,977] {logging_mixin.py:109} INFO - [2023-12-27 14:16:00,977] {dag.py:2287} INFO - Setting next_dagrun for latest_only to 2023-12-25 00:00:00+00:00
[2023-12-27 14:16:00,987] {processor.py:170} INFO - Processing /home/airflow/.local/lib/python3.6/site-packages/airflow/example_dags/example_latest_only.py took 0.048 seconds
[2023-12-27 14:16:31,721] {processor.py:162} INFO - Started process (PID=736) to work on /home/airflow/.local/lib/python3.6/site-packages/airflow/example_dags/example_latest_only.py
[2023-12-27 14:16:31,722] {processor.py:613} INFO - Processing file /home/airflow/.local/lib/python3.6/site-packages/airflow/example_dags/example_latest_only.py for tasks to queue
[2023-12-27 14:16:31,723] {logging_mixin.py:109} INFO - [2023-12-27 14:16:31,723] {dagbag.py:496} INFO - Filling up the DagBag from /home/airflow/.local/lib/python3.6/site-packages/airflow/example_dags/example_latest_only.py
[2023-12-27 14:16:31,731] {processor.py:623} INFO - DAG(s) dict_keys(['latest_only']) retrieved from /home/airflow/.local/lib/python3.6/site-packages/airflow/example_dags/example_latest_only.py
[2023-12-27 14:16:31,747] {logging_mixin.py:109} INFO - [2023-12-27 14:16:31,747] {dag.py:1834} INFO - Sync 1 DAGs
[2023-12-27 14:16:31,757] {logging_mixin.py:109} INFO - [2023-12-27 14:16:31,757] {dag.py:2287} INFO - Setting next_dagrun for latest_only to 2023-12-25 00:00:00+00:00
[2023-12-27 14:16:31,768] {processor.py:170} INFO - Processing /home/airflow/.local/lib/python3.6/site-packages/airflow/example_dags/example_latest_only.py took 0.049 seconds
[2023-12-27 14:17:02,488] {processor.py:162} INFO - Started process (PID=1015) to work on /home/airflow/.local/lib/python3.6/site-packages/airflow/example_dags/example_latest_only.py
[2023-12-27 14:17:02,489] {processor.py:613} INFO - Processing file /home/airflow/.local/lib/python3.6/site-packages/airflow/example_dags/example_latest_only.py for tasks to queue
[2023-12-27 14:17:02,490] {logging_mixin.py:109} INFO - [2023-12-27 14:17:02,489] {dagbag.py:496} INFO - Filling up the DagBag from /home/airflow/.local/lib/python3.6/site-packages/airflow/example_dags/example_latest_only.py
[2023-12-27 14:17:02,499] {processor.py:623} INFO - DAG(s) dict_keys(['latest_only']) retrieved from /home/airflow/.local/lib/python3.6/site-packages/airflow/example_dags/example_latest_only.py
[2023-12-27 14:17:02,518] {logging_mixin.py:109} INFO - [2023-12-27 14:17:02,518] {dag.py:1834} INFO - Sync 1 DAGs
[2023-12-27 14:17:02,530] {logging_mixin.py:109} INFO - [2023-12-27 14:17:02,530] {dag.py:2287} INFO - Setting next_dagrun for latest_only to 2023-12-25 00:00:00+00:00
[2023-12-27 14:17:02,541] {processor.py:170} INFO - Processing /home/airflow/.local/lib/python3.6/site-packages/airflow/example_dags/example_latest_only.py took 0.056 seconds
[2023-12-27 14:17:33,158] {processor.py:162} INFO - Started process (PID=1239) to work on /home/airflow/.local/lib/python3.6/site-packages/airflow/example_dags/example_latest_only.py
[2023-12-27 14:17:33,159] {processor.py:613} INFO - Processing file /home/airflow/.local/lib/python3.6/site-packages/airflow/example_dags/example_latest_only.py for tasks to queue
[2023-12-27 14:17:33,159] {logging_mixin.py:109} INFO - [2023-12-27 14:17:33,159] {dagbag.py:496} INFO - Filling up the DagBag from /home/airflow/.local/lib/python3.6/site-packages/airflow/example_dags/example_latest_only.py
[2023-12-27 14:17:33,167] {processor.py:623} INFO - DAG(s) dict_keys(['latest_only']) retrieved from /home/airflow/.local/lib/python3.6/site-packages/airflow/example_dags/example_latest_only.py
[2023-12-27 14:17:33,182] {logging_mixin.py:109} INFO - [2023-12-27 14:17:33,182] {dag.py:1834} INFO - Sync 1 DAGs
[2023-12-27 14:17:33,192] {logging_mixin.py:109} INFO - [2023-12-27 14:17:33,192] {dag.py:2287} INFO - Setting next_dagrun for latest_only to 2023-12-25 00:00:00+00:00
[2023-12-27 14:17:33,202] {processor.py:170} INFO - Processing /home/airflow/.local/lib/python3.6/site-packages/airflow/example_dags/example_latest_only.py took 0.046 seconds
[2023-12-27 14:18:03,828] {processor.py:162} INFO - Started process (PID=1444) to work on /home/airflow/.local/lib/python3.6/site-packages/airflow/example_dags/example_latest_only.py
[2023-12-27 14:18:03,831] {processor.py:613} INFO - Processing file /home/airflow/.local/lib/python3.6/site-packages/airflow/example_dags/example_latest_only.py for tasks to queue
[2023-12-27 14:18:03,831] {logging_mixin.py:109} INFO - [2023-12-27 14:18:03,831] {dagbag.py:496} INFO - Filling up the DagBag from /home/airflow/.local/lib/python3.6/site-packages/airflow/example_dags/example_latest_only.py
[2023-12-27 14:18:03,839] {processor.py:623} INFO - DAG(s) dict_keys(['latest_only']) retrieved from /home/airflow/.local/lib/python3.6/site-packages/airflow/example_dags/example_latest_only.py
[2023-12-27 14:18:03,855] {logging_mixin.py:109} INFO - [2023-12-27 14:18:03,855] {dag.py:1834} INFO - Sync 1 DAGs
[2023-12-27 14:18:03,865] {logging_mixin.py:109} INFO - [2023-12-27 14:18:03,865] {dag.py:2287} INFO - Setting next_dagrun for latest_only to 2023-12-25 00:00:00+00:00
[2023-12-27 14:18:03,875] {processor.py:170} INFO - Processing /home/airflow/.local/lib/python3.6/site-packages/airflow/example_dags/example_latest_only.py took 0.048 seconds
[2023-12-27 14:18:34,307] {processor.py:162} INFO - Started process (PID=1639) to work on /home/airflow/.local/lib/python3.6/site-packages/airflow/example_dags/example_latest_only.py
[2023-12-27 14:18:34,308] {processor.py:613} INFO - Processing file /home/airflow/.local/lib/python3.6/site-packages/airflow/example_dags/example_latest_only.py for tasks to queue
[2023-12-27 14:18:34,308] {logging_mixin.py:109} INFO - [2023-12-27 14:18:34,308] {dagbag.py:496} INFO - Filling up the DagBag from /home/airflow/.local/lib/python3.6/site-packages/airflow/example_dags/example_latest_only.py
[2023-12-27 14:18:34,316] {processor.py:623} INFO - DAG(s) dict_keys(['latest_only']) retrieved from /home/airflow/.local/lib/python3.6/site-packages/airflow/example_dags/example_latest_only.py
[2023-12-27 14:18:34,336] {logging_mixin.py:109} INFO - [2023-12-27 14:18:34,335] {dag.py:1834} INFO - Sync 1 DAGs
[2023-12-27 14:18:34,346] {logging_mixin.py:109} INFO - [2023-12-27 14:18:34,346] {dag.py:2287} INFO - Setting next_dagrun for latest_only to 2023-12-25 00:00:00+00:00
[2023-12-27 14:18:34,357] {processor.py:170} INFO - Processing /home/airflow/.local/lib/python3.6/site-packages/airflow/example_dags/example_latest_only.py took 0.052 seconds
