[2023-12-27 14:15:31,526] {processor.py:162} INFO - Started process (PID=318) to work on /home/airflow/.local/lib/python3.6/site-packages/airflow/example_dags/example_latest_only_with_trigger.py
[2023-12-27 14:15:31,526] {processor.py:613} INFO - Processing file /home/airflow/.local/lib/python3.6/site-packages/airflow/example_dags/example_latest_only_with_trigger.py for tasks to queue
[2023-12-27 14:15:31,527] {logging_mixin.py:109} INFO - [2023-12-27 14:15:31,527] {dagbag.py:496} INFO - Filling up the DagBag from /home/airflow/.local/lib/python3.6/site-packages/airflow/example_dags/example_latest_only_with_trigger.py
[2023-12-27 14:15:31,535] {processor.py:623} INFO - DAG(s) dict_keys(['latest_only_with_trigger']) retrieved from /home/airflow/.local/lib/python3.6/site-packages/airflow/example_dags/example_latest_only_with_trigger.py
[2023-12-27 14:15:31,716] {logging_mixin.py:109} INFO - [2023-12-27 14:15:31,716] {dag.py:1834} INFO - Sync 1 DAGs
[2023-12-27 14:15:31,726] {logging_mixin.py:109} INFO - [2023-12-27 14:15:31,726] {dag.py:2287} INFO - Setting next_dagrun for latest_only_with_trigger to 2023-12-25 00:00:00+00:00
[2023-12-27 14:15:31,737] {processor.py:170} INFO - Processing /home/airflow/.local/lib/python3.6/site-packages/airflow/example_dags/example_latest_only_with_trigger.py took 0.214 seconds
[2023-12-27 14:16:02,481] {processor.py:162} INFO - Started process (PID=513) to work on /home/airflow/.local/lib/python3.6/site-packages/airflow/example_dags/example_latest_only_with_trigger.py
[2023-12-27 14:16:02,483] {processor.py:613} INFO - Processing file /home/airflow/.local/lib/python3.6/site-packages/airflow/example_dags/example_latest_only_with_trigger.py for tasks to queue
[2023-12-27 14:16:02,483] {logging_mixin.py:109} INFO - [2023-12-27 14:16:02,483] {dagbag.py:496} INFO - Filling up the DagBag from /home/airflow/.local/lib/python3.6/site-packages/airflow/example_dags/example_latest_only_with_trigger.py
[2023-12-27 14:16:02,492] {processor.py:623} INFO - DAG(s) dict_keys(['latest_only_with_trigger']) retrieved from /home/airflow/.local/lib/python3.6/site-packages/airflow/example_dags/example_latest_only_with_trigger.py
[2023-12-27 14:16:02,510] {logging_mixin.py:109} INFO - [2023-12-27 14:16:02,510] {dag.py:1834} INFO - Sync 1 DAGs
[2023-12-27 14:16:02,521] {logging_mixin.py:109} INFO - [2023-12-27 14:16:02,521] {dag.py:2287} INFO - Setting next_dagrun for latest_only_with_trigger to 2023-12-25 00:00:00+00:00
[2023-12-27 14:16:02,532] {processor.py:170} INFO - Processing /home/airflow/.local/lib/python3.6/site-packages/airflow/example_dags/example_latest_only_with_trigger.py took 0.054 seconds
[2023-12-27 14:16:33,308] {processor.py:162} INFO - Started process (PID=804) to work on /home/airflow/.local/lib/python3.6/site-packages/airflow/example_dags/example_latest_only_with_trigger.py
[2023-12-27 14:16:33,309] {processor.py:613} INFO - Processing file /home/airflow/.local/lib/python3.6/site-packages/airflow/example_dags/example_latest_only_with_trigger.py for tasks to queue
[2023-12-27 14:16:33,310] {logging_mixin.py:109} INFO - [2023-12-27 14:16:33,310] {dagbag.py:496} INFO - Filling up the DagBag from /home/airflow/.local/lib/python3.6/site-packages/airflow/example_dags/example_latest_only_with_trigger.py
[2023-12-27 14:16:33,319] {processor.py:623} INFO - DAG(s) dict_keys(['latest_only_with_trigger']) retrieved from /home/airflow/.local/lib/python3.6/site-packages/airflow/example_dags/example_latest_only_with_trigger.py
[2023-12-27 14:16:33,337] {logging_mixin.py:109} INFO - [2023-12-27 14:16:33,337] {dag.py:1834} INFO - Sync 1 DAGs
[2023-12-27 14:16:33,349] {logging_mixin.py:109} INFO - [2023-12-27 14:16:33,348] {dag.py:2287} INFO - Setting next_dagrun for latest_only_with_trigger to 2023-12-25 00:00:00+00:00
[2023-12-27 14:16:33,359] {processor.py:170} INFO - Processing /home/airflow/.local/lib/python3.6/site-packages/airflow/example_dags/example_latest_only_with_trigger.py took 0.054 seconds
[2023-12-27 14:17:04,040] {processor.py:162} INFO - Started process (PID=1093) to work on /home/airflow/.local/lib/python3.6/site-packages/airflow/example_dags/example_latest_only_with_trigger.py
[2023-12-27 14:17:04,041] {processor.py:613} INFO - Processing file /home/airflow/.local/lib/python3.6/site-packages/airflow/example_dags/example_latest_only_with_trigger.py for tasks to queue
[2023-12-27 14:17:04,041] {logging_mixin.py:109} INFO - [2023-12-27 14:17:04,041] {dagbag.py:496} INFO - Filling up the DagBag from /home/airflow/.local/lib/python3.6/site-packages/airflow/example_dags/example_latest_only_with_trigger.py
[2023-12-27 14:17:04,050] {processor.py:623} INFO - DAG(s) dict_keys(['latest_only_with_trigger']) retrieved from /home/airflow/.local/lib/python3.6/site-packages/airflow/example_dags/example_latest_only_with_trigger.py
[2023-12-27 14:17:04,068] {logging_mixin.py:109} INFO - [2023-12-27 14:17:04,067] {dag.py:1834} INFO - Sync 1 DAGs
[2023-12-27 14:17:04,080] {logging_mixin.py:109} INFO - [2023-12-27 14:17:04,080] {dag.py:2287} INFO - Setting next_dagrun for latest_only_with_trigger to 2023-12-25 00:00:00+00:00
[2023-12-27 14:17:04,092] {processor.py:170} INFO - Processing /home/airflow/.local/lib/python3.6/site-packages/airflow/example_dags/example_latest_only_with_trigger.py took 0.054 seconds
[2023-12-27 14:17:34,698] {processor.py:162} INFO - Started process (PID=1289) to work on /home/airflow/.local/lib/python3.6/site-packages/airflow/example_dags/example_latest_only_with_trigger.py
[2023-12-27 14:17:34,700] {processor.py:613} INFO - Processing file /home/airflow/.local/lib/python3.6/site-packages/airflow/example_dags/example_latest_only_with_trigger.py for tasks to queue
[2023-12-27 14:17:34,701] {logging_mixin.py:109} INFO - [2023-12-27 14:17:34,700] {dagbag.py:496} INFO - Filling up the DagBag from /home/airflow/.local/lib/python3.6/site-packages/airflow/example_dags/example_latest_only_with_trigger.py
[2023-12-27 14:17:34,708] {processor.py:623} INFO - DAG(s) dict_keys(['latest_only_with_trigger']) retrieved from /home/airflow/.local/lib/python3.6/site-packages/airflow/example_dags/example_latest_only_with_trigger.py
[2023-12-27 14:17:34,725] {logging_mixin.py:109} INFO - [2023-12-27 14:17:34,725] {dag.py:1834} INFO - Sync 1 DAGs
[2023-12-27 14:17:34,735] {logging_mixin.py:109} INFO - [2023-12-27 14:17:34,735] {dag.py:2287} INFO - Setting next_dagrun for latest_only_with_trigger to 2023-12-25 00:00:00+00:00
[2023-12-27 14:17:34,745] {processor.py:170} INFO - Processing /home/airflow/.local/lib/python3.6/site-packages/airflow/example_dags/example_latest_only_with_trigger.py took 0.048 seconds
[2023-12-27 14:18:05,161] {processor.py:162} INFO - Started process (PID=1494) to work on /home/airflow/.local/lib/python3.6/site-packages/airflow/example_dags/example_latest_only_with_trigger.py
[2023-12-27 14:18:05,163] {processor.py:613} INFO - Processing file /home/airflow/.local/lib/python3.6/site-packages/airflow/example_dags/example_latest_only_with_trigger.py for tasks to queue
[2023-12-27 14:18:05,163] {logging_mixin.py:109} INFO - [2023-12-27 14:18:05,163] {dagbag.py:496} INFO - Filling up the DagBag from /home/airflow/.local/lib/python3.6/site-packages/airflow/example_dags/example_latest_only_with_trigger.py
[2023-12-27 14:18:05,171] {processor.py:623} INFO - DAG(s) dict_keys(['latest_only_with_trigger']) retrieved from /home/airflow/.local/lib/python3.6/site-packages/airflow/example_dags/example_latest_only_with_trigger.py
[2023-12-27 14:18:05,187] {logging_mixin.py:109} INFO - [2023-12-27 14:18:05,187] {dag.py:1834} INFO - Sync 1 DAGs
[2023-12-27 14:18:05,197] {logging_mixin.py:109} INFO - [2023-12-27 14:18:05,197] {dag.py:2287} INFO - Setting next_dagrun for latest_only_with_trigger to 2023-12-25 00:00:00+00:00
[2023-12-27 14:18:05,206] {processor.py:170} INFO - Processing /home/airflow/.local/lib/python3.6/site-packages/airflow/example_dags/example_latest_only_with_trigger.py took 0.047 seconds
[2023-12-27 14:18:35,790] {processor.py:162} INFO - Started process (PID=1689) to work on /home/airflow/.local/lib/python3.6/site-packages/airflow/example_dags/example_latest_only_with_trigger.py
[2023-12-27 14:18:35,791] {processor.py:613} INFO - Processing file /home/airflow/.local/lib/python3.6/site-packages/airflow/example_dags/example_latest_only_with_trigger.py for tasks to queue
[2023-12-27 14:18:35,791] {logging_mixin.py:109} INFO - [2023-12-27 14:18:35,791] {dagbag.py:496} INFO - Filling up the DagBag from /home/airflow/.local/lib/python3.6/site-packages/airflow/example_dags/example_latest_only_with_trigger.py
[2023-12-27 14:18:35,799] {processor.py:623} INFO - DAG(s) dict_keys(['latest_only_with_trigger']) retrieved from /home/airflow/.local/lib/python3.6/site-packages/airflow/example_dags/example_latest_only_with_trigger.py
[2023-12-27 14:18:35,814] {logging_mixin.py:109} INFO - [2023-12-27 14:18:35,814] {dag.py:1834} INFO - Sync 1 DAGs
[2023-12-27 14:18:35,824] {logging_mixin.py:109} INFO - [2023-12-27 14:18:35,824] {dag.py:2287} INFO - Setting next_dagrun for latest_only_with_trigger to 2023-12-25 00:00:00+00:00
[2023-12-27 14:18:35,834] {processor.py:170} INFO - Processing /home/airflow/.local/lib/python3.6/site-packages/airflow/example_dags/example_latest_only_with_trigger.py took 0.046 seconds
