[2023-12-27 14:15:31,298] {processor.py:162} INFO - Started process (PID=308) to work on /home/airflow/.local/lib/python3.6/site-packages/airflow/example_dags/example_branch_python_dop_operator_3.py
[2023-12-27 14:15:31,298] {processor.py:613} INFO - Processing file /home/airflow/.local/lib/python3.6/site-packages/airflow/example_dags/example_branch_python_dop_operator_3.py for tasks to queue
[2023-12-27 14:15:31,299] {logging_mixin.py:109} INFO - [2023-12-27 14:15:31,299] {dagbag.py:496} INFO - Filling up the DagBag from /home/airflow/.local/lib/python3.6/site-packages/airflow/example_dags/example_branch_python_dop_operator_3.py
[2023-12-27 14:15:31,309] {processor.py:623} INFO - DAG(s) dict_keys(['example_branch_dop_operator_v3']) retrieved from /home/airflow/.local/lib/python3.6/site-packages/airflow/example_dags/example_branch_python_dop_operator_3.py
[2023-12-27 14:15:31,479] {logging_mixin.py:109} INFO - [2023-12-27 14:15:31,479] {dag.py:1834} INFO - Sync 1 DAGs
[2023-12-27 14:15:31,496] {logging_mixin.py:109} INFO - [2023-12-27 14:15:31,496] {dag.py:2287} INFO - Setting next_dagrun for example_branch_dop_operator_v3 to 2023-12-25 00:00:00+00:00
[2023-12-27 14:15:31,508] {processor.py:170} INFO - Processing /home/airflow/.local/lib/python3.6/site-packages/airflow/example_dags/example_branch_python_dop_operator_3.py took 0.212 seconds
[2023-12-27 14:16:02,335] {processor.py:162} INFO - Started process (PID=502) to work on /home/airflow/.local/lib/python3.6/site-packages/airflow/example_dags/example_branch_python_dop_operator_3.py
[2023-12-27 14:16:02,337] {processor.py:613} INFO - Processing file /home/airflow/.local/lib/python3.6/site-packages/airflow/example_dags/example_branch_python_dop_operator_3.py for tasks to queue
[2023-12-27 14:16:02,337] {logging_mixin.py:109} INFO - [2023-12-27 14:16:02,337] {dagbag.py:496} INFO - Filling up the DagBag from /home/airflow/.local/lib/python3.6/site-packages/airflow/example_dags/example_branch_python_dop_operator_3.py
[2023-12-27 14:16:02,348] {processor.py:623} INFO - DAG(s) dict_keys(['example_branch_dop_operator_v3']) retrieved from /home/airflow/.local/lib/python3.6/site-packages/airflow/example_dags/example_branch_python_dop_operator_3.py
[2023-12-27 14:16:02,367] {logging_mixin.py:109} INFO - [2023-12-27 14:16:02,367] {dag.py:1834} INFO - Sync 1 DAGs
[2023-12-27 14:16:02,385] {logging_mixin.py:109} INFO - [2023-12-27 14:16:02,385] {dag.py:2287} INFO - Setting next_dagrun for example_branch_dop_operator_v3 to 2023-12-25 00:00:00+00:00
[2023-12-27 14:16:02,396] {processor.py:170} INFO - Processing /home/airflow/.local/lib/python3.6/site-packages/airflow/example_dags/example_branch_python_dop_operator_3.py took 0.063 seconds
[2023-12-27 14:16:33,174] {processor.py:162} INFO - Started process (PID=793) to work on /home/airflow/.local/lib/python3.6/site-packages/airflow/example_dags/example_branch_python_dop_operator_3.py
[2023-12-27 14:16:33,175] {processor.py:613} INFO - Processing file /home/airflow/.local/lib/python3.6/site-packages/airflow/example_dags/example_branch_python_dop_operator_3.py for tasks to queue
[2023-12-27 14:16:33,176] {logging_mixin.py:109} INFO - [2023-12-27 14:16:33,175] {dagbag.py:496} INFO - Filling up the DagBag from /home/airflow/.local/lib/python3.6/site-packages/airflow/example_dags/example_branch_python_dop_operator_3.py
[2023-12-27 14:16:33,184] {processor.py:623} INFO - DAG(s) dict_keys(['example_branch_dop_operator_v3']) retrieved from /home/airflow/.local/lib/python3.6/site-packages/airflow/example_dags/example_branch_python_dop_operator_3.py
[2023-12-27 14:16:33,200] {logging_mixin.py:109} INFO - [2023-12-27 14:16:33,200] {dag.py:1834} INFO - Sync 1 DAGs
[2023-12-27 14:16:33,217] {logging_mixin.py:109} INFO - [2023-12-27 14:16:33,216] {dag.py:2287} INFO - Setting next_dagrun for example_branch_dop_operator_v3 to 2023-12-25 00:00:00+00:00
[2023-12-27 14:16:33,226] {processor.py:170} INFO - Processing /home/airflow/.local/lib/python3.6/site-packages/airflow/example_dags/example_branch_python_dop_operator_3.py took 0.054 seconds
[2023-12-27 14:17:03,904] {processor.py:162} INFO - Started process (PID=1082) to work on /home/airflow/.local/lib/python3.6/site-packages/airflow/example_dags/example_branch_python_dop_operator_3.py
[2023-12-27 14:17:03,905] {processor.py:613} INFO - Processing file /home/airflow/.local/lib/python3.6/site-packages/airflow/example_dags/example_branch_python_dop_operator_3.py for tasks to queue
[2023-12-27 14:17:03,906] {logging_mixin.py:109} INFO - [2023-12-27 14:17:03,906] {dagbag.py:496} INFO - Filling up the DagBag from /home/airflow/.local/lib/python3.6/site-packages/airflow/example_dags/example_branch_python_dop_operator_3.py
[2023-12-27 14:17:03,915] {processor.py:623} INFO - DAG(s) dict_keys(['example_branch_dop_operator_v3']) retrieved from /home/airflow/.local/lib/python3.6/site-packages/airflow/example_dags/example_branch_python_dop_operator_3.py
[2023-12-27 14:17:03,933] {logging_mixin.py:109} INFO - [2023-12-27 14:17:03,933] {dag.py:1834} INFO - Sync 1 DAGs
[2023-12-27 14:17:03,949] {logging_mixin.py:109} INFO - [2023-12-27 14:17:03,948] {dag.py:2287} INFO - Setting next_dagrun for example_branch_dop_operator_v3 to 2023-12-25 00:00:00+00:00
[2023-12-27 14:17:03,958] {processor.py:170} INFO - Processing /home/airflow/.local/lib/python3.6/site-packages/airflow/example_dags/example_branch_python_dop_operator_3.py took 0.056 seconds
[2023-12-27 14:17:34,560] {processor.py:162} INFO - Started process (PID=1278) to work on /home/airflow/.local/lib/python3.6/site-packages/airflow/example_dags/example_branch_python_dop_operator_3.py
[2023-12-27 14:17:34,561] {processor.py:613} INFO - Processing file /home/airflow/.local/lib/python3.6/site-packages/airflow/example_dags/example_branch_python_dop_operator_3.py for tasks to queue
[2023-12-27 14:17:34,562] {logging_mixin.py:109} INFO - [2023-12-27 14:17:34,562] {dagbag.py:496} INFO - Filling up the DagBag from /home/airflow/.local/lib/python3.6/site-packages/airflow/example_dags/example_branch_python_dop_operator_3.py
[2023-12-27 14:17:34,576] {processor.py:623} INFO - DAG(s) dict_keys(['example_branch_dop_operator_v3']) retrieved from /home/airflow/.local/lib/python3.6/site-packages/airflow/example_dags/example_branch_python_dop_operator_3.py
[2023-12-27 14:17:34,594] {logging_mixin.py:109} INFO - [2023-12-27 14:17:34,593] {dag.py:1834} INFO - Sync 1 DAGs
[2023-12-27 14:17:34,611] {logging_mixin.py:109} INFO - [2023-12-27 14:17:34,610] {dag.py:2287} INFO - Setting next_dagrun for example_branch_dop_operator_v3 to 2023-12-25 00:00:00+00:00
[2023-12-27 14:17:34,620] {processor.py:170} INFO - Processing /home/airflow/.local/lib/python3.6/site-packages/airflow/example_dags/example_branch_python_dop_operator_3.py took 0.062 seconds
[2023-12-27 14:18:05,086] {processor.py:162} INFO - Started process (PID=1483) to work on /home/airflow/.local/lib/python3.6/site-packages/airflow/example_dags/example_branch_python_dop_operator_3.py
[2023-12-27 14:18:05,088] {processor.py:613} INFO - Processing file /home/airflow/.local/lib/python3.6/site-packages/airflow/example_dags/example_branch_python_dop_operator_3.py for tasks to queue
[2023-12-27 14:18:05,088] {logging_mixin.py:109} INFO - [2023-12-27 14:18:05,088] {dagbag.py:496} INFO - Filling up the DagBag from /home/airflow/.local/lib/python3.6/site-packages/airflow/example_dags/example_branch_python_dop_operator_3.py
[2023-12-27 14:18:05,097] {processor.py:623} INFO - DAG(s) dict_keys(['example_branch_dop_operator_v3']) retrieved from /home/airflow/.local/lib/python3.6/site-packages/airflow/example_dags/example_branch_python_dop_operator_3.py
[2023-12-27 14:18:05,113] {logging_mixin.py:109} INFO - [2023-12-27 14:18:05,113] {dag.py:1834} INFO - Sync 1 DAGs
[2023-12-27 14:18:05,130] {logging_mixin.py:109} INFO - [2023-12-27 14:18:05,130] {dag.py:2287} INFO - Setting next_dagrun for example_branch_dop_operator_v3 to 2023-12-25 00:00:00+00:00
[2023-12-27 14:18:05,141] {processor.py:170} INFO - Processing /home/airflow/.local/lib/python3.6/site-packages/airflow/example_dags/example_branch_python_dop_operator_3.py took 0.058 seconds
[2023-12-27 14:18:35,662] {processor.py:162} INFO - Started process (PID=1678) to work on /home/airflow/.local/lib/python3.6/site-packages/airflow/example_dags/example_branch_python_dop_operator_3.py
[2023-12-27 14:18:35,663] {processor.py:613} INFO - Processing file /home/airflow/.local/lib/python3.6/site-packages/airflow/example_dags/example_branch_python_dop_operator_3.py for tasks to queue
[2023-12-27 14:18:35,663] {logging_mixin.py:109} INFO - [2023-12-27 14:18:35,663] {dagbag.py:496} INFO - Filling up the DagBag from /home/airflow/.local/lib/python3.6/site-packages/airflow/example_dags/example_branch_python_dop_operator_3.py
[2023-12-27 14:18:35,672] {processor.py:623} INFO - DAG(s) dict_keys(['example_branch_dop_operator_v3']) retrieved from /home/airflow/.local/lib/python3.6/site-packages/airflow/example_dags/example_branch_python_dop_operator_3.py
[2023-12-27 14:18:35,688] {logging_mixin.py:109} INFO - [2023-12-27 14:18:35,688] {dag.py:1834} INFO - Sync 1 DAGs
[2023-12-27 14:18:35,705] {logging_mixin.py:109} INFO - [2023-12-27 14:18:35,705] {dag.py:2287} INFO - Setting next_dagrun for example_branch_dop_operator_v3 to 2023-12-25 00:00:00+00:00
[2023-12-27 14:18:35,715] {processor.py:170} INFO - Processing /home/airflow/.local/lib/python3.6/site-packages/airflow/example_dags/example_branch_python_dop_operator_3.py took 0.055 seconds
