[2023-12-27 14:15:31,203] {processor.py:162} INFO - Started process (PID=303) to work on /home/airflow/.local/lib/python3.6/site-packages/airflow/example_dags/example_task_group_decorator.py
[2023-12-27 14:15:31,204] {processor.py:613} INFO - Processing file /home/airflow/.local/lib/python3.6/site-packages/airflow/example_dags/example_task_group_decorator.py for tasks to queue
[2023-12-27 14:15:31,204] {logging_mixin.py:109} INFO - [2023-12-27 14:15:31,204] {dagbag.py:496} INFO - Filling up the DagBag from /home/airflow/.local/lib/python3.6/site-packages/airflow/example_dags/example_task_group_decorator.py
[2023-12-27 14:15:31,224] {processor.py:623} INFO - DAG(s) dict_keys(['example_task_group_decorator']) retrieved from /home/airflow/.local/lib/python3.6/site-packages/airflow/example_dags/example_task_group_decorator.py
[2023-12-27 14:15:31,388] {logging_mixin.py:109} INFO - [2023-12-27 14:15:31,387] {dag.py:1834} INFO - Sync 1 DAGs
[2023-12-27 14:15:31,400] {logging_mixin.py:109} INFO - [2023-12-27 14:15:31,400] {dag.py:2287} INFO - Setting next_dagrun for example_task_group_decorator to 2023-12-25 00:00:00+00:00
[2023-12-27 14:15:31,412] {processor.py:170} INFO - Processing /home/airflow/.local/lib/python3.6/site-packages/airflow/example_dags/example_task_group_decorator.py took 0.211 seconds
[2023-12-27 14:16:02,333] {processor.py:162} INFO - Started process (PID=500) to work on /home/airflow/.local/lib/python3.6/site-packages/airflow/example_dags/example_task_group_decorator.py
[2023-12-27 14:16:02,335] {processor.py:613} INFO - Processing file /home/airflow/.local/lib/python3.6/site-packages/airflow/example_dags/example_task_group_decorator.py for tasks to queue
[2023-12-27 14:16:02,336] {logging_mixin.py:109} INFO - [2023-12-27 14:16:02,336] {dagbag.py:496} INFO - Filling up the DagBag from /home/airflow/.local/lib/python3.6/site-packages/airflow/example_dags/example_task_group_decorator.py
[2023-12-27 14:16:02,355] {processor.py:623} INFO - DAG(s) dict_keys(['example_task_group_decorator']) retrieved from /home/airflow/.local/lib/python3.6/site-packages/airflow/example_dags/example_task_group_decorator.py
[2023-12-27 14:16:02,528] {logging_mixin.py:109} INFO - [2023-12-27 14:16:02,528] {dag.py:1834} INFO - Sync 1 DAGs
[2023-12-27 14:16:02,539] {logging_mixin.py:109} INFO - [2023-12-27 14:16:02,539] {dag.py:2287} INFO - Setting next_dagrun for example_task_group_decorator to 2023-12-25 00:00:00+00:00
[2023-12-27 14:16:02,553] {processor.py:170} INFO - Processing /home/airflow/.local/lib/python3.6/site-packages/airflow/example_dags/example_task_group_decorator.py took 0.222 seconds
[2023-12-27 14:16:33,174] {processor.py:162} INFO - Started process (PID=791) to work on /home/airflow/.local/lib/python3.6/site-packages/airflow/example_dags/example_task_group_decorator.py
[2023-12-27 14:16:33,176] {processor.py:613} INFO - Processing file /home/airflow/.local/lib/python3.6/site-packages/airflow/example_dags/example_task_group_decorator.py for tasks to queue
[2023-12-27 14:16:33,176] {logging_mixin.py:109} INFO - [2023-12-27 14:16:33,176] {dagbag.py:496} INFO - Filling up the DagBag from /home/airflow/.local/lib/python3.6/site-packages/airflow/example_dags/example_task_group_decorator.py
[2023-12-27 14:16:33,192] {processor.py:623} INFO - DAG(s) dict_keys(['example_task_group_decorator']) retrieved from /home/airflow/.local/lib/python3.6/site-packages/airflow/example_dags/example_task_group_decorator.py
[2023-12-27 14:16:33,349] {logging_mixin.py:109} INFO - [2023-12-27 14:16:33,349] {dag.py:1834} INFO - Sync 1 DAGs
[2023-12-27 14:16:33,361] {logging_mixin.py:109} INFO - [2023-12-27 14:16:33,361] {dag.py:2287} INFO - Setting next_dagrun for example_task_group_decorator to 2023-12-25 00:00:00+00:00
[2023-12-27 14:16:33,374] {processor.py:170} INFO - Processing /home/airflow/.local/lib/python3.6/site-packages/airflow/example_dags/example_task_group_decorator.py took 0.203 seconds
[2023-12-27 14:17:03,900] {processor.py:162} INFO - Started process (PID=1080) to work on /home/airflow/.local/lib/python3.6/site-packages/airflow/example_dags/example_task_group_decorator.py
[2023-12-27 14:17:03,902] {processor.py:613} INFO - Processing file /home/airflow/.local/lib/python3.6/site-packages/airflow/example_dags/example_task_group_decorator.py for tasks to queue
[2023-12-27 14:17:03,902] {logging_mixin.py:109} INFO - [2023-12-27 14:17:03,902] {dagbag.py:496} INFO - Filling up the DagBag from /home/airflow/.local/lib/python3.6/site-packages/airflow/example_dags/example_task_group_decorator.py
[2023-12-27 14:17:03,920] {processor.py:623} INFO - DAG(s) dict_keys(['example_task_group_decorator']) retrieved from /home/airflow/.local/lib/python3.6/site-packages/airflow/example_dags/example_task_group_decorator.py
[2023-12-27 14:17:04,088] {logging_mixin.py:109} INFO - [2023-12-27 14:17:04,088] {dag.py:1834} INFO - Sync 1 DAGs
[2023-12-27 14:17:04,098] {logging_mixin.py:109} INFO - [2023-12-27 14:17:04,098] {dag.py:2287} INFO - Setting next_dagrun for example_task_group_decorator to 2023-12-25 00:00:00+00:00
[2023-12-27 14:17:04,110] {processor.py:170} INFO - Processing /home/airflow/.local/lib/python3.6/site-packages/airflow/example_dags/example_task_group_decorator.py took 0.212 seconds
[2023-12-27 14:17:34,558] {processor.py:162} INFO - Started process (PID=1276) to work on /home/airflow/.local/lib/python3.6/site-packages/airflow/example_dags/example_task_group_decorator.py
[2023-12-27 14:17:34,560] {processor.py:613} INFO - Processing file /home/airflow/.local/lib/python3.6/site-packages/airflow/example_dags/example_task_group_decorator.py for tasks to queue
[2023-12-27 14:17:34,561] {logging_mixin.py:109} INFO - [2023-12-27 14:17:34,560] {dagbag.py:496} INFO - Filling up the DagBag from /home/airflow/.local/lib/python3.6/site-packages/airflow/example_dags/example_task_group_decorator.py
[2023-12-27 14:17:34,584] {processor.py:623} INFO - DAG(s) dict_keys(['example_task_group_decorator']) retrieved from /home/airflow/.local/lib/python3.6/site-packages/airflow/example_dags/example_task_group_decorator.py
[2023-12-27 14:17:34,735] {logging_mixin.py:109} INFO - [2023-12-27 14:17:34,735] {dag.py:1834} INFO - Sync 1 DAGs
[2023-12-27 14:17:34,745] {logging_mixin.py:109} INFO - [2023-12-27 14:17:34,745] {dag.py:2287} INFO - Setting next_dagrun for example_task_group_decorator to 2023-12-25 00:00:00+00:00
[2023-12-27 14:17:34,756] {processor.py:170} INFO - Processing /home/airflow/.local/lib/python3.6/site-packages/airflow/example_dags/example_task_group_decorator.py took 0.200 seconds
[2023-12-27 14:18:05,085] {processor.py:162} INFO - Started process (PID=1481) to work on /home/airflow/.local/lib/python3.6/site-packages/airflow/example_dags/example_task_group_decorator.py
[2023-12-27 14:18:05,087] {processor.py:613} INFO - Processing file /home/airflow/.local/lib/python3.6/site-packages/airflow/example_dags/example_task_group_decorator.py for tasks to queue
[2023-12-27 14:18:05,087] {logging_mixin.py:109} INFO - [2023-12-27 14:18:05,087] {dagbag.py:496} INFO - Filling up the DagBag from /home/airflow/.local/lib/python3.6/site-packages/airflow/example_dags/example_task_group_decorator.py
[2023-12-27 14:18:05,104] {processor.py:623} INFO - DAG(s) dict_keys(['example_task_group_decorator']) retrieved from /home/airflow/.local/lib/python3.6/site-packages/airflow/example_dags/example_task_group_decorator.py
[2023-12-27 14:18:05,123] {logging_mixin.py:109} INFO - [2023-12-27 14:18:05,123] {dag.py:1834} INFO - Sync 1 DAGs
[2023-12-27 14:18:05,134] {logging_mixin.py:109} INFO - [2023-12-27 14:18:05,134] {dag.py:2287} INFO - Setting next_dagrun for example_task_group_decorator to 2023-12-25 00:00:00+00:00
[2023-12-27 14:18:05,146] {processor.py:170} INFO - Processing /home/airflow/.local/lib/python3.6/site-packages/airflow/example_dags/example_task_group_decorator.py took 0.063 seconds
[2023-12-27 14:18:35,660] {processor.py:162} INFO - Started process (PID=1676) to work on /home/airflow/.local/lib/python3.6/site-packages/airflow/example_dags/example_task_group_decorator.py
[2023-12-27 14:18:35,661] {processor.py:613} INFO - Processing file /home/airflow/.local/lib/python3.6/site-packages/airflow/example_dags/example_task_group_decorator.py for tasks to queue
[2023-12-27 14:18:35,662] {logging_mixin.py:109} INFO - [2023-12-27 14:18:35,661] {dagbag.py:496} INFO - Filling up the DagBag from /home/airflow/.local/lib/python3.6/site-packages/airflow/example_dags/example_task_group_decorator.py
[2023-12-27 14:18:35,680] {processor.py:623} INFO - DAG(s) dict_keys(['example_task_group_decorator']) retrieved from /home/airflow/.local/lib/python3.6/site-packages/airflow/example_dags/example_task_group_decorator.py
[2023-12-27 14:18:35,823] {logging_mixin.py:109} INFO - [2023-12-27 14:18:35,823] {dag.py:1834} INFO - Sync 1 DAGs
[2023-12-27 14:18:35,833] {logging_mixin.py:109} INFO - [2023-12-27 14:18:35,833] {dag.py:2287} INFO - Setting next_dagrun for example_task_group_decorator to 2023-12-25 00:00:00+00:00
[2023-12-27 14:18:35,845] {processor.py:170} INFO - Processing /home/airflow/.local/lib/python3.6/site-packages/airflow/example_dags/example_task_group_decorator.py took 0.187 seconds
