[2023-12-27 14:15:30,794] {processor.py:162} INFO - Started process (PID=282) to work on /home/airflow/.local/lib/python3.6/site-packages/airflow/example_dags/example_branch_operator.py
[2023-12-27 14:15:30,795] {processor.py:613} INFO - Processing file /home/airflow/.local/lib/python3.6/site-packages/airflow/example_dags/example_branch_operator.py for tasks to queue
[2023-12-27 14:15:30,796] {logging_mixin.py:109} INFO - [2023-12-27 14:15:30,796] {dagbag.py:496} INFO - Filling up the DagBag from /home/airflow/.local/lib/python3.6/site-packages/airflow/example_dags/example_branch_operator.py
[2023-12-27 14:15:30,808] {processor.py:623} INFO - DAG(s) dict_keys(['example_branch_operator']) retrieved from /home/airflow/.local/lib/python3.6/site-packages/airflow/example_dags/example_branch_operator.py
[2023-12-27 14:15:30,959] {logging_mixin.py:109} INFO - [2023-12-27 14:15:30,959] {dag.py:1834} INFO - Sync 1 DAGs
[2023-12-27 14:15:30,971] {logging_mixin.py:109} INFO - [2023-12-27 14:15:30,971] {dag.py:2287} INFO - Setting next_dagrun for example_branch_operator to 2023-12-25 00:00:00+00:00
[2023-12-27 14:15:30,983] {processor.py:170} INFO - Processing /home/airflow/.local/lib/python3.6/site-packages/airflow/example_dags/example_branch_operator.py took 0.191 seconds
[2023-12-27 14:16:01,071] {processor.py:162} INFO - Started process (PID=477) to work on /home/airflow/.local/lib/python3.6/site-packages/airflow/example_dags/example_branch_operator.py
[2023-12-27 14:16:01,072] {processor.py:613} INFO - Processing file /home/airflow/.local/lib/python3.6/site-packages/airflow/example_dags/example_branch_operator.py for tasks to queue
[2023-12-27 14:16:01,073] {logging_mixin.py:109} INFO - [2023-12-27 14:16:01,073] {dagbag.py:496} INFO - Filling up the DagBag from /home/airflow/.local/lib/python3.6/site-packages/airflow/example_dags/example_branch_operator.py
[2023-12-27 14:16:01,083] {processor.py:623} INFO - DAG(s) dict_keys(['example_branch_operator']) retrieved from /home/airflow/.local/lib/python3.6/site-packages/airflow/example_dags/example_branch_operator.py
[2023-12-27 14:16:01,099] {logging_mixin.py:109} INFO - [2023-12-27 14:16:01,099] {dag.py:1834} INFO - Sync 1 DAGs
[2023-12-27 14:16:01,110] {logging_mixin.py:109} INFO - [2023-12-27 14:16:01,110] {dag.py:2287} INFO - Setting next_dagrun for example_branch_operator to 2023-12-25 00:00:00+00:00
[2023-12-27 14:16:01,119] {processor.py:170} INFO - Processing /home/airflow/.local/lib/python3.6/site-packages/airflow/example_dags/example_branch_operator.py took 0.050 seconds
[2023-12-27 14:16:31,938] {processor.py:162} INFO - Started process (PID=768) to work on /home/airflow/.local/lib/python3.6/site-packages/airflow/example_dags/example_branch_operator.py
[2023-12-27 14:16:31,941] {processor.py:613} INFO - Processing file /home/airflow/.local/lib/python3.6/site-packages/airflow/example_dags/example_branch_operator.py for tasks to queue
[2023-12-27 14:16:31,942] {logging_mixin.py:109} INFO - [2023-12-27 14:16:31,942] {dagbag.py:496} INFO - Filling up the DagBag from /home/airflow/.local/lib/python3.6/site-packages/airflow/example_dags/example_branch_operator.py
[2023-12-27 14:16:31,959] {processor.py:623} INFO - DAG(s) dict_keys(['example_branch_operator']) retrieved from /home/airflow/.local/lib/python3.6/site-packages/airflow/example_dags/example_branch_operator.py
[2023-12-27 14:16:31,982] {logging_mixin.py:109} INFO - [2023-12-27 14:16:31,982] {dag.py:1834} INFO - Sync 1 DAGs
[2023-12-27 14:16:32,001] {logging_mixin.py:109} INFO - [2023-12-27 14:16:32,001] {dag.py:2287} INFO - Setting next_dagrun for example_branch_operator to 2023-12-25 00:00:00+00:00
[2023-12-27 14:16:32,013] {processor.py:170} INFO - Processing /home/airflow/.local/lib/python3.6/site-packages/airflow/example_dags/example_branch_operator.py took 0.078 seconds
[2023-12-27 14:17:02,690] {processor.py:162} INFO - Started process (PID=1030) to work on /home/airflow/.local/lib/python3.6/site-packages/airflow/example_dags/example_branch_operator.py
[2023-12-27 14:17:02,692] {processor.py:613} INFO - Processing file /home/airflow/.local/lib/python3.6/site-packages/airflow/example_dags/example_branch_operator.py for tasks to queue
[2023-12-27 14:17:02,692] {logging_mixin.py:109} INFO - [2023-12-27 14:17:02,692] {dagbag.py:496} INFO - Filling up the DagBag from /home/airflow/.local/lib/python3.6/site-packages/airflow/example_dags/example_branch_operator.py
[2023-12-27 14:17:02,703] {processor.py:623} INFO - DAG(s) dict_keys(['example_branch_operator']) retrieved from /home/airflow/.local/lib/python3.6/site-packages/airflow/example_dags/example_branch_operator.py
[2023-12-27 14:17:02,722] {logging_mixin.py:109} INFO - [2023-12-27 14:17:02,721] {dag.py:1834} INFO - Sync 1 DAGs
[2023-12-27 14:17:02,735] {logging_mixin.py:109} INFO - [2023-12-27 14:17:02,735] {dag.py:2287} INFO - Setting next_dagrun for example_branch_operator to 2023-12-25 00:00:00+00:00
[2023-12-27 14:17:02,745] {processor.py:170} INFO - Processing /home/airflow/.local/lib/python3.6/site-packages/airflow/example_dags/example_branch_operator.py took 0.057 seconds
[2023-12-27 14:17:33,351] {processor.py:162} INFO - Started process (PID=1254) to work on /home/airflow/.local/lib/python3.6/site-packages/airflow/example_dags/example_branch_operator.py
[2023-12-27 14:17:33,352] {processor.py:613} INFO - Processing file /home/airflow/.local/lib/python3.6/site-packages/airflow/example_dags/example_branch_operator.py for tasks to queue
[2023-12-27 14:17:33,352] {logging_mixin.py:109} INFO - [2023-12-27 14:17:33,352] {dagbag.py:496} INFO - Filling up the DagBag from /home/airflow/.local/lib/python3.6/site-packages/airflow/example_dags/example_branch_operator.py
[2023-12-27 14:17:33,363] {processor.py:623} INFO - DAG(s) dict_keys(['example_branch_operator']) retrieved from /home/airflow/.local/lib/python3.6/site-packages/airflow/example_dags/example_branch_operator.py
[2023-12-27 14:17:33,380] {logging_mixin.py:109} INFO - [2023-12-27 14:17:33,380] {dag.py:1834} INFO - Sync 1 DAGs
[2023-12-27 14:17:33,392] {logging_mixin.py:109} INFO - [2023-12-27 14:17:33,392] {dag.py:2287} INFO - Setting next_dagrun for example_branch_operator to 2023-12-25 00:00:00+00:00
[2023-12-27 14:17:33,403] {processor.py:170} INFO - Processing /home/airflow/.local/lib/python3.6/site-packages/airflow/example_dags/example_branch_operator.py took 0.054 seconds
[2023-12-27 14:18:03,949] {processor.py:162} INFO - Started process (PID=1459) to work on /home/airflow/.local/lib/python3.6/site-packages/airflow/example_dags/example_branch_operator.py
[2023-12-27 14:18:03,951] {processor.py:613} INFO - Processing file /home/airflow/.local/lib/python3.6/site-packages/airflow/example_dags/example_branch_operator.py for tasks to queue
[2023-12-27 14:18:03,952] {logging_mixin.py:109} INFO - [2023-12-27 14:18:03,952] {dagbag.py:496} INFO - Filling up the DagBag from /home/airflow/.local/lib/python3.6/site-packages/airflow/example_dags/example_branch_operator.py
[2023-12-27 14:18:03,961] {processor.py:623} INFO - DAG(s) dict_keys(['example_branch_operator']) retrieved from /home/airflow/.local/lib/python3.6/site-packages/airflow/example_dags/example_branch_operator.py
[2023-12-27 14:18:03,978] {logging_mixin.py:109} INFO - [2023-12-27 14:18:03,977] {dag.py:1834} INFO - Sync 1 DAGs
[2023-12-27 14:18:03,990] {logging_mixin.py:109} INFO - [2023-12-27 14:18:03,989] {dag.py:2287} INFO - Setting next_dagrun for example_branch_operator to 2023-12-25 00:00:00+00:00
[2023-12-27 14:18:03,999] {processor.py:170} INFO - Processing /home/airflow/.local/lib/python3.6/site-packages/airflow/example_dags/example_branch_operator.py took 0.052 seconds
[2023-12-27 14:18:34,428] {processor.py:162} INFO - Started process (PID=1654) to work on /home/airflow/.local/lib/python3.6/site-packages/airflow/example_dags/example_branch_operator.py
[2023-12-27 14:18:34,429] {processor.py:613} INFO - Processing file /home/airflow/.local/lib/python3.6/site-packages/airflow/example_dags/example_branch_operator.py for tasks to queue
[2023-12-27 14:18:34,429] {logging_mixin.py:109} INFO - [2023-12-27 14:18:34,429] {dagbag.py:496} INFO - Filling up the DagBag from /home/airflow/.local/lib/python3.6/site-packages/airflow/example_dags/example_branch_operator.py
[2023-12-27 14:18:34,441] {processor.py:623} INFO - DAG(s) dict_keys(['example_branch_operator']) retrieved from /home/airflow/.local/lib/python3.6/site-packages/airflow/example_dags/example_branch_operator.py
[2023-12-27 14:18:34,460] {logging_mixin.py:109} INFO - [2023-12-27 14:18:34,460] {dag.py:1834} INFO - Sync 1 DAGs
[2023-12-27 14:18:34,474] {logging_mixin.py:109} INFO - [2023-12-27 14:18:34,474] {dag.py:2287} INFO - Setting next_dagrun for example_branch_operator to 2023-12-25 00:00:00+00:00
[2023-12-27 14:18:34,484] {processor.py:170} INFO - Processing /home/airflow/.local/lib/python3.6/site-packages/airflow/example_dags/example_branch_operator.py took 0.058 seconds
