[2023-12-27 14:15:29,209] {processor.py:162} INFO - Started process (PID=202) to work on /home/airflow/.local/lib/python3.6/site-packages/airflow/example_dags/example_branch_labels.py
[2023-12-27 14:15:29,210] {processor.py:613} INFO - Processing file /home/airflow/.local/lib/python3.6/site-packages/airflow/example_dags/example_branch_labels.py for tasks to queue
[2023-12-27 14:15:29,210] {logging_mixin.py:109} INFO - [2023-12-27 14:15:29,210] {dagbag.py:496} INFO - Filling up the DagBag from /home/airflow/.local/lib/python3.6/site-packages/airflow/example_dags/example_branch_labels.py
[2023-12-27 14:15:29,219] {processor.py:623} INFO - DAG(s) dict_keys(['example_branch_labels']) retrieved from /home/airflow/.local/lib/python3.6/site-packages/airflow/example_dags/example_branch_labels.py
[2023-12-27 14:15:29,365] {logging_mixin.py:109} INFO - [2023-12-27 14:15:29,365] {dag.py:1834} INFO - Sync 1 DAGs
[2023-12-27 14:15:29,376] {logging_mixin.py:109} INFO - [2023-12-27 14:15:29,376] {dag.py:2287} INFO - Setting next_dagrun for example_branch_labels to 2023-12-25 00:00:00+00:00
[2023-12-27 14:15:29,386] {processor.py:170} INFO - Processing /home/airflow/.local/lib/python3.6/site-packages/airflow/example_dags/example_branch_labels.py took 0.180 seconds
[2023-12-27 14:16:00,221] {processor.py:162} INFO - Started process (PID=392) to work on /home/airflow/.local/lib/python3.6/site-packages/airflow/example_dags/example_branch_labels.py
[2023-12-27 14:16:00,222] {processor.py:613} INFO - Processing file /home/airflow/.local/lib/python3.6/site-packages/airflow/example_dags/example_branch_labels.py for tasks to queue
[2023-12-27 14:16:00,222] {logging_mixin.py:109} INFO - [2023-12-27 14:16:00,222] {dagbag.py:496} INFO - Filling up the DagBag from /home/airflow/.local/lib/python3.6/site-packages/airflow/example_dags/example_branch_labels.py
[2023-12-27 14:16:00,231] {processor.py:623} INFO - DAG(s) dict_keys(['example_branch_labels']) retrieved from /home/airflow/.local/lib/python3.6/site-packages/airflow/example_dags/example_branch_labels.py
[2023-12-27 14:16:00,249] {logging_mixin.py:109} INFO - [2023-12-27 14:16:00,249] {dag.py:1834} INFO - Sync 1 DAGs
[2023-12-27 14:16:00,264] {logging_mixin.py:109} INFO - [2023-12-27 14:16:00,264] {dag.py:2287} INFO - Setting next_dagrun for example_branch_labels to 2023-12-25 00:00:00+00:00
[2023-12-27 14:16:00,280] {processor.py:170} INFO - Processing /home/airflow/.local/lib/python3.6/site-packages/airflow/example_dags/example_branch_labels.py took 0.061 seconds
[2023-12-27 14:16:30,965] {processor.py:162} INFO - Started process (PID=664) to work on /home/airflow/.local/lib/python3.6/site-packages/airflow/example_dags/example_branch_labels.py
[2023-12-27 14:16:30,966] {processor.py:613} INFO - Processing file /home/airflow/.local/lib/python3.6/site-packages/airflow/example_dags/example_branch_labels.py for tasks to queue
[2023-12-27 14:16:30,967] {logging_mixin.py:109} INFO - [2023-12-27 14:16:30,967] {dagbag.py:496} INFO - Filling up the DagBag from /home/airflow/.local/lib/python3.6/site-packages/airflow/example_dags/example_branch_labels.py
[2023-12-27 14:16:30,974] {processor.py:623} INFO - DAG(s) dict_keys(['example_branch_labels']) retrieved from /home/airflow/.local/lib/python3.6/site-packages/airflow/example_dags/example_branch_labels.py
[2023-12-27 14:16:30,993] {logging_mixin.py:109} INFO - [2023-12-27 14:16:30,993] {dag.py:1834} INFO - Sync 1 DAGs
[2023-12-27 14:16:31,012] {logging_mixin.py:109} INFO - [2023-12-27 14:16:31,012] {dag.py:2287} INFO - Setting next_dagrun for example_branch_labels to 2023-12-25 00:00:00+00:00
[2023-12-27 14:16:31,026] {processor.py:170} INFO - Processing /home/airflow/.local/lib/python3.6/site-packages/airflow/example_dags/example_branch_labels.py took 0.063 seconds
[2023-12-27 14:17:01,768] {processor.py:162} INFO - Started process (PID=912) to work on /home/airflow/.local/lib/python3.6/site-packages/airflow/example_dags/example_branch_labels.py
[2023-12-27 14:17:01,769] {processor.py:613} INFO - Processing file /home/airflow/.local/lib/python3.6/site-packages/airflow/example_dags/example_branch_labels.py for tasks to queue
[2023-12-27 14:17:01,770] {logging_mixin.py:109} INFO - [2023-12-27 14:17:01,769] {dagbag.py:496} INFO - Filling up the DagBag from /home/airflow/.local/lib/python3.6/site-packages/airflow/example_dags/example_branch_labels.py
[2023-12-27 14:17:01,777] {processor.py:623} INFO - DAG(s) dict_keys(['example_branch_labels']) retrieved from /home/airflow/.local/lib/python3.6/site-packages/airflow/example_dags/example_branch_labels.py
[2023-12-27 14:17:01,795] {logging_mixin.py:109} INFO - [2023-12-27 14:17:01,795] {dag.py:1834} INFO - Sync 1 DAGs
[2023-12-27 14:17:01,810] {logging_mixin.py:109} INFO - [2023-12-27 14:17:01,810] {dag.py:2287} INFO - Setting next_dagrun for example_branch_labels to 2023-12-25 00:00:00+00:00
[2023-12-27 14:17:01,824] {processor.py:170} INFO - Processing /home/airflow/.local/lib/python3.6/site-packages/airflow/example_dags/example_branch_labels.py took 0.057 seconds
[2023-12-27 14:17:32,505] {processor.py:162} INFO - Started process (PID=1168) to work on /home/airflow/.local/lib/python3.6/site-packages/airflow/example_dags/example_branch_labels.py
[2023-12-27 14:17:32,507] {processor.py:613} INFO - Processing file /home/airflow/.local/lib/python3.6/site-packages/airflow/example_dags/example_branch_labels.py for tasks to queue
[2023-12-27 14:17:32,507] {logging_mixin.py:109} INFO - [2023-12-27 14:17:32,507] {dagbag.py:496} INFO - Filling up the DagBag from /home/airflow/.local/lib/python3.6/site-packages/airflow/example_dags/example_branch_labels.py
[2023-12-27 14:17:32,515] {processor.py:623} INFO - DAG(s) dict_keys(['example_branch_labels']) retrieved from /home/airflow/.local/lib/python3.6/site-packages/airflow/example_dags/example_branch_labels.py
[2023-12-27 14:17:32,537] {logging_mixin.py:109} INFO - [2023-12-27 14:17:32,537] {dag.py:1834} INFO - Sync 1 DAGs
[2023-12-27 14:17:32,552] {logging_mixin.py:109} INFO - [2023-12-27 14:17:32,552] {dag.py:2287} INFO - Setting next_dagrun for example_branch_labels to 2023-12-25 00:00:00+00:00
[2023-12-27 14:17:32,562] {processor.py:170} INFO - Processing /home/airflow/.local/lib/python3.6/site-packages/airflow/example_dags/example_branch_labels.py took 0.059 seconds
[2023-12-27 14:18:03,159] {processor.py:162} INFO - Started process (PID=1373) to work on /home/airflow/.local/lib/python3.6/site-packages/airflow/example_dags/example_branch_labels.py
[2023-12-27 14:18:03,161] {processor.py:613} INFO - Processing file /home/airflow/.local/lib/python3.6/site-packages/airflow/example_dags/example_branch_labels.py for tasks to queue
[2023-12-27 14:18:03,161] {logging_mixin.py:109} INFO - [2023-12-27 14:18:03,161] {dagbag.py:496} INFO - Filling up the DagBag from /home/airflow/.local/lib/python3.6/site-packages/airflow/example_dags/example_branch_labels.py
[2023-12-27 14:18:03,169] {processor.py:623} INFO - DAG(s) dict_keys(['example_branch_labels']) retrieved from /home/airflow/.local/lib/python3.6/site-packages/airflow/example_dags/example_branch_labels.py
[2023-12-27 14:18:03,187] {logging_mixin.py:109} INFO - [2023-12-27 14:18:03,187] {dag.py:1834} INFO - Sync 1 DAGs
[2023-12-27 14:18:03,202] {logging_mixin.py:109} INFO - [2023-12-27 14:18:03,201] {dag.py:2287} INFO - Setting next_dagrun for example_branch_labels to 2023-12-25 00:00:00+00:00
[2023-12-27 14:18:03,219] {processor.py:170} INFO - Processing /home/airflow/.local/lib/python3.6/site-packages/airflow/example_dags/example_branch_labels.py took 0.063 seconds
[2023-12-27 14:18:33,602] {processor.py:162} INFO - Started process (PID=1566) to work on /home/airflow/.local/lib/python3.6/site-packages/airflow/example_dags/example_branch_labels.py
[2023-12-27 14:18:33,602] {processor.py:613} INFO - Processing file /home/airflow/.local/lib/python3.6/site-packages/airflow/example_dags/example_branch_labels.py for tasks to queue
[2023-12-27 14:18:33,603] {logging_mixin.py:109} INFO - [2023-12-27 14:18:33,603] {dagbag.py:496} INFO - Filling up the DagBag from /home/airflow/.local/lib/python3.6/site-packages/airflow/example_dags/example_branch_labels.py
[2023-12-27 14:18:33,612] {processor.py:623} INFO - DAG(s) dict_keys(['example_branch_labels']) retrieved from /home/airflow/.local/lib/python3.6/site-packages/airflow/example_dags/example_branch_labels.py
[2023-12-27 14:18:33,630] {logging_mixin.py:109} INFO - [2023-12-27 14:18:33,629] {dag.py:1834} INFO - Sync 1 DAGs
[2023-12-27 14:18:33,643] {logging_mixin.py:109} INFO - [2023-12-27 14:18:33,643] {dag.py:2287} INFO - Setting next_dagrun for example_branch_labels to 2023-12-25 00:00:00+00:00
[2023-12-27 14:18:33,652] {processor.py:170} INFO - Processing /home/airflow/.local/lib/python3.6/site-packages/airflow/example_dags/example_branch_labels.py took 0.052 seconds
[2023-12-27 14:19:04,285] {processor.py:162} INFO - Started process (PID=1776) to work on /home/airflow/.local/lib/python3.6/site-packages/airflow/example_dags/example_branch_labels.py
[2023-12-27 14:19:04,287] {processor.py:613} INFO - Processing file /home/airflow/.local/lib/python3.6/site-packages/airflow/example_dags/example_branch_labels.py for tasks to queue
[2023-12-27 14:19:04,288] {logging_mixin.py:109} INFO - [2023-12-27 14:19:04,287] {dagbag.py:496} INFO - Filling up the DagBag from /home/airflow/.local/lib/python3.6/site-packages/airflow/example_dags/example_branch_labels.py
[2023-12-27 14:19:04,299] {processor.py:623} INFO - DAG(s) dict_keys(['example_branch_labels']) retrieved from /home/airflow/.local/lib/python3.6/site-packages/airflow/example_dags/example_branch_labels.py
[2023-12-27 14:19:04,320] {logging_mixin.py:109} INFO - [2023-12-27 14:19:04,320] {dag.py:1834} INFO - Sync 1 DAGs
[2023-12-27 14:19:04,348] {logging_mixin.py:109} INFO - [2023-12-27 14:19:04,348] {dag.py:2287} INFO - Setting next_dagrun for example_branch_labels to 2023-12-25 00:00:00+00:00
[2023-12-27 14:19:04,375] {processor.py:170} INFO - Processing /home/airflow/.local/lib/python3.6/site-packages/airflow/example_dags/example_branch_labels.py took 0.091 seconds
