[2023-12-27 14:15:29,733] {processor.py:162} INFO - Started process (PID=222) to work on /home/airflow/.local/lib/python3.6/site-packages/airflow/example_dags/example_kubernetes_executor_config.py
[2023-12-27 14:15:29,733] {processor.py:613} INFO - Processing file /home/airflow/.local/lib/python3.6/site-packages/airflow/example_dags/example_kubernetes_executor_config.py for tasks to queue
[2023-12-27 14:15:29,734] {logging_mixin.py:109} INFO - [2023-12-27 14:15:29,734] {dagbag.py:496} INFO - Filling up the DagBag from /home/airflow/.local/lib/python3.6/site-packages/airflow/example_dags/example_kubernetes_executor_config.py
[2023-12-27 14:15:29,743] {processor.py:623} INFO - DAG(s) dict_keys(['example_kubernetes_executor_config']) retrieved from /home/airflow/.local/lib/python3.6/site-packages/airflow/example_dags/example_kubernetes_executor_config.py
[2023-12-27 14:15:29,888] {logging_mixin.py:109} INFO - [2023-12-27 14:15:29,888] {dag.py:1834} INFO - Sync 1 DAGs
[2023-12-27 14:15:29,897] {logging_mixin.py:109} INFO - [2023-12-27 14:15:29,897] {dag.py:2287} INFO - Setting next_dagrun for example_kubernetes_executor_config to None
[2023-12-27 14:15:29,909] {processor.py:170} INFO - Processing /home/airflow/.local/lib/python3.6/site-packages/airflow/example_dags/example_kubernetes_executor_config.py took 0.178 seconds
[2023-12-27 14:16:00,646] {processor.py:162} INFO - Started process (PID=428) to work on /home/airflow/.local/lib/python3.6/site-packages/airflow/example_dags/example_kubernetes_executor_config.py
[2023-12-27 14:16:00,647] {processor.py:613} INFO - Processing file /home/airflow/.local/lib/python3.6/site-packages/airflow/example_dags/example_kubernetes_executor_config.py for tasks to queue
[2023-12-27 14:16:00,648] {logging_mixin.py:109} INFO - [2023-12-27 14:16:00,648] {dagbag.py:496} INFO - Filling up the DagBag from /home/airflow/.local/lib/python3.6/site-packages/airflow/example_dags/example_kubernetes_executor_config.py
[2023-12-27 14:16:00,659] {processor.py:623} INFO - DAG(s) dict_keys(['example_kubernetes_executor_config']) retrieved from /home/airflow/.local/lib/python3.6/site-packages/airflow/example_dags/example_kubernetes_executor_config.py
[2023-12-27 14:16:00,677] {logging_mixin.py:109} INFO - [2023-12-27 14:16:00,677] {dag.py:1834} INFO - Sync 1 DAGs
[2023-12-27 14:16:00,687] {logging_mixin.py:109} INFO - [2023-12-27 14:16:00,687] {dag.py:2287} INFO - Setting next_dagrun for example_kubernetes_executor_config to None
[2023-12-27 14:16:00,698] {processor.py:170} INFO - Processing /home/airflow/.local/lib/python3.6/site-packages/airflow/example_dags/example_kubernetes_executor_config.py took 0.054 seconds
[2023-12-27 14:16:31,445] {processor.py:162} INFO - Started process (PID=703) to work on /home/airflow/.local/lib/python3.6/site-packages/airflow/example_dags/example_kubernetes_executor_config.py
[2023-12-27 14:16:31,446] {processor.py:613} INFO - Processing file /home/airflow/.local/lib/python3.6/site-packages/airflow/example_dags/example_kubernetes_executor_config.py for tasks to queue
[2023-12-27 14:16:31,447] {logging_mixin.py:109} INFO - [2023-12-27 14:16:31,447] {dagbag.py:496} INFO - Filling up the DagBag from /home/airflow/.local/lib/python3.6/site-packages/airflow/example_dags/example_kubernetes_executor_config.py
[2023-12-27 14:16:31,457] {processor.py:623} INFO - DAG(s) dict_keys(['example_kubernetes_executor_config']) retrieved from /home/airflow/.local/lib/python3.6/site-packages/airflow/example_dags/example_kubernetes_executor_config.py
[2023-12-27 14:16:31,476] {logging_mixin.py:109} INFO - [2023-12-27 14:16:31,476] {dag.py:1834} INFO - Sync 1 DAGs
[2023-12-27 14:16:31,486] {logging_mixin.py:109} INFO - [2023-12-27 14:16:31,486] {dag.py:2287} INFO - Setting next_dagrun for example_kubernetes_executor_config to None
[2023-12-27 14:16:31,496] {processor.py:170} INFO - Processing /home/airflow/.local/lib/python3.6/site-packages/airflow/example_dags/example_kubernetes_executor_config.py took 0.053 seconds
[2023-12-27 14:17:02,252] {processor.py:162} INFO - Started process (PID=980) to work on /home/airflow/.local/lib/python3.6/site-packages/airflow/example_dags/example_kubernetes_executor_config.py
[2023-12-27 14:17:02,257] {processor.py:613} INFO - Processing file /home/airflow/.local/lib/python3.6/site-packages/airflow/example_dags/example_kubernetes_executor_config.py for tasks to queue
[2023-12-27 14:17:02,260] {logging_mixin.py:109} INFO - [2023-12-27 14:17:02,259] {dagbag.py:496} INFO - Filling up the DagBag from /home/airflow/.local/lib/python3.6/site-packages/airflow/example_dags/example_kubernetes_executor_config.py
[2023-12-27 14:17:02,274] {processor.py:623} INFO - DAG(s) dict_keys(['example_kubernetes_executor_config']) retrieved from /home/airflow/.local/lib/python3.6/site-packages/airflow/example_dags/example_kubernetes_executor_config.py
[2023-12-27 14:17:02,302] {logging_mixin.py:109} INFO - [2023-12-27 14:17:02,302] {dag.py:1834} INFO - Sync 1 DAGs
[2023-12-27 14:17:02,313] {logging_mixin.py:109} INFO - [2023-12-27 14:17:02,313] {dag.py:2287} INFO - Setting next_dagrun for example_kubernetes_executor_config to None
[2023-12-27 14:17:02,323] {processor.py:170} INFO - Processing /home/airflow/.local/lib/python3.6/site-packages/airflow/example_dags/example_kubernetes_executor_config.py took 0.081 seconds
[2023-12-27 14:17:32,949] {processor.py:162} INFO - Started process (PID=1204) to work on /home/airflow/.local/lib/python3.6/site-packages/airflow/example_dags/example_kubernetes_executor_config.py
[2023-12-27 14:17:32,950] {processor.py:613} INFO - Processing file /home/airflow/.local/lib/python3.6/site-packages/airflow/example_dags/example_kubernetes_executor_config.py for tasks to queue
[2023-12-27 14:17:32,951] {logging_mixin.py:109} INFO - [2023-12-27 14:17:32,950] {dagbag.py:496} INFO - Filling up the DagBag from /home/airflow/.local/lib/python3.6/site-packages/airflow/example_dags/example_kubernetes_executor_config.py
[2023-12-27 14:17:32,961] {processor.py:623} INFO - DAG(s) dict_keys(['example_kubernetes_executor_config']) retrieved from /home/airflow/.local/lib/python3.6/site-packages/airflow/example_dags/example_kubernetes_executor_config.py
[2023-12-27 14:17:32,979] {logging_mixin.py:109} INFO - [2023-12-27 14:17:32,979] {dag.py:1834} INFO - Sync 1 DAGs
[2023-12-27 14:17:32,989] {logging_mixin.py:109} INFO - [2023-12-27 14:17:32,989] {dag.py:2287} INFO - Setting next_dagrun for example_kubernetes_executor_config to None
[2023-12-27 14:17:33,000] {processor.py:170} INFO - Processing /home/airflow/.local/lib/python3.6/site-packages/airflow/example_dags/example_kubernetes_executor_config.py took 0.053 seconds
[2023-12-27 14:18:03,615] {processor.py:162} INFO - Started process (PID=1409) to work on /home/airflow/.local/lib/python3.6/site-packages/airflow/example_dags/example_kubernetes_executor_config.py
[2023-12-27 14:18:03,616] {processor.py:613} INFO - Processing file /home/airflow/.local/lib/python3.6/site-packages/airflow/example_dags/example_kubernetes_executor_config.py for tasks to queue
[2023-12-27 14:18:03,617] {logging_mixin.py:109} INFO - [2023-12-27 14:18:03,617] {dagbag.py:496} INFO - Filling up the DagBag from /home/airflow/.local/lib/python3.6/site-packages/airflow/example_dags/example_kubernetes_executor_config.py
[2023-12-27 14:18:03,625] {processor.py:623} INFO - DAG(s) dict_keys(['example_kubernetes_executor_config']) retrieved from /home/airflow/.local/lib/python3.6/site-packages/airflow/example_dags/example_kubernetes_executor_config.py
[2023-12-27 14:18:03,645] {logging_mixin.py:109} INFO - [2023-12-27 14:18:03,645] {dag.py:1834} INFO - Sync 1 DAGs
[2023-12-27 14:18:03,655] {logging_mixin.py:109} INFO - [2023-12-27 14:18:03,655] {dag.py:2287} INFO - Setting next_dagrun for example_kubernetes_executor_config to None
[2023-12-27 14:18:03,666] {processor.py:170} INFO - Processing /home/airflow/.local/lib/python3.6/site-packages/airflow/example_dags/example_kubernetes_executor_config.py took 0.053 seconds
[2023-12-27 14:18:33,915] {processor.py:162} INFO - Started process (PID=1604) to work on /home/airflow/.local/lib/python3.6/site-packages/airflow/example_dags/example_kubernetes_executor_config.py
[2023-12-27 14:18:33,916] {processor.py:613} INFO - Processing file /home/airflow/.local/lib/python3.6/site-packages/airflow/example_dags/example_kubernetes_executor_config.py for tasks to queue
[2023-12-27 14:18:33,916] {logging_mixin.py:109} INFO - [2023-12-27 14:18:33,916] {dagbag.py:496} INFO - Filling up the DagBag from /home/airflow/.local/lib/python3.6/site-packages/airflow/example_dags/example_kubernetes_executor_config.py
[2023-12-27 14:18:33,926] {processor.py:623} INFO - DAG(s) dict_keys(['example_kubernetes_executor_config']) retrieved from /home/airflow/.local/lib/python3.6/site-packages/airflow/example_dags/example_kubernetes_executor_config.py
[2023-12-27 14:18:33,943] {logging_mixin.py:109} INFO - [2023-12-27 14:18:33,943] {dag.py:1834} INFO - Sync 1 DAGs
[2023-12-27 14:18:33,954] {logging_mixin.py:109} INFO - [2023-12-27 14:18:33,954] {dag.py:2287} INFO - Setting next_dagrun for example_kubernetes_executor_config to None
[2023-12-27 14:18:33,963] {processor.py:170} INFO - Processing /home/airflow/.local/lib/python3.6/site-packages/airflow/example_dags/example_kubernetes_executor_config.py took 0.049 seconds
[2023-12-27 14:19:04,775] {processor.py:162} INFO - Started process (PID=1795) to work on /home/airflow/.local/lib/python3.6/site-packages/airflow/example_dags/example_kubernetes_executor_config.py
[2023-12-27 14:19:04,776] {processor.py:613} INFO - Processing file /home/airflow/.local/lib/python3.6/site-packages/airflow/example_dags/example_kubernetes_executor_config.py for tasks to queue
[2023-12-27 14:19:04,777] {logging_mixin.py:109} INFO - [2023-12-27 14:19:04,777] {dagbag.py:496} INFO - Filling up the DagBag from /home/airflow/.local/lib/python3.6/site-packages/airflow/example_dags/example_kubernetes_executor_config.py
[2023-12-27 14:19:04,789] {processor.py:623} INFO - DAG(s) dict_keys(['example_kubernetes_executor_config']) retrieved from /home/airflow/.local/lib/python3.6/site-packages/airflow/example_dags/example_kubernetes_executor_config.py
[2023-12-27 14:19:04,811] {logging_mixin.py:109} INFO - [2023-12-27 14:19:04,811] {dag.py:1834} INFO - Sync 1 DAGs
[2023-12-27 14:19:04,821] {logging_mixin.py:109} INFO - [2023-12-27 14:19:04,821] {dag.py:2287} INFO - Setting next_dagrun for example_kubernetes_executor_config to None
[2023-12-27 14:19:04,830] {processor.py:170} INFO - Processing /home/airflow/.local/lib/python3.6/site-packages/airflow/example_dags/example_kubernetes_executor_config.py took 0.058 seconds
