[2023-12-27 14:15:29,926] {processor.py:162} INFO - Started process (PID=232) to work on /home/airflow/.local/lib/python3.6/site-packages/airflow/example_dags/example_skip_dag.py
[2023-12-27 14:15:29,926] {processor.py:613} INFO - Processing file /home/airflow/.local/lib/python3.6/site-packages/airflow/example_dags/example_skip_dag.py for tasks to queue
[2023-12-27 14:15:29,927] {logging_mixin.py:109} INFO - [2023-12-27 14:15:29,927] {dagbag.py:496} INFO - Filling up the DagBag from /home/airflow/.local/lib/python3.6/site-packages/airflow/example_dags/example_skip_dag.py
[2023-12-27 14:15:29,934] {processor.py:623} INFO - DAG(s) dict_keys(['example_skip_dag']) retrieved from /home/airflow/.local/lib/python3.6/site-packages/airflow/example_dags/example_skip_dag.py
[2023-12-27 14:15:30,095] {logging_mixin.py:109} INFO - [2023-12-27 14:15:30,095] {dag.py:1834} INFO - Sync 1 DAGs
[2023-12-27 14:15:30,105] {logging_mixin.py:109} INFO - [2023-12-27 14:15:30,105] {dag.py:2287} INFO - Setting next_dagrun for example_skip_dag to 2023-12-25 00:00:00+00:00
[2023-12-27 14:15:30,117] {processor.py:170} INFO - Processing /home/airflow/.local/lib/python3.6/site-packages/airflow/example_dags/example_skip_dag.py took 0.194 seconds
[2023-12-27 14:16:00,715] {processor.py:162} INFO - Started process (PID=438) to work on /home/airflow/.local/lib/python3.6/site-packages/airflow/example_dags/example_skip_dag.py
[2023-12-27 14:16:00,716] {processor.py:613} INFO - Processing file /home/airflow/.local/lib/python3.6/site-packages/airflow/example_dags/example_skip_dag.py for tasks to queue
[2023-12-27 14:16:00,717] {logging_mixin.py:109} INFO - [2023-12-27 14:16:00,716] {dagbag.py:496} INFO - Filling up the DagBag from /home/airflow/.local/lib/python3.6/site-packages/airflow/example_dags/example_skip_dag.py
[2023-12-27 14:16:00,726] {processor.py:623} INFO - DAG(s) dict_keys(['example_skip_dag']) retrieved from /home/airflow/.local/lib/python3.6/site-packages/airflow/example_dags/example_skip_dag.py
[2023-12-27 14:16:00,744] {logging_mixin.py:109} INFO - [2023-12-27 14:16:00,744] {dag.py:1834} INFO - Sync 1 DAGs
[2023-12-27 14:16:00,755] {logging_mixin.py:109} INFO - [2023-12-27 14:16:00,754] {dag.py:2287} INFO - Setting next_dagrun for example_skip_dag to 2023-12-25 00:00:00+00:00
[2023-12-27 14:16:00,765] {processor.py:170} INFO - Processing /home/airflow/.local/lib/python3.6/site-packages/airflow/example_dags/example_skip_dag.py took 0.053 seconds
[2023-12-27 14:16:31,512] {processor.py:162} INFO - Started process (PID=714) to work on /home/airflow/.local/lib/python3.6/site-packages/airflow/example_dags/example_skip_dag.py
[2023-12-27 14:16:31,513] {processor.py:613} INFO - Processing file /home/airflow/.local/lib/python3.6/site-packages/airflow/example_dags/example_skip_dag.py for tasks to queue
[2023-12-27 14:16:31,514] {logging_mixin.py:109} INFO - [2023-12-27 14:16:31,514] {dagbag.py:496} INFO - Filling up the DagBag from /home/airflow/.local/lib/python3.6/site-packages/airflow/example_dags/example_skip_dag.py
[2023-12-27 14:16:31,522] {processor.py:623} INFO - DAG(s) dict_keys(['example_skip_dag']) retrieved from /home/airflow/.local/lib/python3.6/site-packages/airflow/example_dags/example_skip_dag.py
[2023-12-27 14:16:31,540] {logging_mixin.py:109} INFO - [2023-12-27 14:16:31,540] {dag.py:1834} INFO - Sync 1 DAGs
[2023-12-27 14:16:31,551] {logging_mixin.py:109} INFO - [2023-12-27 14:16:31,551] {dag.py:2287} INFO - Setting next_dagrun for example_skip_dag to 2023-12-25 00:00:00+00:00
[2023-12-27 14:16:31,562] {processor.py:170} INFO - Processing /home/airflow/.local/lib/python3.6/site-packages/airflow/example_dags/example_skip_dag.py took 0.051 seconds
[2023-12-27 14:17:02,339] {processor.py:162} INFO - Started process (PID=990) to work on /home/airflow/.local/lib/python3.6/site-packages/airflow/example_dags/example_skip_dag.py
[2023-12-27 14:17:02,341] {processor.py:613} INFO - Processing file /home/airflow/.local/lib/python3.6/site-packages/airflow/example_dags/example_skip_dag.py for tasks to queue
[2023-12-27 14:17:02,341] {logging_mixin.py:109} INFO - [2023-12-27 14:17:02,341] {dagbag.py:496} INFO - Filling up the DagBag from /home/airflow/.local/lib/python3.6/site-packages/airflow/example_dags/example_skip_dag.py
[2023-12-27 14:17:02,350] {processor.py:623} INFO - DAG(s) dict_keys(['example_skip_dag']) retrieved from /home/airflow/.local/lib/python3.6/site-packages/airflow/example_dags/example_skip_dag.py
[2023-12-27 14:17:02,368] {logging_mixin.py:109} INFO - [2023-12-27 14:17:02,368] {dag.py:1834} INFO - Sync 1 DAGs
[2023-12-27 14:17:02,378] {logging_mixin.py:109} INFO - [2023-12-27 14:17:02,378] {dag.py:2287} INFO - Setting next_dagrun for example_skip_dag to 2023-12-25 00:00:00+00:00
[2023-12-27 14:17:02,389] {processor.py:170} INFO - Processing /home/airflow/.local/lib/python3.6/site-packages/airflow/example_dags/example_skip_dag.py took 0.051 seconds
[2023-12-27 14:17:33,016] {processor.py:162} INFO - Started process (PID=1214) to work on /home/airflow/.local/lib/python3.6/site-packages/airflow/example_dags/example_skip_dag.py
[2023-12-27 14:17:33,018] {processor.py:613} INFO - Processing file /home/airflow/.local/lib/python3.6/site-packages/airflow/example_dags/example_skip_dag.py for tasks to queue
[2023-12-27 14:17:33,018] {logging_mixin.py:109} INFO - [2023-12-27 14:17:33,018] {dagbag.py:496} INFO - Filling up the DagBag from /home/airflow/.local/lib/python3.6/site-packages/airflow/example_dags/example_skip_dag.py
[2023-12-27 14:17:33,026] {processor.py:623} INFO - DAG(s) dict_keys(['example_skip_dag']) retrieved from /home/airflow/.local/lib/python3.6/site-packages/airflow/example_dags/example_skip_dag.py
[2023-12-27 14:17:33,043] {logging_mixin.py:109} INFO - [2023-12-27 14:17:33,043] {dag.py:1834} INFO - Sync 1 DAGs
[2023-12-27 14:17:33,054] {logging_mixin.py:109} INFO - [2023-12-27 14:17:33,054] {dag.py:2287} INFO - Setting next_dagrun for example_skip_dag to 2023-12-25 00:00:00+00:00
[2023-12-27 14:17:33,066] {processor.py:170} INFO - Processing /home/airflow/.local/lib/python3.6/site-packages/airflow/example_dags/example_skip_dag.py took 0.052 seconds
[2023-12-27 14:18:03,682] {processor.py:162} INFO - Started process (PID=1419) to work on /home/airflow/.local/lib/python3.6/site-packages/airflow/example_dags/example_skip_dag.py
[2023-12-27 14:18:03,684] {processor.py:613} INFO - Processing file /home/airflow/.local/lib/python3.6/site-packages/airflow/example_dags/example_skip_dag.py for tasks to queue
[2023-12-27 14:18:03,685] {logging_mixin.py:109} INFO - [2023-12-27 14:18:03,684] {dagbag.py:496} INFO - Filling up the DagBag from /home/airflow/.local/lib/python3.6/site-packages/airflow/example_dags/example_skip_dag.py
[2023-12-27 14:18:03,693] {processor.py:623} INFO - DAG(s) dict_keys(['example_skip_dag']) retrieved from /home/airflow/.local/lib/python3.6/site-packages/airflow/example_dags/example_skip_dag.py
[2023-12-27 14:18:03,712] {logging_mixin.py:109} INFO - [2023-12-27 14:18:03,711] {dag.py:1834} INFO - Sync 1 DAGs
[2023-12-27 14:18:03,723] {logging_mixin.py:109} INFO - [2023-12-27 14:18:03,722] {dag.py:2287} INFO - Setting next_dagrun for example_skip_dag to 2023-12-25 00:00:00+00:00
[2023-12-27 14:18:03,733] {processor.py:170} INFO - Processing /home/airflow/.local/lib/python3.6/site-packages/airflow/example_dags/example_skip_dag.py took 0.053 seconds
[2023-12-27 14:18:34,039] {processor.py:162} INFO - Started process (PID=1614) to work on /home/airflow/.local/lib/python3.6/site-packages/airflow/example_dags/example_skip_dag.py
[2023-12-27 14:18:34,040] {processor.py:613} INFO - Processing file /home/airflow/.local/lib/python3.6/site-packages/airflow/example_dags/example_skip_dag.py for tasks to queue
[2023-12-27 14:18:34,040] {logging_mixin.py:109} INFO - [2023-12-27 14:18:34,040] {dagbag.py:496} INFO - Filling up the DagBag from /home/airflow/.local/lib/python3.6/site-packages/airflow/example_dags/example_skip_dag.py
[2023-12-27 14:18:34,048] {processor.py:623} INFO - DAG(s) dict_keys(['example_skip_dag']) retrieved from /home/airflow/.local/lib/python3.6/site-packages/airflow/example_dags/example_skip_dag.py
[2023-12-27 14:18:34,064] {logging_mixin.py:109} INFO - [2023-12-27 14:18:34,064] {dag.py:1834} INFO - Sync 1 DAGs
[2023-12-27 14:18:34,076] {logging_mixin.py:109} INFO - [2023-12-27 14:18:34,076] {dag.py:2287} INFO - Setting next_dagrun for example_skip_dag to 2023-12-25 00:00:00+00:00
[2023-12-27 14:18:34,086] {processor.py:170} INFO - Processing /home/airflow/.local/lib/python3.6/site-packages/airflow/example_dags/example_skip_dag.py took 0.049 seconds
[2023-12-27 14:19:04,841] {processor.py:162} INFO - Started process (PID=1797) to work on /home/airflow/.local/lib/python3.6/site-packages/airflow/example_dags/example_skip_dag.py
[2023-12-27 14:19:04,842] {processor.py:613} INFO - Processing file /home/airflow/.local/lib/python3.6/site-packages/airflow/example_dags/example_skip_dag.py for tasks to queue
[2023-12-27 14:19:04,842] {logging_mixin.py:109} INFO - [2023-12-27 14:19:04,842] {dagbag.py:496} INFO - Filling up the DagBag from /home/airflow/.local/lib/python3.6/site-packages/airflow/example_dags/example_skip_dag.py
[2023-12-27 14:19:04,850] {processor.py:623} INFO - DAG(s) dict_keys(['example_skip_dag']) retrieved from /home/airflow/.local/lib/python3.6/site-packages/airflow/example_dags/example_skip_dag.py
[2023-12-27 14:19:04,867] {logging_mixin.py:109} INFO - [2023-12-27 14:19:04,867] {dag.py:1834} INFO - Sync 1 DAGs
[2023-12-27 14:19:04,878] {logging_mixin.py:109} INFO - [2023-12-27 14:19:04,878] {dag.py:2287} INFO - Setting next_dagrun for example_skip_dag to 2023-12-25 00:00:00+00:00
[2023-12-27 14:19:04,889] {processor.py:170} INFO - Processing /home/airflow/.local/lib/python3.6/site-packages/airflow/example_dags/example_skip_dag.py took 0.050 seconds
