[2023-12-27 14:15:29,845] {processor.py:162} INFO - Started process (PID=227) to work on /home/airflow/.local/lib/python3.6/site-packages/airflow/example_dags/tutorial_etl_dag.py
[2023-12-27 14:15:29,846] {processor.py:613} INFO - Processing file /home/airflow/.local/lib/python3.6/site-packages/airflow/example_dags/tutorial_etl_dag.py for tasks to queue
[2023-12-27 14:15:29,846] {logging_mixin.py:109} INFO - [2023-12-27 14:15:29,846] {dagbag.py:496} INFO - Filling up the DagBag from /home/airflow/.local/lib/python3.6/site-packages/airflow/example_dags/tutorial_etl_dag.py
[2023-12-27 14:15:29,854] {processor.py:623} INFO - DAG(s) dict_keys(['tutorial_etl_dag']) retrieved from /home/airflow/.local/lib/python3.6/site-packages/airflow/example_dags/tutorial_etl_dag.py
[2023-12-27 14:15:29,996] {logging_mixin.py:109} INFO - [2023-12-27 14:15:29,996] {dag.py:1834} INFO - Sync 1 DAGs
[2023-12-27 14:15:30,005] {logging_mixin.py:109} INFO - [2023-12-27 14:15:30,005] {dag.py:2287} INFO - Setting next_dagrun for tutorial_etl_dag to None
[2023-12-27 14:15:30,016] {processor.py:170} INFO - Processing /home/airflow/.local/lib/python3.6/site-packages/airflow/example_dags/tutorial_etl_dag.py took 0.173 seconds
[2023-12-27 14:16:00,659] {processor.py:162} INFO - Started process (PID=433) to work on /home/airflow/.local/lib/python3.6/site-packages/airflow/example_dags/tutorial_etl_dag.py
[2023-12-27 14:16:00,660] {processor.py:613} INFO - Processing file /home/airflow/.local/lib/python3.6/site-packages/airflow/example_dags/tutorial_etl_dag.py for tasks to queue
[2023-12-27 14:16:00,660] {logging_mixin.py:109} INFO - [2023-12-27 14:16:00,660] {dagbag.py:496} INFO - Filling up the DagBag from /home/airflow/.local/lib/python3.6/site-packages/airflow/example_dags/tutorial_etl_dag.py
[2023-12-27 14:16:00,669] {processor.py:623} INFO - DAG(s) dict_keys(['tutorial_etl_dag']) retrieved from /home/airflow/.local/lib/python3.6/site-packages/airflow/example_dags/tutorial_etl_dag.py
[2023-12-27 14:16:00,687] {logging_mixin.py:109} INFO - [2023-12-27 14:16:00,687] {dag.py:1834} INFO - Sync 1 DAGs
[2023-12-27 14:16:00,699] {logging_mixin.py:109} INFO - [2023-12-27 14:16:00,699] {dag.py:2287} INFO - Setting next_dagrun for tutorial_etl_dag to None
[2023-12-27 14:16:00,708] {processor.py:170} INFO - Processing /home/airflow/.local/lib/python3.6/site-packages/airflow/example_dags/tutorial_etl_dag.py took 0.051 seconds
[2023-12-27 14:16:31,452] {processor.py:162} INFO - Started process (PID=707) to work on /home/airflow/.local/lib/python3.6/site-packages/airflow/example_dags/tutorial_etl_dag.py
[2023-12-27 14:16:31,453] {processor.py:613} INFO - Processing file /home/airflow/.local/lib/python3.6/site-packages/airflow/example_dags/tutorial_etl_dag.py for tasks to queue
[2023-12-27 14:16:31,454] {logging_mixin.py:109} INFO - [2023-12-27 14:16:31,454] {dagbag.py:496} INFO - Filling up the DagBag from /home/airflow/.local/lib/python3.6/site-packages/airflow/example_dags/tutorial_etl_dag.py
[2023-12-27 14:16:31,463] {processor.py:623} INFO - DAG(s) dict_keys(['tutorial_etl_dag']) retrieved from /home/airflow/.local/lib/python3.6/site-packages/airflow/example_dags/tutorial_etl_dag.py
[2023-12-27 14:16:31,480] {logging_mixin.py:109} INFO - [2023-12-27 14:16:31,480] {dag.py:1834} INFO - Sync 1 DAGs
[2023-12-27 14:16:31,490] {logging_mixin.py:109} INFO - [2023-12-27 14:16:31,490] {dag.py:2287} INFO - Setting next_dagrun for tutorial_etl_dag to None
[2023-12-27 14:16:31,500] {processor.py:170} INFO - Processing /home/airflow/.local/lib/python3.6/site-packages/airflow/example_dags/tutorial_etl_dag.py took 0.050 seconds
[2023-12-27 14:17:02,275] {processor.py:162} INFO - Started process (PID=985) to work on /home/airflow/.local/lib/python3.6/site-packages/airflow/example_dags/tutorial_etl_dag.py
[2023-12-27 14:17:02,280] {processor.py:613} INFO - Processing file /home/airflow/.local/lib/python3.6/site-packages/airflow/example_dags/tutorial_etl_dag.py for tasks to queue
[2023-12-27 14:17:02,281] {logging_mixin.py:109} INFO - [2023-12-27 14:17:02,280] {dagbag.py:496} INFO - Filling up the DagBag from /home/airflow/.local/lib/python3.6/site-packages/airflow/example_dags/tutorial_etl_dag.py
[2023-12-27 14:17:02,294] {processor.py:623} INFO - DAG(s) dict_keys(['tutorial_etl_dag']) retrieved from /home/airflow/.local/lib/python3.6/site-packages/airflow/example_dags/tutorial_etl_dag.py
[2023-12-27 14:17:02,312] {logging_mixin.py:109} INFO - [2023-12-27 14:17:02,312] {dag.py:1834} INFO - Sync 1 DAGs
[2023-12-27 14:17:02,323] {logging_mixin.py:109} INFO - [2023-12-27 14:17:02,323] {dag.py:2287} INFO - Setting next_dagrun for tutorial_etl_dag to None
[2023-12-27 14:17:02,334] {processor.py:170} INFO - Processing /home/airflow/.local/lib/python3.6/site-packages/airflow/example_dags/tutorial_etl_dag.py took 0.061 seconds
[2023-12-27 14:17:32,963] {processor.py:162} INFO - Started process (PID=1209) to work on /home/airflow/.local/lib/python3.6/site-packages/airflow/example_dags/tutorial_etl_dag.py
[2023-12-27 14:17:32,964] {processor.py:613} INFO - Processing file /home/airflow/.local/lib/python3.6/site-packages/airflow/example_dags/tutorial_etl_dag.py for tasks to queue
[2023-12-27 14:17:32,965] {logging_mixin.py:109} INFO - [2023-12-27 14:17:32,964] {dagbag.py:496} INFO - Filling up the DagBag from /home/airflow/.local/lib/python3.6/site-packages/airflow/example_dags/tutorial_etl_dag.py
[2023-12-27 14:17:32,973] {processor.py:623} INFO - DAG(s) dict_keys(['tutorial_etl_dag']) retrieved from /home/airflow/.local/lib/python3.6/site-packages/airflow/example_dags/tutorial_etl_dag.py
[2023-12-27 14:17:32,989] {logging_mixin.py:109} INFO - [2023-12-27 14:17:32,989] {dag.py:1834} INFO - Sync 1 DAGs
[2023-12-27 14:17:33,000] {logging_mixin.py:109} INFO - [2023-12-27 14:17:33,000] {dag.py:2287} INFO - Setting next_dagrun for tutorial_etl_dag to None
[2023-12-27 14:17:33,010] {processor.py:170} INFO - Processing /home/airflow/.local/lib/python3.6/site-packages/airflow/example_dags/tutorial_etl_dag.py took 0.050 seconds
[2023-12-27 14:18:03,636] {processor.py:162} INFO - Started process (PID=1414) to work on /home/airflow/.local/lib/python3.6/site-packages/airflow/example_dags/tutorial_etl_dag.py
[2023-12-27 14:18:03,637] {processor.py:613} INFO - Processing file /home/airflow/.local/lib/python3.6/site-packages/airflow/example_dags/tutorial_etl_dag.py for tasks to queue
[2023-12-27 14:18:03,638] {logging_mixin.py:109} INFO - [2023-12-27 14:18:03,637] {dagbag.py:496} INFO - Filling up the DagBag from /home/airflow/.local/lib/python3.6/site-packages/airflow/example_dags/tutorial_etl_dag.py
[2023-12-27 14:18:03,645] {processor.py:623} INFO - DAG(s) dict_keys(['tutorial_etl_dag']) retrieved from /home/airflow/.local/lib/python3.6/site-packages/airflow/example_dags/tutorial_etl_dag.py
[2023-12-27 14:18:03,663] {logging_mixin.py:109} INFO - [2023-12-27 14:18:03,663] {dag.py:1834} INFO - Sync 1 DAGs
[2023-12-27 14:18:03,673] {logging_mixin.py:109} INFO - [2023-12-27 14:18:03,673] {dag.py:2287} INFO - Setting next_dagrun for tutorial_etl_dag to None
[2023-12-27 14:18:03,683] {processor.py:170} INFO - Processing /home/airflow/.local/lib/python3.6/site-packages/airflow/example_dags/tutorial_etl_dag.py took 0.050 seconds
[2023-12-27 14:18:33,979] {processor.py:162} INFO - Started process (PID=1609) to work on /home/airflow/.local/lib/python3.6/site-packages/airflow/example_dags/tutorial_etl_dag.py
[2023-12-27 14:18:33,980] {processor.py:613} INFO - Processing file /home/airflow/.local/lib/python3.6/site-packages/airflow/example_dags/tutorial_etl_dag.py for tasks to queue
[2023-12-27 14:18:33,980] {logging_mixin.py:109} INFO - [2023-12-27 14:18:33,980] {dagbag.py:496} INFO - Filling up the DagBag from /home/airflow/.local/lib/python3.6/site-packages/airflow/example_dags/tutorial_etl_dag.py
[2023-12-27 14:18:33,988] {processor.py:623} INFO - DAG(s) dict_keys(['tutorial_etl_dag']) retrieved from /home/airflow/.local/lib/python3.6/site-packages/airflow/example_dags/tutorial_etl_dag.py
[2023-12-27 14:18:34,004] {logging_mixin.py:109} INFO - [2023-12-27 14:18:34,003] {dag.py:1834} INFO - Sync 1 DAGs
[2023-12-27 14:18:34,013] {logging_mixin.py:109} INFO - [2023-12-27 14:18:34,013] {dag.py:2287} INFO - Setting next_dagrun for tutorial_etl_dag to None
[2023-12-27 14:18:34,022] {processor.py:170} INFO - Processing /home/airflow/.local/lib/python3.6/site-packages/airflow/example_dags/tutorial_etl_dag.py took 0.045 seconds
[2023-12-27 14:19:04,782] {processor.py:162} INFO - Started process (PID=1796) to work on /home/airflow/.local/lib/python3.6/site-packages/airflow/example_dags/tutorial_etl_dag.py
[2023-12-27 14:19:04,783] {processor.py:613} INFO - Processing file /home/airflow/.local/lib/python3.6/site-packages/airflow/example_dags/tutorial_etl_dag.py for tasks to queue
[2023-12-27 14:19:04,784] {logging_mixin.py:109} INFO - [2023-12-27 14:19:04,783] {dagbag.py:496} INFO - Filling up the DagBag from /home/airflow/.local/lib/python3.6/site-packages/airflow/example_dags/tutorial_etl_dag.py
[2023-12-27 14:19:04,795] {processor.py:623} INFO - DAG(s) dict_keys(['tutorial_etl_dag']) retrieved from /home/airflow/.local/lib/python3.6/site-packages/airflow/example_dags/tutorial_etl_dag.py
[2023-12-27 14:19:04,814] {logging_mixin.py:109} INFO - [2023-12-27 14:19:04,813] {dag.py:1834} INFO - Sync 1 DAGs
[2023-12-27 14:19:04,824] {logging_mixin.py:109} INFO - [2023-12-27 14:19:04,824] {dag.py:2287} INFO - Setting next_dagrun for tutorial_etl_dag to None
[2023-12-27 14:19:04,833] {processor.py:170} INFO - Processing /home/airflow/.local/lib/python3.6/site-packages/airflow/example_dags/tutorial_etl_dag.py took 0.053 seconds
