[2023-12-27 14:15:30,134] {processor.py:162} INFO - Started process (PID=242) to work on /home/airflow/.local/lib/python3.6/site-packages/airflow/example_dags/tutorial_taskflow_api_etl.py
[2023-12-27 14:15:30,135] {processor.py:613} INFO - Processing file /home/airflow/.local/lib/python3.6/site-packages/airflow/example_dags/tutorial_taskflow_api_etl.py for tasks to queue
[2023-12-27 14:15:30,136] {logging_mixin.py:109} INFO - [2023-12-27 14:15:30,135] {dagbag.py:496} INFO - Filling up the DagBag from /home/airflow/.local/lib/python3.6/site-packages/airflow/example_dags/tutorial_taskflow_api_etl.py
[2023-12-27 14:15:30,147] {processor.py:623} INFO - DAG(s) dict_keys(['tutorial_taskflow_api_etl']) retrieved from /home/airflow/.local/lib/python3.6/site-packages/airflow/example_dags/tutorial_taskflow_api_etl.py
[2023-12-27 14:15:30,308] {logging_mixin.py:109} INFO - [2023-12-27 14:15:30,308] {dag.py:1834} INFO - Sync 1 DAGs
[2023-12-27 14:15:30,319] {logging_mixin.py:109} INFO - [2023-12-27 14:15:30,319] {dag.py:2287} INFO - Setting next_dagrun for tutorial_taskflow_api_etl to None
[2023-12-27 14:15:30,331] {processor.py:170} INFO - Processing /home/airflow/.local/lib/python3.6/site-packages/airflow/example_dags/tutorial_taskflow_api_etl.py took 0.199 seconds
[2023-12-27 14:16:00,780] {processor.py:162} INFO - Started process (PID=448) to work on /home/airflow/.local/lib/python3.6/site-packages/airflow/example_dags/tutorial_taskflow_api_etl.py
[2023-12-27 14:16:00,782] {processor.py:613} INFO - Processing file /home/airflow/.local/lib/python3.6/site-packages/airflow/example_dags/tutorial_taskflow_api_etl.py for tasks to queue
[2023-12-27 14:16:00,782] {logging_mixin.py:109} INFO - [2023-12-27 14:16:00,782] {dagbag.py:496} INFO - Filling up the DagBag from /home/airflow/.local/lib/python3.6/site-packages/airflow/example_dags/tutorial_taskflow_api_etl.py
[2023-12-27 14:16:00,795] {processor.py:623} INFO - DAG(s) dict_keys(['tutorial_taskflow_api_etl']) retrieved from /home/airflow/.local/lib/python3.6/site-packages/airflow/example_dags/tutorial_taskflow_api_etl.py
[2023-12-27 14:16:00,967] {logging_mixin.py:109} INFO - [2023-12-27 14:16:00,967] {dag.py:1834} INFO - Sync 1 DAGs
[2023-12-27 14:16:00,978] {logging_mixin.py:109} INFO - [2023-12-27 14:16:00,978] {dag.py:2287} INFO - Setting next_dagrun for tutorial_taskflow_api_etl to None
[2023-12-27 14:16:00,988] {processor.py:170} INFO - Processing /home/airflow/.local/lib/python3.6/site-packages/airflow/example_dags/tutorial_taskflow_api_etl.py took 0.210 seconds
[2023-12-27 14:16:31,719] {processor.py:162} INFO - Started process (PID=734) to work on /home/airflow/.local/lib/python3.6/site-packages/airflow/example_dags/tutorial_taskflow_api_etl.py
[2023-12-27 14:16:31,720] {processor.py:613} INFO - Processing file /home/airflow/.local/lib/python3.6/site-packages/airflow/example_dags/tutorial_taskflow_api_etl.py for tasks to queue
[2023-12-27 14:16:31,721] {logging_mixin.py:109} INFO - [2023-12-27 14:16:31,721] {dagbag.py:496} INFO - Filling up the DagBag from /home/airflow/.local/lib/python3.6/site-packages/airflow/example_dags/tutorial_taskflow_api_etl.py
[2023-12-27 14:16:31,733] {processor.py:623} INFO - DAG(s) dict_keys(['tutorial_taskflow_api_etl']) retrieved from /home/airflow/.local/lib/python3.6/site-packages/airflow/example_dags/tutorial_taskflow_api_etl.py
[2023-12-27 14:16:31,897] {logging_mixin.py:109} INFO - [2023-12-27 14:16:31,896] {dag.py:1834} INFO - Sync 1 DAGs
[2023-12-27 14:16:31,906] {logging_mixin.py:109} INFO - [2023-12-27 14:16:31,906] {dag.py:2287} INFO - Setting next_dagrun for tutorial_taskflow_api_etl to None
[2023-12-27 14:16:31,916] {processor.py:170} INFO - Processing /home/airflow/.local/lib/python3.6/site-packages/airflow/example_dags/tutorial_taskflow_api_etl.py took 0.200 seconds
[2023-12-27 14:17:02,476] {processor.py:162} INFO - Started process (PID=1010) to work on /home/airflow/.local/lib/python3.6/site-packages/airflow/example_dags/tutorial_taskflow_api_etl.py
[2023-12-27 14:17:02,477] {processor.py:613} INFO - Processing file /home/airflow/.local/lib/python3.6/site-packages/airflow/example_dags/tutorial_taskflow_api_etl.py for tasks to queue
[2023-12-27 14:17:02,478] {logging_mixin.py:109} INFO - [2023-12-27 14:17:02,478] {dagbag.py:496} INFO - Filling up the DagBag from /home/airflow/.local/lib/python3.6/site-packages/airflow/example_dags/tutorial_taskflow_api_etl.py
[2023-12-27 14:17:02,493] {processor.py:623} INFO - DAG(s) dict_keys(['tutorial_taskflow_api_etl']) retrieved from /home/airflow/.local/lib/python3.6/site-packages/airflow/example_dags/tutorial_taskflow_api_etl.py
[2023-12-27 14:17:02,653] {logging_mixin.py:109} INFO - [2023-12-27 14:17:02,653] {dag.py:1834} INFO - Sync 1 DAGs
[2023-12-27 14:17:02,663] {logging_mixin.py:109} INFO - [2023-12-27 14:17:02,663] {dag.py:2287} INFO - Setting next_dagrun for tutorial_taskflow_api_etl to None
[2023-12-27 14:17:02,675] {processor.py:170} INFO - Processing /home/airflow/.local/lib/python3.6/site-packages/airflow/example_dags/tutorial_taskflow_api_etl.py took 0.200 seconds
[2023-12-27 14:17:33,149] {processor.py:162} INFO - Started process (PID=1234) to work on /home/airflow/.local/lib/python3.6/site-packages/airflow/example_dags/tutorial_taskflow_api_etl.py
[2023-12-27 14:17:33,150] {processor.py:613} INFO - Processing file /home/airflow/.local/lib/python3.6/site-packages/airflow/example_dags/tutorial_taskflow_api_etl.py for tasks to queue
[2023-12-27 14:17:33,151] {logging_mixin.py:109} INFO - [2023-12-27 14:17:33,151] {dagbag.py:496} INFO - Filling up the DagBag from /home/airflow/.local/lib/python3.6/site-packages/airflow/example_dags/tutorial_taskflow_api_etl.py
[2023-12-27 14:17:33,163] {processor.py:623} INFO - DAG(s) dict_keys(['tutorial_taskflow_api_etl']) retrieved from /home/airflow/.local/lib/python3.6/site-packages/airflow/example_dags/tutorial_taskflow_api_etl.py
[2023-12-27 14:17:33,312] {logging_mixin.py:109} INFO - [2023-12-27 14:17:33,311] {dag.py:1834} INFO - Sync 1 DAGs
[2023-12-27 14:17:33,322] {logging_mixin.py:109} INFO - [2023-12-27 14:17:33,322] {dag.py:2287} INFO - Setting next_dagrun for tutorial_taskflow_api_etl to None
[2023-12-27 14:17:33,334] {processor.py:170} INFO - Processing /home/airflow/.local/lib/python3.6/site-packages/airflow/example_dags/tutorial_taskflow_api_etl.py took 0.186 seconds
[2023-12-27 14:18:03,763] {processor.py:162} INFO - Started process (PID=1434) to work on /home/airflow/.local/lib/python3.6/site-packages/airflow/example_dags/tutorial_taskflow_api_etl.py
[2023-12-27 14:18:03,765] {processor.py:613} INFO - Processing file /home/airflow/.local/lib/python3.6/site-packages/airflow/example_dags/tutorial_taskflow_api_etl.py for tasks to queue
[2023-12-27 14:18:03,765] {logging_mixin.py:109} INFO - [2023-12-27 14:18:03,765] {dagbag.py:496} INFO - Filling up the DagBag from /home/airflow/.local/lib/python3.6/site-packages/airflow/example_dags/tutorial_taskflow_api_etl.py
[2023-12-27 14:18:03,776] {processor.py:623} INFO - DAG(s) dict_keys(['tutorial_taskflow_api_etl']) retrieved from /home/airflow/.local/lib/python3.6/site-packages/airflow/example_dags/tutorial_taskflow_api_etl.py
[2023-12-27 14:18:03,792] {logging_mixin.py:109} INFO - [2023-12-27 14:18:03,792] {dag.py:1834} INFO - Sync 1 DAGs
[2023-12-27 14:18:03,802] {logging_mixin.py:109} INFO - [2023-12-27 14:18:03,802] {dag.py:2287} INFO - Setting next_dagrun for tutorial_taskflow_api_etl to None
[2023-12-27 14:18:03,812] {processor.py:170} INFO - Processing /home/airflow/.local/lib/python3.6/site-packages/airflow/example_dags/tutorial_taskflow_api_etl.py took 0.050 seconds
[2023-12-27 14:18:34,161] {processor.py:162} INFO - Started process (PID=1624) to work on /home/airflow/.local/lib/python3.6/site-packages/airflow/example_dags/tutorial_taskflow_api_etl.py
[2023-12-27 14:18:34,161] {processor.py:613} INFO - Processing file /home/airflow/.local/lib/python3.6/site-packages/airflow/example_dags/tutorial_taskflow_api_etl.py for tasks to queue
[2023-12-27 14:18:34,162] {logging_mixin.py:109} INFO - [2023-12-27 14:18:34,162] {dagbag.py:496} INFO - Filling up the DagBag from /home/airflow/.local/lib/python3.6/site-packages/airflow/example_dags/tutorial_taskflow_api_etl.py
[2023-12-27 14:18:34,173] {processor.py:623} INFO - DAG(s) dict_keys(['tutorial_taskflow_api_etl']) retrieved from /home/airflow/.local/lib/python3.6/site-packages/airflow/example_dags/tutorial_taskflow_api_etl.py
[2023-12-27 14:18:34,326] {logging_mixin.py:109} INFO - [2023-12-27 14:18:34,326] {dag.py:1834} INFO - Sync 1 DAGs
[2023-12-27 14:18:34,335] {logging_mixin.py:109} INFO - [2023-12-27 14:18:34,335] {dag.py:2287} INFO - Setting next_dagrun for tutorial_taskflow_api_etl to None
[2023-12-27 14:18:34,347] {processor.py:170} INFO - Processing /home/airflow/.local/lib/python3.6/site-packages/airflow/example_dags/tutorial_taskflow_api_etl.py took 0.188 seconds
