[2024-03-28 18:17:22,043] {taskinstance.py:903} INFO - Dependencies all met for <TaskInstance: meeting_project492.merge_data 2024-03-28T18:17:11.529376+00:00 [queued]>
[2024-03-28 18:17:22,054] {taskinstance.py:903} INFO - Dependencies all met for <TaskInstance: meeting_project492.merge_data 2024-03-28T18:17:11.529376+00:00 [queued]>
[2024-03-28 18:17:22,054] {taskinstance.py:1095} INFO - 
--------------------------------------------------------------------------------
[2024-03-28 18:17:22,054] {taskinstance.py:1096} INFO - Starting attempt 1 of 1
[2024-03-28 18:17:22,054] {taskinstance.py:1097} INFO - 
--------------------------------------------------------------------------------
[2024-03-28 18:17:22,068] {taskinstance.py:1115} INFO - Executing <Task(PythonOperator): merge_data> on 2024-03-28T18:17:11.529376+00:00
[2024-03-28 18:17:22,073] {standard_task_runner.py:52} INFO - Started process 1248 to run task
[2024-03-28 18:17:22,075] {standard_task_runner.py:76} INFO - Running: ['***', 'tasks', 'run', 'meeting_project492', 'merge_data', '2024-03-28T18:17:11.529376+00:00', '--job-id', '729', '--pool', 'default_pool', '--raw', '--subdir', 'DAGS_FOLDER/first_dag.py', '--cfg-path', '/tmp/tmpvuizql0z', '--error-file', '/tmp/tmpp0j0qc2i']
[2024-03-28 18:17:22,077] {standard_task_runner.py:77} INFO - Job 729: Subtask merge_data
[2024-03-28 18:17:22,112] {logging_mixin.py:109} INFO - Running <TaskInstance: meeting_project492.merge_data 2024-03-28T18:17:11.529376+00:00 [running]> on host 322f1435f697
[2024-03-28 18:17:22,164] {taskinstance.py:1254} INFO - Exporting the following env vars:
AIRFLOW_CTX_DAG_OWNER=***
AIRFLOW_CTX_DAG_ID=meeting_project492
AIRFLOW_CTX_TASK_ID=merge_data
AIRFLOW_CTX_EXECUTION_DATE=2024-03-28T18:17:11.529376+00:00
AIRFLOW_CTX_DAG_RUN_ID=manual__2024-03-28T18:17:11.529376+00:00
[2024-03-28 18:17:22,204] {python.py:151} INFO - Done. Returned value was: None
[2024-03-28 18:17:22,213] {taskinstance.py:1219} INFO - Marking task as SUCCESS. dag_id=meeting_project492, task_id=merge_data, execution_date=20240328T181711, start_date=20240328T181722, end_date=20240328T181722
[2024-03-28 18:17:22,248] {local_task_job.py:151} INFO - Task exited with return code 0
[2024-03-28 18:17:22,267] {local_task_job.py:261} INFO - 0 downstream tasks scheduled from follow-on schedule check
