[2024-03-11 04:29:04,306] {taskinstance.py:903} INFO - Dependencies all met for <TaskInstance: meeting_project492.fetch_comment 2024-03-11T04:29:02.470307+00:00 [queued]>
[2024-03-11 04:29:04,322] {taskinstance.py:903} INFO - Dependencies all met for <TaskInstance: meeting_project492.fetch_comment 2024-03-11T04:29:02.470307+00:00 [queued]>
[2024-03-11 04:29:04,323] {taskinstance.py:1095} INFO - 
--------------------------------------------------------------------------------
[2024-03-11 04:29:04,323] {taskinstance.py:1096} INFO - Starting attempt 1 of 1
[2024-03-11 04:29:04,323] {taskinstance.py:1097} INFO - 
--------------------------------------------------------------------------------
[2024-03-11 04:29:04,344] {taskinstance.py:1115} INFO - Executing <Task(PythonOperator): fetch_comment> on 2024-03-11T04:29:02.470307+00:00
[2024-03-11 04:29:04,350] {standard_task_runner.py:52} INFO - Started process 2139 to run task
[2024-03-11 04:29:04,356] {standard_task_runner.py:76} INFO - Running: ['***', 'tasks', 'run', 'meeting_project492', 'fetch_comment', '2024-03-11T04:29:02.470307+00:00', '--job-id', '602', '--pool', 'default_pool', '--raw', '--subdir', 'DAGS_FOLDER/first_dag.py', '--cfg-path', '/tmp/tmpjwqo4k35', '--error-file', '/tmp/tmp7z76e827']
[2024-03-11 04:29:04,361] {standard_task_runner.py:77} INFO - Job 602: Subtask fetch_comment
[2024-03-11 04:29:04,415] {logging_mixin.py:109} INFO - Running <TaskInstance: meeting_project492.fetch_comment 2024-03-11T04:29:02.470307+00:00 [running]> on host 5fe9ddfe21b9
[2024-03-11 04:29:04,483] {taskinstance.py:1254} INFO - Exporting the following env vars:
AIRFLOW_CTX_DAG_OWNER=***
AIRFLOW_CTX_DAG_ID=meeting_project492
AIRFLOW_CTX_TASK_ID=fetch_comment
AIRFLOW_CTX_EXECUTION_DATE=2024-03-11T04:29:02.470307+00:00
AIRFLOW_CTX_DAG_RUN_ID=manual__2024-03-11T04:29:02.470307+00:00
[2024-03-11 04:29:05,590] {logging_mixin.py:109} INFO - Output to /home/tnanun/***-meet/data/data_com.csv yoyoyoyoyoyo
[2024-03-11 04:29:05,590] {python.py:151} INFO - Done. Returned value was: None
[2024-03-11 04:29:05,601] {taskinstance.py:1219} INFO - Marking task as SUCCESS. dag_id=meeting_project492, task_id=fetch_comment, execution_date=20240311T042902, start_date=20240311T042904, end_date=20240311T042905
[2024-03-11 04:29:05,651] {local_task_job.py:151} INFO - Task exited with return code 0
[2024-03-11 04:29:05,700] {local_task_job.py:261} INFO - 1 downstream tasks scheduled from follow-on schedule check
