[2024-03-11 02:30:47,853] {taskinstance.py:903} INFO - Dependencies all met for <TaskInstance: meeting_project492.clean_meeting 2024-03-11T02:30:43.192787+00:00 [queued]>
[2024-03-11 02:30:47,869] {taskinstance.py:903} INFO - Dependencies all met for <TaskInstance: meeting_project492.clean_meeting 2024-03-11T02:30:43.192787+00:00 [queued]>
[2024-03-11 02:30:47,870] {taskinstance.py:1095} INFO - 
--------------------------------------------------------------------------------
[2024-03-11 02:30:47,870] {taskinstance.py:1096} INFO - Starting attempt 1 of 1
[2024-03-11 02:30:47,870] {taskinstance.py:1097} INFO - 
--------------------------------------------------------------------------------
[2024-03-11 02:30:47,880] {taskinstance.py:1115} INFO - Executing <Task(PythonOperator): clean_meeting> on 2024-03-11T02:30:43.192787+00:00
[2024-03-11 02:30:47,886] {standard_task_runner.py:52} INFO - Started process 9630 to run task
[2024-03-11 02:30:47,888] {standard_task_runner.py:76} INFO - Running: ['***', 'tasks', 'run', 'meeting_project492', 'clean_meeting', '2024-03-11T02:30:43.192787+00:00', '--job-id', '485', '--pool', 'default_pool', '--raw', '--subdir', 'DAGS_FOLDER/first_dag.py', '--cfg-path', '/tmp/tmp5zn_fzjb', '--error-file', '/tmp/tmp0g93mmhw']
[2024-03-11 02:30:47,892] {standard_task_runner.py:77} INFO - Job 485: Subtask clean_meeting
[2024-03-11 02:30:47,932] {logging_mixin.py:109} INFO - Running <TaskInstance: meeting_project492.clean_meeting 2024-03-11T02:30:43.192787+00:00 [running]> on host fe457b6d1f83
[2024-03-11 02:30:47,991] {taskinstance.py:1254} INFO - Exporting the following env vars:
AIRFLOW_CTX_DAG_OWNER=***
AIRFLOW_CTX_DAG_ID=meeting_project492
AIRFLOW_CTX_TASK_ID=clean_meeting
AIRFLOW_CTX_EXECUTION_DATE=2024-03-11T02:30:43.192787+00:00
AIRFLOW_CTX_DAG_RUN_ID=manual__2024-03-11T02:30:43.192787+00:00
[2024-03-11 02:30:48,047] {logging_mixin.py:109} INFO - Output to /home/tnanun/***-meet/data/data_meet.csv yoyoyoyoyoyo
[2024-03-11 02:30:48,047] {python.py:151} INFO - Done. Returned value was: None
[2024-03-11 02:30:48,058] {taskinstance.py:1219} INFO - Marking task as SUCCESS. dag_id=meeting_project492, task_id=clean_meeting, execution_date=20240311T023043, start_date=20240311T023047, end_date=20240311T023048
[2024-03-11 02:30:48,102] {local_task_job.py:151} INFO - Task exited with return code 0
[2024-03-11 02:30:48,131] {local_task_job.py:261} INFO - 0 downstream tasks scheduled from follow-on schedule check
