[2024-03-09 02:47:57,110] {taskinstance.py:903} INFO - Dependencies all met for <TaskInstance: meeting_project492.fetch_folders 2024-03-09T01:00:00+00:00 [queued]>
[2024-03-09 02:47:57,128] {taskinstance.py:903} INFO - Dependencies all met for <TaskInstance: meeting_project492.fetch_folders 2024-03-09T01:00:00+00:00 [queued]>
[2024-03-09 02:47:57,129] {taskinstance.py:1095} INFO - 
--------------------------------------------------------------------------------
[2024-03-09 02:47:57,129] {taskinstance.py:1096} INFO - Starting attempt 1 of 1
[2024-03-09 02:47:57,129] {taskinstance.py:1097} INFO - 
--------------------------------------------------------------------------------
[2024-03-09 02:47:57,142] {taskinstance.py:1115} INFO - Executing <Task(PythonOperator): fetch_folders> on 2024-03-09T01:00:00+00:00
[2024-03-09 02:47:57,147] {standard_task_runner.py:52} INFO - Started process 773 to run task
[2024-03-09 02:47:57,151] {standard_task_runner.py:76} INFO - Running: ['***', 'tasks', 'run', 'meeting_project492', 'fetch_folders', '2024-03-09T01:00:00+00:00', '--job-id', '313', '--pool', 'default_pool', '--raw', '--subdir', 'DAGS_FOLDER/first_dag.py', '--cfg-path', '/tmp/tmp2_3gq1gn', '--error-file', '/tmp/tmpgtiswg8n']
[2024-03-09 02:47:57,154] {standard_task_runner.py:77} INFO - Job 313: Subtask fetch_folders
[2024-03-09 02:47:57,210] {logging_mixin.py:109} INFO - Running <TaskInstance: meeting_project492.fetch_folders 2024-03-09T01:00:00+00:00 [running]> on host 25a7f942cb44
[2024-03-09 02:47:57,278] {taskinstance.py:1254} INFO - Exporting the following env vars:
AIRFLOW_CTX_DAG_OWNER=***
AIRFLOW_CTX_DAG_ID=meeting_project492
AIRFLOW_CTX_TASK_ID=fetch_folders
AIRFLOW_CTX_EXECUTION_DATE=2024-03-09T01:00:00+00:00
AIRFLOW_CTX_DAG_RUN_ID=scheduled__2024-03-09T01:00:00+00:00
[2024-03-09 02:48:03,157] {logging_mixin.py:109} INFO - Output to /home/tnanun/***-meet/data/data_folder.csv yoyoyoyoyoyo
[2024-03-09 02:48:03,157] {python.py:151} INFO - Done. Returned value was: None
[2024-03-09 02:48:03,166] {taskinstance.py:1219} INFO - Marking task as SUCCESS. dag_id=meeting_project492, task_id=fetch_folders, execution_date=20240309T010000, start_date=20240309T024757, end_date=20240309T024803
[2024-03-09 02:48:03,186] {local_task_job.py:151} INFO - Task exited with return code 0
[2024-03-09 02:48:03,210] {local_task_job.py:261} INFO - 0 downstream tasks scheduled from follow-on schedule check
