[2024-01-28 07:54:47,783] {taskinstance.py:903} INFO - Dependencies all met for <TaskInstance: meeting.fetch_meeting 2024-01-28T07:52:32.137409+00:00 [queued]>
[2024-01-28 07:54:47,801] {taskinstance.py:903} INFO - Dependencies all met for <TaskInstance: meeting.fetch_meeting 2024-01-28T07:52:32.137409+00:00 [queued]>
[2024-01-28 07:54:47,801] {taskinstance.py:1095} INFO - 
--------------------------------------------------------------------------------
[2024-01-28 07:54:47,802] {taskinstance.py:1096} INFO - Starting attempt 1 of 1
[2024-01-28 07:54:47,802] {taskinstance.py:1097} INFO - 
--------------------------------------------------------------------------------
[2024-01-28 07:54:47,812] {taskinstance.py:1115} INFO - Executing <Task(PythonOperator): fetch_meeting> on 2024-01-28T07:52:32.137409+00:00
[2024-01-28 07:54:47,817] {standard_task_runner.py:52} INFO - Started process 1474 to run task
[2024-01-28 07:54:47,822] {standard_task_runner.py:76} INFO - Running: ['***', 'tasks', 'run', 'meeting', 'fetch_meeting', '2024-01-28T07:52:32.137409+00:00', '--job-id', '142', '--pool', 'default_pool', '--raw', '--subdir', 'DAGS_FOLDER/first_dag.py', '--cfg-path', '/tmp/tmpojxd40jm', '--error-file', '/tmp/tmpaws8nke8']
[2024-01-28 07:54:47,827] {standard_task_runner.py:77} INFO - Job 142: Subtask fetch_meeting
[2024-01-28 07:54:47,885] {logging_mixin.py:109} INFO - Running <TaskInstance: meeting.fetch_meeting 2024-01-28T07:52:32.137409+00:00 [running]> on host b3b11241a43d
[2024-01-28 07:54:47,948] {taskinstance.py:1254} INFO - Exporting the following env vars:
AIRFLOW_CTX_DAG_OWNER=***
AIRFLOW_CTX_DAG_ID=meeting
AIRFLOW_CTX_TASK_ID=fetch_meeting
AIRFLOW_CTX_EXECUTION_DATE=2024-01-28T07:52:32.137409+00:00
AIRFLOW_CTX_DAG_RUN_ID=manual__2024-01-28T07:52:32.137409+00:00
[2024-01-28 07:54:53,954] {logging_mixin.py:109} INFO - Output to /home/tnanun/***-meet/data/data_meet.csv yoyoyoyoyoyo
[2024-01-28 07:54:53,955] {python.py:151} INFO - Done. Returned value was: None
[2024-01-28 07:54:53,965] {taskinstance.py:1219} INFO - Marking task as SUCCESS. dag_id=meeting, task_id=fetch_meeting, execution_date=20240128T075232, start_date=20240128T075447, end_date=20240128T075453
[2024-01-28 07:54:54,019] {local_task_job.py:151} INFO - Task exited with return code 0
[2024-01-28 07:54:54,044] {local_task_job.py:261} INFO - 1 downstream tasks scheduled from follow-on schedule check
