[2024-03-01 15:16:38,252] {taskinstance.py:903} INFO - Dependencies all met for <TaskInstance: meeting.fetch_answers 2024-03-01T15:16:36.954640+00:00 [queued]>
[2024-03-01 15:16:38,267] {taskinstance.py:903} INFO - Dependencies all met for <TaskInstance: meeting.fetch_answers 2024-03-01T15:16:36.954640+00:00 [queued]>
[2024-03-01 15:16:38,268] {taskinstance.py:1095} INFO - 
--------------------------------------------------------------------------------
[2024-03-01 15:16:38,268] {taskinstance.py:1096} INFO - Starting attempt 1 of 1
[2024-03-01 15:16:38,268] {taskinstance.py:1097} INFO - 
--------------------------------------------------------------------------------
[2024-03-01 15:16:38,277] {taskinstance.py:1115} INFO - Executing <Task(PythonOperator): fetch_answers> on 2024-03-01T15:16:36.954640+00:00
[2024-03-01 15:16:38,283] {standard_task_runner.py:52} INFO - Started process 10872 to run task
[2024-03-01 15:16:38,307] {standard_task_runner.py:76} INFO - Running: ['***', 'tasks', 'run', 'meeting', 'fetch_answers', '2024-03-01T15:16:36.954640+00:00', '--job-id', '207', '--pool', 'default_pool', '--raw', '--subdir', 'DAGS_FOLDER/first_dag.py', '--cfg-path', '/tmp/tmpxbi46w_v', '--error-file', '/tmp/tmp53e9fl0s']
[2024-03-01 15:16:38,322] {standard_task_runner.py:77} INFO - Job 207: Subtask fetch_answers
[2024-03-01 15:16:38,393] {logging_mixin.py:109} INFO - Running <TaskInstance: meeting.fetch_answers 2024-03-01T15:16:36.954640+00:00 [running]> on host b272d77a87bd
[2024-03-01 15:16:38,473] {taskinstance.py:1254} INFO - Exporting the following env vars:
AIRFLOW_CTX_DAG_OWNER=***
AIRFLOW_CTX_DAG_ID=meeting
AIRFLOW_CTX_TASK_ID=fetch_answers
AIRFLOW_CTX_EXECUTION_DATE=2024-03-01T15:16:36.954640+00:00
AIRFLOW_CTX_DAG_RUN_ID=manual__2024-03-01T15:16:36.954640+00:00
[2024-03-01 15:16:43,142] {logging_mixin.py:109} INFO - Output to /home/tnanun/***-meet/data/data_ans.csv yoyoyoyoyoyo
[2024-03-01 15:16:43,142] {python.py:151} INFO - Done. Returned value was: None
[2024-03-01 15:16:43,152] {taskinstance.py:1219} INFO - Marking task as SUCCESS. dag_id=meeting, task_id=fetch_answers, execution_date=20240301T151636, start_date=20240301T151638, end_date=20240301T151643
[2024-03-01 15:16:43,178] {local_task_job.py:151} INFO - Task exited with return code 0
[2024-03-01 15:16:43,201] {local_task_job.py:261} INFO - 1 downstream tasks scheduled from follow-on schedule check
