[2024-03-05 09:53:39,615] {taskinstance.py:903} INFO - Dependencies all met for <TaskInstance: meeting.clean_answers 2024-03-05T09:53:31.781192+00:00 [queued]>
[2024-03-05 09:53:39,630] {taskinstance.py:903} INFO - Dependencies all met for <TaskInstance: meeting.clean_answers 2024-03-05T09:53:31.781192+00:00 [queued]>
[2024-03-05 09:53:39,630] {taskinstance.py:1095} INFO - 
--------------------------------------------------------------------------------
[2024-03-05 09:53:39,631] {taskinstance.py:1096} INFO - Starting attempt 1 of 1
[2024-03-05 09:53:39,631] {taskinstance.py:1097} INFO - 
--------------------------------------------------------------------------------
[2024-03-05 09:53:39,650] {taskinstance.py:1115} INFO - Executing <Task(PythonOperator): clean_answers> on 2024-03-05T09:53:31.781192+00:00
[2024-03-05 09:53:39,656] {standard_task_runner.py:52} INFO - Started process 8297 to run task
[2024-03-05 09:53:39,659] {standard_task_runner.py:76} INFO - Running: ['***', 'tasks', 'run', 'meeting', 'clean_answers', '2024-03-05T09:53:31.781192+00:00', '--job-id', '237', '--pool', 'default_pool', '--raw', '--subdir', 'DAGS_FOLDER/first_dag.py', '--cfg-path', '/tmp/tmpew0fr7nv', '--error-file', '/tmp/tmpbtt9h289']
[2024-03-05 09:53:39,662] {standard_task_runner.py:77} INFO - Job 237: Subtask clean_answers
[2024-03-05 09:53:39,718] {logging_mixin.py:109} INFO - Running <TaskInstance: meeting.clean_answers 2024-03-05T09:53:31.781192+00:00 [running]> on host bd28ac0ade46
[2024-03-05 09:53:39,778] {taskinstance.py:1254} INFO - Exporting the following env vars:
AIRFLOW_CTX_DAG_OWNER=***
AIRFLOW_CTX_DAG_ID=meeting
AIRFLOW_CTX_TASK_ID=clean_answers
AIRFLOW_CTX_EXECUTION_DATE=2024-03-05T09:53:31.781192+00:00
AIRFLOW_CTX_DAG_RUN_ID=manual__2024-03-05T09:53:31.781192+00:00
[2024-03-05 09:53:39,814] {logging_mixin.py:109} INFO - Output to /home/tnanun/***-meet/data/data_ans.csv yoyoyoyoyoyo
[2024-03-05 09:53:39,815] {python.py:151} INFO - Done. Returned value was: None
[2024-03-05 09:53:39,824] {taskinstance.py:1219} INFO - Marking task as SUCCESS. dag_id=meeting, task_id=clean_answers, execution_date=20240305T095331, start_date=20240305T095339, end_date=20240305T095339
[2024-03-05 09:53:39,872] {local_task_job.py:151} INFO - Task exited with return code 0
[2024-03-05 09:53:39,900] {local_task_job.py:261} INFO - 0 downstream tasks scheduled from follow-on schedule check
