[2023-12-03 14:41:33,718] {taskinstance.py:903} INFO - Dependencies all met for <TaskInstance: meeting.fetch_meeting 2023-12-03T14:41:32.169835+00:00 [queued]>
[2023-12-03 14:41:33,735] {taskinstance.py:903} INFO - Dependencies all met for <TaskInstance: meeting.fetch_meeting 2023-12-03T14:41:32.169835+00:00 [queued]>
[2023-12-03 14:41:33,735] {taskinstance.py:1095} INFO - 
--------------------------------------------------------------------------------
[2023-12-03 14:41:33,735] {taskinstance.py:1096} INFO - Starting attempt 1 of 1
[2023-12-03 14:41:33,735] {taskinstance.py:1097} INFO - 
--------------------------------------------------------------------------------
[2023-12-03 14:41:33,748] {taskinstance.py:1115} INFO - Executing <Task(PythonOperator): fetch_meeting> on 2023-12-03T14:41:32.169835+00:00
[2023-12-03 14:41:33,751] {standard_task_runner.py:52} INFO - Started process 7178 to run task
[2023-12-03 14:41:33,754] {standard_task_runner.py:76} INFO - Running: ['***', 'tasks', 'run', 'meeting', 'fetch_meeting', '2023-12-03T14:41:32.169835+00:00', '--job-id', '73', '--pool', 'default_pool', '--raw', '--subdir', 'DAGS_FOLDER/first_dag.py', '--cfg-path', '/tmp/tmpjq275fcw', '--error-file', '/tmp/tmp6kd19pj_']
[2023-12-03 14:41:33,757] {standard_task_runner.py:77} INFO - Job 73: Subtask fetch_meeting
[2023-12-03 14:41:33,795] {logging_mixin.py:109} INFO - Running <TaskInstance: meeting.fetch_meeting 2023-12-03T14:41:32.169835+00:00 [running]> on host 9d53e6732d94
[2023-12-03 14:41:33,839] {taskinstance.py:1254} INFO - Exporting the following env vars:
AIRFLOW_CTX_DAG_OWNER=***
AIRFLOW_CTX_DAG_ID=meeting
AIRFLOW_CTX_TASK_ID=fetch_meeting
AIRFLOW_CTX_EXECUTION_DATE=2023-12-03T14:41:32.169835+00:00
AIRFLOW_CTX_DAG_RUN_ID=manual__2023-12-03T14:41:32.169835+00:00
[2023-12-03 14:41:35,036] {logging_mixin.py:109} INFO - Output to /home/tnanun/***-meet/data/data_meet.csv yoyoyoyoyoyo
[2023-12-03 14:41:35,036] {python.py:151} INFO - Done. Returned value was: None
[2023-12-03 14:41:35,050] {taskinstance.py:1219} INFO - Marking task as SUCCESS. dag_id=meeting, task_id=fetch_meeting, execution_date=20231203T144132, start_date=20231203T144133, end_date=20231203T144135
[2023-12-03 14:41:35,092] {local_task_job.py:151} INFO - Task exited with return code 0
[2023-12-03 14:41:35,132] {local_task_job.py:261} INFO - 1 downstream tasks scheduled from follow-on schedule check
