[2023-12-27 14:16:54,547] {taskinstance.py:903} INFO - Dependencies all met for <TaskInstance: meeting.fetch_answers 2023-12-27T14:16:53.720586+00:00 [queued]>
[2023-12-27 14:16:54,562] {taskinstance.py:903} INFO - Dependencies all met for <TaskInstance: meeting.fetch_answers 2023-12-27T14:16:53.720586+00:00 [queued]>
[2023-12-27 14:16:54,562] {taskinstance.py:1095} INFO - 
--------------------------------------------------------------------------------
[2023-12-27 14:16:54,562] {taskinstance.py:1096} INFO - Starting attempt 1 of 1
[2023-12-27 14:16:54,563] {taskinstance.py:1097} INFO - 
--------------------------------------------------------------------------------
[2023-12-27 14:16:54,571] {taskinstance.py:1115} INFO - Executing <Task(PythonOperator): fetch_answers> on 2023-12-27T14:16:53.720586+00:00
[2023-12-27 14:16:54,575] {standard_task_runner.py:52} INFO - Started process 888 to run task
[2023-12-27 14:16:54,577] {standard_task_runner.py:76} INFO - Running: ['***', 'tasks', 'run', 'meeting', 'fetch_answers', '2023-12-27T14:16:53.720586+00:00', '--job-id', '113', '--pool', 'default_pool', '--raw', '--subdir', 'DAGS_FOLDER/first_dag.py', '--cfg-path', '/tmp/tmpa7rqt1gs', '--error-file', '/tmp/tmpjy45yxxs']
[2023-12-27 14:16:54,580] {standard_task_runner.py:77} INFO - Job 113: Subtask fetch_answers
[2023-12-27 14:16:54,617] {logging_mixin.py:109} INFO - Running <TaskInstance: meeting.fetch_answers 2023-12-27T14:16:53.720586+00:00 [running]> on host 6fcf1040ed70
[2023-12-27 14:16:54,660] {taskinstance.py:1254} INFO - Exporting the following env vars:
AIRFLOW_CTX_DAG_OWNER=***
AIRFLOW_CTX_DAG_ID=meeting
AIRFLOW_CTX_TASK_ID=fetch_answers
AIRFLOW_CTX_EXECUTION_DATE=2023-12-27T14:16:53.720586+00:00
AIRFLOW_CTX_DAG_RUN_ID=manual__2023-12-27T14:16:53.720586+00:00
[2023-12-27 14:17:01,974] {logging_mixin.py:109} INFO - Output to /home/tnanun/***-meet/data/data_ans.csv yoyoyoyoyoyo
[2023-12-27 14:17:01,974] {python.py:151} INFO - Done. Returned value was: None
[2023-12-27 14:17:01,984] {taskinstance.py:1219} INFO - Marking task as SUCCESS. dag_id=meeting, task_id=fetch_answers, execution_date=20231227T141653, start_date=20231227T141654, end_date=20231227T141701
[2023-12-27 14:17:02,020] {local_task_job.py:151} INFO - Task exited with return code 0
[2023-12-27 14:17:02,044] {local_task_job.py:261} INFO - 1 downstream tasks scheduled from follow-on schedule check
