[2024-03-28 18:15:52,754] {taskinstance.py:903} INFO - Dependencies all met for <TaskInstance: meeting_project492.fetch_folders 2024-03-28T17:00:00+00:00 [queued]>
[2024-03-28 18:15:52,784] {taskinstance.py:903} INFO - Dependencies all met for <TaskInstance: meeting_project492.fetch_folders 2024-03-28T17:00:00+00:00 [queued]>
[2024-03-28 18:15:52,784] {taskinstance.py:1095} INFO - 
--------------------------------------------------------------------------------
[2024-03-28 18:15:52,785] {taskinstance.py:1096} INFO - Starting attempt 1 of 1
[2024-03-28 18:15:52,785] {taskinstance.py:1097} INFO - 
--------------------------------------------------------------------------------
[2024-03-28 18:15:52,816] {taskinstance.py:1115} INFO - Executing <Task(PythonOperator): fetch_folders> on 2024-03-28T17:00:00+00:00
[2024-03-28 18:15:52,829] {standard_task_runner.py:52} INFO - Started process 383 to run task
[2024-03-28 18:15:52,834] {standard_task_runner.py:76} INFO - Running: ['***', 'tasks', 'run', 'meeting_project492', 'fetch_folders', '2024-03-28T17:00:00+00:00', '--job-id', '710', '--pool', 'default_pool', '--raw', '--subdir', 'DAGS_FOLDER/first_dag.py', '--cfg-path', '/tmp/tmpvo494que', '--error-file', '/tmp/tmpe7d1bvvd']
[2024-03-28 18:15:52,839] {standard_task_runner.py:77} INFO - Job 710: Subtask fetch_folders
[2024-03-28 18:15:52,965] {logging_mixin.py:109} INFO - Running <TaskInstance: meeting_project492.fetch_folders 2024-03-28T17:00:00+00:00 [running]> on host 322f1435f697
[2024-03-28 18:15:53,165] {taskinstance.py:1254} INFO - Exporting the following env vars:
AIRFLOW_CTX_DAG_OWNER=***
AIRFLOW_CTX_DAG_ID=meeting_project492
AIRFLOW_CTX_TASK_ID=fetch_folders
AIRFLOW_CTX_EXECUTION_DATE=2024-03-28T17:00:00+00:00
AIRFLOW_CTX_DAG_RUN_ID=scheduled__2024-03-28T17:00:00+00:00
[2024-03-28 18:15:59,096] {logging_mixin.py:109} INFO - Output to /home/tnanun/***-meet/data/data_folder.csv yoyoyoyoyoyo
[2024-03-28 18:15:59,096] {python.py:151} INFO - Done. Returned value was: None
[2024-03-28 18:15:59,219] {taskinstance.py:1219} INFO - Marking task as SUCCESS. dag_id=meeting_project492, task_id=fetch_folders, execution_date=20240328T170000, start_date=20240328T181552, end_date=20240328T181559
[2024-03-28 18:15:59,291] {local_task_job.py:151} INFO - Task exited with return code 0
[2024-03-28 18:15:59,344] {local_task_job.py:261} INFO - 0 downstream tasks scheduled from follow-on schedule check
