[2024-03-09 04:00:01,667] {taskinstance.py:903} INFO - Dependencies all met for <TaskInstance: meeting_project492.fetch_folders 2024-03-09T03:00:00+00:00 [queued]>
[2024-03-09 04:00:01,682] {taskinstance.py:903} INFO - Dependencies all met for <TaskInstance: meeting_project492.fetch_folders 2024-03-09T03:00:00+00:00 [queued]>
[2024-03-09 04:00:01,683] {taskinstance.py:1095} INFO - 
--------------------------------------------------------------------------------
[2024-03-09 04:00:01,683] {taskinstance.py:1096} INFO - Starting attempt 1 of 1
[2024-03-09 04:00:01,683] {taskinstance.py:1097} INFO - 
--------------------------------------------------------------------------------
[2024-03-09 04:00:01,699] {taskinstance.py:1115} INFO - Executing <Task(PythonOperator): fetch_folders> on 2024-03-09T03:00:00+00:00
[2024-03-09 04:00:01,704] {standard_task_runner.py:52} INFO - Started process 26125 to run task
[2024-03-09 04:00:01,708] {standard_task_runner.py:76} INFO - Running: ['***', 'tasks', 'run', 'meeting_project492', 'fetch_folders', '2024-03-09T03:00:00+00:00', '--job-id', '381', '--pool', 'default_pool', '--raw', '--subdir', 'DAGS_FOLDER/first_dag.py', '--cfg-path', '/tmp/tmpo6rihzck', '--error-file', '/tmp/tmp8v__03fg']
[2024-03-09 04:00:01,713] {standard_task_runner.py:77} INFO - Job 381: Subtask fetch_folders
[2024-03-09 04:00:01,768] {logging_mixin.py:109} INFO - Running <TaskInstance: meeting_project492.fetch_folders 2024-03-09T03:00:00+00:00 [running]> on host 62b9685fb4d1
[2024-03-09 04:00:01,821] {taskinstance.py:1254} INFO - Exporting the following env vars:
AIRFLOW_CTX_DAG_OWNER=***
AIRFLOW_CTX_DAG_ID=meeting_project492
AIRFLOW_CTX_TASK_ID=fetch_folders
AIRFLOW_CTX_EXECUTION_DATE=2024-03-09T03:00:00+00:00
AIRFLOW_CTX_DAG_RUN_ID=scheduled__2024-03-09T03:00:00+00:00
[2024-03-09 04:00:07,438] {logging_mixin.py:109} INFO - Output to /home/tnanun/***-meet/data/data_folder.csv yoyoyoyoyoyo
[2024-03-09 04:00:07,438] {python.py:151} INFO - Done. Returned value was: None
[2024-03-09 04:00:07,448] {taskinstance.py:1219} INFO - Marking task as SUCCESS. dag_id=meeting_project492, task_id=fetch_folders, execution_date=20240309T030000, start_date=20240309T040001, end_date=20240309T040007
[2024-03-09 04:00:07,502] {local_task_job.py:151} INFO - Task exited with return code 0
[2024-03-09 04:00:07,532] {local_task_job.py:261} INFO - 0 downstream tasks scheduled from follow-on schedule check
