[2023-12-03 12:07:05,614] {taskinstance.py:903} INFO - Dependencies all met for <TaskInstance: meeting.fetch_meeting 2023-12-03T12:07:04.016623+00:00 [queued]>
[2023-12-03 12:07:05,630] {taskinstance.py:903} INFO - Dependencies all met for <TaskInstance: meeting.fetch_meeting 2023-12-03T12:07:04.016623+00:00 [queued]>
[2023-12-03 12:07:05,630] {taskinstance.py:1095} INFO - 
--------------------------------------------------------------------------------
[2023-12-03 12:07:05,631] {taskinstance.py:1096} INFO - Starting attempt 1 of 1
[2023-12-03 12:07:05,631] {taskinstance.py:1097} INFO - 
--------------------------------------------------------------------------------
[2023-12-03 12:07:05,639] {taskinstance.py:1115} INFO - Executing <Task(PythonOperator): fetch_meeting> on 2023-12-03T12:07:04.016623+00:00
[2023-12-03 12:07:05,643] {standard_task_runner.py:52} INFO - Started process 782 to run task
[2023-12-03 12:07:05,646] {standard_task_runner.py:76} INFO - Running: ['***', 'tasks', 'run', 'meeting', 'fetch_meeting', '2023-12-03T12:07:04.016623+00:00', '--job-id', '48', '--pool', 'default_pool', '--raw', '--subdir', 'DAGS_FOLDER/first_dag.py', '--cfg-path', '/tmp/tmp6ir7plnj', '--error-file', '/tmp/tmp8fju8px5']
[2023-12-03 12:07:05,649] {standard_task_runner.py:77} INFO - Job 48: Subtask fetch_meeting
[2023-12-03 12:07:05,686] {logging_mixin.py:109} INFO - Running <TaskInstance: meeting.fetch_meeting 2023-12-03T12:07:04.016623+00:00 [running]> on host 9d53e6732d94
[2023-12-03 12:07:05,735] {taskinstance.py:1254} INFO - Exporting the following env vars:
AIRFLOW_CTX_DAG_OWNER=***
AIRFLOW_CTX_DAG_ID=meeting
AIRFLOW_CTX_TASK_ID=fetch_meeting
AIRFLOW_CTX_EXECUTION_DATE=2023-12-03T12:07:04.016623+00:00
AIRFLOW_CTX_DAG_RUN_ID=manual__2023-12-03T12:07:04.016623+00:00
[2023-12-03 12:07:07,102] {logging_mixin.py:109} INFO - Output to /home/tnanun/***-meet/data/data_meet.csv yoyoyoyoyoyo
[2023-12-03 12:07:07,102] {python.py:151} INFO - Done. Returned value was: None
[2023-12-03 12:07:07,112] {taskinstance.py:1219} INFO - Marking task as SUCCESS. dag_id=meeting, task_id=fetch_meeting, execution_date=20231203T120704, start_date=20231203T120705, end_date=20231203T120707
[2023-12-03 12:07:07,146] {local_task_job.py:151} INFO - Task exited with return code 0
[2023-12-03 12:07:07,172] {local_task_job.py:261} INFO - 1 downstream tasks scheduled from follow-on schedule check
