[2024-01-04 08:53:29,065] {taskinstance.py:903} INFO - Dependencies all met for <TaskInstance: meeting.merge_data 2024-01-04T07:00:00+00:00 [queued]>
[2024-01-04 08:53:29,079] {taskinstance.py:903} INFO - Dependencies all met for <TaskInstance: meeting.merge_data 2024-01-04T07:00:00+00:00 [queued]>
[2024-01-04 08:53:29,080] {taskinstance.py:1095} INFO - 
--------------------------------------------------------------------------------
[2024-01-04 08:53:29,080] {taskinstance.py:1096} INFO - Starting attempt 1 of 1
[2024-01-04 08:53:29,080] {taskinstance.py:1097} INFO - 
--------------------------------------------------------------------------------
[2024-01-04 08:53:29,096] {taskinstance.py:1115} INFO - Executing <Task(PythonOperator): merge_data> on 2024-01-04T07:00:00+00:00
[2024-01-04 08:53:29,103] {standard_task_runner.py:52} INFO - Started process 443 to run task
[2024-01-04 08:53:29,107] {standard_task_runner.py:76} INFO - Running: ['***', 'tasks', 'run', 'meeting', 'merge_data', '2024-01-04T07:00:00+00:00', '--job-id', '133', '--pool', 'default_pool', '--raw', '--subdir', 'DAGS_FOLDER/first_dag.py', '--cfg-path', '/tmp/tmpuxwqsvo6', '--error-file', '/tmp/tmp09mnm__4']
[2024-01-04 08:53:29,110] {standard_task_runner.py:77} INFO - Job 133: Subtask merge_data
[2024-01-04 08:53:29,158] {logging_mixin.py:109} INFO - Running <TaskInstance: meeting.merge_data 2024-01-04T07:00:00+00:00 [running]> on host bd9da4259c23
[2024-01-04 08:53:29,224] {taskinstance.py:1254} INFO - Exporting the following env vars:
AIRFLOW_CTX_DAG_OWNER=***
AIRFLOW_CTX_DAG_ID=meeting
AIRFLOW_CTX_TASK_ID=merge_data
AIRFLOW_CTX_EXECUTION_DATE=2024-01-04T07:00:00+00:00
AIRFLOW_CTX_DAG_RUN_ID=scheduled__2024-01-04T07:00:00+00:00
[2024-01-04 08:53:29,267] {python.py:151} INFO - Done. Returned value was: None
[2024-01-04 08:53:29,282] {taskinstance.py:1219} INFO - Marking task as SUCCESS. dag_id=meeting, task_id=merge_data, execution_date=20240104T070000, start_date=20240104T085329, end_date=20240104T085329
[2024-01-04 08:53:29,319] {local_task_job.py:151} INFO - Task exited with return code 0
[2024-01-04 08:53:29,353] {local_task_job.py:261} INFO - 0 downstream tasks scheduled from follow-on schedule check
