[2024-03-01 15:23:56,432] {taskinstance.py:903} INFO - Dependencies all met for <TaskInstance: meeting.merge_data 2024-03-01T15:23:52.512558+00:00 [queued]>
[2024-03-01 15:23:56,447] {taskinstance.py:903} INFO - Dependencies all met for <TaskInstance: meeting.merge_data 2024-03-01T15:23:52.512558+00:00 [queued]>
[2024-03-01 15:23:56,447] {taskinstance.py:1095} INFO - 
--------------------------------------------------------------------------------
[2024-03-01 15:23:56,447] {taskinstance.py:1096} INFO - Starting attempt 1 of 1
[2024-03-01 15:23:56,448] {taskinstance.py:1097} INFO - 
--------------------------------------------------------------------------------
[2024-03-01 15:23:56,457] {taskinstance.py:1115} INFO - Executing <Task(PythonOperator): merge_data> on 2024-03-01T15:23:52.512558+00:00
[2024-03-01 15:23:56,461] {standard_task_runner.py:52} INFO - Started process 14073 to run task
[2024-03-01 15:23:56,464] {standard_task_runner.py:76} INFO - Running: ['***', 'tasks', 'run', 'meeting', 'merge_data', '2024-03-01T15:23:52.512558+00:00', '--job-id', '220', '--pool', 'default_pool', '--raw', '--subdir', 'DAGS_FOLDER/first_dag.py', '--cfg-path', '/tmp/tmpxsret5xg', '--error-file', '/tmp/tmpriydkb5t']
[2024-03-01 15:23:56,466] {standard_task_runner.py:77} INFO - Job 220: Subtask merge_data
[2024-03-01 15:23:56,502] {logging_mixin.py:109} INFO - Running <TaskInstance: meeting.merge_data 2024-03-01T15:23:52.512558+00:00 [running]> on host b272d77a87bd
[2024-03-01 15:23:56,548] {taskinstance.py:1254} INFO - Exporting the following env vars:
AIRFLOW_CTX_DAG_OWNER=***
AIRFLOW_CTX_DAG_ID=meeting
AIRFLOW_CTX_TASK_ID=merge_data
AIRFLOW_CTX_EXECUTION_DATE=2024-03-01T15:23:52.512558+00:00
AIRFLOW_CTX_DAG_RUN_ID=manual__2024-03-01T15:23:52.512558+00:00
[2024-03-01 15:23:56,569] {python.py:151} INFO - Done. Returned value was: None
[2024-03-01 15:23:56,579] {taskinstance.py:1219} INFO - Marking task as SUCCESS. dag_id=meeting, task_id=merge_data, execution_date=20240301T152352, start_date=20240301T152356, end_date=20240301T152356
[2024-03-01 15:23:56,596] {local_task_job.py:151} INFO - Task exited with return code 0
[2024-03-01 15:23:56,616] {local_task_job.py:261} INFO - 0 downstream tasks scheduled from follow-on schedule check
