[2024-03-11 04:15:14,994] {taskinstance.py:903} INFO - Dependencies all met for <TaskInstance: meeting_project492.fetch_folders 2024-03-11T04:15:13.309201+00:00 [queued]>
[2024-03-11 04:15:15,013] {taskinstance.py:903} INFO - Dependencies all met for <TaskInstance: meeting_project492.fetch_folders 2024-03-11T04:15:13.309201+00:00 [queued]>
[2024-03-11 04:15:15,014] {taskinstance.py:1095} INFO - 
--------------------------------------------------------------------------------
[2024-03-11 04:15:15,014] {taskinstance.py:1096} INFO - Starting attempt 1 of 1
[2024-03-11 04:15:15,014] {taskinstance.py:1097} INFO - 
--------------------------------------------------------------------------------
[2024-03-11 04:15:15,024] {taskinstance.py:1115} INFO - Executing <Task(PythonOperator): fetch_folders> on 2024-03-11T04:15:13.309201+00:00
[2024-03-11 04:15:15,029] {standard_task_runner.py:52} INFO - Started process 1405 to run task
[2024-03-11 04:15:15,032] {standard_task_runner.py:76} INFO - Running: ['***', 'tasks', 'run', 'meeting_project492', 'fetch_folders', '2024-03-11T04:15:13.309201+00:00', '--job-id', '570', '--pool', 'default_pool', '--raw', '--subdir', 'DAGS_FOLDER/first_dag.py', '--cfg-path', '/tmp/tmppxu4wyfq', '--error-file', '/tmp/tmp1w21md3x']
[2024-03-11 04:15:15,034] {standard_task_runner.py:77} INFO - Job 570: Subtask fetch_folders
[2024-03-11 04:15:15,076] {logging_mixin.py:109} INFO - Running <TaskInstance: meeting_project492.fetch_folders 2024-03-11T04:15:13.309201+00:00 [running]> on host 76207e23fd35
[2024-03-11 04:15:15,128] {taskinstance.py:1254} INFO - Exporting the following env vars:
AIRFLOW_CTX_DAG_OWNER=***
AIRFLOW_CTX_DAG_ID=meeting_project492
AIRFLOW_CTX_TASK_ID=fetch_folders
AIRFLOW_CTX_EXECUTION_DATE=2024-03-11T04:15:13.309201+00:00
AIRFLOW_CTX_DAG_RUN_ID=manual__2024-03-11T04:15:13.309201+00:00
[2024-03-11 04:15:16,150] {logging_mixin.py:109} INFO - Output to /home/tnanun/***-meet/data/data_folder.csv yoyoyoyoyoyo
[2024-03-11 04:15:16,150] {python.py:151} INFO - Done. Returned value was: None
[2024-03-11 04:15:16,161] {taskinstance.py:1219} INFO - Marking task as SUCCESS. dag_id=meeting_project492, task_id=fetch_folders, execution_date=20240311T041513, start_date=20240311T041514, end_date=20240311T041516
[2024-03-11 04:15:16,208] {local_task_job.py:151} INFO - Task exited with return code 0
[2024-03-11 04:15:16,241] {local_task_job.py:261} INFO - 0 downstream tasks scheduled from follow-on schedule check
