[2024-03-01 15:00:01,606] {taskinstance.py:903} INFO - Dependencies all met for <TaskInstance: meeting.fetch_answers 2024-03-01T14:00:00+00:00 [queued]>
[2024-03-01 15:00:01,626] {taskinstance.py:903} INFO - Dependencies all met for <TaskInstance: meeting.fetch_answers 2024-03-01T14:00:00+00:00 [queued]>
[2024-03-01 15:00:01,626] {taskinstance.py:1095} INFO - 
--------------------------------------------------------------------------------
[2024-03-01 15:00:01,626] {taskinstance.py:1096} INFO - Starting attempt 1 of 1
[2024-03-01 15:00:01,626] {taskinstance.py:1097} INFO - 
--------------------------------------------------------------------------------
[2024-03-01 15:00:01,637] {taskinstance.py:1115} INFO - Executing <Task(PythonOperator): fetch_answers> on 2024-03-01T14:00:00+00:00
[2024-03-01 15:00:01,641] {standard_task_runner.py:52} INFO - Started process 4223 to run task
[2024-03-01 15:00:01,643] {standard_task_runner.py:76} INFO - Running: ['***', 'tasks', 'run', 'meeting', 'fetch_answers', '2024-03-01T14:00:00+00:00', '--job-id', '197', '--pool', 'default_pool', '--raw', '--subdir', 'DAGS_FOLDER/first_dag.py', '--cfg-path', '/tmp/tmp029goqa_', '--error-file', '/tmp/tmps6hktzc9']
[2024-03-01 15:00:01,646] {standard_task_runner.py:77} INFO - Job 197: Subtask fetch_answers
[2024-03-01 15:00:01,681] {logging_mixin.py:109} INFO - Running <TaskInstance: meeting.fetch_answers 2024-03-01T14:00:00+00:00 [running]> on host b272d77a87bd
[2024-03-01 15:00:01,731] {taskinstance.py:1254} INFO - Exporting the following env vars:
AIRFLOW_CTX_DAG_OWNER=***
AIRFLOW_CTX_DAG_ID=meeting
AIRFLOW_CTX_TASK_ID=fetch_answers
AIRFLOW_CTX_EXECUTION_DATE=2024-03-01T14:00:00+00:00
AIRFLOW_CTX_DAG_RUN_ID=scheduled__2024-03-01T14:00:00+00:00
[2024-03-01 15:00:04,448] {logging_mixin.py:109} INFO - Output to /home/tnanun/***-meet/data/data_ans.csv yoyoyoyoyoyo
[2024-03-01 15:00:04,449] {python.py:151} INFO - Done. Returned value was: None
[2024-03-01 15:00:04,458] {taskinstance.py:1219} INFO - Marking task as SUCCESS. dag_id=meeting, task_id=fetch_answers, execution_date=20240301T140000, start_date=20240301T150001, end_date=20240301T150004
[2024-03-01 15:00:04,507] {local_task_job.py:151} INFO - Task exited with return code 0
[2024-03-01 15:00:04,643] {local_task_job.py:261} INFO - 1 downstream tasks scheduled from follow-on schedule check
