[2024-03-05 10:21:28,524] {taskinstance.py:903} INFO - Dependencies all met for <TaskInstance: meeting_project.clean_meeting 2024-03-05T10:21:23.770885+00:00 [queued]>
[2024-03-05 10:21:28,538] {taskinstance.py:903} INFO - Dependencies all met for <TaskInstance: meeting_project.clean_meeting 2024-03-05T10:21:23.770885+00:00 [queued]>
[2024-03-05 10:21:28,539] {taskinstance.py:1095} INFO - 
--------------------------------------------------------------------------------
[2024-03-05 10:21:28,539] {taskinstance.py:1096} INFO - Starting attempt 1 of 1
[2024-03-05 10:21:28,539] {taskinstance.py:1097} INFO - 
--------------------------------------------------------------------------------
[2024-03-05 10:21:28,547] {taskinstance.py:1115} INFO - Executing <Task(PythonOperator): clean_meeting> on 2024-03-05T10:21:23.770885+00:00
[2024-03-05 10:21:28,552] {standard_task_runner.py:52} INFO - Started process 5375 to run task
[2024-03-05 10:21:28,555] {standard_task_runner.py:76} INFO - Running: ['***', 'tasks', 'run', 'meeting_project', 'clean_meeting', '2024-03-05T10:21:23.770885+00:00', '--job-id', '277', '--pool', 'default_pool', '--raw', '--subdir', 'DAGS_FOLDER/first_dag.py', '--cfg-path', '/tmp/tmp2btvofbg', '--error-file', '/tmp/tmp470ernyp']
[2024-03-05 10:21:28,558] {standard_task_runner.py:77} INFO - Job 277: Subtask clean_meeting
[2024-03-05 10:21:28,594] {logging_mixin.py:109} INFO - Running <TaskInstance: meeting_project.clean_meeting 2024-03-05T10:21:23.770885+00:00 [running]> on host 4622d7b8f726
[2024-03-05 10:21:28,645] {taskinstance.py:1254} INFO - Exporting the following env vars:
AIRFLOW_CTX_DAG_OWNER=***
AIRFLOW_CTX_DAG_ID=meeting_project
AIRFLOW_CTX_TASK_ID=clean_meeting
AIRFLOW_CTX_EXECUTION_DATE=2024-03-05T10:21:23.770885+00:00
AIRFLOW_CTX_DAG_RUN_ID=manual__2024-03-05T10:21:23.770885+00:00
[2024-03-05 10:21:28,693] {logging_mixin.py:109} WARNING - /opt/***/dags/first_dag.py:56 SettingWithCopyWarning: 
A value is trying to be set on a copy of a slice from a DataFrame.
Try using .loc[row_indexer,col_indexer] = value instead

See the caveats in the documentation: https://pandas.pydata.org/pandas-docs/stable/user_guide/indexing.html#returning-a-view-versus-a-copy
[2024-03-05 10:21:28,696] {logging_mixin.py:109} INFO - Output to /home/tnanun/***-meet/data/data_meet.csv yoyoyoyoyoyo
[2024-03-05 10:21:28,696] {python.py:151} INFO - Done. Returned value was: None
[2024-03-05 10:21:28,705] {taskinstance.py:1219} INFO - Marking task as SUCCESS. dag_id=meeting_project, task_id=clean_meeting, execution_date=20240305T102123, start_date=20240305T102128, end_date=20240305T102128
[2024-03-05 10:21:28,727] {local_task_job.py:151} INFO - Task exited with return code 0
[2024-03-05 10:21:28,754] {local_task_job.py:261} INFO - 1 downstream tasks scheduled from follow-on schedule check
