[2023-12-28 09:19:24,011] {processor.py:162} INFO - Started process (PID=291) to work on /home/airflow/.local/lib/python3.6/site-packages/airflow/example_dags/example_bash_operator.py
[2023-12-28 09:19:24,012] {processor.py:613} INFO - Processing file /home/airflow/.local/lib/python3.6/site-packages/airflow/example_dags/example_bash_operator.py for tasks to queue
[2023-12-28 09:19:24,013] {logging_mixin.py:109} INFO - [2023-12-28 09:19:24,012] {dagbag.py:496} INFO - Filling up the DagBag from /home/airflow/.local/lib/python3.6/site-packages/airflow/example_dags/example_bash_operator.py
[2023-12-28 09:19:24,026] {processor.py:623} INFO - DAG(s) dict_keys(['example_bash_operator']) retrieved from /home/airflow/.local/lib/python3.6/site-packages/airflow/example_dags/example_bash_operator.py
[2023-12-28 09:19:24,262] {logging_mixin.py:109} INFO - [2023-12-28 09:19:24,261] {dag.py:1834} INFO - Sync 1 DAGs
[2023-12-28 09:19:24,282] {logging_mixin.py:109} INFO - [2023-12-28 09:19:24,282] {dag.py:2287} INFO - Setting next_dagrun for example_bash_operator to 2023-12-26 00:00:00+00:00
[2023-12-28 09:19:24,303] {processor.py:170} INFO - Processing /home/airflow/.local/lib/python3.6/site-packages/airflow/example_dags/example_bash_operator.py took 0.295 seconds
[2023-12-28 09:19:54,450] {processor.py:162} INFO - Started process (PID=486) to work on /home/airflow/.local/lib/python3.6/site-packages/airflow/example_dags/example_bash_operator.py
[2023-12-28 09:19:54,452] {processor.py:613} INFO - Processing file /home/airflow/.local/lib/python3.6/site-packages/airflow/example_dags/example_bash_operator.py for tasks to queue
[2023-12-28 09:19:54,453] {logging_mixin.py:109} INFO - [2023-12-28 09:19:54,453] {dagbag.py:496} INFO - Filling up the DagBag from /home/airflow/.local/lib/python3.6/site-packages/airflow/example_dags/example_bash_operator.py
[2023-12-28 09:19:54,467] {processor.py:623} INFO - DAG(s) dict_keys(['example_bash_operator']) retrieved from /home/airflow/.local/lib/python3.6/site-packages/airflow/example_dags/example_bash_operator.py
[2023-12-28 09:19:54,492] {logging_mixin.py:109} INFO - [2023-12-28 09:19:54,492] {dag.py:1834} INFO - Sync 1 DAGs
[2023-12-28 09:19:54,513] {logging_mixin.py:109} INFO - [2023-12-28 09:19:54,513] {dag.py:2287} INFO - Setting next_dagrun for example_bash_operator to 2023-12-26 00:00:00+00:00
[2023-12-28 09:19:54,527] {processor.py:170} INFO - Processing /home/airflow/.local/lib/python3.6/site-packages/airflow/example_dags/example_bash_operator.py took 0.080 seconds
[2023-12-28 09:20:25,326] {processor.py:162} INFO - Started process (PID=691) to work on /home/airflow/.local/lib/python3.6/site-packages/airflow/example_dags/example_bash_operator.py
[2023-12-28 09:20:25,328] {processor.py:613} INFO - Processing file /home/airflow/.local/lib/python3.6/site-packages/airflow/example_dags/example_bash_operator.py for tasks to queue
[2023-12-28 09:20:25,329] {logging_mixin.py:109} INFO - [2023-12-28 09:20:25,329] {dagbag.py:496} INFO - Filling up the DagBag from /home/airflow/.local/lib/python3.6/site-packages/airflow/example_dags/example_bash_operator.py
[2023-12-28 09:20:25,350] {processor.py:623} INFO - DAG(s) dict_keys(['example_bash_operator']) retrieved from /home/airflow/.local/lib/python3.6/site-packages/airflow/example_dags/example_bash_operator.py
[2023-12-28 09:20:25,379] {logging_mixin.py:109} INFO - [2023-12-28 09:20:25,379] {dag.py:1834} INFO - Sync 1 DAGs
[2023-12-28 09:20:25,398] {logging_mixin.py:109} INFO - [2023-12-28 09:20:25,398] {dag.py:2287} INFO - Setting next_dagrun for example_bash_operator to 2023-12-26 00:00:00+00:00
[2023-12-28 09:20:25,410] {processor.py:170} INFO - Processing /home/airflow/.local/lib/python3.6/site-packages/airflow/example_dags/example_bash_operator.py took 0.087 seconds
[2023-12-28 09:20:55,820] {processor.py:162} INFO - Started process (PID=886) to work on /home/airflow/.local/lib/python3.6/site-packages/airflow/example_dags/example_bash_operator.py
[2023-12-28 09:20:55,821] {processor.py:613} INFO - Processing file /home/airflow/.local/lib/python3.6/site-packages/airflow/example_dags/example_bash_operator.py for tasks to queue
[2023-12-28 09:20:55,822] {logging_mixin.py:109} INFO - [2023-12-28 09:20:55,822] {dagbag.py:496} INFO - Filling up the DagBag from /home/airflow/.local/lib/python3.6/site-packages/airflow/example_dags/example_bash_operator.py
[2023-12-28 09:20:55,839] {processor.py:623} INFO - DAG(s) dict_keys(['example_bash_operator']) retrieved from /home/airflow/.local/lib/python3.6/site-packages/airflow/example_dags/example_bash_operator.py
[2023-12-28 09:20:55,865] {logging_mixin.py:109} INFO - [2023-12-28 09:20:55,864] {dag.py:1834} INFO - Sync 1 DAGs
[2023-12-28 09:20:55,883] {logging_mixin.py:109} INFO - [2023-12-28 09:20:55,882] {dag.py:2287} INFO - Setting next_dagrun for example_bash_operator to 2023-12-26 00:00:00+00:00
[2023-12-28 09:20:55,895] {processor.py:170} INFO - Processing /home/airflow/.local/lib/python3.6/site-packages/airflow/example_dags/example_bash_operator.py took 0.078 seconds
[2023-12-28 09:21:26,698] {processor.py:162} INFO - Started process (PID=1091) to work on /home/airflow/.local/lib/python3.6/site-packages/airflow/example_dags/example_bash_operator.py
[2023-12-28 09:21:26,700] {processor.py:613} INFO - Processing file /home/airflow/.local/lib/python3.6/site-packages/airflow/example_dags/example_bash_operator.py for tasks to queue
[2023-12-28 09:21:26,701] {logging_mixin.py:109} INFO - [2023-12-28 09:21:26,701] {dagbag.py:496} INFO - Filling up the DagBag from /home/airflow/.local/lib/python3.6/site-packages/airflow/example_dags/example_bash_operator.py
[2023-12-28 09:21:26,717] {processor.py:623} INFO - DAG(s) dict_keys(['example_bash_operator']) retrieved from /home/airflow/.local/lib/python3.6/site-packages/airflow/example_dags/example_bash_operator.py
[2023-12-28 09:21:26,741] {logging_mixin.py:109} INFO - [2023-12-28 09:21:26,741] {dag.py:1834} INFO - Sync 1 DAGs
[2023-12-28 09:21:26,759] {logging_mixin.py:109} INFO - [2023-12-28 09:21:26,759] {dag.py:2287} INFO - Setting next_dagrun for example_bash_operator to 2023-12-26 00:00:00+00:00
[2023-12-28 09:21:26,772] {processor.py:170} INFO - Processing /home/airflow/.local/lib/python3.6/site-packages/airflow/example_dags/example_bash_operator.py took 0.077 seconds
[2023-12-28 09:21:57,587] {processor.py:162} INFO - Started process (PID=1286) to work on /home/airflow/.local/lib/python3.6/site-packages/airflow/example_dags/example_bash_operator.py
[2023-12-28 09:21:57,588] {processor.py:613} INFO - Processing file /home/airflow/.local/lib/python3.6/site-packages/airflow/example_dags/example_bash_operator.py for tasks to queue
[2023-12-28 09:21:57,589] {logging_mixin.py:109} INFO - [2023-12-28 09:21:57,589] {dagbag.py:496} INFO - Filling up the DagBag from /home/airflow/.local/lib/python3.6/site-packages/airflow/example_dags/example_bash_operator.py
[2023-12-28 09:21:57,606] {processor.py:623} INFO - DAG(s) dict_keys(['example_bash_operator']) retrieved from /home/airflow/.local/lib/python3.6/site-packages/airflow/example_dags/example_bash_operator.py
[2023-12-28 09:21:57,634] {logging_mixin.py:109} INFO - [2023-12-28 09:21:57,634] {dag.py:1834} INFO - Sync 1 DAGs
[2023-12-28 09:21:57,656] {logging_mixin.py:109} INFO - [2023-12-28 09:21:57,655] {dag.py:2287} INFO - Setting next_dagrun for example_bash_operator to 2023-12-26 00:00:00+00:00
[2023-12-28 09:21:57,670] {processor.py:170} INFO - Processing /home/airflow/.local/lib/python3.6/site-packages/airflow/example_dags/example_bash_operator.py took 0.087 seconds
[2023-12-28 09:22:27,940] {processor.py:162} INFO - Started process (PID=1481) to work on /home/airflow/.local/lib/python3.6/site-packages/airflow/example_dags/example_bash_operator.py
[2023-12-28 09:22:27,942] {processor.py:613} INFO - Processing file /home/airflow/.local/lib/python3.6/site-packages/airflow/example_dags/example_bash_operator.py for tasks to queue
[2023-12-28 09:22:27,943] {logging_mixin.py:109} INFO - [2023-12-28 09:22:27,943] {dagbag.py:496} INFO - Filling up the DagBag from /home/airflow/.local/lib/python3.6/site-packages/airflow/example_dags/example_bash_operator.py
[2023-12-28 09:22:27,957] {processor.py:623} INFO - DAG(s) dict_keys(['example_bash_operator']) retrieved from /home/airflow/.local/lib/python3.6/site-packages/airflow/example_dags/example_bash_operator.py
[2023-12-28 09:22:27,981] {logging_mixin.py:109} INFO - [2023-12-28 09:22:27,981] {dag.py:1834} INFO - Sync 1 DAGs
[2023-12-28 09:22:27,999] {logging_mixin.py:109} INFO - [2023-12-28 09:22:27,999] {dag.py:2287} INFO - Setting next_dagrun for example_bash_operator to 2023-12-26 00:00:00+00:00
[2023-12-28 09:22:28,012] {processor.py:170} INFO - Processing /home/airflow/.local/lib/python3.6/site-packages/airflow/example_dags/example_bash_operator.py took 0.075 seconds
[2023-12-28 09:22:58,152] {processor.py:162} INFO - Started process (PID=1681) to work on /home/airflow/.local/lib/python3.6/site-packages/airflow/example_dags/example_bash_operator.py
[2023-12-28 09:22:58,153] {processor.py:613} INFO - Processing file /home/airflow/.local/lib/python3.6/site-packages/airflow/example_dags/example_bash_operator.py for tasks to queue
[2023-12-28 09:22:58,154] {logging_mixin.py:109} INFO - [2023-12-28 09:22:58,154] {dagbag.py:496} INFO - Filling up the DagBag from /home/airflow/.local/lib/python3.6/site-packages/airflow/example_dags/example_bash_operator.py
[2023-12-28 09:22:58,168] {processor.py:623} INFO - DAG(s) dict_keys(['example_bash_operator']) retrieved from /home/airflow/.local/lib/python3.6/site-packages/airflow/example_dags/example_bash_operator.py
[2023-12-28 09:22:58,196] {logging_mixin.py:109} INFO - [2023-12-28 09:22:58,196] {dag.py:1834} INFO - Sync 1 DAGs
[2023-12-28 09:22:58,215] {logging_mixin.py:109} INFO - [2023-12-28 09:22:58,214] {dag.py:2287} INFO - Setting next_dagrun for example_bash_operator to 2023-12-26 00:00:00+00:00
[2023-12-28 09:22:58,230] {processor.py:170} INFO - Processing /home/airflow/.local/lib/python3.6/site-packages/airflow/example_dags/example_bash_operator.py took 0.080 seconds
[2023-12-28 09:23:28,384] {processor.py:162} INFO - Started process (PID=1856) to work on /home/airflow/.local/lib/python3.6/site-packages/airflow/example_dags/example_bash_operator.py
[2023-12-28 09:23:28,386] {processor.py:613} INFO - Processing file /home/airflow/.local/lib/python3.6/site-packages/airflow/example_dags/example_bash_operator.py for tasks to queue
[2023-12-28 09:23:28,387] {logging_mixin.py:109} INFO - [2023-12-28 09:23:28,387] {dagbag.py:496} INFO - Filling up the DagBag from /home/airflow/.local/lib/python3.6/site-packages/airflow/example_dags/example_bash_operator.py
[2023-12-28 09:23:28,405] {processor.py:623} INFO - DAG(s) dict_keys(['example_bash_operator']) retrieved from /home/airflow/.local/lib/python3.6/site-packages/airflow/example_dags/example_bash_operator.py
[2023-12-28 09:23:28,432] {logging_mixin.py:109} INFO - [2023-12-28 09:23:28,432] {dag.py:1834} INFO - Sync 1 DAGs
[2023-12-28 09:23:28,452] {logging_mixin.py:109} INFO - [2023-12-28 09:23:28,452] {dag.py:2287} INFO - Setting next_dagrun for example_bash_operator to 2023-12-26 00:00:00+00:00
[2023-12-28 09:23:28,468] {processor.py:170} INFO - Processing /home/airflow/.local/lib/python3.6/site-packages/airflow/example_dags/example_bash_operator.py took 0.087 seconds
[2023-12-28 09:23:58,799] {processor.py:162} INFO - Started process (PID=2061) to work on /home/airflow/.local/lib/python3.6/site-packages/airflow/example_dags/example_bash_operator.py
[2023-12-28 09:23:58,800] {processor.py:613} INFO - Processing file /home/airflow/.local/lib/python3.6/site-packages/airflow/example_dags/example_bash_operator.py for tasks to queue
[2023-12-28 09:23:58,801] {logging_mixin.py:109} INFO - [2023-12-28 09:23:58,801] {dagbag.py:496} INFO - Filling up the DagBag from /home/airflow/.local/lib/python3.6/site-packages/airflow/example_dags/example_bash_operator.py
[2023-12-28 09:23:58,823] {processor.py:623} INFO - DAG(s) dict_keys(['example_bash_operator']) retrieved from /home/airflow/.local/lib/python3.6/site-packages/airflow/example_dags/example_bash_operator.py
[2023-12-28 09:23:58,849] {logging_mixin.py:109} INFO - [2023-12-28 09:23:58,849] {dag.py:1834} INFO - Sync 1 DAGs
[2023-12-28 09:23:58,868] {logging_mixin.py:109} INFO - [2023-12-28 09:23:58,868] {dag.py:2287} INFO - Setting next_dagrun for example_bash_operator to 2023-12-26 00:00:00+00:00
[2023-12-28 09:23:58,881] {processor.py:170} INFO - Processing /home/airflow/.local/lib/python3.6/site-packages/airflow/example_dags/example_bash_operator.py took 0.087 seconds
[2023-12-28 09:24:29,685] {processor.py:162} INFO - Started process (PID=2258) to work on /home/airflow/.local/lib/python3.6/site-packages/airflow/example_dags/example_bash_operator.py
[2023-12-28 09:24:29,687] {processor.py:613} INFO - Processing file /home/airflow/.local/lib/python3.6/site-packages/airflow/example_dags/example_bash_operator.py for tasks to queue
[2023-12-28 09:24:29,688] {logging_mixin.py:109} INFO - [2023-12-28 09:24:29,688] {dagbag.py:496} INFO - Filling up the DagBag from /home/airflow/.local/lib/python3.6/site-packages/airflow/example_dags/example_bash_operator.py
[2023-12-28 09:24:29,705] {processor.py:623} INFO - DAG(s) dict_keys(['example_bash_operator']) retrieved from /home/airflow/.local/lib/python3.6/site-packages/airflow/example_dags/example_bash_operator.py
[2023-12-28 09:24:29,733] {logging_mixin.py:109} INFO - [2023-12-28 09:24:29,732] {dag.py:1834} INFO - Sync 1 DAGs
[2023-12-28 09:24:29,754] {logging_mixin.py:109} INFO - [2023-12-28 09:24:29,754] {dag.py:2287} INFO - Setting next_dagrun for example_bash_operator to 2023-12-26 00:00:00+00:00
[2023-12-28 09:24:29,773] {processor.py:170} INFO - Processing /home/airflow/.local/lib/python3.6/site-packages/airflow/example_dags/example_bash_operator.py took 0.091 seconds
[2023-12-28 09:25:00,205] {processor.py:162} INFO - Started process (PID=2462) to work on /home/airflow/.local/lib/python3.6/site-packages/airflow/example_dags/example_bash_operator.py
[2023-12-28 09:25:00,206] {processor.py:613} INFO - Processing file /home/airflow/.local/lib/python3.6/site-packages/airflow/example_dags/example_bash_operator.py for tasks to queue
[2023-12-28 09:25:00,207] {logging_mixin.py:109} INFO - [2023-12-28 09:25:00,207] {dagbag.py:496} INFO - Filling up the DagBag from /home/airflow/.local/lib/python3.6/site-packages/airflow/example_dags/example_bash_operator.py
[2023-12-28 09:25:00,224] {processor.py:623} INFO - DAG(s) dict_keys(['example_bash_operator']) retrieved from /home/airflow/.local/lib/python3.6/site-packages/airflow/example_dags/example_bash_operator.py
[2023-12-28 09:25:00,255] {logging_mixin.py:109} INFO - [2023-12-28 09:25:00,255] {dag.py:1834} INFO - Sync 1 DAGs
[2023-12-28 09:25:00,279] {logging_mixin.py:109} INFO - [2023-12-28 09:25:00,279] {dag.py:2287} INFO - Setting next_dagrun for example_bash_operator to 2023-12-26 00:00:00+00:00
[2023-12-28 09:25:00,296] {processor.py:170} INFO - Processing /home/airflow/.local/lib/python3.6/site-packages/airflow/example_dags/example_bash_operator.py took 0.095 seconds
[2023-12-28 09:25:30,569] {processor.py:162} INFO - Started process (PID=2656) to work on /home/airflow/.local/lib/python3.6/site-packages/airflow/example_dags/example_bash_operator.py
[2023-12-28 09:25:30,570] {processor.py:613} INFO - Processing file /home/airflow/.local/lib/python3.6/site-packages/airflow/example_dags/example_bash_operator.py for tasks to queue
[2023-12-28 09:25:30,571] {logging_mixin.py:109} INFO - [2023-12-28 09:25:30,571] {dagbag.py:496} INFO - Filling up the DagBag from /home/airflow/.local/lib/python3.6/site-packages/airflow/example_dags/example_bash_operator.py
[2023-12-28 09:25:30,589] {processor.py:623} INFO - DAG(s) dict_keys(['example_bash_operator']) retrieved from /home/airflow/.local/lib/python3.6/site-packages/airflow/example_dags/example_bash_operator.py
[2023-12-28 09:25:30,616] {logging_mixin.py:109} INFO - [2023-12-28 09:25:30,616] {dag.py:1834} INFO - Sync 1 DAGs
[2023-12-28 09:25:30,637] {logging_mixin.py:109} INFO - [2023-12-28 09:25:30,637] {dag.py:2287} INFO - Setting next_dagrun for example_bash_operator to 2023-12-26 00:00:00+00:00
[2023-12-28 09:25:30,654] {processor.py:170} INFO - Processing /home/airflow/.local/lib/python3.6/site-packages/airflow/example_dags/example_bash_operator.py took 0.089 seconds
[2023-12-28 09:26:01,079] {processor.py:162} INFO - Started process (PID=2853) to work on /home/airflow/.local/lib/python3.6/site-packages/airflow/example_dags/example_bash_operator.py
[2023-12-28 09:26:01,080] {processor.py:613} INFO - Processing file /home/airflow/.local/lib/python3.6/site-packages/airflow/example_dags/example_bash_operator.py for tasks to queue
[2023-12-28 09:26:01,081] {logging_mixin.py:109} INFO - [2023-12-28 09:26:01,081] {dagbag.py:496} INFO - Filling up the DagBag from /home/airflow/.local/lib/python3.6/site-packages/airflow/example_dags/example_bash_operator.py
[2023-12-28 09:26:01,098] {processor.py:623} INFO - DAG(s) dict_keys(['example_bash_operator']) retrieved from /home/airflow/.local/lib/python3.6/site-packages/airflow/example_dags/example_bash_operator.py
[2023-12-28 09:26:01,126] {logging_mixin.py:109} INFO - [2023-12-28 09:26:01,126] {dag.py:1834} INFO - Sync 1 DAGs
[2023-12-28 09:26:01,150] {logging_mixin.py:109} INFO - [2023-12-28 09:26:01,150] {dag.py:2287} INFO - Setting next_dagrun for example_bash_operator to 2023-12-26 00:00:00+00:00
[2023-12-28 09:26:01,167] {processor.py:170} INFO - Processing /home/airflow/.local/lib/python3.6/site-packages/airflow/example_dags/example_bash_operator.py took 0.092 seconds
[2023-12-28 09:26:31,348] {processor.py:162} INFO - Started process (PID=3056) to work on /home/airflow/.local/lib/python3.6/site-packages/airflow/example_dags/example_bash_operator.py
[2023-12-28 09:26:31,350] {processor.py:613} INFO - Processing file /home/airflow/.local/lib/python3.6/site-packages/airflow/example_dags/example_bash_operator.py for tasks to queue
[2023-12-28 09:26:31,351] {logging_mixin.py:109} INFO - [2023-12-28 09:26:31,351] {dagbag.py:496} INFO - Filling up the DagBag from /home/airflow/.local/lib/python3.6/site-packages/airflow/example_dags/example_bash_operator.py
[2023-12-28 09:26:31,368] {processor.py:623} INFO - DAG(s) dict_keys(['example_bash_operator']) retrieved from /home/airflow/.local/lib/python3.6/site-packages/airflow/example_dags/example_bash_operator.py
[2023-12-28 09:26:31,397] {logging_mixin.py:109} INFO - [2023-12-28 09:26:31,397] {dag.py:1834} INFO - Sync 1 DAGs
[2023-12-28 09:26:31,420] {logging_mixin.py:109} INFO - [2023-12-28 09:26:31,420] {dag.py:2287} INFO - Setting next_dagrun for example_bash_operator to 2023-12-26 00:00:00+00:00
[2023-12-28 09:26:31,436] {processor.py:170} INFO - Processing /home/airflow/.local/lib/python3.6/site-packages/airflow/example_dags/example_bash_operator.py took 0.091 seconds
[2023-12-28 09:27:01,807] {processor.py:162} INFO - Started process (PID=3251) to work on /home/airflow/.local/lib/python3.6/site-packages/airflow/example_dags/example_bash_operator.py
[2023-12-28 09:27:01,808] {processor.py:613} INFO - Processing file /home/airflow/.local/lib/python3.6/site-packages/airflow/example_dags/example_bash_operator.py for tasks to queue
[2023-12-28 09:27:01,809] {logging_mixin.py:109} INFO - [2023-12-28 09:27:01,809] {dagbag.py:496} INFO - Filling up the DagBag from /home/airflow/.local/lib/python3.6/site-packages/airflow/example_dags/example_bash_operator.py
[2023-12-28 09:27:01,827] {processor.py:623} INFO - DAG(s) dict_keys(['example_bash_operator']) retrieved from /home/airflow/.local/lib/python3.6/site-packages/airflow/example_dags/example_bash_operator.py
[2023-12-28 09:27:01,855] {logging_mixin.py:109} INFO - [2023-12-28 09:27:01,855] {dag.py:1834} INFO - Sync 1 DAGs
[2023-12-28 09:27:01,877] {logging_mixin.py:109} INFO - [2023-12-28 09:27:01,877] {dag.py:2287} INFO - Setting next_dagrun for example_bash_operator to 2023-12-26 00:00:00+00:00
[2023-12-28 09:27:01,893] {processor.py:170} INFO - Processing /home/airflow/.local/lib/python3.6/site-packages/airflow/example_dags/example_bash_operator.py took 0.089 seconds
[2023-12-28 09:27:32,221] {processor.py:162} INFO - Started process (PID=3456) to work on /home/airflow/.local/lib/python3.6/site-packages/airflow/example_dags/example_bash_operator.py
[2023-12-28 09:27:32,223] {processor.py:613} INFO - Processing file /home/airflow/.local/lib/python3.6/site-packages/airflow/example_dags/example_bash_operator.py for tasks to queue
[2023-12-28 09:27:32,224] {logging_mixin.py:109} INFO - [2023-12-28 09:27:32,224] {dagbag.py:496} INFO - Filling up the DagBag from /home/airflow/.local/lib/python3.6/site-packages/airflow/example_dags/example_bash_operator.py
[2023-12-28 09:27:32,239] {processor.py:623} INFO - DAG(s) dict_keys(['example_bash_operator']) retrieved from /home/airflow/.local/lib/python3.6/site-packages/airflow/example_dags/example_bash_operator.py
[2023-12-28 09:27:32,267] {logging_mixin.py:109} INFO - [2023-12-28 09:27:32,267] {dag.py:1834} INFO - Sync 1 DAGs
[2023-12-28 09:27:32,289] {logging_mixin.py:109} INFO - [2023-12-28 09:27:32,288] {dag.py:2287} INFO - Setting next_dagrun for example_bash_operator to 2023-12-26 00:00:00+00:00
[2023-12-28 09:27:32,303] {processor.py:170} INFO - Processing /home/airflow/.local/lib/python3.6/site-packages/airflow/example_dags/example_bash_operator.py took 0.085 seconds
[2023-12-28 09:28:03,379] {processor.py:162} INFO - Started process (PID=3651) to work on /home/airflow/.local/lib/python3.6/site-packages/airflow/example_dags/example_bash_operator.py
[2023-12-28 09:28:03,381] {processor.py:613} INFO - Processing file /home/airflow/.local/lib/python3.6/site-packages/airflow/example_dags/example_bash_operator.py for tasks to queue
[2023-12-28 09:28:03,382] {logging_mixin.py:109} INFO - [2023-12-28 09:28:03,382] {dagbag.py:496} INFO - Filling up the DagBag from /home/airflow/.local/lib/python3.6/site-packages/airflow/example_dags/example_bash_operator.py
[2023-12-28 09:28:03,405] {processor.py:623} INFO - DAG(s) dict_keys(['example_bash_operator']) retrieved from /home/airflow/.local/lib/python3.6/site-packages/airflow/example_dags/example_bash_operator.py
[2023-12-28 09:28:03,443] {logging_mixin.py:109} INFO - [2023-12-28 09:28:03,442] {dag.py:1834} INFO - Sync 1 DAGs
[2023-12-28 09:28:03,470] {logging_mixin.py:109} INFO - [2023-12-28 09:28:03,470] {dag.py:2287} INFO - Setting next_dagrun for example_bash_operator to 2023-12-26 00:00:00+00:00
[2023-12-28 09:28:03,500] {processor.py:170} INFO - Processing /home/airflow/.local/lib/python3.6/site-packages/airflow/example_dags/example_bash_operator.py took 0.125 seconds
[2023-12-28 09:28:34,090] {processor.py:162} INFO - Started process (PID=3856) to work on /home/airflow/.local/lib/python3.6/site-packages/airflow/example_dags/example_bash_operator.py
[2023-12-28 09:28:34,091] {processor.py:613} INFO - Processing file /home/airflow/.local/lib/python3.6/site-packages/airflow/example_dags/example_bash_operator.py for tasks to queue
[2023-12-28 09:28:34,092] {logging_mixin.py:109} INFO - [2023-12-28 09:28:34,092] {dagbag.py:496} INFO - Filling up the DagBag from /home/airflow/.local/lib/python3.6/site-packages/airflow/example_dags/example_bash_operator.py
[2023-12-28 09:28:34,110] {processor.py:623} INFO - DAG(s) dict_keys(['example_bash_operator']) retrieved from /home/airflow/.local/lib/python3.6/site-packages/airflow/example_dags/example_bash_operator.py
[2023-12-28 09:28:34,143] {logging_mixin.py:109} INFO - [2023-12-28 09:28:34,143] {dag.py:1834} INFO - Sync 1 DAGs
[2023-12-28 09:28:34,164] {logging_mixin.py:109} INFO - [2023-12-28 09:28:34,164] {dag.py:2287} INFO - Setting next_dagrun for example_bash_operator to 2023-12-26 00:00:00+00:00
[2023-12-28 09:28:34,181] {processor.py:170} INFO - Processing /home/airflow/.local/lib/python3.6/site-packages/airflow/example_dags/example_bash_operator.py took 0.096 seconds
[2023-12-28 09:29:04,495] {processor.py:162} INFO - Started process (PID=4051) to work on /home/airflow/.local/lib/python3.6/site-packages/airflow/example_dags/example_bash_operator.py
[2023-12-28 09:29:04,496] {processor.py:613} INFO - Processing file /home/airflow/.local/lib/python3.6/site-packages/airflow/example_dags/example_bash_operator.py for tasks to queue
[2023-12-28 09:29:04,497] {logging_mixin.py:109} INFO - [2023-12-28 09:29:04,497] {dagbag.py:496} INFO - Filling up the DagBag from /home/airflow/.local/lib/python3.6/site-packages/airflow/example_dags/example_bash_operator.py
[2023-12-28 09:29:04,514] {processor.py:623} INFO - DAG(s) dict_keys(['example_bash_operator']) retrieved from /home/airflow/.local/lib/python3.6/site-packages/airflow/example_dags/example_bash_operator.py
[2023-12-28 09:29:04,542] {logging_mixin.py:109} INFO - [2023-12-28 09:29:04,541] {dag.py:1834} INFO - Sync 1 DAGs
[2023-12-28 09:29:04,561] {logging_mixin.py:109} INFO - [2023-12-28 09:29:04,561] {dag.py:2287} INFO - Setting next_dagrun for example_bash_operator to 2023-12-26 00:00:00+00:00
[2023-12-28 09:29:04,573] {processor.py:170} INFO - Processing /home/airflow/.local/lib/python3.6/site-packages/airflow/example_dags/example_bash_operator.py took 0.082 seconds
[2023-12-28 09:29:35,025] {processor.py:162} INFO - Started process (PID=4246) to work on /home/airflow/.local/lib/python3.6/site-packages/airflow/example_dags/example_bash_operator.py
[2023-12-28 09:29:35,028] {processor.py:613} INFO - Processing file /home/airflow/.local/lib/python3.6/site-packages/airflow/example_dags/example_bash_operator.py for tasks to queue
[2023-12-28 09:29:35,028] {logging_mixin.py:109} INFO - [2023-12-28 09:29:35,028] {dagbag.py:496} INFO - Filling up the DagBag from /home/airflow/.local/lib/python3.6/site-packages/airflow/example_dags/example_bash_operator.py
[2023-12-28 09:29:35,045] {processor.py:623} INFO - DAG(s) dict_keys(['example_bash_operator']) retrieved from /home/airflow/.local/lib/python3.6/site-packages/airflow/example_dags/example_bash_operator.py
[2023-12-28 09:29:35,081] {logging_mixin.py:109} INFO - [2023-12-28 09:29:35,081] {dag.py:1834} INFO - Sync 1 DAGs
[2023-12-28 09:29:35,103] {logging_mixin.py:109} INFO - [2023-12-28 09:29:35,102] {dag.py:2287} INFO - Setting next_dagrun for example_bash_operator to 2023-12-26 00:00:00+00:00
[2023-12-28 09:29:35,119] {processor.py:170} INFO - Processing /home/airflow/.local/lib/python3.6/site-packages/airflow/example_dags/example_bash_operator.py took 0.098 seconds
[2023-12-28 09:30:06,513] {processor.py:162} INFO - Started process (PID=4456) to work on /home/airflow/.local/lib/python3.6/site-packages/airflow/example_dags/example_bash_operator.py
[2023-12-28 09:30:06,515] {processor.py:613} INFO - Processing file /home/airflow/.local/lib/python3.6/site-packages/airflow/example_dags/example_bash_operator.py for tasks to queue
[2023-12-28 09:30:06,515] {logging_mixin.py:109} INFO - [2023-12-28 09:30:06,515] {dagbag.py:496} INFO - Filling up the DagBag from /home/airflow/.local/lib/python3.6/site-packages/airflow/example_dags/example_bash_operator.py
[2023-12-28 09:30:06,534] {processor.py:623} INFO - DAG(s) dict_keys(['example_bash_operator']) retrieved from /home/airflow/.local/lib/python3.6/site-packages/airflow/example_dags/example_bash_operator.py
[2023-12-28 09:30:06,567] {logging_mixin.py:109} INFO - [2023-12-28 09:30:06,567] {dag.py:1834} INFO - Sync 1 DAGs
[2023-12-28 09:30:06,592] {logging_mixin.py:109} INFO - [2023-12-28 09:30:06,592] {dag.py:2287} INFO - Setting next_dagrun for example_bash_operator to 2023-12-26 00:00:00+00:00
[2023-12-28 09:30:06,614] {processor.py:170} INFO - Processing /home/airflow/.local/lib/python3.6/site-packages/airflow/example_dags/example_bash_operator.py took 0.104 seconds
[2023-12-28 09:30:37,834] {processor.py:162} INFO - Started process (PID=4651) to work on /home/airflow/.local/lib/python3.6/site-packages/airflow/example_dags/example_bash_operator.py
[2023-12-28 09:30:37,836] {processor.py:613} INFO - Processing file /home/airflow/.local/lib/python3.6/site-packages/airflow/example_dags/example_bash_operator.py for tasks to queue
[2023-12-28 09:30:37,837] {logging_mixin.py:109} INFO - [2023-12-28 09:30:37,837] {dagbag.py:496} INFO - Filling up the DagBag from /home/airflow/.local/lib/python3.6/site-packages/airflow/example_dags/example_bash_operator.py
[2023-12-28 09:30:37,855] {processor.py:623} INFO - DAG(s) dict_keys(['example_bash_operator']) retrieved from /home/airflow/.local/lib/python3.6/site-packages/airflow/example_dags/example_bash_operator.py
[2023-12-28 09:30:37,886] {logging_mixin.py:109} INFO - [2023-12-28 09:30:37,886] {dag.py:1834} INFO - Sync 1 DAGs
[2023-12-28 09:30:37,908] {logging_mixin.py:109} INFO - [2023-12-28 09:30:37,908] {dag.py:2287} INFO - Setting next_dagrun for example_bash_operator to 2023-12-26 00:00:00+00:00
[2023-12-28 09:30:37,926] {processor.py:170} INFO - Processing /home/airflow/.local/lib/python3.6/site-packages/airflow/example_dags/example_bash_operator.py took 0.095 seconds
[2023-12-28 09:31:08,469] {processor.py:162} INFO - Started process (PID=4856) to work on /home/airflow/.local/lib/python3.6/site-packages/airflow/example_dags/example_bash_operator.py
[2023-12-28 09:31:08,471] {processor.py:613} INFO - Processing file /home/airflow/.local/lib/python3.6/site-packages/airflow/example_dags/example_bash_operator.py for tasks to queue
[2023-12-28 09:31:08,471] {logging_mixin.py:109} INFO - [2023-12-28 09:31:08,471] {dagbag.py:496} INFO - Filling up the DagBag from /home/airflow/.local/lib/python3.6/site-packages/airflow/example_dags/example_bash_operator.py
[2023-12-28 09:31:08,489] {processor.py:623} INFO - DAG(s) dict_keys(['example_bash_operator']) retrieved from /home/airflow/.local/lib/python3.6/site-packages/airflow/example_dags/example_bash_operator.py
[2023-12-28 09:31:08,515] {logging_mixin.py:109} INFO - [2023-12-28 09:31:08,515] {dag.py:1834} INFO - Sync 1 DAGs
[2023-12-28 09:31:08,533] {logging_mixin.py:109} INFO - [2023-12-28 09:31:08,533] {dag.py:2287} INFO - Setting next_dagrun for example_bash_operator to 2023-12-26 00:00:00+00:00
[2023-12-28 09:31:08,554] {processor.py:170} INFO - Processing /home/airflow/.local/lib/python3.6/site-packages/airflow/example_dags/example_bash_operator.py took 0.088 seconds
[2023-12-28 09:31:39,574] {processor.py:162} INFO - Started process (PID=5051) to work on /home/airflow/.local/lib/python3.6/site-packages/airflow/example_dags/example_bash_operator.py
[2023-12-28 09:31:39,577] {processor.py:613} INFO - Processing file /home/airflow/.local/lib/python3.6/site-packages/airflow/example_dags/example_bash_operator.py for tasks to queue
[2023-12-28 09:31:39,578] {logging_mixin.py:109} INFO - [2023-12-28 09:31:39,578] {dagbag.py:496} INFO - Filling up the DagBag from /home/airflow/.local/lib/python3.6/site-packages/airflow/example_dags/example_bash_operator.py
[2023-12-28 09:31:39,597] {processor.py:623} INFO - DAG(s) dict_keys(['example_bash_operator']) retrieved from /home/airflow/.local/lib/python3.6/site-packages/airflow/example_dags/example_bash_operator.py
[2023-12-28 09:31:39,629] {logging_mixin.py:109} INFO - [2023-12-28 09:31:39,628] {dag.py:1834} INFO - Sync 1 DAGs
[2023-12-28 09:31:39,652] {logging_mixin.py:109} INFO - [2023-12-28 09:31:39,651] {dag.py:2287} INFO - Setting next_dagrun for example_bash_operator to 2023-12-26 00:00:00+00:00
[2023-12-28 09:31:39,669] {processor.py:170} INFO - Processing /home/airflow/.local/lib/python3.6/site-packages/airflow/example_dags/example_bash_operator.py took 0.099 seconds
[2023-12-28 09:32:10,667] {processor.py:162} INFO - Started process (PID=5256) to work on /home/airflow/.local/lib/python3.6/site-packages/airflow/example_dags/example_bash_operator.py
[2023-12-28 09:32:10,669] {processor.py:613} INFO - Processing file /home/airflow/.local/lib/python3.6/site-packages/airflow/example_dags/example_bash_operator.py for tasks to queue
[2023-12-28 09:32:10,669] {logging_mixin.py:109} INFO - [2023-12-28 09:32:10,669] {dagbag.py:496} INFO - Filling up the DagBag from /home/airflow/.local/lib/python3.6/site-packages/airflow/example_dags/example_bash_operator.py
[2023-12-28 09:32:10,686] {processor.py:623} INFO - DAG(s) dict_keys(['example_bash_operator']) retrieved from /home/airflow/.local/lib/python3.6/site-packages/airflow/example_dags/example_bash_operator.py
[2023-12-28 09:32:10,709] {logging_mixin.py:109} INFO - [2023-12-28 09:32:10,709] {dag.py:1834} INFO - Sync 1 DAGs
[2023-12-28 09:32:10,726] {logging_mixin.py:109} INFO - [2023-12-28 09:32:10,726] {dag.py:2287} INFO - Setting next_dagrun for example_bash_operator to 2023-12-26 00:00:00+00:00
[2023-12-28 09:32:10,739] {processor.py:170} INFO - Processing /home/airflow/.local/lib/python3.6/site-packages/airflow/example_dags/example_bash_operator.py took 0.075 seconds
[2023-12-28 09:32:41,794] {processor.py:162} INFO - Started process (PID=5451) to work on /home/airflow/.local/lib/python3.6/site-packages/airflow/example_dags/example_bash_operator.py
[2023-12-28 09:32:41,795] {processor.py:613} INFO - Processing file /home/airflow/.local/lib/python3.6/site-packages/airflow/example_dags/example_bash_operator.py for tasks to queue
[2023-12-28 09:32:41,796] {logging_mixin.py:109} INFO - [2023-12-28 09:32:41,795] {dagbag.py:496} INFO - Filling up the DagBag from /home/airflow/.local/lib/python3.6/site-packages/airflow/example_dags/example_bash_operator.py
[2023-12-28 09:32:41,814] {processor.py:623} INFO - DAG(s) dict_keys(['example_bash_operator']) retrieved from /home/airflow/.local/lib/python3.6/site-packages/airflow/example_dags/example_bash_operator.py
[2023-12-28 09:32:41,843] {logging_mixin.py:109} INFO - [2023-12-28 09:32:41,843] {dag.py:1834} INFO - Sync 1 DAGs
[2023-12-28 09:32:41,866] {logging_mixin.py:109} INFO - [2023-12-28 09:32:41,865] {dag.py:2287} INFO - Setting next_dagrun for example_bash_operator to 2023-12-26 00:00:00+00:00
[2023-12-28 09:32:41,883] {processor.py:170} INFO - Processing /home/airflow/.local/lib/python3.6/site-packages/airflow/example_dags/example_bash_operator.py took 0.092 seconds
[2023-12-28 09:33:12,258] {processor.py:162} INFO - Started process (PID=5656) to work on /home/airflow/.local/lib/python3.6/site-packages/airflow/example_dags/example_bash_operator.py
[2023-12-28 09:33:12,259] {processor.py:613} INFO - Processing file /home/airflow/.local/lib/python3.6/site-packages/airflow/example_dags/example_bash_operator.py for tasks to queue
[2023-12-28 09:33:12,260] {logging_mixin.py:109} INFO - [2023-12-28 09:33:12,260] {dagbag.py:496} INFO - Filling up the DagBag from /home/airflow/.local/lib/python3.6/site-packages/airflow/example_dags/example_bash_operator.py
[2023-12-28 09:33:12,277] {processor.py:623} INFO - DAG(s) dict_keys(['example_bash_operator']) retrieved from /home/airflow/.local/lib/python3.6/site-packages/airflow/example_dags/example_bash_operator.py
[2023-12-28 09:33:12,300] {logging_mixin.py:109} INFO - [2023-12-28 09:33:12,300] {dag.py:1834} INFO - Sync 1 DAGs
[2023-12-28 09:33:12,318] {logging_mixin.py:109} INFO - [2023-12-28 09:33:12,318] {dag.py:2287} INFO - Setting next_dagrun for example_bash_operator to 2023-12-26 00:00:00+00:00
[2023-12-28 09:33:12,332] {processor.py:170} INFO - Processing /home/airflow/.local/lib/python3.6/site-packages/airflow/example_dags/example_bash_operator.py took 0.077 seconds
[2023-12-28 09:33:42,424] {processor.py:162} INFO - Started process (PID=5848) to work on /home/airflow/.local/lib/python3.6/site-packages/airflow/example_dags/example_bash_operator.py
[2023-12-28 09:33:42,425] {processor.py:613} INFO - Processing file /home/airflow/.local/lib/python3.6/site-packages/airflow/example_dags/example_bash_operator.py for tasks to queue
[2023-12-28 09:33:42,426] {logging_mixin.py:109} INFO - [2023-12-28 09:33:42,426] {dagbag.py:496} INFO - Filling up the DagBag from /home/airflow/.local/lib/python3.6/site-packages/airflow/example_dags/example_bash_operator.py
[2023-12-28 09:33:42,444] {processor.py:623} INFO - DAG(s) dict_keys(['example_bash_operator']) retrieved from /home/airflow/.local/lib/python3.6/site-packages/airflow/example_dags/example_bash_operator.py
[2023-12-28 09:33:42,474] {logging_mixin.py:109} INFO - [2023-12-28 09:33:42,474] {dag.py:1834} INFO - Sync 1 DAGs
[2023-12-28 09:33:42,495] {logging_mixin.py:109} INFO - [2023-12-28 09:33:42,495] {dag.py:2287} INFO - Setting next_dagrun for example_bash_operator to 2023-12-26 00:00:00+00:00
[2023-12-28 09:33:42,512] {processor.py:170} INFO - Processing /home/airflow/.local/lib/python3.6/site-packages/airflow/example_dags/example_bash_operator.py took 0.092 seconds
[2023-12-28 09:34:12,806] {processor.py:162} INFO - Started process (PID=6041) to work on /home/airflow/.local/lib/python3.6/site-packages/airflow/example_dags/example_bash_operator.py
[2023-12-28 09:34:12,807] {processor.py:613} INFO - Processing file /home/airflow/.local/lib/python3.6/site-packages/airflow/example_dags/example_bash_operator.py for tasks to queue
[2023-12-28 09:34:12,808] {logging_mixin.py:109} INFO - [2023-12-28 09:34:12,808] {dagbag.py:496} INFO - Filling up the DagBag from /home/airflow/.local/lib/python3.6/site-packages/airflow/example_dags/example_bash_operator.py
[2023-12-28 09:34:12,828] {processor.py:623} INFO - DAG(s) dict_keys(['example_bash_operator']) retrieved from /home/airflow/.local/lib/python3.6/site-packages/airflow/example_dags/example_bash_operator.py
[2023-12-28 09:34:12,855] {logging_mixin.py:109} INFO - [2023-12-28 09:34:12,854] {dag.py:1834} INFO - Sync 1 DAGs
[2023-12-28 09:34:12,874] {logging_mixin.py:109} INFO - [2023-12-28 09:34:12,873] {dag.py:2287} INFO - Setting next_dagrun for example_bash_operator to 2023-12-26 00:00:00+00:00
[2023-12-28 09:34:12,887] {processor.py:170} INFO - Processing /home/airflow/.local/lib/python3.6/site-packages/airflow/example_dags/example_bash_operator.py took 0.085 seconds
[2023-12-28 09:34:43,657] {processor.py:162} INFO - Started process (PID=6246) to work on /home/airflow/.local/lib/python3.6/site-packages/airflow/example_dags/example_bash_operator.py
[2023-12-28 09:34:43,658] {processor.py:613} INFO - Processing file /home/airflow/.local/lib/python3.6/site-packages/airflow/example_dags/example_bash_operator.py for tasks to queue
[2023-12-28 09:34:43,658] {logging_mixin.py:109} INFO - [2023-12-28 09:34:43,658] {dagbag.py:496} INFO - Filling up the DagBag from /home/airflow/.local/lib/python3.6/site-packages/airflow/example_dags/example_bash_operator.py
[2023-12-28 09:34:43,675] {processor.py:623} INFO - DAG(s) dict_keys(['example_bash_operator']) retrieved from /home/airflow/.local/lib/python3.6/site-packages/airflow/example_dags/example_bash_operator.py
[2023-12-28 09:34:43,702] {logging_mixin.py:109} INFO - [2023-12-28 09:34:43,702] {dag.py:1834} INFO - Sync 1 DAGs
[2023-12-28 09:34:43,720] {logging_mixin.py:109} INFO - [2023-12-28 09:34:43,720] {dag.py:2287} INFO - Setting next_dagrun for example_bash_operator to 2023-12-26 00:00:00+00:00
[2023-12-28 09:34:43,734] {processor.py:170} INFO - Processing /home/airflow/.local/lib/python3.6/site-packages/airflow/example_dags/example_bash_operator.py took 0.080 seconds
[2023-12-28 09:35:14,994] {processor.py:162} INFO - Started process (PID=6446) to work on /home/airflow/.local/lib/python3.6/site-packages/airflow/example_dags/example_bash_operator.py
[2023-12-28 09:35:14,995] {processor.py:613} INFO - Processing file /home/airflow/.local/lib/python3.6/site-packages/airflow/example_dags/example_bash_operator.py for tasks to queue
[2023-12-28 09:35:14,996] {logging_mixin.py:109} INFO - [2023-12-28 09:35:14,996] {dagbag.py:496} INFO - Filling up the DagBag from /home/airflow/.local/lib/python3.6/site-packages/airflow/example_dags/example_bash_operator.py
[2023-12-28 09:35:15,012] {processor.py:623} INFO - DAG(s) dict_keys(['example_bash_operator']) retrieved from /home/airflow/.local/lib/python3.6/site-packages/airflow/example_dags/example_bash_operator.py
[2023-12-28 09:35:15,035] {logging_mixin.py:109} INFO - [2023-12-28 09:35:15,035] {dag.py:1834} INFO - Sync 1 DAGs
[2023-12-28 09:35:15,054] {logging_mixin.py:109} INFO - [2023-12-28 09:35:15,054] {dag.py:2287} INFO - Setting next_dagrun for example_bash_operator to 2023-12-26 00:00:00+00:00
[2023-12-28 09:35:15,067] {processor.py:170} INFO - Processing /home/airflow/.local/lib/python3.6/site-packages/airflow/example_dags/example_bash_operator.py took 0.076 seconds
[2023-12-28 09:35:46,071] {processor.py:162} INFO - Started process (PID=6651) to work on /home/airflow/.local/lib/python3.6/site-packages/airflow/example_dags/example_bash_operator.py
[2023-12-28 09:35:46,072] {processor.py:613} INFO - Processing file /home/airflow/.local/lib/python3.6/site-packages/airflow/example_dags/example_bash_operator.py for tasks to queue
[2023-12-28 09:35:46,073] {logging_mixin.py:109} INFO - [2023-12-28 09:35:46,073] {dagbag.py:496} INFO - Filling up the DagBag from /home/airflow/.local/lib/python3.6/site-packages/airflow/example_dags/example_bash_operator.py
[2023-12-28 09:35:46,088] {processor.py:623} INFO - DAG(s) dict_keys(['example_bash_operator']) retrieved from /home/airflow/.local/lib/python3.6/site-packages/airflow/example_dags/example_bash_operator.py
[2023-12-28 09:35:46,113] {logging_mixin.py:109} INFO - [2023-12-28 09:35:46,113] {dag.py:1834} INFO - Sync 1 DAGs
[2023-12-28 09:35:46,132] {logging_mixin.py:109} INFO - [2023-12-28 09:35:46,131] {dag.py:2287} INFO - Setting next_dagrun for example_bash_operator to 2023-12-26 00:00:00+00:00
[2023-12-28 09:35:46,145] {processor.py:170} INFO - Processing /home/airflow/.local/lib/python3.6/site-packages/airflow/example_dags/example_bash_operator.py took 0.077 seconds
[2023-12-28 09:36:17,318] {processor.py:162} INFO - Started process (PID=6846) to work on /home/airflow/.local/lib/python3.6/site-packages/airflow/example_dags/example_bash_operator.py
[2023-12-28 09:36:17,320] {processor.py:613} INFO - Processing file /home/airflow/.local/lib/python3.6/site-packages/airflow/example_dags/example_bash_operator.py for tasks to queue
[2023-12-28 09:36:17,322] {logging_mixin.py:109} INFO - [2023-12-28 09:36:17,321] {dagbag.py:496} INFO - Filling up the DagBag from /home/airflow/.local/lib/python3.6/site-packages/airflow/example_dags/example_bash_operator.py
[2023-12-28 09:36:17,337] {processor.py:623} INFO - DAG(s) dict_keys(['example_bash_operator']) retrieved from /home/airflow/.local/lib/python3.6/site-packages/airflow/example_dags/example_bash_operator.py
[2023-12-28 09:36:17,362] {logging_mixin.py:109} INFO - [2023-12-28 09:36:17,361] {dag.py:1834} INFO - Sync 1 DAGs
[2023-12-28 09:36:17,380] {logging_mixin.py:109} INFO - [2023-12-28 09:36:17,380] {dag.py:2287} INFO - Setting next_dagrun for example_bash_operator to 2023-12-26 00:00:00+00:00
[2023-12-28 09:36:17,393] {processor.py:170} INFO - Processing /home/airflow/.local/lib/python3.6/site-packages/airflow/example_dags/example_bash_operator.py took 0.078 seconds
[2023-12-28 09:36:48,424] {processor.py:162} INFO - Started process (PID=7051) to work on /home/airflow/.local/lib/python3.6/site-packages/airflow/example_dags/example_bash_operator.py
[2023-12-28 09:36:48,425] {processor.py:613} INFO - Processing file /home/airflow/.local/lib/python3.6/site-packages/airflow/example_dags/example_bash_operator.py for tasks to queue
[2023-12-28 09:36:48,426] {logging_mixin.py:109} INFO - [2023-12-28 09:36:48,426] {dagbag.py:496} INFO - Filling up the DagBag from /home/airflow/.local/lib/python3.6/site-packages/airflow/example_dags/example_bash_operator.py
[2023-12-28 09:36:48,439] {processor.py:623} INFO - DAG(s) dict_keys(['example_bash_operator']) retrieved from /home/airflow/.local/lib/python3.6/site-packages/airflow/example_dags/example_bash_operator.py
[2023-12-28 09:36:48,459] {logging_mixin.py:109} INFO - [2023-12-28 09:36:48,458] {dag.py:1834} INFO - Sync 1 DAGs
[2023-12-28 09:36:48,475] {logging_mixin.py:109} INFO - [2023-12-28 09:36:48,475] {dag.py:2287} INFO - Setting next_dagrun for example_bash_operator to 2023-12-26 00:00:00+00:00
[2023-12-28 09:36:48,488] {processor.py:170} INFO - Processing /home/airflow/.local/lib/python3.6/site-packages/airflow/example_dags/example_bash_operator.py took 0.067 seconds
[2023-12-28 09:37:19,442] {processor.py:162} INFO - Started process (PID=7246) to work on /home/airflow/.local/lib/python3.6/site-packages/airflow/example_dags/example_bash_operator.py
[2023-12-28 09:37:19,443] {processor.py:613} INFO - Processing file /home/airflow/.local/lib/python3.6/site-packages/airflow/example_dags/example_bash_operator.py for tasks to queue
[2023-12-28 09:37:19,443] {logging_mixin.py:109} INFO - [2023-12-28 09:37:19,443] {dagbag.py:496} INFO - Filling up the DagBag from /home/airflow/.local/lib/python3.6/site-packages/airflow/example_dags/example_bash_operator.py
[2023-12-28 09:37:19,456] {processor.py:623} INFO - DAG(s) dict_keys(['example_bash_operator']) retrieved from /home/airflow/.local/lib/python3.6/site-packages/airflow/example_dags/example_bash_operator.py
[2023-12-28 09:37:19,476] {logging_mixin.py:109} INFO - [2023-12-28 09:37:19,476] {dag.py:1834} INFO - Sync 1 DAGs
[2023-12-28 09:37:19,491] {logging_mixin.py:109} INFO - [2023-12-28 09:37:19,491] {dag.py:2287} INFO - Setting next_dagrun for example_bash_operator to 2023-12-26 00:00:00+00:00
[2023-12-28 09:37:19,503] {processor.py:170} INFO - Processing /home/airflow/.local/lib/python3.6/site-packages/airflow/example_dags/example_bash_operator.py took 0.063 seconds
[2023-12-28 09:37:50,539] {processor.py:162} INFO - Started process (PID=7450) to work on /home/airflow/.local/lib/python3.6/site-packages/airflow/example_dags/example_bash_operator.py
[2023-12-28 09:37:50,541] {processor.py:613} INFO - Processing file /home/airflow/.local/lib/python3.6/site-packages/airflow/example_dags/example_bash_operator.py for tasks to queue
[2023-12-28 09:37:50,542] {logging_mixin.py:109} INFO - [2023-12-28 09:37:50,542] {dagbag.py:496} INFO - Filling up the DagBag from /home/airflow/.local/lib/python3.6/site-packages/airflow/example_dags/example_bash_operator.py
[2023-12-28 09:37:50,558] {processor.py:623} INFO - DAG(s) dict_keys(['example_bash_operator']) retrieved from /home/airflow/.local/lib/python3.6/site-packages/airflow/example_dags/example_bash_operator.py
[2023-12-28 09:37:50,585] {logging_mixin.py:109} INFO - [2023-12-28 09:37:50,584] {dag.py:1834} INFO - Sync 1 DAGs
[2023-12-28 09:37:50,603] {logging_mixin.py:109} INFO - [2023-12-28 09:37:50,603] {dag.py:2287} INFO - Setting next_dagrun for example_bash_operator to 2023-12-26 00:00:00+00:00
[2023-12-28 09:37:50,617] {processor.py:170} INFO - Processing /home/airflow/.local/lib/python3.6/site-packages/airflow/example_dags/example_bash_operator.py took 0.081 seconds
[2023-12-28 09:38:20,978] {processor.py:162} INFO - Started process (PID=7646) to work on /home/airflow/.local/lib/python3.6/site-packages/airflow/example_dags/example_bash_operator.py
[2023-12-28 09:38:20,979] {processor.py:613} INFO - Processing file /home/airflow/.local/lib/python3.6/site-packages/airflow/example_dags/example_bash_operator.py for tasks to queue
[2023-12-28 09:38:20,980] {logging_mixin.py:109} INFO - [2023-12-28 09:38:20,980] {dagbag.py:496} INFO - Filling up the DagBag from /home/airflow/.local/lib/python3.6/site-packages/airflow/example_dags/example_bash_operator.py
[2023-12-28 09:38:20,999] {processor.py:623} INFO - DAG(s) dict_keys(['example_bash_operator']) retrieved from /home/airflow/.local/lib/python3.6/site-packages/airflow/example_dags/example_bash_operator.py
[2023-12-28 09:38:21,026] {logging_mixin.py:109} INFO - [2023-12-28 09:38:21,026] {dag.py:1834} INFO - Sync 1 DAGs
[2023-12-28 09:38:21,047] {logging_mixin.py:109} INFO - [2023-12-28 09:38:21,047] {dag.py:2287} INFO - Setting next_dagrun for example_bash_operator to 2023-12-26 00:00:00+00:00
[2023-12-28 09:38:21,062] {processor.py:170} INFO - Processing /home/airflow/.local/lib/python3.6/site-packages/airflow/example_dags/example_bash_operator.py took 0.087 seconds
[2023-12-28 09:38:51,829] {processor.py:162} INFO - Started process (PID=7841) to work on /home/airflow/.local/lib/python3.6/site-packages/airflow/example_dags/example_bash_operator.py
[2023-12-28 09:38:51,831] {processor.py:613} INFO - Processing file /home/airflow/.local/lib/python3.6/site-packages/airflow/example_dags/example_bash_operator.py for tasks to queue
[2023-12-28 09:38:51,832] {logging_mixin.py:109} INFO - [2023-12-28 09:38:51,832] {dagbag.py:496} INFO - Filling up the DagBag from /home/airflow/.local/lib/python3.6/site-packages/airflow/example_dags/example_bash_operator.py
[2023-12-28 09:38:51,847] {processor.py:623} INFO - DAG(s) dict_keys(['example_bash_operator']) retrieved from /home/airflow/.local/lib/python3.6/site-packages/airflow/example_dags/example_bash_operator.py
[2023-12-28 09:38:51,872] {logging_mixin.py:109} INFO - [2023-12-28 09:38:51,872] {dag.py:1834} INFO - Sync 1 DAGs
[2023-12-28 09:38:51,892] {logging_mixin.py:109} INFO - [2023-12-28 09:38:51,892] {dag.py:2287} INFO - Setting next_dagrun for example_bash_operator to 2023-12-26 00:00:00+00:00
[2023-12-28 09:38:51,907] {processor.py:170} INFO - Processing /home/airflow/.local/lib/python3.6/site-packages/airflow/example_dags/example_bash_operator.py took 0.081 seconds
[2023-12-28 09:39:22,602] {processor.py:162} INFO - Started process (PID=8046) to work on /home/airflow/.local/lib/python3.6/site-packages/airflow/example_dags/example_bash_operator.py
[2023-12-28 09:39:22,603] {processor.py:613} INFO - Processing file /home/airflow/.local/lib/python3.6/site-packages/airflow/example_dags/example_bash_operator.py for tasks to queue
[2023-12-28 09:39:22,604] {logging_mixin.py:109} INFO - [2023-12-28 09:39:22,604] {dagbag.py:496} INFO - Filling up the DagBag from /home/airflow/.local/lib/python3.6/site-packages/airflow/example_dags/example_bash_operator.py
[2023-12-28 09:39:22,618] {processor.py:623} INFO - DAG(s) dict_keys(['example_bash_operator']) retrieved from /home/airflow/.local/lib/python3.6/site-packages/airflow/example_dags/example_bash_operator.py
[2023-12-28 09:39:22,642] {logging_mixin.py:109} INFO - [2023-12-28 09:39:22,642] {dag.py:1834} INFO - Sync 1 DAGs
[2023-12-28 09:39:22,662] {logging_mixin.py:109} INFO - [2023-12-28 09:39:22,662] {dag.py:2287} INFO - Setting next_dagrun for example_bash_operator to 2023-12-26 00:00:00+00:00
[2023-12-28 09:39:22,675] {processor.py:170} INFO - Processing /home/airflow/.local/lib/python3.6/site-packages/airflow/example_dags/example_bash_operator.py took 0.076 seconds
[2023-12-28 09:39:53,712] {processor.py:162} INFO - Started process (PID=8241) to work on /home/airflow/.local/lib/python3.6/site-packages/airflow/example_dags/example_bash_operator.py
[2023-12-28 09:39:53,714] {processor.py:613} INFO - Processing file /home/airflow/.local/lib/python3.6/site-packages/airflow/example_dags/example_bash_operator.py for tasks to queue
[2023-12-28 09:39:53,714] {logging_mixin.py:109} INFO - [2023-12-28 09:39:53,714] {dagbag.py:496} INFO - Filling up the DagBag from /home/airflow/.local/lib/python3.6/site-packages/airflow/example_dags/example_bash_operator.py
[2023-12-28 09:39:53,731] {processor.py:623} INFO - DAG(s) dict_keys(['example_bash_operator']) retrieved from /home/airflow/.local/lib/python3.6/site-packages/airflow/example_dags/example_bash_operator.py
[2023-12-28 09:39:53,756] {logging_mixin.py:109} INFO - [2023-12-28 09:39:53,756] {dag.py:1834} INFO - Sync 1 DAGs
[2023-12-28 09:39:53,774] {logging_mixin.py:109} INFO - [2023-12-28 09:39:53,774] {dag.py:2287} INFO - Setting next_dagrun for example_bash_operator to 2023-12-26 00:00:00+00:00
[2023-12-28 09:39:53,788] {processor.py:170} INFO - Processing /home/airflow/.local/lib/python3.6/site-packages/airflow/example_dags/example_bash_operator.py took 0.079 seconds
[2023-12-28 09:40:24,257] {processor.py:162} INFO - Started process (PID=8446) to work on /home/airflow/.local/lib/python3.6/site-packages/airflow/example_dags/example_bash_operator.py
[2023-12-28 09:40:24,259] {processor.py:613} INFO - Processing file /home/airflow/.local/lib/python3.6/site-packages/airflow/example_dags/example_bash_operator.py for tasks to queue
[2023-12-28 09:40:24,260] {logging_mixin.py:109} INFO - [2023-12-28 09:40:24,260] {dagbag.py:496} INFO - Filling up the DagBag from /home/airflow/.local/lib/python3.6/site-packages/airflow/example_dags/example_bash_operator.py
[2023-12-28 09:40:24,276] {processor.py:623} INFO - DAG(s) dict_keys(['example_bash_operator']) retrieved from /home/airflow/.local/lib/python3.6/site-packages/airflow/example_dags/example_bash_operator.py
[2023-12-28 09:40:24,302] {logging_mixin.py:109} INFO - [2023-12-28 09:40:24,302] {dag.py:1834} INFO - Sync 1 DAGs
[2023-12-28 09:40:24,320] {logging_mixin.py:109} INFO - [2023-12-28 09:40:24,320] {dag.py:2287} INFO - Setting next_dagrun for example_bash_operator to 2023-12-26 00:00:00+00:00
[2023-12-28 09:40:24,335] {processor.py:170} INFO - Processing /home/airflow/.local/lib/python3.6/site-packages/airflow/example_dags/example_bash_operator.py took 0.080 seconds
