[2023-12-28 09:19:25,215] {processor.py:162} INFO - Started process (PID=336) to work on /home/airflow/.local/lib/python3.6/site-packages/airflow/example_dags/example_xcomargs.py
[2023-12-28 09:19:25,216] {processor.py:613} INFO - Processing file /home/airflow/.local/lib/python3.6/site-packages/airflow/example_dags/example_xcomargs.py for tasks to queue
[2023-12-28 09:19:25,216] {logging_mixin.py:109} INFO - [2023-12-28 09:19:25,216] {dagbag.py:496} INFO - Filling up the DagBag from /home/airflow/.local/lib/python3.6/site-packages/airflow/example_dags/example_xcomargs.py
[2023-12-28 09:19:25,234] {processor.py:623} INFO - DAG(s) dict_keys(['example_xcom_args', 'example_xcom_args_with_operators']) retrieved from /home/airflow/.local/lib/python3.6/site-packages/airflow/example_dags/example_xcomargs.py
[2023-12-28 09:19:25,449] {logging_mixin.py:109} INFO - [2023-12-28 09:19:25,449] {dag.py:1834} INFO - Sync 2 DAGs
[2023-12-28 09:19:25,461] {logging_mixin.py:109} INFO - [2023-12-28 09:19:25,461] {dag.py:2287} INFO - Setting next_dagrun for example_xcom_args to None
[2023-12-28 09:19:25,461] {logging_mixin.py:109} INFO - [2023-12-28 09:19:25,461] {dag.py:2287} INFO - Setting next_dagrun for example_xcom_args_with_operators to None
[2023-12-28 09:19:25,475] {processor.py:170} INFO - Processing /home/airflow/.local/lib/python3.6/site-packages/airflow/example_dags/example_xcomargs.py took 0.262 seconds
[2023-12-28 09:19:56,409] {processor.py:162} INFO - Started process (PID=531) to work on /home/airflow/.local/lib/python3.6/site-packages/airflow/example_dags/example_xcomargs.py
[2023-12-28 09:19:56,411] {processor.py:613} INFO - Processing file /home/airflow/.local/lib/python3.6/site-packages/airflow/example_dags/example_xcomargs.py for tasks to queue
[2023-12-28 09:19:56,413] {logging_mixin.py:109} INFO - [2023-12-28 09:19:56,413] {dagbag.py:496} INFO - Filling up the DagBag from /home/airflow/.local/lib/python3.6/site-packages/airflow/example_dags/example_xcomargs.py
[2023-12-28 09:19:56,439] {processor.py:623} INFO - DAG(s) dict_keys(['example_xcom_args', 'example_xcom_args_with_operators']) retrieved from /home/airflow/.local/lib/python3.6/site-packages/airflow/example_dags/example_xcomargs.py
[2023-12-28 09:19:57,378] {logging_mixin.py:109} INFO - [2023-12-28 09:19:57,378] {dag.py:1834} INFO - Sync 2 DAGs
[2023-12-28 09:19:57,440] {logging_mixin.py:109} INFO - [2023-12-28 09:19:57,440] {dag.py:2287} INFO - Setting next_dagrun for example_xcom_args to None
[2023-12-28 09:19:57,443] {logging_mixin.py:109} INFO - [2023-12-28 09:19:57,443] {dag.py:2287} INFO - Setting next_dagrun for example_xcom_args_with_operators to None
[2023-12-28 09:19:57,544] {processor.py:170} INFO - Processing /home/airflow/.local/lib/python3.6/site-packages/airflow/example_dags/example_xcomargs.py took 1.138 seconds
[2023-12-28 09:20:27,882] {processor.py:162} INFO - Started process (PID=743) to work on /home/airflow/.local/lib/python3.6/site-packages/airflow/example_dags/example_xcomargs.py
[2023-12-28 09:20:27,884] {processor.py:613} INFO - Processing file /home/airflow/.local/lib/python3.6/site-packages/airflow/example_dags/example_xcomargs.py for tasks to queue
[2023-12-28 09:20:27,885] {logging_mixin.py:109} INFO - [2023-12-28 09:20:27,885] {dagbag.py:496} INFO - Filling up the DagBag from /home/airflow/.local/lib/python3.6/site-packages/airflow/example_dags/example_xcomargs.py
[2023-12-28 09:20:27,901] {processor.py:623} INFO - DAG(s) dict_keys(['example_xcom_args', 'example_xcom_args_with_operators']) retrieved from /home/airflow/.local/lib/python3.6/site-packages/airflow/example_dags/example_xcomargs.py
[2023-12-28 09:20:28,067] {logging_mixin.py:109} INFO - [2023-12-28 09:20:28,067] {dag.py:1834} INFO - Sync 2 DAGs
[2023-12-28 09:20:28,080] {logging_mixin.py:109} INFO - [2023-12-28 09:20:28,080] {dag.py:2287} INFO - Setting next_dagrun for example_xcom_args to None
[2023-12-28 09:20:28,081] {logging_mixin.py:109} INFO - [2023-12-28 09:20:28,080] {dag.py:2287} INFO - Setting next_dagrun for example_xcom_args_with_operators to None
[2023-12-28 09:20:28,093] {processor.py:170} INFO - Processing /home/airflow/.local/lib/python3.6/site-packages/airflow/example_dags/example_xcomargs.py took 0.214 seconds
[2023-12-28 09:20:58,446] {processor.py:162} INFO - Started process (PID=938) to work on /home/airflow/.local/lib/python3.6/site-packages/airflow/example_dags/example_xcomargs.py
[2023-12-28 09:20:58,447] {processor.py:613} INFO - Processing file /home/airflow/.local/lib/python3.6/site-packages/airflow/example_dags/example_xcomargs.py for tasks to queue
[2023-12-28 09:20:58,447] {logging_mixin.py:109} INFO - [2023-12-28 09:20:58,447] {dagbag.py:496} INFO - Filling up the DagBag from /home/airflow/.local/lib/python3.6/site-packages/airflow/example_dags/example_xcomargs.py
[2023-12-28 09:20:58,466] {processor.py:623} INFO - DAG(s) dict_keys(['example_xcom_args', 'example_xcom_args_with_operators']) retrieved from /home/airflow/.local/lib/python3.6/site-packages/airflow/example_dags/example_xcomargs.py
[2023-12-28 09:20:58,684] {logging_mixin.py:109} INFO - [2023-12-28 09:20:58,684] {dag.py:1834} INFO - Sync 2 DAGs
[2023-12-28 09:20:58,700] {logging_mixin.py:109} INFO - [2023-12-28 09:20:58,700] {dag.py:2287} INFO - Setting next_dagrun for example_xcom_args to None
[2023-12-28 09:20:58,701] {logging_mixin.py:109} INFO - [2023-12-28 09:20:58,701] {dag.py:2287} INFO - Setting next_dagrun for example_xcom_args_with_operators to None
[2023-12-28 09:20:58,716] {processor.py:170} INFO - Processing /home/airflow/.local/lib/python3.6/site-packages/airflow/example_dags/example_xcomargs.py took 0.273 seconds
[2023-12-28 09:21:29,389] {processor.py:162} INFO - Started process (PID=1143) to work on /home/airflow/.local/lib/python3.6/site-packages/airflow/example_dags/example_xcomargs.py
[2023-12-28 09:21:29,390] {processor.py:613} INFO - Processing file /home/airflow/.local/lib/python3.6/site-packages/airflow/example_dags/example_xcomargs.py for tasks to queue
[2023-12-28 09:21:29,391] {logging_mixin.py:109} INFO - [2023-12-28 09:21:29,391] {dagbag.py:496} INFO - Filling up the DagBag from /home/airflow/.local/lib/python3.6/site-packages/airflow/example_dags/example_xcomargs.py
[2023-12-28 09:21:29,413] {processor.py:623} INFO - DAG(s) dict_keys(['example_xcom_args', 'example_xcom_args_with_operators']) retrieved from /home/airflow/.local/lib/python3.6/site-packages/airflow/example_dags/example_xcomargs.py
[2023-12-28 09:21:29,664] {logging_mixin.py:109} INFO - [2023-12-28 09:21:29,664] {dag.py:1834} INFO - Sync 2 DAGs
[2023-12-28 09:21:29,681] {logging_mixin.py:109} INFO - [2023-12-28 09:21:29,681] {dag.py:2287} INFO - Setting next_dagrun for example_xcom_args to None
[2023-12-28 09:21:29,682] {logging_mixin.py:109} INFO - [2023-12-28 09:21:29,682] {dag.py:2287} INFO - Setting next_dagrun for example_xcom_args_with_operators to None
[2023-12-28 09:21:29,712] {processor.py:170} INFO - Processing /home/airflow/.local/lib/python3.6/site-packages/airflow/example_dags/example_xcomargs.py took 0.326 seconds
[2023-12-28 09:22:00,151] {processor.py:162} INFO - Started process (PID=1338) to work on /home/airflow/.local/lib/python3.6/site-packages/airflow/example_dags/example_xcomargs.py
[2023-12-28 09:22:00,153] {processor.py:613} INFO - Processing file /home/airflow/.local/lib/python3.6/site-packages/airflow/example_dags/example_xcomargs.py for tasks to queue
[2023-12-28 09:22:00,153] {logging_mixin.py:109} INFO - [2023-12-28 09:22:00,153] {dagbag.py:496} INFO - Filling up the DagBag from /home/airflow/.local/lib/python3.6/site-packages/airflow/example_dags/example_xcomargs.py
[2023-12-28 09:22:00,176] {processor.py:623} INFO - DAG(s) dict_keys(['example_xcom_args', 'example_xcom_args_with_operators']) retrieved from /home/airflow/.local/lib/python3.6/site-packages/airflow/example_dags/example_xcomargs.py
[2023-12-28 09:22:00,209] {logging_mixin.py:109} INFO - [2023-12-28 09:22:00,209] {dag.py:1834} INFO - Sync 2 DAGs
[2023-12-28 09:22:00,228] {logging_mixin.py:109} INFO - [2023-12-28 09:22:00,228] {dag.py:2287} INFO - Setting next_dagrun for example_xcom_args to None
[2023-12-28 09:22:00,230] {logging_mixin.py:109} INFO - [2023-12-28 09:22:00,230] {dag.py:2287} INFO - Setting next_dagrun for example_xcom_args_with_operators to None
[2023-12-28 09:22:00,249] {processor.py:170} INFO - Processing /home/airflow/.local/lib/python3.6/site-packages/airflow/example_dags/example_xcomargs.py took 0.101 seconds
[2023-12-28 09:22:30,543] {processor.py:162} INFO - Started process (PID=1543) to work on /home/airflow/.local/lib/python3.6/site-packages/airflow/example_dags/example_xcomargs.py
[2023-12-28 09:22:30,545] {processor.py:613} INFO - Processing file /home/airflow/.local/lib/python3.6/site-packages/airflow/example_dags/example_xcomargs.py for tasks to queue
[2023-12-28 09:22:30,545] {logging_mixin.py:109} INFO - [2023-12-28 09:22:30,545] {dagbag.py:496} INFO - Filling up the DagBag from /home/airflow/.local/lib/python3.6/site-packages/airflow/example_dags/example_xcomargs.py
[2023-12-28 09:22:30,567] {processor.py:623} INFO - DAG(s) dict_keys(['example_xcom_args', 'example_xcom_args_with_operators']) retrieved from /home/airflow/.local/lib/python3.6/site-packages/airflow/example_dags/example_xcomargs.py
[2023-12-28 09:22:30,814] {logging_mixin.py:109} INFO - [2023-12-28 09:22:30,814] {dag.py:1834} INFO - Sync 2 DAGs
[2023-12-28 09:22:30,829] {logging_mixin.py:109} INFO - [2023-12-28 09:22:30,829] {dag.py:2287} INFO - Setting next_dagrun for example_xcom_args to None
[2023-12-28 09:22:30,830] {logging_mixin.py:109} INFO - [2023-12-28 09:22:30,830] {dag.py:2287} INFO - Setting next_dagrun for example_xcom_args_with_operators to None
[2023-12-28 09:22:30,847] {processor.py:170} INFO - Processing /home/airflow/.local/lib/python3.6/site-packages/airflow/example_dags/example_xcomargs.py took 0.307 seconds
[2023-12-28 09:23:01,092] {processor.py:162} INFO - Started process (PID=1738) to work on /home/airflow/.local/lib/python3.6/site-packages/airflow/example_dags/example_xcomargs.py
[2023-12-28 09:23:01,094] {processor.py:613} INFO - Processing file /home/airflow/.local/lib/python3.6/site-packages/airflow/example_dags/example_xcomargs.py for tasks to queue
[2023-12-28 09:23:01,094] {logging_mixin.py:109} INFO - [2023-12-28 09:23:01,094] {dagbag.py:496} INFO - Filling up the DagBag from /home/airflow/.local/lib/python3.6/site-packages/airflow/example_dags/example_xcomargs.py
[2023-12-28 09:23:01,111] {processor.py:623} INFO - DAG(s) dict_keys(['example_xcom_args', 'example_xcom_args_with_operators']) retrieved from /home/airflow/.local/lib/python3.6/site-packages/airflow/example_dags/example_xcomargs.py
[2023-12-28 09:23:01,306] {logging_mixin.py:109} INFO - [2023-12-28 09:23:01,306] {dag.py:1834} INFO - Sync 2 DAGs
[2023-12-28 09:23:01,322] {logging_mixin.py:109} INFO - [2023-12-28 09:23:01,322] {dag.py:2287} INFO - Setting next_dagrun for example_xcom_args to None
[2023-12-28 09:23:01,323] {logging_mixin.py:109} INFO - [2023-12-28 09:23:01,323] {dag.py:2287} INFO - Setting next_dagrun for example_xcom_args_with_operators to None
[2023-12-28 09:23:01,339] {processor.py:170} INFO - Processing /home/airflow/.local/lib/python3.6/site-packages/airflow/example_dags/example_xcomargs.py took 0.249 seconds
[2023-12-28 09:23:31,668] {processor.py:162} INFO - Started process (PID=1933) to work on /home/airflow/.local/lib/python3.6/site-packages/airflow/example_dags/example_xcomargs.py
[2023-12-28 09:23:31,669] {processor.py:613} INFO - Processing file /home/airflow/.local/lib/python3.6/site-packages/airflow/example_dags/example_xcomargs.py for tasks to queue
[2023-12-28 09:23:31,670] {logging_mixin.py:109} INFO - [2023-12-28 09:23:31,670] {dagbag.py:496} INFO - Filling up the DagBag from /home/airflow/.local/lib/python3.6/site-packages/airflow/example_dags/example_xcomargs.py
[2023-12-28 09:23:31,693] {processor.py:623} INFO - DAG(s) dict_keys(['example_xcom_args', 'example_xcom_args_with_operators']) retrieved from /home/airflow/.local/lib/python3.6/site-packages/airflow/example_dags/example_xcomargs.py
[2023-12-28 09:23:31,951] {logging_mixin.py:109} INFO - [2023-12-28 09:23:31,951] {dag.py:1834} INFO - Sync 2 DAGs
[2023-12-28 09:23:31,968] {logging_mixin.py:109} INFO - [2023-12-28 09:23:31,968] {dag.py:2287} INFO - Setting next_dagrun for example_xcom_args to None
[2023-12-28 09:23:31,969] {logging_mixin.py:109} INFO - [2023-12-28 09:23:31,969] {dag.py:2287} INFO - Setting next_dagrun for example_xcom_args_with_operators to None
[2023-12-28 09:23:31,990] {processor.py:170} INFO - Processing /home/airflow/.local/lib/python3.6/site-packages/airflow/example_dags/example_xcomargs.py took 0.326 seconds
[2023-12-28 09:24:02,308] {processor.py:162} INFO - Started process (PID=2138) to work on /home/airflow/.local/lib/python3.6/site-packages/airflow/example_dags/example_xcomargs.py
[2023-12-28 09:24:02,320] {processor.py:613} INFO - Processing file /home/airflow/.local/lib/python3.6/site-packages/airflow/example_dags/example_xcomargs.py for tasks to queue
[2023-12-28 09:24:02,321] {logging_mixin.py:109} INFO - [2023-12-28 09:24:02,321] {dagbag.py:496} INFO - Filling up the DagBag from /home/airflow/.local/lib/python3.6/site-packages/airflow/example_dags/example_xcomargs.py
[2023-12-28 09:24:02,343] {processor.py:623} INFO - DAG(s) dict_keys(['example_xcom_args', 'example_xcom_args_with_operators']) retrieved from /home/airflow/.local/lib/python3.6/site-packages/airflow/example_dags/example_xcomargs.py
[2023-12-28 09:24:02,599] {logging_mixin.py:109} INFO - [2023-12-28 09:24:02,598] {dag.py:1834} INFO - Sync 2 DAGs
[2023-12-28 09:24:02,617] {logging_mixin.py:109} INFO - [2023-12-28 09:24:02,617] {dag.py:2287} INFO - Setting next_dagrun for example_xcom_args to None
[2023-12-28 09:24:02,619] {logging_mixin.py:109} INFO - [2023-12-28 09:24:02,619] {dag.py:2287} INFO - Setting next_dagrun for example_xcom_args_with_operators to None
[2023-12-28 09:24:02,638] {processor.py:170} INFO - Processing /home/airflow/.local/lib/python3.6/site-packages/airflow/example_dags/example_xcomargs.py took 0.334 seconds
[2023-12-28 09:24:32,838] {processor.py:162} INFO - Started process (PID=2333) to work on /home/airflow/.local/lib/python3.6/site-packages/airflow/example_dags/example_xcomargs.py
[2023-12-28 09:24:32,839] {processor.py:613} INFO - Processing file /home/airflow/.local/lib/python3.6/site-packages/airflow/example_dags/example_xcomargs.py for tasks to queue
[2023-12-28 09:24:32,840] {logging_mixin.py:109} INFO - [2023-12-28 09:24:32,840] {dagbag.py:496} INFO - Filling up the DagBag from /home/airflow/.local/lib/python3.6/site-packages/airflow/example_dags/example_xcomargs.py
[2023-12-28 09:24:32,862] {processor.py:623} INFO - DAG(s) dict_keys(['example_xcom_args', 'example_xcom_args_with_operators']) retrieved from /home/airflow/.local/lib/python3.6/site-packages/airflow/example_dags/example_xcomargs.py
[2023-12-28 09:24:33,116] {logging_mixin.py:109} INFO - [2023-12-28 09:24:33,115] {dag.py:1834} INFO - Sync 2 DAGs
[2023-12-28 09:24:33,133] {logging_mixin.py:109} INFO - [2023-12-28 09:24:33,133] {dag.py:2287} INFO - Setting next_dagrun for example_xcom_args to None
[2023-12-28 09:24:33,135] {logging_mixin.py:109} INFO - [2023-12-28 09:24:33,134] {dag.py:2287} INFO - Setting next_dagrun for example_xcom_args_with_operators to None
[2023-12-28 09:24:33,152] {processor.py:170} INFO - Processing /home/airflow/.local/lib/python3.6/site-packages/airflow/example_dags/example_xcomargs.py took 0.318 seconds
[2023-12-28 09:25:03,206] {processor.py:162} INFO - Started process (PID=2538) to work on /home/airflow/.local/lib/python3.6/site-packages/airflow/example_dags/example_xcomargs.py
[2023-12-28 09:25:03,208] {processor.py:613} INFO - Processing file /home/airflow/.local/lib/python3.6/site-packages/airflow/example_dags/example_xcomargs.py for tasks to queue
[2023-12-28 09:25:03,209] {logging_mixin.py:109} INFO - [2023-12-28 09:25:03,209] {dagbag.py:496} INFO - Filling up the DagBag from /home/airflow/.local/lib/python3.6/site-packages/airflow/example_dags/example_xcomargs.py
[2023-12-28 09:25:03,229] {processor.py:623} INFO - DAG(s) dict_keys(['example_xcom_args', 'example_xcom_args_with_operators']) retrieved from /home/airflow/.local/lib/python3.6/site-packages/airflow/example_dags/example_xcomargs.py
[2023-12-28 09:25:03,454] {logging_mixin.py:109} INFO - [2023-12-28 09:25:03,454] {dag.py:1834} INFO - Sync 2 DAGs
[2023-12-28 09:25:03,469] {logging_mixin.py:109} INFO - [2023-12-28 09:25:03,469] {dag.py:2287} INFO - Setting next_dagrun for example_xcom_args to None
[2023-12-28 09:25:03,470] {logging_mixin.py:109} INFO - [2023-12-28 09:25:03,470] {dag.py:2287} INFO - Setting next_dagrun for example_xcom_args_with_operators to None
[2023-12-28 09:25:03,486] {processor.py:170} INFO - Processing /home/airflow/.local/lib/python3.6/site-packages/airflow/example_dags/example_xcomargs.py took 0.282 seconds
[2023-12-28 09:25:34,077] {processor.py:162} INFO - Started process (PID=2733) to work on /home/airflow/.local/lib/python3.6/site-packages/airflow/example_dags/example_xcomargs.py
[2023-12-28 09:25:34,078] {processor.py:613} INFO - Processing file /home/airflow/.local/lib/python3.6/site-packages/airflow/example_dags/example_xcomargs.py for tasks to queue
[2023-12-28 09:25:34,079] {logging_mixin.py:109} INFO - [2023-12-28 09:25:34,079] {dagbag.py:496} INFO - Filling up the DagBag from /home/airflow/.local/lib/python3.6/site-packages/airflow/example_dags/example_xcomargs.py
[2023-12-28 09:25:34,103] {processor.py:623} INFO - DAG(s) dict_keys(['example_xcom_args', 'example_xcom_args_with_operators']) retrieved from /home/airflow/.local/lib/python3.6/site-packages/airflow/example_dags/example_xcomargs.py
[2023-12-28 09:25:34,326] {logging_mixin.py:109} INFO - [2023-12-28 09:25:34,325] {dag.py:1834} INFO - Sync 2 DAGs
[2023-12-28 09:25:34,340] {logging_mixin.py:109} INFO - [2023-12-28 09:25:34,340] {dag.py:2287} INFO - Setting next_dagrun for example_xcom_args to None
[2023-12-28 09:25:34,341] {logging_mixin.py:109} INFO - [2023-12-28 09:25:34,341] {dag.py:2287} INFO - Setting next_dagrun for example_xcom_args_with_operators to None
[2023-12-28 09:25:34,356] {processor.py:170} INFO - Processing /home/airflow/.local/lib/python3.6/site-packages/airflow/example_dags/example_xcomargs.py took 0.282 seconds
[2023-12-28 09:26:04,559] {processor.py:162} INFO - Started process (PID=2920) to work on /home/airflow/.local/lib/python3.6/site-packages/airflow/example_dags/example_xcomargs.py
[2023-12-28 09:26:04,561] {processor.py:613} INFO - Processing file /home/airflow/.local/lib/python3.6/site-packages/airflow/example_dags/example_xcomargs.py for tasks to queue
[2023-12-28 09:26:04,561] {logging_mixin.py:109} INFO - [2023-12-28 09:26:04,561] {dagbag.py:496} INFO - Filling up the DagBag from /home/airflow/.local/lib/python3.6/site-packages/airflow/example_dags/example_xcomargs.py
[2023-12-28 09:26:04,587] {processor.py:623} INFO - DAG(s) dict_keys(['example_xcom_args', 'example_xcom_args_with_operators']) retrieved from /home/airflow/.local/lib/python3.6/site-packages/airflow/example_dags/example_xcomargs.py
[2023-12-28 09:26:04,862] {logging_mixin.py:109} INFO - [2023-12-28 09:26:04,862] {dag.py:1834} INFO - Sync 2 DAGs
[2023-12-28 09:26:04,876] {logging_mixin.py:109} INFO - [2023-12-28 09:26:04,876] {dag.py:2287} INFO - Setting next_dagrun for example_xcom_args to None
[2023-12-28 09:26:04,877] {logging_mixin.py:109} INFO - [2023-12-28 09:26:04,877] {dag.py:2287} INFO - Setting next_dagrun for example_xcom_args_with_operators to None
[2023-12-28 09:26:04,893] {processor.py:170} INFO - Processing /home/airflow/.local/lib/python3.6/site-packages/airflow/example_dags/example_xcomargs.py took 0.337 seconds
[2023-12-28 09:26:35,248] {processor.py:162} INFO - Started process (PID=3115) to work on /home/airflow/.local/lib/python3.6/site-packages/airflow/example_dags/example_xcomargs.py
[2023-12-28 09:26:35,250] {processor.py:613} INFO - Processing file /home/airflow/.local/lib/python3.6/site-packages/airflow/example_dags/example_xcomargs.py for tasks to queue
[2023-12-28 09:26:35,251] {logging_mixin.py:109} INFO - [2023-12-28 09:26:35,250] {dagbag.py:496} INFO - Filling up the DagBag from /home/airflow/.local/lib/python3.6/site-packages/airflow/example_dags/example_xcomargs.py
[2023-12-28 09:26:35,284] {processor.py:623} INFO - DAG(s) dict_keys(['example_xcom_args', 'example_xcom_args_with_operators']) retrieved from /home/airflow/.local/lib/python3.6/site-packages/airflow/example_dags/example_xcomargs.py
[2023-12-28 09:26:35,328] {logging_mixin.py:109} INFO - [2023-12-28 09:26:35,327] {dag.py:1834} INFO - Sync 2 DAGs
[2023-12-28 09:26:35,352] {logging_mixin.py:109} INFO - [2023-12-28 09:26:35,352] {dag.py:2287} INFO - Setting next_dagrun for example_xcom_args to None
[2023-12-28 09:26:35,354] {logging_mixin.py:109} INFO - [2023-12-28 09:26:35,354] {dag.py:2287} INFO - Setting next_dagrun for example_xcom_args_with_operators to None
[2023-12-28 09:26:35,375] {processor.py:170} INFO - Processing /home/airflow/.local/lib/python3.6/site-packages/airflow/example_dags/example_xcomargs.py took 0.132 seconds
[2023-12-28 09:27:05,611] {processor.py:162} INFO - Started process (PID=3315) to work on /home/airflow/.local/lib/python3.6/site-packages/airflow/example_dags/example_xcomargs.py
[2023-12-28 09:27:05,614] {processor.py:613} INFO - Processing file /home/airflow/.local/lib/python3.6/site-packages/airflow/example_dags/example_xcomargs.py for tasks to queue
[2023-12-28 09:27:05,615] {logging_mixin.py:109} INFO - [2023-12-28 09:27:05,615] {dagbag.py:496} INFO - Filling up the DagBag from /home/airflow/.local/lib/python3.6/site-packages/airflow/example_dags/example_xcomargs.py
[2023-12-28 09:27:05,637] {processor.py:623} INFO - DAG(s) dict_keys(['example_xcom_args', 'example_xcom_args_with_operators']) retrieved from /home/airflow/.local/lib/python3.6/site-packages/airflow/example_dags/example_xcomargs.py
[2023-12-28 09:27:05,885] {logging_mixin.py:109} INFO - [2023-12-28 09:27:05,884] {dag.py:1834} INFO - Sync 2 DAGs
[2023-12-28 09:27:05,902] {logging_mixin.py:109} INFO - [2023-12-28 09:27:05,902] {dag.py:2287} INFO - Setting next_dagrun for example_xcom_args to None
[2023-12-28 09:27:05,903] {logging_mixin.py:109} INFO - [2023-12-28 09:27:05,903] {dag.py:2287} INFO - Setting next_dagrun for example_xcom_args_with_operators to None
[2023-12-28 09:27:05,924] {processor.py:170} INFO - Processing /home/airflow/.local/lib/python3.6/site-packages/airflow/example_dags/example_xcomargs.py took 0.316 seconds
[2023-12-28 09:27:36,905] {processor.py:162} INFO - Started process (PID=3513) to work on /home/airflow/.local/lib/python3.6/site-packages/airflow/example_dags/example_xcomargs.py
[2023-12-28 09:27:36,906] {processor.py:613} INFO - Processing file /home/airflow/.local/lib/python3.6/site-packages/airflow/example_dags/example_xcomargs.py for tasks to queue
[2023-12-28 09:27:36,907] {logging_mixin.py:109} INFO - [2023-12-28 09:27:36,906] {dagbag.py:496} INFO - Filling up the DagBag from /home/airflow/.local/lib/python3.6/site-packages/airflow/example_dags/example_xcomargs.py
[2023-12-28 09:27:36,926] {processor.py:623} INFO - DAG(s) dict_keys(['example_xcom_args', 'example_xcom_args_with_operators']) retrieved from /home/airflow/.local/lib/python3.6/site-packages/airflow/example_dags/example_xcomargs.py
[2023-12-28 09:27:36,952] {logging_mixin.py:109} INFO - [2023-12-28 09:27:36,952] {dag.py:1834} INFO - Sync 2 DAGs
[2023-12-28 09:27:36,965] {logging_mixin.py:109} INFO - [2023-12-28 09:27:36,965] {dag.py:2287} INFO - Setting next_dagrun for example_xcom_args to None
[2023-12-28 09:27:36,966] {logging_mixin.py:109} INFO - [2023-12-28 09:27:36,966] {dag.py:2287} INFO - Setting next_dagrun for example_xcom_args_with_operators to None
[2023-12-28 09:27:36,988] {processor.py:170} INFO - Processing /home/airflow/.local/lib/python3.6/site-packages/airflow/example_dags/example_xcomargs.py took 0.086 seconds
[2023-12-28 09:28:07,737] {processor.py:162} INFO - Started process (PID=3708) to work on /home/airflow/.local/lib/python3.6/site-packages/airflow/example_dags/example_xcomargs.py
[2023-12-28 09:28:07,739] {processor.py:613} INFO - Processing file /home/airflow/.local/lib/python3.6/site-packages/airflow/example_dags/example_xcomargs.py for tasks to queue
[2023-12-28 09:28:07,739] {logging_mixin.py:109} INFO - [2023-12-28 09:28:07,739] {dagbag.py:496} INFO - Filling up the DagBag from /home/airflow/.local/lib/python3.6/site-packages/airflow/example_dags/example_xcomargs.py
[2023-12-28 09:28:07,755] {processor.py:623} INFO - DAG(s) dict_keys(['example_xcom_args', 'example_xcom_args_with_operators']) retrieved from /home/airflow/.local/lib/python3.6/site-packages/airflow/example_dags/example_xcomargs.py
[2023-12-28 09:28:07,779] {logging_mixin.py:109} INFO - [2023-12-28 09:28:07,779] {dag.py:1834} INFO - Sync 2 DAGs
[2023-12-28 09:28:07,792] {logging_mixin.py:109} INFO - [2023-12-28 09:28:07,792] {dag.py:2287} INFO - Setting next_dagrun for example_xcom_args to None
[2023-12-28 09:28:07,793] {logging_mixin.py:109} INFO - [2023-12-28 09:28:07,793] {dag.py:2287} INFO - Setting next_dagrun for example_xcom_args_with_operators to None
[2023-12-28 09:28:07,804] {processor.py:170} INFO - Processing /home/airflow/.local/lib/python3.6/site-packages/airflow/example_dags/example_xcomargs.py took 0.069 seconds
[2023-12-28 09:28:37,893] {processor.py:162} INFO - Started process (PID=3913) to work on /home/airflow/.local/lib/python3.6/site-packages/airflow/example_dags/example_xcomargs.py
[2023-12-28 09:28:37,894] {processor.py:613} INFO - Processing file /home/airflow/.local/lib/python3.6/site-packages/airflow/example_dags/example_xcomargs.py for tasks to queue
[2023-12-28 09:28:37,895] {logging_mixin.py:109} INFO - [2023-12-28 09:28:37,895] {dagbag.py:496} INFO - Filling up the DagBag from /home/airflow/.local/lib/python3.6/site-packages/airflow/example_dags/example_xcomargs.py
[2023-12-28 09:28:37,919] {processor.py:623} INFO - DAG(s) dict_keys(['example_xcom_args', 'example_xcom_args_with_operators']) retrieved from /home/airflow/.local/lib/python3.6/site-packages/airflow/example_dags/example_xcomargs.py
[2023-12-28 09:28:38,178] {logging_mixin.py:109} INFO - [2023-12-28 09:28:38,178] {dag.py:1834} INFO - Sync 2 DAGs
[2023-12-28 09:28:38,198] {logging_mixin.py:109} INFO - [2023-12-28 09:28:38,197] {dag.py:2287} INFO - Setting next_dagrun for example_xcom_args to None
[2023-12-28 09:28:38,199] {logging_mixin.py:109} INFO - [2023-12-28 09:28:38,199] {dag.py:2287} INFO - Setting next_dagrun for example_xcom_args_with_operators to None
[2023-12-28 09:28:38,216] {processor.py:170} INFO - Processing /home/airflow/.local/lib/python3.6/site-packages/airflow/example_dags/example_xcomargs.py took 0.327 seconds
[2023-12-28 09:29:08,330] {processor.py:162} INFO - Started process (PID=4108) to work on /home/airflow/.local/lib/python3.6/site-packages/airflow/example_dags/example_xcomargs.py
[2023-12-28 09:29:08,332] {processor.py:613} INFO - Processing file /home/airflow/.local/lib/python3.6/site-packages/airflow/example_dags/example_xcomargs.py for tasks to queue
[2023-12-28 09:29:08,333] {logging_mixin.py:109} INFO - [2023-12-28 09:29:08,332] {dagbag.py:496} INFO - Filling up the DagBag from /home/airflow/.local/lib/python3.6/site-packages/airflow/example_dags/example_xcomargs.py
[2023-12-28 09:29:08,357] {processor.py:623} INFO - DAG(s) dict_keys(['example_xcom_args', 'example_xcom_args_with_operators']) retrieved from /home/airflow/.local/lib/python3.6/site-packages/airflow/example_dags/example_xcomargs.py
[2023-12-28 09:29:08,615] {logging_mixin.py:109} INFO - [2023-12-28 09:29:08,615] {dag.py:1834} INFO - Sync 2 DAGs
[2023-12-28 09:29:08,633] {logging_mixin.py:109} INFO - [2023-12-28 09:29:08,632] {dag.py:2287} INFO - Setting next_dagrun for example_xcom_args to None
[2023-12-28 09:29:08,634] {logging_mixin.py:109} INFO - [2023-12-28 09:29:08,634] {dag.py:2287} INFO - Setting next_dagrun for example_xcom_args_with_operators to None
[2023-12-28 09:29:08,652] {processor.py:170} INFO - Processing /home/airflow/.local/lib/python3.6/site-packages/airflow/example_dags/example_xcomargs.py took 0.325 seconds
[2023-12-28 09:29:38,849] {processor.py:162} INFO - Started process (PID=4313) to work on /home/airflow/.local/lib/python3.6/site-packages/airflow/example_dags/example_xcomargs.py
[2023-12-28 09:29:38,850] {processor.py:613} INFO - Processing file /home/airflow/.local/lib/python3.6/site-packages/airflow/example_dags/example_xcomargs.py for tasks to queue
[2023-12-28 09:29:38,851] {logging_mixin.py:109} INFO - [2023-12-28 09:29:38,851] {dagbag.py:496} INFO - Filling up the DagBag from /home/airflow/.local/lib/python3.6/site-packages/airflow/example_dags/example_xcomargs.py
[2023-12-28 09:29:38,870] {processor.py:623} INFO - DAG(s) dict_keys(['example_xcom_args', 'example_xcom_args_with_operators']) retrieved from /home/airflow/.local/lib/python3.6/site-packages/airflow/example_dags/example_xcomargs.py
[2023-12-28 09:29:39,090] {logging_mixin.py:109} INFO - [2023-12-28 09:29:39,090] {dag.py:1834} INFO - Sync 2 DAGs
[2023-12-28 09:29:39,105] {logging_mixin.py:109} INFO - [2023-12-28 09:29:39,105] {dag.py:2287} INFO - Setting next_dagrun for example_xcom_args to None
[2023-12-28 09:29:39,106] {logging_mixin.py:109} INFO - [2023-12-28 09:29:39,106] {dag.py:2287} INFO - Setting next_dagrun for example_xcom_args_with_operators to None
[2023-12-28 09:29:39,123] {processor.py:170} INFO - Processing /home/airflow/.local/lib/python3.6/site-packages/airflow/example_dags/example_xcomargs.py took 0.276 seconds
[2023-12-28 09:30:09,385] {processor.py:162} INFO - Started process (PID=4508) to work on /home/airflow/.local/lib/python3.6/site-packages/airflow/example_dags/example_xcomargs.py
[2023-12-28 09:30:09,387] {processor.py:613} INFO - Processing file /home/airflow/.local/lib/python3.6/site-packages/airflow/example_dags/example_xcomargs.py for tasks to queue
[2023-12-28 09:30:09,388] {logging_mixin.py:109} INFO - [2023-12-28 09:30:09,388] {dagbag.py:496} INFO - Filling up the DagBag from /home/airflow/.local/lib/python3.6/site-packages/airflow/example_dags/example_xcomargs.py
[2023-12-28 09:30:09,413] {processor.py:623} INFO - DAG(s) dict_keys(['example_xcom_args', 'example_xcom_args_with_operators']) retrieved from /home/airflow/.local/lib/python3.6/site-packages/airflow/example_dags/example_xcomargs.py
[2023-12-28 09:30:09,667] {logging_mixin.py:109} INFO - [2023-12-28 09:30:09,667] {dag.py:1834} INFO - Sync 2 DAGs
[2023-12-28 09:30:09,688] {logging_mixin.py:109} INFO - [2023-12-28 09:30:09,688] {dag.py:2287} INFO - Setting next_dagrun for example_xcom_args to None
[2023-12-28 09:30:09,690] {logging_mixin.py:109} INFO - [2023-12-28 09:30:09,689] {dag.py:2287} INFO - Setting next_dagrun for example_xcom_args_with_operators to None
[2023-12-28 09:30:09,719] {processor.py:170} INFO - Processing /home/airflow/.local/lib/python3.6/site-packages/airflow/example_dags/example_xcomargs.py took 0.338 seconds
[2023-12-28 09:30:40,405] {processor.py:162} INFO - Started process (PID=4713) to work on /home/airflow/.local/lib/python3.6/site-packages/airflow/example_dags/example_xcomargs.py
[2023-12-28 09:30:40,406] {processor.py:613} INFO - Processing file /home/airflow/.local/lib/python3.6/site-packages/airflow/example_dags/example_xcomargs.py for tasks to queue
[2023-12-28 09:30:40,407] {logging_mixin.py:109} INFO - [2023-12-28 09:30:40,407] {dagbag.py:496} INFO - Filling up the DagBag from /home/airflow/.local/lib/python3.6/site-packages/airflow/example_dags/example_xcomargs.py
[2023-12-28 09:30:40,427] {processor.py:623} INFO - DAG(s) dict_keys(['example_xcom_args', 'example_xcom_args_with_operators']) retrieved from /home/airflow/.local/lib/python3.6/site-packages/airflow/example_dags/example_xcomargs.py
[2023-12-28 09:30:40,640] {logging_mixin.py:109} INFO - [2023-12-28 09:30:40,640] {dag.py:1834} INFO - Sync 2 DAGs
[2023-12-28 09:30:40,655] {logging_mixin.py:109} INFO - [2023-12-28 09:30:40,655] {dag.py:2287} INFO - Setting next_dagrun for example_xcom_args to None
[2023-12-28 09:30:40,656] {logging_mixin.py:109} INFO - [2023-12-28 09:30:40,656] {dag.py:2287} INFO - Setting next_dagrun for example_xcom_args_with_operators to None
[2023-12-28 09:30:40,670] {processor.py:170} INFO - Processing /home/airflow/.local/lib/python3.6/site-packages/airflow/example_dags/example_xcomargs.py took 0.269 seconds
[2023-12-28 09:31:11,007] {processor.py:162} INFO - Started process (PID=4908) to work on /home/airflow/.local/lib/python3.6/site-packages/airflow/example_dags/example_xcomargs.py
[2023-12-28 09:31:11,009] {processor.py:613} INFO - Processing file /home/airflow/.local/lib/python3.6/site-packages/airflow/example_dags/example_xcomargs.py for tasks to queue
[2023-12-28 09:31:11,010] {logging_mixin.py:109} INFO - [2023-12-28 09:31:11,009] {dagbag.py:496} INFO - Filling up the DagBag from /home/airflow/.local/lib/python3.6/site-packages/airflow/example_dags/example_xcomargs.py
[2023-12-28 09:31:11,037] {processor.py:623} INFO - DAG(s) dict_keys(['example_xcom_args', 'example_xcom_args_with_operators']) retrieved from /home/airflow/.local/lib/python3.6/site-packages/airflow/example_dags/example_xcomargs.py
[2023-12-28 09:31:11,287] {logging_mixin.py:109} INFO - [2023-12-28 09:31:11,287] {dag.py:1834} INFO - Sync 2 DAGs
[2023-12-28 09:31:11,305] {logging_mixin.py:109} INFO - [2023-12-28 09:31:11,305] {dag.py:2287} INFO - Setting next_dagrun for example_xcom_args to None
[2023-12-28 09:31:11,306] {logging_mixin.py:109} INFO - [2023-12-28 09:31:11,306] {dag.py:2287} INFO - Setting next_dagrun for example_xcom_args_with_operators to None
[2023-12-28 09:31:11,334] {processor.py:170} INFO - Processing /home/airflow/.local/lib/python3.6/site-packages/airflow/example_dags/example_xcomargs.py took 0.329 seconds
[2023-12-28 09:31:41,473] {processor.py:162} INFO - Started process (PID=5103) to work on /home/airflow/.local/lib/python3.6/site-packages/airflow/example_dags/example_xcomargs.py
[2023-12-28 09:31:41,475] {processor.py:613} INFO - Processing file /home/airflow/.local/lib/python3.6/site-packages/airflow/example_dags/example_xcomargs.py for tasks to queue
[2023-12-28 09:31:41,476] {logging_mixin.py:109} INFO - [2023-12-28 09:31:41,476] {dagbag.py:496} INFO - Filling up the DagBag from /home/airflow/.local/lib/python3.6/site-packages/airflow/example_dags/example_xcomargs.py
[2023-12-28 09:31:41,501] {processor.py:623} INFO - DAG(s) dict_keys(['example_xcom_args', 'example_xcom_args_with_operators']) retrieved from /home/airflow/.local/lib/python3.6/site-packages/airflow/example_dags/example_xcomargs.py
[2023-12-28 09:31:41,766] {logging_mixin.py:109} INFO - [2023-12-28 09:31:41,766] {dag.py:1834} INFO - Sync 2 DAGs
[2023-12-28 09:31:41,785] {logging_mixin.py:109} INFO - [2023-12-28 09:31:41,784] {dag.py:2287} INFO - Setting next_dagrun for example_xcom_args to None
[2023-12-28 09:31:41,786] {logging_mixin.py:109} INFO - [2023-12-28 09:31:41,786] {dag.py:2287} INFO - Setting next_dagrun for example_xcom_args_with_operators to None
[2023-12-28 09:31:41,806] {processor.py:170} INFO - Processing /home/airflow/.local/lib/python3.6/site-packages/airflow/example_dags/example_xcomargs.py took 0.336 seconds
[2023-12-28 09:32:12,176] {processor.py:162} INFO - Started process (PID=5305) to work on /home/airflow/.local/lib/python3.6/site-packages/airflow/example_dags/example_xcomargs.py
[2023-12-28 09:32:12,177] {processor.py:613} INFO - Processing file /home/airflow/.local/lib/python3.6/site-packages/airflow/example_dags/example_xcomargs.py for tasks to queue
[2023-12-28 09:32:12,178] {logging_mixin.py:109} INFO - [2023-12-28 09:32:12,178] {dagbag.py:496} INFO - Filling up the DagBag from /home/airflow/.local/lib/python3.6/site-packages/airflow/example_dags/example_xcomargs.py
[2023-12-28 09:32:12,196] {processor.py:623} INFO - DAG(s) dict_keys(['example_xcom_args', 'example_xcom_args_with_operators']) retrieved from /home/airflow/.local/lib/python3.6/site-packages/airflow/example_dags/example_xcomargs.py
[2023-12-28 09:32:12,459] {logging_mixin.py:109} INFO - [2023-12-28 09:32:12,458] {dag.py:1834} INFO - Sync 2 DAGs
[2023-12-28 09:32:12,478] {logging_mixin.py:109} INFO - [2023-12-28 09:32:12,478] {dag.py:2287} INFO - Setting next_dagrun for example_xcom_args to None
[2023-12-28 09:32:12,480] {logging_mixin.py:109} INFO - [2023-12-28 09:32:12,479] {dag.py:2287} INFO - Setting next_dagrun for example_xcom_args_with_operators to None
[2023-12-28 09:32:12,503] {processor.py:170} INFO - Processing /home/airflow/.local/lib/python3.6/site-packages/airflow/example_dags/example_xcomargs.py took 0.329 seconds
[2023-12-28 09:32:43,332] {processor.py:162} INFO - Started process (PID=5500) to work on /home/airflow/.local/lib/python3.6/site-packages/airflow/example_dags/example_xcomargs.py
[2023-12-28 09:32:43,339] {processor.py:613} INFO - Processing file /home/airflow/.local/lib/python3.6/site-packages/airflow/example_dags/example_xcomargs.py for tasks to queue
[2023-12-28 09:32:43,340] {logging_mixin.py:109} INFO - [2023-12-28 09:32:43,340] {dagbag.py:496} INFO - Filling up the DagBag from /home/airflow/.local/lib/python3.6/site-packages/airflow/example_dags/example_xcomargs.py
[2023-12-28 09:32:43,364] {processor.py:623} INFO - DAG(s) dict_keys(['example_xcom_args', 'example_xcom_args_with_operators']) retrieved from /home/airflow/.local/lib/python3.6/site-packages/airflow/example_dags/example_xcomargs.py
[2023-12-28 09:32:43,618] {logging_mixin.py:109} INFO - [2023-12-28 09:32:43,618] {dag.py:1834} INFO - Sync 2 DAGs
[2023-12-28 09:32:43,636] {logging_mixin.py:109} INFO - [2023-12-28 09:32:43,636] {dag.py:2287} INFO - Setting next_dagrun for example_xcom_args to None
[2023-12-28 09:32:43,637] {logging_mixin.py:109} INFO - [2023-12-28 09:32:43,637] {dag.py:2287} INFO - Setting next_dagrun for example_xcom_args_with_operators to None
[2023-12-28 09:32:43,655] {processor.py:170} INFO - Processing /home/airflow/.local/lib/python3.6/site-packages/airflow/example_dags/example_xcomargs.py took 0.326 seconds
[2023-12-28 09:33:13,760] {processor.py:162} INFO - Started process (PID=5705) to work on /home/airflow/.local/lib/python3.6/site-packages/airflow/example_dags/example_xcomargs.py
[2023-12-28 09:33:13,761] {processor.py:613} INFO - Processing file /home/airflow/.local/lib/python3.6/site-packages/airflow/example_dags/example_xcomargs.py for tasks to queue
[2023-12-28 09:33:13,762] {logging_mixin.py:109} INFO - [2023-12-28 09:33:13,762] {dagbag.py:496} INFO - Filling up the DagBag from /home/airflow/.local/lib/python3.6/site-packages/airflow/example_dags/example_xcomargs.py
[2023-12-28 09:33:13,788] {processor.py:623} INFO - DAG(s) dict_keys(['example_xcom_args', 'example_xcom_args_with_operators']) retrieved from /home/airflow/.local/lib/python3.6/site-packages/airflow/example_dags/example_xcomargs.py
[2023-12-28 09:33:14,048] {logging_mixin.py:109} INFO - [2023-12-28 09:33:14,048] {dag.py:1834} INFO - Sync 2 DAGs
[2023-12-28 09:33:14,067] {logging_mixin.py:109} INFO - [2023-12-28 09:33:14,066] {dag.py:2287} INFO - Setting next_dagrun for example_xcom_args to None
[2023-12-28 09:33:14,068] {logging_mixin.py:109} INFO - [2023-12-28 09:33:14,068] {dag.py:2287} INFO - Setting next_dagrun for example_xcom_args_with_operators to None
[2023-12-28 09:33:14,089] {processor.py:170} INFO - Processing /home/airflow/.local/lib/python3.6/site-packages/airflow/example_dags/example_xcomargs.py took 0.333 seconds
[2023-12-28 09:33:44,266] {processor.py:162} INFO - Started process (PID=5901) to work on /home/airflow/.local/lib/python3.6/site-packages/airflow/example_dags/example_xcomargs.py
[2023-12-28 09:33:44,268] {processor.py:613} INFO - Processing file /home/airflow/.local/lib/python3.6/site-packages/airflow/example_dags/example_xcomargs.py for tasks to queue
[2023-12-28 09:33:44,269] {logging_mixin.py:109} INFO - [2023-12-28 09:33:44,269] {dagbag.py:496} INFO - Filling up the DagBag from /home/airflow/.local/lib/python3.6/site-packages/airflow/example_dags/example_xcomargs.py
[2023-12-28 09:33:44,300] {processor.py:623} INFO - DAG(s) dict_keys(['example_xcom_args', 'example_xcom_args_with_operators']) retrieved from /home/airflow/.local/lib/python3.6/site-packages/airflow/example_dags/example_xcomargs.py
[2023-12-28 09:33:44,553] {logging_mixin.py:109} INFO - [2023-12-28 09:33:44,553] {dag.py:1834} INFO - Sync 2 DAGs
[2023-12-28 09:33:44,571] {logging_mixin.py:109} INFO - [2023-12-28 09:33:44,571] {dag.py:2287} INFO - Setting next_dagrun for example_xcom_args to None
[2023-12-28 09:33:44,573] {logging_mixin.py:109} INFO - [2023-12-28 09:33:44,572] {dag.py:2287} INFO - Setting next_dagrun for example_xcom_args_with_operators to None
[2023-12-28 09:33:44,593] {processor.py:170} INFO - Processing /home/airflow/.local/lib/python3.6/site-packages/airflow/example_dags/example_xcomargs.py took 0.331 seconds
[2023-12-28 09:34:15,396] {processor.py:162} INFO - Started process (PID=6105) to work on /home/airflow/.local/lib/python3.6/site-packages/airflow/example_dags/example_xcomargs.py
[2023-12-28 09:34:15,397] {processor.py:613} INFO - Processing file /home/airflow/.local/lib/python3.6/site-packages/airflow/example_dags/example_xcomargs.py for tasks to queue
[2023-12-28 09:34:15,397] {logging_mixin.py:109} INFO - [2023-12-28 09:34:15,397] {dagbag.py:496} INFO - Filling up the DagBag from /home/airflow/.local/lib/python3.6/site-packages/airflow/example_dags/example_xcomargs.py
[2023-12-28 09:34:15,417] {processor.py:623} INFO - DAG(s) dict_keys(['example_xcom_args', 'example_xcom_args_with_operators']) retrieved from /home/airflow/.local/lib/python3.6/site-packages/airflow/example_dags/example_xcomargs.py
[2023-12-28 09:34:15,637] {logging_mixin.py:109} INFO - [2023-12-28 09:34:15,637] {dag.py:1834} INFO - Sync 2 DAGs
[2023-12-28 09:34:15,651] {logging_mixin.py:109} INFO - [2023-12-28 09:34:15,651] {dag.py:2287} INFO - Setting next_dagrun for example_xcom_args to None
[2023-12-28 09:34:15,652] {logging_mixin.py:109} INFO - [2023-12-28 09:34:15,652] {dag.py:2287} INFO - Setting next_dagrun for example_xcom_args_with_operators to None
[2023-12-28 09:34:15,668] {processor.py:170} INFO - Processing /home/airflow/.local/lib/python3.6/site-packages/airflow/example_dags/example_xcomargs.py took 0.274 seconds
[2023-12-28 09:34:46,267] {processor.py:162} INFO - Started process (PID=6301) to work on /home/airflow/.local/lib/python3.6/site-packages/airflow/example_dags/example_xcomargs.py
[2023-12-28 09:34:46,269] {processor.py:613} INFO - Processing file /home/airflow/.local/lib/python3.6/site-packages/airflow/example_dags/example_xcomargs.py for tasks to queue
[2023-12-28 09:34:46,270] {logging_mixin.py:109} INFO - [2023-12-28 09:34:46,270] {dagbag.py:496} INFO - Filling up the DagBag from /home/airflow/.local/lib/python3.6/site-packages/airflow/example_dags/example_xcomargs.py
[2023-12-28 09:34:46,292] {processor.py:623} INFO - DAG(s) dict_keys(['example_xcom_args', 'example_xcom_args_with_operators']) retrieved from /home/airflow/.local/lib/python3.6/site-packages/airflow/example_dags/example_xcomargs.py
[2023-12-28 09:34:46,522] {logging_mixin.py:109} INFO - [2023-12-28 09:34:46,522] {dag.py:1834} INFO - Sync 2 DAGs
[2023-12-28 09:34:46,537] {logging_mixin.py:109} INFO - [2023-12-28 09:34:46,537] {dag.py:2287} INFO - Setting next_dagrun for example_xcom_args to None
[2023-12-28 09:34:46,538] {logging_mixin.py:109} INFO - [2023-12-28 09:34:46,538] {dag.py:2287} INFO - Setting next_dagrun for example_xcom_args_with_operators to None
[2023-12-28 09:34:46,554] {processor.py:170} INFO - Processing /home/airflow/.local/lib/python3.6/site-packages/airflow/example_dags/example_xcomargs.py took 0.291 seconds
[2023-12-28 09:35:17,438] {processor.py:162} INFO - Started process (PID=6505) to work on /home/airflow/.local/lib/python3.6/site-packages/airflow/example_dags/example_xcomargs.py
[2023-12-28 09:35:17,448] {processor.py:613} INFO - Processing file /home/airflow/.local/lib/python3.6/site-packages/airflow/example_dags/example_xcomargs.py for tasks to queue
[2023-12-28 09:35:17,449] {logging_mixin.py:109} INFO - [2023-12-28 09:35:17,449] {dagbag.py:496} INFO - Filling up the DagBag from /home/airflow/.local/lib/python3.6/site-packages/airflow/example_dags/example_xcomargs.py
[2023-12-28 09:35:17,470] {processor.py:623} INFO - DAG(s) dict_keys(['example_xcom_args', 'example_xcom_args_with_operators']) retrieved from /home/airflow/.local/lib/python3.6/site-packages/airflow/example_dags/example_xcomargs.py
[2023-12-28 09:35:17,710] {logging_mixin.py:109} INFO - [2023-12-28 09:35:17,709] {dag.py:1834} INFO - Sync 2 DAGs
[2023-12-28 09:35:17,725] {logging_mixin.py:109} INFO - [2023-12-28 09:35:17,725] {dag.py:2287} INFO - Setting next_dagrun for example_xcom_args to None
[2023-12-28 09:35:17,726] {logging_mixin.py:109} INFO - [2023-12-28 09:35:17,726] {dag.py:2287} INFO - Setting next_dagrun for example_xcom_args_with_operators to None
[2023-12-28 09:35:17,742] {processor.py:170} INFO - Processing /home/airflow/.local/lib/python3.6/site-packages/airflow/example_dags/example_xcomargs.py took 0.306 seconds
[2023-12-28 09:35:48,598] {processor.py:162} INFO - Started process (PID=6700) to work on /home/airflow/.local/lib/python3.6/site-packages/airflow/example_dags/example_xcomargs.py
[2023-12-28 09:35:48,599] {processor.py:613} INFO - Processing file /home/airflow/.local/lib/python3.6/site-packages/airflow/example_dags/example_xcomargs.py for tasks to queue
[2023-12-28 09:35:48,600] {logging_mixin.py:109} INFO - [2023-12-28 09:35:48,599] {dagbag.py:496} INFO - Filling up the DagBag from /home/airflow/.local/lib/python3.6/site-packages/airflow/example_dags/example_xcomargs.py
[2023-12-28 09:35:48,620] {processor.py:623} INFO - DAG(s) dict_keys(['example_xcom_args', 'example_xcom_args_with_operators']) retrieved from /home/airflow/.local/lib/python3.6/site-packages/airflow/example_dags/example_xcomargs.py
[2023-12-28 09:35:48,850] {logging_mixin.py:109} INFO - [2023-12-28 09:35:48,849] {dag.py:1834} INFO - Sync 2 DAGs
[2023-12-28 09:35:48,865] {logging_mixin.py:109} INFO - [2023-12-28 09:35:48,865] {dag.py:2287} INFO - Setting next_dagrun for example_xcom_args to None
[2023-12-28 09:35:48,866] {logging_mixin.py:109} INFO - [2023-12-28 09:35:48,866] {dag.py:2287} INFO - Setting next_dagrun for example_xcom_args_with_operators to None
[2023-12-28 09:35:48,882] {processor.py:170} INFO - Processing /home/airflow/.local/lib/python3.6/site-packages/airflow/example_dags/example_xcomargs.py took 0.287 seconds
[2023-12-28 09:36:19,871] {processor.py:162} INFO - Started process (PID=6904) to work on /home/airflow/.local/lib/python3.6/site-packages/airflow/example_dags/example_xcomargs.py
[2023-12-28 09:36:19,873] {processor.py:613} INFO - Processing file /home/airflow/.local/lib/python3.6/site-packages/airflow/example_dags/example_xcomargs.py for tasks to queue
[2023-12-28 09:36:19,874] {logging_mixin.py:109} INFO - [2023-12-28 09:36:19,874] {dagbag.py:496} INFO - Filling up the DagBag from /home/airflow/.local/lib/python3.6/site-packages/airflow/example_dags/example_xcomargs.py
[2023-12-28 09:36:19,896] {processor.py:623} INFO - DAG(s) dict_keys(['example_xcom_args', 'example_xcom_args_with_operators']) retrieved from /home/airflow/.local/lib/python3.6/site-packages/airflow/example_dags/example_xcomargs.py
[2023-12-28 09:36:19,925] {logging_mixin.py:109} INFO - [2023-12-28 09:36:19,925] {dag.py:1834} INFO - Sync 2 DAGs
[2023-12-28 09:36:19,941] {logging_mixin.py:109} INFO - [2023-12-28 09:36:19,941] {dag.py:2287} INFO - Setting next_dagrun for example_xcom_args to None
[2023-12-28 09:36:19,942] {logging_mixin.py:109} INFO - [2023-12-28 09:36:19,942] {dag.py:2287} INFO - Setting next_dagrun for example_xcom_args_with_operators to None
[2023-12-28 09:36:19,956] {processor.py:170} INFO - Processing /home/airflow/.local/lib/python3.6/site-packages/airflow/example_dags/example_xcomargs.py took 0.088 seconds
[2023-12-28 09:36:50,823] {processor.py:162} INFO - Started process (PID=7100) to work on /home/airflow/.local/lib/python3.6/site-packages/airflow/example_dags/example_xcomargs.py
[2023-12-28 09:36:50,826] {processor.py:613} INFO - Processing file /home/airflow/.local/lib/python3.6/site-packages/airflow/example_dags/example_xcomargs.py for tasks to queue
[2023-12-28 09:36:50,827] {logging_mixin.py:109} INFO - [2023-12-28 09:36:50,827] {dagbag.py:496} INFO - Filling up the DagBag from /home/airflow/.local/lib/python3.6/site-packages/airflow/example_dags/example_xcomargs.py
[2023-12-28 09:36:50,854] {processor.py:623} INFO - DAG(s) dict_keys(['example_xcom_args', 'example_xcom_args_with_operators']) retrieved from /home/airflow/.local/lib/python3.6/site-packages/airflow/example_dags/example_xcomargs.py
[2023-12-28 09:36:51,178] {logging_mixin.py:109} INFO - [2023-12-28 09:36:51,178] {dag.py:1834} INFO - Sync 2 DAGs
[2023-12-28 09:36:51,191] {logging_mixin.py:109} INFO - [2023-12-28 09:36:51,191] {dag.py:2287} INFO - Setting next_dagrun for example_xcom_args to None
[2023-12-28 09:36:51,192] {logging_mixin.py:109} INFO - [2023-12-28 09:36:51,192] {dag.py:2287} INFO - Setting next_dagrun for example_xcom_args_with_operators to None
[2023-12-28 09:36:51,207] {processor.py:170} INFO - Processing /home/airflow/.local/lib/python3.6/site-packages/airflow/example_dags/example_xcomargs.py took 0.387 seconds
[2023-12-28 09:37:21,942] {processor.py:162} INFO - Started process (PID=7295) to work on /home/airflow/.local/lib/python3.6/site-packages/airflow/example_dags/example_xcomargs.py
[2023-12-28 09:37:21,944] {processor.py:613} INFO - Processing file /home/airflow/.local/lib/python3.6/site-packages/airflow/example_dags/example_xcomargs.py for tasks to queue
[2023-12-28 09:37:21,945] {logging_mixin.py:109} INFO - [2023-12-28 09:37:21,944] {dagbag.py:496} INFO - Filling up the DagBag from /home/airflow/.local/lib/python3.6/site-packages/airflow/example_dags/example_xcomargs.py
[2023-12-28 09:37:21,965] {processor.py:623} INFO - DAG(s) dict_keys(['example_xcom_args', 'example_xcom_args_with_operators']) retrieved from /home/airflow/.local/lib/python3.6/site-packages/airflow/example_dags/example_xcomargs.py
[2023-12-28 09:37:22,203] {logging_mixin.py:109} INFO - [2023-12-28 09:37:22,203] {dag.py:1834} INFO - Sync 2 DAGs
[2023-12-28 09:37:22,217] {logging_mixin.py:109} INFO - [2023-12-28 09:37:22,217] {dag.py:2287} INFO - Setting next_dagrun for example_xcom_args to None
[2023-12-28 09:37:22,219] {logging_mixin.py:109} INFO - [2023-12-28 09:37:22,218] {dag.py:2287} INFO - Setting next_dagrun for example_xcom_args_with_operators to None
[2023-12-28 09:37:22,234] {processor.py:170} INFO - Processing /home/airflow/.local/lib/python3.6/site-packages/airflow/example_dags/example_xcomargs.py took 0.295 seconds
[2023-12-28 09:37:53,052] {processor.py:162} INFO - Started process (PID=7500) to work on /home/airflow/.local/lib/python3.6/site-packages/airflow/example_dags/example_xcomargs.py
[2023-12-28 09:37:53,054] {processor.py:613} INFO - Processing file /home/airflow/.local/lib/python3.6/site-packages/airflow/example_dags/example_xcomargs.py for tasks to queue
[2023-12-28 09:37:53,055] {logging_mixin.py:109} INFO - [2023-12-28 09:37:53,055] {dagbag.py:496} INFO - Filling up the DagBag from /home/airflow/.local/lib/python3.6/site-packages/airflow/example_dags/example_xcomargs.py
[2023-12-28 09:37:53,077] {processor.py:623} INFO - DAG(s) dict_keys(['example_xcom_args', 'example_xcom_args_with_operators']) retrieved from /home/airflow/.local/lib/python3.6/site-packages/airflow/example_dags/example_xcomargs.py
[2023-12-28 09:37:53,105] {logging_mixin.py:109} INFO - [2023-12-28 09:37:53,104] {dag.py:1834} INFO - Sync 2 DAGs
[2023-12-28 09:37:53,120] {logging_mixin.py:109} INFO - [2023-12-28 09:37:53,120] {dag.py:2287} INFO - Setting next_dagrun for example_xcom_args to None
[2023-12-28 09:37:53,121] {logging_mixin.py:109} INFO - [2023-12-28 09:37:53,121] {dag.py:2287} INFO - Setting next_dagrun for example_xcom_args_with_operators to None
[2023-12-28 09:37:53,135] {processor.py:170} INFO - Processing /home/airflow/.local/lib/python3.6/site-packages/airflow/example_dags/example_xcomargs.py took 0.085 seconds
[2023-12-28 09:38:23,430] {processor.py:162} INFO - Started process (PID=7695) to work on /home/airflow/.local/lib/python3.6/site-packages/airflow/example_dags/example_xcomargs.py
[2023-12-28 09:38:23,432] {processor.py:613} INFO - Processing file /home/airflow/.local/lib/python3.6/site-packages/airflow/example_dags/example_xcomargs.py for tasks to queue
[2023-12-28 09:38:23,433] {logging_mixin.py:109} INFO - [2023-12-28 09:38:23,433] {dagbag.py:496} INFO - Filling up the DagBag from /home/airflow/.local/lib/python3.6/site-packages/airflow/example_dags/example_xcomargs.py
[2023-12-28 09:38:23,453] {processor.py:623} INFO - DAG(s) dict_keys(['example_xcom_args', 'example_xcom_args_with_operators']) retrieved from /home/airflow/.local/lib/python3.6/site-packages/airflow/example_dags/example_xcomargs.py
[2023-12-28 09:38:23,733] {logging_mixin.py:109} INFO - [2023-12-28 09:38:23,733] {dag.py:1834} INFO - Sync 2 DAGs
[2023-12-28 09:38:23,750] {logging_mixin.py:109} INFO - [2023-12-28 09:38:23,750] {dag.py:2287} INFO - Setting next_dagrun for example_xcom_args to None
[2023-12-28 09:38:23,751] {logging_mixin.py:109} INFO - [2023-12-28 09:38:23,751] {dag.py:2287} INFO - Setting next_dagrun for example_xcom_args_with_operators to None
[2023-12-28 09:38:23,770] {processor.py:170} INFO - Processing /home/airflow/.local/lib/python3.6/site-packages/airflow/example_dags/example_xcomargs.py took 0.342 seconds
[2023-12-28 09:38:54,272] {processor.py:162} INFO - Started process (PID=7900) to work on /home/airflow/.local/lib/python3.6/site-packages/airflow/example_dags/example_xcomargs.py
[2023-12-28 09:38:54,273] {processor.py:613} INFO - Processing file /home/airflow/.local/lib/python3.6/site-packages/airflow/example_dags/example_xcomargs.py for tasks to queue
[2023-12-28 09:38:54,274] {logging_mixin.py:109} INFO - [2023-12-28 09:38:54,274] {dagbag.py:496} INFO - Filling up the DagBag from /home/airflow/.local/lib/python3.6/site-packages/airflow/example_dags/example_xcomargs.py
[2023-12-28 09:38:54,298] {processor.py:623} INFO - DAG(s) dict_keys(['example_xcom_args', 'example_xcom_args_with_operators']) retrieved from /home/airflow/.local/lib/python3.6/site-packages/airflow/example_dags/example_xcomargs.py
[2023-12-28 09:38:54,582] {logging_mixin.py:109} INFO - [2023-12-28 09:38:54,582] {dag.py:1834} INFO - Sync 2 DAGs
[2023-12-28 09:38:54,596] {logging_mixin.py:109} INFO - [2023-12-28 09:38:54,596] {dag.py:2287} INFO - Setting next_dagrun for example_xcom_args to None
[2023-12-28 09:38:54,597] {logging_mixin.py:109} INFO - [2023-12-28 09:38:54,597] {dag.py:2287} INFO - Setting next_dagrun for example_xcom_args_with_operators to None
[2023-12-28 09:38:54,613] {processor.py:170} INFO - Processing /home/airflow/.local/lib/python3.6/site-packages/airflow/example_dags/example_xcomargs.py took 0.345 seconds
[2023-12-28 09:39:25,043] {processor.py:162} INFO - Started process (PID=8095) to work on /home/airflow/.local/lib/python3.6/site-packages/airflow/example_dags/example_xcomargs.py
[2023-12-28 09:39:25,054] {processor.py:613} INFO - Processing file /home/airflow/.local/lib/python3.6/site-packages/airflow/example_dags/example_xcomargs.py for tasks to queue
[2023-12-28 09:39:25,055] {logging_mixin.py:109} INFO - [2023-12-28 09:39:25,055] {dagbag.py:496} INFO - Filling up the DagBag from /home/airflow/.local/lib/python3.6/site-packages/airflow/example_dags/example_xcomargs.py
[2023-12-28 09:39:25,074] {processor.py:623} INFO - DAG(s) dict_keys(['example_xcom_args', 'example_xcom_args_with_operators']) retrieved from /home/airflow/.local/lib/python3.6/site-packages/airflow/example_dags/example_xcomargs.py
[2023-12-28 09:39:25,288] {logging_mixin.py:109} INFO - [2023-12-28 09:39:25,288] {dag.py:1834} INFO - Sync 2 DAGs
[2023-12-28 09:39:25,301] {logging_mixin.py:109} INFO - [2023-12-28 09:39:25,301] {dag.py:2287} INFO - Setting next_dagrun for example_xcom_args to None
[2023-12-28 09:39:25,302] {logging_mixin.py:109} INFO - [2023-12-28 09:39:25,302] {dag.py:2287} INFO - Setting next_dagrun for example_xcom_args_with_operators to None
[2023-12-28 09:39:25,321] {processor.py:170} INFO - Processing /home/airflow/.local/lib/python3.6/site-packages/airflow/example_dags/example_xcomargs.py took 0.279 seconds
[2023-12-28 09:39:56,192] {processor.py:162} INFO - Started process (PID=8300) to work on /home/airflow/.local/lib/python3.6/site-packages/airflow/example_dags/example_xcomargs.py
[2023-12-28 09:39:56,193] {processor.py:613} INFO - Processing file /home/airflow/.local/lib/python3.6/site-packages/airflow/example_dags/example_xcomargs.py for tasks to queue
[2023-12-28 09:39:56,193] {logging_mixin.py:109} INFO - [2023-12-28 09:39:56,193] {dagbag.py:496} INFO - Filling up the DagBag from /home/airflow/.local/lib/python3.6/site-packages/airflow/example_dags/example_xcomargs.py
[2023-12-28 09:39:56,220] {processor.py:623} INFO - DAG(s) dict_keys(['example_xcom_args', 'example_xcom_args_with_operators']) retrieved from /home/airflow/.local/lib/python3.6/site-packages/airflow/example_dags/example_xcomargs.py
[2023-12-28 09:39:56,454] {logging_mixin.py:109} INFO - [2023-12-28 09:39:56,454] {dag.py:1834} INFO - Sync 2 DAGs
[2023-12-28 09:39:56,471] {logging_mixin.py:109} INFO - [2023-12-28 09:39:56,471] {dag.py:2287} INFO - Setting next_dagrun for example_xcom_args to None
[2023-12-28 09:39:56,472] {logging_mixin.py:109} INFO - [2023-12-28 09:39:56,472] {dag.py:2287} INFO - Setting next_dagrun for example_xcom_args_with_operators to None
[2023-12-28 09:39:56,488] {processor.py:170} INFO - Processing /home/airflow/.local/lib/python3.6/site-packages/airflow/example_dags/example_xcomargs.py took 0.299 seconds
[2023-12-28 09:40:26,730] {processor.py:162} INFO - Started process (PID=8495) to work on /home/airflow/.local/lib/python3.6/site-packages/airflow/example_dags/example_xcomargs.py
[2023-12-28 09:40:26,739] {processor.py:613} INFO - Processing file /home/airflow/.local/lib/python3.6/site-packages/airflow/example_dags/example_xcomargs.py for tasks to queue
[2023-12-28 09:40:26,740] {logging_mixin.py:109} INFO - [2023-12-28 09:40:26,740] {dagbag.py:496} INFO - Filling up the DagBag from /home/airflow/.local/lib/python3.6/site-packages/airflow/example_dags/example_xcomargs.py
[2023-12-28 09:40:26,760] {processor.py:623} INFO - DAG(s) dict_keys(['example_xcom_args', 'example_xcom_args_with_operators']) retrieved from /home/airflow/.local/lib/python3.6/site-packages/airflow/example_dags/example_xcomargs.py
[2023-12-28 09:40:27,005] {logging_mixin.py:109} INFO - [2023-12-28 09:40:27,005] {dag.py:1834} INFO - Sync 2 DAGs
[2023-12-28 09:40:27,021] {logging_mixin.py:109} INFO - [2023-12-28 09:40:27,021] {dag.py:2287} INFO - Setting next_dagrun for example_xcom_args to None
[2023-12-28 09:40:27,022] {logging_mixin.py:109} INFO - [2023-12-28 09:40:27,022] {dag.py:2287} INFO - Setting next_dagrun for example_xcom_args_with_operators to None
[2023-12-28 09:40:27,039] {processor.py:170} INFO - Processing /home/airflow/.local/lib/python3.6/site-packages/airflow/example_dags/example_xcomargs.py took 0.312 seconds
