[2023-12-28 09:19:21,910] {processor.py:162} INFO - Started process (PID=228) to work on /home/airflow/.local/lib/python3.6/site-packages/airflow/example_dags/example_kubernetes_executor_config.py
[2023-12-28 09:19:21,911] {processor.py:613} INFO - Processing file /home/airflow/.local/lib/python3.6/site-packages/airflow/example_dags/example_kubernetes_executor_config.py for tasks to queue
[2023-12-28 09:19:21,911] {logging_mixin.py:109} INFO - [2023-12-28 09:19:21,911] {dagbag.py:496} INFO - Filling up the DagBag from /home/airflow/.local/lib/python3.6/site-packages/airflow/example_dags/example_kubernetes_executor_config.py
[2023-12-28 09:19:21,923] {processor.py:623} INFO - DAG(s) dict_keys(['example_kubernetes_executor_config']) retrieved from /home/airflow/.local/lib/python3.6/site-packages/airflow/example_dags/example_kubernetes_executor_config.py
[2023-12-28 09:19:22,165] {logging_mixin.py:109} INFO - [2023-12-28 09:19:22,164] {dag.py:1834} INFO - Sync 1 DAGs
[2023-12-28 09:19:22,178] {logging_mixin.py:109} INFO - [2023-12-28 09:19:22,178] {dag.py:2287} INFO - Setting next_dagrun for example_kubernetes_executor_config to None
[2023-12-28 09:19:22,195] {processor.py:170} INFO - Processing /home/airflow/.local/lib/python3.6/site-packages/airflow/example_dags/example_kubernetes_executor_config.py took 0.287 seconds
[2023-12-28 09:19:53,213] {processor.py:162} INFO - Started process (PID=426) to work on /home/airflow/.local/lib/python3.6/site-packages/airflow/example_dags/example_kubernetes_executor_config.py
[2023-12-28 09:19:53,215] {processor.py:613} INFO - Processing file /home/airflow/.local/lib/python3.6/site-packages/airflow/example_dags/example_kubernetes_executor_config.py for tasks to queue
[2023-12-28 09:19:53,216] {logging_mixin.py:109} INFO - [2023-12-28 09:19:53,216] {dagbag.py:496} INFO - Filling up the DagBag from /home/airflow/.local/lib/python3.6/site-packages/airflow/example_dags/example_kubernetes_executor_config.py
[2023-12-28 09:19:53,244] {processor.py:623} INFO - DAG(s) dict_keys(['example_kubernetes_executor_config']) retrieved from /home/airflow/.local/lib/python3.6/site-packages/airflow/example_dags/example_kubernetes_executor_config.py
[2023-12-28 09:19:53,295] {logging_mixin.py:109} INFO - [2023-12-28 09:19:53,295] {dag.py:1834} INFO - Sync 1 DAGs
[2023-12-28 09:19:53,327] {logging_mixin.py:109} INFO - [2023-12-28 09:19:53,326] {dag.py:2287} INFO - Setting next_dagrun for example_kubernetes_executor_config to None
[2023-12-28 09:19:53,353] {processor.py:170} INFO - Processing /home/airflow/.local/lib/python3.6/site-packages/airflow/example_dags/example_kubernetes_executor_config.py took 0.145 seconds
[2023-12-28 09:20:24,382] {processor.py:162} INFO - Started process (PID=631) to work on /home/airflow/.local/lib/python3.6/site-packages/airflow/example_dags/example_kubernetes_executor_config.py
[2023-12-28 09:20:24,383] {processor.py:613} INFO - Processing file /home/airflow/.local/lib/python3.6/site-packages/airflow/example_dags/example_kubernetes_executor_config.py for tasks to queue
[2023-12-28 09:20:24,383] {logging_mixin.py:109} INFO - [2023-12-28 09:20:24,383] {dagbag.py:496} INFO - Filling up the DagBag from /home/airflow/.local/lib/python3.6/site-packages/airflow/example_dags/example_kubernetes_executor_config.py
[2023-12-28 09:20:24,395] {processor.py:623} INFO - DAG(s) dict_keys(['example_kubernetes_executor_config']) retrieved from /home/airflow/.local/lib/python3.6/site-packages/airflow/example_dags/example_kubernetes_executor_config.py
[2023-12-28 09:20:24,417] {logging_mixin.py:109} INFO - [2023-12-28 09:20:24,417] {dag.py:1834} INFO - Sync 1 DAGs
[2023-12-28 09:20:24,431] {logging_mixin.py:109} INFO - [2023-12-28 09:20:24,431] {dag.py:2287} INFO - Setting next_dagrun for example_kubernetes_executor_config to None
[2023-12-28 09:20:24,443] {processor.py:170} INFO - Processing /home/airflow/.local/lib/python3.6/site-packages/airflow/example_dags/example_kubernetes_executor_config.py took 0.064 seconds
[2023-12-28 09:20:54,603] {processor.py:162} INFO - Started process (PID=808) to work on /home/airflow/.local/lib/python3.6/site-packages/airflow/example_dags/example_kubernetes_executor_config.py
[2023-12-28 09:20:54,605] {processor.py:613} INFO - Processing file /home/airflow/.local/lib/python3.6/site-packages/airflow/example_dags/example_kubernetes_executor_config.py for tasks to queue
[2023-12-28 09:20:54,606] {logging_mixin.py:109} INFO - [2023-12-28 09:20:54,606] {dagbag.py:496} INFO - Filling up the DagBag from /home/airflow/.local/lib/python3.6/site-packages/airflow/example_dags/example_kubernetes_executor_config.py
[2023-12-28 09:20:54,623] {processor.py:623} INFO - DAG(s) dict_keys(['example_kubernetes_executor_config']) retrieved from /home/airflow/.local/lib/python3.6/site-packages/airflow/example_dags/example_kubernetes_executor_config.py
[2023-12-28 09:20:54,660] {logging_mixin.py:109} INFO - [2023-12-28 09:20:54,660] {dag.py:1834} INFO - Sync 1 DAGs
[2023-12-28 09:20:54,700] {logging_mixin.py:109} INFO - [2023-12-28 09:20:54,700] {dag.py:2287} INFO - Setting next_dagrun for example_kubernetes_executor_config to None
[2023-12-28 09:20:54,731] {processor.py:170} INFO - Processing /home/airflow/.local/lib/python3.6/site-packages/airflow/example_dags/example_kubernetes_executor_config.py took 0.131 seconds
[2023-12-28 09:21:25,090] {processor.py:162} INFO - Started process (PID=1010) to work on /home/airflow/.local/lib/python3.6/site-packages/airflow/example_dags/example_kubernetes_executor_config.py
[2023-12-28 09:21:25,091] {processor.py:613} INFO - Processing file /home/airflow/.local/lib/python3.6/site-packages/airflow/example_dags/example_kubernetes_executor_config.py for tasks to queue
[2023-12-28 09:21:25,092] {logging_mixin.py:109} INFO - [2023-12-28 09:21:25,092] {dagbag.py:496} INFO - Filling up the DagBag from /home/airflow/.local/lib/python3.6/site-packages/airflow/example_dags/example_kubernetes_executor_config.py
[2023-12-28 09:21:25,108] {processor.py:623} INFO - DAG(s) dict_keys(['example_kubernetes_executor_config']) retrieved from /home/airflow/.local/lib/python3.6/site-packages/airflow/example_dags/example_kubernetes_executor_config.py
[2023-12-28 09:21:25,138] {logging_mixin.py:109} INFO - [2023-12-28 09:21:25,138] {dag.py:1834} INFO - Sync 1 DAGs
[2023-12-28 09:21:25,157] {logging_mixin.py:109} INFO - [2023-12-28 09:21:25,156] {dag.py:2287} INFO - Setting next_dagrun for example_kubernetes_executor_config to None
[2023-12-28 09:21:25,174] {processor.py:170} INFO - Processing /home/airflow/.local/lib/python3.6/site-packages/airflow/example_dags/example_kubernetes_executor_config.py took 0.088 seconds
[2023-12-28 09:21:55,219] {processor.py:162} INFO - Started process (PID=1206) to work on /home/airflow/.local/lib/python3.6/site-packages/airflow/example_dags/example_kubernetes_executor_config.py
[2023-12-28 09:21:55,222] {processor.py:613} INFO - Processing file /home/airflow/.local/lib/python3.6/site-packages/airflow/example_dags/example_kubernetes_executor_config.py for tasks to queue
[2023-12-28 09:21:55,222] {logging_mixin.py:109} INFO - [2023-12-28 09:21:55,222] {dagbag.py:496} INFO - Filling up the DagBag from /home/airflow/.local/lib/python3.6/site-packages/airflow/example_dags/example_kubernetes_executor_config.py
[2023-12-28 09:21:55,237] {processor.py:623} INFO - DAG(s) dict_keys(['example_kubernetes_executor_config']) retrieved from /home/airflow/.local/lib/python3.6/site-packages/airflow/example_dags/example_kubernetes_executor_config.py
[2023-12-28 09:21:55,266] {logging_mixin.py:109} INFO - [2023-12-28 09:21:55,265] {dag.py:1834} INFO - Sync 1 DAGs
[2023-12-28 09:21:55,283] {logging_mixin.py:109} INFO - [2023-12-28 09:21:55,283] {dag.py:2287} INFO - Setting next_dagrun for example_kubernetes_executor_config to None
[2023-12-28 09:21:55,299] {processor.py:170} INFO - Processing /home/airflow/.local/lib/python3.6/site-packages/airflow/example_dags/example_kubernetes_executor_config.py took 0.083 seconds
[2023-12-28 09:22:25,603] {processor.py:162} INFO - Started process (PID=1396) to work on /home/airflow/.local/lib/python3.6/site-packages/airflow/example_dags/example_kubernetes_executor_config.py
[2023-12-28 09:22:25,605] {processor.py:613} INFO - Processing file /home/airflow/.local/lib/python3.6/site-packages/airflow/example_dags/example_kubernetes_executor_config.py for tasks to queue
[2023-12-28 09:22:25,606] {logging_mixin.py:109} INFO - [2023-12-28 09:22:25,606] {dagbag.py:496} INFO - Filling up the DagBag from /home/airflow/.local/lib/python3.6/site-packages/airflow/example_dags/example_kubernetes_executor_config.py
[2023-12-28 09:22:25,621] {processor.py:623} INFO - DAG(s) dict_keys(['example_kubernetes_executor_config']) retrieved from /home/airflow/.local/lib/python3.6/site-packages/airflow/example_dags/example_kubernetes_executor_config.py
[2023-12-28 09:22:25,646] {logging_mixin.py:109} INFO - [2023-12-28 09:22:25,646] {dag.py:1834} INFO - Sync 1 DAGs
[2023-12-28 09:22:25,662] {logging_mixin.py:109} INFO - [2023-12-28 09:22:25,662] {dag.py:2287} INFO - Setting next_dagrun for example_kubernetes_executor_config to None
[2023-12-28 09:22:25,675] {processor.py:170} INFO - Processing /home/airflow/.local/lib/python3.6/site-packages/airflow/example_dags/example_kubernetes_executor_config.py took 0.075 seconds
[2023-12-28 09:22:56,018] {processor.py:162} INFO - Started process (PID=1601) to work on /home/airflow/.local/lib/python3.6/site-packages/airflow/example_dags/example_kubernetes_executor_config.py
[2023-12-28 09:22:56,020] {processor.py:613} INFO - Processing file /home/airflow/.local/lib/python3.6/site-packages/airflow/example_dags/example_kubernetes_executor_config.py for tasks to queue
[2023-12-28 09:22:56,021] {logging_mixin.py:109} INFO - [2023-12-28 09:22:56,021] {dagbag.py:496} INFO - Filling up the DagBag from /home/airflow/.local/lib/python3.6/site-packages/airflow/example_dags/example_kubernetes_executor_config.py
[2023-12-28 09:22:56,039] {processor.py:623} INFO - DAG(s) dict_keys(['example_kubernetes_executor_config']) retrieved from /home/airflow/.local/lib/python3.6/site-packages/airflow/example_dags/example_kubernetes_executor_config.py
[2023-12-28 09:22:56,076] {logging_mixin.py:109} INFO - [2023-12-28 09:22:56,076] {dag.py:1834} INFO - Sync 1 DAGs
[2023-12-28 09:22:56,094] {logging_mixin.py:109} INFO - [2023-12-28 09:22:56,094] {dag.py:2287} INFO - Setting next_dagrun for example_kubernetes_executor_config to None
[2023-12-28 09:22:56,110] {processor.py:170} INFO - Processing /home/airflow/.local/lib/python3.6/site-packages/airflow/example_dags/example_kubernetes_executor_config.py took 0.095 seconds
[2023-12-28 09:23:26,678] {processor.py:162} INFO - Started process (PID=1796) to work on /home/airflow/.local/lib/python3.6/site-packages/airflow/example_dags/example_kubernetes_executor_config.py
[2023-12-28 09:23:26,681] {processor.py:613} INFO - Processing file /home/airflow/.local/lib/python3.6/site-packages/airflow/example_dags/example_kubernetes_executor_config.py for tasks to queue
[2023-12-28 09:23:26,681] {logging_mixin.py:109} INFO - [2023-12-28 09:23:26,681] {dagbag.py:496} INFO - Filling up the DagBag from /home/airflow/.local/lib/python3.6/site-packages/airflow/example_dags/example_kubernetes_executor_config.py
[2023-12-28 09:23:26,699] {processor.py:623} INFO - DAG(s) dict_keys(['example_kubernetes_executor_config']) retrieved from /home/airflow/.local/lib/python3.6/site-packages/airflow/example_dags/example_kubernetes_executor_config.py
[2023-12-28 09:23:26,732] {logging_mixin.py:109} INFO - [2023-12-28 09:23:26,732] {dag.py:1834} INFO - Sync 1 DAGs
[2023-12-28 09:23:26,755] {logging_mixin.py:109} INFO - [2023-12-28 09:23:26,755] {dag.py:2287} INFO - Setting next_dagrun for example_kubernetes_executor_config to None
[2023-12-28 09:23:26,773] {processor.py:170} INFO - Processing /home/airflow/.local/lib/python3.6/site-packages/airflow/example_dags/example_kubernetes_executor_config.py took 0.099 seconds
[2023-12-28 09:23:57,162] {processor.py:162} INFO - Started process (PID=1998) to work on /home/airflow/.local/lib/python3.6/site-packages/airflow/example_dags/example_kubernetes_executor_config.py
[2023-12-28 09:23:57,163] {processor.py:613} INFO - Processing file /home/airflow/.local/lib/python3.6/site-packages/airflow/example_dags/example_kubernetes_executor_config.py for tasks to queue
[2023-12-28 09:23:57,164] {logging_mixin.py:109} INFO - [2023-12-28 09:23:57,164] {dagbag.py:496} INFO - Filling up the DagBag from /home/airflow/.local/lib/python3.6/site-packages/airflow/example_dags/example_kubernetes_executor_config.py
[2023-12-28 09:23:57,181] {processor.py:623} INFO - DAG(s) dict_keys(['example_kubernetes_executor_config']) retrieved from /home/airflow/.local/lib/python3.6/site-packages/airflow/example_dags/example_kubernetes_executor_config.py
[2023-12-28 09:23:57,212] {logging_mixin.py:109} INFO - [2023-12-28 09:23:57,212] {dag.py:1834} INFO - Sync 1 DAGs
[2023-12-28 09:23:57,232] {logging_mixin.py:109} INFO - [2023-12-28 09:23:57,232] {dag.py:2287} INFO - Setting next_dagrun for example_kubernetes_executor_config to None
[2023-12-28 09:23:57,250] {processor.py:170} INFO - Processing /home/airflow/.local/lib/python3.6/site-packages/airflow/example_dags/example_kubernetes_executor_config.py took 0.092 seconds
[2023-12-28 09:24:27,856] {processor.py:162} INFO - Started process (PID=2196) to work on /home/airflow/.local/lib/python3.6/site-packages/airflow/example_dags/example_kubernetes_executor_config.py
[2023-12-28 09:24:27,858] {processor.py:613} INFO - Processing file /home/airflow/.local/lib/python3.6/site-packages/airflow/example_dags/example_kubernetes_executor_config.py for tasks to queue
[2023-12-28 09:24:27,859] {logging_mixin.py:109} INFO - [2023-12-28 09:24:27,859] {dagbag.py:496} INFO - Filling up the DagBag from /home/airflow/.local/lib/python3.6/site-packages/airflow/example_dags/example_kubernetes_executor_config.py
[2023-12-28 09:24:27,874] {processor.py:623} INFO - DAG(s) dict_keys(['example_kubernetes_executor_config']) retrieved from /home/airflow/.local/lib/python3.6/site-packages/airflow/example_dags/example_kubernetes_executor_config.py
[2023-12-28 09:24:27,904] {logging_mixin.py:109} INFO - [2023-12-28 09:24:27,904] {dag.py:1834} INFO - Sync 1 DAGs
[2023-12-28 09:24:27,927] {logging_mixin.py:109} INFO - [2023-12-28 09:24:27,927] {dag.py:2287} INFO - Setting next_dagrun for example_kubernetes_executor_config to None
[2023-12-28 09:24:27,946] {processor.py:170} INFO - Processing /home/airflow/.local/lib/python3.6/site-packages/airflow/example_dags/example_kubernetes_executor_config.py took 0.093 seconds
[2023-12-28 09:24:58,357] {processor.py:162} INFO - Started process (PID=2391) to work on /home/airflow/.local/lib/python3.6/site-packages/airflow/example_dags/example_kubernetes_executor_config.py
[2023-12-28 09:24:58,358] {processor.py:613} INFO - Processing file /home/airflow/.local/lib/python3.6/site-packages/airflow/example_dags/example_kubernetes_executor_config.py for tasks to queue
[2023-12-28 09:24:58,359] {logging_mixin.py:109} INFO - [2023-12-28 09:24:58,359] {dagbag.py:496} INFO - Filling up the DagBag from /home/airflow/.local/lib/python3.6/site-packages/airflow/example_dags/example_kubernetes_executor_config.py
[2023-12-28 09:24:58,375] {processor.py:623} INFO - DAG(s) dict_keys(['example_kubernetes_executor_config']) retrieved from /home/airflow/.local/lib/python3.6/site-packages/airflow/example_dags/example_kubernetes_executor_config.py
[2023-12-28 09:24:58,406] {logging_mixin.py:109} INFO - [2023-12-28 09:24:58,406] {dag.py:1834} INFO - Sync 1 DAGs
[2023-12-28 09:24:58,425] {logging_mixin.py:109} INFO - [2023-12-28 09:24:58,425] {dag.py:2287} INFO - Setting next_dagrun for example_kubernetes_executor_config to None
[2023-12-28 09:24:58,443] {processor.py:170} INFO - Processing /home/airflow/.local/lib/python3.6/site-packages/airflow/example_dags/example_kubernetes_executor_config.py took 0.089 seconds
[2023-12-28 09:25:28,652] {processor.py:162} INFO - Started process (PID=2596) to work on /home/airflow/.local/lib/python3.6/site-packages/airflow/example_dags/example_kubernetes_executor_config.py
[2023-12-28 09:25:28,654] {processor.py:613} INFO - Processing file /home/airflow/.local/lib/python3.6/site-packages/airflow/example_dags/example_kubernetes_executor_config.py for tasks to queue
[2023-12-28 09:25:28,654] {logging_mixin.py:109} INFO - [2023-12-28 09:25:28,654] {dagbag.py:496} INFO - Filling up the DagBag from /home/airflow/.local/lib/python3.6/site-packages/airflow/example_dags/example_kubernetes_executor_config.py
[2023-12-28 09:25:28,670] {processor.py:623} INFO - DAG(s) dict_keys(['example_kubernetes_executor_config']) retrieved from /home/airflow/.local/lib/python3.6/site-packages/airflow/example_dags/example_kubernetes_executor_config.py
[2023-12-28 09:25:28,703] {logging_mixin.py:109} INFO - [2023-12-28 09:25:28,702] {dag.py:1834} INFO - Sync 1 DAGs
[2023-12-28 09:25:28,721] {logging_mixin.py:109} INFO - [2023-12-28 09:25:28,721] {dag.py:2287} INFO - Setting next_dagrun for example_kubernetes_executor_config to None
[2023-12-28 09:25:28,737] {processor.py:170} INFO - Processing /home/airflow/.local/lib/python3.6/site-packages/airflow/example_dags/example_kubernetes_executor_config.py took 0.089 seconds
[2023-12-28 09:25:58,850] {processor.py:162} INFO - Started process (PID=2793) to work on /home/airflow/.local/lib/python3.6/site-packages/airflow/example_dags/example_kubernetes_executor_config.py
[2023-12-28 09:25:58,851] {processor.py:613} INFO - Processing file /home/airflow/.local/lib/python3.6/site-packages/airflow/example_dags/example_kubernetes_executor_config.py for tasks to queue
[2023-12-28 09:25:58,852] {logging_mixin.py:109} INFO - [2023-12-28 09:25:58,852] {dagbag.py:496} INFO - Filling up the DagBag from /home/airflow/.local/lib/python3.6/site-packages/airflow/example_dags/example_kubernetes_executor_config.py
[2023-12-28 09:25:58,870] {processor.py:623} INFO - DAG(s) dict_keys(['example_kubernetes_executor_config']) retrieved from /home/airflow/.local/lib/python3.6/site-packages/airflow/example_dags/example_kubernetes_executor_config.py
[2023-12-28 09:25:58,901] {logging_mixin.py:109} INFO - [2023-12-28 09:25:58,900] {dag.py:1834} INFO - Sync 1 DAGs
[2023-12-28 09:25:58,920] {logging_mixin.py:109} INFO - [2023-12-28 09:25:58,920] {dag.py:2287} INFO - Setting next_dagrun for example_kubernetes_executor_config to None
[2023-12-28 09:25:58,937] {processor.py:170} INFO - Processing /home/airflow/.local/lib/python3.6/site-packages/airflow/example_dags/example_kubernetes_executor_config.py took 0.091 seconds
[2023-12-28 09:26:29,368] {processor.py:162} INFO - Started process (PID=2996) to work on /home/airflow/.local/lib/python3.6/site-packages/airflow/example_dags/example_kubernetes_executor_config.py
[2023-12-28 09:26:29,371] {processor.py:613} INFO - Processing file /home/airflow/.local/lib/python3.6/site-packages/airflow/example_dags/example_kubernetes_executor_config.py for tasks to queue
[2023-12-28 09:26:29,372] {logging_mixin.py:109} INFO - [2023-12-28 09:26:29,372] {dagbag.py:496} INFO - Filling up the DagBag from /home/airflow/.local/lib/python3.6/site-packages/airflow/example_dags/example_kubernetes_executor_config.py
[2023-12-28 09:26:29,385] {processor.py:623} INFO - DAG(s) dict_keys(['example_kubernetes_executor_config']) retrieved from /home/airflow/.local/lib/python3.6/site-packages/airflow/example_dags/example_kubernetes_executor_config.py
[2023-12-28 09:26:29,413] {logging_mixin.py:109} INFO - [2023-12-28 09:26:29,413] {dag.py:1834} INFO - Sync 1 DAGs
[2023-12-28 09:26:29,428] {logging_mixin.py:109} INFO - [2023-12-28 09:26:29,428] {dag.py:2287} INFO - Setting next_dagrun for example_kubernetes_executor_config to None
[2023-12-28 09:26:29,440] {processor.py:170} INFO - Processing /home/airflow/.local/lib/python3.6/site-packages/airflow/example_dags/example_kubernetes_executor_config.py took 0.075 seconds
[2023-12-28 09:26:59,870] {processor.py:162} INFO - Started process (PID=3191) to work on /home/airflow/.local/lib/python3.6/site-packages/airflow/example_dags/example_kubernetes_executor_config.py
[2023-12-28 09:26:59,871] {processor.py:613} INFO - Processing file /home/airflow/.local/lib/python3.6/site-packages/airflow/example_dags/example_kubernetes_executor_config.py for tasks to queue
[2023-12-28 09:26:59,872] {logging_mixin.py:109} INFO - [2023-12-28 09:26:59,871] {dagbag.py:496} INFO - Filling up the DagBag from /home/airflow/.local/lib/python3.6/site-packages/airflow/example_dags/example_kubernetes_executor_config.py
[2023-12-28 09:26:59,888] {processor.py:623} INFO - DAG(s) dict_keys(['example_kubernetes_executor_config']) retrieved from /home/airflow/.local/lib/python3.6/site-packages/airflow/example_dags/example_kubernetes_executor_config.py
[2023-12-28 09:26:59,920] {logging_mixin.py:109} INFO - [2023-12-28 09:26:59,920] {dag.py:1834} INFO - Sync 1 DAGs
[2023-12-28 09:26:59,938] {logging_mixin.py:109} INFO - [2023-12-28 09:26:59,938] {dag.py:2287} INFO - Setting next_dagrun for example_kubernetes_executor_config to None
[2023-12-28 09:26:59,957] {processor.py:170} INFO - Processing /home/airflow/.local/lib/python3.6/site-packages/airflow/example_dags/example_kubernetes_executor_config.py took 0.091 seconds
[2023-12-28 09:27:30,381] {processor.py:162} INFO - Started process (PID=3393) to work on /home/airflow/.local/lib/python3.6/site-packages/airflow/example_dags/example_kubernetes_executor_config.py
[2023-12-28 09:27:30,398] {processor.py:613} INFO - Processing file /home/airflow/.local/lib/python3.6/site-packages/airflow/example_dags/example_kubernetes_executor_config.py for tasks to queue
[2023-12-28 09:27:30,398] {logging_mixin.py:109} INFO - [2023-12-28 09:27:30,398] {dagbag.py:496} INFO - Filling up the DagBag from /home/airflow/.local/lib/python3.6/site-packages/airflow/example_dags/example_kubernetes_executor_config.py
[2023-12-28 09:27:30,411] {processor.py:623} INFO - DAG(s) dict_keys(['example_kubernetes_executor_config']) retrieved from /home/airflow/.local/lib/python3.6/site-packages/airflow/example_dags/example_kubernetes_executor_config.py
[2023-12-28 09:27:30,435] {logging_mixin.py:109} INFO - [2023-12-28 09:27:30,435] {dag.py:1834} INFO - Sync 1 DAGs
[2023-12-28 09:27:30,449] {logging_mixin.py:109} INFO - [2023-12-28 09:27:30,449] {dag.py:2287} INFO - Setting next_dagrun for example_kubernetes_executor_config to None
[2023-12-28 09:27:30,475] {processor.py:170} INFO - Processing /home/airflow/.local/lib/python3.6/site-packages/airflow/example_dags/example_kubernetes_executor_config.py took 0.096 seconds
[2023-12-28 09:28:01,065] {processor.py:162} INFO - Started process (PID=3591) to work on /home/airflow/.local/lib/python3.6/site-packages/airflow/example_dags/example_kubernetes_executor_config.py
[2023-12-28 09:28:01,066] {processor.py:613} INFO - Processing file /home/airflow/.local/lib/python3.6/site-packages/airflow/example_dags/example_kubernetes_executor_config.py for tasks to queue
[2023-12-28 09:28:01,067] {logging_mixin.py:109} INFO - [2023-12-28 09:28:01,067] {dagbag.py:496} INFO - Filling up the DagBag from /home/airflow/.local/lib/python3.6/site-packages/airflow/example_dags/example_kubernetes_executor_config.py
[2023-12-28 09:28:01,084] {processor.py:623} INFO - DAG(s) dict_keys(['example_kubernetes_executor_config']) retrieved from /home/airflow/.local/lib/python3.6/site-packages/airflow/example_dags/example_kubernetes_executor_config.py
[2023-12-28 09:28:01,116] {logging_mixin.py:109} INFO - [2023-12-28 09:28:01,116] {dag.py:1834} INFO - Sync 1 DAGs
[2023-12-28 09:28:01,133] {logging_mixin.py:109} INFO - [2023-12-28 09:28:01,132] {dag.py:2287} INFO - Setting next_dagrun for example_kubernetes_executor_config to None
[2023-12-28 09:28:01,146] {processor.py:170} INFO - Processing /home/airflow/.local/lib/python3.6/site-packages/airflow/example_dags/example_kubernetes_executor_config.py took 0.086 seconds
[2023-12-28 09:28:31,206] {processor.py:162} INFO - Started process (PID=3786) to work on /home/airflow/.local/lib/python3.6/site-packages/airflow/example_dags/example_kubernetes_executor_config.py
[2023-12-28 09:28:31,208] {processor.py:613} INFO - Processing file /home/airflow/.local/lib/python3.6/site-packages/airflow/example_dags/example_kubernetes_executor_config.py for tasks to queue
[2023-12-28 09:28:31,209] {logging_mixin.py:109} INFO - [2023-12-28 09:28:31,209] {dagbag.py:496} INFO - Filling up the DagBag from /home/airflow/.local/lib/python3.6/site-packages/airflow/example_dags/example_kubernetes_executor_config.py
[2023-12-28 09:28:31,225] {processor.py:623} INFO - DAG(s) dict_keys(['example_kubernetes_executor_config']) retrieved from /home/airflow/.local/lib/python3.6/site-packages/airflow/example_dags/example_kubernetes_executor_config.py
[2023-12-28 09:28:31,260] {logging_mixin.py:109} INFO - [2023-12-28 09:28:31,260] {dag.py:1834} INFO - Sync 1 DAGs
[2023-12-28 09:28:31,279] {logging_mixin.py:109} INFO - [2023-12-28 09:28:31,278] {dag.py:2287} INFO - Setting next_dagrun for example_kubernetes_executor_config to None
[2023-12-28 09:28:31,296] {processor.py:170} INFO - Processing /home/airflow/.local/lib/python3.6/site-packages/airflow/example_dags/example_kubernetes_executor_config.py took 0.093 seconds
[2023-12-28 09:29:01,653] {processor.py:162} INFO - Started process (PID=3991) to work on /home/airflow/.local/lib/python3.6/site-packages/airflow/example_dags/example_kubernetes_executor_config.py
[2023-12-28 09:29:01,654] {processor.py:613} INFO - Processing file /home/airflow/.local/lib/python3.6/site-packages/airflow/example_dags/example_kubernetes_executor_config.py for tasks to queue
[2023-12-28 09:29:01,655] {logging_mixin.py:109} INFO - [2023-12-28 09:29:01,655] {dagbag.py:496} INFO - Filling up the DagBag from /home/airflow/.local/lib/python3.6/site-packages/airflow/example_dags/example_kubernetes_executor_config.py
[2023-12-28 09:29:01,671] {processor.py:623} INFO - DAG(s) dict_keys(['example_kubernetes_executor_config']) retrieved from /home/airflow/.local/lib/python3.6/site-packages/airflow/example_dags/example_kubernetes_executor_config.py
[2023-12-28 09:29:01,704] {logging_mixin.py:109} INFO - [2023-12-28 09:29:01,703] {dag.py:1834} INFO - Sync 1 DAGs
[2023-12-28 09:29:01,722] {logging_mixin.py:109} INFO - [2023-12-28 09:29:01,722] {dag.py:2287} INFO - Setting next_dagrun for example_kubernetes_executor_config to None
[2023-12-28 09:29:01,740] {processor.py:170} INFO - Processing /home/airflow/.local/lib/python3.6/site-packages/airflow/example_dags/example_kubernetes_executor_config.py took 0.091 seconds
[2023-12-28 09:29:32,199] {processor.py:162} INFO - Started process (PID=4187) to work on /home/airflow/.local/lib/python3.6/site-packages/airflow/example_dags/example_kubernetes_executor_config.py
[2023-12-28 09:29:32,201] {processor.py:613} INFO - Processing file /home/airflow/.local/lib/python3.6/site-packages/airflow/example_dags/example_kubernetes_executor_config.py for tasks to queue
[2023-12-28 09:29:32,203] {logging_mixin.py:109} INFO - [2023-12-28 09:29:32,202] {dagbag.py:496} INFO - Filling up the DagBag from /home/airflow/.local/lib/python3.6/site-packages/airflow/example_dags/example_kubernetes_executor_config.py
[2023-12-28 09:29:32,223] {processor.py:623} INFO - DAG(s) dict_keys(['example_kubernetes_executor_config']) retrieved from /home/airflow/.local/lib/python3.6/site-packages/airflow/example_dags/example_kubernetes_executor_config.py
[2023-12-28 09:29:32,255] {logging_mixin.py:109} INFO - [2023-12-28 09:29:32,255] {dag.py:1834} INFO - Sync 1 DAGs
[2023-12-28 09:29:32,275] {logging_mixin.py:109} INFO - [2023-12-28 09:29:32,275] {dag.py:2287} INFO - Setting next_dagrun for example_kubernetes_executor_config to None
[2023-12-28 09:29:32,293] {processor.py:170} INFO - Processing /home/airflow/.local/lib/python3.6/site-packages/airflow/example_dags/example_kubernetes_executor_config.py took 0.097 seconds
[2023-12-28 09:30:02,375] {processor.py:162} INFO - Started process (PID=4390) to work on /home/airflow/.local/lib/python3.6/site-packages/airflow/example_dags/example_kubernetes_executor_config.py
[2023-12-28 09:30:02,376] {processor.py:613} INFO - Processing file /home/airflow/.local/lib/python3.6/site-packages/airflow/example_dags/example_kubernetes_executor_config.py for tasks to queue
[2023-12-28 09:30:02,377] {logging_mixin.py:109} INFO - [2023-12-28 09:30:02,376] {dagbag.py:496} INFO - Filling up the DagBag from /home/airflow/.local/lib/python3.6/site-packages/airflow/example_dags/example_kubernetes_executor_config.py
[2023-12-28 09:30:02,393] {processor.py:623} INFO - DAG(s) dict_keys(['example_kubernetes_executor_config']) retrieved from /home/airflow/.local/lib/python3.6/site-packages/airflow/example_dags/example_kubernetes_executor_config.py
[2023-12-28 09:30:02,420] {logging_mixin.py:109} INFO - [2023-12-28 09:30:02,420] {dag.py:1834} INFO - Sync 1 DAGs
[2023-12-28 09:30:02,436] {logging_mixin.py:109} INFO - [2023-12-28 09:30:02,436] {dag.py:2287} INFO - Setting next_dagrun for example_kubernetes_executor_config to None
[2023-12-28 09:30:02,450] {processor.py:170} INFO - Processing /home/airflow/.local/lib/python3.6/site-packages/airflow/example_dags/example_kubernetes_executor_config.py took 0.079 seconds
[2023-12-28 09:30:32,660] {processor.py:162} INFO - Started process (PID=4586) to work on /home/airflow/.local/lib/python3.6/site-packages/airflow/example_dags/example_kubernetes_executor_config.py
[2023-12-28 09:30:32,663] {processor.py:613} INFO - Processing file /home/airflow/.local/lib/python3.6/site-packages/airflow/example_dags/example_kubernetes_executor_config.py for tasks to queue
[2023-12-28 09:30:32,664] {logging_mixin.py:109} INFO - [2023-12-28 09:30:32,664] {dagbag.py:496} INFO - Filling up the DagBag from /home/airflow/.local/lib/python3.6/site-packages/airflow/example_dags/example_kubernetes_executor_config.py
[2023-12-28 09:30:32,681] {processor.py:623} INFO - DAG(s) dict_keys(['example_kubernetes_executor_config']) retrieved from /home/airflow/.local/lib/python3.6/site-packages/airflow/example_dags/example_kubernetes_executor_config.py
[2023-12-28 09:30:32,711] {logging_mixin.py:109} INFO - [2023-12-28 09:30:32,711] {dag.py:1834} INFO - Sync 1 DAGs
[2023-12-28 09:30:32,730] {logging_mixin.py:109} INFO - [2023-12-28 09:30:32,729] {dag.py:2287} INFO - Setting next_dagrun for example_kubernetes_executor_config to None
[2023-12-28 09:30:32,746] {processor.py:170} INFO - Processing /home/airflow/.local/lib/python3.6/site-packages/airflow/example_dags/example_kubernetes_executor_config.py took 0.089 seconds
[2023-12-28 09:31:03,209] {processor.py:162} INFO - Started process (PID=4781) to work on /home/airflow/.local/lib/python3.6/site-packages/airflow/example_dags/example_kubernetes_executor_config.py
[2023-12-28 09:31:03,211] {processor.py:613} INFO - Processing file /home/airflow/.local/lib/python3.6/site-packages/airflow/example_dags/example_kubernetes_executor_config.py for tasks to queue
[2023-12-28 09:31:03,212] {logging_mixin.py:109} INFO - [2023-12-28 09:31:03,211] {dagbag.py:496} INFO - Filling up the DagBag from /home/airflow/.local/lib/python3.6/site-packages/airflow/example_dags/example_kubernetes_executor_config.py
[2023-12-28 09:31:03,231] {processor.py:623} INFO - DAG(s) dict_keys(['example_kubernetes_executor_config']) retrieved from /home/airflow/.local/lib/python3.6/site-packages/airflow/example_dags/example_kubernetes_executor_config.py
[2023-12-28 09:31:03,264] {logging_mixin.py:109} INFO - [2023-12-28 09:31:03,264] {dag.py:1834} INFO - Sync 1 DAGs
[2023-12-28 09:31:03,282] {logging_mixin.py:109} INFO - [2023-12-28 09:31:03,282] {dag.py:2287} INFO - Setting next_dagrun for example_kubernetes_executor_config to None
[2023-12-28 09:31:03,321] {processor.py:170} INFO - Processing /home/airflow/.local/lib/python3.6/site-packages/airflow/example_dags/example_kubernetes_executor_config.py took 0.115 seconds
[2023-12-28 09:31:33,428] {processor.py:162} INFO - Started process (PID=4987) to work on /home/airflow/.local/lib/python3.6/site-packages/airflow/example_dags/example_kubernetes_executor_config.py
[2023-12-28 09:31:33,431] {processor.py:613} INFO - Processing file /home/airflow/.local/lib/python3.6/site-packages/airflow/example_dags/example_kubernetes_executor_config.py for tasks to queue
[2023-12-28 09:31:33,432] {logging_mixin.py:109} INFO - [2023-12-28 09:31:33,432] {dagbag.py:496} INFO - Filling up the DagBag from /home/airflow/.local/lib/python3.6/site-packages/airflow/example_dags/example_kubernetes_executor_config.py
[2023-12-28 09:31:33,449] {processor.py:623} INFO - DAG(s) dict_keys(['example_kubernetes_executor_config']) retrieved from /home/airflow/.local/lib/python3.6/site-packages/airflow/example_dags/example_kubernetes_executor_config.py
[2023-12-28 09:31:33,482] {logging_mixin.py:109} INFO - [2023-12-28 09:31:33,481] {dag.py:1834} INFO - Sync 1 DAGs
[2023-12-28 09:31:33,501] {logging_mixin.py:109} INFO - [2023-12-28 09:31:33,500] {dag.py:2287} INFO - Setting next_dagrun for example_kubernetes_executor_config to None
[2023-12-28 09:31:33,517] {processor.py:170} INFO - Processing /home/airflow/.local/lib/python3.6/site-packages/airflow/example_dags/example_kubernetes_executor_config.py took 0.091 seconds
[2023-12-28 09:32:03,611] {processor.py:162} INFO - Started process (PID=5181) to work on /home/airflow/.local/lib/python3.6/site-packages/airflow/example_dags/example_kubernetes_executor_config.py
[2023-12-28 09:32:03,613] {processor.py:613} INFO - Processing file /home/airflow/.local/lib/python3.6/site-packages/airflow/example_dags/example_kubernetes_executor_config.py for tasks to queue
[2023-12-28 09:32:03,614] {logging_mixin.py:109} INFO - [2023-12-28 09:32:03,613] {dagbag.py:496} INFO - Filling up the DagBag from /home/airflow/.local/lib/python3.6/site-packages/airflow/example_dags/example_kubernetes_executor_config.py
[2023-12-28 09:32:03,630] {processor.py:623} INFO - DAG(s) dict_keys(['example_kubernetes_executor_config']) retrieved from /home/airflow/.local/lib/python3.6/site-packages/airflow/example_dags/example_kubernetes_executor_config.py
[2023-12-28 09:32:03,655] {logging_mixin.py:109} INFO - [2023-12-28 09:32:03,655] {dag.py:1834} INFO - Sync 1 DAGs
[2023-12-28 09:32:03,670] {logging_mixin.py:109} INFO - [2023-12-28 09:32:03,669] {dag.py:2287} INFO - Setting next_dagrun for example_kubernetes_executor_config to None
[2023-12-28 09:32:03,683] {processor.py:170} INFO - Processing /home/airflow/.local/lib/python3.6/site-packages/airflow/example_dags/example_kubernetes_executor_config.py took 0.075 seconds
[2023-12-28 09:32:33,738] {processor.py:162} INFO - Started process (PID=5385) to work on /home/airflow/.local/lib/python3.6/site-packages/airflow/example_dags/example_kubernetes_executor_config.py
[2023-12-28 09:32:33,740] {processor.py:613} INFO - Processing file /home/airflow/.local/lib/python3.6/site-packages/airflow/example_dags/example_kubernetes_executor_config.py for tasks to queue
[2023-12-28 09:32:33,741] {logging_mixin.py:109} INFO - [2023-12-28 09:32:33,741] {dagbag.py:496} INFO - Filling up the DagBag from /home/airflow/.local/lib/python3.6/site-packages/airflow/example_dags/example_kubernetes_executor_config.py
[2023-12-28 09:32:33,758] {processor.py:623} INFO - DAG(s) dict_keys(['example_kubernetes_executor_config']) retrieved from /home/airflow/.local/lib/python3.6/site-packages/airflow/example_dags/example_kubernetes_executor_config.py
[2023-12-28 09:32:33,789] {logging_mixin.py:109} INFO - [2023-12-28 09:32:33,788] {dag.py:1834} INFO - Sync 1 DAGs
[2023-12-28 09:32:33,806] {logging_mixin.py:109} INFO - [2023-12-28 09:32:33,806] {dag.py:2287} INFO - Setting next_dagrun for example_kubernetes_executor_config to None
[2023-12-28 09:32:33,823] {processor.py:170} INFO - Processing /home/airflow/.local/lib/python3.6/site-packages/airflow/example_dags/example_kubernetes_executor_config.py took 0.088 seconds
[2023-12-28 09:33:04,047] {processor.py:162} INFO - Started process (PID=5581) to work on /home/airflow/.local/lib/python3.6/site-packages/airflow/example_dags/example_kubernetes_executor_config.py
[2023-12-28 09:33:04,048] {processor.py:613} INFO - Processing file /home/airflow/.local/lib/python3.6/site-packages/airflow/example_dags/example_kubernetes_executor_config.py for tasks to queue
[2023-12-28 09:33:04,049] {logging_mixin.py:109} INFO - [2023-12-28 09:33:04,049] {dagbag.py:496} INFO - Filling up the DagBag from /home/airflow/.local/lib/python3.6/site-packages/airflow/example_dags/example_kubernetes_executor_config.py
[2023-12-28 09:33:04,066] {processor.py:623} INFO - DAG(s) dict_keys(['example_kubernetes_executor_config']) retrieved from /home/airflow/.local/lib/python3.6/site-packages/airflow/example_dags/example_kubernetes_executor_config.py
[2023-12-28 09:33:04,093] {logging_mixin.py:109} INFO - [2023-12-28 09:33:04,093] {dag.py:1834} INFO - Sync 1 DAGs
[2023-12-28 09:33:04,109] {logging_mixin.py:109} INFO - [2023-12-28 09:33:04,109] {dag.py:2287} INFO - Setting next_dagrun for example_kubernetes_executor_config to None
[2023-12-28 09:33:04,123] {processor.py:170} INFO - Processing /home/airflow/.local/lib/python3.6/site-packages/airflow/example_dags/example_kubernetes_executor_config.py took 0.079 seconds
[2023-12-28 09:33:34,377] {processor.py:162} INFO - Started process (PID=5776) to work on /home/airflow/.local/lib/python3.6/site-packages/airflow/example_dags/example_kubernetes_executor_config.py
[2023-12-28 09:33:34,379] {processor.py:613} INFO - Processing file /home/airflow/.local/lib/python3.6/site-packages/airflow/example_dags/example_kubernetes_executor_config.py for tasks to queue
[2023-12-28 09:33:34,380] {logging_mixin.py:109} INFO - [2023-12-28 09:33:34,380] {dagbag.py:496} INFO - Filling up the DagBag from /home/airflow/.local/lib/python3.6/site-packages/airflow/example_dags/example_kubernetes_executor_config.py
[2023-12-28 09:33:34,397] {processor.py:623} INFO - DAG(s) dict_keys(['example_kubernetes_executor_config']) retrieved from /home/airflow/.local/lib/python3.6/site-packages/airflow/example_dags/example_kubernetes_executor_config.py
[2023-12-28 09:33:34,426] {logging_mixin.py:109} INFO - [2023-12-28 09:33:34,426] {dag.py:1834} INFO - Sync 1 DAGs
[2023-12-28 09:33:34,444] {logging_mixin.py:109} INFO - [2023-12-28 09:33:34,444] {dag.py:2287} INFO - Setting next_dagrun for example_kubernetes_executor_config to None
[2023-12-28 09:33:34,461] {processor.py:170} INFO - Processing /home/airflow/.local/lib/python3.6/site-packages/airflow/example_dags/example_kubernetes_executor_config.py took 0.087 seconds
[2023-12-28 09:34:04,656] {processor.py:162} INFO - Started process (PID=5981) to work on /home/airflow/.local/lib/python3.6/site-packages/airflow/example_dags/example_kubernetes_executor_config.py
[2023-12-28 09:34:04,658] {processor.py:613} INFO - Processing file /home/airflow/.local/lib/python3.6/site-packages/airflow/example_dags/example_kubernetes_executor_config.py for tasks to queue
[2023-12-28 09:34:04,660] {logging_mixin.py:109} INFO - [2023-12-28 09:34:04,659] {dagbag.py:496} INFO - Filling up the DagBag from /home/airflow/.local/lib/python3.6/site-packages/airflow/example_dags/example_kubernetes_executor_config.py
[2023-12-28 09:34:04,683] {processor.py:623} INFO - DAG(s) dict_keys(['example_kubernetes_executor_config']) retrieved from /home/airflow/.local/lib/python3.6/site-packages/airflow/example_dags/example_kubernetes_executor_config.py
[2023-12-28 09:34:04,718] {logging_mixin.py:109} INFO - [2023-12-28 09:34:04,718] {dag.py:1834} INFO - Sync 1 DAGs
[2023-12-28 09:34:04,739] {logging_mixin.py:109} INFO - [2023-12-28 09:34:04,739] {dag.py:2287} INFO - Setting next_dagrun for example_kubernetes_executor_config to None
[2023-12-28 09:34:04,759] {processor.py:170} INFO - Processing /home/airflow/.local/lib/python3.6/site-packages/airflow/example_dags/example_kubernetes_executor_config.py took 0.107 seconds
[2023-12-28 09:34:34,829] {processor.py:162} INFO - Started process (PID=6175) to work on /home/airflow/.local/lib/python3.6/site-packages/airflow/example_dags/example_kubernetes_executor_config.py
[2023-12-28 09:34:34,830] {processor.py:613} INFO - Processing file /home/airflow/.local/lib/python3.6/site-packages/airflow/example_dags/example_kubernetes_executor_config.py for tasks to queue
[2023-12-28 09:34:34,831] {logging_mixin.py:109} INFO - [2023-12-28 09:34:34,831] {dagbag.py:496} INFO - Filling up the DagBag from /home/airflow/.local/lib/python3.6/site-packages/airflow/example_dags/example_kubernetes_executor_config.py
[2023-12-28 09:34:34,845] {processor.py:623} INFO - DAG(s) dict_keys(['example_kubernetes_executor_config']) retrieved from /home/airflow/.local/lib/python3.6/site-packages/airflow/example_dags/example_kubernetes_executor_config.py
[2023-12-28 09:34:34,873] {logging_mixin.py:109} INFO - [2023-12-28 09:34:34,873] {dag.py:1834} INFO - Sync 1 DAGs
[2023-12-28 09:34:34,891] {logging_mixin.py:109} INFO - [2023-12-28 09:34:34,891] {dag.py:2287} INFO - Setting next_dagrun for example_kubernetes_executor_config to None
[2023-12-28 09:34:34,906] {processor.py:170} INFO - Processing /home/airflow/.local/lib/python3.6/site-packages/airflow/example_dags/example_kubernetes_executor_config.py took 0.080 seconds
[2023-12-28 09:35:04,961] {processor.py:162} INFO - Started process (PID=6381) to work on /home/airflow/.local/lib/python3.6/site-packages/airflow/example_dags/example_kubernetes_executor_config.py
[2023-12-28 09:35:04,962] {processor.py:613} INFO - Processing file /home/airflow/.local/lib/python3.6/site-packages/airflow/example_dags/example_kubernetes_executor_config.py for tasks to queue
[2023-12-28 09:35:04,963] {logging_mixin.py:109} INFO - [2023-12-28 09:35:04,963] {dagbag.py:496} INFO - Filling up the DagBag from /home/airflow/.local/lib/python3.6/site-packages/airflow/example_dags/example_kubernetes_executor_config.py
[2023-12-28 09:35:04,978] {processor.py:623} INFO - DAG(s) dict_keys(['example_kubernetes_executor_config']) retrieved from /home/airflow/.local/lib/python3.6/site-packages/airflow/example_dags/example_kubernetes_executor_config.py
[2023-12-28 09:35:05,006] {logging_mixin.py:109} INFO - [2023-12-28 09:35:05,005] {dag.py:1834} INFO - Sync 1 DAGs
[2023-12-28 09:35:05,023] {logging_mixin.py:109} INFO - [2023-12-28 09:35:05,023] {dag.py:2287} INFO - Setting next_dagrun for example_kubernetes_executor_config to None
[2023-12-28 09:35:05,036] {processor.py:170} INFO - Processing /home/airflow/.local/lib/python3.6/site-packages/airflow/example_dags/example_kubernetes_executor_config.py took 0.078 seconds
[2023-12-28 09:35:35,155] {processor.py:162} INFO - Started process (PID=6576) to work on /home/airflow/.local/lib/python3.6/site-packages/airflow/example_dags/example_kubernetes_executor_config.py
[2023-12-28 09:35:35,158] {processor.py:613} INFO - Processing file /home/airflow/.local/lib/python3.6/site-packages/airflow/example_dags/example_kubernetes_executor_config.py for tasks to queue
[2023-12-28 09:35:35,159] {logging_mixin.py:109} INFO - [2023-12-28 09:35:35,159] {dagbag.py:496} INFO - Filling up the DagBag from /home/airflow/.local/lib/python3.6/site-packages/airflow/example_dags/example_kubernetes_executor_config.py
[2023-12-28 09:35:35,174] {processor.py:623} INFO - DAG(s) dict_keys(['example_kubernetes_executor_config']) retrieved from /home/airflow/.local/lib/python3.6/site-packages/airflow/example_dags/example_kubernetes_executor_config.py
[2023-12-28 09:35:35,201] {logging_mixin.py:109} INFO - [2023-12-28 09:35:35,201] {dag.py:1834} INFO - Sync 1 DAGs
[2023-12-28 09:35:35,216] {logging_mixin.py:109} INFO - [2023-12-28 09:35:35,216] {dag.py:2287} INFO - Setting next_dagrun for example_kubernetes_executor_config to None
[2023-12-28 09:35:35,229] {processor.py:170} INFO - Processing /home/airflow/.local/lib/python3.6/site-packages/airflow/example_dags/example_kubernetes_executor_config.py took 0.076 seconds
[2023-12-28 09:36:05,276] {processor.py:162} INFO - Started process (PID=6771) to work on /home/airflow/.local/lib/python3.6/site-packages/airflow/example_dags/example_kubernetes_executor_config.py
[2023-12-28 09:36:05,277] {processor.py:613} INFO - Processing file /home/airflow/.local/lib/python3.6/site-packages/airflow/example_dags/example_kubernetes_executor_config.py for tasks to queue
[2023-12-28 09:36:05,278] {logging_mixin.py:109} INFO - [2023-12-28 09:36:05,278] {dagbag.py:496} INFO - Filling up the DagBag from /home/airflow/.local/lib/python3.6/site-packages/airflow/example_dags/example_kubernetes_executor_config.py
[2023-12-28 09:36:05,292] {processor.py:623} INFO - DAG(s) dict_keys(['example_kubernetes_executor_config']) retrieved from /home/airflow/.local/lib/python3.6/site-packages/airflow/example_dags/example_kubernetes_executor_config.py
[2023-12-28 09:36:05,316] {logging_mixin.py:109} INFO - [2023-12-28 09:36:05,316] {dag.py:1834} INFO - Sync 1 DAGs
[2023-12-28 09:36:05,330] {logging_mixin.py:109} INFO - [2023-12-28 09:36:05,330] {dag.py:2287} INFO - Setting next_dagrun for example_kubernetes_executor_config to None
[2023-12-28 09:36:05,347] {processor.py:170} INFO - Processing /home/airflow/.local/lib/python3.6/site-packages/airflow/example_dags/example_kubernetes_executor_config.py took 0.073 seconds
[2023-12-28 09:36:35,656] {processor.py:162} INFO - Started process (PID=6976) to work on /home/airflow/.local/lib/python3.6/site-packages/airflow/example_dags/example_kubernetes_executor_config.py
[2023-12-28 09:36:35,659] {processor.py:613} INFO - Processing file /home/airflow/.local/lib/python3.6/site-packages/airflow/example_dags/example_kubernetes_executor_config.py for tasks to queue
[2023-12-28 09:36:35,659] {logging_mixin.py:109} INFO - [2023-12-28 09:36:35,659] {dagbag.py:496} INFO - Filling up the DagBag from /home/airflow/.local/lib/python3.6/site-packages/airflow/example_dags/example_kubernetes_executor_config.py
[2023-12-28 09:36:35,674] {processor.py:623} INFO - DAG(s) dict_keys(['example_kubernetes_executor_config']) retrieved from /home/airflow/.local/lib/python3.6/site-packages/airflow/example_dags/example_kubernetes_executor_config.py
[2023-12-28 09:36:35,704] {logging_mixin.py:109} INFO - [2023-12-28 09:36:35,704] {dag.py:1834} INFO - Sync 1 DAGs
[2023-12-28 09:36:35,723] {logging_mixin.py:109} INFO - [2023-12-28 09:36:35,723] {dag.py:2287} INFO - Setting next_dagrun for example_kubernetes_executor_config to None
[2023-12-28 09:36:35,740] {processor.py:170} INFO - Processing /home/airflow/.local/lib/python3.6/site-packages/airflow/example_dags/example_kubernetes_executor_config.py took 0.086 seconds
[2023-12-28 09:37:06,315] {processor.py:162} INFO - Started process (PID=7171) to work on /home/airflow/.local/lib/python3.6/site-packages/airflow/example_dags/example_kubernetes_executor_config.py
[2023-12-28 09:37:06,316] {processor.py:613} INFO - Processing file /home/airflow/.local/lib/python3.6/site-packages/airflow/example_dags/example_kubernetes_executor_config.py for tasks to queue
[2023-12-28 09:37:06,316] {logging_mixin.py:109} INFO - [2023-12-28 09:37:06,316] {dagbag.py:496} INFO - Filling up the DagBag from /home/airflow/.local/lib/python3.6/site-packages/airflow/example_dags/example_kubernetes_executor_config.py
[2023-12-28 09:37:06,330] {processor.py:623} INFO - DAG(s) dict_keys(['example_kubernetes_executor_config']) retrieved from /home/airflow/.local/lib/python3.6/site-packages/airflow/example_dags/example_kubernetes_executor_config.py
[2023-12-28 09:37:06,354] {logging_mixin.py:109} INFO - [2023-12-28 09:37:06,354] {dag.py:1834} INFO - Sync 1 DAGs
[2023-12-28 09:37:06,367] {logging_mixin.py:109} INFO - [2023-12-28 09:37:06,366] {dag.py:2287} INFO - Setting next_dagrun for example_kubernetes_executor_config to None
[2023-12-28 09:37:06,377] {processor.py:170} INFO - Processing /home/airflow/.local/lib/python3.6/site-packages/airflow/example_dags/example_kubernetes_executor_config.py took 0.066 seconds
[2023-12-28 09:37:36,542] {processor.py:162} INFO - Started process (PID=7366) to work on /home/airflow/.local/lib/python3.6/site-packages/airflow/example_dags/example_kubernetes_executor_config.py
[2023-12-28 09:37:36,544] {processor.py:613} INFO - Processing file /home/airflow/.local/lib/python3.6/site-packages/airflow/example_dags/example_kubernetes_executor_config.py for tasks to queue
[2023-12-28 09:37:36,545] {logging_mixin.py:109} INFO - [2023-12-28 09:37:36,545] {dagbag.py:496} INFO - Filling up the DagBag from /home/airflow/.local/lib/python3.6/site-packages/airflow/example_dags/example_kubernetes_executor_config.py
[2023-12-28 09:37:36,567] {processor.py:623} INFO - DAG(s) dict_keys(['example_kubernetes_executor_config']) retrieved from /home/airflow/.local/lib/python3.6/site-packages/airflow/example_dags/example_kubernetes_executor_config.py
[2023-12-28 09:37:36,597] {logging_mixin.py:109} INFO - [2023-12-28 09:37:36,597] {dag.py:1834} INFO - Sync 1 DAGs
[2023-12-28 09:37:36,648] {logging_mixin.py:109} INFO - [2023-12-28 09:37:36,647] {dag.py:2287} INFO - Setting next_dagrun for example_kubernetes_executor_config to None
[2023-12-28 09:37:36,675] {processor.py:170} INFO - Processing /home/airflow/.local/lib/python3.6/site-packages/airflow/example_dags/example_kubernetes_executor_config.py took 0.136 seconds
[2023-12-28 09:38:06,805] {processor.py:162} INFO - Started process (PID=7573) to work on /home/airflow/.local/lib/python3.6/site-packages/airflow/example_dags/example_kubernetes_executor_config.py
[2023-12-28 09:38:06,806] {processor.py:613} INFO - Processing file /home/airflow/.local/lib/python3.6/site-packages/airflow/example_dags/example_kubernetes_executor_config.py for tasks to queue
[2023-12-28 09:38:06,806] {logging_mixin.py:109} INFO - [2023-12-28 09:38:06,806] {dagbag.py:496} INFO - Filling up the DagBag from /home/airflow/.local/lib/python3.6/site-packages/airflow/example_dags/example_kubernetes_executor_config.py
[2023-12-28 09:38:06,821] {processor.py:623} INFO - DAG(s) dict_keys(['example_kubernetes_executor_config']) retrieved from /home/airflow/.local/lib/python3.6/site-packages/airflow/example_dags/example_kubernetes_executor_config.py
[2023-12-28 09:38:06,845] {logging_mixin.py:109} INFO - [2023-12-28 09:38:06,845] {dag.py:1834} INFO - Sync 1 DAGs
[2023-12-28 09:38:06,860] {logging_mixin.py:109} INFO - [2023-12-28 09:38:06,860] {dag.py:2287} INFO - Setting next_dagrun for example_kubernetes_executor_config to None
[2023-12-28 09:38:06,872] {processor.py:170} INFO - Processing /home/airflow/.local/lib/python3.6/site-packages/airflow/example_dags/example_kubernetes_executor_config.py took 0.071 seconds
[2023-12-28 09:38:37,147] {processor.py:162} INFO - Started process (PID=7766) to work on /home/airflow/.local/lib/python3.6/site-packages/airflow/example_dags/example_kubernetes_executor_config.py
[2023-12-28 09:38:37,149] {processor.py:613} INFO - Processing file /home/airflow/.local/lib/python3.6/site-packages/airflow/example_dags/example_kubernetes_executor_config.py for tasks to queue
[2023-12-28 09:38:37,149] {logging_mixin.py:109} INFO - [2023-12-28 09:38:37,149] {dagbag.py:496} INFO - Filling up the DagBag from /home/airflow/.local/lib/python3.6/site-packages/airflow/example_dags/example_kubernetes_executor_config.py
[2023-12-28 09:38:37,164] {processor.py:623} INFO - DAG(s) dict_keys(['example_kubernetes_executor_config']) retrieved from /home/airflow/.local/lib/python3.6/site-packages/airflow/example_dags/example_kubernetes_executor_config.py
[2023-12-28 09:38:37,190] {logging_mixin.py:109} INFO - [2023-12-28 09:38:37,190] {dag.py:1834} INFO - Sync 1 DAGs
[2023-12-28 09:38:37,205] {logging_mixin.py:109} INFO - [2023-12-28 09:38:37,205] {dag.py:2287} INFO - Setting next_dagrun for example_kubernetes_executor_config to None
[2023-12-28 09:38:37,219] {processor.py:170} INFO - Processing /home/airflow/.local/lib/python3.6/site-packages/airflow/example_dags/example_kubernetes_executor_config.py took 0.075 seconds
[2023-12-28 09:39:07,643] {processor.py:162} INFO - Started process (PID=7971) to work on /home/airflow/.local/lib/python3.6/site-packages/airflow/example_dags/example_kubernetes_executor_config.py
[2023-12-28 09:39:07,645] {processor.py:613} INFO - Processing file /home/airflow/.local/lib/python3.6/site-packages/airflow/example_dags/example_kubernetes_executor_config.py for tasks to queue
[2023-12-28 09:39:07,647] {logging_mixin.py:109} INFO - [2023-12-28 09:39:07,646] {dagbag.py:496} INFO - Filling up the DagBag from /home/airflow/.local/lib/python3.6/site-packages/airflow/example_dags/example_kubernetes_executor_config.py
[2023-12-28 09:39:07,678] {processor.py:623} INFO - DAG(s) dict_keys(['example_kubernetes_executor_config']) retrieved from /home/airflow/.local/lib/python3.6/site-packages/airflow/example_dags/example_kubernetes_executor_config.py
[2023-12-28 09:39:07,716] {logging_mixin.py:109} INFO - [2023-12-28 09:39:07,716] {dag.py:1834} INFO - Sync 1 DAGs
[2023-12-28 09:39:07,735] {logging_mixin.py:109} INFO - [2023-12-28 09:39:07,735] {dag.py:2287} INFO - Setting next_dagrun for example_kubernetes_executor_config to None
[2023-12-28 09:39:07,752] {processor.py:170} INFO - Processing /home/airflow/.local/lib/python3.6/site-packages/airflow/example_dags/example_kubernetes_executor_config.py took 0.115 seconds
[2023-12-28 09:39:38,744] {processor.py:162} INFO - Started process (PID=8168) to work on /home/airflow/.local/lib/python3.6/site-packages/airflow/example_dags/example_kubernetes_executor_config.py
[2023-12-28 09:39:38,746] {processor.py:613} INFO - Processing file /home/airflow/.local/lib/python3.6/site-packages/airflow/example_dags/example_kubernetes_executor_config.py for tasks to queue
[2023-12-28 09:39:38,746] {logging_mixin.py:109} INFO - [2023-12-28 09:39:38,746] {dagbag.py:496} INFO - Filling up the DagBag from /home/airflow/.local/lib/python3.6/site-packages/airflow/example_dags/example_kubernetes_executor_config.py
[2023-12-28 09:39:38,760] {processor.py:623} INFO - DAG(s) dict_keys(['example_kubernetes_executor_config']) retrieved from /home/airflow/.local/lib/python3.6/site-packages/airflow/example_dags/example_kubernetes_executor_config.py
[2023-12-28 09:39:38,785] {logging_mixin.py:109} INFO - [2023-12-28 09:39:38,784] {dag.py:1834} INFO - Sync 1 DAGs
[2023-12-28 09:39:38,798] {logging_mixin.py:109} INFO - [2023-12-28 09:39:38,798] {dag.py:2287} INFO - Setting next_dagrun for example_kubernetes_executor_config to None
[2023-12-28 09:39:38,811] {processor.py:170} INFO - Processing /home/airflow/.local/lib/python3.6/site-packages/airflow/example_dags/example_kubernetes_executor_config.py took 0.069 seconds
[2023-12-28 09:40:08,972] {processor.py:162} INFO - Started process (PID=8373) to work on /home/airflow/.local/lib/python3.6/site-packages/airflow/example_dags/example_kubernetes_executor_config.py
[2023-12-28 09:40:08,973] {processor.py:613} INFO - Processing file /home/airflow/.local/lib/python3.6/site-packages/airflow/example_dags/example_kubernetes_executor_config.py for tasks to queue
[2023-12-28 09:40:08,974] {logging_mixin.py:109} INFO - [2023-12-28 09:40:08,974] {dagbag.py:496} INFO - Filling up the DagBag from /home/airflow/.local/lib/python3.6/site-packages/airflow/example_dags/example_kubernetes_executor_config.py
[2023-12-28 09:40:08,988] {processor.py:623} INFO - DAG(s) dict_keys(['example_kubernetes_executor_config']) retrieved from /home/airflow/.local/lib/python3.6/site-packages/airflow/example_dags/example_kubernetes_executor_config.py
[2023-12-28 09:40:09,016] {logging_mixin.py:109} INFO - [2023-12-28 09:40:09,016] {dag.py:1834} INFO - Sync 1 DAGs
[2023-12-28 09:40:09,032] {logging_mixin.py:109} INFO - [2023-12-28 09:40:09,032] {dag.py:2287} INFO - Setting next_dagrun for example_kubernetes_executor_config to None
[2023-12-28 09:40:09,045] {processor.py:170} INFO - Processing /home/airflow/.local/lib/python3.6/site-packages/airflow/example_dags/example_kubernetes_executor_config.py took 0.076 seconds
[2023-12-28 09:40:39,343] {processor.py:162} INFO - Started process (PID=8568) to work on /home/airflow/.local/lib/python3.6/site-packages/airflow/example_dags/example_kubernetes_executor_config.py
[2023-12-28 09:40:39,347] {processor.py:613} INFO - Processing file /home/airflow/.local/lib/python3.6/site-packages/airflow/example_dags/example_kubernetes_executor_config.py for tasks to queue
[2023-12-28 09:40:39,350] {logging_mixin.py:109} INFO - [2023-12-28 09:40:39,349] {dagbag.py:496} INFO - Filling up the DagBag from /home/airflow/.local/lib/python3.6/site-packages/airflow/example_dags/example_kubernetes_executor_config.py
[2023-12-28 09:40:39,383] {processor.py:623} INFO - DAG(s) dict_keys(['example_kubernetes_executor_config']) retrieved from /home/airflow/.local/lib/python3.6/site-packages/airflow/example_dags/example_kubernetes_executor_config.py
[2023-12-28 09:40:39,424] {logging_mixin.py:109} INFO - [2023-12-28 09:40:39,423] {dag.py:1834} INFO - Sync 1 DAGs
[2023-12-28 09:40:39,450] {logging_mixin.py:109} INFO - [2023-12-28 09:40:39,450] {dag.py:2287} INFO - Setting next_dagrun for example_kubernetes_executor_config to None
[2023-12-28 09:40:39,470] {processor.py:170} INFO - Processing /home/airflow/.local/lib/python3.6/site-packages/airflow/example_dags/example_kubernetes_executor_config.py took 0.138 seconds
