[2023-12-28 09:19:23,614] {processor.py:162} INFO - Started process (PID=281) to work on /home/airflow/.local/lib/python3.6/site-packages/airflow/example_dags/example_branch_operator.py
[2023-12-28 09:19:23,615] {processor.py:613} INFO - Processing file /home/airflow/.local/lib/python3.6/site-packages/airflow/example_dags/example_branch_operator.py for tasks to queue
[2023-12-28 09:19:23,615] {logging_mixin.py:109} INFO - [2023-12-28 09:19:23,615] {dagbag.py:496} INFO - Filling up the DagBag from /home/airflow/.local/lib/python3.6/site-packages/airflow/example_dags/example_branch_operator.py
[2023-12-28 09:19:23,630] {processor.py:623} INFO - DAG(s) dict_keys(['example_branch_operator']) retrieved from /home/airflow/.local/lib/python3.6/site-packages/airflow/example_dags/example_branch_operator.py
[2023-12-28 09:19:23,959] {logging_mixin.py:109} INFO - [2023-12-28 09:19:23,959] {dag.py:1834} INFO - Sync 1 DAGs
[2023-12-28 09:19:23,975] {logging_mixin.py:109} INFO - [2023-12-28 09:19:23,974] {dag.py:2287} INFO - Setting next_dagrun for example_branch_operator to 2023-12-26 00:00:00+00:00
[2023-12-28 09:19:23,989] {processor.py:170} INFO - Processing /home/airflow/.local/lib/python3.6/site-packages/airflow/example_dags/example_branch_operator.py took 0.378 seconds
[2023-12-28 09:19:54,243] {processor.py:162} INFO - Started process (PID=476) to work on /home/airflow/.local/lib/python3.6/site-packages/airflow/example_dags/example_branch_operator.py
[2023-12-28 09:19:54,244] {processor.py:613} INFO - Processing file /home/airflow/.local/lib/python3.6/site-packages/airflow/example_dags/example_branch_operator.py for tasks to queue
[2023-12-28 09:19:54,245] {logging_mixin.py:109} INFO - [2023-12-28 09:19:54,245] {dagbag.py:496} INFO - Filling up the DagBag from /home/airflow/.local/lib/python3.6/site-packages/airflow/example_dags/example_branch_operator.py
[2023-12-28 09:19:54,265] {processor.py:623} INFO - DAG(s) dict_keys(['example_branch_operator']) retrieved from /home/airflow/.local/lib/python3.6/site-packages/airflow/example_dags/example_branch_operator.py
[2023-12-28 09:19:54,295] {logging_mixin.py:109} INFO - [2023-12-28 09:19:54,295] {dag.py:1834} INFO - Sync 1 DAGs
[2023-12-28 09:19:54,313] {logging_mixin.py:109} INFO - [2023-12-28 09:19:54,313] {dag.py:2287} INFO - Setting next_dagrun for example_branch_operator to 2023-12-26 00:00:00+00:00
[2023-12-28 09:19:54,327] {processor.py:170} INFO - Processing /home/airflow/.local/lib/python3.6/site-packages/airflow/example_dags/example_branch_operator.py took 0.087 seconds
[2023-12-28 09:20:25,070] {processor.py:162} INFO - Started process (PID=681) to work on /home/airflow/.local/lib/python3.6/site-packages/airflow/example_dags/example_branch_operator.py
[2023-12-28 09:20:25,072] {processor.py:613} INFO - Processing file /home/airflow/.local/lib/python3.6/site-packages/airflow/example_dags/example_branch_operator.py for tasks to queue
[2023-12-28 09:20:25,073] {logging_mixin.py:109} INFO - [2023-12-28 09:20:25,073] {dagbag.py:496} INFO - Filling up the DagBag from /home/airflow/.local/lib/python3.6/site-packages/airflow/example_dags/example_branch_operator.py
[2023-12-28 09:20:25,098] {processor.py:623} INFO - DAG(s) dict_keys(['example_branch_operator']) retrieved from /home/airflow/.local/lib/python3.6/site-packages/airflow/example_dags/example_branch_operator.py
[2023-12-28 09:20:25,136] {logging_mixin.py:109} INFO - [2023-12-28 09:20:25,136] {dag.py:1834} INFO - Sync 1 DAGs
[2023-12-28 09:20:25,157] {logging_mixin.py:109} INFO - [2023-12-28 09:20:25,157] {dag.py:2287} INFO - Setting next_dagrun for example_branch_operator to 2023-12-26 00:00:00+00:00
[2023-12-28 09:20:25,172] {processor.py:170} INFO - Processing /home/airflow/.local/lib/python3.6/site-packages/airflow/example_dags/example_branch_operator.py took 0.105 seconds
[2023-12-28 09:20:55,592] {processor.py:162} INFO - Started process (PID=871) to work on /home/airflow/.local/lib/python3.6/site-packages/airflow/example_dags/example_branch_operator.py
[2023-12-28 09:20:55,593] {processor.py:613} INFO - Processing file /home/airflow/.local/lib/python3.6/site-packages/airflow/example_dags/example_branch_operator.py for tasks to queue
[2023-12-28 09:20:55,594] {logging_mixin.py:109} INFO - [2023-12-28 09:20:55,594] {dagbag.py:496} INFO - Filling up the DagBag from /home/airflow/.local/lib/python3.6/site-packages/airflow/example_dags/example_branch_operator.py
[2023-12-28 09:20:55,612] {processor.py:623} INFO - DAG(s) dict_keys(['example_branch_operator']) retrieved from /home/airflow/.local/lib/python3.6/site-packages/airflow/example_dags/example_branch_operator.py
[2023-12-28 09:20:55,641] {logging_mixin.py:109} INFO - [2023-12-28 09:20:55,641] {dag.py:1834} INFO - Sync 1 DAGs
[2023-12-28 09:20:55,663] {logging_mixin.py:109} INFO - [2023-12-28 09:20:55,663] {dag.py:2287} INFO - Setting next_dagrun for example_branch_operator to 2023-12-26 00:00:00+00:00
[2023-12-28 09:20:55,682] {processor.py:170} INFO - Processing /home/airflow/.local/lib/python3.6/site-packages/airflow/example_dags/example_branch_operator.py took 0.093 seconds
[2023-12-28 09:21:26,504] {processor.py:162} INFO - Started process (PID=1081) to work on /home/airflow/.local/lib/python3.6/site-packages/airflow/example_dags/example_branch_operator.py
[2023-12-28 09:21:26,505] {processor.py:613} INFO - Processing file /home/airflow/.local/lib/python3.6/site-packages/airflow/example_dags/example_branch_operator.py for tasks to queue
[2023-12-28 09:21:26,506] {logging_mixin.py:109} INFO - [2023-12-28 09:21:26,506] {dagbag.py:496} INFO - Filling up the DagBag from /home/airflow/.local/lib/python3.6/site-packages/airflow/example_dags/example_branch_operator.py
[2023-12-28 09:21:26,521] {processor.py:623} INFO - DAG(s) dict_keys(['example_branch_operator']) retrieved from /home/airflow/.local/lib/python3.6/site-packages/airflow/example_dags/example_branch_operator.py
[2023-12-28 09:21:26,546] {logging_mixin.py:109} INFO - [2023-12-28 09:21:26,546] {dag.py:1834} INFO - Sync 1 DAGs
[2023-12-28 09:21:26,567] {logging_mixin.py:109} INFO - [2023-12-28 09:21:26,567] {dag.py:2287} INFO - Setting next_dagrun for example_branch_operator to 2023-12-26 00:00:00+00:00
[2023-12-28 09:21:26,580] {processor.py:170} INFO - Processing /home/airflow/.local/lib/python3.6/site-packages/airflow/example_dags/example_branch_operator.py took 0.079 seconds
[2023-12-28 09:21:57,355] {processor.py:162} INFO - Started process (PID=1276) to work on /home/airflow/.local/lib/python3.6/site-packages/airflow/example_dags/example_branch_operator.py
[2023-12-28 09:21:57,357] {processor.py:613} INFO - Processing file /home/airflow/.local/lib/python3.6/site-packages/airflow/example_dags/example_branch_operator.py for tasks to queue
[2023-12-28 09:21:57,358] {logging_mixin.py:109} INFO - [2023-12-28 09:21:57,358] {dagbag.py:496} INFO - Filling up the DagBag from /home/airflow/.local/lib/python3.6/site-packages/airflow/example_dags/example_branch_operator.py
[2023-12-28 09:21:57,375] {processor.py:623} INFO - DAG(s) dict_keys(['example_branch_operator']) retrieved from /home/airflow/.local/lib/python3.6/site-packages/airflow/example_dags/example_branch_operator.py
[2023-12-28 09:21:57,405] {logging_mixin.py:109} INFO - [2023-12-28 09:21:57,405] {dag.py:1834} INFO - Sync 1 DAGs
[2023-12-28 09:21:57,427] {logging_mixin.py:109} INFO - [2023-12-28 09:21:57,427] {dag.py:2287} INFO - Setting next_dagrun for example_branch_operator to 2023-12-26 00:00:00+00:00
[2023-12-28 09:21:57,444] {processor.py:170} INFO - Processing /home/airflow/.local/lib/python3.6/site-packages/airflow/example_dags/example_branch_operator.py took 0.091 seconds
[2023-12-28 09:22:27,698] {processor.py:162} INFO - Started process (PID=1466) to work on /home/airflow/.local/lib/python3.6/site-packages/airflow/example_dags/example_branch_operator.py
[2023-12-28 09:22:27,699] {processor.py:613} INFO - Processing file /home/airflow/.local/lib/python3.6/site-packages/airflow/example_dags/example_branch_operator.py for tasks to queue
[2023-12-28 09:22:27,700] {logging_mixin.py:109} INFO - [2023-12-28 09:22:27,700] {dagbag.py:496} INFO - Filling up the DagBag from /home/airflow/.local/lib/python3.6/site-packages/airflow/example_dags/example_branch_operator.py
[2023-12-28 09:22:27,716] {processor.py:623} INFO - DAG(s) dict_keys(['example_branch_operator']) retrieved from /home/airflow/.local/lib/python3.6/site-packages/airflow/example_dags/example_branch_operator.py
[2023-12-28 09:22:27,741] {logging_mixin.py:109} INFO - [2023-12-28 09:22:27,741] {dag.py:1834} INFO - Sync 1 DAGs
[2023-12-28 09:22:27,761] {logging_mixin.py:109} INFO - [2023-12-28 09:22:27,761] {dag.py:2287} INFO - Setting next_dagrun for example_branch_operator to 2023-12-26 00:00:00+00:00
[2023-12-28 09:22:27,776] {processor.py:170} INFO - Processing /home/airflow/.local/lib/python3.6/site-packages/airflow/example_dags/example_branch_operator.py took 0.082 seconds
[2023-12-28 09:22:57,887] {processor.py:162} INFO - Started process (PID=1651) to work on /home/airflow/.local/lib/python3.6/site-packages/airflow/example_dags/example_branch_operator.py
[2023-12-28 09:22:57,888] {processor.py:613} INFO - Processing file /home/airflow/.local/lib/python3.6/site-packages/airflow/example_dags/example_branch_operator.py for tasks to queue
[2023-12-28 09:22:57,889] {logging_mixin.py:109} INFO - [2023-12-28 09:22:57,889] {dagbag.py:496} INFO - Filling up the DagBag from /home/airflow/.local/lib/python3.6/site-packages/airflow/example_dags/example_branch_operator.py
[2023-12-28 09:22:57,905] {processor.py:623} INFO - DAG(s) dict_keys(['example_branch_operator']) retrieved from /home/airflow/.local/lib/python3.6/site-packages/airflow/example_dags/example_branch_operator.py
[2023-12-28 09:22:57,932] {logging_mixin.py:109} INFO - [2023-12-28 09:22:57,931] {dag.py:1834} INFO - Sync 1 DAGs
[2023-12-28 09:22:57,952] {logging_mixin.py:109} INFO - [2023-12-28 09:22:57,952] {dag.py:2287} INFO - Setting next_dagrun for example_branch_operator to 2023-12-26 00:00:00+00:00
[2023-12-28 09:22:57,983] {processor.py:170} INFO - Processing /home/airflow/.local/lib/python3.6/site-packages/airflow/example_dags/example_branch_operator.py took 0.099 seconds
[2023-12-28 09:23:28,264] {processor.py:162} INFO - Started process (PID=1845) to work on /home/airflow/.local/lib/python3.6/site-packages/airflow/example_dags/example_branch_operator.py
[2023-12-28 09:23:28,266] {processor.py:613} INFO - Processing file /home/airflow/.local/lib/python3.6/site-packages/airflow/example_dags/example_branch_operator.py for tasks to queue
[2023-12-28 09:23:28,267] {logging_mixin.py:109} INFO - [2023-12-28 09:23:28,267] {dagbag.py:496} INFO - Filling up the DagBag from /home/airflow/.local/lib/python3.6/site-packages/airflow/example_dags/example_branch_operator.py
[2023-12-28 09:23:28,286] {processor.py:623} INFO - DAG(s) dict_keys(['example_branch_operator']) retrieved from /home/airflow/.local/lib/python3.6/site-packages/airflow/example_dags/example_branch_operator.py
[2023-12-28 09:23:28,317] {logging_mixin.py:109} INFO - [2023-12-28 09:23:28,317] {dag.py:1834} INFO - Sync 1 DAGs
[2023-12-28 09:23:28,337] {logging_mixin.py:109} INFO - [2023-12-28 09:23:28,337] {dag.py:2287} INFO - Setting next_dagrun for example_branch_operator to 2023-12-26 00:00:00+00:00
[2023-12-28 09:23:28,354] {processor.py:170} INFO - Processing /home/airflow/.local/lib/python3.6/site-packages/airflow/example_dags/example_branch_operator.py took 0.093 seconds
[2023-12-28 09:23:58,703] {processor.py:162} INFO - Started process (PID=2051) to work on /home/airflow/.local/lib/python3.6/site-packages/airflow/example_dags/example_branch_operator.py
[2023-12-28 09:23:58,704] {processor.py:613} INFO - Processing file /home/airflow/.local/lib/python3.6/site-packages/airflow/example_dags/example_branch_operator.py for tasks to queue
[2023-12-28 09:23:58,705] {logging_mixin.py:109} INFO - [2023-12-28 09:23:58,705] {dagbag.py:496} INFO - Filling up the DagBag from /home/airflow/.local/lib/python3.6/site-packages/airflow/example_dags/example_branch_operator.py
[2023-12-28 09:23:58,720] {processor.py:623} INFO - DAG(s) dict_keys(['example_branch_operator']) retrieved from /home/airflow/.local/lib/python3.6/site-packages/airflow/example_dags/example_branch_operator.py
[2023-12-28 09:23:58,745] {logging_mixin.py:109} INFO - [2023-12-28 09:23:58,744] {dag.py:1834} INFO - Sync 1 DAGs
[2023-12-28 09:23:58,763] {logging_mixin.py:109} INFO - [2023-12-28 09:23:58,763] {dag.py:2287} INFO - Setting next_dagrun for example_branch_operator to 2023-12-26 00:00:00+00:00
[2023-12-28 09:23:58,776] {processor.py:170} INFO - Processing /home/airflow/.local/lib/python3.6/site-packages/airflow/example_dags/example_branch_operator.py took 0.075 seconds
[2023-12-28 09:24:29,571] {processor.py:162} INFO - Started process (PID=2248) to work on /home/airflow/.local/lib/python3.6/site-packages/airflow/example_dags/example_branch_operator.py
[2023-12-28 09:24:29,573] {processor.py:613} INFO - Processing file /home/airflow/.local/lib/python3.6/site-packages/airflow/example_dags/example_branch_operator.py for tasks to queue
[2023-12-28 09:24:29,574] {logging_mixin.py:109} INFO - [2023-12-28 09:24:29,574] {dagbag.py:496} INFO - Filling up the DagBag from /home/airflow/.local/lib/python3.6/site-packages/airflow/example_dags/example_branch_operator.py
[2023-12-28 09:24:29,591] {processor.py:623} INFO - DAG(s) dict_keys(['example_branch_operator']) retrieved from /home/airflow/.local/lib/python3.6/site-packages/airflow/example_dags/example_branch_operator.py
[2023-12-28 09:24:29,619] {logging_mixin.py:109} INFO - [2023-12-28 09:24:29,619] {dag.py:1834} INFO - Sync 1 DAGs
[2023-12-28 09:24:29,642] {logging_mixin.py:109} INFO - [2023-12-28 09:24:29,642] {dag.py:2287} INFO - Setting next_dagrun for example_branch_operator to 2023-12-26 00:00:00+00:00
[2023-12-28 09:24:29,658] {processor.py:170} INFO - Processing /home/airflow/.local/lib/python3.6/site-packages/airflow/example_dags/example_branch_operator.py took 0.091 seconds
[2023-12-28 09:25:00,084] {processor.py:162} INFO - Started process (PID=2450) to work on /home/airflow/.local/lib/python3.6/site-packages/airflow/example_dags/example_branch_operator.py
[2023-12-28 09:25:00,086] {processor.py:613} INFO - Processing file /home/airflow/.local/lib/python3.6/site-packages/airflow/example_dags/example_branch_operator.py for tasks to queue
[2023-12-28 09:25:00,087] {logging_mixin.py:109} INFO - [2023-12-28 09:25:00,086] {dagbag.py:496} INFO - Filling up the DagBag from /home/airflow/.local/lib/python3.6/site-packages/airflow/example_dags/example_branch_operator.py
[2023-12-28 09:25:00,105] {processor.py:623} INFO - DAG(s) dict_keys(['example_branch_operator']) retrieved from /home/airflow/.local/lib/python3.6/site-packages/airflow/example_dags/example_branch_operator.py
[2023-12-28 09:25:00,136] {logging_mixin.py:109} INFO - [2023-12-28 09:25:00,136] {dag.py:1834} INFO - Sync 1 DAGs
[2023-12-28 09:25:00,161] {logging_mixin.py:109} INFO - [2023-12-28 09:25:00,161] {dag.py:2287} INFO - Setting next_dagrun for example_branch_operator to 2023-12-26 00:00:00+00:00
[2023-12-28 09:25:00,179] {processor.py:170} INFO - Processing /home/airflow/.local/lib/python3.6/site-packages/airflow/example_dags/example_branch_operator.py took 0.099 seconds
[2023-12-28 09:25:30,445] {processor.py:162} INFO - Started process (PID=2647) to work on /home/airflow/.local/lib/python3.6/site-packages/airflow/example_dags/example_branch_operator.py
[2023-12-28 09:25:30,447] {processor.py:613} INFO - Processing file /home/airflow/.local/lib/python3.6/site-packages/airflow/example_dags/example_branch_operator.py for tasks to queue
[2023-12-28 09:25:30,447] {logging_mixin.py:109} INFO - [2023-12-28 09:25:30,447] {dagbag.py:496} INFO - Filling up the DagBag from /home/airflow/.local/lib/python3.6/site-packages/airflow/example_dags/example_branch_operator.py
[2023-12-28 09:25:30,465] {processor.py:623} INFO - DAG(s) dict_keys(['example_branch_operator']) retrieved from /home/airflow/.local/lib/python3.6/site-packages/airflow/example_dags/example_branch_operator.py
[2023-12-28 09:25:30,497] {logging_mixin.py:109} INFO - [2023-12-28 09:25:30,497] {dag.py:1834} INFO - Sync 1 DAGs
[2023-12-28 09:25:30,521] {logging_mixin.py:109} INFO - [2023-12-28 09:25:30,520] {dag.py:2287} INFO - Setting next_dagrun for example_branch_operator to 2023-12-26 00:00:00+00:00
[2023-12-28 09:25:30,537] {processor.py:170} INFO - Processing /home/airflow/.local/lib/python3.6/site-packages/airflow/example_dags/example_branch_operator.py took 0.096 seconds
[2023-12-28 09:26:00,842] {processor.py:162} INFO - Started process (PID=2841) to work on /home/airflow/.local/lib/python3.6/site-packages/airflow/example_dags/example_branch_operator.py
[2023-12-28 09:26:00,843] {processor.py:613} INFO - Processing file /home/airflow/.local/lib/python3.6/site-packages/airflow/example_dags/example_branch_operator.py for tasks to queue
[2023-12-28 09:26:00,844] {logging_mixin.py:109} INFO - [2023-12-28 09:26:00,844] {dagbag.py:496} INFO - Filling up the DagBag from /home/airflow/.local/lib/python3.6/site-packages/airflow/example_dags/example_branch_operator.py
[2023-12-28 09:26:00,861] {processor.py:623} INFO - DAG(s) dict_keys(['example_branch_operator']) retrieved from /home/airflow/.local/lib/python3.6/site-packages/airflow/example_dags/example_branch_operator.py
[2023-12-28 09:26:00,890] {logging_mixin.py:109} INFO - [2023-12-28 09:26:00,889] {dag.py:1834} INFO - Sync 1 DAGs
[2023-12-28 09:26:00,912] {logging_mixin.py:109} INFO - [2023-12-28 09:26:00,912] {dag.py:2287} INFO - Setting next_dagrun for example_branch_operator to 2023-12-26 00:00:00+00:00
[2023-12-28 09:26:00,929] {processor.py:170} INFO - Processing /home/airflow/.local/lib/python3.6/site-packages/airflow/example_dags/example_branch_operator.py took 0.090 seconds
[2023-12-28 09:26:31,229] {processor.py:162} INFO - Started process (PID=3046) to work on /home/airflow/.local/lib/python3.6/site-packages/airflow/example_dags/example_branch_operator.py
[2023-12-28 09:26:31,232] {processor.py:613} INFO - Processing file /home/airflow/.local/lib/python3.6/site-packages/airflow/example_dags/example_branch_operator.py for tasks to queue
[2023-12-28 09:26:31,233] {logging_mixin.py:109} INFO - [2023-12-28 09:26:31,233] {dagbag.py:496} INFO - Filling up the DagBag from /home/airflow/.local/lib/python3.6/site-packages/airflow/example_dags/example_branch_operator.py
[2023-12-28 09:26:31,251] {processor.py:623} INFO - DAG(s) dict_keys(['example_branch_operator']) retrieved from /home/airflow/.local/lib/python3.6/site-packages/airflow/example_dags/example_branch_operator.py
[2023-12-28 09:26:31,280] {logging_mixin.py:109} INFO - [2023-12-28 09:26:31,280] {dag.py:1834} INFO - Sync 1 DAGs
[2023-12-28 09:26:31,303] {logging_mixin.py:109} INFO - [2023-12-28 09:26:31,303] {dag.py:2287} INFO - Setting next_dagrun for example_branch_operator to 2023-12-26 00:00:00+00:00
[2023-12-28 09:26:31,320] {processor.py:170} INFO - Processing /home/airflow/.local/lib/python3.6/site-packages/airflow/example_dags/example_branch_operator.py took 0.094 seconds
[2023-12-28 09:27:01,690] {processor.py:162} INFO - Started process (PID=3241) to work on /home/airflow/.local/lib/python3.6/site-packages/airflow/example_dags/example_branch_operator.py
[2023-12-28 09:27:01,691] {processor.py:613} INFO - Processing file /home/airflow/.local/lib/python3.6/site-packages/airflow/example_dags/example_branch_operator.py for tasks to queue
[2023-12-28 09:27:01,692] {logging_mixin.py:109} INFO - [2023-12-28 09:27:01,692] {dagbag.py:496} INFO - Filling up the DagBag from /home/airflow/.local/lib/python3.6/site-packages/airflow/example_dags/example_branch_operator.py
[2023-12-28 09:27:01,709] {processor.py:623} INFO - DAG(s) dict_keys(['example_branch_operator']) retrieved from /home/airflow/.local/lib/python3.6/site-packages/airflow/example_dags/example_branch_operator.py
[2023-12-28 09:27:01,741] {logging_mixin.py:109} INFO - [2023-12-28 09:27:01,741] {dag.py:1834} INFO - Sync 1 DAGs
[2023-12-28 09:27:01,764] {logging_mixin.py:109} INFO - [2023-12-28 09:27:01,764] {dag.py:2287} INFO - Setting next_dagrun for example_branch_operator to 2023-12-26 00:00:00+00:00
[2023-12-28 09:27:01,780] {processor.py:170} INFO - Processing /home/airflow/.local/lib/python3.6/site-packages/airflow/example_dags/example_branch_operator.py took 0.094 seconds
[2023-12-28 09:27:32,035] {processor.py:162} INFO - Started process (PID=3446) to work on /home/airflow/.local/lib/python3.6/site-packages/airflow/example_dags/example_branch_operator.py
[2023-12-28 09:27:32,036] {processor.py:613} INFO - Processing file /home/airflow/.local/lib/python3.6/site-packages/airflow/example_dags/example_branch_operator.py for tasks to queue
[2023-12-28 09:27:32,037] {logging_mixin.py:109} INFO - [2023-12-28 09:27:32,037] {dagbag.py:496} INFO - Filling up the DagBag from /home/airflow/.local/lib/python3.6/site-packages/airflow/example_dags/example_branch_operator.py
[2023-12-28 09:27:32,052] {processor.py:623} INFO - DAG(s) dict_keys(['example_branch_operator']) retrieved from /home/airflow/.local/lib/python3.6/site-packages/airflow/example_dags/example_branch_operator.py
[2023-12-28 09:27:32,079] {logging_mixin.py:109} INFO - [2023-12-28 09:27:32,079] {dag.py:1834} INFO - Sync 1 DAGs
[2023-12-28 09:27:32,101] {logging_mixin.py:109} INFO - [2023-12-28 09:27:32,101] {dag.py:2287} INFO - Setting next_dagrun for example_branch_operator to 2023-12-26 00:00:00+00:00
[2023-12-28 09:27:32,115] {processor.py:170} INFO - Processing /home/airflow/.local/lib/python3.6/site-packages/airflow/example_dags/example_branch_operator.py took 0.083 seconds
[2023-12-28 09:28:03,193] {processor.py:162} INFO - Started process (PID=3641) to work on /home/airflow/.local/lib/python3.6/site-packages/airflow/example_dags/example_branch_operator.py
[2023-12-28 09:28:03,195] {processor.py:613} INFO - Processing file /home/airflow/.local/lib/python3.6/site-packages/airflow/example_dags/example_branch_operator.py for tasks to queue
[2023-12-28 09:28:03,197] {logging_mixin.py:109} INFO - [2023-12-28 09:28:03,196] {dagbag.py:496} INFO - Filling up the DagBag from /home/airflow/.local/lib/python3.6/site-packages/airflow/example_dags/example_branch_operator.py
[2023-12-28 09:28:03,236] {processor.py:623} INFO - DAG(s) dict_keys(['example_branch_operator']) retrieved from /home/airflow/.local/lib/python3.6/site-packages/airflow/example_dags/example_branch_operator.py
[2023-12-28 09:28:03,291] {logging_mixin.py:109} INFO - [2023-12-28 09:28:03,290] {dag.py:1834} INFO - Sync 1 DAGs
[2023-12-28 09:28:03,315] {logging_mixin.py:109} INFO - [2023-12-28 09:28:03,315] {dag.py:2287} INFO - Setting next_dagrun for example_branch_operator to 2023-12-26 00:00:00+00:00
[2023-12-28 09:28:03,341] {processor.py:170} INFO - Processing /home/airflow/.local/lib/python3.6/site-packages/airflow/example_dags/example_branch_operator.py took 0.158 seconds
[2023-12-28 09:28:33,936] {processor.py:162} INFO - Started process (PID=3843) to work on /home/airflow/.local/lib/python3.6/site-packages/airflow/example_dags/example_branch_operator.py
[2023-12-28 09:28:33,938] {processor.py:613} INFO - Processing file /home/airflow/.local/lib/python3.6/site-packages/airflow/example_dags/example_branch_operator.py for tasks to queue
[2023-12-28 09:28:33,939] {logging_mixin.py:109} INFO - [2023-12-28 09:28:33,938] {dagbag.py:496} INFO - Filling up the DagBag from /home/airflow/.local/lib/python3.6/site-packages/airflow/example_dags/example_branch_operator.py
[2023-12-28 09:28:33,963] {processor.py:623} INFO - DAG(s) dict_keys(['example_branch_operator']) retrieved from /home/airflow/.local/lib/python3.6/site-packages/airflow/example_dags/example_branch_operator.py
[2023-12-28 09:28:34,004] {logging_mixin.py:109} INFO - [2023-12-28 09:28:34,004] {dag.py:1834} INFO - Sync 1 DAGs
[2023-12-28 09:28:34,034] {logging_mixin.py:109} INFO - [2023-12-28 09:28:34,034] {dag.py:2287} INFO - Setting next_dagrun for example_branch_operator to 2023-12-26 00:00:00+00:00
[2023-12-28 09:28:34,060] {processor.py:170} INFO - Processing /home/airflow/.local/lib/python3.6/site-packages/airflow/example_dags/example_branch_operator.py took 0.129 seconds
[2023-12-28 09:29:04,351] {processor.py:162} INFO - Started process (PID=4041) to work on /home/airflow/.local/lib/python3.6/site-packages/airflow/example_dags/example_branch_operator.py
[2023-12-28 09:29:04,353] {processor.py:613} INFO - Processing file /home/airflow/.local/lib/python3.6/site-packages/airflow/example_dags/example_branch_operator.py for tasks to queue
[2023-12-28 09:29:04,354] {logging_mixin.py:109} INFO - [2023-12-28 09:29:04,353] {dagbag.py:496} INFO - Filling up the DagBag from /home/airflow/.local/lib/python3.6/site-packages/airflow/example_dags/example_branch_operator.py
[2023-12-28 09:29:04,376] {processor.py:623} INFO - DAG(s) dict_keys(['example_branch_operator']) retrieved from /home/airflow/.local/lib/python3.6/site-packages/airflow/example_dags/example_branch_operator.py
[2023-12-28 09:29:04,419] {logging_mixin.py:109} INFO - [2023-12-28 09:29:04,419] {dag.py:1834} INFO - Sync 1 DAGs
[2023-12-28 09:29:04,449] {logging_mixin.py:109} INFO - [2023-12-28 09:29:04,449] {dag.py:2287} INFO - Setting next_dagrun for example_branch_operator to 2023-12-26 00:00:00+00:00
[2023-12-28 09:29:04,469] {processor.py:170} INFO - Processing /home/airflow/.local/lib/python3.6/site-packages/airflow/example_dags/example_branch_operator.py took 0.121 seconds
[2023-12-28 09:29:34,903] {processor.py:162} INFO - Started process (PID=4236) to work on /home/airflow/.local/lib/python3.6/site-packages/airflow/example_dags/example_branch_operator.py
[2023-12-28 09:29:34,905] {processor.py:613} INFO - Processing file /home/airflow/.local/lib/python3.6/site-packages/airflow/example_dags/example_branch_operator.py for tasks to queue
[2023-12-28 09:29:34,906] {logging_mixin.py:109} INFO - [2023-12-28 09:29:34,906] {dagbag.py:496} INFO - Filling up the DagBag from /home/airflow/.local/lib/python3.6/site-packages/airflow/example_dags/example_branch_operator.py
[2023-12-28 09:29:34,926] {processor.py:623} INFO - DAG(s) dict_keys(['example_branch_operator']) retrieved from /home/airflow/.local/lib/python3.6/site-packages/airflow/example_dags/example_branch_operator.py
[2023-12-28 09:29:34,956] {logging_mixin.py:109} INFO - [2023-12-28 09:29:34,956] {dag.py:1834} INFO - Sync 1 DAGs
[2023-12-28 09:29:34,977] {logging_mixin.py:109} INFO - [2023-12-28 09:29:34,977] {dag.py:2287} INFO - Setting next_dagrun for example_branch_operator to 2023-12-26 00:00:00+00:00
[2023-12-28 09:29:34,994] {processor.py:170} INFO - Processing /home/airflow/.local/lib/python3.6/site-packages/airflow/example_dags/example_branch_operator.py took 0.096 seconds
[2023-12-28 09:30:06,274] {processor.py:162} INFO - Started process (PID=4446) to work on /home/airflow/.local/lib/python3.6/site-packages/airflow/example_dags/example_branch_operator.py
[2023-12-28 09:30:06,276] {processor.py:613} INFO - Processing file /home/airflow/.local/lib/python3.6/site-packages/airflow/example_dags/example_branch_operator.py for tasks to queue
[2023-12-28 09:30:06,277] {logging_mixin.py:109} INFO - [2023-12-28 09:30:06,276] {dagbag.py:496} INFO - Filling up the DagBag from /home/airflow/.local/lib/python3.6/site-packages/airflow/example_dags/example_branch_operator.py
[2023-12-28 09:30:06,296] {processor.py:623} INFO - DAG(s) dict_keys(['example_branch_operator']) retrieved from /home/airflow/.local/lib/python3.6/site-packages/airflow/example_dags/example_branch_operator.py
[2023-12-28 09:30:06,326] {logging_mixin.py:109} INFO - [2023-12-28 09:30:06,326] {dag.py:1834} INFO - Sync 1 DAGs
[2023-12-28 09:30:06,348] {logging_mixin.py:109} INFO - [2023-12-28 09:30:06,347] {dag.py:2287} INFO - Setting next_dagrun for example_branch_operator to 2023-12-26 00:00:00+00:00
[2023-12-28 09:30:06,365] {processor.py:170} INFO - Processing /home/airflow/.local/lib/python3.6/site-packages/airflow/example_dags/example_branch_operator.py took 0.094 seconds
[2023-12-28 09:30:37,592] {processor.py:162} INFO - Started process (PID=4640) to work on /home/airflow/.local/lib/python3.6/site-packages/airflow/example_dags/example_branch_operator.py
[2023-12-28 09:30:37,594] {processor.py:613} INFO - Processing file /home/airflow/.local/lib/python3.6/site-packages/airflow/example_dags/example_branch_operator.py for tasks to queue
[2023-12-28 09:30:37,595] {logging_mixin.py:109} INFO - [2023-12-28 09:30:37,595] {dagbag.py:496} INFO - Filling up the DagBag from /home/airflow/.local/lib/python3.6/site-packages/airflow/example_dags/example_branch_operator.py
[2023-12-28 09:30:37,616] {processor.py:623} INFO - DAG(s) dict_keys(['example_branch_operator']) retrieved from /home/airflow/.local/lib/python3.6/site-packages/airflow/example_dags/example_branch_operator.py
[2023-12-28 09:30:37,646] {logging_mixin.py:109} INFO - [2023-12-28 09:30:37,646] {dag.py:1834} INFO - Sync 1 DAGs
[2023-12-28 09:30:37,668] {logging_mixin.py:109} INFO - [2023-12-28 09:30:37,668] {dag.py:2287} INFO - Setting next_dagrun for example_branch_operator to 2023-12-26 00:00:00+00:00
[2023-12-28 09:30:37,685] {processor.py:170} INFO - Processing /home/airflow/.local/lib/python3.6/site-packages/airflow/example_dags/example_branch_operator.py took 0.096 seconds
[2023-12-28 09:31:08,196] {processor.py:162} INFO - Started process (PID=4846) to work on /home/airflow/.local/lib/python3.6/site-packages/airflow/example_dags/example_branch_operator.py
[2023-12-28 09:31:08,197] {processor.py:613} INFO - Processing file /home/airflow/.local/lib/python3.6/site-packages/airflow/example_dags/example_branch_operator.py for tasks to queue
[2023-12-28 09:31:08,198] {logging_mixin.py:109} INFO - [2023-12-28 09:31:08,198] {dagbag.py:496} INFO - Filling up the DagBag from /home/airflow/.local/lib/python3.6/site-packages/airflow/example_dags/example_branch_operator.py
[2023-12-28 09:31:08,218] {processor.py:623} INFO - DAG(s) dict_keys(['example_branch_operator']) retrieved from /home/airflow/.local/lib/python3.6/site-packages/airflow/example_dags/example_branch_operator.py
[2023-12-28 09:31:08,249] {logging_mixin.py:109} INFO - [2023-12-28 09:31:08,249] {dag.py:1834} INFO - Sync 1 DAGs
[2023-12-28 09:31:08,277] {logging_mixin.py:109} INFO - [2023-12-28 09:31:08,277] {dag.py:2287} INFO - Setting next_dagrun for example_branch_operator to 2023-12-26 00:00:00+00:00
[2023-12-28 09:31:08,304] {processor.py:170} INFO - Processing /home/airflow/.local/lib/python3.6/site-packages/airflow/example_dags/example_branch_operator.py took 0.112 seconds
[2023-12-28 09:31:39,335] {processor.py:162} INFO - Started process (PID=5041) to work on /home/airflow/.local/lib/python3.6/site-packages/airflow/example_dags/example_branch_operator.py
[2023-12-28 09:31:39,338] {processor.py:613} INFO - Processing file /home/airflow/.local/lib/python3.6/site-packages/airflow/example_dags/example_branch_operator.py for tasks to queue
[2023-12-28 09:31:39,339] {logging_mixin.py:109} INFO - [2023-12-28 09:31:39,338] {dagbag.py:496} INFO - Filling up the DagBag from /home/airflow/.local/lib/python3.6/site-packages/airflow/example_dags/example_branch_operator.py
[2023-12-28 09:31:39,358] {processor.py:623} INFO - DAG(s) dict_keys(['example_branch_operator']) retrieved from /home/airflow/.local/lib/python3.6/site-packages/airflow/example_dags/example_branch_operator.py
[2023-12-28 09:31:39,388] {logging_mixin.py:109} INFO - [2023-12-28 09:31:39,388] {dag.py:1834} INFO - Sync 1 DAGs
[2023-12-28 09:31:39,411] {logging_mixin.py:109} INFO - [2023-12-28 09:31:39,411] {dag.py:2287} INFO - Setting next_dagrun for example_branch_operator to 2023-12-26 00:00:00+00:00
[2023-12-28 09:31:39,429] {processor.py:170} INFO - Processing /home/airflow/.local/lib/python3.6/site-packages/airflow/example_dags/example_branch_operator.py took 0.098 seconds
[2023-12-28 09:32:10,469] {processor.py:162} INFO - Started process (PID=5245) to work on /home/airflow/.local/lib/python3.6/site-packages/airflow/example_dags/example_branch_operator.py
[2023-12-28 09:32:10,470] {processor.py:613} INFO - Processing file /home/airflow/.local/lib/python3.6/site-packages/airflow/example_dags/example_branch_operator.py for tasks to queue
[2023-12-28 09:32:10,471] {logging_mixin.py:109} INFO - [2023-12-28 09:32:10,471] {dagbag.py:496} INFO - Filling up the DagBag from /home/airflow/.local/lib/python3.6/site-packages/airflow/example_dags/example_branch_operator.py
[2023-12-28 09:32:10,487] {processor.py:623} INFO - DAG(s) dict_keys(['example_branch_operator']) retrieved from /home/airflow/.local/lib/python3.6/site-packages/airflow/example_dags/example_branch_operator.py
[2023-12-28 09:32:10,512] {logging_mixin.py:109} INFO - [2023-12-28 09:32:10,512] {dag.py:1834} INFO - Sync 1 DAGs
[2023-12-28 09:32:10,532] {logging_mixin.py:109} INFO - [2023-12-28 09:32:10,532] {dag.py:2287} INFO - Setting next_dagrun for example_branch_operator to 2023-12-26 00:00:00+00:00
[2023-12-28 09:32:10,545] {processor.py:170} INFO - Processing /home/airflow/.local/lib/python3.6/site-packages/airflow/example_dags/example_branch_operator.py took 0.079 seconds
[2023-12-28 09:32:41,564] {processor.py:162} INFO - Started process (PID=5441) to work on /home/airflow/.local/lib/python3.6/site-packages/airflow/example_dags/example_branch_operator.py
[2023-12-28 09:32:41,566] {processor.py:613} INFO - Processing file /home/airflow/.local/lib/python3.6/site-packages/airflow/example_dags/example_branch_operator.py for tasks to queue
[2023-12-28 09:32:41,566] {logging_mixin.py:109} INFO - [2023-12-28 09:32:41,566] {dagbag.py:496} INFO - Filling up the DagBag from /home/airflow/.local/lib/python3.6/site-packages/airflow/example_dags/example_branch_operator.py
[2023-12-28 09:32:41,585] {processor.py:623} INFO - DAG(s) dict_keys(['example_branch_operator']) retrieved from /home/airflow/.local/lib/python3.6/site-packages/airflow/example_dags/example_branch_operator.py
[2023-12-28 09:32:41,614] {logging_mixin.py:109} INFO - [2023-12-28 09:32:41,614] {dag.py:1834} INFO - Sync 1 DAGs
[2023-12-28 09:32:41,636] {logging_mixin.py:109} INFO - [2023-12-28 09:32:41,635] {dag.py:2287} INFO - Setting next_dagrun for example_branch_operator to 2023-12-26 00:00:00+00:00
[2023-12-28 09:32:41,652] {processor.py:170} INFO - Processing /home/airflow/.local/lib/python3.6/site-packages/airflow/example_dags/example_branch_operator.py took 0.091 seconds
[2023-12-28 09:33:12,062] {processor.py:162} INFO - Started process (PID=5643) to work on /home/airflow/.local/lib/python3.6/site-packages/airflow/example_dags/example_branch_operator.py
[2023-12-28 09:33:12,064] {processor.py:613} INFO - Processing file /home/airflow/.local/lib/python3.6/site-packages/airflow/example_dags/example_branch_operator.py for tasks to queue
[2023-12-28 09:33:12,064] {logging_mixin.py:109} INFO - [2023-12-28 09:33:12,064] {dagbag.py:496} INFO - Filling up the DagBag from /home/airflow/.local/lib/python3.6/site-packages/airflow/example_dags/example_branch_operator.py
[2023-12-28 09:33:12,081] {processor.py:623} INFO - DAG(s) dict_keys(['example_branch_operator']) retrieved from /home/airflow/.local/lib/python3.6/site-packages/airflow/example_dags/example_branch_operator.py
[2023-12-28 09:33:12,108] {logging_mixin.py:109} INFO - [2023-12-28 09:33:12,108] {dag.py:1834} INFO - Sync 1 DAGs
[2023-12-28 09:33:12,126] {logging_mixin.py:109} INFO - [2023-12-28 09:33:12,126] {dag.py:2287} INFO - Setting next_dagrun for example_branch_operator to 2023-12-26 00:00:00+00:00
[2023-12-28 09:33:12,139] {processor.py:170} INFO - Processing /home/airflow/.local/lib/python3.6/site-packages/airflow/example_dags/example_branch_operator.py took 0.080 seconds
[2023-12-28 09:33:42,300] {processor.py:162} INFO - Started process (PID=5836) to work on /home/airflow/.local/lib/python3.6/site-packages/airflow/example_dags/example_branch_operator.py
[2023-12-28 09:33:42,301] {processor.py:613} INFO - Processing file /home/airflow/.local/lib/python3.6/site-packages/airflow/example_dags/example_branch_operator.py for tasks to queue
[2023-12-28 09:33:42,303] {logging_mixin.py:109} INFO - [2023-12-28 09:33:42,303] {dagbag.py:496} INFO - Filling up the DagBag from /home/airflow/.local/lib/python3.6/site-packages/airflow/example_dags/example_branch_operator.py
[2023-12-28 09:33:42,324] {processor.py:623} INFO - DAG(s) dict_keys(['example_branch_operator']) retrieved from /home/airflow/.local/lib/python3.6/site-packages/airflow/example_dags/example_branch_operator.py
[2023-12-28 09:33:42,357] {logging_mixin.py:109} INFO - [2023-12-28 09:33:42,357] {dag.py:1834} INFO - Sync 1 DAGs
[2023-12-28 09:33:42,378] {logging_mixin.py:109} INFO - [2023-12-28 09:33:42,378] {dag.py:2287} INFO - Setting next_dagrun for example_branch_operator to 2023-12-26 00:00:00+00:00
[2023-12-28 09:33:42,395] {processor.py:170} INFO - Processing /home/airflow/.local/lib/python3.6/site-packages/airflow/example_dags/example_branch_operator.py took 0.098 seconds
[2023-12-28 09:34:12,701] {processor.py:162} INFO - Started process (PID=6031) to work on /home/airflow/.local/lib/python3.6/site-packages/airflow/example_dags/example_branch_operator.py
[2023-12-28 09:34:12,702] {processor.py:613} INFO - Processing file /home/airflow/.local/lib/python3.6/site-packages/airflow/example_dags/example_branch_operator.py for tasks to queue
[2023-12-28 09:34:12,703] {logging_mixin.py:109} INFO - [2023-12-28 09:34:12,703] {dagbag.py:496} INFO - Filling up the DagBag from /home/airflow/.local/lib/python3.6/site-packages/airflow/example_dags/example_branch_operator.py
[2023-12-28 09:34:12,721] {processor.py:623} INFO - DAG(s) dict_keys(['example_branch_operator']) retrieved from /home/airflow/.local/lib/python3.6/site-packages/airflow/example_dags/example_branch_operator.py
[2023-12-28 09:34:12,752] {logging_mixin.py:109} INFO - [2023-12-28 09:34:12,752] {dag.py:1834} INFO - Sync 1 DAGs
[2023-12-28 09:34:12,770] {logging_mixin.py:109} INFO - [2023-12-28 09:34:12,770] {dag.py:2287} INFO - Setting next_dagrun for example_branch_operator to 2023-12-26 00:00:00+00:00
[2023-12-28 09:34:12,784] {processor.py:170} INFO - Processing /home/airflow/.local/lib/python3.6/site-packages/airflow/example_dags/example_branch_operator.py took 0.088 seconds
[2023-12-28 09:34:43,560] {processor.py:162} INFO - Started process (PID=6236) to work on /home/airflow/.local/lib/python3.6/site-packages/airflow/example_dags/example_branch_operator.py
[2023-12-28 09:34:43,561] {processor.py:613} INFO - Processing file /home/airflow/.local/lib/python3.6/site-packages/airflow/example_dags/example_branch_operator.py for tasks to queue
[2023-12-28 09:34:43,562] {logging_mixin.py:109} INFO - [2023-12-28 09:34:43,562] {dagbag.py:496} INFO - Filling up the DagBag from /home/airflow/.local/lib/python3.6/site-packages/airflow/example_dags/example_branch_operator.py
[2023-12-28 09:34:43,577] {processor.py:623} INFO - DAG(s) dict_keys(['example_branch_operator']) retrieved from /home/airflow/.local/lib/python3.6/site-packages/airflow/example_dags/example_branch_operator.py
[2023-12-28 09:34:43,602] {logging_mixin.py:109} INFO - [2023-12-28 09:34:43,602] {dag.py:1834} INFO - Sync 1 DAGs
[2023-12-28 09:34:43,620] {logging_mixin.py:109} INFO - [2023-12-28 09:34:43,620] {dag.py:2287} INFO - Setting next_dagrun for example_branch_operator to 2023-12-26 00:00:00+00:00
[2023-12-28 09:34:43,635] {processor.py:170} INFO - Processing /home/airflow/.local/lib/python3.6/site-packages/airflow/example_dags/example_branch_operator.py took 0.077 seconds
[2023-12-28 09:35:14,797] {processor.py:162} INFO - Started process (PID=6435) to work on /home/airflow/.local/lib/python3.6/site-packages/airflow/example_dags/example_branch_operator.py
[2023-12-28 09:35:14,799] {processor.py:613} INFO - Processing file /home/airflow/.local/lib/python3.6/site-packages/airflow/example_dags/example_branch_operator.py for tasks to queue
[2023-12-28 09:35:14,800] {logging_mixin.py:109} INFO - [2023-12-28 09:35:14,799] {dagbag.py:496} INFO - Filling up the DagBag from /home/airflow/.local/lib/python3.6/site-packages/airflow/example_dags/example_branch_operator.py
[2023-12-28 09:35:14,815] {processor.py:623} INFO - DAG(s) dict_keys(['example_branch_operator']) retrieved from /home/airflow/.local/lib/python3.6/site-packages/airflow/example_dags/example_branch_operator.py
[2023-12-28 09:35:14,840] {logging_mixin.py:109} INFO - [2023-12-28 09:35:14,840] {dag.py:1834} INFO - Sync 1 DAGs
[2023-12-28 09:35:14,858] {logging_mixin.py:109} INFO - [2023-12-28 09:35:14,858] {dag.py:2287} INFO - Setting next_dagrun for example_branch_operator to 2023-12-26 00:00:00+00:00
[2023-12-28 09:35:14,872] {processor.py:170} INFO - Processing /home/airflow/.local/lib/python3.6/site-packages/airflow/example_dags/example_branch_operator.py took 0.079 seconds
[2023-12-28 09:35:45,879] {processor.py:162} INFO - Started process (PID=6641) to work on /home/airflow/.local/lib/python3.6/site-packages/airflow/example_dags/example_branch_operator.py
[2023-12-28 09:35:45,880] {processor.py:613} INFO - Processing file /home/airflow/.local/lib/python3.6/site-packages/airflow/example_dags/example_branch_operator.py for tasks to queue
[2023-12-28 09:35:45,881] {logging_mixin.py:109} INFO - [2023-12-28 09:35:45,881] {dagbag.py:496} INFO - Filling up the DagBag from /home/airflow/.local/lib/python3.6/site-packages/airflow/example_dags/example_branch_operator.py
[2023-12-28 09:35:45,897] {processor.py:623} INFO - DAG(s) dict_keys(['example_branch_operator']) retrieved from /home/airflow/.local/lib/python3.6/site-packages/airflow/example_dags/example_branch_operator.py
[2023-12-28 09:35:45,924] {logging_mixin.py:109} INFO - [2023-12-28 09:35:45,923] {dag.py:1834} INFO - Sync 1 DAGs
[2023-12-28 09:35:45,944] {logging_mixin.py:109} INFO - [2023-12-28 09:35:45,943] {dag.py:2287} INFO - Setting next_dagrun for example_branch_operator to 2023-12-26 00:00:00+00:00
[2023-12-28 09:35:45,957] {processor.py:170} INFO - Processing /home/airflow/.local/lib/python3.6/site-packages/airflow/example_dags/example_branch_operator.py took 0.080 seconds
[2023-12-28 09:36:17,117] {processor.py:162} INFO - Started process (PID=6835) to work on /home/airflow/.local/lib/python3.6/site-packages/airflow/example_dags/example_branch_operator.py
[2023-12-28 09:36:17,119] {processor.py:613} INFO - Processing file /home/airflow/.local/lib/python3.6/site-packages/airflow/example_dags/example_branch_operator.py for tasks to queue
[2023-12-28 09:36:17,120] {logging_mixin.py:109} INFO - [2023-12-28 09:36:17,120] {dagbag.py:496} INFO - Filling up the DagBag from /home/airflow/.local/lib/python3.6/site-packages/airflow/example_dags/example_branch_operator.py
[2023-12-28 09:36:17,136] {processor.py:623} INFO - DAG(s) dict_keys(['example_branch_operator']) retrieved from /home/airflow/.local/lib/python3.6/site-packages/airflow/example_dags/example_branch_operator.py
[2023-12-28 09:36:17,164] {logging_mixin.py:109} INFO - [2023-12-28 09:36:17,164] {dag.py:1834} INFO - Sync 1 DAGs
[2023-12-28 09:36:17,184] {logging_mixin.py:109} INFO - [2023-12-28 09:36:17,183] {dag.py:2287} INFO - Setting next_dagrun for example_branch_operator to 2023-12-26 00:00:00+00:00
[2023-12-28 09:36:17,198] {processor.py:170} INFO - Processing /home/airflow/.local/lib/python3.6/site-packages/airflow/example_dags/example_branch_operator.py took 0.084 seconds
[2023-12-28 09:36:48,116] {processor.py:162} INFO - Started process (PID=7041) to work on /home/airflow/.local/lib/python3.6/site-packages/airflow/example_dags/example_branch_operator.py
[2023-12-28 09:36:48,120] {processor.py:613} INFO - Processing file /home/airflow/.local/lib/python3.6/site-packages/airflow/example_dags/example_branch_operator.py for tasks to queue
[2023-12-28 09:36:48,122] {logging_mixin.py:109} INFO - [2023-12-28 09:36:48,121] {dagbag.py:496} INFO - Filling up the DagBag from /home/airflow/.local/lib/python3.6/site-packages/airflow/example_dags/example_branch_operator.py
[2023-12-28 09:36:48,156] {processor.py:623} INFO - DAG(s) dict_keys(['example_branch_operator']) retrieved from /home/airflow/.local/lib/python3.6/site-packages/airflow/example_dags/example_branch_operator.py
[2023-12-28 09:36:48,189] {logging_mixin.py:109} INFO - [2023-12-28 09:36:48,189] {dag.py:1834} INFO - Sync 1 DAGs
[2023-12-28 09:36:48,219] {logging_mixin.py:109} INFO - [2023-12-28 09:36:48,219] {dag.py:2287} INFO - Setting next_dagrun for example_branch_operator to 2023-12-26 00:00:00+00:00
[2023-12-28 09:36:48,237] {processor.py:170} INFO - Processing /home/airflow/.local/lib/python3.6/site-packages/airflow/example_dags/example_branch_operator.py took 0.126 seconds
[2023-12-28 09:37:19,335] {processor.py:162} INFO - Started process (PID=7231) to work on /home/airflow/.local/lib/python3.6/site-packages/airflow/example_dags/example_branch_operator.py
[2023-12-28 09:37:19,336] {processor.py:613} INFO - Processing file /home/airflow/.local/lib/python3.6/site-packages/airflow/example_dags/example_branch_operator.py for tasks to queue
[2023-12-28 09:37:19,336] {logging_mixin.py:109} INFO - [2023-12-28 09:37:19,336] {dagbag.py:496} INFO - Filling up the DagBag from /home/airflow/.local/lib/python3.6/site-packages/airflow/example_dags/example_branch_operator.py
[2023-12-28 09:37:19,352] {processor.py:623} INFO - DAG(s) dict_keys(['example_branch_operator']) retrieved from /home/airflow/.local/lib/python3.6/site-packages/airflow/example_dags/example_branch_operator.py
[2023-12-28 09:37:19,377] {logging_mixin.py:109} INFO - [2023-12-28 09:37:19,377] {dag.py:1834} INFO - Sync 1 DAGs
[2023-12-28 09:37:19,396] {logging_mixin.py:109} INFO - [2023-12-28 09:37:19,396] {dag.py:2287} INFO - Setting next_dagrun for example_branch_operator to 2023-12-26 00:00:00+00:00
[2023-12-28 09:37:19,411] {processor.py:170} INFO - Processing /home/airflow/.local/lib/python3.6/site-packages/airflow/example_dags/example_branch_operator.py took 0.079 seconds
[2023-12-28 09:37:50,338] {processor.py:162} INFO - Started process (PID=7440) to work on /home/airflow/.local/lib/python3.6/site-packages/airflow/example_dags/example_branch_operator.py
[2023-12-28 09:37:50,339] {processor.py:613} INFO - Processing file /home/airflow/.local/lib/python3.6/site-packages/airflow/example_dags/example_branch_operator.py for tasks to queue
[2023-12-28 09:37:50,340] {logging_mixin.py:109} INFO - [2023-12-28 09:37:50,340] {dagbag.py:496} INFO - Filling up the DagBag from /home/airflow/.local/lib/python3.6/site-packages/airflow/example_dags/example_branch_operator.py
[2023-12-28 09:37:50,358] {processor.py:623} INFO - DAG(s) dict_keys(['example_branch_operator']) retrieved from /home/airflow/.local/lib/python3.6/site-packages/airflow/example_dags/example_branch_operator.py
[2023-12-28 09:37:50,385] {logging_mixin.py:109} INFO - [2023-12-28 09:37:50,385] {dag.py:1834} INFO - Sync 1 DAGs
[2023-12-28 09:37:50,404] {logging_mixin.py:109} INFO - [2023-12-28 09:37:50,404] {dag.py:2287} INFO - Setting next_dagrun for example_branch_operator to 2023-12-26 00:00:00+00:00
[2023-12-28 09:37:50,417] {processor.py:170} INFO - Processing /home/airflow/.local/lib/python3.6/site-packages/airflow/example_dags/example_branch_operator.py took 0.083 seconds
[2023-12-28 09:38:20,781] {processor.py:162} INFO - Started process (PID=7636) to work on /home/airflow/.local/lib/python3.6/site-packages/airflow/example_dags/example_branch_operator.py
[2023-12-28 09:38:20,782] {processor.py:613} INFO - Processing file /home/airflow/.local/lib/python3.6/site-packages/airflow/example_dags/example_branch_operator.py for tasks to queue
[2023-12-28 09:38:20,782] {logging_mixin.py:109} INFO - [2023-12-28 09:38:20,782] {dagbag.py:496} INFO - Filling up the DagBag from /home/airflow/.local/lib/python3.6/site-packages/airflow/example_dags/example_branch_operator.py
[2023-12-28 09:38:20,798] {processor.py:623} INFO - DAG(s) dict_keys(['example_branch_operator']) retrieved from /home/airflow/.local/lib/python3.6/site-packages/airflow/example_dags/example_branch_operator.py
[2023-12-28 09:38:20,822] {logging_mixin.py:109} INFO - [2023-12-28 09:38:20,822] {dag.py:1834} INFO - Sync 1 DAGs
[2023-12-28 09:38:20,842] {logging_mixin.py:109} INFO - [2023-12-28 09:38:20,842] {dag.py:2287} INFO - Setting next_dagrun for example_branch_operator to 2023-12-26 00:00:00+00:00
[2023-12-28 09:38:20,856] {processor.py:170} INFO - Processing /home/airflow/.local/lib/python3.6/site-packages/airflow/example_dags/example_branch_operator.py took 0.078 seconds
[2023-12-28 09:38:51,733] {processor.py:162} INFO - Started process (PID=7831) to work on /home/airflow/.local/lib/python3.6/site-packages/airflow/example_dags/example_branch_operator.py
[2023-12-28 09:38:51,734] {processor.py:613} INFO - Processing file /home/airflow/.local/lib/python3.6/site-packages/airflow/example_dags/example_branch_operator.py for tasks to queue
[2023-12-28 09:38:51,735] {logging_mixin.py:109} INFO - [2023-12-28 09:38:51,735] {dagbag.py:496} INFO - Filling up the DagBag from /home/airflow/.local/lib/python3.6/site-packages/airflow/example_dags/example_branch_operator.py
[2023-12-28 09:38:51,750] {processor.py:623} INFO - DAG(s) dict_keys(['example_branch_operator']) retrieved from /home/airflow/.local/lib/python3.6/site-packages/airflow/example_dags/example_branch_operator.py
[2023-12-28 09:38:51,776] {logging_mixin.py:109} INFO - [2023-12-28 09:38:51,775] {dag.py:1834} INFO - Sync 1 DAGs
[2023-12-28 09:38:51,793] {logging_mixin.py:109} INFO - [2023-12-28 09:38:51,793] {dag.py:2287} INFO - Setting next_dagrun for example_branch_operator to 2023-12-26 00:00:00+00:00
[2023-12-28 09:38:51,807] {processor.py:170} INFO - Processing /home/airflow/.local/lib/python3.6/site-packages/airflow/example_dags/example_branch_operator.py took 0.077 seconds
[2023-12-28 09:39:22,413] {processor.py:162} INFO - Started process (PID=8036) to work on /home/airflow/.local/lib/python3.6/site-packages/airflow/example_dags/example_branch_operator.py
[2023-12-28 09:39:22,414] {processor.py:613} INFO - Processing file /home/airflow/.local/lib/python3.6/site-packages/airflow/example_dags/example_branch_operator.py for tasks to queue
[2023-12-28 09:39:22,416] {logging_mixin.py:109} INFO - [2023-12-28 09:39:22,415] {dagbag.py:496} INFO - Filling up the DagBag from /home/airflow/.local/lib/python3.6/site-packages/airflow/example_dags/example_branch_operator.py
[2023-12-28 09:39:22,432] {processor.py:623} INFO - DAG(s) dict_keys(['example_branch_operator']) retrieved from /home/airflow/.local/lib/python3.6/site-packages/airflow/example_dags/example_branch_operator.py
[2023-12-28 09:39:22,456] {logging_mixin.py:109} INFO - [2023-12-28 09:39:22,456] {dag.py:1834} INFO - Sync 1 DAGs
[2023-12-28 09:39:22,473] {logging_mixin.py:109} INFO - [2023-12-28 09:39:22,473] {dag.py:2287} INFO - Setting next_dagrun for example_branch_operator to 2023-12-26 00:00:00+00:00
[2023-12-28 09:39:22,486] {processor.py:170} INFO - Processing /home/airflow/.local/lib/python3.6/site-packages/airflow/example_dags/example_branch_operator.py took 0.077 seconds
[2023-12-28 09:39:53,478] {processor.py:162} INFO - Started process (PID=8230) to work on /home/airflow/.local/lib/python3.6/site-packages/airflow/example_dags/example_branch_operator.py
[2023-12-28 09:39:53,480] {processor.py:613} INFO - Processing file /home/airflow/.local/lib/python3.6/site-packages/airflow/example_dags/example_branch_operator.py for tasks to queue
[2023-12-28 09:39:53,480] {logging_mixin.py:109} INFO - [2023-12-28 09:39:53,480] {dagbag.py:496} INFO - Filling up the DagBag from /home/airflow/.local/lib/python3.6/site-packages/airflow/example_dags/example_branch_operator.py
[2023-12-28 09:39:53,502] {processor.py:623} INFO - DAG(s) dict_keys(['example_branch_operator']) retrieved from /home/airflow/.local/lib/python3.6/site-packages/airflow/example_dags/example_branch_operator.py
[2023-12-28 09:39:53,540] {logging_mixin.py:109} INFO - [2023-12-28 09:39:53,540] {dag.py:1834} INFO - Sync 1 DAGs
[2023-12-28 09:39:53,572] {logging_mixin.py:109} INFO - [2023-12-28 09:39:53,572] {dag.py:2287} INFO - Setting next_dagrun for example_branch_operator to 2023-12-26 00:00:00+00:00
[2023-12-28 09:39:53,587] {processor.py:170} INFO - Processing /home/airflow/.local/lib/python3.6/site-packages/airflow/example_dags/example_branch_operator.py took 0.113 seconds
[2023-12-28 09:40:24,042] {processor.py:162} INFO - Started process (PID=8436) to work on /home/airflow/.local/lib/python3.6/site-packages/airflow/example_dags/example_branch_operator.py
[2023-12-28 09:40:24,044] {processor.py:613} INFO - Processing file /home/airflow/.local/lib/python3.6/site-packages/airflow/example_dags/example_branch_operator.py for tasks to queue
[2023-12-28 09:40:24,045] {logging_mixin.py:109} INFO - [2023-12-28 09:40:24,044] {dagbag.py:496} INFO - Filling up the DagBag from /home/airflow/.local/lib/python3.6/site-packages/airflow/example_dags/example_branch_operator.py
[2023-12-28 09:40:24,069] {processor.py:623} INFO - DAG(s) dict_keys(['example_branch_operator']) retrieved from /home/airflow/.local/lib/python3.6/site-packages/airflow/example_dags/example_branch_operator.py
[2023-12-28 09:40:24,105] {logging_mixin.py:109} INFO - [2023-12-28 09:40:24,104] {dag.py:1834} INFO - Sync 1 DAGs
[2023-12-28 09:40:24,123] {logging_mixin.py:109} INFO - [2023-12-28 09:40:24,123] {dag.py:2287} INFO - Setting next_dagrun for example_branch_operator to 2023-12-26 00:00:00+00:00
[2023-12-28 09:40:24,137] {processor.py:170} INFO - Processing /home/airflow/.local/lib/python3.6/site-packages/airflow/example_dags/example_branch_operator.py took 0.100 seconds
