[2023-12-28 09:19:23,946] {processor.py:162} INFO - Started process (PID=286) to work on /home/airflow/.local/lib/python3.6/site-packages/airflow/example_dags/example_nested_branch_dag.py
[2023-12-28 09:19:23,947] {processor.py:613} INFO - Processing file /home/airflow/.local/lib/python3.6/site-packages/airflow/example_dags/example_nested_branch_dag.py for tasks to queue
[2023-12-28 09:19:23,948] {logging_mixin.py:109} INFO - [2023-12-28 09:19:23,948] {dagbag.py:496} INFO - Filling up the DagBag from /home/airflow/.local/lib/python3.6/site-packages/airflow/example_dags/example_nested_branch_dag.py
[2023-12-28 09:19:23,961] {processor.py:623} INFO - DAG(s) dict_keys(['example_nested_branch_dag']) retrieved from /home/airflow/.local/lib/python3.6/site-packages/airflow/example_dags/example_nested_branch_dag.py
[2023-12-28 09:19:24,195] {logging_mixin.py:109} INFO - [2023-12-28 09:19:24,195] {dag.py:1834} INFO - Sync 1 DAGs
[2023-12-28 09:19:24,212] {logging_mixin.py:109} INFO - [2023-12-28 09:19:24,212] {dag.py:2287} INFO - Setting next_dagrun for example_nested_branch_dag to 2023-12-26 00:00:00+00:00
[2023-12-28 09:19:24,228] {processor.py:170} INFO - Processing /home/airflow/.local/lib/python3.6/site-packages/airflow/example_dags/example_nested_branch_dag.py took 0.284 seconds
[2023-12-28 09:19:54,351] {processor.py:162} INFO - Started process (PID=481) to work on /home/airflow/.local/lib/python3.6/site-packages/airflow/example_dags/example_nested_branch_dag.py
[2023-12-28 09:19:54,352] {processor.py:613} INFO - Processing file /home/airflow/.local/lib/python3.6/site-packages/airflow/example_dags/example_nested_branch_dag.py for tasks to queue
[2023-12-28 09:19:54,353] {logging_mixin.py:109} INFO - [2023-12-28 09:19:54,353] {dagbag.py:496} INFO - Filling up the DagBag from /home/airflow/.local/lib/python3.6/site-packages/airflow/example_dags/example_nested_branch_dag.py
[2023-12-28 09:19:54,369] {processor.py:623} INFO - DAG(s) dict_keys(['example_nested_branch_dag']) retrieved from /home/airflow/.local/lib/python3.6/site-packages/airflow/example_dags/example_nested_branch_dag.py
[2023-12-28 09:19:54,396] {logging_mixin.py:109} INFO - [2023-12-28 09:19:54,395] {dag.py:1834} INFO - Sync 1 DAGs
[2023-12-28 09:19:54,417] {logging_mixin.py:109} INFO - [2023-12-28 09:19:54,417] {dag.py:2287} INFO - Setting next_dagrun for example_nested_branch_dag to 2023-12-26 00:00:00+00:00
[2023-12-28 09:19:54,429] {processor.py:170} INFO - Processing /home/airflow/.local/lib/python3.6/site-packages/airflow/example_dags/example_nested_branch_dag.py took 0.082 seconds
[2023-12-28 09:20:25,200] {processor.py:162} INFO - Started process (PID=686) to work on /home/airflow/.local/lib/python3.6/site-packages/airflow/example_dags/example_nested_branch_dag.py
[2023-12-28 09:20:25,201] {processor.py:613} INFO - Processing file /home/airflow/.local/lib/python3.6/site-packages/airflow/example_dags/example_nested_branch_dag.py for tasks to queue
[2023-12-28 09:20:25,202] {logging_mixin.py:109} INFO - [2023-12-28 09:20:25,202] {dagbag.py:496} INFO - Filling up the DagBag from /home/airflow/.local/lib/python3.6/site-packages/airflow/example_dags/example_nested_branch_dag.py
[2023-12-28 09:20:25,226] {processor.py:623} INFO - DAG(s) dict_keys(['example_nested_branch_dag']) retrieved from /home/airflow/.local/lib/python3.6/site-packages/airflow/example_dags/example_nested_branch_dag.py
[2023-12-28 09:20:25,259] {logging_mixin.py:109} INFO - [2023-12-28 09:20:25,259] {dag.py:1834} INFO - Sync 1 DAGs
[2023-12-28 09:20:25,285] {logging_mixin.py:109} INFO - [2023-12-28 09:20:25,285] {dag.py:2287} INFO - Setting next_dagrun for example_nested_branch_dag to 2023-12-26 00:00:00+00:00
[2023-12-28 09:20:25,302] {processor.py:170} INFO - Processing /home/airflow/.local/lib/python3.6/site-packages/airflow/example_dags/example_nested_branch_dag.py took 0.107 seconds
[2023-12-28 09:20:55,711] {processor.py:162} INFO - Started process (PID=881) to work on /home/airflow/.local/lib/python3.6/site-packages/airflow/example_dags/example_nested_branch_dag.py
[2023-12-28 09:20:55,712] {processor.py:613} INFO - Processing file /home/airflow/.local/lib/python3.6/site-packages/airflow/example_dags/example_nested_branch_dag.py for tasks to queue
[2023-12-28 09:20:55,713] {logging_mixin.py:109} INFO - [2023-12-28 09:20:55,712] {dagbag.py:496} INFO - Filling up the DagBag from /home/airflow/.local/lib/python3.6/site-packages/airflow/example_dags/example_nested_branch_dag.py
[2023-12-28 09:20:55,729] {processor.py:623} INFO - DAG(s) dict_keys(['example_nested_branch_dag']) retrieved from /home/airflow/.local/lib/python3.6/site-packages/airflow/example_dags/example_nested_branch_dag.py
[2023-12-28 09:20:55,758] {logging_mixin.py:109} INFO - [2023-12-28 09:20:55,758] {dag.py:1834} INFO - Sync 1 DAGs
[2023-12-28 09:20:55,778] {logging_mixin.py:109} INFO - [2023-12-28 09:20:55,778] {dag.py:2287} INFO - Setting next_dagrun for example_nested_branch_dag to 2023-12-26 00:00:00+00:00
[2023-12-28 09:20:55,793] {processor.py:170} INFO - Processing /home/airflow/.local/lib/python3.6/site-packages/airflow/example_dags/example_nested_branch_dag.py took 0.086 seconds
[2023-12-28 09:21:26,602] {processor.py:162} INFO - Started process (PID=1086) to work on /home/airflow/.local/lib/python3.6/site-packages/airflow/example_dags/example_nested_branch_dag.py
[2023-12-28 09:21:26,603] {processor.py:613} INFO - Processing file /home/airflow/.local/lib/python3.6/site-packages/airflow/example_dags/example_nested_branch_dag.py for tasks to queue
[2023-12-28 09:21:26,604] {logging_mixin.py:109} INFO - [2023-12-28 09:21:26,604] {dagbag.py:496} INFO - Filling up the DagBag from /home/airflow/.local/lib/python3.6/site-packages/airflow/example_dags/example_nested_branch_dag.py
[2023-12-28 09:21:26,620] {processor.py:623} INFO - DAG(s) dict_keys(['example_nested_branch_dag']) retrieved from /home/airflow/.local/lib/python3.6/site-packages/airflow/example_dags/example_nested_branch_dag.py
[2023-12-28 09:21:26,645] {logging_mixin.py:109} INFO - [2023-12-28 09:21:26,645] {dag.py:1834} INFO - Sync 1 DAGs
[2023-12-28 09:21:26,663] {logging_mixin.py:109} INFO - [2023-12-28 09:21:26,662] {dag.py:2287} INFO - Setting next_dagrun for example_nested_branch_dag to 2023-12-26 00:00:00+00:00
[2023-12-28 09:21:26,677] {processor.py:170} INFO - Processing /home/airflow/.local/lib/python3.6/site-packages/airflow/example_dags/example_nested_branch_dag.py took 0.077 seconds
[2023-12-28 09:21:57,470] {processor.py:162} INFO - Started process (PID=1281) to work on /home/airflow/.local/lib/python3.6/site-packages/airflow/example_dags/example_nested_branch_dag.py
[2023-12-28 09:21:57,471] {processor.py:613} INFO - Processing file /home/airflow/.local/lib/python3.6/site-packages/airflow/example_dags/example_nested_branch_dag.py for tasks to queue
[2023-12-28 09:21:57,472] {logging_mixin.py:109} INFO - [2023-12-28 09:21:57,472] {dagbag.py:496} INFO - Filling up the DagBag from /home/airflow/.local/lib/python3.6/site-packages/airflow/example_dags/example_nested_branch_dag.py
[2023-12-28 09:21:57,488] {processor.py:623} INFO - DAG(s) dict_keys(['example_nested_branch_dag']) retrieved from /home/airflow/.local/lib/python3.6/site-packages/airflow/example_dags/example_nested_branch_dag.py
[2023-12-28 09:21:57,519] {logging_mixin.py:109} INFO - [2023-12-28 09:21:57,519] {dag.py:1834} INFO - Sync 1 DAGs
[2023-12-28 09:21:57,541] {logging_mixin.py:109} INFO - [2023-12-28 09:21:57,540] {dag.py:2287} INFO - Setting next_dagrun for example_nested_branch_dag to 2023-12-26 00:00:00+00:00
[2023-12-28 09:21:57,558] {processor.py:170} INFO - Processing /home/airflow/.local/lib/python3.6/site-packages/airflow/example_dags/example_nested_branch_dag.py took 0.092 seconds
[2023-12-28 09:22:27,799] {processor.py:162} INFO - Started process (PID=1471) to work on /home/airflow/.local/lib/python3.6/site-packages/airflow/example_dags/example_nested_branch_dag.py
[2023-12-28 09:22:27,801] {processor.py:613} INFO - Processing file /home/airflow/.local/lib/python3.6/site-packages/airflow/example_dags/example_nested_branch_dag.py for tasks to queue
[2023-12-28 09:22:27,802] {logging_mixin.py:109} INFO - [2023-12-28 09:22:27,802] {dagbag.py:496} INFO - Filling up the DagBag from /home/airflow/.local/lib/python3.6/site-packages/airflow/example_dags/example_nested_branch_dag.py
[2023-12-28 09:22:27,818] {processor.py:623} INFO - DAG(s) dict_keys(['example_nested_branch_dag']) retrieved from /home/airflow/.local/lib/python3.6/site-packages/airflow/example_dags/example_nested_branch_dag.py
[2023-12-28 09:22:27,844] {logging_mixin.py:109} INFO - [2023-12-28 09:22:27,844] {dag.py:1834} INFO - Sync 1 DAGs
[2023-12-28 09:22:27,863] {logging_mixin.py:109} INFO - [2023-12-28 09:22:27,863] {dag.py:2287} INFO - Setting next_dagrun for example_nested_branch_dag to 2023-12-26 00:00:00+00:00
[2023-12-28 09:22:27,876] {processor.py:170} INFO - Processing /home/airflow/.local/lib/python3.6/site-packages/airflow/example_dags/example_nested_branch_dag.py took 0.080 seconds
[2023-12-28 09:22:58,050] {processor.py:162} INFO - Started process (PID=1676) to work on /home/airflow/.local/lib/python3.6/site-packages/airflow/example_dags/example_nested_branch_dag.py
[2023-12-28 09:22:58,052] {processor.py:613} INFO - Processing file /home/airflow/.local/lib/python3.6/site-packages/airflow/example_dags/example_nested_branch_dag.py for tasks to queue
[2023-12-28 09:22:58,054] {logging_mixin.py:109} INFO - [2023-12-28 09:22:58,053] {dagbag.py:496} INFO - Filling up the DagBag from /home/airflow/.local/lib/python3.6/site-packages/airflow/example_dags/example_nested_branch_dag.py
[2023-12-28 09:22:58,071] {processor.py:623} INFO - DAG(s) dict_keys(['example_nested_branch_dag']) retrieved from /home/airflow/.local/lib/python3.6/site-packages/airflow/example_dags/example_nested_branch_dag.py
[2023-12-28 09:22:58,096] {logging_mixin.py:109} INFO - [2023-12-28 09:22:58,096] {dag.py:1834} INFO - Sync 1 DAGs
[2023-12-28 09:22:58,115] {logging_mixin.py:109} INFO - [2023-12-28 09:22:58,115] {dag.py:2287} INFO - Setting next_dagrun for example_nested_branch_dag to 2023-12-26 00:00:00+00:00
[2023-12-28 09:22:58,130] {processor.py:170} INFO - Processing /home/airflow/.local/lib/python3.6/site-packages/airflow/example_dags/example_nested_branch_dag.py took 0.089 seconds
[2023-12-28 09:23:28,366] {processor.py:162} INFO - Started process (PID=1851) to work on /home/airflow/.local/lib/python3.6/site-packages/airflow/example_dags/example_nested_branch_dag.py
[2023-12-28 09:23:28,368] {processor.py:613} INFO - Processing file /home/airflow/.local/lib/python3.6/site-packages/airflow/example_dags/example_nested_branch_dag.py for tasks to queue
[2023-12-28 09:23:28,369] {logging_mixin.py:109} INFO - [2023-12-28 09:23:28,369] {dagbag.py:496} INFO - Filling up the DagBag from /home/airflow/.local/lib/python3.6/site-packages/airflow/example_dags/example_nested_branch_dag.py
[2023-12-28 09:23:28,386] {processor.py:623} INFO - DAG(s) dict_keys(['example_nested_branch_dag']) retrieved from /home/airflow/.local/lib/python3.6/site-packages/airflow/example_dags/example_nested_branch_dag.py
[2023-12-28 09:23:28,414] {logging_mixin.py:109} INFO - [2023-12-28 09:23:28,414] {dag.py:1834} INFO - Sync 1 DAGs
[2023-12-28 09:23:28,435] {logging_mixin.py:109} INFO - [2023-12-28 09:23:28,435] {dag.py:2287} INFO - Setting next_dagrun for example_nested_branch_dag to 2023-12-26 00:00:00+00:00
[2023-12-28 09:23:28,450] {processor.py:170} INFO - Processing /home/airflow/.local/lib/python3.6/site-packages/airflow/example_dags/example_nested_branch_dag.py took 0.087 seconds
[2023-12-28 09:23:58,769] {processor.py:162} INFO - Started process (PID=2056) to work on /home/airflow/.local/lib/python3.6/site-packages/airflow/example_dags/example_nested_branch_dag.py
[2023-12-28 09:23:58,770] {processor.py:613} INFO - Processing file /home/airflow/.local/lib/python3.6/site-packages/airflow/example_dags/example_nested_branch_dag.py for tasks to queue
[2023-12-28 09:23:58,771] {logging_mixin.py:109} INFO - [2023-12-28 09:23:58,771] {dagbag.py:496} INFO - Filling up the DagBag from /home/airflow/.local/lib/python3.6/site-packages/airflow/example_dags/example_nested_branch_dag.py
[2023-12-28 09:23:58,785] {processor.py:623} INFO - DAG(s) dict_keys(['example_nested_branch_dag']) retrieved from /home/airflow/.local/lib/python3.6/site-packages/airflow/example_dags/example_nested_branch_dag.py
[2023-12-28 09:23:58,810] {logging_mixin.py:109} INFO - [2023-12-28 09:23:58,810] {dag.py:1834} INFO - Sync 1 DAGs
[2023-12-28 09:23:58,828] {logging_mixin.py:109} INFO - [2023-12-28 09:23:58,828] {dag.py:2287} INFO - Setting next_dagrun for example_nested_branch_dag to 2023-12-26 00:00:00+00:00
[2023-12-28 09:23:58,840] {processor.py:170} INFO - Processing /home/airflow/.local/lib/python3.6/site-packages/airflow/example_dags/example_nested_branch_dag.py took 0.074 seconds
[2023-12-28 09:24:29,575] {processor.py:162} INFO - Started process (PID=2251) to work on /home/airflow/.local/lib/python3.6/site-packages/airflow/example_dags/example_nested_branch_dag.py
[2023-12-28 09:24:29,577] {processor.py:613} INFO - Processing file /home/airflow/.local/lib/python3.6/site-packages/airflow/example_dags/example_nested_branch_dag.py for tasks to queue
[2023-12-28 09:24:29,578] {logging_mixin.py:109} INFO - [2023-12-28 09:24:29,578] {dagbag.py:496} INFO - Filling up the DagBag from /home/airflow/.local/lib/python3.6/site-packages/airflow/example_dags/example_nested_branch_dag.py
[2023-12-28 09:24:29,595] {processor.py:623} INFO - DAG(s) dict_keys(['example_nested_branch_dag']) retrieved from /home/airflow/.local/lib/python3.6/site-packages/airflow/example_dags/example_nested_branch_dag.py
[2023-12-28 09:24:29,623] {logging_mixin.py:109} INFO - [2023-12-28 09:24:29,623] {dag.py:1834} INFO - Sync 1 DAGs
[2023-12-28 09:24:29,647] {logging_mixin.py:109} INFO - [2023-12-28 09:24:29,647] {dag.py:2287} INFO - Setting next_dagrun for example_nested_branch_dag to 2023-12-26 00:00:00+00:00
[2023-12-28 09:24:29,663] {processor.py:170} INFO - Processing /home/airflow/.local/lib/python3.6/site-packages/airflow/example_dags/example_nested_branch_dag.py took 0.092 seconds
[2023-12-28 09:25:00,089] {processor.py:162} INFO - Started process (PID=2452) to work on /home/airflow/.local/lib/python3.6/site-packages/airflow/example_dags/example_nested_branch_dag.py
[2023-12-28 09:25:00,090] {processor.py:613} INFO - Processing file /home/airflow/.local/lib/python3.6/site-packages/airflow/example_dags/example_nested_branch_dag.py for tasks to queue
[2023-12-28 09:25:00,091] {logging_mixin.py:109} INFO - [2023-12-28 09:25:00,091] {dagbag.py:496} INFO - Filling up the DagBag from /home/airflow/.local/lib/python3.6/site-packages/airflow/example_dags/example_nested_branch_dag.py
[2023-12-28 09:25:00,107] {processor.py:623} INFO - DAG(s) dict_keys(['example_nested_branch_dag']) retrieved from /home/airflow/.local/lib/python3.6/site-packages/airflow/example_dags/example_nested_branch_dag.py
[2023-12-28 09:25:00,137] {logging_mixin.py:109} INFO - [2023-12-28 09:25:00,136] {dag.py:1834} INFO - Sync 1 DAGs
[2023-12-28 09:25:00,160] {logging_mixin.py:109} INFO - [2023-12-28 09:25:00,160] {dag.py:2287} INFO - Setting next_dagrun for example_nested_branch_dag to 2023-12-26 00:00:00+00:00
[2023-12-28 09:25:00,177] {processor.py:170} INFO - Processing /home/airflow/.local/lib/python3.6/site-packages/airflow/example_dags/example_nested_branch_dag.py took 0.091 seconds
[2023-12-28 09:25:30,459] {processor.py:162} INFO - Started process (PID=2651) to work on /home/airflow/.local/lib/python3.6/site-packages/airflow/example_dags/example_nested_branch_dag.py
[2023-12-28 09:25:30,461] {processor.py:613} INFO - Processing file /home/airflow/.local/lib/python3.6/site-packages/airflow/example_dags/example_nested_branch_dag.py for tasks to queue
[2023-12-28 09:25:30,462] {logging_mixin.py:109} INFO - [2023-12-28 09:25:30,462] {dagbag.py:496} INFO - Filling up the DagBag from /home/airflow/.local/lib/python3.6/site-packages/airflow/example_dags/example_nested_branch_dag.py
[2023-12-28 09:25:30,481] {processor.py:623} INFO - DAG(s) dict_keys(['example_nested_branch_dag']) retrieved from /home/airflow/.local/lib/python3.6/site-packages/airflow/example_dags/example_nested_branch_dag.py
[2023-12-28 09:25:30,512] {logging_mixin.py:109} INFO - [2023-12-28 09:25:30,511] {dag.py:1834} INFO - Sync 1 DAGs
[2023-12-28 09:25:30,534] {logging_mixin.py:109} INFO - [2023-12-28 09:25:30,534] {dag.py:2287} INFO - Setting next_dagrun for example_nested_branch_dag to 2023-12-26 00:00:00+00:00
[2023-12-28 09:25:30,553] {processor.py:170} INFO - Processing /home/airflow/.local/lib/python3.6/site-packages/airflow/example_dags/example_nested_branch_dag.py took 0.098 seconds
[2023-12-28 09:26:00,954] {processor.py:162} INFO - Started process (PID=2848) to work on /home/airflow/.local/lib/python3.6/site-packages/airflow/example_dags/example_nested_branch_dag.py
[2023-12-28 09:26:00,956] {processor.py:613} INFO - Processing file /home/airflow/.local/lib/python3.6/site-packages/airflow/example_dags/example_nested_branch_dag.py for tasks to queue
[2023-12-28 09:26:00,957] {logging_mixin.py:109} INFO - [2023-12-28 09:26:00,957] {dagbag.py:496} INFO - Filling up the DagBag from /home/airflow/.local/lib/python3.6/site-packages/airflow/example_dags/example_nested_branch_dag.py
[2023-12-28 09:26:00,974] {processor.py:623} INFO - DAG(s) dict_keys(['example_nested_branch_dag']) retrieved from /home/airflow/.local/lib/python3.6/site-packages/airflow/example_dags/example_nested_branch_dag.py
[2023-12-28 09:26:01,009] {logging_mixin.py:109} INFO - [2023-12-28 09:26:01,009] {dag.py:1834} INFO - Sync 1 DAGs
[2023-12-28 09:26:01,032] {logging_mixin.py:109} INFO - [2023-12-28 09:26:01,031] {dag.py:2287} INFO - Setting next_dagrun for example_nested_branch_dag to 2023-12-26 00:00:00+00:00
[2023-12-28 09:26:01,049] {processor.py:170} INFO - Processing /home/airflow/.local/lib/python3.6/site-packages/airflow/example_dags/example_nested_branch_dag.py took 0.098 seconds
[2023-12-28 09:26:31,338] {processor.py:162} INFO - Started process (PID=3053) to work on /home/airflow/.local/lib/python3.6/site-packages/airflow/example_dags/example_nested_branch_dag.py
[2023-12-28 09:26:31,340] {processor.py:613} INFO - Processing file /home/airflow/.local/lib/python3.6/site-packages/airflow/example_dags/example_nested_branch_dag.py for tasks to queue
[2023-12-28 09:26:31,341] {logging_mixin.py:109} INFO - [2023-12-28 09:26:31,341] {dagbag.py:496} INFO - Filling up the DagBag from /home/airflow/.local/lib/python3.6/site-packages/airflow/example_dags/example_nested_branch_dag.py
[2023-12-28 09:26:31,357] {processor.py:623} INFO - DAG(s) dict_keys(['example_nested_branch_dag']) retrieved from /home/airflow/.local/lib/python3.6/site-packages/airflow/example_dags/example_nested_branch_dag.py
[2023-12-28 09:26:31,388] {logging_mixin.py:109} INFO - [2023-12-28 09:26:31,388] {dag.py:1834} INFO - Sync 1 DAGs
[2023-12-28 09:26:31,411] {logging_mixin.py:109} INFO - [2023-12-28 09:26:31,411] {dag.py:2287} INFO - Setting next_dagrun for example_nested_branch_dag to 2023-12-26 00:00:00+00:00
[2023-12-28 09:26:31,427] {processor.py:170} INFO - Processing /home/airflow/.local/lib/python3.6/site-packages/airflow/example_dags/example_nested_branch_dag.py took 0.093 seconds
[2023-12-28 09:27:01,723] {processor.py:162} INFO - Started process (PID=3246) to work on /home/airflow/.local/lib/python3.6/site-packages/airflow/example_dags/example_nested_branch_dag.py
[2023-12-28 09:27:01,725] {processor.py:613} INFO - Processing file /home/airflow/.local/lib/python3.6/site-packages/airflow/example_dags/example_nested_branch_dag.py for tasks to queue
[2023-12-28 09:27:01,726] {logging_mixin.py:109} INFO - [2023-12-28 09:27:01,726] {dagbag.py:496} INFO - Filling up the DagBag from /home/airflow/.local/lib/python3.6/site-packages/airflow/example_dags/example_nested_branch_dag.py
[2023-12-28 09:27:01,744] {processor.py:623} INFO - DAG(s) dict_keys(['example_nested_branch_dag']) retrieved from /home/airflow/.local/lib/python3.6/site-packages/airflow/example_dags/example_nested_branch_dag.py
[2023-12-28 09:27:01,777] {logging_mixin.py:109} INFO - [2023-12-28 09:27:01,777] {dag.py:1834} INFO - Sync 1 DAGs
[2023-12-28 09:27:01,802] {logging_mixin.py:109} INFO - [2023-12-28 09:27:01,801] {dag.py:2287} INFO - Setting next_dagrun for example_nested_branch_dag to 2023-12-26 00:00:00+00:00
[2023-12-28 09:27:01,820] {processor.py:170} INFO - Processing /home/airflow/.local/lib/python3.6/site-packages/airflow/example_dags/example_nested_branch_dag.py took 0.100 seconds
[2023-12-28 09:27:32,136] {processor.py:162} INFO - Started process (PID=3451) to work on /home/airflow/.local/lib/python3.6/site-packages/airflow/example_dags/example_nested_branch_dag.py
[2023-12-28 09:27:32,137] {processor.py:613} INFO - Processing file /home/airflow/.local/lib/python3.6/site-packages/airflow/example_dags/example_nested_branch_dag.py for tasks to queue
[2023-12-28 09:27:32,138] {logging_mixin.py:109} INFO - [2023-12-28 09:27:32,138] {dagbag.py:496} INFO - Filling up the DagBag from /home/airflow/.local/lib/python3.6/site-packages/airflow/example_dags/example_nested_branch_dag.py
[2023-12-28 09:27:32,153] {processor.py:623} INFO - DAG(s) dict_keys(['example_nested_branch_dag']) retrieved from /home/airflow/.local/lib/python3.6/site-packages/airflow/example_dags/example_nested_branch_dag.py
[2023-12-28 09:27:32,177] {logging_mixin.py:109} INFO - [2023-12-28 09:27:32,177] {dag.py:1834} INFO - Sync 1 DAGs
[2023-12-28 09:27:32,196] {logging_mixin.py:109} INFO - [2023-12-28 09:27:32,196] {dag.py:2287} INFO - Setting next_dagrun for example_nested_branch_dag to 2023-12-26 00:00:00+00:00
[2023-12-28 09:27:32,210] {processor.py:170} INFO - Processing /home/airflow/.local/lib/python3.6/site-packages/airflow/example_dags/example_nested_branch_dag.py took 0.077 seconds
[2023-12-28 09:28:03,249] {processor.py:162} INFO - Started process (PID=3646) to work on /home/airflow/.local/lib/python3.6/site-packages/airflow/example_dags/example_nested_branch_dag.py
[2023-12-28 09:28:03,252] {processor.py:613} INFO - Processing file /home/airflow/.local/lib/python3.6/site-packages/airflow/example_dags/example_nested_branch_dag.py for tasks to queue
[2023-12-28 09:28:03,254] {logging_mixin.py:109} INFO - [2023-12-28 09:28:03,253] {dagbag.py:496} INFO - Filling up the DagBag from /home/airflow/.local/lib/python3.6/site-packages/airflow/example_dags/example_nested_branch_dag.py
[2023-12-28 09:28:03,282] {processor.py:623} INFO - DAG(s) dict_keys(['example_nested_branch_dag']) retrieved from /home/airflow/.local/lib/python3.6/site-packages/airflow/example_dags/example_nested_branch_dag.py
[2023-12-28 09:28:03,315] {logging_mixin.py:109} INFO - [2023-12-28 09:28:03,314] {dag.py:1834} INFO - Sync 1 DAGs
[2023-12-28 09:28:03,351] {logging_mixin.py:109} INFO - [2023-12-28 09:28:03,351] {dag.py:2287} INFO - Setting next_dagrun for example_nested_branch_dag to 2023-12-26 00:00:00+00:00
[2023-12-28 09:28:03,376] {processor.py:170} INFO - Processing /home/airflow/.local/lib/python3.6/site-packages/airflow/example_dags/example_nested_branch_dag.py took 0.132 seconds
[2023-12-28 09:28:33,956] {processor.py:162} INFO - Started process (PID=3848) to work on /home/airflow/.local/lib/python3.6/site-packages/airflow/example_dags/example_nested_branch_dag.py
[2023-12-28 09:28:33,958] {processor.py:613} INFO - Processing file /home/airflow/.local/lib/python3.6/site-packages/airflow/example_dags/example_nested_branch_dag.py for tasks to queue
[2023-12-28 09:28:33,959] {logging_mixin.py:109} INFO - [2023-12-28 09:28:33,959] {dagbag.py:496} INFO - Filling up the DagBag from /home/airflow/.local/lib/python3.6/site-packages/airflow/example_dags/example_nested_branch_dag.py
[2023-12-28 09:28:33,981] {processor.py:623} INFO - DAG(s) dict_keys(['example_nested_branch_dag']) retrieved from /home/airflow/.local/lib/python3.6/site-packages/airflow/example_dags/example_nested_branch_dag.py
[2023-12-28 09:28:34,027] {logging_mixin.py:109} INFO - [2023-12-28 09:28:34,027] {dag.py:1834} INFO - Sync 1 DAGs
[2023-12-28 09:28:34,057] {logging_mixin.py:109} INFO - [2023-12-28 09:28:34,057] {dag.py:2287} INFO - Setting next_dagrun for example_nested_branch_dag to 2023-12-26 00:00:00+00:00
[2023-12-28 09:28:34,074] {processor.py:170} INFO - Processing /home/airflow/.local/lib/python3.6/site-packages/airflow/example_dags/example_nested_branch_dag.py took 0.122 seconds
[2023-12-28 09:29:04,376] {processor.py:162} INFO - Started process (PID=4046) to work on /home/airflow/.local/lib/python3.6/site-packages/airflow/example_dags/example_nested_branch_dag.py
[2023-12-28 09:29:04,378] {processor.py:613} INFO - Processing file /home/airflow/.local/lib/python3.6/site-packages/airflow/example_dags/example_nested_branch_dag.py for tasks to queue
[2023-12-28 09:29:04,381] {logging_mixin.py:109} INFO - [2023-12-28 09:29:04,380] {dagbag.py:496} INFO - Filling up the DagBag from /home/airflow/.local/lib/python3.6/site-packages/airflow/example_dags/example_nested_branch_dag.py
[2023-12-28 09:29:04,406] {processor.py:623} INFO - DAG(s) dict_keys(['example_nested_branch_dag']) retrieved from /home/airflow/.local/lib/python3.6/site-packages/airflow/example_dags/example_nested_branch_dag.py
[2023-12-28 09:29:04,447] {logging_mixin.py:109} INFO - [2023-12-28 09:29:04,447] {dag.py:1834} INFO - Sync 1 DAGs
[2023-12-28 09:29:04,474] {logging_mixin.py:109} INFO - [2023-12-28 09:29:04,474] {dag.py:2287} INFO - Setting next_dagrun for example_nested_branch_dag to 2023-12-26 00:00:00+00:00
[2023-12-28 09:29:04,490] {processor.py:170} INFO - Processing /home/airflow/.local/lib/python3.6/site-packages/airflow/example_dags/example_nested_branch_dag.py took 0.118 seconds
[2023-12-28 09:29:34,923] {processor.py:162} INFO - Started process (PID=4241) to work on /home/airflow/.local/lib/python3.6/site-packages/airflow/example_dags/example_nested_branch_dag.py
[2023-12-28 09:29:34,926] {processor.py:613} INFO - Processing file /home/airflow/.local/lib/python3.6/site-packages/airflow/example_dags/example_nested_branch_dag.py for tasks to queue
[2023-12-28 09:29:34,927] {logging_mixin.py:109} INFO - [2023-12-28 09:29:34,926] {dagbag.py:496} INFO - Filling up the DagBag from /home/airflow/.local/lib/python3.6/site-packages/airflow/example_dags/example_nested_branch_dag.py
[2023-12-28 09:29:34,946] {processor.py:623} INFO - DAG(s) dict_keys(['example_nested_branch_dag']) retrieved from /home/airflow/.local/lib/python3.6/site-packages/airflow/example_dags/example_nested_branch_dag.py
[2023-12-28 09:29:34,975] {logging_mixin.py:109} INFO - [2023-12-28 09:29:34,975] {dag.py:1834} INFO - Sync 1 DAGs
[2023-12-28 09:29:34,997] {logging_mixin.py:109} INFO - [2023-12-28 09:29:34,997] {dag.py:2287} INFO - Setting next_dagrun for example_nested_branch_dag to 2023-12-26 00:00:00+00:00
[2023-12-28 09:29:35,016] {processor.py:170} INFO - Processing /home/airflow/.local/lib/python3.6/site-packages/airflow/example_dags/example_nested_branch_dag.py took 0.097 seconds
[2023-12-28 09:30:06,395] {processor.py:162} INFO - Started process (PID=4451) to work on /home/airflow/.local/lib/python3.6/site-packages/airflow/example_dags/example_nested_branch_dag.py
[2023-12-28 09:30:06,396] {processor.py:613} INFO - Processing file /home/airflow/.local/lib/python3.6/site-packages/airflow/example_dags/example_nested_branch_dag.py for tasks to queue
[2023-12-28 09:30:06,397] {logging_mixin.py:109} INFO - [2023-12-28 09:30:06,397] {dagbag.py:496} INFO - Filling up the DagBag from /home/airflow/.local/lib/python3.6/site-packages/airflow/example_dags/example_nested_branch_dag.py
[2023-12-28 09:30:06,415] {processor.py:623} INFO - DAG(s) dict_keys(['example_nested_branch_dag']) retrieved from /home/airflow/.local/lib/python3.6/site-packages/airflow/example_dags/example_nested_branch_dag.py
[2023-12-28 09:30:06,446] {logging_mixin.py:109} INFO - [2023-12-28 09:30:06,446] {dag.py:1834} INFO - Sync 1 DAGs
[2023-12-28 09:30:06,469] {logging_mixin.py:109} INFO - [2023-12-28 09:30:06,468] {dag.py:2287} INFO - Setting next_dagrun for example_nested_branch_dag to 2023-12-26 00:00:00+00:00
[2023-12-28 09:30:06,485] {processor.py:170} INFO - Processing /home/airflow/.local/lib/python3.6/site-packages/airflow/example_dags/example_nested_branch_dag.py took 0.094 seconds
[2023-12-28 09:30:37,713] {processor.py:162} INFO - Started process (PID=4646) to work on /home/airflow/.local/lib/python3.6/site-packages/airflow/example_dags/example_nested_branch_dag.py
[2023-12-28 09:30:37,715] {processor.py:613} INFO - Processing file /home/airflow/.local/lib/python3.6/site-packages/airflow/example_dags/example_nested_branch_dag.py for tasks to queue
[2023-12-28 09:30:37,716] {logging_mixin.py:109} INFO - [2023-12-28 09:30:37,716] {dagbag.py:496} INFO - Filling up the DagBag from /home/airflow/.local/lib/python3.6/site-packages/airflow/example_dags/example_nested_branch_dag.py
[2023-12-28 09:30:37,736] {processor.py:623} INFO - DAG(s) dict_keys(['example_nested_branch_dag']) retrieved from /home/airflow/.local/lib/python3.6/site-packages/airflow/example_dags/example_nested_branch_dag.py
[2023-12-28 09:30:37,767] {logging_mixin.py:109} INFO - [2023-12-28 09:30:37,766] {dag.py:1834} INFO - Sync 1 DAGs
[2023-12-28 09:30:37,789] {logging_mixin.py:109} INFO - [2023-12-28 09:30:37,789] {dag.py:2287} INFO - Setting next_dagrun for example_nested_branch_dag to 2023-12-26 00:00:00+00:00
[2023-12-28 09:30:37,806] {processor.py:170} INFO - Processing /home/airflow/.local/lib/python3.6/site-packages/airflow/example_dags/example_nested_branch_dag.py took 0.096 seconds
[2023-12-28 09:31:08,333] {processor.py:162} INFO - Started process (PID=4851) to work on /home/airflow/.local/lib/python3.6/site-packages/airflow/example_dags/example_nested_branch_dag.py
[2023-12-28 09:31:08,334] {processor.py:613} INFO - Processing file /home/airflow/.local/lib/python3.6/site-packages/airflow/example_dags/example_nested_branch_dag.py for tasks to queue
[2023-12-28 09:31:08,335] {logging_mixin.py:109} INFO - [2023-12-28 09:31:08,335] {dagbag.py:496} INFO - Filling up the DagBag from /home/airflow/.local/lib/python3.6/site-packages/airflow/example_dags/example_nested_branch_dag.py
[2023-12-28 09:31:08,354] {processor.py:623} INFO - DAG(s) dict_keys(['example_nested_branch_dag']) retrieved from /home/airflow/.local/lib/python3.6/site-packages/airflow/example_dags/example_nested_branch_dag.py
[2023-12-28 09:31:08,382] {logging_mixin.py:109} INFO - [2023-12-28 09:31:08,382] {dag.py:1834} INFO - Sync 1 DAGs
[2023-12-28 09:31:08,404] {logging_mixin.py:109} INFO - [2023-12-28 09:31:08,404] {dag.py:2287} INFO - Setting next_dagrun for example_nested_branch_dag to 2023-12-26 00:00:00+00:00
[2023-12-28 09:31:08,443] {processor.py:170} INFO - Processing /home/airflow/.local/lib/python3.6/site-packages/airflow/example_dags/example_nested_branch_dag.py took 0.114 seconds
[2023-12-28 09:31:39,459] {processor.py:162} INFO - Started process (PID=5046) to work on /home/airflow/.local/lib/python3.6/site-packages/airflow/example_dags/example_nested_branch_dag.py
[2023-12-28 09:31:39,461] {processor.py:613} INFO - Processing file /home/airflow/.local/lib/python3.6/site-packages/airflow/example_dags/example_nested_branch_dag.py for tasks to queue
[2023-12-28 09:31:39,462] {logging_mixin.py:109} INFO - [2023-12-28 09:31:39,462] {dagbag.py:496} INFO - Filling up the DagBag from /home/airflow/.local/lib/python3.6/site-packages/airflow/example_dags/example_nested_branch_dag.py
[2023-12-28 09:31:39,479] {processor.py:623} INFO - DAG(s) dict_keys(['example_nested_branch_dag']) retrieved from /home/airflow/.local/lib/python3.6/site-packages/airflow/example_dags/example_nested_branch_dag.py
[2023-12-28 09:31:39,512] {logging_mixin.py:109} INFO - [2023-12-28 09:31:39,512] {dag.py:1834} INFO - Sync 1 DAGs
[2023-12-28 09:31:39,539] {logging_mixin.py:109} INFO - [2023-12-28 09:31:39,539] {dag.py:2287} INFO - Setting next_dagrun for example_nested_branch_dag to 2023-12-26 00:00:00+00:00
[2023-12-28 09:31:39,560] {processor.py:170} INFO - Processing /home/airflow/.local/lib/python3.6/site-packages/airflow/example_dags/example_nested_branch_dag.py took 0.104 seconds
[2023-12-28 09:32:10,567] {processor.py:162} INFO - Started process (PID=5251) to work on /home/airflow/.local/lib/python3.6/site-packages/airflow/example_dags/example_nested_branch_dag.py
[2023-12-28 09:32:10,569] {processor.py:613} INFO - Processing file /home/airflow/.local/lib/python3.6/site-packages/airflow/example_dags/example_nested_branch_dag.py for tasks to queue
[2023-12-28 09:32:10,570] {logging_mixin.py:109} INFO - [2023-12-28 09:32:10,570] {dagbag.py:496} INFO - Filling up the DagBag from /home/airflow/.local/lib/python3.6/site-packages/airflow/example_dags/example_nested_branch_dag.py
[2023-12-28 09:32:10,585] {processor.py:623} INFO - DAG(s) dict_keys(['example_nested_branch_dag']) retrieved from /home/airflow/.local/lib/python3.6/site-packages/airflow/example_dags/example_nested_branch_dag.py
[2023-12-28 09:32:10,610] {logging_mixin.py:109} INFO - [2023-12-28 09:32:10,610] {dag.py:1834} INFO - Sync 1 DAGs
[2023-12-28 09:32:10,630] {logging_mixin.py:109} INFO - [2023-12-28 09:32:10,630] {dag.py:2287} INFO - Setting next_dagrun for example_nested_branch_dag to 2023-12-26 00:00:00+00:00
[2023-12-28 09:32:10,644] {processor.py:170} INFO - Processing /home/airflow/.local/lib/python3.6/site-packages/airflow/example_dags/example_nested_branch_dag.py took 0.079 seconds
[2023-12-28 09:32:41,681] {processor.py:162} INFO - Started process (PID=5446) to work on /home/airflow/.local/lib/python3.6/site-packages/airflow/example_dags/example_nested_branch_dag.py
[2023-12-28 09:32:41,682] {processor.py:613} INFO - Processing file /home/airflow/.local/lib/python3.6/site-packages/airflow/example_dags/example_nested_branch_dag.py for tasks to queue
[2023-12-28 09:32:41,682] {logging_mixin.py:109} INFO - [2023-12-28 09:32:41,682] {dagbag.py:496} INFO - Filling up the DagBag from /home/airflow/.local/lib/python3.6/site-packages/airflow/example_dags/example_nested_branch_dag.py
[2023-12-28 09:32:41,700] {processor.py:623} INFO - DAG(s) dict_keys(['example_nested_branch_dag']) retrieved from /home/airflow/.local/lib/python3.6/site-packages/airflow/example_dags/example_nested_branch_dag.py
[2023-12-28 09:32:41,729] {logging_mixin.py:109} INFO - [2023-12-28 09:32:41,729] {dag.py:1834} INFO - Sync 1 DAGs
[2023-12-28 09:32:41,750] {logging_mixin.py:109} INFO - [2023-12-28 09:32:41,750] {dag.py:2287} INFO - Setting next_dagrun for example_nested_branch_dag to 2023-12-26 00:00:00+00:00
[2023-12-28 09:32:41,766] {processor.py:170} INFO - Processing /home/airflow/.local/lib/python3.6/site-packages/airflow/example_dags/example_nested_branch_dag.py took 0.088 seconds
[2023-12-28 09:33:12,165] {processor.py:162} INFO - Started process (PID=5650) to work on /home/airflow/.local/lib/python3.6/site-packages/airflow/example_dags/example_nested_branch_dag.py
[2023-12-28 09:33:12,167] {processor.py:613} INFO - Processing file /home/airflow/.local/lib/python3.6/site-packages/airflow/example_dags/example_nested_branch_dag.py for tasks to queue
[2023-12-28 09:33:12,167] {logging_mixin.py:109} INFO - [2023-12-28 09:33:12,167] {dagbag.py:496} INFO - Filling up the DagBag from /home/airflow/.local/lib/python3.6/site-packages/airflow/example_dags/example_nested_branch_dag.py
[2023-12-28 09:33:12,182] {processor.py:623} INFO - DAG(s) dict_keys(['example_nested_branch_dag']) retrieved from /home/airflow/.local/lib/python3.6/site-packages/airflow/example_dags/example_nested_branch_dag.py
[2023-12-28 09:33:12,205] {logging_mixin.py:109} INFO - [2023-12-28 09:33:12,205] {dag.py:1834} INFO - Sync 1 DAGs
[2023-12-28 09:33:12,223] {logging_mixin.py:109} INFO - [2023-12-28 09:33:12,223] {dag.py:2287} INFO - Setting next_dagrun for example_nested_branch_dag to 2023-12-26 00:00:00+00:00
[2023-12-28 09:33:12,236] {processor.py:170} INFO - Processing /home/airflow/.local/lib/python3.6/site-packages/airflow/example_dags/example_nested_branch_dag.py took 0.074 seconds
[2023-12-28 09:33:42,319] {processor.py:162} INFO - Started process (PID=5841) to work on /home/airflow/.local/lib/python3.6/site-packages/airflow/example_dags/example_nested_branch_dag.py
[2023-12-28 09:33:42,320] {processor.py:613} INFO - Processing file /home/airflow/.local/lib/python3.6/site-packages/airflow/example_dags/example_nested_branch_dag.py for tasks to queue
[2023-12-28 09:33:42,321] {logging_mixin.py:109} INFO - [2023-12-28 09:33:42,321] {dagbag.py:496} INFO - Filling up the DagBag from /home/airflow/.local/lib/python3.6/site-packages/airflow/example_dags/example_nested_branch_dag.py
[2023-12-28 09:33:42,340] {processor.py:623} INFO - DAG(s) dict_keys(['example_nested_branch_dag']) retrieved from /home/airflow/.local/lib/python3.6/site-packages/airflow/example_dags/example_nested_branch_dag.py
[2023-12-28 09:33:42,368] {logging_mixin.py:109} INFO - [2023-12-28 09:33:42,368] {dag.py:1834} INFO - Sync 1 DAGs
[2023-12-28 09:33:42,389] {logging_mixin.py:109} INFO - [2023-12-28 09:33:42,389] {dag.py:2287} INFO - Setting next_dagrun for example_nested_branch_dag to 2023-12-26 00:00:00+00:00
[2023-12-28 09:33:42,406] {processor.py:170} INFO - Processing /home/airflow/.local/lib/python3.6/site-packages/airflow/example_dags/example_nested_branch_dag.py took 0.091 seconds
[2023-12-28 09:34:12,759] {processor.py:162} INFO - Started process (PID=6036) to work on /home/airflow/.local/lib/python3.6/site-packages/airflow/example_dags/example_nested_branch_dag.py
[2023-12-28 09:34:12,761] {processor.py:613} INFO - Processing file /home/airflow/.local/lib/python3.6/site-packages/airflow/example_dags/example_nested_branch_dag.py for tasks to queue
[2023-12-28 09:34:12,762] {logging_mixin.py:109} INFO - [2023-12-28 09:34:12,762] {dagbag.py:496} INFO - Filling up the DagBag from /home/airflow/.local/lib/python3.6/site-packages/airflow/example_dags/example_nested_branch_dag.py
[2023-12-28 09:34:12,778] {processor.py:623} INFO - DAG(s) dict_keys(['example_nested_branch_dag']) retrieved from /home/airflow/.local/lib/python3.6/site-packages/airflow/example_dags/example_nested_branch_dag.py
[2023-12-28 09:34:12,803] {logging_mixin.py:109} INFO - [2023-12-28 09:34:12,803] {dag.py:1834} INFO - Sync 1 DAGs
[2023-12-28 09:34:12,823] {logging_mixin.py:109} INFO - [2023-12-28 09:34:12,823] {dag.py:2287} INFO - Setting next_dagrun for example_nested_branch_dag to 2023-12-26 00:00:00+00:00
[2023-12-28 09:34:12,838] {processor.py:170} INFO - Processing /home/airflow/.local/lib/python3.6/site-packages/airflow/example_dags/example_nested_branch_dag.py took 0.081 seconds
[2023-12-28 09:34:43,649] {processor.py:162} INFO - Started process (PID=6243) to work on /home/airflow/.local/lib/python3.6/site-packages/airflow/example_dags/example_nested_branch_dag.py
[2023-12-28 09:34:43,650] {processor.py:613} INFO - Processing file /home/airflow/.local/lib/python3.6/site-packages/airflow/example_dags/example_nested_branch_dag.py for tasks to queue
[2023-12-28 09:34:43,650] {logging_mixin.py:109} INFO - [2023-12-28 09:34:43,650] {dagbag.py:496} INFO - Filling up the DagBag from /home/airflow/.local/lib/python3.6/site-packages/airflow/example_dags/example_nested_branch_dag.py
[2023-12-28 09:34:43,666] {processor.py:623} INFO - DAG(s) dict_keys(['example_nested_branch_dag']) retrieved from /home/airflow/.local/lib/python3.6/site-packages/airflow/example_dags/example_nested_branch_dag.py
[2023-12-28 09:34:43,691] {logging_mixin.py:109} INFO - [2023-12-28 09:34:43,691] {dag.py:1834} INFO - Sync 1 DAGs
[2023-12-28 09:34:43,710] {logging_mixin.py:109} INFO - [2023-12-28 09:34:43,710] {dag.py:2287} INFO - Setting next_dagrun for example_nested_branch_dag to 2023-12-26 00:00:00+00:00
[2023-12-28 09:34:43,724] {processor.py:170} INFO - Processing /home/airflow/.local/lib/python3.6/site-packages/airflow/example_dags/example_nested_branch_dag.py took 0.078 seconds
[2023-12-28 09:35:14,894] {processor.py:162} INFO - Started process (PID=6441) to work on /home/airflow/.local/lib/python3.6/site-packages/airflow/example_dags/example_nested_branch_dag.py
[2023-12-28 09:35:14,896] {processor.py:613} INFO - Processing file /home/airflow/.local/lib/python3.6/site-packages/airflow/example_dags/example_nested_branch_dag.py for tasks to queue
[2023-12-28 09:35:14,897] {logging_mixin.py:109} INFO - [2023-12-28 09:35:14,896] {dagbag.py:496} INFO - Filling up the DagBag from /home/airflow/.local/lib/python3.6/site-packages/airflow/example_dags/example_nested_branch_dag.py
[2023-12-28 09:35:14,913] {processor.py:623} INFO - DAG(s) dict_keys(['example_nested_branch_dag']) retrieved from /home/airflow/.local/lib/python3.6/site-packages/airflow/example_dags/example_nested_branch_dag.py
[2023-12-28 09:35:14,940] {logging_mixin.py:109} INFO - [2023-12-28 09:35:14,939] {dag.py:1834} INFO - Sync 1 DAGs
[2023-12-28 09:35:14,959] {logging_mixin.py:109} INFO - [2023-12-28 09:35:14,959] {dag.py:2287} INFO - Setting next_dagrun for example_nested_branch_dag to 2023-12-26 00:00:00+00:00
[2023-12-28 09:35:14,972] {processor.py:170} INFO - Processing /home/airflow/.local/lib/python3.6/site-packages/airflow/example_dags/example_nested_branch_dag.py took 0.081 seconds
[2023-12-28 09:35:45,978] {processor.py:162} INFO - Started process (PID=6646) to work on /home/airflow/.local/lib/python3.6/site-packages/airflow/example_dags/example_nested_branch_dag.py
[2023-12-28 09:35:45,979] {processor.py:613} INFO - Processing file /home/airflow/.local/lib/python3.6/site-packages/airflow/example_dags/example_nested_branch_dag.py for tasks to queue
[2023-12-28 09:35:45,979] {logging_mixin.py:109} INFO - [2023-12-28 09:35:45,979] {dagbag.py:496} INFO - Filling up the DagBag from /home/airflow/.local/lib/python3.6/site-packages/airflow/example_dags/example_nested_branch_dag.py
[2023-12-28 09:35:45,994] {processor.py:623} INFO - DAG(s) dict_keys(['example_nested_branch_dag']) retrieved from /home/airflow/.local/lib/python3.6/site-packages/airflow/example_dags/example_nested_branch_dag.py
[2023-12-28 09:35:46,019] {logging_mixin.py:109} INFO - [2023-12-28 09:35:46,019] {dag.py:1834} INFO - Sync 1 DAGs
[2023-12-28 09:35:46,037] {logging_mixin.py:109} INFO - [2023-12-28 09:35:46,036] {dag.py:2287} INFO - Setting next_dagrun for example_nested_branch_dag to 2023-12-26 00:00:00+00:00
[2023-12-28 09:35:46,051] {processor.py:170} INFO - Processing /home/airflow/.local/lib/python3.6/site-packages/airflow/example_dags/example_nested_branch_dag.py took 0.076 seconds
[2023-12-28 09:36:17,221] {processor.py:162} INFO - Started process (PID=6841) to work on /home/airflow/.local/lib/python3.6/site-packages/airflow/example_dags/example_nested_branch_dag.py
[2023-12-28 09:36:17,223] {processor.py:613} INFO - Processing file /home/airflow/.local/lib/python3.6/site-packages/airflow/example_dags/example_nested_branch_dag.py for tasks to queue
[2023-12-28 09:36:17,223] {logging_mixin.py:109} INFO - [2023-12-28 09:36:17,223] {dagbag.py:496} INFO - Filling up the DagBag from /home/airflow/.local/lib/python3.6/site-packages/airflow/example_dags/example_nested_branch_dag.py
[2023-12-28 09:36:17,238] {processor.py:623} INFO - DAG(s) dict_keys(['example_nested_branch_dag']) retrieved from /home/airflow/.local/lib/python3.6/site-packages/airflow/example_dags/example_nested_branch_dag.py
[2023-12-28 09:36:17,263] {logging_mixin.py:109} INFO - [2023-12-28 09:36:17,262] {dag.py:1834} INFO - Sync 1 DAGs
[2023-12-28 09:36:17,281] {logging_mixin.py:109} INFO - [2023-12-28 09:36:17,281] {dag.py:2287} INFO - Setting next_dagrun for example_nested_branch_dag to 2023-12-26 00:00:00+00:00
[2023-12-28 09:36:17,295] {processor.py:170} INFO - Processing /home/airflow/.local/lib/python3.6/site-packages/airflow/example_dags/example_nested_branch_dag.py took 0.077 seconds
[2023-12-28 09:36:48,286] {processor.py:162} INFO - Started process (PID=7046) to work on /home/airflow/.local/lib/python3.6/site-packages/airflow/example_dags/example_nested_branch_dag.py
[2023-12-28 09:36:48,291] {processor.py:613} INFO - Processing file /home/airflow/.local/lib/python3.6/site-packages/airflow/example_dags/example_nested_branch_dag.py for tasks to queue
[2023-12-28 09:36:48,294] {logging_mixin.py:109} INFO - [2023-12-28 09:36:48,294] {dagbag.py:496} INFO - Filling up the DagBag from /home/airflow/.local/lib/python3.6/site-packages/airflow/example_dags/example_nested_branch_dag.py
[2023-12-28 09:36:48,326] {processor.py:623} INFO - DAG(s) dict_keys(['example_nested_branch_dag']) retrieved from /home/airflow/.local/lib/python3.6/site-packages/airflow/example_dags/example_nested_branch_dag.py
[2023-12-28 09:36:48,361] {logging_mixin.py:109} INFO - [2023-12-28 09:36:48,361] {dag.py:1834} INFO - Sync 1 DAGs
[2023-12-28 09:36:48,386] {logging_mixin.py:109} INFO - [2023-12-28 09:36:48,386] {dag.py:2287} INFO - Setting next_dagrun for example_nested_branch_dag to 2023-12-26 00:00:00+00:00
[2023-12-28 09:36:48,401] {processor.py:170} INFO - Processing /home/airflow/.local/lib/python3.6/site-packages/airflow/example_dags/example_nested_branch_dag.py took 0.127 seconds
[2023-12-28 09:37:19,348] {processor.py:162} INFO - Started process (PID=7236) to work on /home/airflow/.local/lib/python3.6/site-packages/airflow/example_dags/example_nested_branch_dag.py
[2023-12-28 09:37:19,349] {processor.py:613} INFO - Processing file /home/airflow/.local/lib/python3.6/site-packages/airflow/example_dags/example_nested_branch_dag.py for tasks to queue
[2023-12-28 09:37:19,349] {logging_mixin.py:109} INFO - [2023-12-28 09:37:19,349] {dagbag.py:496} INFO - Filling up the DagBag from /home/airflow/.local/lib/python3.6/site-packages/airflow/example_dags/example_nested_branch_dag.py
[2023-12-28 09:37:19,365] {processor.py:623} INFO - DAG(s) dict_keys(['example_nested_branch_dag']) retrieved from /home/airflow/.local/lib/python3.6/site-packages/airflow/example_dags/example_nested_branch_dag.py
[2023-12-28 09:37:19,387] {logging_mixin.py:109} INFO - [2023-12-28 09:37:19,387] {dag.py:1834} INFO - Sync 1 DAGs
[2023-12-28 09:37:19,407] {logging_mixin.py:109} INFO - [2023-12-28 09:37:19,407] {dag.py:2287} INFO - Setting next_dagrun for example_nested_branch_dag to 2023-12-26 00:00:00+00:00
[2023-12-28 09:37:19,421] {processor.py:170} INFO - Processing /home/airflow/.local/lib/python3.6/site-packages/airflow/example_dags/example_nested_branch_dag.py took 0.076 seconds
[2023-12-28 09:37:50,440] {processor.py:162} INFO - Started process (PID=7445) to work on /home/airflow/.local/lib/python3.6/site-packages/airflow/example_dags/example_nested_branch_dag.py
[2023-12-28 09:37:50,441] {processor.py:613} INFO - Processing file /home/airflow/.local/lib/python3.6/site-packages/airflow/example_dags/example_nested_branch_dag.py for tasks to queue
[2023-12-28 09:37:50,442] {logging_mixin.py:109} INFO - [2023-12-28 09:37:50,442] {dagbag.py:496} INFO - Filling up the DagBag from /home/airflow/.local/lib/python3.6/site-packages/airflow/example_dags/example_nested_branch_dag.py
[2023-12-28 09:37:50,457] {processor.py:623} INFO - DAG(s) dict_keys(['example_nested_branch_dag']) retrieved from /home/airflow/.local/lib/python3.6/site-packages/airflow/example_dags/example_nested_branch_dag.py
[2023-12-28 09:37:50,482] {logging_mixin.py:109} INFO - [2023-12-28 09:37:50,482] {dag.py:1834} INFO - Sync 1 DAGs
[2023-12-28 09:37:50,502] {logging_mixin.py:109} INFO - [2023-12-28 09:37:50,501] {dag.py:2287} INFO - Setting next_dagrun for example_nested_branch_dag to 2023-12-26 00:00:00+00:00
[2023-12-28 09:37:50,516] {processor.py:170} INFO - Processing /home/airflow/.local/lib/python3.6/site-packages/airflow/example_dags/example_nested_branch_dag.py took 0.079 seconds
[2023-12-28 09:38:20,879] {processor.py:162} INFO - Started process (PID=7641) to work on /home/airflow/.local/lib/python3.6/site-packages/airflow/example_dags/example_nested_branch_dag.py
[2023-12-28 09:38:20,880] {processor.py:613} INFO - Processing file /home/airflow/.local/lib/python3.6/site-packages/airflow/example_dags/example_nested_branch_dag.py for tasks to queue
[2023-12-28 09:38:20,881] {logging_mixin.py:109} INFO - [2023-12-28 09:38:20,880] {dagbag.py:496} INFO - Filling up the DagBag from /home/airflow/.local/lib/python3.6/site-packages/airflow/example_dags/example_nested_branch_dag.py
[2023-12-28 09:38:20,898] {processor.py:623} INFO - DAG(s) dict_keys(['example_nested_branch_dag']) retrieved from /home/airflow/.local/lib/python3.6/site-packages/airflow/example_dags/example_nested_branch_dag.py
[2023-12-28 09:38:20,923] {logging_mixin.py:109} INFO - [2023-12-28 09:38:20,923] {dag.py:1834} INFO - Sync 1 DAGs
[2023-12-28 09:38:20,942] {logging_mixin.py:109} INFO - [2023-12-28 09:38:20,942] {dag.py:2287} INFO - Setting next_dagrun for example_nested_branch_dag to 2023-12-26 00:00:00+00:00
[2023-12-28 09:38:20,956] {processor.py:170} INFO - Processing /home/airflow/.local/lib/python3.6/site-packages/airflow/example_dags/example_nested_branch_dag.py took 0.080 seconds
[2023-12-28 09:38:51,779] {processor.py:162} INFO - Started process (PID=7836) to work on /home/airflow/.local/lib/python3.6/site-packages/airflow/example_dags/example_nested_branch_dag.py
[2023-12-28 09:38:51,780] {processor.py:613} INFO - Processing file /home/airflow/.local/lib/python3.6/site-packages/airflow/example_dags/example_nested_branch_dag.py for tasks to queue
[2023-12-28 09:38:51,781] {logging_mixin.py:109} INFO - [2023-12-28 09:38:51,781] {dagbag.py:496} INFO - Filling up the DagBag from /home/airflow/.local/lib/python3.6/site-packages/airflow/example_dags/example_nested_branch_dag.py
[2023-12-28 09:38:51,797] {processor.py:623} INFO - DAG(s) dict_keys(['example_nested_branch_dag']) retrieved from /home/airflow/.local/lib/python3.6/site-packages/airflow/example_dags/example_nested_branch_dag.py
[2023-12-28 09:38:51,823] {logging_mixin.py:109} INFO - [2023-12-28 09:38:51,823] {dag.py:1834} INFO - Sync 1 DAGs
[2023-12-28 09:38:51,845] {logging_mixin.py:109} INFO - [2023-12-28 09:38:51,845] {dag.py:2287} INFO - Setting next_dagrun for example_nested_branch_dag to 2023-12-26 00:00:00+00:00
[2023-12-28 09:38:51,858] {processor.py:170} INFO - Processing /home/airflow/.local/lib/python3.6/site-packages/airflow/example_dags/example_nested_branch_dag.py took 0.083 seconds
[2023-12-28 09:39:22,507] {processor.py:162} INFO - Started process (PID=8041) to work on /home/airflow/.local/lib/python3.6/site-packages/airflow/example_dags/example_nested_branch_dag.py
[2023-12-28 09:39:22,509] {processor.py:613} INFO - Processing file /home/airflow/.local/lib/python3.6/site-packages/airflow/example_dags/example_nested_branch_dag.py for tasks to queue
[2023-12-28 09:39:22,510] {logging_mixin.py:109} INFO - [2023-12-28 09:39:22,509] {dagbag.py:496} INFO - Filling up the DagBag from /home/airflow/.local/lib/python3.6/site-packages/airflow/example_dags/example_nested_branch_dag.py
[2023-12-28 09:39:22,525] {processor.py:623} INFO - DAG(s) dict_keys(['example_nested_branch_dag']) retrieved from /home/airflow/.local/lib/python3.6/site-packages/airflow/example_dags/example_nested_branch_dag.py
[2023-12-28 09:39:22,551] {logging_mixin.py:109} INFO - [2023-12-28 09:39:22,551] {dag.py:1834} INFO - Sync 1 DAGs
[2023-12-28 09:39:22,569] {logging_mixin.py:109} INFO - [2023-12-28 09:39:22,569] {dag.py:2287} INFO - Setting next_dagrun for example_nested_branch_dag to 2023-12-26 00:00:00+00:00
[2023-12-28 09:39:22,581] {processor.py:170} INFO - Processing /home/airflow/.local/lib/python3.6/site-packages/airflow/example_dags/example_nested_branch_dag.py took 0.076 seconds
[2023-12-28 09:39:53,610] {processor.py:162} INFO - Started process (PID=8236) to work on /home/airflow/.local/lib/python3.6/site-packages/airflow/example_dags/example_nested_branch_dag.py
[2023-12-28 09:39:53,612] {processor.py:613} INFO - Processing file /home/airflow/.local/lib/python3.6/site-packages/airflow/example_dags/example_nested_branch_dag.py for tasks to queue
[2023-12-28 09:39:53,613] {logging_mixin.py:109} INFO - [2023-12-28 09:39:53,613] {dagbag.py:496} INFO - Filling up the DagBag from /home/airflow/.local/lib/python3.6/site-packages/airflow/example_dags/example_nested_branch_dag.py
[2023-12-28 09:39:53,630] {processor.py:623} INFO - DAG(s) dict_keys(['example_nested_branch_dag']) retrieved from /home/airflow/.local/lib/python3.6/site-packages/airflow/example_dags/example_nested_branch_dag.py
[2023-12-28 09:39:53,655] {logging_mixin.py:109} INFO - [2023-12-28 09:39:53,655] {dag.py:1834} INFO - Sync 1 DAGs
[2023-12-28 09:39:53,675] {logging_mixin.py:109} INFO - [2023-12-28 09:39:53,675] {dag.py:2287} INFO - Setting next_dagrun for example_nested_branch_dag to 2023-12-26 00:00:00+00:00
[2023-12-28 09:39:53,689] {processor.py:170} INFO - Processing /home/airflow/.local/lib/python3.6/site-packages/airflow/example_dags/example_nested_branch_dag.py took 0.082 seconds
[2023-12-28 09:40:24,159] {processor.py:162} INFO - Started process (PID=8441) to work on /home/airflow/.local/lib/python3.6/site-packages/airflow/example_dags/example_nested_branch_dag.py
[2023-12-28 09:40:24,161] {processor.py:613} INFO - Processing file /home/airflow/.local/lib/python3.6/site-packages/airflow/example_dags/example_nested_branch_dag.py for tasks to queue
[2023-12-28 09:40:24,162] {logging_mixin.py:109} INFO - [2023-12-28 09:40:24,162] {dagbag.py:496} INFO - Filling up the DagBag from /home/airflow/.local/lib/python3.6/site-packages/airflow/example_dags/example_nested_branch_dag.py
[2023-12-28 09:40:24,177] {processor.py:623} INFO - DAG(s) dict_keys(['example_nested_branch_dag']) retrieved from /home/airflow/.local/lib/python3.6/site-packages/airflow/example_dags/example_nested_branch_dag.py
[2023-12-28 09:40:24,203] {logging_mixin.py:109} INFO - [2023-12-28 09:40:24,203] {dag.py:1834} INFO - Sync 1 DAGs
[2023-12-28 09:40:24,222] {logging_mixin.py:109} INFO - [2023-12-28 09:40:24,222] {dag.py:2287} INFO - Setting next_dagrun for example_nested_branch_dag to 2023-12-26 00:00:00+00:00
[2023-12-28 09:40:24,235] {processor.py:170} INFO - Processing /home/airflow/.local/lib/python3.6/site-packages/airflow/example_dags/example_nested_branch_dag.py took 0.079 seconds
