[2023-12-28 09:19:24,250] {processor.py:162} INFO - Started process (PID=296) to work on /home/airflow/.local/lib/python3.6/site-packages/airflow/example_dags/example_branch_datetime_operator.py
[2023-12-28 09:19:24,251] {processor.py:613} INFO - Processing file /home/airflow/.local/lib/python3.6/site-packages/airflow/example_dags/example_branch_datetime_operator.py for tasks to queue
[2023-12-28 09:19:24,252] {logging_mixin.py:109} INFO - [2023-12-28 09:19:24,252] {dagbag.py:496} INFO - Filling up the DagBag from /home/airflow/.local/lib/python3.6/site-packages/airflow/example_dags/example_branch_datetime_operator.py
[2023-12-28 09:19:24,264] {processor.py:623} INFO - DAG(s) dict_keys(['example_branch_datetime_operator_2']) retrieved from /home/airflow/.local/lib/python3.6/site-packages/airflow/example_dags/example_branch_datetime_operator.py
[2023-12-28 09:19:24,503] {logging_mixin.py:109} INFO - [2023-12-28 09:19:24,503] {dag.py:1834} INFO - Sync 1 DAGs
[2023-12-28 09:19:24,520] {logging_mixin.py:109} INFO - [2023-12-28 09:19:24,520] {dag.py:2287} INFO - Setting next_dagrun for example_branch_datetime_operator_2 to 2023-12-26 00:00:00+00:00
[2023-12-28 09:19:24,534] {processor.py:170} INFO - Processing /home/airflow/.local/lib/python3.6/site-packages/airflow/example_dags/example_branch_datetime_operator.py took 0.287 seconds
[2023-12-28 09:19:55,498] {processor.py:162} INFO - Started process (PID=493) to work on /home/airflow/.local/lib/python3.6/site-packages/airflow/example_dags/example_branch_datetime_operator.py
[2023-12-28 09:19:55,500] {processor.py:613} INFO - Processing file /home/airflow/.local/lib/python3.6/site-packages/airflow/example_dags/example_branch_datetime_operator.py for tasks to queue
[2023-12-28 09:19:55,500] {logging_mixin.py:109} INFO - [2023-12-28 09:19:55,500] {dagbag.py:496} INFO - Filling up the DagBag from /home/airflow/.local/lib/python3.6/site-packages/airflow/example_dags/example_branch_datetime_operator.py
[2023-12-28 09:19:55,512] {processor.py:623} INFO - DAG(s) dict_keys(['example_branch_datetime_operator_2']) retrieved from /home/airflow/.local/lib/python3.6/site-packages/airflow/example_dags/example_branch_datetime_operator.py
[2023-12-28 09:19:55,535] {logging_mixin.py:109} INFO - [2023-12-28 09:19:55,535] {dag.py:1834} INFO - Sync 1 DAGs
[2023-12-28 09:19:55,553] {logging_mixin.py:109} INFO - [2023-12-28 09:19:55,553] {dag.py:2287} INFO - Setting next_dagrun for example_branch_datetime_operator_2 to 2023-12-26 00:00:00+00:00
[2023-12-28 09:19:55,567] {processor.py:170} INFO - Processing /home/airflow/.local/lib/python3.6/site-packages/airflow/example_dags/example_branch_datetime_operator.py took 0.071 seconds
[2023-12-28 09:20:26,392] {processor.py:162} INFO - Started process (PID=698) to work on /home/airflow/.local/lib/python3.6/site-packages/airflow/example_dags/example_branch_datetime_operator.py
[2023-12-28 09:20:26,394] {processor.py:613} INFO - Processing file /home/airflow/.local/lib/python3.6/site-packages/airflow/example_dags/example_branch_datetime_operator.py for tasks to queue
[2023-12-28 09:20:26,395] {logging_mixin.py:109} INFO - [2023-12-28 09:20:26,395] {dagbag.py:496} INFO - Filling up the DagBag from /home/airflow/.local/lib/python3.6/site-packages/airflow/example_dags/example_branch_datetime_operator.py
[2023-12-28 09:20:26,413] {processor.py:623} INFO - DAG(s) dict_keys(['example_branch_datetime_operator_2']) retrieved from /home/airflow/.local/lib/python3.6/site-packages/airflow/example_dags/example_branch_datetime_operator.py
[2023-12-28 09:20:26,452] {logging_mixin.py:109} INFO - [2023-12-28 09:20:26,451] {dag.py:1834} INFO - Sync 1 DAGs
[2023-12-28 09:20:26,490] {logging_mixin.py:109} INFO - [2023-12-28 09:20:26,490] {dag.py:2287} INFO - Setting next_dagrun for example_branch_datetime_operator_2 to 2023-12-26 00:00:00+00:00
[2023-12-28 09:20:26,502] {processor.py:170} INFO - Processing /home/airflow/.local/lib/python3.6/site-packages/airflow/example_dags/example_branch_datetime_operator.py took 0.112 seconds
[2023-12-28 09:20:56,926] {processor.py:162} INFO - Started process (PID=893) to work on /home/airflow/.local/lib/python3.6/site-packages/airflow/example_dags/example_branch_datetime_operator.py
[2023-12-28 09:20:56,927] {processor.py:613} INFO - Processing file /home/airflow/.local/lib/python3.6/site-packages/airflow/example_dags/example_branch_datetime_operator.py for tasks to queue
[2023-12-28 09:20:56,928] {logging_mixin.py:109} INFO - [2023-12-28 09:20:56,928] {dagbag.py:496} INFO - Filling up the DagBag from /home/airflow/.local/lib/python3.6/site-packages/airflow/example_dags/example_branch_datetime_operator.py
[2023-12-28 09:20:56,943] {processor.py:623} INFO - DAG(s) dict_keys(['example_branch_datetime_operator_2']) retrieved from /home/airflow/.local/lib/python3.6/site-packages/airflow/example_dags/example_branch_datetime_operator.py
[2023-12-28 09:20:56,971] {logging_mixin.py:109} INFO - [2023-12-28 09:20:56,971] {dag.py:1834} INFO - Sync 1 DAGs
[2023-12-28 09:20:56,993] {logging_mixin.py:109} INFO - [2023-12-28 09:20:56,992] {dag.py:2287} INFO - Setting next_dagrun for example_branch_datetime_operator_2 to 2023-12-26 00:00:00+00:00
[2023-12-28 09:20:57,009] {processor.py:170} INFO - Processing /home/airflow/.local/lib/python3.6/site-packages/airflow/example_dags/example_branch_datetime_operator.py took 0.086 seconds
[2023-12-28 09:21:27,803] {processor.py:162} INFO - Started process (PID=1098) to work on /home/airflow/.local/lib/python3.6/site-packages/airflow/example_dags/example_branch_datetime_operator.py
[2023-12-28 09:21:27,805] {processor.py:613} INFO - Processing file /home/airflow/.local/lib/python3.6/site-packages/airflow/example_dags/example_branch_datetime_operator.py for tasks to queue
[2023-12-28 09:21:27,806] {logging_mixin.py:109} INFO - [2023-12-28 09:21:27,805] {dagbag.py:496} INFO - Filling up the DagBag from /home/airflow/.local/lib/python3.6/site-packages/airflow/example_dags/example_branch_datetime_operator.py
[2023-12-28 09:21:27,819] {processor.py:623} INFO - DAG(s) dict_keys(['example_branch_datetime_operator_2']) retrieved from /home/airflow/.local/lib/python3.6/site-packages/airflow/example_dags/example_branch_datetime_operator.py
[2023-12-28 09:21:27,846] {logging_mixin.py:109} INFO - [2023-12-28 09:21:27,846] {dag.py:1834} INFO - Sync 1 DAGs
[2023-12-28 09:21:27,866] {logging_mixin.py:109} INFO - [2023-12-28 09:21:27,866] {dag.py:2287} INFO - Setting next_dagrun for example_branch_datetime_operator_2 to 2023-12-26 00:00:00+00:00
[2023-12-28 09:21:27,881] {processor.py:170} INFO - Processing /home/airflow/.local/lib/python3.6/site-packages/airflow/example_dags/example_branch_datetime_operator.py took 0.082 seconds
[2023-12-28 09:21:58,656] {processor.py:162} INFO - Started process (PID=1293) to work on /home/airflow/.local/lib/python3.6/site-packages/airflow/example_dags/example_branch_datetime_operator.py
[2023-12-28 09:21:58,658] {processor.py:613} INFO - Processing file /home/airflow/.local/lib/python3.6/site-packages/airflow/example_dags/example_branch_datetime_operator.py for tasks to queue
[2023-12-28 09:21:58,660] {logging_mixin.py:109} INFO - [2023-12-28 09:21:58,659] {dagbag.py:496} INFO - Filling up the DagBag from /home/airflow/.local/lib/python3.6/site-packages/airflow/example_dags/example_branch_datetime_operator.py
[2023-12-28 09:21:58,672] {processor.py:623} INFO - DAG(s) dict_keys(['example_branch_datetime_operator_2']) retrieved from /home/airflow/.local/lib/python3.6/site-packages/airflow/example_dags/example_branch_datetime_operator.py
[2023-12-28 09:21:58,702] {logging_mixin.py:109} INFO - [2023-12-28 09:21:58,702] {dag.py:1834} INFO - Sync 1 DAGs
[2023-12-28 09:21:58,724] {logging_mixin.py:109} INFO - [2023-12-28 09:21:58,724] {dag.py:2287} INFO - Setting next_dagrun for example_branch_datetime_operator_2 to 2023-12-26 00:00:00+00:00
[2023-12-28 09:21:58,741] {processor.py:170} INFO - Processing /home/airflow/.local/lib/python3.6/site-packages/airflow/example_dags/example_branch_datetime_operator.py took 0.090 seconds
[2023-12-28 09:22:29,040] {processor.py:162} INFO - Started process (PID=1497) to work on /home/airflow/.local/lib/python3.6/site-packages/airflow/example_dags/example_branch_datetime_operator.py
[2023-12-28 09:22:29,042] {processor.py:613} INFO - Processing file /home/airflow/.local/lib/python3.6/site-packages/airflow/example_dags/example_branch_datetime_operator.py for tasks to queue
[2023-12-28 09:22:29,043] {logging_mixin.py:109} INFO - [2023-12-28 09:22:29,042] {dagbag.py:496} INFO - Filling up the DagBag from /home/airflow/.local/lib/python3.6/site-packages/airflow/example_dags/example_branch_datetime_operator.py
[2023-12-28 09:22:29,056] {processor.py:623} INFO - DAG(s) dict_keys(['example_branch_datetime_operator_2']) retrieved from /home/airflow/.local/lib/python3.6/site-packages/airflow/example_dags/example_branch_datetime_operator.py
[2023-12-28 09:22:29,081] {logging_mixin.py:109} INFO - [2023-12-28 09:22:29,081] {dag.py:1834} INFO - Sync 1 DAGs
[2023-12-28 09:22:29,103] {logging_mixin.py:109} INFO - [2023-12-28 09:22:29,103] {dag.py:2287} INFO - Setting next_dagrun for example_branch_datetime_operator_2 to 2023-12-26 00:00:00+00:00
[2023-12-28 09:22:29,117] {processor.py:170} INFO - Processing /home/airflow/.local/lib/python3.6/site-packages/airflow/example_dags/example_branch_datetime_operator.py took 0.081 seconds
[2023-12-28 09:22:59,573] {processor.py:162} INFO - Started process (PID=1693) to work on /home/airflow/.local/lib/python3.6/site-packages/airflow/example_dags/example_branch_datetime_operator.py
[2023-12-28 09:22:59,574] {processor.py:613} INFO - Processing file /home/airflow/.local/lib/python3.6/site-packages/airflow/example_dags/example_branch_datetime_operator.py for tasks to queue
[2023-12-28 09:22:59,575] {logging_mixin.py:109} INFO - [2023-12-28 09:22:59,575] {dagbag.py:496} INFO - Filling up the DagBag from /home/airflow/.local/lib/python3.6/site-packages/airflow/example_dags/example_branch_datetime_operator.py
[2023-12-28 09:22:59,587] {processor.py:623} INFO - DAG(s) dict_keys(['example_branch_datetime_operator_2']) retrieved from /home/airflow/.local/lib/python3.6/site-packages/airflow/example_dags/example_branch_datetime_operator.py
[2023-12-28 09:22:59,615] {logging_mixin.py:109} INFO - [2023-12-28 09:22:59,614] {dag.py:1834} INFO - Sync 1 DAGs
[2023-12-28 09:22:59,632] {logging_mixin.py:109} INFO - [2023-12-28 09:22:59,632] {dag.py:2287} INFO - Setting next_dagrun for example_branch_datetime_operator_2 to 2023-12-26 00:00:00+00:00
[2023-12-28 09:22:59,645] {processor.py:170} INFO - Processing /home/airflow/.local/lib/python3.6/site-packages/airflow/example_dags/example_branch_datetime_operator.py took 0.075 seconds
[2023-12-28 09:23:29,847] {processor.py:162} INFO - Started process (PID=1886) to work on /home/airflow/.local/lib/python3.6/site-packages/airflow/example_dags/example_branch_datetime_operator.py
[2023-12-28 09:23:29,850] {processor.py:613} INFO - Processing file /home/airflow/.local/lib/python3.6/site-packages/airflow/example_dags/example_branch_datetime_operator.py for tasks to queue
[2023-12-28 09:23:29,851] {logging_mixin.py:109} INFO - [2023-12-28 09:23:29,851] {dagbag.py:496} INFO - Filling up the DagBag from /home/airflow/.local/lib/python3.6/site-packages/airflow/example_dags/example_branch_datetime_operator.py
[2023-12-28 09:23:29,864] {processor.py:623} INFO - DAG(s) dict_keys(['example_branch_datetime_operator_2']) retrieved from /home/airflow/.local/lib/python3.6/site-packages/airflow/example_dags/example_branch_datetime_operator.py
[2023-12-28 09:23:29,893] {logging_mixin.py:109} INFO - [2023-12-28 09:23:29,892] {dag.py:1834} INFO - Sync 1 DAGs
[2023-12-28 09:23:29,914] {logging_mixin.py:109} INFO - [2023-12-28 09:23:29,914] {dag.py:2287} INFO - Setting next_dagrun for example_branch_datetime_operator_2 to 2023-12-26 00:00:00+00:00
[2023-12-28 09:23:29,931] {processor.py:170} INFO - Processing /home/airflow/.local/lib/python3.6/site-packages/airflow/example_dags/example_branch_datetime_operator.py took 0.088 seconds
[2023-12-28 09:24:00,189] {processor.py:162} INFO - Started process (PID=2073) to work on /home/airflow/.local/lib/python3.6/site-packages/airflow/example_dags/example_branch_datetime_operator.py
[2023-12-28 09:24:00,190] {processor.py:613} INFO - Processing file /home/airflow/.local/lib/python3.6/site-packages/airflow/example_dags/example_branch_datetime_operator.py for tasks to queue
[2023-12-28 09:24:00,191] {logging_mixin.py:109} INFO - [2023-12-28 09:24:00,191] {dagbag.py:496} INFO - Filling up the DagBag from /home/airflow/.local/lib/python3.6/site-packages/airflow/example_dags/example_branch_datetime_operator.py
[2023-12-28 09:24:00,204] {processor.py:623} INFO - DAG(s) dict_keys(['example_branch_datetime_operator_2']) retrieved from /home/airflow/.local/lib/python3.6/site-packages/airflow/example_dags/example_branch_datetime_operator.py
[2023-12-28 09:24:00,231] {logging_mixin.py:109} INFO - [2023-12-28 09:24:00,231] {dag.py:1834} INFO - Sync 1 DAGs
[2023-12-28 09:24:00,252] {logging_mixin.py:109} INFO - [2023-12-28 09:24:00,251] {dag.py:2287} INFO - Setting next_dagrun for example_branch_datetime_operator_2 to 2023-12-26 00:00:00+00:00
[2023-12-28 09:24:00,271] {processor.py:170} INFO - Processing /home/airflow/.local/lib/python3.6/site-packages/airflow/example_dags/example_branch_datetime_operator.py took 0.085 seconds
[2023-12-28 09:24:30,703] {processor.py:162} INFO - Started process (PID=2265) to work on /home/airflow/.local/lib/python3.6/site-packages/airflow/example_dags/example_branch_datetime_operator.py
[2023-12-28 09:24:30,705] {processor.py:613} INFO - Processing file /home/airflow/.local/lib/python3.6/site-packages/airflow/example_dags/example_branch_datetime_operator.py for tasks to queue
[2023-12-28 09:24:30,706] {logging_mixin.py:109} INFO - [2023-12-28 09:24:30,706] {dagbag.py:496} INFO - Filling up the DagBag from /home/airflow/.local/lib/python3.6/site-packages/airflow/example_dags/example_branch_datetime_operator.py
[2023-12-28 09:24:30,719] {processor.py:623} INFO - DAG(s) dict_keys(['example_branch_datetime_operator_2']) retrieved from /home/airflow/.local/lib/python3.6/site-packages/airflow/example_dags/example_branch_datetime_operator.py
[2023-12-28 09:24:30,747] {logging_mixin.py:109} INFO - [2023-12-28 09:24:30,747] {dag.py:1834} INFO - Sync 1 DAGs
[2023-12-28 09:24:30,770] {logging_mixin.py:109} INFO - [2023-12-28 09:24:30,769] {dag.py:2287} INFO - Setting next_dagrun for example_branch_datetime_operator_2 to 2023-12-26 00:00:00+00:00
[2023-12-28 09:24:30,788] {processor.py:170} INFO - Processing /home/airflow/.local/lib/python3.6/site-packages/airflow/example_dags/example_branch_datetime_operator.py took 0.088 seconds
[2023-12-28 09:25:01,215] {processor.py:162} INFO - Started process (PID=2470) to work on /home/airflow/.local/lib/python3.6/site-packages/airflow/example_dags/example_branch_datetime_operator.py
[2023-12-28 09:25:01,216] {processor.py:613} INFO - Processing file /home/airflow/.local/lib/python3.6/site-packages/airflow/example_dags/example_branch_datetime_operator.py for tasks to queue
[2023-12-28 09:25:01,217] {logging_mixin.py:109} INFO - [2023-12-28 09:25:01,217] {dagbag.py:496} INFO - Filling up the DagBag from /home/airflow/.local/lib/python3.6/site-packages/airflow/example_dags/example_branch_datetime_operator.py
[2023-12-28 09:25:01,228] {processor.py:623} INFO - DAG(s) dict_keys(['example_branch_datetime_operator_2']) retrieved from /home/airflow/.local/lib/python3.6/site-packages/airflow/example_dags/example_branch_datetime_operator.py
[2023-12-28 09:25:01,251] {logging_mixin.py:109} INFO - [2023-12-28 09:25:01,251] {dag.py:1834} INFO - Sync 1 DAGs
[2023-12-28 09:25:01,269] {logging_mixin.py:109} INFO - [2023-12-28 09:25:01,268] {dag.py:2287} INFO - Setting next_dagrun for example_branch_datetime_operator_2 to 2023-12-26 00:00:00+00:00
[2023-12-28 09:25:01,283] {processor.py:170} INFO - Processing /home/airflow/.local/lib/python3.6/site-packages/airflow/example_dags/example_branch_datetime_operator.py took 0.070 seconds
[2023-12-28 09:25:31,595] {processor.py:162} INFO - Started process (PID=2665) to work on /home/airflow/.local/lib/python3.6/site-packages/airflow/example_dags/example_branch_datetime_operator.py
[2023-12-28 09:25:31,597] {processor.py:613} INFO - Processing file /home/airflow/.local/lib/python3.6/site-packages/airflow/example_dags/example_branch_datetime_operator.py for tasks to queue
[2023-12-28 09:25:31,599] {logging_mixin.py:109} INFO - [2023-12-28 09:25:31,598] {dagbag.py:496} INFO - Filling up the DagBag from /home/airflow/.local/lib/python3.6/site-packages/airflow/example_dags/example_branch_datetime_operator.py
[2023-12-28 09:25:31,612] {processor.py:623} INFO - DAG(s) dict_keys(['example_branch_datetime_operator_2']) retrieved from /home/airflow/.local/lib/python3.6/site-packages/airflow/example_dags/example_branch_datetime_operator.py
[2023-12-28 09:25:31,641] {logging_mixin.py:109} INFO - [2023-12-28 09:25:31,640] {dag.py:1834} INFO - Sync 1 DAGs
[2023-12-28 09:25:31,661] {logging_mixin.py:109} INFO - [2023-12-28 09:25:31,661] {dag.py:2287} INFO - Setting next_dagrun for example_branch_datetime_operator_2 to 2023-12-26 00:00:00+00:00
[2023-12-28 09:25:31,679] {processor.py:170} INFO - Processing /home/airflow/.local/lib/python3.6/site-packages/airflow/example_dags/example_branch_datetime_operator.py took 0.089 seconds
[2023-12-28 09:26:02,094] {processor.py:162} INFO - Started process (PID=2860) to work on /home/airflow/.local/lib/python3.6/site-packages/airflow/example_dags/example_branch_datetime_operator.py
[2023-12-28 09:26:02,096] {processor.py:613} INFO - Processing file /home/airflow/.local/lib/python3.6/site-packages/airflow/example_dags/example_branch_datetime_operator.py for tasks to queue
[2023-12-28 09:26:02,097] {logging_mixin.py:109} INFO - [2023-12-28 09:26:02,096] {dagbag.py:496} INFO - Filling up the DagBag from /home/airflow/.local/lib/python3.6/site-packages/airflow/example_dags/example_branch_datetime_operator.py
[2023-12-28 09:26:02,110] {processor.py:623} INFO - DAG(s) dict_keys(['example_branch_datetime_operator_2']) retrieved from /home/airflow/.local/lib/python3.6/site-packages/airflow/example_dags/example_branch_datetime_operator.py
[2023-12-28 09:26:02,139] {logging_mixin.py:109} INFO - [2023-12-28 09:26:02,139] {dag.py:1834} INFO - Sync 1 DAGs
[2023-12-28 09:26:02,162] {logging_mixin.py:109} INFO - [2023-12-28 09:26:02,161] {dag.py:2287} INFO - Setting next_dagrun for example_branch_datetime_operator_2 to 2023-12-26 00:00:00+00:00
[2023-12-28 09:26:02,179] {processor.py:170} INFO - Processing /home/airflow/.local/lib/python3.6/site-packages/airflow/example_dags/example_branch_datetime_operator.py took 0.089 seconds
[2023-12-28 09:26:32,467] {processor.py:162} INFO - Started process (PID=3065) to work on /home/airflow/.local/lib/python3.6/site-packages/airflow/example_dags/example_branch_datetime_operator.py
[2023-12-28 09:26:32,475] {processor.py:613} INFO - Processing file /home/airflow/.local/lib/python3.6/site-packages/airflow/example_dags/example_branch_datetime_operator.py for tasks to queue
[2023-12-28 09:26:32,476] {logging_mixin.py:109} INFO - [2023-12-28 09:26:32,476] {dagbag.py:496} INFO - Filling up the DagBag from /home/airflow/.local/lib/python3.6/site-packages/airflow/example_dags/example_branch_datetime_operator.py
[2023-12-28 09:26:32,489] {processor.py:623} INFO - DAG(s) dict_keys(['example_branch_datetime_operator_2']) retrieved from /home/airflow/.local/lib/python3.6/site-packages/airflow/example_dags/example_branch_datetime_operator.py
[2023-12-28 09:26:32,517] {logging_mixin.py:109} INFO - [2023-12-28 09:26:32,517] {dag.py:1834} INFO - Sync 1 DAGs
[2023-12-28 09:26:32,539] {logging_mixin.py:109} INFO - [2023-12-28 09:26:32,539] {dag.py:2287} INFO - Setting next_dagrun for example_branch_datetime_operator_2 to 2023-12-26 00:00:00+00:00
[2023-12-28 09:26:32,556] {processor.py:170} INFO - Processing /home/airflow/.local/lib/python3.6/site-packages/airflow/example_dags/example_branch_datetime_operator.py took 0.092 seconds
[2023-12-28 09:27:02,860] {processor.py:162} INFO - Started process (PID=3260) to work on /home/airflow/.local/lib/python3.6/site-packages/airflow/example_dags/example_branch_datetime_operator.py
[2023-12-28 09:27:02,863] {processor.py:613} INFO - Processing file /home/airflow/.local/lib/python3.6/site-packages/airflow/example_dags/example_branch_datetime_operator.py for tasks to queue
[2023-12-28 09:27:02,863] {logging_mixin.py:109} INFO - [2023-12-28 09:27:02,863] {dagbag.py:496} INFO - Filling up the DagBag from /home/airflow/.local/lib/python3.6/site-packages/airflow/example_dags/example_branch_datetime_operator.py
[2023-12-28 09:27:02,877] {processor.py:623} INFO - DAG(s) dict_keys(['example_branch_datetime_operator_2']) retrieved from /home/airflow/.local/lib/python3.6/site-packages/airflow/example_dags/example_branch_datetime_operator.py
[2023-12-28 09:27:02,905] {logging_mixin.py:109} INFO - [2023-12-28 09:27:02,905] {dag.py:1834} INFO - Sync 1 DAGs
[2023-12-28 09:27:02,928] {logging_mixin.py:109} INFO - [2023-12-28 09:27:02,927] {dag.py:2287} INFO - Setting next_dagrun for example_branch_datetime_operator_2 to 2023-12-26 00:00:00+00:00
[2023-12-28 09:27:02,946] {processor.py:170} INFO - Processing /home/airflow/.local/lib/python3.6/site-packages/airflow/example_dags/example_branch_datetime_operator.py took 0.090 seconds
[2023-12-28 09:27:33,241] {processor.py:162} INFO - Started process (PID=3465) to work on /home/airflow/.local/lib/python3.6/site-packages/airflow/example_dags/example_branch_datetime_operator.py
[2023-12-28 09:27:33,243] {processor.py:613} INFO - Processing file /home/airflow/.local/lib/python3.6/site-packages/airflow/example_dags/example_branch_datetime_operator.py for tasks to queue
[2023-12-28 09:27:33,244] {logging_mixin.py:109} INFO - [2023-12-28 09:27:33,243] {dagbag.py:496} INFO - Filling up the DagBag from /home/airflow/.local/lib/python3.6/site-packages/airflow/example_dags/example_branch_datetime_operator.py
[2023-12-28 09:27:33,257] {processor.py:623} INFO - DAG(s) dict_keys(['example_branch_datetime_operator_2']) retrieved from /home/airflow/.local/lib/python3.6/site-packages/airflow/example_dags/example_branch_datetime_operator.py
[2023-12-28 09:27:33,281] {logging_mixin.py:109} INFO - [2023-12-28 09:27:33,281] {dag.py:1834} INFO - Sync 1 DAGs
[2023-12-28 09:27:33,301] {logging_mixin.py:109} INFO - [2023-12-28 09:27:33,301] {dag.py:2287} INFO - Setting next_dagrun for example_branch_datetime_operator_2 to 2023-12-26 00:00:00+00:00
[2023-12-28 09:27:33,315] {processor.py:170} INFO - Processing /home/airflow/.local/lib/python3.6/site-packages/airflow/example_dags/example_branch_datetime_operator.py took 0.077 seconds
[2023-12-28 09:28:03,407] {processor.py:162} INFO - Started process (PID=3656) to work on /home/airflow/.local/lib/python3.6/site-packages/airflow/example_dags/example_branch_datetime_operator.py
[2023-12-28 09:28:03,410] {processor.py:613} INFO - Processing file /home/airflow/.local/lib/python3.6/site-packages/airflow/example_dags/example_branch_datetime_operator.py for tasks to queue
[2023-12-28 09:28:03,412] {logging_mixin.py:109} INFO - [2023-12-28 09:28:03,412] {dagbag.py:496} INFO - Filling up the DagBag from /home/airflow/.local/lib/python3.6/site-packages/airflow/example_dags/example_branch_datetime_operator.py
[2023-12-28 09:28:03,432] {processor.py:623} INFO - DAG(s) dict_keys(['example_branch_datetime_operator_2']) retrieved from /home/airflow/.local/lib/python3.6/site-packages/airflow/example_dags/example_branch_datetime_operator.py
[2023-12-28 09:28:03,461] {logging_mixin.py:109} INFO - [2023-12-28 09:28:03,461] {dag.py:1834} INFO - Sync 1 DAGs
[2023-12-28 09:28:03,502] {logging_mixin.py:109} INFO - [2023-12-28 09:28:03,502] {dag.py:2287} INFO - Setting next_dagrun for example_branch_datetime_operator_2 to 2023-12-26 00:00:00+00:00
[2023-12-28 09:28:03,528] {processor.py:170} INFO - Processing /home/airflow/.local/lib/python3.6/site-packages/airflow/example_dags/example_branch_datetime_operator.py took 0.126 seconds
[2023-12-28 09:28:34,105] {processor.py:162} INFO - Started process (PID=3860) to work on /home/airflow/.local/lib/python3.6/site-packages/airflow/example_dags/example_branch_datetime_operator.py
[2023-12-28 09:28:34,107] {processor.py:613} INFO - Processing file /home/airflow/.local/lib/python3.6/site-packages/airflow/example_dags/example_branch_datetime_operator.py for tasks to queue
[2023-12-28 09:28:34,108] {logging_mixin.py:109} INFO - [2023-12-28 09:28:34,107] {dagbag.py:496} INFO - Filling up the DagBag from /home/airflow/.local/lib/python3.6/site-packages/airflow/example_dags/example_branch_datetime_operator.py
[2023-12-28 09:28:34,122] {processor.py:623} INFO - DAG(s) dict_keys(['example_branch_datetime_operator_2']) retrieved from /home/airflow/.local/lib/python3.6/site-packages/airflow/example_dags/example_branch_datetime_operator.py
[2023-12-28 09:28:34,150] {logging_mixin.py:109} INFO - [2023-12-28 09:28:34,150] {dag.py:1834} INFO - Sync 1 DAGs
[2023-12-28 09:28:34,173] {logging_mixin.py:109} INFO - [2023-12-28 09:28:34,172] {dag.py:2287} INFO - Setting next_dagrun for example_branch_datetime_operator_2 to 2023-12-26 00:00:00+00:00
[2023-12-28 09:28:34,189] {processor.py:170} INFO - Processing /home/airflow/.local/lib/python3.6/site-packages/airflow/example_dags/example_branch_datetime_operator.py took 0.088 seconds
[2023-12-28 09:29:04,513] {processor.py:162} INFO - Started process (PID=4056) to work on /home/airflow/.local/lib/python3.6/site-packages/airflow/example_dags/example_branch_datetime_operator.py
[2023-12-28 09:29:04,514] {processor.py:613} INFO - Processing file /home/airflow/.local/lib/python3.6/site-packages/airflow/example_dags/example_branch_datetime_operator.py for tasks to queue
[2023-12-28 09:29:04,515] {logging_mixin.py:109} INFO - [2023-12-28 09:29:04,515] {dagbag.py:496} INFO - Filling up the DagBag from /home/airflow/.local/lib/python3.6/site-packages/airflow/example_dags/example_branch_datetime_operator.py
[2023-12-28 09:29:04,528] {processor.py:623} INFO - DAG(s) dict_keys(['example_branch_datetime_operator_2']) retrieved from /home/airflow/.local/lib/python3.6/site-packages/airflow/example_dags/example_branch_datetime_operator.py
[2023-12-28 09:29:04,552] {logging_mixin.py:109} INFO - [2023-12-28 09:29:04,552] {dag.py:1834} INFO - Sync 1 DAGs
[2023-12-28 09:29:04,571] {logging_mixin.py:109} INFO - [2023-12-28 09:29:04,571] {dag.py:2287} INFO - Setting next_dagrun for example_branch_datetime_operator_2 to 2023-12-26 00:00:00+00:00
[2023-12-28 09:29:04,583] {processor.py:170} INFO - Processing /home/airflow/.local/lib/python3.6/site-packages/airflow/example_dags/example_branch_datetime_operator.py took 0.072 seconds
[2023-12-28 09:29:35,043] {processor.py:162} INFO - Started process (PID=4251) to work on /home/airflow/.local/lib/python3.6/site-packages/airflow/example_dags/example_branch_datetime_operator.py
[2023-12-28 09:29:35,045] {processor.py:613} INFO - Processing file /home/airflow/.local/lib/python3.6/site-packages/airflow/example_dags/example_branch_datetime_operator.py for tasks to queue
[2023-12-28 09:29:35,046] {logging_mixin.py:109} INFO - [2023-12-28 09:29:35,046] {dagbag.py:496} INFO - Filling up the DagBag from /home/airflow/.local/lib/python3.6/site-packages/airflow/example_dags/example_branch_datetime_operator.py
[2023-12-28 09:29:35,062] {processor.py:623} INFO - DAG(s) dict_keys(['example_branch_datetime_operator_2']) retrieved from /home/airflow/.local/lib/python3.6/site-packages/airflow/example_dags/example_branch_datetime_operator.py
[2023-12-28 09:29:35,096] {logging_mixin.py:109} INFO - [2023-12-28 09:29:35,095] {dag.py:1834} INFO - Sync 1 DAGs
[2023-12-28 09:29:35,117] {logging_mixin.py:109} INFO - [2023-12-28 09:29:35,117] {dag.py:2287} INFO - Setting next_dagrun for example_branch_datetime_operator_2 to 2023-12-26 00:00:00+00:00
[2023-12-28 09:29:35,133] {processor.py:170} INFO - Processing /home/airflow/.local/lib/python3.6/site-packages/airflow/example_dags/example_branch_datetime_operator.py took 0.093 seconds
[2023-12-28 09:30:06,615] {processor.py:162} INFO - Started process (PID=4461) to work on /home/airflow/.local/lib/python3.6/site-packages/airflow/example_dags/example_branch_datetime_operator.py
[2023-12-28 09:30:06,616] {processor.py:613} INFO - Processing file /home/airflow/.local/lib/python3.6/site-packages/airflow/example_dags/example_branch_datetime_operator.py for tasks to queue
[2023-12-28 09:30:06,618] {logging_mixin.py:109} INFO - [2023-12-28 09:30:06,617] {dagbag.py:496} INFO - Filling up the DagBag from /home/airflow/.local/lib/python3.6/site-packages/airflow/example_dags/example_branch_datetime_operator.py
[2023-12-28 09:30:06,634] {processor.py:623} INFO - DAG(s) dict_keys(['example_branch_datetime_operator_2']) retrieved from /home/airflow/.local/lib/python3.6/site-packages/airflow/example_dags/example_branch_datetime_operator.py
[2023-12-28 09:30:06,667] {logging_mixin.py:109} INFO - [2023-12-28 09:30:06,667] {dag.py:1834} INFO - Sync 1 DAGs
[2023-12-28 09:30:06,691] {logging_mixin.py:109} INFO - [2023-12-28 09:30:06,691] {dag.py:2287} INFO - Setting next_dagrun for example_branch_datetime_operator_2 to 2023-12-26 00:00:00+00:00
[2023-12-28 09:30:06,708] {processor.py:170} INFO - Processing /home/airflow/.local/lib/python3.6/site-packages/airflow/example_dags/example_branch_datetime_operator.py took 0.097 seconds
[2023-12-28 09:30:37,932] {processor.py:162} INFO - Started process (PID=4656) to work on /home/airflow/.local/lib/python3.6/site-packages/airflow/example_dags/example_branch_datetime_operator.py
[2023-12-28 09:30:37,934] {processor.py:613} INFO - Processing file /home/airflow/.local/lib/python3.6/site-packages/airflow/example_dags/example_branch_datetime_operator.py for tasks to queue
[2023-12-28 09:30:37,935] {logging_mixin.py:109} INFO - [2023-12-28 09:30:37,935] {dagbag.py:496} INFO - Filling up the DagBag from /home/airflow/.local/lib/python3.6/site-packages/airflow/example_dags/example_branch_datetime_operator.py
[2023-12-28 09:30:37,950] {processor.py:623} INFO - DAG(s) dict_keys(['example_branch_datetime_operator_2']) retrieved from /home/airflow/.local/lib/python3.6/site-packages/airflow/example_dags/example_branch_datetime_operator.py
[2023-12-28 09:30:37,980] {logging_mixin.py:109} INFO - [2023-12-28 09:30:37,979] {dag.py:1834} INFO - Sync 1 DAGs
[2023-12-28 09:30:38,002] {logging_mixin.py:109} INFO - [2023-12-28 09:30:38,002] {dag.py:2287} INFO - Setting next_dagrun for example_branch_datetime_operator_2 to 2023-12-26 00:00:00+00:00
[2023-12-28 09:30:38,019] {processor.py:170} INFO - Processing /home/airflow/.local/lib/python3.6/site-packages/airflow/example_dags/example_branch_datetime_operator.py took 0.090 seconds
[2023-12-28 09:31:08,549] {processor.py:162} INFO - Started process (PID=4861) to work on /home/airflow/.local/lib/python3.6/site-packages/airflow/example_dags/example_branch_datetime_operator.py
[2023-12-28 09:31:08,550] {processor.py:613} INFO - Processing file /home/airflow/.local/lib/python3.6/site-packages/airflow/example_dags/example_branch_datetime_operator.py for tasks to queue
[2023-12-28 09:31:08,551] {logging_mixin.py:109} INFO - [2023-12-28 09:31:08,551] {dagbag.py:496} INFO - Filling up the DagBag from /home/airflow/.local/lib/python3.6/site-packages/airflow/example_dags/example_branch_datetime_operator.py
[2023-12-28 09:31:08,565] {processor.py:623} INFO - DAG(s) dict_keys(['example_branch_datetime_operator_2']) retrieved from /home/airflow/.local/lib/python3.6/site-packages/airflow/example_dags/example_branch_datetime_operator.py
[2023-12-28 09:31:08,589] {logging_mixin.py:109} INFO - [2023-12-28 09:31:08,589] {dag.py:1834} INFO - Sync 1 DAGs
[2023-12-28 09:31:08,608] {logging_mixin.py:109} INFO - [2023-12-28 09:31:08,608] {dag.py:2287} INFO - Setting next_dagrun for example_branch_datetime_operator_2 to 2023-12-26 00:00:00+00:00
[2023-12-28 09:31:08,634] {processor.py:170} INFO - Processing /home/airflow/.local/lib/python3.6/site-packages/airflow/example_dags/example_branch_datetime_operator.py took 0.088 seconds
[2023-12-28 09:31:39,590] {processor.py:162} INFO - Started process (PID=5056) to work on /home/airflow/.local/lib/python3.6/site-packages/airflow/example_dags/example_branch_datetime_operator.py
[2023-12-28 09:31:39,593] {processor.py:613} INFO - Processing file /home/airflow/.local/lib/python3.6/site-packages/airflow/example_dags/example_branch_datetime_operator.py for tasks to queue
[2023-12-28 09:31:39,594] {logging_mixin.py:109} INFO - [2023-12-28 09:31:39,594] {dagbag.py:496} INFO - Filling up the DagBag from /home/airflow/.local/lib/python3.6/site-packages/airflow/example_dags/example_branch_datetime_operator.py
[2023-12-28 09:31:39,609] {processor.py:623} INFO - DAG(s) dict_keys(['example_branch_datetime_operator_2']) retrieved from /home/airflow/.local/lib/python3.6/site-packages/airflow/example_dags/example_branch_datetime_operator.py
[2023-12-28 09:31:39,642] {logging_mixin.py:109} INFO - [2023-12-28 09:31:39,642] {dag.py:1834} INFO - Sync 1 DAGs
[2023-12-28 09:31:39,664] {logging_mixin.py:109} INFO - [2023-12-28 09:31:39,664] {dag.py:2287} INFO - Setting next_dagrun for example_branch_datetime_operator_2 to 2023-12-26 00:00:00+00:00
[2023-12-28 09:31:39,680] {processor.py:170} INFO - Processing /home/airflow/.local/lib/python3.6/site-packages/airflow/example_dags/example_branch_datetime_operator.py took 0.093 seconds
[2023-12-28 09:32:10,760] {processor.py:162} INFO - Started process (PID=5263) to work on /home/airflow/.local/lib/python3.6/site-packages/airflow/example_dags/example_branch_datetime_operator.py
[2023-12-28 09:32:10,762] {processor.py:613} INFO - Processing file /home/airflow/.local/lib/python3.6/site-packages/airflow/example_dags/example_branch_datetime_operator.py for tasks to queue
[2023-12-28 09:32:10,763] {logging_mixin.py:109} INFO - [2023-12-28 09:32:10,763] {dagbag.py:496} INFO - Filling up the DagBag from /home/airflow/.local/lib/python3.6/site-packages/airflow/example_dags/example_branch_datetime_operator.py
[2023-12-28 09:32:10,778] {processor.py:623} INFO - DAG(s) dict_keys(['example_branch_datetime_operator_2']) retrieved from /home/airflow/.local/lib/python3.6/site-packages/airflow/example_dags/example_branch_datetime_operator.py
[2023-12-28 09:32:10,804] {logging_mixin.py:109} INFO - [2023-12-28 09:32:10,804] {dag.py:1834} INFO - Sync 1 DAGs
[2023-12-28 09:32:10,824] {logging_mixin.py:109} INFO - [2023-12-28 09:32:10,823] {dag.py:2287} INFO - Setting next_dagrun for example_branch_datetime_operator_2 to 2023-12-26 00:00:00+00:00
[2023-12-28 09:32:10,837] {processor.py:170} INFO - Processing /home/airflow/.local/lib/python3.6/site-packages/airflow/example_dags/example_branch_datetime_operator.py took 0.079 seconds
[2023-12-28 09:32:41,864] {processor.py:162} INFO - Started process (PID=5456) to work on /home/airflow/.local/lib/python3.6/site-packages/airflow/example_dags/example_branch_datetime_operator.py
[2023-12-28 09:32:41,865] {processor.py:613} INFO - Processing file /home/airflow/.local/lib/python3.6/site-packages/airflow/example_dags/example_branch_datetime_operator.py for tasks to queue
[2023-12-28 09:32:41,866] {logging_mixin.py:109} INFO - [2023-12-28 09:32:41,866] {dagbag.py:496} INFO - Filling up the DagBag from /home/airflow/.local/lib/python3.6/site-packages/airflow/example_dags/example_branch_datetime_operator.py
[2023-12-28 09:32:41,882] {processor.py:623} INFO - DAG(s) dict_keys(['example_branch_datetime_operator_2']) retrieved from /home/airflow/.local/lib/python3.6/site-packages/airflow/example_dags/example_branch_datetime_operator.py
[2023-12-28 09:32:41,913] {logging_mixin.py:109} INFO - [2023-12-28 09:32:41,913] {dag.py:1834} INFO - Sync 1 DAGs
[2023-12-28 09:32:41,933] {logging_mixin.py:109} INFO - [2023-12-28 09:32:41,933] {dag.py:2287} INFO - Setting next_dagrun for example_branch_datetime_operator_2 to 2023-12-26 00:00:00+00:00
[2023-12-28 09:32:41,950] {processor.py:170} INFO - Processing /home/airflow/.local/lib/python3.6/site-packages/airflow/example_dags/example_branch_datetime_operator.py took 0.089 seconds
[2023-12-28 09:33:12,354] {processor.py:162} INFO - Started process (PID=5661) to work on /home/airflow/.local/lib/python3.6/site-packages/airflow/example_dags/example_branch_datetime_operator.py
[2023-12-28 09:33:12,356] {processor.py:613} INFO - Processing file /home/airflow/.local/lib/python3.6/site-packages/airflow/example_dags/example_branch_datetime_operator.py for tasks to queue
[2023-12-28 09:33:12,356] {logging_mixin.py:109} INFO - [2023-12-28 09:33:12,356] {dagbag.py:496} INFO - Filling up the DagBag from /home/airflow/.local/lib/python3.6/site-packages/airflow/example_dags/example_branch_datetime_operator.py
[2023-12-28 09:33:12,369] {processor.py:623} INFO - DAG(s) dict_keys(['example_branch_datetime_operator_2']) retrieved from /home/airflow/.local/lib/python3.6/site-packages/airflow/example_dags/example_branch_datetime_operator.py
[2023-12-28 09:33:12,392] {logging_mixin.py:109} INFO - [2023-12-28 09:33:12,392] {dag.py:1834} INFO - Sync 1 DAGs
[2023-12-28 09:33:12,410] {logging_mixin.py:109} INFO - [2023-12-28 09:33:12,410] {dag.py:2287} INFO - Setting next_dagrun for example_branch_datetime_operator_2 to 2023-12-26 00:00:00+00:00
[2023-12-28 09:33:12,422] {processor.py:170} INFO - Processing /home/airflow/.local/lib/python3.6/site-packages/airflow/example_dags/example_branch_datetime_operator.py took 0.071 seconds
[2023-12-28 09:33:42,543] {processor.py:162} INFO - Started process (PID=5855) to work on /home/airflow/.local/lib/python3.6/site-packages/airflow/example_dags/example_branch_datetime_operator.py
[2023-12-28 09:33:42,545] {processor.py:613} INFO - Processing file /home/airflow/.local/lib/python3.6/site-packages/airflow/example_dags/example_branch_datetime_operator.py for tasks to queue
[2023-12-28 09:33:42,546] {logging_mixin.py:109} INFO - [2023-12-28 09:33:42,546] {dagbag.py:496} INFO - Filling up the DagBag from /home/airflow/.local/lib/python3.6/site-packages/airflow/example_dags/example_branch_datetime_operator.py
[2023-12-28 09:33:42,561] {processor.py:623} INFO - DAG(s) dict_keys(['example_branch_datetime_operator_2']) retrieved from /home/airflow/.local/lib/python3.6/site-packages/airflow/example_dags/example_branch_datetime_operator.py
[2023-12-28 09:33:42,591] {logging_mixin.py:109} INFO - [2023-12-28 09:33:42,591] {dag.py:1834} INFO - Sync 1 DAGs
[2023-12-28 09:33:42,615] {logging_mixin.py:109} INFO - [2023-12-28 09:33:42,615] {dag.py:2287} INFO - Setting next_dagrun for example_branch_datetime_operator_2 to 2023-12-26 00:00:00+00:00
[2023-12-28 09:33:42,630] {processor.py:170} INFO - Processing /home/airflow/.local/lib/python3.6/site-packages/airflow/example_dags/example_branch_datetime_operator.py took 0.091 seconds
[2023-12-28 09:34:12,860] {processor.py:162} INFO - Started process (PID=6046) to work on /home/airflow/.local/lib/python3.6/site-packages/airflow/example_dags/example_branch_datetime_operator.py
[2023-12-28 09:34:12,862] {processor.py:613} INFO - Processing file /home/airflow/.local/lib/python3.6/site-packages/airflow/example_dags/example_branch_datetime_operator.py for tasks to queue
[2023-12-28 09:34:12,863] {logging_mixin.py:109} INFO - [2023-12-28 09:34:12,863] {dagbag.py:496} INFO - Filling up the DagBag from /home/airflow/.local/lib/python3.6/site-packages/airflow/example_dags/example_branch_datetime_operator.py
[2023-12-28 09:34:12,877] {processor.py:623} INFO - DAG(s) dict_keys(['example_branch_datetime_operator_2']) retrieved from /home/airflow/.local/lib/python3.6/site-packages/airflow/example_dags/example_branch_datetime_operator.py
[2023-12-28 09:34:12,900] {logging_mixin.py:109} INFO - [2023-12-28 09:34:12,900] {dag.py:1834} INFO - Sync 1 DAGs
[2023-12-28 09:34:12,919] {logging_mixin.py:109} INFO - [2023-12-28 09:34:12,919] {dag.py:2287} INFO - Setting next_dagrun for example_branch_datetime_operator_2 to 2023-12-26 00:00:00+00:00
[2023-12-28 09:34:12,932] {processor.py:170} INFO - Processing /home/airflow/.local/lib/python3.6/site-packages/airflow/example_dags/example_branch_datetime_operator.py took 0.074 seconds
[2023-12-28 09:34:43,746] {processor.py:162} INFO - Started process (PID=6253) to work on /home/airflow/.local/lib/python3.6/site-packages/airflow/example_dags/example_branch_datetime_operator.py
[2023-12-28 09:34:43,747] {processor.py:613} INFO - Processing file /home/airflow/.local/lib/python3.6/site-packages/airflow/example_dags/example_branch_datetime_operator.py for tasks to queue
[2023-12-28 09:34:43,748] {logging_mixin.py:109} INFO - [2023-12-28 09:34:43,748] {dagbag.py:496} INFO - Filling up the DagBag from /home/airflow/.local/lib/python3.6/site-packages/airflow/example_dags/example_branch_datetime_operator.py
[2023-12-28 09:34:43,761] {processor.py:623} INFO - DAG(s) dict_keys(['example_branch_datetime_operator_2']) retrieved from /home/airflow/.local/lib/python3.6/site-packages/airflow/example_dags/example_branch_datetime_operator.py
[2023-12-28 09:34:43,784] {logging_mixin.py:109} INFO - [2023-12-28 09:34:43,784] {dag.py:1834} INFO - Sync 1 DAGs
[2023-12-28 09:34:43,803] {logging_mixin.py:109} INFO - [2023-12-28 09:34:43,802] {dag.py:2287} INFO - Setting next_dagrun for example_branch_datetime_operator_2 to 2023-12-26 00:00:00+00:00
[2023-12-28 09:34:43,815] {processor.py:170} INFO - Processing /home/airflow/.local/lib/python3.6/site-packages/airflow/example_dags/example_branch_datetime_operator.py took 0.072 seconds
[2023-12-28 09:35:15,089] {processor.py:162} INFO - Started process (PID=6451) to work on /home/airflow/.local/lib/python3.6/site-packages/airflow/example_dags/example_branch_datetime_operator.py
[2023-12-28 09:35:15,091] {processor.py:613} INFO - Processing file /home/airflow/.local/lib/python3.6/site-packages/airflow/example_dags/example_branch_datetime_operator.py for tasks to queue
[2023-12-28 09:35:15,091] {logging_mixin.py:109} INFO - [2023-12-28 09:35:15,091] {dagbag.py:496} INFO - Filling up the DagBag from /home/airflow/.local/lib/python3.6/site-packages/airflow/example_dags/example_branch_datetime_operator.py
[2023-12-28 09:35:15,104] {processor.py:623} INFO - DAG(s) dict_keys(['example_branch_datetime_operator_2']) retrieved from /home/airflow/.local/lib/python3.6/site-packages/airflow/example_dags/example_branch_datetime_operator.py
[2023-12-28 09:35:15,128] {logging_mixin.py:109} INFO - [2023-12-28 09:35:15,128] {dag.py:1834} INFO - Sync 1 DAGs
[2023-12-28 09:35:15,148] {logging_mixin.py:109} INFO - [2023-12-28 09:35:15,148] {dag.py:2287} INFO - Setting next_dagrun for example_branch_datetime_operator_2 to 2023-12-26 00:00:00+00:00
[2023-12-28 09:35:15,162] {processor.py:170} INFO - Processing /home/airflow/.local/lib/python3.6/site-packages/airflow/example_dags/example_branch_datetime_operator.py took 0.076 seconds
[2023-12-28 09:35:46,168] {processor.py:162} INFO - Started process (PID=6658) to work on /home/airflow/.local/lib/python3.6/site-packages/airflow/example_dags/example_branch_datetime_operator.py
[2023-12-28 09:35:46,170] {processor.py:613} INFO - Processing file /home/airflow/.local/lib/python3.6/site-packages/airflow/example_dags/example_branch_datetime_operator.py for tasks to queue
[2023-12-28 09:35:46,171] {logging_mixin.py:109} INFO - [2023-12-28 09:35:46,170] {dagbag.py:496} INFO - Filling up the DagBag from /home/airflow/.local/lib/python3.6/site-packages/airflow/example_dags/example_branch_datetime_operator.py
[2023-12-28 09:35:46,185] {processor.py:623} INFO - DAG(s) dict_keys(['example_branch_datetime_operator_2']) retrieved from /home/airflow/.local/lib/python3.6/site-packages/airflow/example_dags/example_branch_datetime_operator.py
[2023-12-28 09:35:46,209] {logging_mixin.py:109} INFO - [2023-12-28 09:35:46,209] {dag.py:1834} INFO - Sync 1 DAGs
[2023-12-28 09:35:46,230] {logging_mixin.py:109} INFO - [2023-12-28 09:35:46,230] {dag.py:2287} INFO - Setting next_dagrun for example_branch_datetime_operator_2 to 2023-12-26 00:00:00+00:00
[2023-12-28 09:35:46,244] {processor.py:170} INFO - Processing /home/airflow/.local/lib/python3.6/site-packages/airflow/example_dags/example_branch_datetime_operator.py took 0.079 seconds
[2023-12-28 09:36:17,416] {processor.py:162} INFO - Started process (PID=6851) to work on /home/airflow/.local/lib/python3.6/site-packages/airflow/example_dags/example_branch_datetime_operator.py
[2023-12-28 09:36:17,419] {processor.py:613} INFO - Processing file /home/airflow/.local/lib/python3.6/site-packages/airflow/example_dags/example_branch_datetime_operator.py for tasks to queue
[2023-12-28 09:36:17,420] {logging_mixin.py:109} INFO - [2023-12-28 09:36:17,420] {dagbag.py:496} INFO - Filling up the DagBag from /home/airflow/.local/lib/python3.6/site-packages/airflow/example_dags/example_branch_datetime_operator.py
[2023-12-28 09:36:17,434] {processor.py:623} INFO - DAG(s) dict_keys(['example_branch_datetime_operator_2']) retrieved from /home/airflow/.local/lib/python3.6/site-packages/airflow/example_dags/example_branch_datetime_operator.py
[2023-12-28 09:36:17,460] {logging_mixin.py:109} INFO - [2023-12-28 09:36:17,460] {dag.py:1834} INFO - Sync 1 DAGs
[2023-12-28 09:36:17,479] {logging_mixin.py:109} INFO - [2023-12-28 09:36:17,479] {dag.py:2287} INFO - Setting next_dagrun for example_branch_datetime_operator_2 to 2023-12-26 00:00:00+00:00
[2023-12-28 09:36:17,493] {processor.py:170} INFO - Processing /home/airflow/.local/lib/python3.6/site-packages/airflow/example_dags/example_branch_datetime_operator.py took 0.081 seconds
[2023-12-28 09:36:48,501] {processor.py:162} INFO - Started process (PID=7057) to work on /home/airflow/.local/lib/python3.6/site-packages/airflow/example_dags/example_branch_datetime_operator.py
[2023-12-28 09:36:48,502] {processor.py:613} INFO - Processing file /home/airflow/.local/lib/python3.6/site-packages/airflow/example_dags/example_branch_datetime_operator.py for tasks to queue
[2023-12-28 09:36:48,503] {logging_mixin.py:109} INFO - [2023-12-28 09:36:48,503] {dagbag.py:496} INFO - Filling up the DagBag from /home/airflow/.local/lib/python3.6/site-packages/airflow/example_dags/example_branch_datetime_operator.py
[2023-12-28 09:36:48,518] {processor.py:623} INFO - DAG(s) dict_keys(['example_branch_datetime_operator_2']) retrieved from /home/airflow/.local/lib/python3.6/site-packages/airflow/example_dags/example_branch_datetime_operator.py
[2023-12-28 09:36:48,545] {logging_mixin.py:109} INFO - [2023-12-28 09:36:48,545] {dag.py:1834} INFO - Sync 1 DAGs
[2023-12-28 09:36:48,563] {logging_mixin.py:109} INFO - [2023-12-28 09:36:48,563] {dag.py:2287} INFO - Setting next_dagrun for example_branch_datetime_operator_2 to 2023-12-26 00:00:00+00:00
[2023-12-28 09:36:48,574] {processor.py:170} INFO - Processing /home/airflow/.local/lib/python3.6/site-packages/airflow/example_dags/example_branch_datetime_operator.py took 0.076 seconds
[2023-12-28 09:37:19,522] {processor.py:162} INFO - Started process (PID=7251) to work on /home/airflow/.local/lib/python3.6/site-packages/airflow/example_dags/example_branch_datetime_operator.py
[2023-12-28 09:37:19,524] {processor.py:613} INFO - Processing file /home/airflow/.local/lib/python3.6/site-packages/airflow/example_dags/example_branch_datetime_operator.py for tasks to queue
[2023-12-28 09:37:19,525] {logging_mixin.py:109} INFO - [2023-12-28 09:37:19,525] {dagbag.py:496} INFO - Filling up the DagBag from /home/airflow/.local/lib/python3.6/site-packages/airflow/example_dags/example_branch_datetime_operator.py
[2023-12-28 09:37:19,538] {processor.py:623} INFO - DAG(s) dict_keys(['example_branch_datetime_operator_2']) retrieved from /home/airflow/.local/lib/python3.6/site-packages/airflow/example_dags/example_branch_datetime_operator.py
[2023-12-28 09:37:19,569] {logging_mixin.py:109} INFO - [2023-12-28 09:37:19,569] {dag.py:1834} INFO - Sync 1 DAGs
[2023-12-28 09:37:19,586] {logging_mixin.py:109} INFO - [2023-12-28 09:37:19,586] {dag.py:2287} INFO - Setting next_dagrun for example_branch_datetime_operator_2 to 2023-12-26 00:00:00+00:00
[2023-12-28 09:37:19,597] {processor.py:170} INFO - Processing /home/airflow/.local/lib/python3.6/site-packages/airflow/example_dags/example_branch_datetime_operator.py took 0.077 seconds
[2023-12-28 09:37:50,640] {processor.py:162} INFO - Started process (PID=7457) to work on /home/airflow/.local/lib/python3.6/site-packages/airflow/example_dags/example_branch_datetime_operator.py
[2023-12-28 09:37:50,641] {processor.py:613} INFO - Processing file /home/airflow/.local/lib/python3.6/site-packages/airflow/example_dags/example_branch_datetime_operator.py for tasks to queue
[2023-12-28 09:37:50,642] {logging_mixin.py:109} INFO - [2023-12-28 09:37:50,642] {dagbag.py:496} INFO - Filling up the DagBag from /home/airflow/.local/lib/python3.6/site-packages/airflow/example_dags/example_branch_datetime_operator.py
[2023-12-28 09:37:50,656] {processor.py:623} INFO - DAG(s) dict_keys(['example_branch_datetime_operator_2']) retrieved from /home/airflow/.local/lib/python3.6/site-packages/airflow/example_dags/example_branch_datetime_operator.py
[2023-12-28 09:37:50,681] {logging_mixin.py:109} INFO - [2023-12-28 09:37:50,681] {dag.py:1834} INFO - Sync 1 DAGs
[2023-12-28 09:37:50,701] {logging_mixin.py:109} INFO - [2023-12-28 09:37:50,701] {dag.py:2287} INFO - Setting next_dagrun for example_branch_datetime_operator_2 to 2023-12-26 00:00:00+00:00
[2023-12-28 09:37:50,715] {processor.py:170} INFO - Processing /home/airflow/.local/lib/python3.6/site-packages/airflow/example_dags/example_branch_datetime_operator.py took 0.078 seconds
[2023-12-28 09:38:21,044] {processor.py:162} INFO - Started process (PID=7651) to work on /home/airflow/.local/lib/python3.6/site-packages/airflow/example_dags/example_branch_datetime_operator.py
[2023-12-28 09:38:21,045] {processor.py:613} INFO - Processing file /home/airflow/.local/lib/python3.6/site-packages/airflow/example_dags/example_branch_datetime_operator.py for tasks to queue
[2023-12-28 09:38:21,046] {logging_mixin.py:109} INFO - [2023-12-28 09:38:21,046] {dagbag.py:496} INFO - Filling up the DagBag from /home/airflow/.local/lib/python3.6/site-packages/airflow/example_dags/example_branch_datetime_operator.py
[2023-12-28 09:38:21,059] {processor.py:623} INFO - DAG(s) dict_keys(['example_branch_datetime_operator_2']) retrieved from /home/airflow/.local/lib/python3.6/site-packages/airflow/example_dags/example_branch_datetime_operator.py
[2023-12-28 09:38:21,083] {logging_mixin.py:109} INFO - [2023-12-28 09:38:21,083] {dag.py:1834} INFO - Sync 1 DAGs
[2023-12-28 09:38:21,102] {logging_mixin.py:109} INFO - [2023-12-28 09:38:21,102] {dag.py:2287} INFO - Setting next_dagrun for example_branch_datetime_operator_2 to 2023-12-26 00:00:00+00:00
[2023-12-28 09:38:21,115] {processor.py:170} INFO - Processing /home/airflow/.local/lib/python3.6/site-packages/airflow/example_dags/example_branch_datetime_operator.py took 0.074 seconds
[2023-12-28 09:38:51,882] {processor.py:162} INFO - Started process (PID=7846) to work on /home/airflow/.local/lib/python3.6/site-packages/airflow/example_dags/example_branch_datetime_operator.py
[2023-12-28 09:38:51,883] {processor.py:613} INFO - Processing file /home/airflow/.local/lib/python3.6/site-packages/airflow/example_dags/example_branch_datetime_operator.py for tasks to queue
[2023-12-28 09:38:51,884] {logging_mixin.py:109} INFO - [2023-12-28 09:38:51,884] {dagbag.py:496} INFO - Filling up the DagBag from /home/airflow/.local/lib/python3.6/site-packages/airflow/example_dags/example_branch_datetime_operator.py
[2023-12-28 09:38:51,898] {processor.py:623} INFO - DAG(s) dict_keys(['example_branch_datetime_operator_2']) retrieved from /home/airflow/.local/lib/python3.6/site-packages/airflow/example_dags/example_branch_datetime_operator.py
[2023-12-28 09:38:51,923] {logging_mixin.py:109} INFO - [2023-12-28 09:38:51,923] {dag.py:1834} INFO - Sync 1 DAGs
[2023-12-28 09:38:51,943] {logging_mixin.py:109} INFO - [2023-12-28 09:38:51,943] {dag.py:2287} INFO - Setting next_dagrun for example_branch_datetime_operator_2 to 2023-12-26 00:00:00+00:00
[2023-12-28 09:38:51,956] {processor.py:170} INFO - Processing /home/airflow/.local/lib/python3.6/site-packages/airflow/example_dags/example_branch_datetime_operator.py took 0.077 seconds
[2023-12-28 09:39:22,695] {processor.py:162} INFO - Started process (PID=8053) to work on /home/airflow/.local/lib/python3.6/site-packages/airflow/example_dags/example_branch_datetime_operator.py
[2023-12-28 09:39:22,697] {processor.py:613} INFO - Processing file /home/airflow/.local/lib/python3.6/site-packages/airflow/example_dags/example_branch_datetime_operator.py for tasks to queue
[2023-12-28 09:39:22,697] {logging_mixin.py:109} INFO - [2023-12-28 09:39:22,697] {dagbag.py:496} INFO - Filling up the DagBag from /home/airflow/.local/lib/python3.6/site-packages/airflow/example_dags/example_branch_datetime_operator.py
[2023-12-28 09:39:22,710] {processor.py:623} INFO - DAG(s) dict_keys(['example_branch_datetime_operator_2']) retrieved from /home/airflow/.local/lib/python3.6/site-packages/airflow/example_dags/example_branch_datetime_operator.py
[2023-12-28 09:39:22,732] {logging_mixin.py:109} INFO - [2023-12-28 09:39:22,732] {dag.py:1834} INFO - Sync 1 DAGs
[2023-12-28 09:39:22,751] {logging_mixin.py:109} INFO - [2023-12-28 09:39:22,751] {dag.py:2287} INFO - Setting next_dagrun for example_branch_datetime_operator_2 to 2023-12-26 00:00:00+00:00
[2023-12-28 09:39:22,764] {processor.py:170} INFO - Processing /home/airflow/.local/lib/python3.6/site-packages/airflow/example_dags/example_branch_datetime_operator.py took 0.071 seconds
[2023-12-28 09:39:53,810] {processor.py:162} INFO - Started process (PID=8246) to work on /home/airflow/.local/lib/python3.6/site-packages/airflow/example_dags/example_branch_datetime_operator.py
[2023-12-28 09:39:53,811] {processor.py:613} INFO - Processing file /home/airflow/.local/lib/python3.6/site-packages/airflow/example_dags/example_branch_datetime_operator.py for tasks to queue
[2023-12-28 09:39:53,812] {logging_mixin.py:109} INFO - [2023-12-28 09:39:53,812] {dagbag.py:496} INFO - Filling up the DagBag from /home/airflow/.local/lib/python3.6/site-packages/airflow/example_dags/example_branch_datetime_operator.py
[2023-12-28 09:39:53,825] {processor.py:623} INFO - DAG(s) dict_keys(['example_branch_datetime_operator_2']) retrieved from /home/airflow/.local/lib/python3.6/site-packages/airflow/example_dags/example_branch_datetime_operator.py
[2023-12-28 09:39:53,850] {logging_mixin.py:109} INFO - [2023-12-28 09:39:53,850] {dag.py:1834} INFO - Sync 1 DAGs
[2023-12-28 09:39:53,869] {logging_mixin.py:109} INFO - [2023-12-28 09:39:53,869] {dag.py:2287} INFO - Setting next_dagrun for example_branch_datetime_operator_2 to 2023-12-26 00:00:00+00:00
[2023-12-28 09:39:53,883] {processor.py:170} INFO - Processing /home/airflow/.local/lib/python3.6/site-packages/airflow/example_dags/example_branch_datetime_operator.py took 0.076 seconds
[2023-12-28 09:40:24,321] {processor.py:162} INFO - Started process (PID=8451) to work on /home/airflow/.local/lib/python3.6/site-packages/airflow/example_dags/example_branch_datetime_operator.py
[2023-12-28 09:40:24,322] {processor.py:613} INFO - Processing file /home/airflow/.local/lib/python3.6/site-packages/airflow/example_dags/example_branch_datetime_operator.py for tasks to queue
[2023-12-28 09:40:24,323] {logging_mixin.py:109} INFO - [2023-12-28 09:40:24,323] {dagbag.py:496} INFO - Filling up the DagBag from /home/airflow/.local/lib/python3.6/site-packages/airflow/example_dags/example_branch_datetime_operator.py
[2023-12-28 09:40:24,337] {processor.py:623} INFO - DAG(s) dict_keys(['example_branch_datetime_operator_2']) retrieved from /home/airflow/.local/lib/python3.6/site-packages/airflow/example_dags/example_branch_datetime_operator.py
[2023-12-28 09:40:24,363] {logging_mixin.py:109} INFO - [2023-12-28 09:40:24,362] {dag.py:1834} INFO - Sync 1 DAGs
[2023-12-28 09:40:24,382] {logging_mixin.py:109} INFO - [2023-12-28 09:40:24,382] {dag.py:2287} INFO - Setting next_dagrun for example_branch_datetime_operator_2 to 2023-12-26 00:00:00+00:00
[2023-12-28 09:40:24,397] {processor.py:170} INFO - Processing /home/airflow/.local/lib/python3.6/site-packages/airflow/example_dags/example_branch_datetime_operator.py took 0.079 seconds
