[2023-12-28 09:19:23,001] {processor.py:162} INFO - Started process (PID=260) to work on /home/airflow/.local/lib/python3.6/site-packages/airflow/example_dags/example_branch_day_of_week_operator.py
[2023-12-28 09:19:23,001] {processor.py:613} INFO - Processing file /home/airflow/.local/lib/python3.6/site-packages/airflow/example_dags/example_branch_day_of_week_operator.py for tasks to queue
[2023-12-28 09:19:23,002] {logging_mixin.py:109} INFO - [2023-12-28 09:19:23,002] {dagbag.py:496} INFO - Filling up the DagBag from /home/airflow/.local/lib/python3.6/site-packages/airflow/example_dags/example_branch_day_of_week_operator.py
[2023-12-28 09:19:23,015] {processor.py:623} INFO - DAG(s) dict_keys(['example_weekday_branch_operator']) retrieved from /home/airflow/.local/lib/python3.6/site-packages/airflow/example_dags/example_branch_day_of_week_operator.py
[2023-12-28 09:19:23,232] {logging_mixin.py:109} INFO - [2023-12-28 09:19:23,232] {dag.py:1834} INFO - Sync 1 DAGs
[2023-12-28 09:19:23,250] {logging_mixin.py:109} INFO - [2023-12-28 09:19:23,250] {dag.py:2287} INFO - Setting next_dagrun for example_weekday_branch_operator to 2023-12-26 00:00:00+00:00
[2023-12-28 09:19:23,266] {processor.py:170} INFO - Processing /home/airflow/.local/lib/python3.6/site-packages/airflow/example_dags/example_branch_day_of_week_operator.py took 0.268 seconds
[2023-12-28 09:19:53,942] {processor.py:162} INFO - Started process (PID=456) to work on /home/airflow/.local/lib/python3.6/site-packages/airflow/example_dags/example_branch_day_of_week_operator.py
[2023-12-28 09:19:53,944] {processor.py:613} INFO - Processing file /home/airflow/.local/lib/python3.6/site-packages/airflow/example_dags/example_branch_day_of_week_operator.py for tasks to queue
[2023-12-28 09:19:53,946] {logging_mixin.py:109} INFO - [2023-12-28 09:19:53,945] {dagbag.py:496} INFO - Filling up the DagBag from /home/airflow/.local/lib/python3.6/site-packages/airflow/example_dags/example_branch_day_of_week_operator.py
[2023-12-28 09:19:53,966] {processor.py:623} INFO - DAG(s) dict_keys(['example_weekday_branch_operator']) retrieved from /home/airflow/.local/lib/python3.6/site-packages/airflow/example_dags/example_branch_day_of_week_operator.py
[2023-12-28 09:19:53,990] {logging_mixin.py:109} INFO - [2023-12-28 09:19:53,990] {dag.py:1834} INFO - Sync 1 DAGs
[2023-12-28 09:19:54,010] {logging_mixin.py:109} INFO - [2023-12-28 09:19:54,009] {dag.py:2287} INFO - Setting next_dagrun for example_weekday_branch_operator to 2023-12-26 00:00:00+00:00
[2023-12-28 09:19:54,025] {processor.py:170} INFO - Processing /home/airflow/.local/lib/python3.6/site-packages/airflow/example_dags/example_branch_day_of_week_operator.py took 0.087 seconds
[2023-12-28 09:20:24,754] {processor.py:162} INFO - Started process (PID=661) to work on /home/airflow/.local/lib/python3.6/site-packages/airflow/example_dags/example_branch_day_of_week_operator.py
[2023-12-28 09:20:24,756] {processor.py:613} INFO - Processing file /home/airflow/.local/lib/python3.6/site-packages/airflow/example_dags/example_branch_day_of_week_operator.py for tasks to queue
[2023-12-28 09:20:24,757] {logging_mixin.py:109} INFO - [2023-12-28 09:20:24,757] {dagbag.py:496} INFO - Filling up the DagBag from /home/airflow/.local/lib/python3.6/site-packages/airflow/example_dags/example_branch_day_of_week_operator.py
[2023-12-28 09:20:24,776] {processor.py:623} INFO - DAG(s) dict_keys(['example_weekday_branch_operator']) retrieved from /home/airflow/.local/lib/python3.6/site-packages/airflow/example_dags/example_branch_day_of_week_operator.py
[2023-12-28 09:20:24,800] {logging_mixin.py:109} INFO - [2023-12-28 09:20:24,800] {dag.py:1834} INFO - Sync 1 DAGs
[2023-12-28 09:20:24,818] {logging_mixin.py:109} INFO - [2023-12-28 09:20:24,818] {dag.py:2287} INFO - Setting next_dagrun for example_weekday_branch_operator to 2023-12-26 00:00:00+00:00
[2023-12-28 09:20:24,831] {processor.py:170} INFO - Processing /home/airflow/.local/lib/python3.6/site-packages/airflow/example_dags/example_branch_day_of_week_operator.py took 0.081 seconds
[2023-12-28 09:20:55,209] {processor.py:162} INFO - Started process (PID=851) to work on /home/airflow/.local/lib/python3.6/site-packages/airflow/example_dags/example_branch_day_of_week_operator.py
[2023-12-28 09:20:55,210] {processor.py:613} INFO - Processing file /home/airflow/.local/lib/python3.6/site-packages/airflow/example_dags/example_branch_day_of_week_operator.py for tasks to queue
[2023-12-28 09:20:55,211] {logging_mixin.py:109} INFO - [2023-12-28 09:20:55,211] {dagbag.py:496} INFO - Filling up the DagBag from /home/airflow/.local/lib/python3.6/site-packages/airflow/example_dags/example_branch_day_of_week_operator.py
[2023-12-28 09:20:55,227] {processor.py:623} INFO - DAG(s) dict_keys(['example_weekday_branch_operator']) retrieved from /home/airflow/.local/lib/python3.6/site-packages/airflow/example_dags/example_branch_day_of_week_operator.py
[2023-12-28 09:20:55,259] {logging_mixin.py:109} INFO - [2023-12-28 09:20:55,259] {dag.py:1834} INFO - Sync 1 DAGs
[2023-12-28 09:20:55,279] {logging_mixin.py:109} INFO - [2023-12-28 09:20:55,279] {dag.py:2287} INFO - Setting next_dagrun for example_weekday_branch_operator to 2023-12-26 00:00:00+00:00
[2023-12-28 09:20:55,295] {processor.py:170} INFO - Processing /home/airflow/.local/lib/python3.6/site-packages/airflow/example_dags/example_branch_day_of_week_operator.py took 0.090 seconds
[2023-12-28 09:21:26,033] {processor.py:162} INFO - Started process (PID=1055) to work on /home/airflow/.local/lib/python3.6/site-packages/airflow/example_dags/example_branch_day_of_week_operator.py
[2023-12-28 09:21:26,035] {processor.py:613} INFO - Processing file /home/airflow/.local/lib/python3.6/site-packages/airflow/example_dags/example_branch_day_of_week_operator.py for tasks to queue
[2023-12-28 09:21:26,035] {logging_mixin.py:109} INFO - [2023-12-28 09:21:26,035] {dagbag.py:496} INFO - Filling up the DagBag from /home/airflow/.local/lib/python3.6/site-packages/airflow/example_dags/example_branch_day_of_week_operator.py
[2023-12-28 09:21:26,047] {processor.py:623} INFO - DAG(s) dict_keys(['example_weekday_branch_operator']) retrieved from /home/airflow/.local/lib/python3.6/site-packages/airflow/example_dags/example_branch_day_of_week_operator.py
[2023-12-28 09:21:26,069] {logging_mixin.py:109} INFO - [2023-12-28 09:21:26,069] {dag.py:1834} INFO - Sync 1 DAGs
[2023-12-28 09:21:26,088] {logging_mixin.py:109} INFO - [2023-12-28 09:21:26,088] {dag.py:2287} INFO - Setting next_dagrun for example_weekday_branch_operator to 2023-12-26 00:00:00+00:00
[2023-12-28 09:21:26,101] {processor.py:170} INFO - Processing /home/airflow/.local/lib/python3.6/site-packages/airflow/example_dags/example_branch_day_of_week_operator.py took 0.071 seconds
[2023-12-28 09:21:57,032] {processor.py:162} INFO - Started process (PID=1256) to work on /home/airflow/.local/lib/python3.6/site-packages/airflow/example_dags/example_branch_day_of_week_operator.py
[2023-12-28 09:21:57,034] {processor.py:613} INFO - Processing file /home/airflow/.local/lib/python3.6/site-packages/airflow/example_dags/example_branch_day_of_week_operator.py for tasks to queue
[2023-12-28 09:21:57,035] {logging_mixin.py:109} INFO - [2023-12-28 09:21:57,035] {dagbag.py:496} INFO - Filling up the DagBag from /home/airflow/.local/lib/python3.6/site-packages/airflow/example_dags/example_branch_day_of_week_operator.py
[2023-12-28 09:21:57,048] {processor.py:623} INFO - DAG(s) dict_keys(['example_weekday_branch_operator']) retrieved from /home/airflow/.local/lib/python3.6/site-packages/airflow/example_dags/example_branch_day_of_week_operator.py
[2023-12-28 09:21:57,076] {logging_mixin.py:109} INFO - [2023-12-28 09:21:57,075] {dag.py:1834} INFO - Sync 1 DAGs
[2023-12-28 09:21:57,098] {logging_mixin.py:109} INFO - [2023-12-28 09:21:57,098] {dag.py:2287} INFO - Setting next_dagrun for example_weekday_branch_operator to 2023-12-26 00:00:00+00:00
[2023-12-28 09:21:57,113] {processor.py:170} INFO - Processing /home/airflow/.local/lib/python3.6/site-packages/airflow/example_dags/example_branch_day_of_week_operator.py took 0.084 seconds
[2023-12-28 09:22:27,439] {processor.py:162} INFO - Started process (PID=1451) to work on /home/airflow/.local/lib/python3.6/site-packages/airflow/example_dags/example_branch_day_of_week_operator.py
[2023-12-28 09:22:27,440] {processor.py:613} INFO - Processing file /home/airflow/.local/lib/python3.6/site-packages/airflow/example_dags/example_branch_day_of_week_operator.py for tasks to queue
[2023-12-28 09:22:27,441] {logging_mixin.py:109} INFO - [2023-12-28 09:22:27,441] {dagbag.py:496} INFO - Filling up the DagBag from /home/airflow/.local/lib/python3.6/site-packages/airflow/example_dags/example_branch_day_of_week_operator.py
[2023-12-28 09:22:27,452] {processor.py:623} INFO - DAG(s) dict_keys(['example_weekday_branch_operator']) retrieved from /home/airflow/.local/lib/python3.6/site-packages/airflow/example_dags/example_branch_day_of_week_operator.py
[2023-12-28 09:22:27,475] {logging_mixin.py:109} INFO - [2023-12-28 09:22:27,475] {dag.py:1834} INFO - Sync 1 DAGs
[2023-12-28 09:22:27,492] {logging_mixin.py:109} INFO - [2023-12-28 09:22:27,492] {dag.py:2287} INFO - Setting next_dagrun for example_weekday_branch_operator to 2023-12-26 00:00:00+00:00
[2023-12-28 09:22:27,505] {processor.py:170} INFO - Processing /home/airflow/.local/lib/python3.6/site-packages/airflow/example_dags/example_branch_day_of_week_operator.py took 0.069 seconds
[2023-12-28 09:22:57,673] {processor.py:162} INFO - Started process (PID=1636) to work on /home/airflow/.local/lib/python3.6/site-packages/airflow/example_dags/example_branch_day_of_week_operator.py
[2023-12-28 09:22:57,674] {processor.py:613} INFO - Processing file /home/airflow/.local/lib/python3.6/site-packages/airflow/example_dags/example_branch_day_of_week_operator.py for tasks to queue
[2023-12-28 09:22:57,675] {logging_mixin.py:109} INFO - [2023-12-28 09:22:57,675] {dagbag.py:496} INFO - Filling up the DagBag from /home/airflow/.local/lib/python3.6/site-packages/airflow/example_dags/example_branch_day_of_week_operator.py
[2023-12-28 09:22:57,689] {processor.py:623} INFO - DAG(s) dict_keys(['example_weekday_branch_operator']) retrieved from /home/airflow/.local/lib/python3.6/site-packages/airflow/example_dags/example_branch_day_of_week_operator.py
[2023-12-28 09:22:57,716] {logging_mixin.py:109} INFO - [2023-12-28 09:22:57,715] {dag.py:1834} INFO - Sync 1 DAGs
[2023-12-28 09:22:57,733] {logging_mixin.py:109} INFO - [2023-12-28 09:22:57,733] {dag.py:2287} INFO - Setting next_dagrun for example_weekday_branch_operator to 2023-12-26 00:00:00+00:00
[2023-12-28 09:22:57,746] {processor.py:170} INFO - Processing /home/airflow/.local/lib/python3.6/site-packages/airflow/example_dags/example_branch_day_of_week_operator.py took 0.076 seconds
[2023-12-28 09:23:28,045] {processor.py:162} INFO - Started process (PID=1833) to work on /home/airflow/.local/lib/python3.6/site-packages/airflow/example_dags/example_branch_day_of_week_operator.py
[2023-12-28 09:23:28,047] {processor.py:613} INFO - Processing file /home/airflow/.local/lib/python3.6/site-packages/airflow/example_dags/example_branch_day_of_week_operator.py for tasks to queue
[2023-12-28 09:23:28,048] {logging_mixin.py:109} INFO - [2023-12-28 09:23:28,047] {dagbag.py:496} INFO - Filling up the DagBag from /home/airflow/.local/lib/python3.6/site-packages/airflow/example_dags/example_branch_day_of_week_operator.py
[2023-12-28 09:23:28,061] {processor.py:623} INFO - DAG(s) dict_keys(['example_weekday_branch_operator']) retrieved from /home/airflow/.local/lib/python3.6/site-packages/airflow/example_dags/example_branch_day_of_week_operator.py
[2023-12-28 09:23:28,089] {logging_mixin.py:109} INFO - [2023-12-28 09:23:28,089] {dag.py:1834} INFO - Sync 1 DAGs
[2023-12-28 09:23:28,111] {logging_mixin.py:109} INFO - [2023-12-28 09:23:28,110] {dag.py:2287} INFO - Setting next_dagrun for example_weekday_branch_operator to 2023-12-26 00:00:00+00:00
[2023-12-28 09:23:28,126] {processor.py:170} INFO - Processing /home/airflow/.local/lib/python3.6/site-packages/airflow/example_dags/example_branch_day_of_week_operator.py took 0.085 seconds
[2023-12-28 09:23:58,502] {processor.py:162} INFO - Started process (PID=2036) to work on /home/airflow/.local/lib/python3.6/site-packages/airflow/example_dags/example_branch_day_of_week_operator.py
[2023-12-28 09:23:58,503] {processor.py:613} INFO - Processing file /home/airflow/.local/lib/python3.6/site-packages/airflow/example_dags/example_branch_day_of_week_operator.py for tasks to queue
[2023-12-28 09:23:58,503] {logging_mixin.py:109} INFO - [2023-12-28 09:23:58,503] {dagbag.py:496} INFO - Filling up the DagBag from /home/airflow/.local/lib/python3.6/site-packages/airflow/example_dags/example_branch_day_of_week_operator.py
[2023-12-28 09:23:58,515] {processor.py:623} INFO - DAG(s) dict_keys(['example_weekday_branch_operator']) retrieved from /home/airflow/.local/lib/python3.6/site-packages/airflow/example_dags/example_branch_day_of_week_operator.py
[2023-12-28 09:23:58,539] {logging_mixin.py:109} INFO - [2023-12-28 09:23:58,539] {dag.py:1834} INFO - Sync 1 DAGs
[2023-12-28 09:23:58,558] {logging_mixin.py:109} INFO - [2023-12-28 09:23:58,558] {dag.py:2287} INFO - Setting next_dagrun for example_weekday_branch_operator to 2023-12-26 00:00:00+00:00
[2023-12-28 09:23:58,571] {processor.py:170} INFO - Processing /home/airflow/.local/lib/python3.6/site-packages/airflow/example_dags/example_branch_day_of_week_operator.py took 0.071 seconds
[2023-12-28 09:24:29,240] {processor.py:162} INFO - Started process (PID=2231) to work on /home/airflow/.local/lib/python3.6/site-packages/airflow/example_dags/example_branch_day_of_week_operator.py
[2023-12-28 09:24:29,242] {processor.py:613} INFO - Processing file /home/airflow/.local/lib/python3.6/site-packages/airflow/example_dags/example_branch_day_of_week_operator.py for tasks to queue
[2023-12-28 09:24:29,243] {logging_mixin.py:109} INFO - [2023-12-28 09:24:29,243] {dagbag.py:496} INFO - Filling up the DagBag from /home/airflow/.local/lib/python3.6/site-packages/airflow/example_dags/example_branch_day_of_week_operator.py
[2023-12-28 09:24:29,258] {processor.py:623} INFO - DAG(s) dict_keys(['example_weekday_branch_operator']) retrieved from /home/airflow/.local/lib/python3.6/site-packages/airflow/example_dags/example_branch_day_of_week_operator.py
[2023-12-28 09:24:29,291] {logging_mixin.py:109} INFO - [2023-12-28 09:24:29,291] {dag.py:1834} INFO - Sync 1 DAGs
[2023-12-28 09:24:29,313] {logging_mixin.py:109} INFO - [2023-12-28 09:24:29,312] {dag.py:2287} INFO - Setting next_dagrun for example_weekday_branch_operator to 2023-12-26 00:00:00+00:00
[2023-12-28 09:24:29,331] {processor.py:170} INFO - Processing /home/airflow/.local/lib/python3.6/site-packages/airflow/example_dags/example_branch_day_of_week_operator.py took 0.094 seconds
[2023-12-28 09:24:59,729] {processor.py:162} INFO - Started process (PID=2426) to work on /home/airflow/.local/lib/python3.6/site-packages/airflow/example_dags/example_branch_day_of_week_operator.py
[2023-12-28 09:24:59,731] {processor.py:613} INFO - Processing file /home/airflow/.local/lib/python3.6/site-packages/airflow/example_dags/example_branch_day_of_week_operator.py for tasks to queue
[2023-12-28 09:24:59,732] {logging_mixin.py:109} INFO - [2023-12-28 09:24:59,731] {dagbag.py:496} INFO - Filling up the DagBag from /home/airflow/.local/lib/python3.6/site-packages/airflow/example_dags/example_branch_day_of_week_operator.py
[2023-12-28 09:24:59,749] {processor.py:623} INFO - DAG(s) dict_keys(['example_weekday_branch_operator']) retrieved from /home/airflow/.local/lib/python3.6/site-packages/airflow/example_dags/example_branch_day_of_week_operator.py
[2023-12-28 09:24:59,784] {logging_mixin.py:109} INFO - [2023-12-28 09:24:59,784] {dag.py:1834} INFO - Sync 1 DAGs
[2023-12-28 09:24:59,806] {logging_mixin.py:109} INFO - [2023-12-28 09:24:59,806] {dag.py:2287} INFO - Setting next_dagrun for example_weekday_branch_operator to 2023-12-26 00:00:00+00:00
[2023-12-28 09:24:59,825] {processor.py:170} INFO - Processing /home/airflow/.local/lib/python3.6/site-packages/airflow/example_dags/example_branch_day_of_week_operator.py took 0.099 seconds
[2023-12-28 09:25:30,003] {processor.py:162} INFO - Started process (PID=2626) to work on /home/airflow/.local/lib/python3.6/site-packages/airflow/example_dags/example_branch_day_of_week_operator.py
[2023-12-28 09:25:30,005] {processor.py:613} INFO - Processing file /home/airflow/.local/lib/python3.6/site-packages/airflow/example_dags/example_branch_day_of_week_operator.py for tasks to queue
[2023-12-28 09:25:30,006] {logging_mixin.py:109} INFO - [2023-12-28 09:25:30,006] {dagbag.py:496} INFO - Filling up the DagBag from /home/airflow/.local/lib/python3.6/site-packages/airflow/example_dags/example_branch_day_of_week_operator.py
[2023-12-28 09:25:30,019] {processor.py:623} INFO - DAG(s) dict_keys(['example_weekday_branch_operator']) retrieved from /home/airflow/.local/lib/python3.6/site-packages/airflow/example_dags/example_branch_day_of_week_operator.py
[2023-12-28 09:25:30,049] {logging_mixin.py:109} INFO - [2023-12-28 09:25:30,049] {dag.py:1834} INFO - Sync 1 DAGs
[2023-12-28 09:25:30,069] {logging_mixin.py:109} INFO - [2023-12-28 09:25:30,069] {dag.py:2287} INFO - Setting next_dagrun for example_weekday_branch_operator to 2023-12-26 00:00:00+00:00
[2023-12-28 09:25:30,087] {processor.py:170} INFO - Processing /home/airflow/.local/lib/python3.6/site-packages/airflow/example_dags/example_branch_day_of_week_operator.py took 0.088 seconds
[2023-12-28 09:26:00,184] {processor.py:162} INFO - Started process (PID=2816) to work on /home/airflow/.local/lib/python3.6/site-packages/airflow/example_dags/example_branch_day_of_week_operator.py
[2023-12-28 09:26:00,185] {processor.py:613} INFO - Processing file /home/airflow/.local/lib/python3.6/site-packages/airflow/example_dags/example_branch_day_of_week_operator.py for tasks to queue
[2023-12-28 09:26:00,186] {logging_mixin.py:109} INFO - [2023-12-28 09:26:00,186] {dagbag.py:496} INFO - Filling up the DagBag from /home/airflow/.local/lib/python3.6/site-packages/airflow/example_dags/example_branch_day_of_week_operator.py
[2023-12-28 09:26:00,200] {processor.py:623} INFO - DAG(s) dict_keys(['example_weekday_branch_operator']) retrieved from /home/airflow/.local/lib/python3.6/site-packages/airflow/example_dags/example_branch_day_of_week_operator.py
[2023-12-28 09:26:00,229] {logging_mixin.py:109} INFO - [2023-12-28 09:26:00,229] {dag.py:1834} INFO - Sync 1 DAGs
[2023-12-28 09:26:00,251] {logging_mixin.py:109} INFO - [2023-12-28 09:26:00,251] {dag.py:2287} INFO - Setting next_dagrun for example_weekday_branch_operator to 2023-12-26 00:00:00+00:00
[2023-12-28 09:26:00,269] {processor.py:170} INFO - Processing /home/airflow/.local/lib/python3.6/site-packages/airflow/example_dags/example_branch_day_of_week_operator.py took 0.089 seconds
[2023-12-28 09:26:30,567] {processor.py:162} INFO - Started process (PID=3020) to work on /home/airflow/.local/lib/python3.6/site-packages/airflow/example_dags/example_branch_day_of_week_operator.py
[2023-12-28 09:26:30,570] {processor.py:613} INFO - Processing file /home/airflow/.local/lib/python3.6/site-packages/airflow/example_dags/example_branch_day_of_week_operator.py for tasks to queue
[2023-12-28 09:26:30,571] {logging_mixin.py:109} INFO - [2023-12-28 09:26:30,571] {dagbag.py:496} INFO - Filling up the DagBag from /home/airflow/.local/lib/python3.6/site-packages/airflow/example_dags/example_branch_day_of_week_operator.py
[2023-12-28 09:26:30,584] {processor.py:623} INFO - DAG(s) dict_keys(['example_weekday_branch_operator']) retrieved from /home/airflow/.local/lib/python3.6/site-packages/airflow/example_dags/example_branch_day_of_week_operator.py
[2023-12-28 09:26:30,613] {logging_mixin.py:109} INFO - [2023-12-28 09:26:30,613] {dag.py:1834} INFO - Sync 1 DAGs
[2023-12-28 09:26:30,635] {logging_mixin.py:109} INFO - [2023-12-28 09:26:30,635] {dag.py:2287} INFO - Setting next_dagrun for example_weekday_branch_operator to 2023-12-26 00:00:00+00:00
[2023-12-28 09:26:30,652] {processor.py:170} INFO - Processing /home/airflow/.local/lib/python3.6/site-packages/airflow/example_dags/example_branch_day_of_week_operator.py took 0.090 seconds
[2023-12-28 09:27:01,234] {processor.py:162} INFO - Started process (PID=3221) to work on /home/airflow/.local/lib/python3.6/site-packages/airflow/example_dags/example_branch_day_of_week_operator.py
[2023-12-28 09:27:01,235] {processor.py:613} INFO - Processing file /home/airflow/.local/lib/python3.6/site-packages/airflow/example_dags/example_branch_day_of_week_operator.py for tasks to queue
[2023-12-28 09:27:01,236] {logging_mixin.py:109} INFO - [2023-12-28 09:27:01,236] {dagbag.py:496} INFO - Filling up the DagBag from /home/airflow/.local/lib/python3.6/site-packages/airflow/example_dags/example_branch_day_of_week_operator.py
[2023-12-28 09:27:01,250] {processor.py:623} INFO - DAG(s) dict_keys(['example_weekday_branch_operator']) retrieved from /home/airflow/.local/lib/python3.6/site-packages/airflow/example_dags/example_branch_day_of_week_operator.py
[2023-12-28 09:27:01,279] {logging_mixin.py:109} INFO - [2023-12-28 09:27:01,278] {dag.py:1834} INFO - Sync 1 DAGs
[2023-12-28 09:27:01,303] {logging_mixin.py:109} INFO - [2023-12-28 09:27:01,303] {dag.py:2287} INFO - Setting next_dagrun for example_weekday_branch_operator to 2023-12-26 00:00:00+00:00
[2023-12-28 09:27:01,319] {processor.py:170} INFO - Processing /home/airflow/.local/lib/python3.6/site-packages/airflow/example_dags/example_branch_day_of_week_operator.py took 0.089 seconds
[2023-12-28 09:27:31,719] {processor.py:162} INFO - Started process (PID=3426) to work on /home/airflow/.local/lib/python3.6/site-packages/airflow/example_dags/example_branch_day_of_week_operator.py
[2023-12-28 09:27:31,722] {processor.py:613} INFO - Processing file /home/airflow/.local/lib/python3.6/site-packages/airflow/example_dags/example_branch_day_of_week_operator.py for tasks to queue
[2023-12-28 09:27:31,722] {logging_mixin.py:109} INFO - [2023-12-28 09:27:31,722] {dagbag.py:496} INFO - Filling up the DagBag from /home/airflow/.local/lib/python3.6/site-packages/airflow/example_dags/example_branch_day_of_week_operator.py
[2023-12-28 09:27:31,735] {processor.py:623} INFO - DAG(s) dict_keys(['example_weekday_branch_operator']) retrieved from /home/airflow/.local/lib/python3.6/site-packages/airflow/example_dags/example_branch_day_of_week_operator.py
[2023-12-28 09:27:31,760] {logging_mixin.py:109} INFO - [2023-12-28 09:27:31,760] {dag.py:1834} INFO - Sync 1 DAGs
[2023-12-28 09:27:31,780] {logging_mixin.py:109} INFO - [2023-12-28 09:27:31,780] {dag.py:2287} INFO - Setting next_dagrun for example_weekday_branch_operator to 2023-12-26 00:00:00+00:00
[2023-12-28 09:27:31,794] {processor.py:170} INFO - Processing /home/airflow/.local/lib/python3.6/site-packages/airflow/example_dags/example_branch_day_of_week_operator.py took 0.077 seconds
[2023-12-28 09:28:02,863] {processor.py:162} INFO - Started process (PID=3626) to work on /home/airflow/.local/lib/python3.6/site-packages/airflow/example_dags/example_branch_day_of_week_operator.py
[2023-12-28 09:28:02,866] {processor.py:613} INFO - Processing file /home/airflow/.local/lib/python3.6/site-packages/airflow/example_dags/example_branch_day_of_week_operator.py for tasks to queue
[2023-12-28 09:28:02,867] {logging_mixin.py:109} INFO - [2023-12-28 09:28:02,867] {dagbag.py:496} INFO - Filling up the DagBag from /home/airflow/.local/lib/python3.6/site-packages/airflow/example_dags/example_branch_day_of_week_operator.py
[2023-12-28 09:28:02,894] {processor.py:623} INFO - DAG(s) dict_keys(['example_weekday_branch_operator']) retrieved from /home/airflow/.local/lib/python3.6/site-packages/airflow/example_dags/example_branch_day_of_week_operator.py
[2023-12-28 09:28:02,927] {logging_mixin.py:109} INFO - [2023-12-28 09:28:02,927] {dag.py:1834} INFO - Sync 1 DAGs
[2023-12-28 09:28:02,956] {logging_mixin.py:109} INFO - [2023-12-28 09:28:02,956] {dag.py:2287} INFO - Setting next_dagrun for example_weekday_branch_operator to 2023-12-26 00:00:00+00:00
[2023-12-28 09:28:02,974] {processor.py:170} INFO - Processing /home/airflow/.local/lib/python3.6/site-packages/airflow/example_dags/example_branch_day_of_week_operator.py took 0.121 seconds
[2023-12-28 09:28:33,687] {processor.py:162} INFO - Started process (PID=3828) to work on /home/airflow/.local/lib/python3.6/site-packages/airflow/example_dags/example_branch_day_of_week_operator.py
[2023-12-28 09:28:33,689] {processor.py:613} INFO - Processing file /home/airflow/.local/lib/python3.6/site-packages/airflow/example_dags/example_branch_day_of_week_operator.py for tasks to queue
[2023-12-28 09:28:33,690] {logging_mixin.py:109} INFO - [2023-12-28 09:28:33,690] {dagbag.py:496} INFO - Filling up the DagBag from /home/airflow/.local/lib/python3.6/site-packages/airflow/example_dags/example_branch_day_of_week_operator.py
[2023-12-28 09:28:33,704] {processor.py:623} INFO - DAG(s) dict_keys(['example_weekday_branch_operator']) retrieved from /home/airflow/.local/lib/python3.6/site-packages/airflow/example_dags/example_branch_day_of_week_operator.py
[2023-12-28 09:28:33,733] {logging_mixin.py:109} INFO - [2023-12-28 09:28:33,733] {dag.py:1834} INFO - Sync 1 DAGs
[2023-12-28 09:28:33,758] {logging_mixin.py:109} INFO - [2023-12-28 09:28:33,757] {dag.py:2287} INFO - Setting next_dagrun for example_weekday_branch_operator to 2023-12-26 00:00:00+00:00
[2023-12-28 09:28:33,777] {processor.py:170} INFO - Processing /home/airflow/.local/lib/python3.6/site-packages/airflow/example_dags/example_branch_day_of_week_operator.py took 0.093 seconds
[2023-12-28 09:29:04,090] {processor.py:162} INFO - Started process (PID=4026) to work on /home/airflow/.local/lib/python3.6/site-packages/airflow/example_dags/example_branch_day_of_week_operator.py
[2023-12-28 09:29:04,093] {processor.py:613} INFO - Processing file /home/airflow/.local/lib/python3.6/site-packages/airflow/example_dags/example_branch_day_of_week_operator.py for tasks to queue
[2023-12-28 09:29:04,094] {logging_mixin.py:109} INFO - [2023-12-28 09:29:04,094] {dagbag.py:496} INFO - Filling up the DagBag from /home/airflow/.local/lib/python3.6/site-packages/airflow/example_dags/example_branch_day_of_week_operator.py
[2023-12-28 09:29:04,115] {processor.py:623} INFO - DAG(s) dict_keys(['example_weekday_branch_operator']) retrieved from /home/airflow/.local/lib/python3.6/site-packages/airflow/example_dags/example_branch_day_of_week_operator.py
[2023-12-28 09:29:04,156] {logging_mixin.py:109} INFO - [2023-12-28 09:29:04,156] {dag.py:1834} INFO - Sync 1 DAGs
[2023-12-28 09:29:04,187] {logging_mixin.py:109} INFO - [2023-12-28 09:29:04,186] {dag.py:2287} INFO - Setting next_dagrun for example_weekday_branch_operator to 2023-12-26 00:00:00+00:00
[2023-12-28 09:29:04,204] {processor.py:170} INFO - Processing /home/airflow/.local/lib/python3.6/site-packages/airflow/example_dags/example_branch_day_of_week_operator.py took 0.122 seconds
[2023-12-28 09:29:34,692] {processor.py:162} INFO - Started process (PID=4221) to work on /home/airflow/.local/lib/python3.6/site-packages/airflow/example_dags/example_branch_day_of_week_operator.py
[2023-12-28 09:29:34,693] {processor.py:613} INFO - Processing file /home/airflow/.local/lib/python3.6/site-packages/airflow/example_dags/example_branch_day_of_week_operator.py for tasks to queue
[2023-12-28 09:29:34,694] {logging_mixin.py:109} INFO - [2023-12-28 09:29:34,694] {dagbag.py:496} INFO - Filling up the DagBag from /home/airflow/.local/lib/python3.6/site-packages/airflow/example_dags/example_branch_day_of_week_operator.py
[2023-12-28 09:29:34,708] {processor.py:623} INFO - DAG(s) dict_keys(['example_weekday_branch_operator']) retrieved from /home/airflow/.local/lib/python3.6/site-packages/airflow/example_dags/example_branch_day_of_week_operator.py
[2023-12-28 09:29:34,740] {logging_mixin.py:109} INFO - [2023-12-28 09:29:34,740] {dag.py:1834} INFO - Sync 1 DAGs
[2023-12-28 09:29:34,762] {logging_mixin.py:109} INFO - [2023-12-28 09:29:34,762] {dag.py:2287} INFO - Setting next_dagrun for example_weekday_branch_operator to 2023-12-26 00:00:00+00:00
[2023-12-28 09:29:34,780] {processor.py:170} INFO - Processing /home/airflow/.local/lib/python3.6/site-packages/airflow/example_dags/example_branch_day_of_week_operator.py took 0.092 seconds
[2023-12-28 09:30:06,053] {processor.py:162} INFO - Started process (PID=4428) to work on /home/airflow/.local/lib/python3.6/site-packages/airflow/example_dags/example_branch_day_of_week_operator.py
[2023-12-28 09:30:06,055] {processor.py:613} INFO - Processing file /home/airflow/.local/lib/python3.6/site-packages/airflow/example_dags/example_branch_day_of_week_operator.py for tasks to queue
[2023-12-28 09:30:06,056] {logging_mixin.py:109} INFO - [2023-12-28 09:30:06,056] {dagbag.py:496} INFO - Filling up the DagBag from /home/airflow/.local/lib/python3.6/site-packages/airflow/example_dags/example_branch_day_of_week_operator.py
[2023-12-28 09:30:06,071] {processor.py:623} INFO - DAG(s) dict_keys(['example_weekday_branch_operator']) retrieved from /home/airflow/.local/lib/python3.6/site-packages/airflow/example_dags/example_branch_day_of_week_operator.py
[2023-12-28 09:30:06,100] {logging_mixin.py:109} INFO - [2023-12-28 09:30:06,100] {dag.py:1834} INFO - Sync 1 DAGs
[2023-12-28 09:30:06,122] {logging_mixin.py:109} INFO - [2023-12-28 09:30:06,122] {dag.py:2287} INFO - Setting next_dagrun for example_weekday_branch_operator to 2023-12-26 00:00:00+00:00
[2023-12-28 09:30:06,139] {processor.py:170} INFO - Processing /home/airflow/.local/lib/python3.6/site-packages/airflow/example_dags/example_branch_day_of_week_operator.py took 0.091 seconds
[2023-12-28 09:30:37,368] {processor.py:162} INFO - Started process (PID=4623) to work on /home/airflow/.local/lib/python3.6/site-packages/airflow/example_dags/example_branch_day_of_week_operator.py
[2023-12-28 09:30:37,370] {processor.py:613} INFO - Processing file /home/airflow/.local/lib/python3.6/site-packages/airflow/example_dags/example_branch_day_of_week_operator.py for tasks to queue
[2023-12-28 09:30:37,371] {logging_mixin.py:109} INFO - [2023-12-28 09:30:37,370] {dagbag.py:496} INFO - Filling up the DagBag from /home/airflow/.local/lib/python3.6/site-packages/airflow/example_dags/example_branch_day_of_week_operator.py
[2023-12-28 09:30:37,388] {processor.py:623} INFO - DAG(s) dict_keys(['example_weekday_branch_operator']) retrieved from /home/airflow/.local/lib/python3.6/site-packages/airflow/example_dags/example_branch_day_of_week_operator.py
[2023-12-28 09:30:37,420] {logging_mixin.py:109} INFO - [2023-12-28 09:30:37,420] {dag.py:1834} INFO - Sync 1 DAGs
[2023-12-28 09:30:37,441] {logging_mixin.py:109} INFO - [2023-12-28 09:30:37,441] {dag.py:2287} INFO - Setting next_dagrun for example_weekday_branch_operator to 2023-12-26 00:00:00+00:00
[2023-12-28 09:30:37,457] {processor.py:170} INFO - Processing /home/airflow/.local/lib/python3.6/site-packages/airflow/example_dags/example_branch_day_of_week_operator.py took 0.092 seconds
[2023-12-28 09:31:07,925] {processor.py:162} INFO - Started process (PID=4826) to work on /home/airflow/.local/lib/python3.6/site-packages/airflow/example_dags/example_branch_day_of_week_operator.py
[2023-12-28 09:31:07,945] {processor.py:613} INFO - Processing file /home/airflow/.local/lib/python3.6/site-packages/airflow/example_dags/example_branch_day_of_week_operator.py for tasks to queue
[2023-12-28 09:31:07,946] {logging_mixin.py:109} INFO - [2023-12-28 09:31:07,945] {dagbag.py:496} INFO - Filling up the DagBag from /home/airflow/.local/lib/python3.6/site-packages/airflow/example_dags/example_branch_day_of_week_operator.py
[2023-12-28 09:31:07,961] {processor.py:623} INFO - DAG(s) dict_keys(['example_weekday_branch_operator']) retrieved from /home/airflow/.local/lib/python3.6/site-packages/airflow/example_dags/example_branch_day_of_week_operator.py
[2023-12-28 09:31:07,990] {logging_mixin.py:109} INFO - [2023-12-28 09:31:07,989] {dag.py:1834} INFO - Sync 1 DAGs
[2023-12-28 09:31:08,010] {logging_mixin.py:109} INFO - [2023-12-28 09:31:08,010] {dag.py:2287} INFO - Setting next_dagrun for example_weekday_branch_operator to 2023-12-26 00:00:00+00:00
[2023-12-28 09:31:08,030] {processor.py:170} INFO - Processing /home/airflow/.local/lib/python3.6/site-packages/airflow/example_dags/example_branch_day_of_week_operator.py took 0.108 seconds
[2023-12-28 09:31:39,016] {processor.py:162} INFO - Started process (PID=5021) to work on /home/airflow/.local/lib/python3.6/site-packages/airflow/example_dags/example_branch_day_of_week_operator.py
[2023-12-28 09:31:39,018] {processor.py:613} INFO - Processing file /home/airflow/.local/lib/python3.6/site-packages/airflow/example_dags/example_branch_day_of_week_operator.py for tasks to queue
[2023-12-28 09:31:39,019] {logging_mixin.py:109} INFO - [2023-12-28 09:31:39,019] {dagbag.py:496} INFO - Filling up the DagBag from /home/airflow/.local/lib/python3.6/site-packages/airflow/example_dags/example_branch_day_of_week_operator.py
[2023-12-28 09:31:39,033] {processor.py:623} INFO - DAG(s) dict_keys(['example_weekday_branch_operator']) retrieved from /home/airflow/.local/lib/python3.6/site-packages/airflow/example_dags/example_branch_day_of_week_operator.py
[2023-12-28 09:31:39,061] {logging_mixin.py:109} INFO - [2023-12-28 09:31:39,061] {dag.py:1834} INFO - Sync 1 DAGs
[2023-12-28 09:31:39,082] {logging_mixin.py:109} INFO - [2023-12-28 09:31:39,082] {dag.py:2287} INFO - Setting next_dagrun for example_weekday_branch_operator to 2023-12-26 00:00:00+00:00
[2023-12-28 09:31:39,098] {processor.py:170} INFO - Processing /home/airflow/.local/lib/python3.6/site-packages/airflow/example_dags/example_branch_day_of_week_operator.py took 0.085 seconds
[2023-12-28 09:32:10,271] {processor.py:162} INFO - Started process (PID=5228) to work on /home/airflow/.local/lib/python3.6/site-packages/airflow/example_dags/example_branch_day_of_week_operator.py
[2023-12-28 09:32:10,272] {processor.py:613} INFO - Processing file /home/airflow/.local/lib/python3.6/site-packages/airflow/example_dags/example_branch_day_of_week_operator.py for tasks to queue
[2023-12-28 09:32:10,273] {logging_mixin.py:109} INFO - [2023-12-28 09:32:10,273] {dagbag.py:496} INFO - Filling up the DagBag from /home/airflow/.local/lib/python3.6/site-packages/airflow/example_dags/example_branch_day_of_week_operator.py
[2023-12-28 09:32:10,287] {processor.py:623} INFO - DAG(s) dict_keys(['example_weekday_branch_operator']) retrieved from /home/airflow/.local/lib/python3.6/site-packages/airflow/example_dags/example_branch_day_of_week_operator.py
[2023-12-28 09:32:10,312] {logging_mixin.py:109} INFO - [2023-12-28 09:32:10,312] {dag.py:1834} INFO - Sync 1 DAGs
[2023-12-28 09:32:10,331] {logging_mixin.py:109} INFO - [2023-12-28 09:32:10,331] {dag.py:2287} INFO - Setting next_dagrun for example_weekday_branch_operator to 2023-12-26 00:00:00+00:00
[2023-12-28 09:32:10,344] {processor.py:170} INFO - Processing /home/airflow/.local/lib/python3.6/site-packages/airflow/example_dags/example_branch_day_of_week_operator.py took 0.076 seconds
[2023-12-28 09:32:41,345] {processor.py:162} INFO - Started process (PID=5421) to work on /home/airflow/.local/lib/python3.6/site-packages/airflow/example_dags/example_branch_day_of_week_operator.py
[2023-12-28 09:32:41,347] {processor.py:613} INFO - Processing file /home/airflow/.local/lib/python3.6/site-packages/airflow/example_dags/example_branch_day_of_week_operator.py for tasks to queue
[2023-12-28 09:32:41,348] {logging_mixin.py:109} INFO - [2023-12-28 09:32:41,348] {dagbag.py:496} INFO - Filling up the DagBag from /home/airflow/.local/lib/python3.6/site-packages/airflow/example_dags/example_branch_day_of_week_operator.py
[2023-12-28 09:32:41,363] {processor.py:623} INFO - DAG(s) dict_keys(['example_weekday_branch_operator']) retrieved from /home/airflow/.local/lib/python3.6/site-packages/airflow/example_dags/example_branch_day_of_week_operator.py
[2023-12-28 09:32:41,392] {logging_mixin.py:109} INFO - [2023-12-28 09:32:41,392] {dag.py:1834} INFO - Sync 1 DAGs
[2023-12-28 09:32:41,412] {logging_mixin.py:109} INFO - [2023-12-28 09:32:41,412] {dag.py:2287} INFO - Setting next_dagrun for example_weekday_branch_operator to 2023-12-26 00:00:00+00:00
[2023-12-28 09:32:41,429] {processor.py:170} INFO - Processing /home/airflow/.local/lib/python3.6/site-packages/airflow/example_dags/example_branch_day_of_week_operator.py took 0.086 seconds
[2023-12-28 09:33:11,847] {processor.py:162} INFO - Started process (PID=5628) to work on /home/airflow/.local/lib/python3.6/site-packages/airflow/example_dags/example_branch_day_of_week_operator.py
[2023-12-28 09:33:11,848] {processor.py:613} INFO - Processing file /home/airflow/.local/lib/python3.6/site-packages/airflow/example_dags/example_branch_day_of_week_operator.py for tasks to queue
[2023-12-28 09:33:11,849] {logging_mixin.py:109} INFO - [2023-12-28 09:33:11,849] {dagbag.py:496} INFO - Filling up the DagBag from /home/airflow/.local/lib/python3.6/site-packages/airflow/example_dags/example_branch_day_of_week_operator.py
[2023-12-28 09:33:11,866] {processor.py:623} INFO - DAG(s) dict_keys(['example_weekday_branch_operator']) retrieved from /home/airflow/.local/lib/python3.6/site-packages/airflow/example_dags/example_branch_day_of_week_operator.py
[2023-12-28 09:33:11,895] {logging_mixin.py:109} INFO - [2023-12-28 09:33:11,895] {dag.py:1834} INFO - Sync 1 DAGs
[2023-12-28 09:33:11,918] {logging_mixin.py:109} INFO - [2023-12-28 09:33:11,917] {dag.py:2287} INFO - Setting next_dagrun for example_weekday_branch_operator to 2023-12-26 00:00:00+00:00
[2023-12-28 09:33:11,933] {processor.py:170} INFO - Processing /home/airflow/.local/lib/python3.6/site-packages/airflow/example_dags/example_branch_day_of_week_operator.py took 0.089 seconds
[2023-12-28 09:33:42,094] {processor.py:162} INFO - Started process (PID=5821) to work on /home/airflow/.local/lib/python3.6/site-packages/airflow/example_dags/example_branch_day_of_week_operator.py
[2023-12-28 09:33:42,096] {processor.py:613} INFO - Processing file /home/airflow/.local/lib/python3.6/site-packages/airflow/example_dags/example_branch_day_of_week_operator.py for tasks to queue
[2023-12-28 09:33:42,097] {logging_mixin.py:109} INFO - [2023-12-28 09:33:42,097] {dagbag.py:496} INFO - Filling up the DagBag from /home/airflow/.local/lib/python3.6/site-packages/airflow/example_dags/example_branch_day_of_week_operator.py
[2023-12-28 09:33:42,113] {processor.py:623} INFO - DAG(s) dict_keys(['example_weekday_branch_operator']) retrieved from /home/airflow/.local/lib/python3.6/site-packages/airflow/example_dags/example_branch_day_of_week_operator.py
[2023-12-28 09:33:42,141] {logging_mixin.py:109} INFO - [2023-12-28 09:33:42,140] {dag.py:1834} INFO - Sync 1 DAGs
[2023-12-28 09:33:42,161] {logging_mixin.py:109} INFO - [2023-12-28 09:33:42,161] {dag.py:2287} INFO - Setting next_dagrun for example_weekday_branch_operator to 2023-12-26 00:00:00+00:00
[2023-12-28 09:33:42,178] {processor.py:170} INFO - Processing /home/airflow/.local/lib/python3.6/site-packages/airflow/example_dags/example_branch_day_of_week_operator.py took 0.087 seconds
[2023-12-28 09:34:12,452] {processor.py:162} INFO - Started process (PID=6016) to work on /home/airflow/.local/lib/python3.6/site-packages/airflow/example_dags/example_branch_day_of_week_operator.py
[2023-12-28 09:34:12,454] {processor.py:613} INFO - Processing file /home/airflow/.local/lib/python3.6/site-packages/airflow/example_dags/example_branch_day_of_week_operator.py for tasks to queue
[2023-12-28 09:34:12,455] {logging_mixin.py:109} INFO - [2023-12-28 09:34:12,455] {dagbag.py:496} INFO - Filling up the DagBag from /home/airflow/.local/lib/python3.6/site-packages/airflow/example_dags/example_branch_day_of_week_operator.py
[2023-12-28 09:34:12,471] {processor.py:623} INFO - DAG(s) dict_keys(['example_weekday_branch_operator']) retrieved from /home/airflow/.local/lib/python3.6/site-packages/airflow/example_dags/example_branch_day_of_week_operator.py
[2023-12-28 09:34:12,495] {logging_mixin.py:109} INFO - [2023-12-28 09:34:12,495] {dag.py:1834} INFO - Sync 1 DAGs
[2023-12-28 09:34:12,516] {logging_mixin.py:109} INFO - [2023-12-28 09:34:12,516] {dag.py:2287} INFO - Setting next_dagrun for example_weekday_branch_operator to 2023-12-26 00:00:00+00:00
[2023-12-28 09:34:12,531] {processor.py:170} INFO - Processing /home/airflow/.local/lib/python3.6/site-packages/airflow/example_dags/example_branch_day_of_week_operator.py took 0.082 seconds
[2023-12-28 09:34:43,463] {processor.py:162} INFO - Started process (PID=6223) to work on /home/airflow/.local/lib/python3.6/site-packages/airflow/example_dags/example_branch_day_of_week_operator.py
[2023-12-28 09:34:43,465] {processor.py:613} INFO - Processing file /home/airflow/.local/lib/python3.6/site-packages/airflow/example_dags/example_branch_day_of_week_operator.py for tasks to queue
[2023-12-28 09:34:43,466] {logging_mixin.py:109} INFO - [2023-12-28 09:34:43,466] {dagbag.py:496} INFO - Filling up the DagBag from /home/airflow/.local/lib/python3.6/site-packages/airflow/example_dags/example_branch_day_of_week_operator.py
[2023-12-28 09:34:43,480] {processor.py:623} INFO - DAG(s) dict_keys(['example_weekday_branch_operator']) retrieved from /home/airflow/.local/lib/python3.6/site-packages/airflow/example_dags/example_branch_day_of_week_operator.py
[2023-12-28 09:34:43,504] {logging_mixin.py:109} INFO - [2023-12-28 09:34:43,504] {dag.py:1834} INFO - Sync 1 DAGs
[2023-12-28 09:34:43,525] {logging_mixin.py:109} INFO - [2023-12-28 09:34:43,524] {dag.py:2287} INFO - Setting next_dagrun for example_weekday_branch_operator to 2023-12-26 00:00:00+00:00
[2023-12-28 09:34:43,538] {processor.py:170} INFO - Processing /home/airflow/.local/lib/python3.6/site-packages/airflow/example_dags/example_branch_day_of_week_operator.py took 0.078 seconds
[2023-12-28 09:35:14,609] {processor.py:162} INFO - Started process (PID=6418) to work on /home/airflow/.local/lib/python3.6/site-packages/airflow/example_dags/example_branch_day_of_week_operator.py
[2023-12-28 09:35:14,610] {processor.py:613} INFO - Processing file /home/airflow/.local/lib/python3.6/site-packages/airflow/example_dags/example_branch_day_of_week_operator.py for tasks to queue
[2023-12-28 09:35:14,611] {logging_mixin.py:109} INFO - [2023-12-28 09:35:14,610] {dagbag.py:496} INFO - Filling up the DagBag from /home/airflow/.local/lib/python3.6/site-packages/airflow/example_dags/example_branch_day_of_week_operator.py
[2023-12-28 09:35:14,623] {processor.py:623} INFO - DAG(s) dict_keys(['example_weekday_branch_operator']) retrieved from /home/airflow/.local/lib/python3.6/site-packages/airflow/example_dags/example_branch_day_of_week_operator.py
[2023-12-28 09:35:14,647] {logging_mixin.py:109} INFO - [2023-12-28 09:35:14,647] {dag.py:1834} INFO - Sync 1 DAGs
[2023-12-28 09:35:14,667] {logging_mixin.py:109} INFO - [2023-12-28 09:35:14,667] {dag.py:2287} INFO - Setting next_dagrun for example_weekday_branch_operator to 2023-12-26 00:00:00+00:00
[2023-12-28 09:35:14,680] {processor.py:170} INFO - Processing /home/airflow/.local/lib/python3.6/site-packages/airflow/example_dags/example_branch_day_of_week_operator.py took 0.074 seconds
[2023-12-28 09:35:45,693] {processor.py:162} INFO - Started process (PID=6621) to work on /home/airflow/.local/lib/python3.6/site-packages/airflow/example_dags/example_branch_day_of_week_operator.py
[2023-12-28 09:35:45,695] {processor.py:613} INFO - Processing file /home/airflow/.local/lib/python3.6/site-packages/airflow/example_dags/example_branch_day_of_week_operator.py for tasks to queue
[2023-12-28 09:35:45,696] {logging_mixin.py:109} INFO - [2023-12-28 09:35:45,695] {dagbag.py:496} INFO - Filling up the DagBag from /home/airflow/.local/lib/python3.6/site-packages/airflow/example_dags/example_branch_day_of_week_operator.py
[2023-12-28 09:35:45,709] {processor.py:623} INFO - DAG(s) dict_keys(['example_weekday_branch_operator']) retrieved from /home/airflow/.local/lib/python3.6/site-packages/airflow/example_dags/example_branch_day_of_week_operator.py
[2023-12-28 09:35:45,732] {logging_mixin.py:109} INFO - [2023-12-28 09:35:45,732] {dag.py:1834} INFO - Sync 1 DAGs
[2023-12-28 09:35:45,750] {logging_mixin.py:109} INFO - [2023-12-28 09:35:45,749] {dag.py:2287} INFO - Setting next_dagrun for example_weekday_branch_operator to 2023-12-26 00:00:00+00:00
[2023-12-28 09:35:45,763] {processor.py:170} INFO - Processing /home/airflow/.local/lib/python3.6/site-packages/airflow/example_dags/example_branch_day_of_week_operator.py took 0.073 seconds
[2023-12-28 09:36:16,921] {processor.py:162} INFO - Started process (PID=6818) to work on /home/airflow/.local/lib/python3.6/site-packages/airflow/example_dags/example_branch_day_of_week_operator.py
[2023-12-28 09:36:16,922] {processor.py:613} INFO - Processing file /home/airflow/.local/lib/python3.6/site-packages/airflow/example_dags/example_branch_day_of_week_operator.py for tasks to queue
[2023-12-28 09:36:16,923] {logging_mixin.py:109} INFO - [2023-12-28 09:36:16,923] {dagbag.py:496} INFO - Filling up the DagBag from /home/airflow/.local/lib/python3.6/site-packages/airflow/example_dags/example_branch_day_of_week_operator.py
[2023-12-28 09:36:16,936] {processor.py:623} INFO - DAG(s) dict_keys(['example_weekday_branch_operator']) retrieved from /home/airflow/.local/lib/python3.6/site-packages/airflow/example_dags/example_branch_day_of_week_operator.py
[2023-12-28 09:36:16,964] {logging_mixin.py:109} INFO - [2023-12-28 09:36:16,964] {dag.py:1834} INFO - Sync 1 DAGs
[2023-12-28 09:36:16,984] {logging_mixin.py:109} INFO - [2023-12-28 09:36:16,984] {dag.py:2287} INFO - Setting next_dagrun for example_weekday_branch_operator to 2023-12-26 00:00:00+00:00
[2023-12-28 09:36:16,997] {processor.py:170} INFO - Processing /home/airflow/.local/lib/python3.6/site-packages/airflow/example_dags/example_branch_day_of_week_operator.py took 0.079 seconds
[2023-12-28 09:36:47,848] {processor.py:162} INFO - Started process (PID=7021) to work on /home/airflow/.local/lib/python3.6/site-packages/airflow/example_dags/example_branch_day_of_week_operator.py
[2023-12-28 09:36:47,851] {processor.py:613} INFO - Processing file /home/airflow/.local/lib/python3.6/site-packages/airflow/example_dags/example_branch_day_of_week_operator.py for tasks to queue
[2023-12-28 09:36:47,852] {logging_mixin.py:109} INFO - [2023-12-28 09:36:47,852] {dagbag.py:496} INFO - Filling up the DagBag from /home/airflow/.local/lib/python3.6/site-packages/airflow/example_dags/example_branch_day_of_week_operator.py
[2023-12-28 09:36:47,869] {processor.py:623} INFO - DAG(s) dict_keys(['example_weekday_branch_operator']) retrieved from /home/airflow/.local/lib/python3.6/site-packages/airflow/example_dags/example_branch_day_of_week_operator.py
[2023-12-28 09:36:47,902] {logging_mixin.py:109} INFO - [2023-12-28 09:36:47,902] {dag.py:1834} INFO - Sync 1 DAGs
[2023-12-28 09:36:47,930] {logging_mixin.py:109} INFO - [2023-12-28 09:36:47,930] {dag.py:2287} INFO - Setting next_dagrun for example_weekday_branch_operator to 2023-12-26 00:00:00+00:00
[2023-12-28 09:36:47,950] {processor.py:170} INFO - Processing /home/airflow/.local/lib/python3.6/site-packages/airflow/example_dags/example_branch_day_of_week_operator.py took 0.105 seconds
[2023-12-28 09:37:19,153] {processor.py:162} INFO - Started process (PID=7216) to work on /home/airflow/.local/lib/python3.6/site-packages/airflow/example_dags/example_branch_day_of_week_operator.py
[2023-12-28 09:37:19,155] {processor.py:613} INFO - Processing file /home/airflow/.local/lib/python3.6/site-packages/airflow/example_dags/example_branch_day_of_week_operator.py for tasks to queue
[2023-12-28 09:37:19,156] {logging_mixin.py:109} INFO - [2023-12-28 09:37:19,156] {dagbag.py:496} INFO - Filling up the DagBag from /home/airflow/.local/lib/python3.6/site-packages/airflow/example_dags/example_branch_day_of_week_operator.py
[2023-12-28 09:37:19,187] {processor.py:623} INFO - DAG(s) dict_keys(['example_weekday_branch_operator']) retrieved from /home/airflow/.local/lib/python3.6/site-packages/airflow/example_dags/example_branch_day_of_week_operator.py
[2023-12-28 09:37:19,214] {logging_mixin.py:109} INFO - [2023-12-28 09:37:19,214] {dag.py:1834} INFO - Sync 1 DAGs
[2023-12-28 09:37:19,232] {logging_mixin.py:109} INFO - [2023-12-28 09:37:19,231] {dag.py:2287} INFO - Setting next_dagrun for example_weekday_branch_operator to 2023-12-26 00:00:00+00:00
[2023-12-28 09:37:19,245] {processor.py:170} INFO - Processing /home/airflow/.local/lib/python3.6/site-packages/airflow/example_dags/example_branch_day_of_week_operator.py took 0.100 seconds
[2023-12-28 09:37:50,142] {processor.py:162} INFO - Started process (PID=7420) to work on /home/airflow/.local/lib/python3.6/site-packages/airflow/example_dags/example_branch_day_of_week_operator.py
[2023-12-28 09:37:50,144] {processor.py:613} INFO - Processing file /home/airflow/.local/lib/python3.6/site-packages/airflow/example_dags/example_branch_day_of_week_operator.py for tasks to queue
[2023-12-28 09:37:50,145] {logging_mixin.py:109} INFO - [2023-12-28 09:37:50,145] {dagbag.py:496} INFO - Filling up the DagBag from /home/airflow/.local/lib/python3.6/site-packages/airflow/example_dags/example_branch_day_of_week_operator.py
[2023-12-28 09:37:50,157] {processor.py:623} INFO - DAG(s) dict_keys(['example_weekday_branch_operator']) retrieved from /home/airflow/.local/lib/python3.6/site-packages/airflow/example_dags/example_branch_day_of_week_operator.py
[2023-12-28 09:37:50,181] {logging_mixin.py:109} INFO - [2023-12-28 09:37:50,181] {dag.py:1834} INFO - Sync 1 DAGs
[2023-12-28 09:37:50,201] {logging_mixin.py:109} INFO - [2023-12-28 09:37:50,201] {dag.py:2287} INFO - Setting next_dagrun for example_weekday_branch_operator to 2023-12-26 00:00:00+00:00
[2023-12-28 09:37:50,214] {processor.py:170} INFO - Processing /home/airflow/.local/lib/python3.6/site-packages/airflow/example_dags/example_branch_day_of_week_operator.py took 0.075 seconds
[2023-12-28 09:38:20,512] {processor.py:162} INFO - Started process (PID=7616) to work on /home/airflow/.local/lib/python3.6/site-packages/airflow/example_dags/example_branch_day_of_week_operator.py
[2023-12-28 09:38:20,513] {processor.py:613} INFO - Processing file /home/airflow/.local/lib/python3.6/site-packages/airflow/example_dags/example_branch_day_of_week_operator.py for tasks to queue
[2023-12-28 09:38:20,514] {logging_mixin.py:109} INFO - [2023-12-28 09:38:20,514] {dagbag.py:496} INFO - Filling up the DagBag from /home/airflow/.local/lib/python3.6/site-packages/airflow/example_dags/example_branch_day_of_week_operator.py
[2023-12-28 09:38:20,527] {processor.py:623} INFO - DAG(s) dict_keys(['example_weekday_branch_operator']) retrieved from /home/airflow/.local/lib/python3.6/site-packages/airflow/example_dags/example_branch_day_of_week_operator.py
[2023-12-28 09:38:20,550] {logging_mixin.py:109} INFO - [2023-12-28 09:38:20,550] {dag.py:1834} INFO - Sync 1 DAGs
[2023-12-28 09:38:20,568] {logging_mixin.py:109} INFO - [2023-12-28 09:38:20,567] {dag.py:2287} INFO - Setting next_dagrun for example_weekday_branch_operator to 2023-12-26 00:00:00+00:00
[2023-12-28 09:38:20,580] {processor.py:170} INFO - Processing /home/airflow/.local/lib/python3.6/site-packages/airflow/example_dags/example_branch_day_of_week_operator.py took 0.071 seconds
[2023-12-28 09:38:51,501] {processor.py:162} INFO - Started process (PID=7811) to work on /home/airflow/.local/lib/python3.6/site-packages/airflow/example_dags/example_branch_day_of_week_operator.py
[2023-12-28 09:38:51,502] {processor.py:613} INFO - Processing file /home/airflow/.local/lib/python3.6/site-packages/airflow/example_dags/example_branch_day_of_week_operator.py for tasks to queue
[2023-12-28 09:38:51,503] {logging_mixin.py:109} INFO - [2023-12-28 09:38:51,503] {dagbag.py:496} INFO - Filling up the DagBag from /home/airflow/.local/lib/python3.6/site-packages/airflow/example_dags/example_branch_day_of_week_operator.py
[2023-12-28 09:38:51,515] {processor.py:623} INFO - DAG(s) dict_keys(['example_weekday_branch_operator']) retrieved from /home/airflow/.local/lib/python3.6/site-packages/airflow/example_dags/example_branch_day_of_week_operator.py
[2023-12-28 09:38:51,539] {logging_mixin.py:109} INFO - [2023-12-28 09:38:51,539] {dag.py:1834} INFO - Sync 1 DAGs
[2023-12-28 09:38:51,557] {logging_mixin.py:109} INFO - [2023-12-28 09:38:51,557] {dag.py:2287} INFO - Setting next_dagrun for example_weekday_branch_operator to 2023-12-26 00:00:00+00:00
[2023-12-28 09:38:51,570] {processor.py:170} INFO - Processing /home/airflow/.local/lib/python3.6/site-packages/airflow/example_dags/example_branch_day_of_week_operator.py took 0.072 seconds
[2023-12-28 09:39:22,241] {processor.py:162} INFO - Started process (PID=8016) to work on /home/airflow/.local/lib/python3.6/site-packages/airflow/example_dags/example_branch_day_of_week_operator.py
[2023-12-28 09:39:22,242] {processor.py:613} INFO - Processing file /home/airflow/.local/lib/python3.6/site-packages/airflow/example_dags/example_branch_day_of_week_operator.py for tasks to queue
[2023-12-28 09:39:22,242] {logging_mixin.py:109} INFO - [2023-12-28 09:39:22,242] {dagbag.py:496} INFO - Filling up the DagBag from /home/airflow/.local/lib/python3.6/site-packages/airflow/example_dags/example_branch_day_of_week_operator.py
[2023-12-28 09:39:22,254] {processor.py:623} INFO - DAG(s) dict_keys(['example_weekday_branch_operator']) retrieved from /home/airflow/.local/lib/python3.6/site-packages/airflow/example_dags/example_branch_day_of_week_operator.py
[2023-12-28 09:39:22,274] {logging_mixin.py:109} INFO - [2023-12-28 09:39:22,274] {dag.py:1834} INFO - Sync 1 DAGs
[2023-12-28 09:39:22,290] {logging_mixin.py:109} INFO - [2023-12-28 09:39:22,290] {dag.py:2287} INFO - Setting next_dagrun for example_weekday_branch_operator to 2023-12-26 00:00:00+00:00
[2023-12-28 09:39:22,302] {processor.py:170} INFO - Processing /home/airflow/.local/lib/python3.6/site-packages/airflow/example_dags/example_branch_day_of_week_operator.py took 0.063 seconds
[2023-12-28 09:39:53,287] {processor.py:162} INFO - Started process (PID=8213) to work on /home/airflow/.local/lib/python3.6/site-packages/airflow/example_dags/example_branch_day_of_week_operator.py
[2023-12-28 09:39:53,289] {processor.py:613} INFO - Processing file /home/airflow/.local/lib/python3.6/site-packages/airflow/example_dags/example_branch_day_of_week_operator.py for tasks to queue
[2023-12-28 09:39:53,289] {logging_mixin.py:109} INFO - [2023-12-28 09:39:53,289] {dagbag.py:496} INFO - Filling up the DagBag from /home/airflow/.local/lib/python3.6/site-packages/airflow/example_dags/example_branch_day_of_week_operator.py
[2023-12-28 09:39:53,302] {processor.py:623} INFO - DAG(s) dict_keys(['example_weekday_branch_operator']) retrieved from /home/airflow/.local/lib/python3.6/site-packages/airflow/example_dags/example_branch_day_of_week_operator.py
[2023-12-28 09:39:53,325] {logging_mixin.py:109} INFO - [2023-12-28 09:39:53,325] {dag.py:1834} INFO - Sync 1 DAGs
[2023-12-28 09:39:53,344] {logging_mixin.py:109} INFO - [2023-12-28 09:39:53,344] {dag.py:2287} INFO - Setting next_dagrun for example_weekday_branch_operator to 2023-12-26 00:00:00+00:00
[2023-12-28 09:39:53,357] {processor.py:170} INFO - Processing /home/airflow/.local/lib/python3.6/site-packages/airflow/example_dags/example_branch_day_of_week_operator.py took 0.073 seconds
[2023-12-28 09:40:23,617] {processor.py:162} INFO - Started process (PID=8416) to work on /home/airflow/.local/lib/python3.6/site-packages/airflow/example_dags/example_branch_day_of_week_operator.py
[2023-12-28 09:40:23,618] {processor.py:613} INFO - Processing file /home/airflow/.local/lib/python3.6/site-packages/airflow/example_dags/example_branch_day_of_week_operator.py for tasks to queue
[2023-12-28 09:40:23,619] {logging_mixin.py:109} INFO - [2023-12-28 09:40:23,619] {dagbag.py:496} INFO - Filling up the DagBag from /home/airflow/.local/lib/python3.6/site-packages/airflow/example_dags/example_branch_day_of_week_operator.py
[2023-12-28 09:40:23,634] {processor.py:623} INFO - DAG(s) dict_keys(['example_weekday_branch_operator']) retrieved from /home/airflow/.local/lib/python3.6/site-packages/airflow/example_dags/example_branch_day_of_week_operator.py
[2023-12-28 09:40:23,660] {logging_mixin.py:109} INFO - [2023-12-28 09:40:23,660] {dag.py:1834} INFO - Sync 1 DAGs
[2023-12-28 09:40:23,681] {logging_mixin.py:109} INFO - [2023-12-28 09:40:23,680] {dag.py:2287} INFO - Setting next_dagrun for example_weekday_branch_operator to 2023-12-26 00:00:00+00:00
[2023-12-28 09:40:23,694] {processor.py:170} INFO - Processing /home/airflow/.local/lib/python3.6/site-packages/airflow/example_dags/example_branch_day_of_week_operator.py took 0.080 seconds
