[2023-12-28 09:19:24,876] {processor.py:162} INFO - Started process (PID=321) to work on /home/airflow/.local/lib/python3.6/site-packages/airflow/example_dags/example_trigger_target_dag.py
[2023-12-28 09:19:24,877] {processor.py:613} INFO - Processing file /home/airflow/.local/lib/python3.6/site-packages/airflow/example_dags/example_trigger_target_dag.py for tasks to queue
[2023-12-28 09:19:24,878] {logging_mixin.py:109} INFO - [2023-12-28 09:19:24,877] {dagbag.py:496} INFO - Filling up the DagBag from /home/airflow/.local/lib/python3.6/site-packages/airflow/example_dags/example_trigger_target_dag.py
[2023-12-28 09:19:24,890] {processor.py:623} INFO - DAG(s) dict_keys(['example_trigger_target_dag']) retrieved from /home/airflow/.local/lib/python3.6/site-packages/airflow/example_dags/example_trigger_target_dag.py
[2023-12-28 09:19:25,084] {logging_mixin.py:109} INFO - [2023-12-28 09:19:25,084] {dag.py:1834} INFO - Sync 1 DAGs
[2023-12-28 09:19:25,097] {logging_mixin.py:109} INFO - [2023-12-28 09:19:25,097] {dag.py:2287} INFO - Setting next_dagrun for example_trigger_target_dag to None
[2023-12-28 09:19:25,113] {processor.py:170} INFO - Processing /home/airflow/.local/lib/python3.6/site-packages/airflow/example_dags/example_trigger_target_dag.py took 0.240 seconds
[2023-12-28 09:19:56,193] {processor.py:162} INFO - Started process (PID=518) to work on /home/airflow/.local/lib/python3.6/site-packages/airflow/example_dags/example_trigger_target_dag.py
[2023-12-28 09:19:56,195] {processor.py:613} INFO - Processing file /home/airflow/.local/lib/python3.6/site-packages/airflow/example_dags/example_trigger_target_dag.py for tasks to queue
[2023-12-28 09:19:56,198] {logging_mixin.py:109} INFO - [2023-12-28 09:19:56,197] {dagbag.py:496} INFO - Filling up the DagBag from /home/airflow/.local/lib/python3.6/site-packages/airflow/example_dags/example_trigger_target_dag.py
[2023-12-28 09:19:56,236] {processor.py:623} INFO - DAG(s) dict_keys(['example_trigger_target_dag']) retrieved from /home/airflow/.local/lib/python3.6/site-packages/airflow/example_dags/example_trigger_target_dag.py
[2023-12-28 09:19:56,280] {logging_mixin.py:109} INFO - [2023-12-28 09:19:56,280] {dag.py:1834} INFO - Sync 1 DAGs
[2023-12-28 09:19:56,306] {logging_mixin.py:109} INFO - [2023-12-28 09:19:56,306] {dag.py:2287} INFO - Setting next_dagrun for example_trigger_target_dag to None
[2023-12-28 09:19:56,327] {processor.py:170} INFO - Processing /home/airflow/.local/lib/python3.6/site-packages/airflow/example_dags/example_trigger_target_dag.py took 0.141 seconds
[2023-12-28 09:20:26,705] {processor.py:162} INFO - Started process (PID=721) to work on /home/airflow/.local/lib/python3.6/site-packages/airflow/example_dags/example_trigger_target_dag.py
[2023-12-28 09:20:26,706] {processor.py:613} INFO - Processing file /home/airflow/.local/lib/python3.6/site-packages/airflow/example_dags/example_trigger_target_dag.py for tasks to queue
[2023-12-28 09:20:26,707] {logging_mixin.py:109} INFO - [2023-12-28 09:20:26,707] {dagbag.py:496} INFO - Filling up the DagBag from /home/airflow/.local/lib/python3.6/site-packages/airflow/example_dags/example_trigger_target_dag.py
[2023-12-28 09:20:26,718] {processor.py:623} INFO - DAG(s) dict_keys(['example_trigger_target_dag']) retrieved from /home/airflow/.local/lib/python3.6/site-packages/airflow/example_dags/example_trigger_target_dag.py
[2023-12-28 09:20:26,741] {logging_mixin.py:109} INFO - [2023-12-28 09:20:26,741] {dag.py:1834} INFO - Sync 1 DAGs
[2023-12-28 09:20:26,754] {logging_mixin.py:109} INFO - [2023-12-28 09:20:26,754] {dag.py:2287} INFO - Setting next_dagrun for example_trigger_target_dag to None
[2023-12-28 09:20:26,766] {processor.py:170} INFO - Processing /home/airflow/.local/lib/python3.6/site-packages/airflow/example_dags/example_trigger_target_dag.py took 0.063 seconds
[2023-12-28 09:20:57,259] {processor.py:162} INFO - Started process (PID=916) to work on /home/airflow/.local/lib/python3.6/site-packages/airflow/example_dags/example_trigger_target_dag.py
[2023-12-28 09:20:57,259] {processor.py:613} INFO - Processing file /home/airflow/.local/lib/python3.6/site-packages/airflow/example_dags/example_trigger_target_dag.py for tasks to queue
[2023-12-28 09:20:57,260] {logging_mixin.py:109} INFO - [2023-12-28 09:20:57,260] {dagbag.py:496} INFO - Filling up the DagBag from /home/airflow/.local/lib/python3.6/site-packages/airflow/example_dags/example_trigger_target_dag.py
[2023-12-28 09:20:57,274] {processor.py:623} INFO - DAG(s) dict_keys(['example_trigger_target_dag']) retrieved from /home/airflow/.local/lib/python3.6/site-packages/airflow/example_dags/example_trigger_target_dag.py
[2023-12-28 09:20:57,297] {logging_mixin.py:109} INFO - [2023-12-28 09:20:57,297] {dag.py:1834} INFO - Sync 1 DAGs
[2023-12-28 09:20:57,312] {logging_mixin.py:109} INFO - [2023-12-28 09:20:57,312] {dag.py:2287} INFO - Setting next_dagrun for example_trigger_target_dag to None
[2023-12-28 09:20:57,324] {processor.py:170} INFO - Processing /home/airflow/.local/lib/python3.6/site-packages/airflow/example_dags/example_trigger_target_dag.py took 0.068 seconds
[2023-12-28 09:21:28,159] {processor.py:162} INFO - Started process (PID=1121) to work on /home/airflow/.local/lib/python3.6/site-packages/airflow/example_dags/example_trigger_target_dag.py
[2023-12-28 09:21:28,161] {processor.py:613} INFO - Processing file /home/airflow/.local/lib/python3.6/site-packages/airflow/example_dags/example_trigger_target_dag.py for tasks to queue
[2023-12-28 09:21:28,161] {logging_mixin.py:109} INFO - [2023-12-28 09:21:28,161] {dagbag.py:496} INFO - Filling up the DagBag from /home/airflow/.local/lib/python3.6/site-packages/airflow/example_dags/example_trigger_target_dag.py
[2023-12-28 09:21:28,177] {processor.py:623} INFO - DAG(s) dict_keys(['example_trigger_target_dag']) retrieved from /home/airflow/.local/lib/python3.6/site-packages/airflow/example_dags/example_trigger_target_dag.py
[2023-12-28 09:21:28,205] {logging_mixin.py:109} INFO - [2023-12-28 09:21:28,205] {dag.py:1834} INFO - Sync 1 DAGs
[2023-12-28 09:21:28,224] {logging_mixin.py:109} INFO - [2023-12-28 09:21:28,223] {dag.py:2287} INFO - Setting next_dagrun for example_trigger_target_dag to None
[2023-12-28 09:21:28,241] {processor.py:170} INFO - Processing /home/airflow/.local/lib/python3.6/site-packages/airflow/example_dags/example_trigger_target_dag.py took 0.086 seconds
[2023-12-28 09:21:58,899] {processor.py:162} INFO - Started process (PID=1316) to work on /home/airflow/.local/lib/python3.6/site-packages/airflow/example_dags/example_trigger_target_dag.py
[2023-12-28 09:21:58,900] {processor.py:613} INFO - Processing file /home/airflow/.local/lib/python3.6/site-packages/airflow/example_dags/example_trigger_target_dag.py for tasks to queue
[2023-12-28 09:21:58,901] {logging_mixin.py:109} INFO - [2023-12-28 09:21:58,901] {dagbag.py:496} INFO - Filling up the DagBag from /home/airflow/.local/lib/python3.6/site-packages/airflow/example_dags/example_trigger_target_dag.py
[2023-12-28 09:21:58,916] {processor.py:623} INFO - DAG(s) dict_keys(['example_trigger_target_dag']) retrieved from /home/airflow/.local/lib/python3.6/site-packages/airflow/example_dags/example_trigger_target_dag.py
[2023-12-28 09:21:58,944] {logging_mixin.py:109} INFO - [2023-12-28 09:21:58,944] {dag.py:1834} INFO - Sync 1 DAGs
[2023-12-28 09:21:58,962] {logging_mixin.py:109} INFO - [2023-12-28 09:21:58,961] {dag.py:2287} INFO - Setting next_dagrun for example_trigger_target_dag to None
[2023-12-28 09:21:58,980] {processor.py:170} INFO - Processing /home/airflow/.local/lib/python3.6/site-packages/airflow/example_dags/example_trigger_target_dag.py took 0.084 seconds
[2023-12-28 09:22:29,344] {processor.py:162} INFO - Started process (PID=1520) to work on /home/airflow/.local/lib/python3.6/site-packages/airflow/example_dags/example_trigger_target_dag.py
[2023-12-28 09:22:29,346] {processor.py:613} INFO - Processing file /home/airflow/.local/lib/python3.6/site-packages/airflow/example_dags/example_trigger_target_dag.py for tasks to queue
[2023-12-28 09:22:29,346] {logging_mixin.py:109} INFO - [2023-12-28 09:22:29,346] {dagbag.py:496} INFO - Filling up the DagBag from /home/airflow/.local/lib/python3.6/site-packages/airflow/example_dags/example_trigger_target_dag.py
[2023-12-28 09:22:29,359] {processor.py:623} INFO - DAG(s) dict_keys(['example_trigger_target_dag']) retrieved from /home/airflow/.local/lib/python3.6/site-packages/airflow/example_dags/example_trigger_target_dag.py
[2023-12-28 09:22:29,381] {logging_mixin.py:109} INFO - [2023-12-28 09:22:29,381] {dag.py:1834} INFO - Sync 1 DAGs
[2023-12-28 09:22:29,396] {logging_mixin.py:109} INFO - [2023-12-28 09:22:29,396] {dag.py:2287} INFO - Setting next_dagrun for example_trigger_target_dag to None
[2023-12-28 09:22:29,410] {processor.py:170} INFO - Processing /home/airflow/.local/lib/python3.6/site-packages/airflow/example_dags/example_trigger_target_dag.py took 0.069 seconds
[2023-12-28 09:22:59,890] {processor.py:162} INFO - Started process (PID=1716) to work on /home/airflow/.local/lib/python3.6/site-packages/airflow/example_dags/example_trigger_target_dag.py
[2023-12-28 09:22:59,891] {processor.py:613} INFO - Processing file /home/airflow/.local/lib/python3.6/site-packages/airflow/example_dags/example_trigger_target_dag.py for tasks to queue
[2023-12-28 09:22:59,892] {logging_mixin.py:109} INFO - [2023-12-28 09:22:59,892] {dagbag.py:496} INFO - Filling up the DagBag from /home/airflow/.local/lib/python3.6/site-packages/airflow/example_dags/example_trigger_target_dag.py
[2023-12-28 09:22:59,906] {processor.py:623} INFO - DAG(s) dict_keys(['example_trigger_target_dag']) retrieved from /home/airflow/.local/lib/python3.6/site-packages/airflow/example_dags/example_trigger_target_dag.py
[2023-12-28 09:22:59,930] {logging_mixin.py:109} INFO - [2023-12-28 09:22:59,930] {dag.py:1834} INFO - Sync 1 DAGs
[2023-12-28 09:22:59,947] {logging_mixin.py:109} INFO - [2023-12-28 09:22:59,947] {dag.py:2287} INFO - Setting next_dagrun for example_trigger_target_dag to None
[2023-12-28 09:22:59,961] {processor.py:170} INFO - Processing /home/airflow/.local/lib/python3.6/site-packages/airflow/example_dags/example_trigger_target_dag.py took 0.074 seconds
[2023-12-28 09:23:30,425] {processor.py:162} INFO - Started process (PID=1911) to work on /home/airflow/.local/lib/python3.6/site-packages/airflow/example_dags/example_trigger_target_dag.py
[2023-12-28 09:23:30,427] {processor.py:613} INFO - Processing file /home/airflow/.local/lib/python3.6/site-packages/airflow/example_dags/example_trigger_target_dag.py for tasks to queue
[2023-12-28 09:23:30,428] {logging_mixin.py:109} INFO - [2023-12-28 09:23:30,428] {dagbag.py:496} INFO - Filling up the DagBag from /home/airflow/.local/lib/python3.6/site-packages/airflow/example_dags/example_trigger_target_dag.py
[2023-12-28 09:23:30,445] {processor.py:623} INFO - DAG(s) dict_keys(['example_trigger_target_dag']) retrieved from /home/airflow/.local/lib/python3.6/site-packages/airflow/example_dags/example_trigger_target_dag.py
[2023-12-28 09:23:30,476] {logging_mixin.py:109} INFO - [2023-12-28 09:23:30,476] {dag.py:1834} INFO - Sync 1 DAGs
[2023-12-28 09:23:30,495] {logging_mixin.py:109} INFO - [2023-12-28 09:23:30,495] {dag.py:2287} INFO - Setting next_dagrun for example_trigger_target_dag to None
[2023-12-28 09:23:30,514] {processor.py:170} INFO - Processing /home/airflow/.local/lib/python3.6/site-packages/airflow/example_dags/example_trigger_target_dag.py took 0.092 seconds
[2023-12-28 09:24:01,077] {processor.py:162} INFO - Started process (PID=2116) to work on /home/airflow/.local/lib/python3.6/site-packages/airflow/example_dags/example_trigger_target_dag.py
[2023-12-28 09:24:01,078] {processor.py:613} INFO - Processing file /home/airflow/.local/lib/python3.6/site-packages/airflow/example_dags/example_trigger_target_dag.py for tasks to queue
[2023-12-28 09:24:01,079] {logging_mixin.py:109} INFO - [2023-12-28 09:24:01,079] {dagbag.py:496} INFO - Filling up the DagBag from /home/airflow/.local/lib/python3.6/site-packages/airflow/example_dags/example_trigger_target_dag.py
[2023-12-28 09:24:01,093] {processor.py:623} INFO - DAG(s) dict_keys(['example_trigger_target_dag']) retrieved from /home/airflow/.local/lib/python3.6/site-packages/airflow/example_dags/example_trigger_target_dag.py
[2023-12-28 09:24:01,118] {logging_mixin.py:109} INFO - [2023-12-28 09:24:01,118] {dag.py:1834} INFO - Sync 1 DAGs
[2023-12-28 09:24:01,133] {logging_mixin.py:109} INFO - [2023-12-28 09:24:01,133] {dag.py:2287} INFO - Setting next_dagrun for example_trigger_target_dag to None
[2023-12-28 09:24:01,147] {processor.py:170} INFO - Processing /home/airflow/.local/lib/python3.6/site-packages/airflow/example_dags/example_trigger_target_dag.py took 0.072 seconds
[2023-12-28 09:24:31,668] {processor.py:162} INFO - Started process (PID=2311) to work on /home/airflow/.local/lib/python3.6/site-packages/airflow/example_dags/example_trigger_target_dag.py
[2023-12-28 09:24:31,670] {processor.py:613} INFO - Processing file /home/airflow/.local/lib/python3.6/site-packages/airflow/example_dags/example_trigger_target_dag.py for tasks to queue
[2023-12-28 09:24:31,671] {logging_mixin.py:109} INFO - [2023-12-28 09:24:31,671] {dagbag.py:496} INFO - Filling up the DagBag from /home/airflow/.local/lib/python3.6/site-packages/airflow/example_dags/example_trigger_target_dag.py
[2023-12-28 09:24:31,688] {processor.py:623} INFO - DAG(s) dict_keys(['example_trigger_target_dag']) retrieved from /home/airflow/.local/lib/python3.6/site-packages/airflow/example_dags/example_trigger_target_dag.py
[2023-12-28 09:24:31,718] {logging_mixin.py:109} INFO - [2023-12-28 09:24:31,718] {dag.py:1834} INFO - Sync 1 DAGs
[2023-12-28 09:24:31,740] {logging_mixin.py:109} INFO - [2023-12-28 09:24:31,740] {dag.py:2287} INFO - Setting next_dagrun for example_trigger_target_dag to None
[2023-12-28 09:24:31,753] {processor.py:170} INFO - Processing /home/airflow/.local/lib/python3.6/site-packages/airflow/example_dags/example_trigger_target_dag.py took 0.088 seconds
[2023-12-28 09:25:02,884] {processor.py:162} INFO - Started process (PID=2516) to work on /home/airflow/.local/lib/python3.6/site-packages/airflow/example_dags/example_trigger_target_dag.py
[2023-12-28 09:25:02,886] {processor.py:613} INFO - Processing file /home/airflow/.local/lib/python3.6/site-packages/airflow/example_dags/example_trigger_target_dag.py for tasks to queue
[2023-12-28 09:25:02,886] {logging_mixin.py:109} INFO - [2023-12-28 09:25:02,886] {dagbag.py:496} INFO - Filling up the DagBag from /home/airflow/.local/lib/python3.6/site-packages/airflow/example_dags/example_trigger_target_dag.py
[2023-12-28 09:25:02,902] {processor.py:623} INFO - DAG(s) dict_keys(['example_trigger_target_dag']) retrieved from /home/airflow/.local/lib/python3.6/site-packages/airflow/example_dags/example_trigger_target_dag.py
[2023-12-28 09:25:02,932] {logging_mixin.py:109} INFO - [2023-12-28 09:25:02,932] {dag.py:1834} INFO - Sync 1 DAGs
[2023-12-28 09:25:02,952] {logging_mixin.py:109} INFO - [2023-12-28 09:25:02,952] {dag.py:2287} INFO - Setting next_dagrun for example_trigger_target_dag to None
[2023-12-28 09:25:02,969] {processor.py:170} INFO - Processing /home/airflow/.local/lib/python3.6/site-packages/airflow/example_dags/example_trigger_target_dag.py took 0.089 seconds
[2023-12-28 09:25:33,031] {processor.py:162} INFO - Started process (PID=2691) to work on /home/airflow/.local/lib/python3.6/site-packages/airflow/example_dags/example_trigger_target_dag.py
[2023-12-28 09:25:33,032] {processor.py:613} INFO - Processing file /home/airflow/.local/lib/python3.6/site-packages/airflow/example_dags/example_trigger_target_dag.py for tasks to queue
[2023-12-28 09:25:33,033] {logging_mixin.py:109} INFO - [2023-12-28 09:25:33,033] {dagbag.py:496} INFO - Filling up the DagBag from /home/airflow/.local/lib/python3.6/site-packages/airflow/example_dags/example_trigger_target_dag.py
[2023-12-28 09:25:33,048] {processor.py:623} INFO - DAG(s) dict_keys(['example_trigger_target_dag']) retrieved from /home/airflow/.local/lib/python3.6/site-packages/airflow/example_dags/example_trigger_target_dag.py
[2023-12-28 09:25:33,076] {logging_mixin.py:109} INFO - [2023-12-28 09:25:33,076] {dag.py:1834} INFO - Sync 1 DAGs
[2023-12-28 09:25:33,095] {logging_mixin.py:109} INFO - [2023-12-28 09:25:33,095] {dag.py:2287} INFO - Setting next_dagrun for example_trigger_target_dag to None
[2023-12-28 09:25:33,112] {processor.py:170} INFO - Processing /home/airflow/.local/lib/python3.6/site-packages/airflow/example_dags/example_trigger_target_dag.py took 0.084 seconds
[2023-12-28 09:26:03,335] {processor.py:162} INFO - Started process (PID=2894) to work on /home/airflow/.local/lib/python3.6/site-packages/airflow/example_dags/example_trigger_target_dag.py
[2023-12-28 09:26:03,348] {processor.py:613} INFO - Processing file /home/airflow/.local/lib/python3.6/site-packages/airflow/example_dags/example_trigger_target_dag.py for tasks to queue
[2023-12-28 09:26:03,349] {logging_mixin.py:109} INFO - [2023-12-28 09:26:03,349] {dagbag.py:496} INFO - Filling up the DagBag from /home/airflow/.local/lib/python3.6/site-packages/airflow/example_dags/example_trigger_target_dag.py
[2023-12-28 09:26:03,362] {processor.py:623} INFO - DAG(s) dict_keys(['example_trigger_target_dag']) retrieved from /home/airflow/.local/lib/python3.6/site-packages/airflow/example_dags/example_trigger_target_dag.py
[2023-12-28 09:26:03,384] {logging_mixin.py:109} INFO - [2023-12-28 09:26:03,384] {dag.py:1834} INFO - Sync 1 DAGs
[2023-12-28 09:26:03,398] {logging_mixin.py:109} INFO - [2023-12-28 09:26:03,398] {dag.py:2287} INFO - Setting next_dagrun for example_trigger_target_dag to None
[2023-12-28 09:26:03,410] {processor.py:170} INFO - Processing /home/airflow/.local/lib/python3.6/site-packages/airflow/example_dags/example_trigger_target_dag.py took 0.078 seconds
[2023-12-28 09:26:33,837] {processor.py:162} INFO - Started process (PID=3091) to work on /home/airflow/.local/lib/python3.6/site-packages/airflow/example_dags/example_trigger_target_dag.py
[2023-12-28 09:26:33,839] {processor.py:613} INFO - Processing file /home/airflow/.local/lib/python3.6/site-packages/airflow/example_dags/example_trigger_target_dag.py for tasks to queue
[2023-12-28 09:26:33,840] {logging_mixin.py:109} INFO - [2023-12-28 09:26:33,840] {dagbag.py:496} INFO - Filling up the DagBag from /home/airflow/.local/lib/python3.6/site-packages/airflow/example_dags/example_trigger_target_dag.py
[2023-12-28 09:26:33,860] {processor.py:623} INFO - DAG(s) dict_keys(['example_trigger_target_dag']) retrieved from /home/airflow/.local/lib/python3.6/site-packages/airflow/example_dags/example_trigger_target_dag.py
[2023-12-28 09:26:33,899] {logging_mixin.py:109} INFO - [2023-12-28 09:26:33,898] {dag.py:1834} INFO - Sync 1 DAGs
[2023-12-28 09:26:33,927] {logging_mixin.py:109} INFO - [2023-12-28 09:26:33,927] {dag.py:2287} INFO - Setting next_dagrun for example_trigger_target_dag to None
[2023-12-28 09:26:33,945] {processor.py:170} INFO - Processing /home/airflow/.local/lib/python3.6/site-packages/airflow/example_dags/example_trigger_target_dag.py took 0.112 seconds
[2023-12-28 09:27:04,229] {processor.py:162} INFO - Started process (PID=3286) to work on /home/airflow/.local/lib/python3.6/site-packages/airflow/example_dags/example_trigger_target_dag.py
[2023-12-28 09:27:04,232] {processor.py:613} INFO - Processing file /home/airflow/.local/lib/python3.6/site-packages/airflow/example_dags/example_trigger_target_dag.py for tasks to queue
[2023-12-28 09:27:04,232] {logging_mixin.py:109} INFO - [2023-12-28 09:27:04,232] {dagbag.py:496} INFO - Filling up the DagBag from /home/airflow/.local/lib/python3.6/site-packages/airflow/example_dags/example_trigger_target_dag.py
[2023-12-28 09:27:04,248] {processor.py:623} INFO - DAG(s) dict_keys(['example_trigger_target_dag']) retrieved from /home/airflow/.local/lib/python3.6/site-packages/airflow/example_dags/example_trigger_target_dag.py
[2023-12-28 09:27:04,276] {logging_mixin.py:109} INFO - [2023-12-28 09:27:04,276] {dag.py:1834} INFO - Sync 1 DAGs
[2023-12-28 09:27:04,294] {logging_mixin.py:109} INFO - [2023-12-28 09:27:04,294] {dag.py:2287} INFO - Setting next_dagrun for example_trigger_target_dag to None
[2023-12-28 09:27:04,310] {processor.py:170} INFO - Processing /home/airflow/.local/lib/python3.6/site-packages/airflow/example_dags/example_trigger_target_dag.py took 0.084 seconds
[2023-12-28 09:27:34,617] {processor.py:162} INFO - Started process (PID=3490) to work on /home/airflow/.local/lib/python3.6/site-packages/airflow/example_dags/example_trigger_target_dag.py
[2023-12-28 09:27:34,618] {processor.py:613} INFO - Processing file /home/airflow/.local/lib/python3.6/site-packages/airflow/example_dags/example_trigger_target_dag.py for tasks to queue
[2023-12-28 09:27:34,619] {logging_mixin.py:109} INFO - [2023-12-28 09:27:34,619] {dagbag.py:496} INFO - Filling up the DagBag from /home/airflow/.local/lib/python3.6/site-packages/airflow/example_dags/example_trigger_target_dag.py
[2023-12-28 09:27:34,633] {processor.py:623} INFO - DAG(s) dict_keys(['example_trigger_target_dag']) retrieved from /home/airflow/.local/lib/python3.6/site-packages/airflow/example_dags/example_trigger_target_dag.py
[2023-12-28 09:27:34,654] {logging_mixin.py:109} INFO - [2023-12-28 09:27:34,654] {dag.py:1834} INFO - Sync 1 DAGs
[2023-12-28 09:27:34,669] {logging_mixin.py:109} INFO - [2023-12-28 09:27:34,668] {dag.py:2287} INFO - Setting next_dagrun for example_trigger_target_dag to None
[2023-12-28 09:27:34,681] {processor.py:170} INFO - Processing /home/airflow/.local/lib/python3.6/site-packages/airflow/example_dags/example_trigger_target_dag.py took 0.066 seconds
[2023-12-28 09:28:05,191] {processor.py:162} INFO - Started process (PID=3685) to work on /home/airflow/.local/lib/python3.6/site-packages/airflow/example_dags/example_trigger_target_dag.py
[2023-12-28 09:28:05,195] {processor.py:613} INFO - Processing file /home/airflow/.local/lib/python3.6/site-packages/airflow/example_dags/example_trigger_target_dag.py for tasks to queue
[2023-12-28 09:28:05,197] {logging_mixin.py:109} INFO - [2023-12-28 09:28:05,196] {dagbag.py:496} INFO - Filling up the DagBag from /home/airflow/.local/lib/python3.6/site-packages/airflow/example_dags/example_trigger_target_dag.py
[2023-12-28 09:28:05,225] {processor.py:623} INFO - DAG(s) dict_keys(['example_trigger_target_dag']) retrieved from /home/airflow/.local/lib/python3.6/site-packages/airflow/example_dags/example_trigger_target_dag.py
[2023-12-28 09:28:05,293] {logging_mixin.py:109} INFO - [2023-12-28 09:28:05,293] {dag.py:1834} INFO - Sync 1 DAGs
[2023-12-28 09:28:05,332] {logging_mixin.py:109} INFO - [2023-12-28 09:28:05,331] {dag.py:2287} INFO - Setting next_dagrun for example_trigger_target_dag to None
[2023-12-28 09:28:05,361] {processor.py:170} INFO - Processing /home/airflow/.local/lib/python3.6/site-packages/airflow/example_dags/example_trigger_target_dag.py took 0.180 seconds
[2023-12-28 09:28:35,651] {processor.py:162} INFO - Started process (PID=3888) to work on /home/airflow/.local/lib/python3.6/site-packages/airflow/example_dags/example_trigger_target_dag.py
[2023-12-28 09:28:35,652] {processor.py:613} INFO - Processing file /home/airflow/.local/lib/python3.6/site-packages/airflow/example_dags/example_trigger_target_dag.py for tasks to queue
[2023-12-28 09:28:35,653] {logging_mixin.py:109} INFO - [2023-12-28 09:28:35,652] {dagbag.py:496} INFO - Filling up the DagBag from /home/airflow/.local/lib/python3.6/site-packages/airflow/example_dags/example_trigger_target_dag.py
[2023-12-28 09:28:35,667] {processor.py:623} INFO - DAG(s) dict_keys(['example_trigger_target_dag']) retrieved from /home/airflow/.local/lib/python3.6/site-packages/airflow/example_dags/example_trigger_target_dag.py
[2023-12-28 09:28:35,692] {logging_mixin.py:109} INFO - [2023-12-28 09:28:35,692] {dag.py:1834} INFO - Sync 1 DAGs
[2023-12-28 09:28:35,708] {logging_mixin.py:109} INFO - [2023-12-28 09:28:35,708] {dag.py:2287} INFO - Setting next_dagrun for example_trigger_target_dag to None
[2023-12-28 09:28:35,720] {processor.py:170} INFO - Processing /home/airflow/.local/lib/python3.6/site-packages/airflow/example_dags/example_trigger_target_dag.py took 0.072 seconds
[2023-12-28 09:29:05,802] {processor.py:162} INFO - Started process (PID=4083) to work on /home/airflow/.local/lib/python3.6/site-packages/airflow/example_dags/example_trigger_target_dag.py
[2023-12-28 09:29:05,803] {processor.py:613} INFO - Processing file /home/airflow/.local/lib/python3.6/site-packages/airflow/example_dags/example_trigger_target_dag.py for tasks to queue
[2023-12-28 09:29:05,804] {logging_mixin.py:109} INFO - [2023-12-28 09:29:05,804] {dagbag.py:496} INFO - Filling up the DagBag from /home/airflow/.local/lib/python3.6/site-packages/airflow/example_dags/example_trigger_target_dag.py
[2023-12-28 09:29:05,818] {processor.py:623} INFO - DAG(s) dict_keys(['example_trigger_target_dag']) retrieved from /home/airflow/.local/lib/python3.6/site-packages/airflow/example_dags/example_trigger_target_dag.py
[2023-12-28 09:29:05,843] {logging_mixin.py:109} INFO - [2023-12-28 09:29:05,843] {dag.py:1834} INFO - Sync 1 DAGs
[2023-12-28 09:29:05,858] {logging_mixin.py:109} INFO - [2023-12-28 09:29:05,858] {dag.py:2287} INFO - Setting next_dagrun for example_trigger_target_dag to None
[2023-12-28 09:29:05,871] {processor.py:170} INFO - Processing /home/airflow/.local/lib/python3.6/site-packages/airflow/example_dags/example_trigger_target_dag.py took 0.072 seconds
[2023-12-28 09:29:36,586] {processor.py:162} INFO - Started process (PID=4285) to work on /home/airflow/.local/lib/python3.6/site-packages/airflow/example_dags/example_trigger_target_dag.py
[2023-12-28 09:29:36,588] {processor.py:613} INFO - Processing file /home/airflow/.local/lib/python3.6/site-packages/airflow/example_dags/example_trigger_target_dag.py for tasks to queue
[2023-12-28 09:29:36,589] {logging_mixin.py:109} INFO - [2023-12-28 09:29:36,588] {dagbag.py:496} INFO - Filling up the DagBag from /home/airflow/.local/lib/python3.6/site-packages/airflow/example_dags/example_trigger_target_dag.py
[2023-12-28 09:29:36,611] {processor.py:623} INFO - DAG(s) dict_keys(['example_trigger_target_dag']) retrieved from /home/airflow/.local/lib/python3.6/site-packages/airflow/example_dags/example_trigger_target_dag.py
[2023-12-28 09:29:36,647] {logging_mixin.py:109} INFO - [2023-12-28 09:29:36,647] {dag.py:1834} INFO - Sync 1 DAGs
[2023-12-28 09:29:36,669] {logging_mixin.py:109} INFO - [2023-12-28 09:29:36,669] {dag.py:2287} INFO - Setting next_dagrun for example_trigger_target_dag to None
[2023-12-28 09:29:36,689] {processor.py:170} INFO - Processing /home/airflow/.local/lib/python3.6/site-packages/airflow/example_dags/example_trigger_target_dag.py took 0.106 seconds
[2023-12-28 09:30:06,823] {processor.py:162} INFO - Started process (PID=4481) to work on /home/airflow/.local/lib/python3.6/site-packages/airflow/example_dags/example_trigger_target_dag.py
[2023-12-28 09:30:06,824] {processor.py:613} INFO - Processing file /home/airflow/.local/lib/python3.6/site-packages/airflow/example_dags/example_trigger_target_dag.py for tasks to queue
[2023-12-28 09:30:06,825] {logging_mixin.py:109} INFO - [2023-12-28 09:30:06,825] {dagbag.py:496} INFO - Filling up the DagBag from /home/airflow/.local/lib/python3.6/site-packages/airflow/example_dags/example_trigger_target_dag.py
[2023-12-28 09:30:06,841] {processor.py:623} INFO - DAG(s) dict_keys(['example_trigger_target_dag']) retrieved from /home/airflow/.local/lib/python3.6/site-packages/airflow/example_dags/example_trigger_target_dag.py
[2023-12-28 09:30:06,867] {logging_mixin.py:109} INFO - [2023-12-28 09:30:06,867] {dag.py:1834} INFO - Sync 1 DAGs
[2023-12-28 09:30:06,883] {logging_mixin.py:109} INFO - [2023-12-28 09:30:06,882] {dag.py:2287} INFO - Setting next_dagrun for example_trigger_target_dag to None
[2023-12-28 09:30:06,895] {processor.py:170} INFO - Processing /home/airflow/.local/lib/python3.6/site-packages/airflow/example_dags/example_trigger_target_dag.py took 0.075 seconds
[2023-12-28 09:30:38,157] {processor.py:162} INFO - Started process (PID=4676) to work on /home/airflow/.local/lib/python3.6/site-packages/airflow/example_dags/example_trigger_target_dag.py
[2023-12-28 09:30:38,159] {processor.py:613} INFO - Processing file /home/airflow/.local/lib/python3.6/site-packages/airflow/example_dags/example_trigger_target_dag.py for tasks to queue
[2023-12-28 09:30:38,159] {logging_mixin.py:109} INFO - [2023-12-28 09:30:38,159] {dagbag.py:496} INFO - Filling up the DagBag from /home/airflow/.local/lib/python3.6/site-packages/airflow/example_dags/example_trigger_target_dag.py
[2023-12-28 09:30:38,179] {processor.py:623} INFO - DAG(s) dict_keys(['example_trigger_target_dag']) retrieved from /home/airflow/.local/lib/python3.6/site-packages/airflow/example_dags/example_trigger_target_dag.py
[2023-12-28 09:30:38,209] {logging_mixin.py:109} INFO - [2023-12-28 09:30:38,209] {dag.py:1834} INFO - Sync 1 DAGs
[2023-12-28 09:30:38,228] {logging_mixin.py:109} INFO - [2023-12-28 09:30:38,228] {dag.py:2287} INFO - Setting next_dagrun for example_trigger_target_dag to None
[2023-12-28 09:30:38,244] {processor.py:170} INFO - Processing /home/airflow/.local/lib/python3.6/site-packages/airflow/example_dags/example_trigger_target_dag.py took 0.090 seconds
[2023-12-28 09:31:08,768] {processor.py:162} INFO - Started process (PID=4881) to work on /home/airflow/.local/lib/python3.6/site-packages/airflow/example_dags/example_trigger_target_dag.py
[2023-12-28 09:31:08,771] {processor.py:613} INFO - Processing file /home/airflow/.local/lib/python3.6/site-packages/airflow/example_dags/example_trigger_target_dag.py for tasks to queue
[2023-12-28 09:31:08,772] {logging_mixin.py:109} INFO - [2023-12-28 09:31:08,772] {dagbag.py:496} INFO - Filling up the DagBag from /home/airflow/.local/lib/python3.6/site-packages/airflow/example_dags/example_trigger_target_dag.py
[2023-12-28 09:31:08,787] {processor.py:623} INFO - DAG(s) dict_keys(['example_trigger_target_dag']) retrieved from /home/airflow/.local/lib/python3.6/site-packages/airflow/example_dags/example_trigger_target_dag.py
[2023-12-28 09:31:08,811] {logging_mixin.py:109} INFO - [2023-12-28 09:31:08,811] {dag.py:1834} INFO - Sync 1 DAGs
[2023-12-28 09:31:08,825] {logging_mixin.py:109} INFO - [2023-12-28 09:31:08,825] {dag.py:2287} INFO - Setting next_dagrun for example_trigger_target_dag to None
[2023-12-28 09:31:08,858] {processor.py:170} INFO - Processing /home/airflow/.local/lib/python3.6/site-packages/airflow/example_dags/example_trigger_target_dag.py took 0.093 seconds
[2023-12-28 09:31:39,919] {processor.py:162} INFO - Started process (PID=5078) to work on /home/airflow/.local/lib/python3.6/site-packages/airflow/example_dags/example_trigger_target_dag.py
[2023-12-28 09:31:39,922] {processor.py:613} INFO - Processing file /home/airflow/.local/lib/python3.6/site-packages/airflow/example_dags/example_trigger_target_dag.py for tasks to queue
[2023-12-28 09:31:39,923] {logging_mixin.py:109} INFO - [2023-12-28 09:31:39,923] {dagbag.py:496} INFO - Filling up the DagBag from /home/airflow/.local/lib/python3.6/site-packages/airflow/example_dags/example_trigger_target_dag.py
[2023-12-28 09:31:39,942] {processor.py:623} INFO - DAG(s) dict_keys(['example_trigger_target_dag']) retrieved from /home/airflow/.local/lib/python3.6/site-packages/airflow/example_dags/example_trigger_target_dag.py
[2023-12-28 09:31:39,975] {logging_mixin.py:109} INFO - [2023-12-28 09:31:39,975] {dag.py:1834} INFO - Sync 1 DAGs
[2023-12-28 09:31:39,993] {logging_mixin.py:109} INFO - [2023-12-28 09:31:39,992] {dag.py:2287} INFO - Setting next_dagrun for example_trigger_target_dag to None
[2023-12-28 09:31:40,008] {processor.py:170} INFO - Processing /home/airflow/.local/lib/python3.6/site-packages/airflow/example_dags/example_trigger_target_dag.py took 0.093 seconds
[2023-12-28 09:32:10,976] {processor.py:162} INFO - Started process (PID=5281) to work on /home/airflow/.local/lib/python3.6/site-packages/airflow/example_dags/example_trigger_target_dag.py
[2023-12-28 09:32:10,978] {processor.py:613} INFO - Processing file /home/airflow/.local/lib/python3.6/site-packages/airflow/example_dags/example_trigger_target_dag.py for tasks to queue
[2023-12-28 09:32:10,979] {logging_mixin.py:109} INFO - [2023-12-28 09:32:10,979] {dagbag.py:496} INFO - Filling up the DagBag from /home/airflow/.local/lib/python3.6/site-packages/airflow/example_dags/example_trigger_target_dag.py
[2023-12-28 09:32:10,996] {processor.py:623} INFO - DAG(s) dict_keys(['example_trigger_target_dag']) retrieved from /home/airflow/.local/lib/python3.6/site-packages/airflow/example_dags/example_trigger_target_dag.py
[2023-12-28 09:32:11,024] {logging_mixin.py:109} INFO - [2023-12-28 09:32:11,024] {dag.py:1834} INFO - Sync 1 DAGs
[2023-12-28 09:32:11,039] {logging_mixin.py:109} INFO - [2023-12-28 09:32:11,039] {dag.py:2287} INFO - Setting next_dagrun for example_trigger_target_dag to None
[2023-12-28 09:32:11,053] {processor.py:170} INFO - Processing /home/airflow/.local/lib/python3.6/site-packages/airflow/example_dags/example_trigger_target_dag.py took 0.083 seconds
[2023-12-28 09:32:42,085] {processor.py:162} INFO - Started process (PID=5476) to work on /home/airflow/.local/lib/python3.6/site-packages/airflow/example_dags/example_trigger_target_dag.py
[2023-12-28 09:32:42,087] {processor.py:613} INFO - Processing file /home/airflow/.local/lib/python3.6/site-packages/airflow/example_dags/example_trigger_target_dag.py for tasks to queue
[2023-12-28 09:32:42,089] {logging_mixin.py:109} INFO - [2023-12-28 09:32:42,088] {dagbag.py:496} INFO - Filling up the DagBag from /home/airflow/.local/lib/python3.6/site-packages/airflow/example_dags/example_trigger_target_dag.py
[2023-12-28 09:32:42,107] {processor.py:623} INFO - DAG(s) dict_keys(['example_trigger_target_dag']) retrieved from /home/airflow/.local/lib/python3.6/site-packages/airflow/example_dags/example_trigger_target_dag.py
[2023-12-28 09:32:42,136] {logging_mixin.py:109} INFO - [2023-12-28 09:32:42,135] {dag.py:1834} INFO - Sync 1 DAGs
[2023-12-28 09:32:42,154] {logging_mixin.py:109} INFO - [2023-12-28 09:32:42,154] {dag.py:2287} INFO - Setting next_dagrun for example_trigger_target_dag to None
[2023-12-28 09:32:42,172] {processor.py:170} INFO - Processing /home/airflow/.local/lib/python3.6/site-packages/airflow/example_dags/example_trigger_target_dag.py took 0.091 seconds
[2023-12-28 09:33:12,546] {processor.py:162} INFO - Started process (PID=5681) to work on /home/airflow/.local/lib/python3.6/site-packages/airflow/example_dags/example_trigger_target_dag.py
[2023-12-28 09:33:12,548] {processor.py:613} INFO - Processing file /home/airflow/.local/lib/python3.6/site-packages/airflow/example_dags/example_trigger_target_dag.py for tasks to queue
[2023-12-28 09:33:12,549] {logging_mixin.py:109} INFO - [2023-12-28 09:33:12,549] {dagbag.py:496} INFO - Filling up the DagBag from /home/airflow/.local/lib/python3.6/site-packages/airflow/example_dags/example_trigger_target_dag.py
[2023-12-28 09:33:12,563] {processor.py:623} INFO - DAG(s) dict_keys(['example_trigger_target_dag']) retrieved from /home/airflow/.local/lib/python3.6/site-packages/airflow/example_dags/example_trigger_target_dag.py
[2023-12-28 09:33:12,586] {logging_mixin.py:109} INFO - [2023-12-28 09:33:12,586] {dag.py:1834} INFO - Sync 1 DAGs
[2023-12-28 09:33:12,599] {logging_mixin.py:109} INFO - [2023-12-28 09:33:12,599] {dag.py:2287} INFO - Setting next_dagrun for example_trigger_target_dag to None
[2023-12-28 09:33:12,613] {processor.py:170} INFO - Processing /home/airflow/.local/lib/python3.6/site-packages/airflow/example_dags/example_trigger_target_dag.py took 0.069 seconds
[2023-12-28 09:33:42,892] {processor.py:162} INFO - Started process (PID=5876) to work on /home/airflow/.local/lib/python3.6/site-packages/airflow/example_dags/example_trigger_target_dag.py
[2023-12-28 09:33:42,893] {processor.py:613} INFO - Processing file /home/airflow/.local/lib/python3.6/site-packages/airflow/example_dags/example_trigger_target_dag.py for tasks to queue
[2023-12-28 09:33:42,895] {logging_mixin.py:109} INFO - [2023-12-28 09:33:42,895] {dagbag.py:496} INFO - Filling up the DagBag from /home/airflow/.local/lib/python3.6/site-packages/airflow/example_dags/example_trigger_target_dag.py
[2023-12-28 09:33:42,912] {processor.py:623} INFO - DAG(s) dict_keys(['example_trigger_target_dag']) retrieved from /home/airflow/.local/lib/python3.6/site-packages/airflow/example_dags/example_trigger_target_dag.py
[2023-12-28 09:33:42,942] {logging_mixin.py:109} INFO - [2023-12-28 09:33:42,942] {dag.py:1834} INFO - Sync 1 DAGs
[2023-12-28 09:33:42,959] {logging_mixin.py:109} INFO - [2023-12-28 09:33:42,959] {dag.py:2287} INFO - Setting next_dagrun for example_trigger_target_dag to None
[2023-12-28 09:33:42,974] {processor.py:170} INFO - Processing /home/airflow/.local/lib/python3.6/site-packages/airflow/example_dags/example_trigger_target_dag.py took 0.086 seconds
[2023-12-28 09:34:13,220] {processor.py:162} INFO - Started process (PID=6073) to work on /home/airflow/.local/lib/python3.6/site-packages/airflow/example_dags/example_trigger_target_dag.py
[2023-12-28 09:34:13,222] {processor.py:613} INFO - Processing file /home/airflow/.local/lib/python3.6/site-packages/airflow/example_dags/example_trigger_target_dag.py for tasks to queue
[2023-12-28 09:34:13,223] {logging_mixin.py:109} INFO - [2023-12-28 09:34:13,222] {dagbag.py:496} INFO - Filling up the DagBag from /home/airflow/.local/lib/python3.6/site-packages/airflow/example_dags/example_trigger_target_dag.py
[2023-12-28 09:34:13,239] {processor.py:623} INFO - DAG(s) dict_keys(['example_trigger_target_dag']) retrieved from /home/airflow/.local/lib/python3.6/site-packages/airflow/example_dags/example_trigger_target_dag.py
[2023-12-28 09:34:13,266] {logging_mixin.py:109} INFO - [2023-12-28 09:34:13,266] {dag.py:1834} INFO - Sync 1 DAGs
[2023-12-28 09:34:13,283] {logging_mixin.py:109} INFO - [2023-12-28 09:34:13,283] {dag.py:2287} INFO - Setting next_dagrun for example_trigger_target_dag to None
[2023-12-28 09:34:13,297] {processor.py:170} INFO - Processing /home/airflow/.local/lib/python3.6/site-packages/airflow/example_dags/example_trigger_target_dag.py took 0.079 seconds
[2023-12-28 09:34:44,029] {processor.py:162} INFO - Started process (PID=6276) to work on /home/airflow/.local/lib/python3.6/site-packages/airflow/example_dags/example_trigger_target_dag.py
[2023-12-28 09:34:44,030] {processor.py:613} INFO - Processing file /home/airflow/.local/lib/python3.6/site-packages/airflow/example_dags/example_trigger_target_dag.py for tasks to queue
[2023-12-28 09:34:44,030] {logging_mixin.py:109} INFO - [2023-12-28 09:34:44,030] {dagbag.py:496} INFO - Filling up the DagBag from /home/airflow/.local/lib/python3.6/site-packages/airflow/example_dags/example_trigger_target_dag.py
[2023-12-28 09:34:44,044] {processor.py:623} INFO - DAG(s) dict_keys(['example_trigger_target_dag']) retrieved from /home/airflow/.local/lib/python3.6/site-packages/airflow/example_dags/example_trigger_target_dag.py
[2023-12-28 09:34:44,069] {logging_mixin.py:109} INFO - [2023-12-28 09:34:44,069] {dag.py:1834} INFO - Sync 1 DAGs
[2023-12-28 09:34:44,085] {logging_mixin.py:109} INFO - [2023-12-28 09:34:44,085] {dag.py:2287} INFO - Setting next_dagrun for example_trigger_target_dag to None
[2023-12-28 09:34:44,098] {processor.py:170} INFO - Processing /home/airflow/.local/lib/python3.6/site-packages/airflow/example_dags/example_trigger_target_dag.py took 0.072 seconds
[2023-12-28 09:35:15,271] {processor.py:162} INFO - Started process (PID=6471) to work on /home/airflow/.local/lib/python3.6/site-packages/airflow/example_dags/example_trigger_target_dag.py
[2023-12-28 09:35:15,273] {processor.py:613} INFO - Processing file /home/airflow/.local/lib/python3.6/site-packages/airflow/example_dags/example_trigger_target_dag.py for tasks to queue
[2023-12-28 09:35:15,273] {logging_mixin.py:109} INFO - [2023-12-28 09:35:15,273] {dagbag.py:496} INFO - Filling up the DagBag from /home/airflow/.local/lib/python3.6/site-packages/airflow/example_dags/example_trigger_target_dag.py
[2023-12-28 09:35:15,292] {processor.py:623} INFO - DAG(s) dict_keys(['example_trigger_target_dag']) retrieved from /home/airflow/.local/lib/python3.6/site-packages/airflow/example_dags/example_trigger_target_dag.py
[2023-12-28 09:35:15,317] {logging_mixin.py:109} INFO - [2023-12-28 09:35:15,317] {dag.py:1834} INFO - Sync 1 DAGs
[2023-12-28 09:35:15,332] {logging_mixin.py:109} INFO - [2023-12-28 09:35:15,332] {dag.py:2287} INFO - Setting next_dagrun for example_trigger_target_dag to None
[2023-12-28 09:35:15,345] {processor.py:170} INFO - Processing /home/airflow/.local/lib/python3.6/site-packages/airflow/example_dags/example_trigger_target_dag.py took 0.077 seconds
[2023-12-28 09:35:46,380] {processor.py:162} INFO - Started process (PID=6676) to work on /home/airflow/.local/lib/python3.6/site-packages/airflow/example_dags/example_trigger_target_dag.py
[2023-12-28 09:35:46,381] {processor.py:613} INFO - Processing file /home/airflow/.local/lib/python3.6/site-packages/airflow/example_dags/example_trigger_target_dag.py for tasks to queue
[2023-12-28 09:35:46,381] {logging_mixin.py:109} INFO - [2023-12-28 09:35:46,381] {dagbag.py:496} INFO - Filling up the DagBag from /home/airflow/.local/lib/python3.6/site-packages/airflow/example_dags/example_trigger_target_dag.py
[2023-12-28 09:35:46,396] {processor.py:623} INFO - DAG(s) dict_keys(['example_trigger_target_dag']) retrieved from /home/airflow/.local/lib/python3.6/site-packages/airflow/example_dags/example_trigger_target_dag.py
[2023-12-28 09:35:46,422] {logging_mixin.py:109} INFO - [2023-12-28 09:35:46,422] {dag.py:1834} INFO - Sync 1 DAGs
[2023-12-28 09:35:46,436] {logging_mixin.py:109} INFO - [2023-12-28 09:35:46,436] {dag.py:2287} INFO - Setting next_dagrun for example_trigger_target_dag to None
[2023-12-28 09:35:46,450] {processor.py:170} INFO - Processing /home/airflow/.local/lib/python3.6/site-packages/airflow/example_dags/example_trigger_target_dag.py took 0.073 seconds
[2023-12-28 09:36:17,609] {processor.py:162} INFO - Started process (PID=6871) to work on /home/airflow/.local/lib/python3.6/site-packages/airflow/example_dags/example_trigger_target_dag.py
[2023-12-28 09:36:17,611] {processor.py:613} INFO - Processing file /home/airflow/.local/lib/python3.6/site-packages/airflow/example_dags/example_trigger_target_dag.py for tasks to queue
[2023-12-28 09:36:17,612] {logging_mixin.py:109} INFO - [2023-12-28 09:36:17,611] {dagbag.py:496} INFO - Filling up the DagBag from /home/airflow/.local/lib/python3.6/site-packages/airflow/example_dags/example_trigger_target_dag.py
[2023-12-28 09:36:17,628] {processor.py:623} INFO - DAG(s) dict_keys(['example_trigger_target_dag']) retrieved from /home/airflow/.local/lib/python3.6/site-packages/airflow/example_dags/example_trigger_target_dag.py
[2023-12-28 09:36:17,653] {logging_mixin.py:109} INFO - [2023-12-28 09:36:17,653] {dag.py:1834} INFO - Sync 1 DAGs
[2023-12-28 09:36:17,669] {logging_mixin.py:109} INFO - [2023-12-28 09:36:17,669] {dag.py:2287} INFO - Setting next_dagrun for example_trigger_target_dag to None
[2023-12-28 09:36:17,684] {processor.py:170} INFO - Processing /home/airflow/.local/lib/python3.6/site-packages/airflow/example_dags/example_trigger_target_dag.py took 0.078 seconds
[2023-12-28 09:36:48,673] {processor.py:162} INFO - Started process (PID=7076) to work on /home/airflow/.local/lib/python3.6/site-packages/airflow/example_dags/example_trigger_target_dag.py
[2023-12-28 09:36:48,675] {processor.py:613} INFO - Processing file /home/airflow/.local/lib/python3.6/site-packages/airflow/example_dags/example_trigger_target_dag.py for tasks to queue
[2023-12-28 09:36:48,675] {logging_mixin.py:109} INFO - [2023-12-28 09:36:48,675] {dagbag.py:496} INFO - Filling up the DagBag from /home/airflow/.local/lib/python3.6/site-packages/airflow/example_dags/example_trigger_target_dag.py
[2023-12-28 09:36:48,687] {processor.py:623} INFO - DAG(s) dict_keys(['example_trigger_target_dag']) retrieved from /home/airflow/.local/lib/python3.6/site-packages/airflow/example_dags/example_trigger_target_dag.py
[2023-12-28 09:36:48,709] {logging_mixin.py:109} INFO - [2023-12-28 09:36:48,708] {dag.py:1834} INFO - Sync 1 DAGs
[2023-12-28 09:36:48,722] {logging_mixin.py:109} INFO - [2023-12-28 09:36:48,721] {dag.py:2287} INFO - Setting next_dagrun for example_trigger_target_dag to None
[2023-12-28 09:36:48,733] {processor.py:170} INFO - Processing /home/airflow/.local/lib/python3.6/site-packages/airflow/example_dags/example_trigger_target_dag.py took 0.062 seconds
[2023-12-28 09:37:19,776] {processor.py:162} INFO - Started process (PID=7271) to work on /home/airflow/.local/lib/python3.6/site-packages/airflow/example_dags/example_trigger_target_dag.py
[2023-12-28 09:37:19,777] {processor.py:613} INFO - Processing file /home/airflow/.local/lib/python3.6/site-packages/airflow/example_dags/example_trigger_target_dag.py for tasks to queue
[2023-12-28 09:37:19,778] {logging_mixin.py:109} INFO - [2023-12-28 09:37:19,777] {dagbag.py:496} INFO - Filling up the DagBag from /home/airflow/.local/lib/python3.6/site-packages/airflow/example_dags/example_trigger_target_dag.py
[2023-12-28 09:37:19,789] {processor.py:623} INFO - DAG(s) dict_keys(['example_trigger_target_dag']) retrieved from /home/airflow/.local/lib/python3.6/site-packages/airflow/example_dags/example_trigger_target_dag.py
[2023-12-28 09:37:19,809] {logging_mixin.py:109} INFO - [2023-12-28 09:37:19,809] {dag.py:1834} INFO - Sync 1 DAGs
[2023-12-28 09:37:19,820] {logging_mixin.py:109} INFO - [2023-12-28 09:37:19,820] {dag.py:2287} INFO - Setting next_dagrun for example_trigger_target_dag to None
[2023-12-28 09:37:19,832] {processor.py:170} INFO - Processing /home/airflow/.local/lib/python3.6/site-packages/airflow/example_dags/example_trigger_target_dag.py took 0.058 seconds
[2023-12-28 09:37:50,839] {processor.py:162} INFO - Started process (PID=7476) to work on /home/airflow/.local/lib/python3.6/site-packages/airflow/example_dags/example_trigger_target_dag.py
[2023-12-28 09:37:50,840] {processor.py:613} INFO - Processing file /home/airflow/.local/lib/python3.6/site-packages/airflow/example_dags/example_trigger_target_dag.py for tasks to queue
[2023-12-28 09:37:50,841] {logging_mixin.py:109} INFO - [2023-12-28 09:37:50,840] {dagbag.py:496} INFO - Filling up the DagBag from /home/airflow/.local/lib/python3.6/site-packages/airflow/example_dags/example_trigger_target_dag.py
[2023-12-28 09:37:50,855] {processor.py:623} INFO - DAG(s) dict_keys(['example_trigger_target_dag']) retrieved from /home/airflow/.local/lib/python3.6/site-packages/airflow/example_dags/example_trigger_target_dag.py
[2023-12-28 09:37:50,879] {logging_mixin.py:109} INFO - [2023-12-28 09:37:50,879] {dag.py:1834} INFO - Sync 1 DAGs
[2023-12-28 09:37:50,895] {logging_mixin.py:109} INFO - [2023-12-28 09:37:50,895] {dag.py:2287} INFO - Setting next_dagrun for example_trigger_target_dag to None
[2023-12-28 09:37:50,908] {processor.py:170} INFO - Processing /home/airflow/.local/lib/python3.6/site-packages/airflow/example_dags/example_trigger_target_dag.py took 0.072 seconds
[2023-12-28 09:38:21,225] {processor.py:162} INFO - Started process (PID=7671) to work on /home/airflow/.local/lib/python3.6/site-packages/airflow/example_dags/example_trigger_target_dag.py
[2023-12-28 09:38:21,226] {processor.py:613} INFO - Processing file /home/airflow/.local/lib/python3.6/site-packages/airflow/example_dags/example_trigger_target_dag.py for tasks to queue
[2023-12-28 09:38:21,227] {logging_mixin.py:109} INFO - [2023-12-28 09:38:21,227] {dagbag.py:496} INFO - Filling up the DagBag from /home/airflow/.local/lib/python3.6/site-packages/airflow/example_dags/example_trigger_target_dag.py
[2023-12-28 09:38:21,240] {processor.py:623} INFO - DAG(s) dict_keys(['example_trigger_target_dag']) retrieved from /home/airflow/.local/lib/python3.6/site-packages/airflow/example_dags/example_trigger_target_dag.py
[2023-12-28 09:38:21,264] {logging_mixin.py:109} INFO - [2023-12-28 09:38:21,264] {dag.py:1834} INFO - Sync 1 DAGs
[2023-12-28 09:38:21,282] {logging_mixin.py:109} INFO - [2023-12-28 09:38:21,282] {dag.py:2287} INFO - Setting next_dagrun for example_trigger_target_dag to None
[2023-12-28 09:38:21,297] {processor.py:170} INFO - Processing /home/airflow/.local/lib/python3.6/site-packages/airflow/example_dags/example_trigger_target_dag.py took 0.075 seconds
[2023-12-28 09:38:52,069] {processor.py:162} INFO - Started process (PID=7866) to work on /home/airflow/.local/lib/python3.6/site-packages/airflow/example_dags/example_trigger_target_dag.py
[2023-12-28 09:38:52,070] {processor.py:613} INFO - Processing file /home/airflow/.local/lib/python3.6/site-packages/airflow/example_dags/example_trigger_target_dag.py for tasks to queue
[2023-12-28 09:38:52,071] {logging_mixin.py:109} INFO - [2023-12-28 09:38:52,071] {dagbag.py:496} INFO - Filling up the DagBag from /home/airflow/.local/lib/python3.6/site-packages/airflow/example_dags/example_trigger_target_dag.py
[2023-12-28 09:38:52,085] {processor.py:623} INFO - DAG(s) dict_keys(['example_trigger_target_dag']) retrieved from /home/airflow/.local/lib/python3.6/site-packages/airflow/example_dags/example_trigger_target_dag.py
[2023-12-28 09:38:52,109] {logging_mixin.py:109} INFO - [2023-12-28 09:38:52,109] {dag.py:1834} INFO - Sync 1 DAGs
[2023-12-28 09:38:52,124] {logging_mixin.py:109} INFO - [2023-12-28 09:38:52,124] {dag.py:2287} INFO - Setting next_dagrun for example_trigger_target_dag to None
[2023-12-28 09:38:52,139] {processor.py:170} INFO - Processing /home/airflow/.local/lib/python3.6/site-packages/airflow/example_dags/example_trigger_target_dag.py took 0.072 seconds
[2023-12-28 09:39:22,865] {processor.py:162} INFO - Started process (PID=8071) to work on /home/airflow/.local/lib/python3.6/site-packages/airflow/example_dags/example_trigger_target_dag.py
[2023-12-28 09:39:22,866] {processor.py:613} INFO - Processing file /home/airflow/.local/lib/python3.6/site-packages/airflow/example_dags/example_trigger_target_dag.py for tasks to queue
[2023-12-28 09:39:22,867] {logging_mixin.py:109} INFO - [2023-12-28 09:39:22,867] {dagbag.py:496} INFO - Filling up the DagBag from /home/airflow/.local/lib/python3.6/site-packages/airflow/example_dags/example_trigger_target_dag.py
[2023-12-28 09:39:22,882] {processor.py:623} INFO - DAG(s) dict_keys(['example_trigger_target_dag']) retrieved from /home/airflow/.local/lib/python3.6/site-packages/airflow/example_dags/example_trigger_target_dag.py
[2023-12-28 09:39:22,906] {logging_mixin.py:109} INFO - [2023-12-28 09:39:22,906] {dag.py:1834} INFO - Sync 1 DAGs
[2023-12-28 09:39:22,920] {logging_mixin.py:109} INFO - [2023-12-28 09:39:22,920] {dag.py:2287} INFO - Setting next_dagrun for example_trigger_target_dag to None
[2023-12-28 09:39:22,932] {processor.py:170} INFO - Processing /home/airflow/.local/lib/python3.6/site-packages/airflow/example_dags/example_trigger_target_dag.py took 0.071 seconds
[2023-12-28 09:39:53,994] {processor.py:162} INFO - Started process (PID=8266) to work on /home/airflow/.local/lib/python3.6/site-packages/airflow/example_dags/example_trigger_target_dag.py
[2023-12-28 09:39:53,995] {processor.py:613} INFO - Processing file /home/airflow/.local/lib/python3.6/site-packages/airflow/example_dags/example_trigger_target_dag.py for tasks to queue
[2023-12-28 09:39:53,996] {logging_mixin.py:109} INFO - [2023-12-28 09:39:53,996] {dagbag.py:496} INFO - Filling up the DagBag from /home/airflow/.local/lib/python3.6/site-packages/airflow/example_dags/example_trigger_target_dag.py
[2023-12-28 09:39:54,011] {processor.py:623} INFO - DAG(s) dict_keys(['example_trigger_target_dag']) retrieved from /home/airflow/.local/lib/python3.6/site-packages/airflow/example_dags/example_trigger_target_dag.py
[2023-12-28 09:39:54,035] {logging_mixin.py:109} INFO - [2023-12-28 09:39:54,034] {dag.py:1834} INFO - Sync 1 DAGs
[2023-12-28 09:39:54,049] {logging_mixin.py:109} INFO - [2023-12-28 09:39:54,049] {dag.py:2287} INFO - Setting next_dagrun for example_trigger_target_dag to None
[2023-12-28 09:39:54,063] {processor.py:170} INFO - Processing /home/airflow/.local/lib/python3.6/site-packages/airflow/example_dags/example_trigger_target_dag.py took 0.072 seconds
[2023-12-28 09:40:24,526] {processor.py:162} INFO - Started process (PID=8471) to work on /home/airflow/.local/lib/python3.6/site-packages/airflow/example_dags/example_trigger_target_dag.py
[2023-12-28 09:40:24,529] {processor.py:613} INFO - Processing file /home/airflow/.local/lib/python3.6/site-packages/airflow/example_dags/example_trigger_target_dag.py for tasks to queue
[2023-12-28 09:40:24,530] {logging_mixin.py:109} INFO - [2023-12-28 09:40:24,529] {dagbag.py:496} INFO - Filling up the DagBag from /home/airflow/.local/lib/python3.6/site-packages/airflow/example_dags/example_trigger_target_dag.py
[2023-12-28 09:40:24,547] {processor.py:623} INFO - DAG(s) dict_keys(['example_trigger_target_dag']) retrieved from /home/airflow/.local/lib/python3.6/site-packages/airflow/example_dags/example_trigger_target_dag.py
[2023-12-28 09:40:24,573] {logging_mixin.py:109} INFO - [2023-12-28 09:40:24,573] {dag.py:1834} INFO - Sync 1 DAGs
[2023-12-28 09:40:24,589] {logging_mixin.py:109} INFO - [2023-12-28 09:40:24,589] {dag.py:2287} INFO - Setting next_dagrun for example_trigger_target_dag to None
[2023-12-28 09:40:24,603] {processor.py:170} INFO - Processing /home/airflow/.local/lib/python3.6/site-packages/airflow/example_dags/example_trigger_target_dag.py took 0.082 seconds
