[2023-12-28 09:19:23,289] {processor.py:162} INFO - Started process (PID=268) to work on /home/airflow/.local/lib/python3.6/site-packages/airflow/example_dags/example_latest_only.py
[2023-12-28 09:19:23,290] {processor.py:613} INFO - Processing file /home/airflow/.local/lib/python3.6/site-packages/airflow/example_dags/example_latest_only.py for tasks to queue
[2023-12-28 09:19:23,291] {logging_mixin.py:109} INFO - [2023-12-28 09:19:23,291] {dagbag.py:496} INFO - Filling up the DagBag from /home/airflow/.local/lib/python3.6/site-packages/airflow/example_dags/example_latest_only.py
[2023-12-28 09:19:23,303] {processor.py:623} INFO - DAG(s) dict_keys(['latest_only']) retrieved from /home/airflow/.local/lib/python3.6/site-packages/airflow/example_dags/example_latest_only.py
[2023-12-28 09:19:23,551] {logging_mixin.py:109} INFO - [2023-12-28 09:19:23,550] {dag.py:1834} INFO - Sync 1 DAGs
[2023-12-28 09:19:23,566] {logging_mixin.py:109} INFO - [2023-12-28 09:19:23,566] {dag.py:2287} INFO - Setting next_dagrun for latest_only to 2023-12-26 00:00:00+00:00
[2023-12-28 09:19:23,583] {processor.py:170} INFO - Processing /home/airflow/.local/lib/python3.6/site-packages/airflow/example_dags/example_latest_only.py took 0.297 seconds
[2023-12-28 09:19:54,052] {processor.py:162} INFO - Started process (PID=461) to work on /home/airflow/.local/lib/python3.6/site-packages/airflow/example_dags/example_latest_only.py
[2023-12-28 09:19:54,054] {processor.py:613} INFO - Processing file /home/airflow/.local/lib/python3.6/site-packages/airflow/example_dags/example_latest_only.py for tasks to queue
[2023-12-28 09:19:54,055] {logging_mixin.py:109} INFO - [2023-12-28 09:19:54,054] {dagbag.py:496} INFO - Filling up the DagBag from /home/airflow/.local/lib/python3.6/site-packages/airflow/example_dags/example_latest_only.py
[2023-12-28 09:19:54,070] {processor.py:623} INFO - DAG(s) dict_keys(['latest_only']) retrieved from /home/airflow/.local/lib/python3.6/site-packages/airflow/example_dags/example_latest_only.py
[2023-12-28 09:19:54,096] {logging_mixin.py:109} INFO - [2023-12-28 09:19:54,096] {dag.py:1834} INFO - Sync 1 DAGs
[2023-12-28 09:19:54,111] {logging_mixin.py:109} INFO - [2023-12-28 09:19:54,111] {dag.py:2287} INFO - Setting next_dagrun for latest_only to 2023-12-26 00:00:00+00:00
[2023-12-28 09:19:54,125] {processor.py:170} INFO - Processing /home/airflow/.local/lib/python3.6/site-packages/airflow/example_dags/example_latest_only.py took 0.076 seconds
[2023-12-28 09:20:24,852] {processor.py:162} INFO - Started process (PID=666) to work on /home/airflow/.local/lib/python3.6/site-packages/airflow/example_dags/example_latest_only.py
[2023-12-28 09:20:24,854] {processor.py:613} INFO - Processing file /home/airflow/.local/lib/python3.6/site-packages/airflow/example_dags/example_latest_only.py for tasks to queue
[2023-12-28 09:20:24,855] {logging_mixin.py:109} INFO - [2023-12-28 09:20:24,855] {dagbag.py:496} INFO - Filling up the DagBag from /home/airflow/.local/lib/python3.6/site-packages/airflow/example_dags/example_latest_only.py
[2023-12-28 09:20:24,873] {processor.py:623} INFO - DAG(s) dict_keys(['latest_only']) retrieved from /home/airflow/.local/lib/python3.6/site-packages/airflow/example_dags/example_latest_only.py
[2023-12-28 09:20:24,905] {logging_mixin.py:109} INFO - [2023-12-28 09:20:24,905] {dag.py:1834} INFO - Sync 1 DAGs
[2023-12-28 09:20:24,930] {logging_mixin.py:109} INFO - [2023-12-28 09:20:24,930] {dag.py:2287} INFO - Setting next_dagrun for latest_only to 2023-12-26 00:00:00+00:00
[2023-12-28 09:20:24,944] {processor.py:170} INFO - Processing /home/airflow/.local/lib/python3.6/site-packages/airflow/example_dags/example_latest_only.py took 0.095 seconds
[2023-12-28 09:20:55,379] {processor.py:162} INFO - Started process (PID=861) to work on /home/airflow/.local/lib/python3.6/site-packages/airflow/example_dags/example_latest_only.py
[2023-12-28 09:20:55,380] {processor.py:613} INFO - Processing file /home/airflow/.local/lib/python3.6/site-packages/airflow/example_dags/example_latest_only.py for tasks to queue
[2023-12-28 09:20:55,381] {logging_mixin.py:109} INFO - [2023-12-28 09:20:55,381] {dagbag.py:496} INFO - Filling up the DagBag from /home/airflow/.local/lib/python3.6/site-packages/airflow/example_dags/example_latest_only.py
[2023-12-28 09:20:55,394] {processor.py:623} INFO - DAG(s) dict_keys(['latest_only']) retrieved from /home/airflow/.local/lib/python3.6/site-packages/airflow/example_dags/example_latest_only.py
[2023-12-28 09:20:55,422] {logging_mixin.py:109} INFO - [2023-12-28 09:20:55,422] {dag.py:1834} INFO - Sync 1 DAGs
[2023-12-28 09:20:55,442] {logging_mixin.py:109} INFO - [2023-12-28 09:20:55,441] {dag.py:2287} INFO - Setting next_dagrun for latest_only to 2023-12-26 00:00:00+00:00
[2023-12-28 09:20:55,461] {processor.py:170} INFO - Processing /home/airflow/.local/lib/python3.6/site-packages/airflow/example_dags/example_latest_only.py took 0.085 seconds
[2023-12-28 09:21:26,408] {processor.py:162} INFO - Started process (PID=1068) to work on /home/airflow/.local/lib/python3.6/site-packages/airflow/example_dags/example_latest_only.py
[2023-12-28 09:21:26,410] {processor.py:613} INFO - Processing file /home/airflow/.local/lib/python3.6/site-packages/airflow/example_dags/example_latest_only.py for tasks to queue
[2023-12-28 09:21:26,410] {logging_mixin.py:109} INFO - [2023-12-28 09:21:26,410] {dagbag.py:496} INFO - Filling up the DagBag from /home/airflow/.local/lib/python3.6/site-packages/airflow/example_dags/example_latest_only.py
[2023-12-28 09:21:26,421] {processor.py:623} INFO - DAG(s) dict_keys(['latest_only']) retrieved from /home/airflow/.local/lib/python3.6/site-packages/airflow/example_dags/example_latest_only.py
[2023-12-28 09:21:26,444] {logging_mixin.py:109} INFO - [2023-12-28 09:21:26,444] {dag.py:1834} INFO - Sync 1 DAGs
[2023-12-28 09:21:26,460] {logging_mixin.py:109} INFO - [2023-12-28 09:21:26,460] {dag.py:2287} INFO - Setting next_dagrun for latest_only to 2023-12-26 00:00:00+00:00
[2023-12-28 09:21:26,474] {processor.py:170} INFO - Processing /home/airflow/.local/lib/python3.6/site-packages/airflow/example_dags/example_latest_only.py took 0.069 seconds
[2023-12-28 09:21:57,141] {processor.py:162} INFO - Started process (PID=1261) to work on /home/airflow/.local/lib/python3.6/site-packages/airflow/example_dags/example_latest_only.py
[2023-12-28 09:21:57,143] {processor.py:613} INFO - Processing file /home/airflow/.local/lib/python3.6/site-packages/airflow/example_dags/example_latest_only.py for tasks to queue
[2023-12-28 09:21:57,143] {logging_mixin.py:109} INFO - [2023-12-28 09:21:57,143] {dagbag.py:496} INFO - Filling up the DagBag from /home/airflow/.local/lib/python3.6/site-packages/airflow/example_dags/example_latest_only.py
[2023-12-28 09:21:57,155] {processor.py:623} INFO - DAG(s) dict_keys(['latest_only']) retrieved from /home/airflow/.local/lib/python3.6/site-packages/airflow/example_dags/example_latest_only.py
[2023-12-28 09:21:57,182] {logging_mixin.py:109} INFO - [2023-12-28 09:21:57,182] {dag.py:1834} INFO - Sync 1 DAGs
[2023-12-28 09:21:57,201] {logging_mixin.py:109} INFO - [2023-12-28 09:21:57,201] {dag.py:2287} INFO - Setting next_dagrun for latest_only to 2023-12-26 00:00:00+00:00
[2023-12-28 09:21:57,218] {processor.py:170} INFO - Processing /home/airflow/.local/lib/python3.6/site-packages/airflow/example_dags/example_latest_only.py took 0.080 seconds
[2023-12-28 09:22:27,526] {processor.py:162} INFO - Started process (PID=1456) to work on /home/airflow/.local/lib/python3.6/site-packages/airflow/example_dags/example_latest_only.py
[2023-12-28 09:22:27,527] {processor.py:613} INFO - Processing file /home/airflow/.local/lib/python3.6/site-packages/airflow/example_dags/example_latest_only.py for tasks to queue
[2023-12-28 09:22:27,528] {logging_mixin.py:109} INFO - [2023-12-28 09:22:27,528] {dagbag.py:496} INFO - Filling up the DagBag from /home/airflow/.local/lib/python3.6/site-packages/airflow/example_dags/example_latest_only.py
[2023-12-28 09:22:27,538] {processor.py:623} INFO - DAG(s) dict_keys(['latest_only']) retrieved from /home/airflow/.local/lib/python3.6/site-packages/airflow/example_dags/example_latest_only.py
[2023-12-28 09:22:27,562] {logging_mixin.py:109} INFO - [2023-12-28 09:22:27,561] {dag.py:1834} INFO - Sync 1 DAGs
[2023-12-28 09:22:27,577] {logging_mixin.py:109} INFO - [2023-12-28 09:22:27,577] {dag.py:2287} INFO - Setting next_dagrun for latest_only to 2023-12-26 00:00:00+00:00
[2023-12-28 09:22:27,590] {processor.py:170} INFO - Processing /home/airflow/.local/lib/python3.6/site-packages/airflow/example_dags/example_latest_only.py took 0.067 seconds
[2023-12-28 09:22:57,768] {processor.py:162} INFO - Started process (PID=1641) to work on /home/airflow/.local/lib/python3.6/site-packages/airflow/example_dags/example_latest_only.py
[2023-12-28 09:22:57,769] {processor.py:613} INFO - Processing file /home/airflow/.local/lib/python3.6/site-packages/airflow/example_dags/example_latest_only.py for tasks to queue
[2023-12-28 09:22:57,769] {logging_mixin.py:109} INFO - [2023-12-28 09:22:57,769] {dagbag.py:496} INFO - Filling up the DagBag from /home/airflow/.local/lib/python3.6/site-packages/airflow/example_dags/example_latest_only.py
[2023-12-28 09:22:57,780] {processor.py:623} INFO - DAG(s) dict_keys(['latest_only']) retrieved from /home/airflow/.local/lib/python3.6/site-packages/airflow/example_dags/example_latest_only.py
[2023-12-28 09:22:57,803] {logging_mixin.py:109} INFO - [2023-12-28 09:22:57,803] {dag.py:1834} INFO - Sync 1 DAGs
[2023-12-28 09:22:57,819] {logging_mixin.py:109} INFO - [2023-12-28 09:22:57,819] {dag.py:2287} INFO - Setting next_dagrun for latest_only to 2023-12-26 00:00:00+00:00
[2023-12-28 09:22:57,832] {processor.py:170} INFO - Processing /home/airflow/.local/lib/python3.6/site-packages/airflow/example_dags/example_latest_only.py took 0.067 seconds
[2023-12-28 09:23:28,153] {processor.py:162} INFO - Started process (PID=1838) to work on /home/airflow/.local/lib/python3.6/site-packages/airflow/example_dags/example_latest_only.py
[2023-12-28 09:23:28,155] {processor.py:613} INFO - Processing file /home/airflow/.local/lib/python3.6/site-packages/airflow/example_dags/example_latest_only.py for tasks to queue
[2023-12-28 09:23:28,156] {logging_mixin.py:109} INFO - [2023-12-28 09:23:28,156] {dagbag.py:496} INFO - Filling up the DagBag from /home/airflow/.local/lib/python3.6/site-packages/airflow/example_dags/example_latest_only.py
[2023-12-28 09:23:28,168] {processor.py:623} INFO - DAG(s) dict_keys(['latest_only']) retrieved from /home/airflow/.local/lib/python3.6/site-packages/airflow/example_dags/example_latest_only.py
[2023-12-28 09:23:28,196] {logging_mixin.py:109} INFO - [2023-12-28 09:23:28,196] {dag.py:1834} INFO - Sync 1 DAGs
[2023-12-28 09:23:28,213] {logging_mixin.py:109} INFO - [2023-12-28 09:23:28,213] {dag.py:2287} INFO - Setting next_dagrun for latest_only to 2023-12-26 00:00:00+00:00
[2023-12-28 09:23:28,229] {processor.py:170} INFO - Processing /home/airflow/.local/lib/python3.6/site-packages/airflow/example_dags/example_latest_only.py took 0.079 seconds
[2023-12-28 09:23:58,591] {processor.py:162} INFO - Started process (PID=2041) to work on /home/airflow/.local/lib/python3.6/site-packages/airflow/example_dags/example_latest_only.py
[2023-12-28 09:23:58,592] {processor.py:613} INFO - Processing file /home/airflow/.local/lib/python3.6/site-packages/airflow/example_dags/example_latest_only.py for tasks to queue
[2023-12-28 09:23:58,593] {logging_mixin.py:109} INFO - [2023-12-28 09:23:58,593] {dagbag.py:496} INFO - Filling up the DagBag from /home/airflow/.local/lib/python3.6/site-packages/airflow/example_dags/example_latest_only.py
[2023-12-28 09:23:58,603] {processor.py:623} INFO - DAG(s) dict_keys(['latest_only']) retrieved from /home/airflow/.local/lib/python3.6/site-packages/airflow/example_dags/example_latest_only.py
[2023-12-28 09:23:58,627] {logging_mixin.py:109} INFO - [2023-12-28 09:23:58,627] {dag.py:1834} INFO - Sync 1 DAGs
[2023-12-28 09:23:58,642] {logging_mixin.py:109} INFO - [2023-12-28 09:23:58,642] {dag.py:2287} INFO - Setting next_dagrun for latest_only to 2023-12-26 00:00:00+00:00
[2023-12-28 09:23:58,656] {processor.py:170} INFO - Processing /home/airflow/.local/lib/python3.6/site-packages/airflow/example_dags/example_latest_only.py took 0.067 seconds
[2023-12-28 09:24:29,359] {processor.py:162} INFO - Started process (PID=2236) to work on /home/airflow/.local/lib/python3.6/site-packages/airflow/example_dags/example_latest_only.py
[2023-12-28 09:24:29,360] {processor.py:613} INFO - Processing file /home/airflow/.local/lib/python3.6/site-packages/airflow/example_dags/example_latest_only.py for tasks to queue
[2023-12-28 09:24:29,361] {logging_mixin.py:109} INFO - [2023-12-28 09:24:29,361] {dagbag.py:496} INFO - Filling up the DagBag from /home/airflow/.local/lib/python3.6/site-packages/airflow/example_dags/example_latest_only.py
[2023-12-28 09:24:29,374] {processor.py:623} INFO - DAG(s) dict_keys(['latest_only']) retrieved from /home/airflow/.local/lib/python3.6/site-packages/airflow/example_dags/example_latest_only.py
[2023-12-28 09:24:29,401] {logging_mixin.py:109} INFO - [2023-12-28 09:24:29,400] {dag.py:1834} INFO - Sync 1 DAGs
[2023-12-28 09:24:29,419] {logging_mixin.py:109} INFO - [2023-12-28 09:24:29,418] {dag.py:2287} INFO - Setting next_dagrun for latest_only to 2023-12-26 00:00:00+00:00
[2023-12-28 09:24:29,434] {processor.py:170} INFO - Processing /home/airflow/.local/lib/python3.6/site-packages/airflow/example_dags/example_latest_only.py took 0.079 seconds
[2023-12-28 09:24:59,853] {processor.py:162} INFO - Started process (PID=2438) to work on /home/airflow/.local/lib/python3.6/site-packages/airflow/example_dags/example_latest_only.py
[2023-12-28 09:24:59,854] {processor.py:613} INFO - Processing file /home/airflow/.local/lib/python3.6/site-packages/airflow/example_dags/example_latest_only.py for tasks to queue
[2023-12-28 09:24:59,855] {logging_mixin.py:109} INFO - [2023-12-28 09:24:59,855] {dagbag.py:496} INFO - Filling up the DagBag from /home/airflow/.local/lib/python3.6/site-packages/airflow/example_dags/example_latest_only.py
[2023-12-28 09:24:59,869] {processor.py:623} INFO - DAG(s) dict_keys(['latest_only']) retrieved from /home/airflow/.local/lib/python3.6/site-packages/airflow/example_dags/example_latest_only.py
[2023-12-28 09:24:59,898] {logging_mixin.py:109} INFO - [2023-12-28 09:24:59,898] {dag.py:1834} INFO - Sync 1 DAGs
[2023-12-28 09:24:59,917] {logging_mixin.py:109} INFO - [2023-12-28 09:24:59,917] {dag.py:2287} INFO - Setting next_dagrun for latest_only to 2023-12-26 00:00:00+00:00
[2023-12-28 09:24:59,937] {processor.py:170} INFO - Processing /home/airflow/.local/lib/python3.6/site-packages/airflow/example_dags/example_latest_only.py took 0.088 seconds
[2023-12-28 09:25:30,227] {processor.py:162} INFO - Started process (PID=2636) to work on /home/airflow/.local/lib/python3.6/site-packages/airflow/example_dags/example_latest_only.py
[2023-12-28 09:25:30,229] {processor.py:613} INFO - Processing file /home/airflow/.local/lib/python3.6/site-packages/airflow/example_dags/example_latest_only.py for tasks to queue
[2023-12-28 09:25:30,230] {logging_mixin.py:109} INFO - [2023-12-28 09:25:30,230] {dagbag.py:496} INFO - Filling up the DagBag from /home/airflow/.local/lib/python3.6/site-packages/airflow/example_dags/example_latest_only.py
[2023-12-28 09:25:30,242] {processor.py:623} INFO - DAG(s) dict_keys(['latest_only']) retrieved from /home/airflow/.local/lib/python3.6/site-packages/airflow/example_dags/example_latest_only.py
[2023-12-28 09:25:30,271] {logging_mixin.py:109} INFO - [2023-12-28 09:25:30,271] {dag.py:1834} INFO - Sync 1 DAGs
[2023-12-28 09:25:30,289] {logging_mixin.py:109} INFO - [2023-12-28 09:25:30,289] {dag.py:2287} INFO - Setting next_dagrun for latest_only to 2023-12-26 00:00:00+00:00
[2023-12-28 09:25:30,309] {processor.py:170} INFO - Processing /home/airflow/.local/lib/python3.6/site-packages/airflow/example_dags/example_latest_only.py took 0.086 seconds
[2023-12-28 09:26:00,626] {processor.py:162} INFO - Started process (PID=2830) to work on /home/airflow/.local/lib/python3.6/site-packages/airflow/example_dags/example_latest_only.py
[2023-12-28 09:26:00,628] {processor.py:613} INFO - Processing file /home/airflow/.local/lib/python3.6/site-packages/airflow/example_dags/example_latest_only.py for tasks to queue
[2023-12-28 09:26:00,629] {logging_mixin.py:109} INFO - [2023-12-28 09:26:00,629] {dagbag.py:496} INFO - Filling up the DagBag from /home/airflow/.local/lib/python3.6/site-packages/airflow/example_dags/example_latest_only.py
[2023-12-28 09:26:00,642] {processor.py:623} INFO - DAG(s) dict_keys(['latest_only']) retrieved from /home/airflow/.local/lib/python3.6/site-packages/airflow/example_dags/example_latest_only.py
[2023-12-28 09:26:00,671] {logging_mixin.py:109} INFO - [2023-12-28 09:26:00,671] {dag.py:1834} INFO - Sync 1 DAGs
[2023-12-28 09:26:00,688] {logging_mixin.py:109} INFO - [2023-12-28 09:26:00,688] {dag.py:2287} INFO - Setting next_dagrun for latest_only to 2023-12-26 00:00:00+00:00
[2023-12-28 09:26:00,707] {processor.py:170} INFO - Processing /home/airflow/.local/lib/python3.6/site-packages/airflow/example_dags/example_latest_only.py took 0.085 seconds
[2023-12-28 09:26:31,010] {processor.py:162} INFO - Started process (PID=3036) to work on /home/airflow/.local/lib/python3.6/site-packages/airflow/example_dags/example_latest_only.py
[2023-12-28 09:26:31,013] {processor.py:613} INFO - Processing file /home/airflow/.local/lib/python3.6/site-packages/airflow/example_dags/example_latest_only.py for tasks to queue
[2023-12-28 09:26:31,014] {logging_mixin.py:109} INFO - [2023-12-28 09:26:31,014] {dagbag.py:496} INFO - Filling up the DagBag from /home/airflow/.local/lib/python3.6/site-packages/airflow/example_dags/example_latest_only.py
[2023-12-28 09:26:31,026] {processor.py:623} INFO - DAG(s) dict_keys(['latest_only']) retrieved from /home/airflow/.local/lib/python3.6/site-packages/airflow/example_dags/example_latest_only.py
[2023-12-28 09:26:31,054] {logging_mixin.py:109} INFO - [2023-12-28 09:26:31,054] {dag.py:1834} INFO - Sync 1 DAGs
[2023-12-28 09:26:31,076] {logging_mixin.py:109} INFO - [2023-12-28 09:26:31,076] {dag.py:2287} INFO - Setting next_dagrun for latest_only to 2023-12-26 00:00:00+00:00
[2023-12-28 09:26:31,093] {processor.py:170} INFO - Processing /home/airflow/.local/lib/python3.6/site-packages/airflow/example_dags/example_latest_only.py took 0.086 seconds
[2023-12-28 09:27:01,507] {processor.py:162} INFO - Started process (PID=3231) to work on /home/airflow/.local/lib/python3.6/site-packages/airflow/example_dags/example_latest_only.py
[2023-12-28 09:27:01,509] {processor.py:613} INFO - Processing file /home/airflow/.local/lib/python3.6/site-packages/airflow/example_dags/example_latest_only.py for tasks to queue
[2023-12-28 09:27:01,509] {logging_mixin.py:109} INFO - [2023-12-28 09:27:01,509] {dagbag.py:496} INFO - Filling up the DagBag from /home/airflow/.local/lib/python3.6/site-packages/airflow/example_dags/example_latest_only.py
[2023-12-28 09:27:01,521] {processor.py:623} INFO - DAG(s) dict_keys(['latest_only']) retrieved from /home/airflow/.local/lib/python3.6/site-packages/airflow/example_dags/example_latest_only.py
[2023-12-28 09:27:01,549] {logging_mixin.py:109} INFO - [2023-12-28 09:27:01,548] {dag.py:1834} INFO - Sync 1 DAGs
[2023-12-28 09:27:01,568] {logging_mixin.py:109} INFO - [2023-12-28 09:27:01,567] {dag.py:2287} INFO - Setting next_dagrun for latest_only to 2023-12-26 00:00:00+00:00
[2023-12-28 09:27:01,583] {processor.py:170} INFO - Processing /home/airflow/.local/lib/python3.6/site-packages/airflow/example_dags/example_latest_only.py took 0.080 seconds
[2023-12-28 09:27:31,815] {processor.py:162} INFO - Started process (PID=3431) to work on /home/airflow/.local/lib/python3.6/site-packages/airflow/example_dags/example_latest_only.py
[2023-12-28 09:27:31,817] {processor.py:613} INFO - Processing file /home/airflow/.local/lib/python3.6/site-packages/airflow/example_dags/example_latest_only.py for tasks to queue
[2023-12-28 09:27:31,817] {logging_mixin.py:109} INFO - [2023-12-28 09:27:31,817] {dagbag.py:496} INFO - Filling up the DagBag from /home/airflow/.local/lib/python3.6/site-packages/airflow/example_dags/example_latest_only.py
[2023-12-28 09:27:31,828] {processor.py:623} INFO - DAG(s) dict_keys(['latest_only']) retrieved from /home/airflow/.local/lib/python3.6/site-packages/airflow/example_dags/example_latest_only.py
[2023-12-28 09:27:31,854] {logging_mixin.py:109} INFO - [2023-12-28 09:27:31,854] {dag.py:1834} INFO - Sync 1 DAGs
[2023-12-28 09:27:31,872] {logging_mixin.py:109} INFO - [2023-12-28 09:27:31,872] {dag.py:2287} INFO - Setting next_dagrun for latest_only to 2023-12-26 00:00:00+00:00
[2023-12-28 09:27:31,887] {processor.py:170} INFO - Processing /home/airflow/.local/lib/python3.6/site-packages/airflow/example_dags/example_latest_only.py took 0.075 seconds
[2023-12-28 09:28:02,971] {processor.py:162} INFO - Started process (PID=3631) to work on /home/airflow/.local/lib/python3.6/site-packages/airflow/example_dags/example_latest_only.py
[2023-12-28 09:28:02,973] {processor.py:613} INFO - Processing file /home/airflow/.local/lib/python3.6/site-packages/airflow/example_dags/example_latest_only.py for tasks to queue
[2023-12-28 09:28:02,974] {logging_mixin.py:109} INFO - [2023-12-28 09:28:02,973] {dagbag.py:496} INFO - Filling up the DagBag from /home/airflow/.local/lib/python3.6/site-packages/airflow/example_dags/example_latest_only.py
[2023-12-28 09:28:02,990] {processor.py:623} INFO - DAG(s) dict_keys(['latest_only']) retrieved from /home/airflow/.local/lib/python3.6/site-packages/airflow/example_dags/example_latest_only.py
[2023-12-28 09:28:03,048] {logging_mixin.py:109} INFO - [2023-12-28 09:28:03,048] {dag.py:1834} INFO - Sync 1 DAGs
[2023-12-28 09:28:03,097] {logging_mixin.py:109} INFO - [2023-12-28 09:28:03,097] {dag.py:2287} INFO - Setting next_dagrun for latest_only to 2023-12-26 00:00:00+00:00
[2023-12-28 09:28:03,136] {processor.py:170} INFO - Processing /home/airflow/.local/lib/python3.6/site-packages/airflow/example_dags/example_latest_only.py took 0.168 seconds
[2023-12-28 09:28:33,796] {processor.py:162} INFO - Started process (PID=3835) to work on /home/airflow/.local/lib/python3.6/site-packages/airflow/example_dags/example_latest_only.py
[2023-12-28 09:28:33,798] {processor.py:613} INFO - Processing file /home/airflow/.local/lib/python3.6/site-packages/airflow/example_dags/example_latest_only.py for tasks to queue
[2023-12-28 09:28:33,799] {logging_mixin.py:109} INFO - [2023-12-28 09:28:33,799] {dagbag.py:496} INFO - Filling up the DagBag from /home/airflow/.local/lib/python3.6/site-packages/airflow/example_dags/example_latest_only.py
[2023-12-28 09:28:33,815] {processor.py:623} INFO - DAG(s) dict_keys(['latest_only']) retrieved from /home/airflow/.local/lib/python3.6/site-packages/airflow/example_dags/example_latest_only.py
[2023-12-28 09:28:33,850] {logging_mixin.py:109} INFO - [2023-12-28 09:28:33,850] {dag.py:1834} INFO - Sync 1 DAGs
[2023-12-28 09:28:33,874] {logging_mixin.py:109} INFO - [2023-12-28 09:28:33,873] {dag.py:2287} INFO - Setting next_dagrun for latest_only to 2023-12-26 00:00:00+00:00
[2023-12-28 09:28:33,893] {processor.py:170} INFO - Processing /home/airflow/.local/lib/python3.6/site-packages/airflow/example_dags/example_latest_only.py took 0.100 seconds
[2023-12-28 09:29:04,216] {processor.py:162} INFO - Started process (PID=4031) to work on /home/airflow/.local/lib/python3.6/site-packages/airflow/example_dags/example_latest_only.py
[2023-12-28 09:29:04,218] {processor.py:613} INFO - Processing file /home/airflow/.local/lib/python3.6/site-packages/airflow/example_dags/example_latest_only.py for tasks to queue
[2023-12-28 09:29:04,220] {logging_mixin.py:109} INFO - [2023-12-28 09:29:04,219] {dagbag.py:496} INFO - Filling up the DagBag from /home/airflow/.local/lib/python3.6/site-packages/airflow/example_dags/example_latest_only.py
[2023-12-28 09:29:04,235] {processor.py:623} INFO - DAG(s) dict_keys(['latest_only']) retrieved from /home/airflow/.local/lib/python3.6/site-packages/airflow/example_dags/example_latest_only.py
[2023-12-28 09:29:04,272] {logging_mixin.py:109} INFO - [2023-12-28 09:29:04,271] {dag.py:1834} INFO - Sync 1 DAGs
[2023-12-28 09:29:04,303] {logging_mixin.py:109} INFO - [2023-12-28 09:29:04,303] {dag.py:2287} INFO - Setting next_dagrun for latest_only to 2023-12-26 00:00:00+00:00
[2023-12-28 09:29:04,323] {processor.py:170} INFO - Processing /home/airflow/.local/lib/python3.6/site-packages/airflow/example_dags/example_latest_only.py took 0.112 seconds
[2023-12-28 09:29:34,795] {processor.py:162} INFO - Started process (PID=4227) to work on /home/airflow/.local/lib/python3.6/site-packages/airflow/example_dags/example_latest_only.py
[2023-12-28 09:29:34,798] {processor.py:613} INFO - Processing file /home/airflow/.local/lib/python3.6/site-packages/airflow/example_dags/example_latest_only.py for tasks to queue
[2023-12-28 09:29:34,799] {logging_mixin.py:109} INFO - [2023-12-28 09:29:34,799] {dagbag.py:496} INFO - Filling up the DagBag from /home/airflow/.local/lib/python3.6/site-packages/airflow/example_dags/example_latest_only.py
[2023-12-28 09:29:34,812] {processor.py:623} INFO - DAG(s) dict_keys(['latest_only']) retrieved from /home/airflow/.local/lib/python3.6/site-packages/airflow/example_dags/example_latest_only.py
[2023-12-28 09:29:34,841] {logging_mixin.py:109} INFO - [2023-12-28 09:29:34,841] {dag.py:1834} INFO - Sync 1 DAGs
[2023-12-28 09:29:34,859] {logging_mixin.py:109} INFO - [2023-12-28 09:29:34,859] {dag.py:2287} INFO - Setting next_dagrun for latest_only to 2023-12-26 00:00:00+00:00
[2023-12-28 09:29:34,876] {processor.py:170} INFO - Processing /home/airflow/.local/lib/python3.6/site-packages/airflow/example_dags/example_latest_only.py took 0.084 seconds
[2023-12-28 09:30:06,057] {processor.py:162} INFO - Started process (PID=4430) to work on /home/airflow/.local/lib/python3.6/site-packages/airflow/example_dags/example_latest_only.py
[2023-12-28 09:30:06,058] {processor.py:613} INFO - Processing file /home/airflow/.local/lib/python3.6/site-packages/airflow/example_dags/example_latest_only.py for tasks to queue
[2023-12-28 09:30:06,059] {logging_mixin.py:109} INFO - [2023-12-28 09:30:06,059] {dagbag.py:496} INFO - Filling up the DagBag from /home/airflow/.local/lib/python3.6/site-packages/airflow/example_dags/example_latest_only.py
[2023-12-28 09:30:06,072] {processor.py:623} INFO - DAG(s) dict_keys(['latest_only']) retrieved from /home/airflow/.local/lib/python3.6/site-packages/airflow/example_dags/example_latest_only.py
[2023-12-28 09:30:06,102] {logging_mixin.py:109} INFO - [2023-12-28 09:30:06,102] {dag.py:1834} INFO - Sync 1 DAGs
[2023-12-28 09:30:06,119] {logging_mixin.py:109} INFO - [2023-12-28 09:30:06,119] {dag.py:2287} INFO - Setting next_dagrun for latest_only to 2023-12-26 00:00:00+00:00
[2023-12-28 09:30:06,136] {processor.py:170} INFO - Processing /home/airflow/.local/lib/python3.6/site-packages/airflow/example_dags/example_latest_only.py took 0.082 seconds
[2023-12-28 09:30:37,372] {processor.py:162} INFO - Started process (PID=4625) to work on /home/airflow/.local/lib/python3.6/site-packages/airflow/example_dags/example_latest_only.py
[2023-12-28 09:30:37,374] {processor.py:613} INFO - Processing file /home/airflow/.local/lib/python3.6/site-packages/airflow/example_dags/example_latest_only.py for tasks to queue
[2023-12-28 09:30:37,375] {logging_mixin.py:109} INFO - [2023-12-28 09:30:37,375] {dagbag.py:496} INFO - Filling up the DagBag from /home/airflow/.local/lib/python3.6/site-packages/airflow/example_dags/example_latest_only.py
[2023-12-28 09:30:37,392] {processor.py:623} INFO - DAG(s) dict_keys(['latest_only']) retrieved from /home/airflow/.local/lib/python3.6/site-packages/airflow/example_dags/example_latest_only.py
[2023-12-28 09:30:37,420] {logging_mixin.py:109} INFO - [2023-12-28 09:30:37,420] {dag.py:1834} INFO - Sync 1 DAGs
[2023-12-28 09:30:37,438] {logging_mixin.py:109} INFO - [2023-12-28 09:30:37,437] {dag.py:2287} INFO - Setting next_dagrun for latest_only to 2023-12-26 00:00:00+00:00
[2023-12-28 09:30:37,454] {processor.py:170} INFO - Processing /home/airflow/.local/lib/python3.6/site-packages/airflow/example_dags/example_latest_only.py took 0.086 seconds
[2023-12-28 09:31:08,031] {processor.py:162} INFO - Started process (PID=4831) to work on /home/airflow/.local/lib/python3.6/site-packages/airflow/example_dags/example_latest_only.py
[2023-12-28 09:31:08,032] {processor.py:613} INFO - Processing file /home/airflow/.local/lib/python3.6/site-packages/airflow/example_dags/example_latest_only.py for tasks to queue
[2023-12-28 09:31:08,033] {logging_mixin.py:109} INFO - [2023-12-28 09:31:08,033] {dagbag.py:496} INFO - Filling up the DagBag from /home/airflow/.local/lib/python3.6/site-packages/airflow/example_dags/example_latest_only.py
[2023-12-28 09:31:08,048] {processor.py:623} INFO - DAG(s) dict_keys(['latest_only']) retrieved from /home/airflow/.local/lib/python3.6/site-packages/airflow/example_dags/example_latest_only.py
[2023-12-28 09:31:08,079] {logging_mixin.py:109} INFO - [2023-12-28 09:31:08,079] {dag.py:1834} INFO - Sync 1 DAGs
[2023-12-28 09:31:08,101] {logging_mixin.py:109} INFO - [2023-12-28 09:31:08,101] {dag.py:2287} INFO - Setting next_dagrun for latest_only to 2023-12-26 00:00:00+00:00
[2023-12-28 09:31:08,137] {processor.py:170} INFO - Processing /home/airflow/.local/lib/python3.6/site-packages/airflow/example_dags/example_latest_only.py took 0.110 seconds
[2023-12-28 09:31:39,121] {processor.py:162} INFO - Started process (PID=5028) to work on /home/airflow/.local/lib/python3.6/site-packages/airflow/example_dags/example_latest_only.py
[2023-12-28 09:31:39,124] {processor.py:613} INFO - Processing file /home/airflow/.local/lib/python3.6/site-packages/airflow/example_dags/example_latest_only.py for tasks to queue
[2023-12-28 09:31:39,125] {logging_mixin.py:109} INFO - [2023-12-28 09:31:39,125] {dagbag.py:496} INFO - Filling up the DagBag from /home/airflow/.local/lib/python3.6/site-packages/airflow/example_dags/example_latest_only.py
[2023-12-28 09:31:39,138] {processor.py:623} INFO - DAG(s) dict_keys(['latest_only']) retrieved from /home/airflow/.local/lib/python3.6/site-packages/airflow/example_dags/example_latest_only.py
[2023-12-28 09:31:39,165] {logging_mixin.py:109} INFO - [2023-12-28 09:31:39,164] {dag.py:1834} INFO - Sync 1 DAGs
[2023-12-28 09:31:39,182] {logging_mixin.py:109} INFO - [2023-12-28 09:31:39,181] {dag.py:2287} INFO - Setting next_dagrun for latest_only to 2023-12-26 00:00:00+00:00
[2023-12-28 09:31:39,196] {processor.py:170} INFO - Processing /home/airflow/.local/lib/python3.6/site-packages/airflow/example_dags/example_latest_only.py took 0.078 seconds
[2023-12-28 09:32:10,274] {processor.py:162} INFO - Started process (PID=5230) to work on /home/airflow/.local/lib/python3.6/site-packages/airflow/example_dags/example_latest_only.py
[2023-12-28 09:32:10,275] {processor.py:613} INFO - Processing file /home/airflow/.local/lib/python3.6/site-packages/airflow/example_dags/example_latest_only.py for tasks to queue
[2023-12-28 09:32:10,276] {logging_mixin.py:109} INFO - [2023-12-28 09:32:10,276] {dagbag.py:496} INFO - Filling up the DagBag from /home/airflow/.local/lib/python3.6/site-packages/airflow/example_dags/example_latest_only.py
[2023-12-28 09:32:10,289] {processor.py:623} INFO - DAG(s) dict_keys(['latest_only']) retrieved from /home/airflow/.local/lib/python3.6/site-packages/airflow/example_dags/example_latest_only.py
[2023-12-28 09:32:10,313] {logging_mixin.py:109} INFO - [2023-12-28 09:32:10,313] {dag.py:1834} INFO - Sync 1 DAGs
[2023-12-28 09:32:10,328] {logging_mixin.py:109} INFO - [2023-12-28 09:32:10,327] {dag.py:2287} INFO - Setting next_dagrun for latest_only to 2023-12-26 00:00:00+00:00
[2023-12-28 09:32:10,342] {processor.py:170} INFO - Processing /home/airflow/.local/lib/python3.6/site-packages/airflow/example_dags/example_latest_only.py took 0.071 seconds
[2023-12-28 09:32:41,438] {processor.py:162} INFO - Started process (PID=5426) to work on /home/airflow/.local/lib/python3.6/site-packages/airflow/example_dags/example_latest_only.py
[2023-12-28 09:32:41,440] {processor.py:613} INFO - Processing file /home/airflow/.local/lib/python3.6/site-packages/airflow/example_dags/example_latest_only.py for tasks to queue
[2023-12-28 09:32:41,441] {logging_mixin.py:109} INFO - [2023-12-28 09:32:41,441] {dagbag.py:496} INFO - Filling up the DagBag from /home/airflow/.local/lib/python3.6/site-packages/airflow/example_dags/example_latest_only.py
[2023-12-28 09:32:41,455] {processor.py:623} INFO - DAG(s) dict_keys(['latest_only']) retrieved from /home/airflow/.local/lib/python3.6/site-packages/airflow/example_dags/example_latest_only.py
[2023-12-28 09:32:41,481] {logging_mixin.py:109} INFO - [2023-12-28 09:32:41,481] {dag.py:1834} INFO - Sync 1 DAGs
[2023-12-28 09:32:41,499] {logging_mixin.py:109} INFO - [2023-12-28 09:32:41,498] {dag.py:2287} INFO - Setting next_dagrun for latest_only to 2023-12-26 00:00:00+00:00
[2023-12-28 09:32:41,514] {processor.py:170} INFO - Processing /home/airflow/.local/lib/python3.6/site-packages/airflow/example_dags/example_latest_only.py took 0.079 seconds
[2023-12-28 09:33:11,854] {processor.py:162} INFO - Started process (PID=5631) to work on /home/airflow/.local/lib/python3.6/site-packages/airflow/example_dags/example_latest_only.py
[2023-12-28 09:33:11,855] {processor.py:613} INFO - Processing file /home/airflow/.local/lib/python3.6/site-packages/airflow/example_dags/example_latest_only.py for tasks to queue
[2023-12-28 09:33:11,856] {logging_mixin.py:109} INFO - [2023-12-28 09:33:11,856] {dagbag.py:496} INFO - Filling up the DagBag from /home/airflow/.local/lib/python3.6/site-packages/airflow/example_dags/example_latest_only.py
[2023-12-28 09:33:11,871] {processor.py:623} INFO - DAG(s) dict_keys(['latest_only']) retrieved from /home/airflow/.local/lib/python3.6/site-packages/airflow/example_dags/example_latest_only.py
[2023-12-28 09:33:11,898] {logging_mixin.py:109} INFO - [2023-12-28 09:33:11,898] {dag.py:1834} INFO - Sync 1 DAGs
[2023-12-28 09:33:11,916] {logging_mixin.py:109} INFO - [2023-12-28 09:33:11,916] {dag.py:2287} INFO - Setting next_dagrun for latest_only to 2023-12-26 00:00:00+00:00
[2023-12-28 09:33:11,935] {processor.py:170} INFO - Processing /home/airflow/.local/lib/python3.6/site-packages/airflow/example_dags/example_latest_only.py took 0.085 seconds
[2023-12-28 09:33:42,183] {processor.py:162} INFO - Started process (PID=5826) to work on /home/airflow/.local/lib/python3.6/site-packages/airflow/example_dags/example_latest_only.py
[2023-12-28 09:33:42,185] {processor.py:613} INFO - Processing file /home/airflow/.local/lib/python3.6/site-packages/airflow/example_dags/example_latest_only.py for tasks to queue
[2023-12-28 09:33:42,186] {logging_mixin.py:109} INFO - [2023-12-28 09:33:42,186] {dagbag.py:496} INFO - Filling up the DagBag from /home/airflow/.local/lib/python3.6/site-packages/airflow/example_dags/example_latest_only.py
[2023-12-28 09:33:42,201] {processor.py:623} INFO - DAG(s) dict_keys(['latest_only']) retrieved from /home/airflow/.local/lib/python3.6/site-packages/airflow/example_dags/example_latest_only.py
[2023-12-28 09:33:42,233] {logging_mixin.py:109} INFO - [2023-12-28 09:33:42,233] {dag.py:1834} INFO - Sync 1 DAGs
[2023-12-28 09:33:42,252] {logging_mixin.py:109} INFO - [2023-12-28 09:33:42,252] {dag.py:2287} INFO - Setting next_dagrun for latest_only to 2023-12-26 00:00:00+00:00
[2023-12-28 09:33:42,270] {processor.py:170} INFO - Processing /home/airflow/.local/lib/python3.6/site-packages/airflow/example_dags/example_latest_only.py took 0.091 seconds
[2023-12-28 09:34:12,552] {processor.py:162} INFO - Started process (PID=6021) to work on /home/airflow/.local/lib/python3.6/site-packages/airflow/example_dags/example_latest_only.py
[2023-12-28 09:34:12,553] {processor.py:613} INFO - Processing file /home/airflow/.local/lib/python3.6/site-packages/airflow/example_dags/example_latest_only.py for tasks to queue
[2023-12-28 09:34:12,553] {logging_mixin.py:109} INFO - [2023-12-28 09:34:12,553] {dagbag.py:496} INFO - Filling up the DagBag from /home/airflow/.local/lib/python3.6/site-packages/airflow/example_dags/example_latest_only.py
[2023-12-28 09:34:12,567] {processor.py:623} INFO - DAG(s) dict_keys(['latest_only']) retrieved from /home/airflow/.local/lib/python3.6/site-packages/airflow/example_dags/example_latest_only.py
[2023-12-28 09:34:12,593] {logging_mixin.py:109} INFO - [2023-12-28 09:34:12,593] {dag.py:1834} INFO - Sync 1 DAGs
[2023-12-28 09:34:12,611] {logging_mixin.py:109} INFO - [2023-12-28 09:34:12,611] {dag.py:2287} INFO - Setting next_dagrun for latest_only to 2023-12-26 00:00:00+00:00
[2023-12-28 09:34:12,631] {processor.py:170} INFO - Processing /home/airflow/.local/lib/python3.6/site-packages/airflow/example_dags/example_latest_only.py took 0.082 seconds
[2023-12-28 09:34:43,465] {processor.py:162} INFO - Started process (PID=6225) to work on /home/airflow/.local/lib/python3.6/site-packages/airflow/example_dags/example_latest_only.py
[2023-12-28 09:34:43,466] {processor.py:613} INFO - Processing file /home/airflow/.local/lib/python3.6/site-packages/airflow/example_dags/example_latest_only.py for tasks to queue
[2023-12-28 09:34:43,467] {logging_mixin.py:109} INFO - [2023-12-28 09:34:43,467] {dagbag.py:496} INFO - Filling up the DagBag from /home/airflow/.local/lib/python3.6/site-packages/airflow/example_dags/example_latest_only.py
[2023-12-28 09:34:43,480] {processor.py:623} INFO - DAG(s) dict_keys(['latest_only']) retrieved from /home/airflow/.local/lib/python3.6/site-packages/airflow/example_dags/example_latest_only.py
[2023-12-28 09:34:43,504] {logging_mixin.py:109} INFO - [2023-12-28 09:34:43,504] {dag.py:1834} INFO - Sync 1 DAGs
[2023-12-28 09:34:43,519] {logging_mixin.py:109} INFO - [2023-12-28 09:34:43,519] {dag.py:2287} INFO - Setting next_dagrun for latest_only to 2023-12-26 00:00:00+00:00
[2023-12-28 09:34:43,534] {processor.py:170} INFO - Processing /home/airflow/.local/lib/python3.6/site-packages/airflow/example_dags/example_latest_only.py took 0.072 seconds
[2023-12-28 09:35:14,612] {processor.py:162} INFO - Started process (PID=6420) to work on /home/airflow/.local/lib/python3.6/site-packages/airflow/example_dags/example_latest_only.py
[2023-12-28 09:35:14,613] {processor.py:613} INFO - Processing file /home/airflow/.local/lib/python3.6/site-packages/airflow/example_dags/example_latest_only.py for tasks to queue
[2023-12-28 09:35:14,614] {logging_mixin.py:109} INFO - [2023-12-28 09:35:14,614] {dagbag.py:496} INFO - Filling up the DagBag from /home/airflow/.local/lib/python3.6/site-packages/airflow/example_dags/example_latest_only.py
[2023-12-28 09:35:14,625] {processor.py:623} INFO - DAG(s) dict_keys(['latest_only']) retrieved from /home/airflow/.local/lib/python3.6/site-packages/airflow/example_dags/example_latest_only.py
[2023-12-28 09:35:14,648] {logging_mixin.py:109} INFO - [2023-12-28 09:35:14,648] {dag.py:1834} INFO - Sync 1 DAGs
[2023-12-28 09:35:14,663] {logging_mixin.py:109} INFO - [2023-12-28 09:35:14,663] {dag.py:2287} INFO - Setting next_dagrun for latest_only to 2023-12-26 00:00:00+00:00
[2023-12-28 09:35:14,678] {processor.py:170} INFO - Processing /home/airflow/.local/lib/python3.6/site-packages/airflow/example_dags/example_latest_only.py took 0.069 seconds
[2023-12-28 09:35:45,776] {processor.py:162} INFO - Started process (PID=6627) to work on /home/airflow/.local/lib/python3.6/site-packages/airflow/example_dags/example_latest_only.py
[2023-12-28 09:35:45,777] {processor.py:613} INFO - Processing file /home/airflow/.local/lib/python3.6/site-packages/airflow/example_dags/example_latest_only.py for tasks to queue
[2023-12-28 09:35:45,778] {logging_mixin.py:109} INFO - [2023-12-28 09:35:45,778] {dagbag.py:496} INFO - Filling up the DagBag from /home/airflow/.local/lib/python3.6/site-packages/airflow/example_dags/example_latest_only.py
[2023-12-28 09:35:45,790] {processor.py:623} INFO - DAG(s) dict_keys(['latest_only']) retrieved from /home/airflow/.local/lib/python3.6/site-packages/airflow/example_dags/example_latest_only.py
[2023-12-28 09:35:45,813] {logging_mixin.py:109} INFO - [2023-12-28 09:35:45,813] {dag.py:1834} INFO - Sync 1 DAGs
[2023-12-28 09:35:45,828] {logging_mixin.py:109} INFO - [2023-12-28 09:35:45,828] {dag.py:2287} INFO - Setting next_dagrun for latest_only to 2023-12-26 00:00:00+00:00
[2023-12-28 09:35:45,842] {processor.py:170} INFO - Processing /home/airflow/.local/lib/python3.6/site-packages/airflow/example_dags/example_latest_only.py took 0.069 seconds
[2023-12-28 09:36:16,926] {processor.py:162} INFO - Started process (PID=6820) to work on /home/airflow/.local/lib/python3.6/site-packages/airflow/example_dags/example_latest_only.py
[2023-12-28 09:36:16,927] {processor.py:613} INFO - Processing file /home/airflow/.local/lib/python3.6/site-packages/airflow/example_dags/example_latest_only.py for tasks to queue
[2023-12-28 09:36:16,927] {logging_mixin.py:109} INFO - [2023-12-28 09:36:16,927] {dagbag.py:496} INFO - Filling up the DagBag from /home/airflow/.local/lib/python3.6/site-packages/airflow/example_dags/example_latest_only.py
[2023-12-28 09:36:16,939] {processor.py:623} INFO - DAG(s) dict_keys(['latest_only']) retrieved from /home/airflow/.local/lib/python3.6/site-packages/airflow/example_dags/example_latest_only.py
[2023-12-28 09:36:16,968] {logging_mixin.py:109} INFO - [2023-12-28 09:36:16,967] {dag.py:1834} INFO - Sync 1 DAGs
[2023-12-28 09:36:16,985] {logging_mixin.py:109} INFO - [2023-12-28 09:36:16,985] {dag.py:2287} INFO - Setting next_dagrun for latest_only to 2023-12-26 00:00:00+00:00
[2023-12-28 09:36:17,000] {processor.py:170} INFO - Processing /home/airflow/.local/lib/python3.6/site-packages/airflow/example_dags/example_latest_only.py took 0.077 seconds
[2023-12-28 09:36:47,946] {processor.py:162} INFO - Started process (PID=7026) to work on /home/airflow/.local/lib/python3.6/site-packages/airflow/example_dags/example_latest_only.py
[2023-12-28 09:36:47,949] {processor.py:613} INFO - Processing file /home/airflow/.local/lib/python3.6/site-packages/airflow/example_dags/example_latest_only.py for tasks to queue
[2023-12-28 09:36:47,950] {logging_mixin.py:109} INFO - [2023-12-28 09:36:47,950] {dagbag.py:496} INFO - Filling up the DagBag from /home/airflow/.local/lib/python3.6/site-packages/airflow/example_dags/example_latest_only.py
[2023-12-28 09:36:47,965] {processor.py:623} INFO - DAG(s) dict_keys(['latest_only']) retrieved from /home/airflow/.local/lib/python3.6/site-packages/airflow/example_dags/example_latest_only.py
[2023-12-28 09:36:47,999] {logging_mixin.py:109} INFO - [2023-12-28 09:36:47,999] {dag.py:1834} INFO - Sync 1 DAGs
[2023-12-28 09:36:48,028] {logging_mixin.py:109} INFO - [2023-12-28 09:36:48,028] {dag.py:2287} INFO - Setting next_dagrun for latest_only to 2023-12-26 00:00:00+00:00
[2023-12-28 09:36:48,043] {processor.py:170} INFO - Processing /home/airflow/.local/lib/python3.6/site-packages/airflow/example_dags/example_latest_only.py took 0.101 seconds
[2023-12-28 09:37:19,254] {processor.py:162} INFO - Started process (PID=7221) to work on /home/airflow/.local/lib/python3.6/site-packages/airflow/example_dags/example_latest_only.py
[2023-12-28 09:37:19,255] {processor.py:613} INFO - Processing file /home/airflow/.local/lib/python3.6/site-packages/airflow/example_dags/example_latest_only.py for tasks to queue
[2023-12-28 09:37:19,256] {logging_mixin.py:109} INFO - [2023-12-28 09:37:19,256] {dagbag.py:496} INFO - Filling up the DagBag from /home/airflow/.local/lib/python3.6/site-packages/airflow/example_dags/example_latest_only.py
[2023-12-28 09:37:19,266] {processor.py:623} INFO - DAG(s) dict_keys(['latest_only']) retrieved from /home/airflow/.local/lib/python3.6/site-packages/airflow/example_dags/example_latest_only.py
[2023-12-28 09:37:19,287] {logging_mixin.py:109} INFO - [2023-12-28 09:37:19,287] {dag.py:1834} INFO - Sync 1 DAGs
[2023-12-28 09:37:19,300] {logging_mixin.py:109} INFO - [2023-12-28 09:37:19,300] {dag.py:2287} INFO - Setting next_dagrun for latest_only to 2023-12-26 00:00:00+00:00
[2023-12-28 09:37:19,313] {processor.py:170} INFO - Processing /home/airflow/.local/lib/python3.6/site-packages/airflow/example_dags/example_latest_only.py took 0.062 seconds
[2023-12-28 09:37:50,237] {processor.py:162} INFO - Started process (PID=7427) to work on /home/airflow/.local/lib/python3.6/site-packages/airflow/example_dags/example_latest_only.py
[2023-12-28 09:37:50,238] {processor.py:613} INFO - Processing file /home/airflow/.local/lib/python3.6/site-packages/airflow/example_dags/example_latest_only.py for tasks to queue
[2023-12-28 09:37:50,239] {logging_mixin.py:109} INFO - [2023-12-28 09:37:50,239] {dagbag.py:496} INFO - Filling up the DagBag from /home/airflow/.local/lib/python3.6/site-packages/airflow/example_dags/example_latest_only.py
[2023-12-28 09:37:50,252] {processor.py:623} INFO - DAG(s) dict_keys(['latest_only']) retrieved from /home/airflow/.local/lib/python3.6/site-packages/airflow/example_dags/example_latest_only.py
[2023-12-28 09:37:50,276] {logging_mixin.py:109} INFO - [2023-12-28 09:37:50,276] {dag.py:1834} INFO - Sync 1 DAGs
[2023-12-28 09:37:50,291] {logging_mixin.py:109} INFO - [2023-12-28 09:37:50,291] {dag.py:2287} INFO - Setting next_dagrun for latest_only to 2023-12-26 00:00:00+00:00
[2023-12-28 09:37:50,304] {processor.py:170} INFO - Processing /home/airflow/.local/lib/python3.6/site-packages/airflow/example_dags/example_latest_only.py took 0.071 seconds
[2023-12-28 09:38:20,602] {processor.py:162} INFO - Started process (PID=7621) to work on /home/airflow/.local/lib/python3.6/site-packages/airflow/example_dags/example_latest_only.py
[2023-12-28 09:38:20,603] {processor.py:613} INFO - Processing file /home/airflow/.local/lib/python3.6/site-packages/airflow/example_dags/example_latest_only.py for tasks to queue
[2023-12-28 09:38:20,604] {logging_mixin.py:109} INFO - [2023-12-28 09:38:20,604] {dagbag.py:496} INFO - Filling up the DagBag from /home/airflow/.local/lib/python3.6/site-packages/airflow/example_dags/example_latest_only.py
[2023-12-28 09:38:20,615] {processor.py:623} INFO - DAG(s) dict_keys(['latest_only']) retrieved from /home/airflow/.local/lib/python3.6/site-packages/airflow/example_dags/example_latest_only.py
[2023-12-28 09:38:20,637] {logging_mixin.py:109} INFO - [2023-12-28 09:38:20,637] {dag.py:1834} INFO - Sync 1 DAGs
[2023-12-28 09:38:20,653] {logging_mixin.py:109} INFO - [2023-12-28 09:38:20,653] {dag.py:2287} INFO - Setting next_dagrun for latest_only to 2023-12-26 00:00:00+00:00
[2023-12-28 09:38:20,667] {processor.py:170} INFO - Processing /home/airflow/.local/lib/python3.6/site-packages/airflow/example_dags/example_latest_only.py took 0.068 seconds
[2023-12-28 09:38:51,592] {processor.py:162} INFO - Started process (PID=7816) to work on /home/airflow/.local/lib/python3.6/site-packages/airflow/example_dags/example_latest_only.py
[2023-12-28 09:38:51,594] {processor.py:613} INFO - Processing file /home/airflow/.local/lib/python3.6/site-packages/airflow/example_dags/example_latest_only.py for tasks to queue
[2023-12-28 09:38:51,594] {logging_mixin.py:109} INFO - [2023-12-28 09:38:51,594] {dagbag.py:496} INFO - Filling up the DagBag from /home/airflow/.local/lib/python3.6/site-packages/airflow/example_dags/example_latest_only.py
[2023-12-28 09:38:51,606] {processor.py:623} INFO - DAG(s) dict_keys(['latest_only']) retrieved from /home/airflow/.local/lib/python3.6/site-packages/airflow/example_dags/example_latest_only.py
[2023-12-28 09:38:51,631] {logging_mixin.py:109} INFO - [2023-12-28 09:38:51,630] {dag.py:1834} INFO - Sync 1 DAGs
[2023-12-28 09:38:51,646] {logging_mixin.py:109} INFO - [2023-12-28 09:38:51,646] {dag.py:2287} INFO - Setting next_dagrun for latest_only to 2023-12-26 00:00:00+00:00
[2023-12-28 09:38:51,661] {processor.py:170} INFO - Processing /home/airflow/.local/lib/python3.6/site-packages/airflow/example_dags/example_latest_only.py took 0.071 seconds
[2023-12-28 09:39:22,317] {processor.py:162} INFO - Started process (PID=8023) to work on /home/airflow/.local/lib/python3.6/site-packages/airflow/example_dags/example_latest_only.py
[2023-12-28 09:39:22,317] {processor.py:613} INFO - Processing file /home/airflow/.local/lib/python3.6/site-packages/airflow/example_dags/example_latest_only.py for tasks to queue
[2023-12-28 09:39:22,318] {logging_mixin.py:109} INFO - [2023-12-28 09:39:22,318] {dagbag.py:496} INFO - Filling up the DagBag from /home/airflow/.local/lib/python3.6/site-packages/airflow/example_dags/example_latest_only.py
[2023-12-28 09:39:22,328] {processor.py:623} INFO - DAG(s) dict_keys(['latest_only']) retrieved from /home/airflow/.local/lib/python3.6/site-packages/airflow/example_dags/example_latest_only.py
[2023-12-28 09:39:22,354] {logging_mixin.py:109} INFO - [2023-12-28 09:39:22,354] {dag.py:1834} INFO - Sync 1 DAGs
[2023-12-28 09:39:22,370] {logging_mixin.py:109} INFO - [2023-12-28 09:39:22,370] {dag.py:2287} INFO - Setting next_dagrun for latest_only to 2023-12-26 00:00:00+00:00
[2023-12-28 09:39:22,383] {processor.py:170} INFO - Processing /home/airflow/.local/lib/python3.6/site-packages/airflow/example_dags/example_latest_only.py took 0.069 seconds
[2023-12-28 09:39:53,291] {processor.py:162} INFO - Started process (PID=8215) to work on /home/airflow/.local/lib/python3.6/site-packages/airflow/example_dags/example_latest_only.py
[2023-12-28 09:39:53,292] {processor.py:613} INFO - Processing file /home/airflow/.local/lib/python3.6/site-packages/airflow/example_dags/example_latest_only.py for tasks to queue
[2023-12-28 09:39:53,293] {logging_mixin.py:109} INFO - [2023-12-28 09:39:53,293] {dagbag.py:496} INFO - Filling up the DagBag from /home/airflow/.local/lib/python3.6/site-packages/airflow/example_dags/example_latest_only.py
[2023-12-28 09:39:53,304] {processor.py:623} INFO - DAG(s) dict_keys(['latest_only']) retrieved from /home/airflow/.local/lib/python3.6/site-packages/airflow/example_dags/example_latest_only.py
[2023-12-28 09:39:53,328] {logging_mixin.py:109} INFO - [2023-12-28 09:39:53,328] {dag.py:1834} INFO - Sync 1 DAGs
[2023-12-28 09:39:53,344] {logging_mixin.py:109} INFO - [2023-12-28 09:39:53,344] {dag.py:2287} INFO - Setting next_dagrun for latest_only to 2023-12-26 00:00:00+00:00
[2023-12-28 09:39:53,359] {processor.py:170} INFO - Processing /home/airflow/.local/lib/python3.6/site-packages/airflow/example_dags/example_latest_only.py took 0.071 seconds
[2023-12-28 09:40:23,717] {processor.py:162} INFO - Started process (PID=8421) to work on /home/airflow/.local/lib/python3.6/site-packages/airflow/example_dags/example_latest_only.py
[2023-12-28 09:40:23,718] {processor.py:613} INFO - Processing file /home/airflow/.local/lib/python3.6/site-packages/airflow/example_dags/example_latest_only.py for tasks to queue
[2023-12-28 09:40:23,719] {logging_mixin.py:109} INFO - [2023-12-28 09:40:23,719] {dagbag.py:496} INFO - Filling up the DagBag from /home/airflow/.local/lib/python3.6/site-packages/airflow/example_dags/example_latest_only.py
[2023-12-28 09:40:23,733] {processor.py:623} INFO - DAG(s) dict_keys(['latest_only']) retrieved from /home/airflow/.local/lib/python3.6/site-packages/airflow/example_dags/example_latest_only.py
[2023-12-28 09:40:23,759] {logging_mixin.py:109} INFO - [2023-12-28 09:40:23,758] {dag.py:1834} INFO - Sync 1 DAGs
[2023-12-28 09:40:23,789] {logging_mixin.py:109} INFO - [2023-12-28 09:40:23,789] {dag.py:2287} INFO - Setting next_dagrun for latest_only to 2023-12-26 00:00:00+00:00
[2023-12-28 09:40:23,815] {processor.py:170} INFO - Processing /home/airflow/.local/lib/python3.6/site-packages/airflow/example_dags/example_latest_only.py took 0.101 seconds
