[2023-12-28 09:19:21,345] {processor.py:162} INFO - Started process (PID=201) to work on /home/airflow/.local/lib/python3.6/site-packages/airflow/example_dags/example_branch_labels.py
[2023-12-28 09:19:21,346] {processor.py:613} INFO - Processing file /home/airflow/.local/lib/python3.6/site-packages/airflow/example_dags/example_branch_labels.py for tasks to queue
[2023-12-28 09:19:21,347] {logging_mixin.py:109} INFO - [2023-12-28 09:19:21,346] {dagbag.py:496} INFO - Filling up the DagBag from /home/airflow/.local/lib/python3.6/site-packages/airflow/example_dags/example_branch_labels.py
[2023-12-28 09:19:21,356] {processor.py:623} INFO - DAG(s) dict_keys(['example_branch_labels']) retrieved from /home/airflow/.local/lib/python3.6/site-packages/airflow/example_dags/example_branch_labels.py
[2023-12-28 09:19:21,542] {logging_mixin.py:109} INFO - [2023-12-28 09:19:21,542] {dag.py:1834} INFO - Sync 1 DAGs
[2023-12-28 09:19:21,557] {logging_mixin.py:109} INFO - [2023-12-28 09:19:21,557] {dag.py:2287} INFO - Setting next_dagrun for example_branch_labels to 2023-12-26 00:00:00+00:00
[2023-12-28 09:19:21,569] {processor.py:170} INFO - Processing /home/airflow/.local/lib/python3.6/site-packages/airflow/example_dags/example_branch_labels.py took 0.227 seconds
[2023-12-28 09:19:52,355] {processor.py:162} INFO - Started process (PID=406) to work on /home/airflow/.local/lib/python3.6/site-packages/airflow/example_dags/example_branch_labels.py
[2023-12-28 09:19:52,356] {processor.py:613} INFO - Processing file /home/airflow/.local/lib/python3.6/site-packages/airflow/example_dags/example_branch_labels.py for tasks to queue
[2023-12-28 09:19:52,357] {logging_mixin.py:109} INFO - [2023-12-28 09:19:52,357] {dagbag.py:496} INFO - Filling up the DagBag from /home/airflow/.local/lib/python3.6/site-packages/airflow/example_dags/example_branch_labels.py
[2023-12-28 09:19:52,378] {processor.py:623} INFO - DAG(s) dict_keys(['example_branch_labels']) retrieved from /home/airflow/.local/lib/python3.6/site-packages/airflow/example_dags/example_branch_labels.py
[2023-12-28 09:19:52,408] {logging_mixin.py:109} INFO - [2023-12-28 09:19:52,408] {dag.py:1834} INFO - Sync 1 DAGs
[2023-12-28 09:19:52,449] {logging_mixin.py:109} INFO - [2023-12-28 09:19:52,449] {dag.py:2287} INFO - Setting next_dagrun for example_branch_labels to 2023-12-26 00:00:00+00:00
[2023-12-28 09:19:52,469] {processor.py:170} INFO - Processing /home/airflow/.local/lib/python3.6/site-packages/airflow/example_dags/example_branch_labels.py took 0.119 seconds
[2023-12-28 09:20:22,817] {processor.py:162} INFO - Started process (PID=581) to work on /home/airflow/.local/lib/python3.6/site-packages/airflow/example_dags/example_branch_labels.py
[2023-12-28 09:20:22,817] {processor.py:613} INFO - Processing file /home/airflow/.local/lib/python3.6/site-packages/airflow/example_dags/example_branch_labels.py for tasks to queue
[2023-12-28 09:20:22,818] {logging_mixin.py:109} INFO - [2023-12-28 09:20:22,818] {dagbag.py:496} INFO - Filling up the DagBag from /home/airflow/.local/lib/python3.6/site-packages/airflow/example_dags/example_branch_labels.py
[2023-12-28 09:20:22,827] {processor.py:623} INFO - DAG(s) dict_keys(['example_branch_labels']) retrieved from /home/airflow/.local/lib/python3.6/site-packages/airflow/example_dags/example_branch_labels.py
[2023-12-28 09:20:22,848] {logging_mixin.py:109} INFO - [2023-12-28 09:20:22,847] {dag.py:1834} INFO - Sync 1 DAGs
[2023-12-28 09:20:22,861] {logging_mixin.py:109} INFO - [2023-12-28 09:20:22,861] {dag.py:2287} INFO - Setting next_dagrun for example_branch_labels to 2023-12-26 00:00:00+00:00
[2023-12-28 09:20:22,870] {processor.py:170} INFO - Processing /home/airflow/.local/lib/python3.6/site-packages/airflow/example_dags/example_branch_labels.py took 0.056 seconds
[2023-12-28 09:20:53,245] {processor.py:162} INFO - Started process (PID=788) to work on /home/airflow/.local/lib/python3.6/site-packages/airflow/example_dags/example_branch_labels.py
[2023-12-28 09:20:53,247] {processor.py:613} INFO - Processing file /home/airflow/.local/lib/python3.6/site-packages/airflow/example_dags/example_branch_labels.py for tasks to queue
[2023-12-28 09:20:53,247] {logging_mixin.py:109} INFO - [2023-12-28 09:20:53,247] {dagbag.py:496} INFO - Filling up the DagBag from /home/airflow/.local/lib/python3.6/site-packages/airflow/example_dags/example_branch_labels.py
[2023-12-28 09:20:53,260] {processor.py:623} INFO - DAG(s) dict_keys(['example_branch_labels']) retrieved from /home/airflow/.local/lib/python3.6/site-packages/airflow/example_dags/example_branch_labels.py
[2023-12-28 09:20:53,289] {logging_mixin.py:109} INFO - [2023-12-28 09:20:53,289] {dag.py:1834} INFO - Sync 1 DAGs
[2023-12-28 09:20:53,310] {logging_mixin.py:109} INFO - [2023-12-28 09:20:53,310] {dag.py:2287} INFO - Setting next_dagrun for example_branch_labels to 2023-12-26 00:00:00+00:00
[2023-12-28 09:20:53,324] {processor.py:170} INFO - Processing /home/airflow/.local/lib/python3.6/site-packages/airflow/example_dags/example_branch_labels.py took 0.082 seconds
[2023-12-28 09:21:23,836] {processor.py:162} INFO - Started process (PID=983) to work on /home/airflow/.local/lib/python3.6/site-packages/airflow/example_dags/example_branch_labels.py
[2023-12-28 09:21:23,837] {processor.py:613} INFO - Processing file /home/airflow/.local/lib/python3.6/site-packages/airflow/example_dags/example_branch_labels.py for tasks to queue
[2023-12-28 09:21:23,838] {logging_mixin.py:109} INFO - [2023-12-28 09:21:23,838] {dagbag.py:496} INFO - Filling up the DagBag from /home/airflow/.local/lib/python3.6/site-packages/airflow/example_dags/example_branch_labels.py
[2023-12-28 09:21:23,851] {processor.py:623} INFO - DAG(s) dict_keys(['example_branch_labels']) retrieved from /home/airflow/.local/lib/python3.6/site-packages/airflow/example_dags/example_branch_labels.py
[2023-12-28 09:21:23,878] {logging_mixin.py:109} INFO - [2023-12-28 09:21:23,877] {dag.py:1834} INFO - Sync 1 DAGs
[2023-12-28 09:21:23,900] {logging_mixin.py:109} INFO - [2023-12-28 09:21:23,899] {dag.py:2287} INFO - Setting next_dagrun for example_branch_labels to 2023-12-26 00:00:00+00:00
[2023-12-28 09:21:23,921] {processor.py:170} INFO - Processing /home/airflow/.local/lib/python3.6/site-packages/airflow/example_dags/example_branch_labels.py took 0.088 seconds
[2023-12-28 09:21:54,077] {processor.py:162} INFO - Started process (PID=1188) to work on /home/airflow/.local/lib/python3.6/site-packages/airflow/example_dags/example_branch_labels.py
[2023-12-28 09:21:54,079] {processor.py:613} INFO - Processing file /home/airflow/.local/lib/python3.6/site-packages/airflow/example_dags/example_branch_labels.py for tasks to queue
[2023-12-28 09:21:54,080] {logging_mixin.py:109} INFO - [2023-12-28 09:21:54,080] {dagbag.py:496} INFO - Filling up the DagBag from /home/airflow/.local/lib/python3.6/site-packages/airflow/example_dags/example_branch_labels.py
[2023-12-28 09:21:54,092] {processor.py:623} INFO - DAG(s) dict_keys(['example_branch_labels']) retrieved from /home/airflow/.local/lib/python3.6/site-packages/airflow/example_dags/example_branch_labels.py
[2023-12-28 09:21:54,118] {logging_mixin.py:109} INFO - [2023-12-28 09:21:54,118] {dag.py:1834} INFO - Sync 1 DAGs
[2023-12-28 09:21:54,139] {logging_mixin.py:109} INFO - [2023-12-28 09:21:54,139] {dag.py:2287} INFO - Setting next_dagrun for example_branch_labels to 2023-12-26 00:00:00+00:00
[2023-12-28 09:21:54,153] {processor.py:170} INFO - Processing /home/airflow/.local/lib/python3.6/site-packages/airflow/example_dags/example_branch_labels.py took 0.080 seconds
[2023-12-28 09:22:24,491] {processor.py:162} INFO - Started process (PID=1381) to work on /home/airflow/.local/lib/python3.6/site-packages/airflow/example_dags/example_branch_labels.py
[2023-12-28 09:22:24,493] {processor.py:613} INFO - Processing file /home/airflow/.local/lib/python3.6/site-packages/airflow/example_dags/example_branch_labels.py for tasks to queue
[2023-12-28 09:22:24,493] {logging_mixin.py:109} INFO - [2023-12-28 09:22:24,493] {dagbag.py:496} INFO - Filling up the DagBag from /home/airflow/.local/lib/python3.6/site-packages/airflow/example_dags/example_branch_labels.py
[2023-12-28 09:22:24,505] {processor.py:623} INFO - DAG(s) dict_keys(['example_branch_labels']) retrieved from /home/airflow/.local/lib/python3.6/site-packages/airflow/example_dags/example_branch_labels.py
[2023-12-28 09:22:24,528] {logging_mixin.py:109} INFO - [2023-12-28 09:22:24,528] {dag.py:1834} INFO - Sync 1 DAGs
[2023-12-28 09:22:24,547] {logging_mixin.py:109} INFO - [2023-12-28 09:22:24,547] {dag.py:2287} INFO - Setting next_dagrun for example_branch_labels to 2023-12-26 00:00:00+00:00
[2023-12-28 09:22:24,558] {processor.py:170} INFO - Processing /home/airflow/.local/lib/python3.6/site-packages/airflow/example_dags/example_branch_labels.py took 0.070 seconds
[2023-12-28 09:22:54,901] {processor.py:162} INFO - Started process (PID=1585) to work on /home/airflow/.local/lib/python3.6/site-packages/airflow/example_dags/example_branch_labels.py
[2023-12-28 09:22:54,902] {processor.py:613} INFO - Processing file /home/airflow/.local/lib/python3.6/site-packages/airflow/example_dags/example_branch_labels.py for tasks to queue
[2023-12-28 09:22:54,903] {logging_mixin.py:109} INFO - [2023-12-28 09:22:54,903] {dagbag.py:496} INFO - Filling up the DagBag from /home/airflow/.local/lib/python3.6/site-packages/airflow/example_dags/example_branch_labels.py
[2023-12-28 09:22:54,915] {processor.py:623} INFO - DAG(s) dict_keys(['example_branch_labels']) retrieved from /home/airflow/.local/lib/python3.6/site-packages/airflow/example_dags/example_branch_labels.py
[2023-12-28 09:22:54,940] {logging_mixin.py:109} INFO - [2023-12-28 09:22:54,940] {dag.py:1834} INFO - Sync 1 DAGs
[2023-12-28 09:22:54,957] {logging_mixin.py:109} INFO - [2023-12-28 09:22:54,957] {dag.py:2287} INFO - Setting next_dagrun for example_branch_labels to 2023-12-26 00:00:00+00:00
[2023-12-28 09:22:54,970] {processor.py:170} INFO - Processing /home/airflow/.local/lib/python3.6/site-packages/airflow/example_dags/example_branch_labels.py took 0.072 seconds
[2023-12-28 09:23:25,456] {processor.py:162} INFO - Started process (PID=1781) to work on /home/airflow/.local/lib/python3.6/site-packages/airflow/example_dags/example_branch_labels.py
[2023-12-28 09:23:25,459] {processor.py:613} INFO - Processing file /home/airflow/.local/lib/python3.6/site-packages/airflow/example_dags/example_branch_labels.py for tasks to queue
[2023-12-28 09:23:25,460] {logging_mixin.py:109} INFO - [2023-12-28 09:23:25,460] {dagbag.py:496} INFO - Filling up the DagBag from /home/airflow/.local/lib/python3.6/site-packages/airflow/example_dags/example_branch_labels.py
[2023-12-28 09:23:25,474] {processor.py:623} INFO - DAG(s) dict_keys(['example_branch_labels']) retrieved from /home/airflow/.local/lib/python3.6/site-packages/airflow/example_dags/example_branch_labels.py
[2023-12-28 09:23:25,502] {logging_mixin.py:109} INFO - [2023-12-28 09:23:25,502] {dag.py:1834} INFO - Sync 1 DAGs
[2023-12-28 09:23:25,523] {logging_mixin.py:109} INFO - [2023-12-28 09:23:25,522] {dag.py:2287} INFO - Setting next_dagrun for example_branch_labels to 2023-12-26 00:00:00+00:00
[2023-12-28 09:23:25,537] {processor.py:170} INFO - Processing /home/airflow/.local/lib/python3.6/site-packages/airflow/example_dags/example_branch_labels.py took 0.084 seconds
[2023-12-28 09:23:56,032] {processor.py:162} INFO - Started process (PID=1978) to work on /home/airflow/.local/lib/python3.6/site-packages/airflow/example_dags/example_branch_labels.py
[2023-12-28 09:23:56,033] {processor.py:613} INFO - Processing file /home/airflow/.local/lib/python3.6/site-packages/airflow/example_dags/example_branch_labels.py for tasks to queue
[2023-12-28 09:23:56,034] {logging_mixin.py:109} INFO - [2023-12-28 09:23:56,034] {dagbag.py:496} INFO - Filling up the DagBag from /home/airflow/.local/lib/python3.6/site-packages/airflow/example_dags/example_branch_labels.py
[2023-12-28 09:23:56,048] {processor.py:623} INFO - DAG(s) dict_keys(['example_branch_labels']) retrieved from /home/airflow/.local/lib/python3.6/site-packages/airflow/example_dags/example_branch_labels.py
[2023-12-28 09:23:56,077] {logging_mixin.py:109} INFO - [2023-12-28 09:23:56,077] {dag.py:1834} INFO - Sync 1 DAGs
[2023-12-28 09:23:56,099] {logging_mixin.py:109} INFO - [2023-12-28 09:23:56,099] {dag.py:2287} INFO - Setting next_dagrun for example_branch_labels to 2023-12-26 00:00:00+00:00
[2023-12-28 09:23:56,114] {processor.py:170} INFO - Processing /home/airflow/.local/lib/python3.6/site-packages/airflow/example_dags/example_branch_labels.py took 0.085 seconds
[2023-12-28 09:24:26,699] {processor.py:162} INFO - Started process (PID=2181) to work on /home/airflow/.local/lib/python3.6/site-packages/airflow/example_dags/example_branch_labels.py
[2023-12-28 09:24:26,701] {processor.py:613} INFO - Processing file /home/airflow/.local/lib/python3.6/site-packages/airflow/example_dags/example_branch_labels.py for tasks to queue
[2023-12-28 09:24:26,702] {logging_mixin.py:109} INFO - [2023-12-28 09:24:26,702] {dagbag.py:496} INFO - Filling up the DagBag from /home/airflow/.local/lib/python3.6/site-packages/airflow/example_dags/example_branch_labels.py
[2023-12-28 09:24:26,719] {processor.py:623} INFO - DAG(s) dict_keys(['example_branch_labels']) retrieved from /home/airflow/.local/lib/python3.6/site-packages/airflow/example_dags/example_branch_labels.py
[2023-12-28 09:24:26,745] {logging_mixin.py:109} INFO - [2023-12-28 09:24:26,745] {dag.py:1834} INFO - Sync 1 DAGs
[2023-12-28 09:24:26,766] {logging_mixin.py:109} INFO - [2023-12-28 09:24:26,766] {dag.py:2287} INFO - Setting next_dagrun for example_branch_labels to 2023-12-26 00:00:00+00:00
[2023-12-28 09:24:26,780] {processor.py:170} INFO - Processing /home/airflow/.local/lib/python3.6/site-packages/airflow/example_dags/example_branch_labels.py took 0.085 seconds
[2023-12-28 09:24:57,214] {processor.py:162} INFO - Started process (PID=2377) to work on /home/airflow/.local/lib/python3.6/site-packages/airflow/example_dags/example_branch_labels.py
[2023-12-28 09:24:57,216] {processor.py:613} INFO - Processing file /home/airflow/.local/lib/python3.6/site-packages/airflow/example_dags/example_branch_labels.py for tasks to queue
[2023-12-28 09:24:57,217] {logging_mixin.py:109} INFO - [2023-12-28 09:24:57,217] {dagbag.py:496} INFO - Filling up the DagBag from /home/airflow/.local/lib/python3.6/site-packages/airflow/example_dags/example_branch_labels.py
[2023-12-28 09:24:57,230] {processor.py:623} INFO - DAG(s) dict_keys(['example_branch_labels']) retrieved from /home/airflow/.local/lib/python3.6/site-packages/airflow/example_dags/example_branch_labels.py
[2023-12-28 09:24:57,261] {logging_mixin.py:109} INFO - [2023-12-28 09:24:57,261] {dag.py:1834} INFO - Sync 1 DAGs
[2023-12-28 09:24:57,284] {logging_mixin.py:109} INFO - [2023-12-28 09:24:57,284] {dag.py:2287} INFO - Setting next_dagrun for example_branch_labels to 2023-12-26 00:00:00+00:00
[2023-12-28 09:24:57,300] {processor.py:170} INFO - Processing /home/airflow/.local/lib/python3.6/site-packages/airflow/example_dags/example_branch_labels.py took 0.089 seconds
[2023-12-28 09:25:27,513] {processor.py:162} INFO - Started process (PID=2581) to work on /home/airflow/.local/lib/python3.6/site-packages/airflow/example_dags/example_branch_labels.py
[2023-12-28 09:25:27,514] {processor.py:613} INFO - Processing file /home/airflow/.local/lib/python3.6/site-packages/airflow/example_dags/example_branch_labels.py for tasks to queue
[2023-12-28 09:25:27,514] {logging_mixin.py:109} INFO - [2023-12-28 09:25:27,514] {dagbag.py:496} INFO - Filling up the DagBag from /home/airflow/.local/lib/python3.6/site-packages/airflow/example_dags/example_branch_labels.py
[2023-12-28 09:25:27,528] {processor.py:623} INFO - DAG(s) dict_keys(['example_branch_labels']) retrieved from /home/airflow/.local/lib/python3.6/site-packages/airflow/example_dags/example_branch_labels.py
[2023-12-28 09:25:27,551] {logging_mixin.py:109} INFO - [2023-12-28 09:25:27,551] {dag.py:1834} INFO - Sync 1 DAGs
[2023-12-28 09:25:27,570] {logging_mixin.py:109} INFO - [2023-12-28 09:25:27,570] {dag.py:2287} INFO - Setting next_dagrun for example_branch_labels to 2023-12-26 00:00:00+00:00
[2023-12-28 09:25:27,581] {processor.py:170} INFO - Processing /home/airflow/.local/lib/python3.6/site-packages/airflow/example_dags/example_branch_labels.py took 0.071 seconds
[2023-12-28 09:25:57,714] {processor.py:162} INFO - Started process (PID=2778) to work on /home/airflow/.local/lib/python3.6/site-packages/airflow/example_dags/example_branch_labels.py
[2023-12-28 09:25:57,716] {processor.py:613} INFO - Processing file /home/airflow/.local/lib/python3.6/site-packages/airflow/example_dags/example_branch_labels.py for tasks to queue
[2023-12-28 09:25:57,717] {logging_mixin.py:109} INFO - [2023-12-28 09:25:57,716] {dagbag.py:496} INFO - Filling up the DagBag from /home/airflow/.local/lib/python3.6/site-packages/airflow/example_dags/example_branch_labels.py
[2023-12-28 09:25:57,729] {processor.py:623} INFO - DAG(s) dict_keys(['example_branch_labels']) retrieved from /home/airflow/.local/lib/python3.6/site-packages/airflow/example_dags/example_branch_labels.py
[2023-12-28 09:25:57,757] {logging_mixin.py:109} INFO - [2023-12-28 09:25:57,757] {dag.py:1834} INFO - Sync 1 DAGs
[2023-12-28 09:25:57,778] {logging_mixin.py:109} INFO - [2023-12-28 09:25:57,778] {dag.py:2287} INFO - Setting next_dagrun for example_branch_labels to 2023-12-26 00:00:00+00:00
[2023-12-28 09:25:57,794] {processor.py:170} INFO - Processing /home/airflow/.local/lib/python3.6/site-packages/airflow/example_dags/example_branch_labels.py took 0.084 seconds
[2023-12-28 09:26:28,249] {processor.py:162} INFO - Started process (PID=2980) to work on /home/airflow/.local/lib/python3.6/site-packages/airflow/example_dags/example_branch_labels.py
[2023-12-28 09:26:28,250] {processor.py:613} INFO - Processing file /home/airflow/.local/lib/python3.6/site-packages/airflow/example_dags/example_branch_labels.py for tasks to queue
[2023-12-28 09:26:28,251] {logging_mixin.py:109} INFO - [2023-12-28 09:26:28,251] {dagbag.py:496} INFO - Filling up the DagBag from /home/airflow/.local/lib/python3.6/site-packages/airflow/example_dags/example_branch_labels.py
[2023-12-28 09:26:28,265] {processor.py:623} INFO - DAG(s) dict_keys(['example_branch_labels']) retrieved from /home/airflow/.local/lib/python3.6/site-packages/airflow/example_dags/example_branch_labels.py
[2023-12-28 09:26:28,293] {logging_mixin.py:109} INFO - [2023-12-28 09:26:28,292] {dag.py:1834} INFO - Sync 1 DAGs
[2023-12-28 09:26:28,315] {logging_mixin.py:109} INFO - [2023-12-28 09:26:28,315] {dag.py:2287} INFO - Setting next_dagrun for example_branch_labels to 2023-12-26 00:00:00+00:00
[2023-12-28 09:26:28,333] {processor.py:170} INFO - Processing /home/airflow/.local/lib/python3.6/site-packages/airflow/example_dags/example_branch_labels.py took 0.088 seconds
[2023-12-28 09:26:58,739] {processor.py:162} INFO - Started process (PID=3176) to work on /home/airflow/.local/lib/python3.6/site-packages/airflow/example_dags/example_branch_labels.py
[2023-12-28 09:26:58,741] {processor.py:613} INFO - Processing file /home/airflow/.local/lib/python3.6/site-packages/airflow/example_dags/example_branch_labels.py for tasks to queue
[2023-12-28 09:26:58,742] {logging_mixin.py:109} INFO - [2023-12-28 09:26:58,742] {dagbag.py:496} INFO - Filling up the DagBag from /home/airflow/.local/lib/python3.6/site-packages/airflow/example_dags/example_branch_labels.py
[2023-12-28 09:26:58,757] {processor.py:623} INFO - DAG(s) dict_keys(['example_branch_labels']) retrieved from /home/airflow/.local/lib/python3.6/site-packages/airflow/example_dags/example_branch_labels.py
[2023-12-28 09:26:58,787] {logging_mixin.py:109} INFO - [2023-12-28 09:26:58,787] {dag.py:1834} INFO - Sync 1 DAGs
[2023-12-28 09:26:58,809] {logging_mixin.py:109} INFO - [2023-12-28 09:26:58,809] {dag.py:2287} INFO - Setting next_dagrun for example_branch_labels to 2023-12-26 00:00:00+00:00
[2023-12-28 09:26:58,823] {processor.py:170} INFO - Processing /home/airflow/.local/lib/python3.6/site-packages/airflow/example_dags/example_branch_labels.py took 0.087 seconds
[2023-12-28 09:27:29,245] {processor.py:162} INFO - Started process (PID=3371) to work on /home/airflow/.local/lib/python3.6/site-packages/airflow/example_dags/example_branch_labels.py
[2023-12-28 09:27:29,246] {processor.py:613} INFO - Processing file /home/airflow/.local/lib/python3.6/site-packages/airflow/example_dags/example_branch_labels.py for tasks to queue
[2023-12-28 09:27:29,247] {logging_mixin.py:109} INFO - [2023-12-28 09:27:29,247] {dagbag.py:496} INFO - Filling up the DagBag from /home/airflow/.local/lib/python3.6/site-packages/airflow/example_dags/example_branch_labels.py
[2023-12-28 09:27:29,258] {processor.py:623} INFO - DAG(s) dict_keys(['example_branch_labels']) retrieved from /home/airflow/.local/lib/python3.6/site-packages/airflow/example_dags/example_branch_labels.py
[2023-12-28 09:27:29,279] {logging_mixin.py:109} INFO - [2023-12-28 09:27:29,279] {dag.py:1834} INFO - Sync 1 DAGs
[2023-12-28 09:27:29,297] {logging_mixin.py:109} INFO - [2023-12-28 09:27:29,297] {dag.py:2287} INFO - Setting next_dagrun for example_branch_labels to 2023-12-26 00:00:00+00:00
[2023-12-28 09:27:29,313] {processor.py:170} INFO - Processing /home/airflow/.local/lib/python3.6/site-packages/airflow/example_dags/example_branch_labels.py took 0.070 seconds
[2023-12-28 09:27:59,944] {processor.py:162} INFO - Started process (PID=3576) to work on /home/airflow/.local/lib/python3.6/site-packages/airflow/example_dags/example_branch_labels.py
[2023-12-28 09:27:59,947] {processor.py:613} INFO - Processing file /home/airflow/.local/lib/python3.6/site-packages/airflow/example_dags/example_branch_labels.py for tasks to queue
[2023-12-28 09:27:59,948] {logging_mixin.py:109} INFO - [2023-12-28 09:27:59,948] {dagbag.py:496} INFO - Filling up the DagBag from /home/airflow/.local/lib/python3.6/site-packages/airflow/example_dags/example_branch_labels.py
[2023-12-28 09:27:59,958] {processor.py:623} INFO - DAG(s) dict_keys(['example_branch_labels']) retrieved from /home/airflow/.local/lib/python3.6/site-packages/airflow/example_dags/example_branch_labels.py
[2023-12-28 09:27:59,984] {logging_mixin.py:109} INFO - [2023-12-28 09:27:59,984] {dag.py:1834} INFO - Sync 1 DAGs
[2023-12-28 09:28:00,007] {logging_mixin.py:109} INFO - [2023-12-28 09:28:00,006] {dag.py:2287} INFO - Setting next_dagrun for example_branch_labels to 2023-12-26 00:00:00+00:00
[2023-12-28 09:28:00,022] {processor.py:170} INFO - Processing /home/airflow/.local/lib/python3.6/site-packages/airflow/example_dags/example_branch_labels.py took 0.080 seconds
[2023-12-28 09:28:30,047] {processor.py:162} INFO - Started process (PID=3771) to work on /home/airflow/.local/lib/python3.6/site-packages/airflow/example_dags/example_branch_labels.py
[2023-12-28 09:28:30,048] {processor.py:613} INFO - Processing file /home/airflow/.local/lib/python3.6/site-packages/airflow/example_dags/example_branch_labels.py for tasks to queue
[2023-12-28 09:28:30,048] {logging_mixin.py:109} INFO - [2023-12-28 09:28:30,048] {dagbag.py:496} INFO - Filling up the DagBag from /home/airflow/.local/lib/python3.6/site-packages/airflow/example_dags/example_branch_labels.py
[2023-12-28 09:28:30,058] {processor.py:623} INFO - DAG(s) dict_keys(['example_branch_labels']) retrieved from /home/airflow/.local/lib/python3.6/site-packages/airflow/example_dags/example_branch_labels.py
[2023-12-28 09:28:30,074] {logging_mixin.py:109} INFO - [2023-12-28 09:28:30,074] {dag.py:1834} INFO - Sync 1 DAGs
[2023-12-28 09:28:30,086] {logging_mixin.py:109} INFO - [2023-12-28 09:28:30,086] {dag.py:2287} INFO - Setting next_dagrun for example_branch_labels to 2023-12-26 00:00:00+00:00
[2023-12-28 09:28:30,095] {processor.py:170} INFO - Processing /home/airflow/.local/lib/python3.6/site-packages/airflow/example_dags/example_branch_labels.py took 0.051 seconds
[2023-12-28 09:29:00,516] {processor.py:162} INFO - Started process (PID=3976) to work on /home/airflow/.local/lib/python3.6/site-packages/airflow/example_dags/example_branch_labels.py
[2023-12-28 09:29:00,517] {processor.py:613} INFO - Processing file /home/airflow/.local/lib/python3.6/site-packages/airflow/example_dags/example_branch_labels.py for tasks to queue
[2023-12-28 09:29:00,518] {logging_mixin.py:109} INFO - [2023-12-28 09:29:00,518] {dagbag.py:496} INFO - Filling up the DagBag from /home/airflow/.local/lib/python3.6/site-packages/airflow/example_dags/example_branch_labels.py
[2023-12-28 09:29:00,529] {processor.py:623} INFO - DAG(s) dict_keys(['example_branch_labels']) retrieved from /home/airflow/.local/lib/python3.6/site-packages/airflow/example_dags/example_branch_labels.py
[2023-12-28 09:29:00,552] {logging_mixin.py:109} INFO - [2023-12-28 09:29:00,552] {dag.py:1834} INFO - Sync 1 DAGs
[2023-12-28 09:29:00,571] {logging_mixin.py:109} INFO - [2023-12-28 09:29:00,571] {dag.py:2287} INFO - Setting next_dagrun for example_branch_labels to 2023-12-26 00:00:00+00:00
[2023-12-28 09:29:00,583] {processor.py:170} INFO - Processing /home/airflow/.local/lib/python3.6/site-packages/airflow/example_dags/example_branch_labels.py took 0.070 seconds
[2023-12-28 09:29:31,048] {processor.py:162} INFO - Started process (PID=4171) to work on /home/airflow/.local/lib/python3.6/site-packages/airflow/example_dags/example_branch_labels.py
[2023-12-28 09:29:31,049] {processor.py:613} INFO - Processing file /home/airflow/.local/lib/python3.6/site-packages/airflow/example_dags/example_branch_labels.py for tasks to queue
[2023-12-28 09:29:31,050] {logging_mixin.py:109} INFO - [2023-12-28 09:29:31,050] {dagbag.py:496} INFO - Filling up the DagBag from /home/airflow/.local/lib/python3.6/site-packages/airflow/example_dags/example_branch_labels.py
[2023-12-28 09:29:31,063] {processor.py:623} INFO - DAG(s) dict_keys(['example_branch_labels']) retrieved from /home/airflow/.local/lib/python3.6/site-packages/airflow/example_dags/example_branch_labels.py
[2023-12-28 09:29:31,092] {logging_mixin.py:109} INFO - [2023-12-28 09:29:31,091] {dag.py:1834} INFO - Sync 1 DAGs
[2023-12-28 09:29:31,112] {logging_mixin.py:109} INFO - [2023-12-28 09:29:31,111] {dag.py:2287} INFO - Setting next_dagrun for example_branch_labels to 2023-12-26 00:00:00+00:00
[2023-12-28 09:29:31,125] {processor.py:170} INFO - Processing /home/airflow/.local/lib/python3.6/site-packages/airflow/example_dags/example_branch_labels.py took 0.080 seconds
[2023-12-28 09:30:01,263] {processor.py:162} INFO - Started process (PID=4366) to work on /home/airflow/.local/lib/python3.6/site-packages/airflow/example_dags/example_branch_labels.py
[2023-12-28 09:30:01,265] {processor.py:613} INFO - Processing file /home/airflow/.local/lib/python3.6/site-packages/airflow/example_dags/example_branch_labels.py for tasks to queue
[2023-12-28 09:30:01,266] {logging_mixin.py:109} INFO - [2023-12-28 09:30:01,266] {dagbag.py:496} INFO - Filling up the DagBag from /home/airflow/.local/lib/python3.6/site-packages/airflow/example_dags/example_branch_labels.py
[2023-12-28 09:30:01,277] {processor.py:623} INFO - DAG(s) dict_keys(['example_branch_labels']) retrieved from /home/airflow/.local/lib/python3.6/site-packages/airflow/example_dags/example_branch_labels.py
[2023-12-28 09:30:01,302] {logging_mixin.py:109} INFO - [2023-12-28 09:30:01,302] {dag.py:1834} INFO - Sync 1 DAGs
[2023-12-28 09:30:01,320] {logging_mixin.py:109} INFO - [2023-12-28 09:30:01,320] {dag.py:2287} INFO - Setting next_dagrun for example_branch_labels to 2023-12-26 00:00:00+00:00
[2023-12-28 09:30:01,331] {processor.py:170} INFO - Processing /home/airflow/.local/lib/python3.6/site-packages/airflow/example_dags/example_branch_labels.py took 0.071 seconds
[2023-12-28 09:30:31,500] {processor.py:162} INFO - Started process (PID=4571) to work on /home/airflow/.local/lib/python3.6/site-packages/airflow/example_dags/example_branch_labels.py
[2023-12-28 09:30:31,502] {processor.py:613} INFO - Processing file /home/airflow/.local/lib/python3.6/site-packages/airflow/example_dags/example_branch_labels.py for tasks to queue
[2023-12-28 09:30:31,503] {logging_mixin.py:109} INFO - [2023-12-28 09:30:31,503] {dagbag.py:496} INFO - Filling up the DagBag from /home/airflow/.local/lib/python3.6/site-packages/airflow/example_dags/example_branch_labels.py
[2023-12-28 09:30:31,517] {processor.py:623} INFO - DAG(s) dict_keys(['example_branch_labels']) retrieved from /home/airflow/.local/lib/python3.6/site-packages/airflow/example_dags/example_branch_labels.py
[2023-12-28 09:30:31,546] {logging_mixin.py:109} INFO - [2023-12-28 09:30:31,546] {dag.py:1834} INFO - Sync 1 DAGs
[2023-12-28 09:30:31,568] {logging_mixin.py:109} INFO - [2023-12-28 09:30:31,568] {dag.py:2287} INFO - Setting next_dagrun for example_branch_labels to 2023-12-26 00:00:00+00:00
[2023-12-28 09:30:31,583] {processor.py:170} INFO - Processing /home/airflow/.local/lib/python3.6/site-packages/airflow/example_dags/example_branch_labels.py took 0.086 seconds
[2023-12-28 09:31:02,042] {processor.py:162} INFO - Started process (PID=4766) to work on /home/airflow/.local/lib/python3.6/site-packages/airflow/example_dags/example_branch_labels.py
[2023-12-28 09:31:02,066] {processor.py:613} INFO - Processing file /home/airflow/.local/lib/python3.6/site-packages/airflow/example_dags/example_branch_labels.py for tasks to queue
[2023-12-28 09:31:02,067] {logging_mixin.py:109} INFO - [2023-12-28 09:31:02,066] {dagbag.py:496} INFO - Filling up the DagBag from /home/airflow/.local/lib/python3.6/site-packages/airflow/example_dags/example_branch_labels.py
[2023-12-28 09:31:02,080] {processor.py:623} INFO - DAG(s) dict_keys(['example_branch_labels']) retrieved from /home/airflow/.local/lib/python3.6/site-packages/airflow/example_dags/example_branch_labels.py
[2023-12-28 09:31:02,112] {logging_mixin.py:109} INFO - [2023-12-28 09:31:02,112] {dag.py:1834} INFO - Sync 1 DAGs
[2023-12-28 09:31:02,134] {logging_mixin.py:109} INFO - [2023-12-28 09:31:02,133] {dag.py:2287} INFO - Setting next_dagrun for example_branch_labels to 2023-12-26 00:00:00+00:00
[2023-12-28 09:31:02,155] {processor.py:170} INFO - Processing /home/airflow/.local/lib/python3.6/site-packages/airflow/example_dags/example_branch_labels.py took 0.117 seconds
[2023-12-28 09:31:32,291] {processor.py:162} INFO - Started process (PID=4971) to work on /home/airflow/.local/lib/python3.6/site-packages/airflow/example_dags/example_branch_labels.py
[2023-12-28 09:31:32,292] {processor.py:613} INFO - Processing file /home/airflow/.local/lib/python3.6/site-packages/airflow/example_dags/example_branch_labels.py for tasks to queue
[2023-12-28 09:31:32,293] {logging_mixin.py:109} INFO - [2023-12-28 09:31:32,293] {dagbag.py:496} INFO - Filling up the DagBag from /home/airflow/.local/lib/python3.6/site-packages/airflow/example_dags/example_branch_labels.py
[2023-12-28 09:31:32,305] {processor.py:623} INFO - DAG(s) dict_keys(['example_branch_labels']) retrieved from /home/airflow/.local/lib/python3.6/site-packages/airflow/example_dags/example_branch_labels.py
[2023-12-28 09:31:32,327] {logging_mixin.py:109} INFO - [2023-12-28 09:31:32,327] {dag.py:1834} INFO - Sync 1 DAGs
[2023-12-28 09:31:32,344] {logging_mixin.py:109} INFO - [2023-12-28 09:31:32,344] {dag.py:2287} INFO - Setting next_dagrun for example_branch_labels to 2023-12-26 00:00:00+00:00
[2023-12-28 09:31:32,356] {processor.py:170} INFO - Processing /home/airflow/.local/lib/python3.6/site-packages/airflow/example_dags/example_branch_labels.py took 0.068 seconds
[2023-12-28 09:32:02,490] {processor.py:162} INFO - Started process (PID=5166) to work on /home/airflow/.local/lib/python3.6/site-packages/airflow/example_dags/example_branch_labels.py
[2023-12-28 09:32:02,491] {processor.py:613} INFO - Processing file /home/airflow/.local/lib/python3.6/site-packages/airflow/example_dags/example_branch_labels.py for tasks to queue
[2023-12-28 09:32:02,492] {logging_mixin.py:109} INFO - [2023-12-28 09:32:02,492] {dagbag.py:496} INFO - Filling up the DagBag from /home/airflow/.local/lib/python3.6/site-packages/airflow/example_dags/example_branch_labels.py
[2023-12-28 09:32:02,506] {processor.py:623} INFO - DAG(s) dict_keys(['example_branch_labels']) retrieved from /home/airflow/.local/lib/python3.6/site-packages/airflow/example_dags/example_branch_labels.py
[2023-12-28 09:32:02,531] {logging_mixin.py:109} INFO - [2023-12-28 09:32:02,531] {dag.py:1834} INFO - Sync 1 DAGs
[2023-12-28 09:32:02,550] {logging_mixin.py:109} INFO - [2023-12-28 09:32:02,550] {dag.py:2287} INFO - Setting next_dagrun for example_branch_labels to 2023-12-26 00:00:00+00:00
[2023-12-28 09:32:02,563] {processor.py:170} INFO - Processing /home/airflow/.local/lib/python3.6/site-packages/airflow/example_dags/example_branch_labels.py took 0.076 seconds
[2023-12-28 09:32:33,510] {processor.py:162} INFO - Started process (PID=5370) to work on /home/airflow/.local/lib/python3.6/site-packages/airflow/example_dags/example_branch_labels.py
[2023-12-28 09:32:33,511] {processor.py:613} INFO - Processing file /home/airflow/.local/lib/python3.6/site-packages/airflow/example_dags/example_branch_labels.py for tasks to queue
[2023-12-28 09:32:33,512] {logging_mixin.py:109} INFO - [2023-12-28 09:32:33,512] {dagbag.py:496} INFO - Filling up the DagBag from /home/airflow/.local/lib/python3.6/site-packages/airflow/example_dags/example_branch_labels.py
[2023-12-28 09:32:33,529] {processor.py:623} INFO - DAG(s) dict_keys(['example_branch_labels']) retrieved from /home/airflow/.local/lib/python3.6/site-packages/airflow/example_dags/example_branch_labels.py
[2023-12-28 09:32:33,559] {logging_mixin.py:109} INFO - [2023-12-28 09:32:33,559] {dag.py:1834} INFO - Sync 1 DAGs
[2023-12-28 09:32:33,582] {logging_mixin.py:109} INFO - [2023-12-28 09:32:33,582] {dag.py:2287} INFO - Setting next_dagrun for example_branch_labels to 2023-12-26 00:00:00+00:00
[2023-12-28 09:32:33,597] {processor.py:170} INFO - Processing /home/airflow/.local/lib/python3.6/site-packages/airflow/example_dags/example_branch_labels.py took 0.091 seconds
[2023-12-28 09:33:03,937] {processor.py:162} INFO - Started process (PID=5566) to work on /home/airflow/.local/lib/python3.6/site-packages/airflow/example_dags/example_branch_labels.py
[2023-12-28 09:33:03,938] {processor.py:613} INFO - Processing file /home/airflow/.local/lib/python3.6/site-packages/airflow/example_dags/example_branch_labels.py for tasks to queue
[2023-12-28 09:33:03,939] {logging_mixin.py:109} INFO - [2023-12-28 09:33:03,939] {dagbag.py:496} INFO - Filling up the DagBag from /home/airflow/.local/lib/python3.6/site-packages/airflow/example_dags/example_branch_labels.py
[2023-12-28 09:33:03,952] {processor.py:623} INFO - DAG(s) dict_keys(['example_branch_labels']) retrieved from /home/airflow/.local/lib/python3.6/site-packages/airflow/example_dags/example_branch_labels.py
[2023-12-28 09:33:03,978] {logging_mixin.py:109} INFO - [2023-12-28 09:33:03,978] {dag.py:1834} INFO - Sync 1 DAGs
[2023-12-28 09:33:03,995] {logging_mixin.py:109} INFO - [2023-12-28 09:33:03,995] {dag.py:2287} INFO - Setting next_dagrun for example_branch_labels to 2023-12-26 00:00:00+00:00
[2023-12-28 09:33:04,008] {processor.py:170} INFO - Processing /home/airflow/.local/lib/python3.6/site-packages/airflow/example_dags/example_branch_labels.py took 0.074 seconds
[2023-12-28 09:33:34,231] {processor.py:162} INFO - Started process (PID=5762) to work on /home/airflow/.local/lib/python3.6/site-packages/airflow/example_dags/example_branch_labels.py
[2023-12-28 09:33:34,232] {processor.py:613} INFO - Processing file /home/airflow/.local/lib/python3.6/site-packages/airflow/example_dags/example_branch_labels.py for tasks to queue
[2023-12-28 09:33:34,234] {logging_mixin.py:109} INFO - [2023-12-28 09:33:34,234] {dagbag.py:496} INFO - Filling up the DagBag from /home/airflow/.local/lib/python3.6/site-packages/airflow/example_dags/example_branch_labels.py
[2023-12-28 09:33:34,258] {processor.py:623} INFO - DAG(s) dict_keys(['example_branch_labels']) retrieved from /home/airflow/.local/lib/python3.6/site-packages/airflow/example_dags/example_branch_labels.py
[2023-12-28 09:33:34,294] {logging_mixin.py:109} INFO - [2023-12-28 09:33:34,294] {dag.py:1834} INFO - Sync 1 DAGs
[2023-12-28 09:33:34,317] {logging_mixin.py:109} INFO - [2023-12-28 09:33:34,317] {dag.py:2287} INFO - Setting next_dagrun for example_branch_labels to 2023-12-26 00:00:00+00:00
[2023-12-28 09:33:34,333] {processor.py:170} INFO - Processing /home/airflow/.local/lib/python3.6/site-packages/airflow/example_dags/example_branch_labels.py took 0.107 seconds
[2023-12-28 09:34:04,515] {processor.py:162} INFO - Started process (PID=5968) to work on /home/airflow/.local/lib/python3.6/site-packages/airflow/example_dags/example_branch_labels.py
[2023-12-28 09:34:04,517] {processor.py:613} INFO - Processing file /home/airflow/.local/lib/python3.6/site-packages/airflow/example_dags/example_branch_labels.py for tasks to queue
[2023-12-28 09:34:04,518] {logging_mixin.py:109} INFO - [2023-12-28 09:34:04,518] {dagbag.py:496} INFO - Filling up the DagBag from /home/airflow/.local/lib/python3.6/site-packages/airflow/example_dags/example_branch_labels.py
[2023-12-28 09:34:04,535] {processor.py:623} INFO - DAG(s) dict_keys(['example_branch_labels']) retrieved from /home/airflow/.local/lib/python3.6/site-packages/airflow/example_dags/example_branch_labels.py
[2023-12-28 09:34:04,570] {logging_mixin.py:109} INFO - [2023-12-28 09:34:04,570] {dag.py:1834} INFO - Sync 1 DAGs
[2023-12-28 09:34:04,597] {logging_mixin.py:109} INFO - [2023-12-28 09:34:04,597] {dag.py:2287} INFO - Setting next_dagrun for example_branch_labels to 2023-12-26 00:00:00+00:00
[2023-12-28 09:34:04,611] {processor.py:170} INFO - Processing /home/airflow/.local/lib/python3.6/site-packages/airflow/example_dags/example_branch_labels.py took 0.100 seconds
[2023-12-28 09:34:34,637] {processor.py:162} INFO - Started process (PID=6163) to work on /home/airflow/.local/lib/python3.6/site-packages/airflow/example_dags/example_branch_labels.py
[2023-12-28 09:34:34,639] {processor.py:613} INFO - Processing file /home/airflow/.local/lib/python3.6/site-packages/airflow/example_dags/example_branch_labels.py for tasks to queue
[2023-12-28 09:34:34,639] {logging_mixin.py:109} INFO - [2023-12-28 09:34:34,639] {dagbag.py:496} INFO - Filling up the DagBag from /home/airflow/.local/lib/python3.6/site-packages/airflow/example_dags/example_branch_labels.py
[2023-12-28 09:34:34,652] {processor.py:623} INFO - DAG(s) dict_keys(['example_branch_labels']) retrieved from /home/airflow/.local/lib/python3.6/site-packages/airflow/example_dags/example_branch_labels.py
[2023-12-28 09:34:34,676] {logging_mixin.py:109} INFO - [2023-12-28 09:34:34,676] {dag.py:1834} INFO - Sync 1 DAGs
[2023-12-28 09:34:34,695] {logging_mixin.py:109} INFO - [2023-12-28 09:34:34,695] {dag.py:2287} INFO - Setting next_dagrun for example_branch_labels to 2023-12-26 00:00:00+00:00
[2023-12-28 09:34:34,710] {processor.py:170} INFO - Processing /home/airflow/.local/lib/python3.6/site-packages/airflow/example_dags/example_branch_labels.py took 0.075 seconds
[2023-12-28 09:35:04,842] {processor.py:162} INFO - Started process (PID=6366) to work on /home/airflow/.local/lib/python3.6/site-packages/airflow/example_dags/example_branch_labels.py
[2023-12-28 09:35:04,843] {processor.py:613} INFO - Processing file /home/airflow/.local/lib/python3.6/site-packages/airflow/example_dags/example_branch_labels.py for tasks to queue
[2023-12-28 09:35:04,844] {logging_mixin.py:109} INFO - [2023-12-28 09:35:04,844] {dagbag.py:496} INFO - Filling up the DagBag from /home/airflow/.local/lib/python3.6/site-packages/airflow/example_dags/example_branch_labels.py
[2023-12-28 09:35:04,857] {processor.py:623} INFO - DAG(s) dict_keys(['example_branch_labels']) retrieved from /home/airflow/.local/lib/python3.6/site-packages/airflow/example_dags/example_branch_labels.py
[2023-12-28 09:35:04,881] {logging_mixin.py:109} INFO - [2023-12-28 09:35:04,881] {dag.py:1834} INFO - Sync 1 DAGs
[2023-12-28 09:35:04,901] {logging_mixin.py:109} INFO - [2023-12-28 09:35:04,901] {dag.py:2287} INFO - Setting next_dagrun for example_branch_labels to 2023-12-26 00:00:00+00:00
[2023-12-28 09:35:04,914] {processor.py:170} INFO - Processing /home/airflow/.local/lib/python3.6/site-packages/airflow/example_dags/example_branch_labels.py took 0.075 seconds
[2023-12-28 09:35:35,035] {processor.py:162} INFO - Started process (PID=6561) to work on /home/airflow/.local/lib/python3.6/site-packages/airflow/example_dags/example_branch_labels.py
[2023-12-28 09:35:35,037] {processor.py:613} INFO - Processing file /home/airflow/.local/lib/python3.6/site-packages/airflow/example_dags/example_branch_labels.py for tasks to queue
[2023-12-28 09:35:35,037] {logging_mixin.py:109} INFO - [2023-12-28 09:35:35,037] {dagbag.py:496} INFO - Filling up the DagBag from /home/airflow/.local/lib/python3.6/site-packages/airflow/example_dags/example_branch_labels.py
[2023-12-28 09:35:35,051] {processor.py:623} INFO - DAG(s) dict_keys(['example_branch_labels']) retrieved from /home/airflow/.local/lib/python3.6/site-packages/airflow/example_dags/example_branch_labels.py
[2023-12-28 09:35:35,077] {logging_mixin.py:109} INFO - [2023-12-28 09:35:35,077] {dag.py:1834} INFO - Sync 1 DAGs
[2023-12-28 09:35:35,095] {logging_mixin.py:109} INFO - [2023-12-28 09:35:35,095] {dag.py:2287} INFO - Setting next_dagrun for example_branch_labels to 2023-12-26 00:00:00+00:00
[2023-12-28 09:35:35,108] {processor.py:170} INFO - Processing /home/airflow/.local/lib/python3.6/site-packages/airflow/example_dags/example_branch_labels.py took 0.076 seconds
[2023-12-28 09:36:05,166] {processor.py:162} INFO - Started process (PID=6756) to work on /home/airflow/.local/lib/python3.6/site-packages/airflow/example_dags/example_branch_labels.py
[2023-12-28 09:36:05,168] {processor.py:613} INFO - Processing file /home/airflow/.local/lib/python3.6/site-packages/airflow/example_dags/example_branch_labels.py for tasks to queue
[2023-12-28 09:36:05,169] {logging_mixin.py:109} INFO - [2023-12-28 09:36:05,169] {dagbag.py:496} INFO - Filling up the DagBag from /home/airflow/.local/lib/python3.6/site-packages/airflow/example_dags/example_branch_labels.py
[2023-12-28 09:36:05,183] {processor.py:623} INFO - DAG(s) dict_keys(['example_branch_labels']) retrieved from /home/airflow/.local/lib/python3.6/site-packages/airflow/example_dags/example_branch_labels.py
[2023-12-28 09:36:05,207] {logging_mixin.py:109} INFO - [2023-12-28 09:36:05,207] {dag.py:1834} INFO - Sync 1 DAGs
[2023-12-28 09:36:05,226] {logging_mixin.py:109} INFO - [2023-12-28 09:36:05,226] {dag.py:2287} INFO - Setting next_dagrun for example_branch_labels to 2023-12-26 00:00:00+00:00
[2023-12-28 09:36:05,238] {processor.py:170} INFO - Processing /home/airflow/.local/lib/python3.6/site-packages/airflow/example_dags/example_branch_labels.py took 0.074 seconds
[2023-12-28 09:36:35,528] {processor.py:162} INFO - Started process (PID=6963) to work on /home/airflow/.local/lib/python3.6/site-packages/airflow/example_dags/example_branch_labels.py
[2023-12-28 09:36:35,530] {processor.py:613} INFO - Processing file /home/airflow/.local/lib/python3.6/site-packages/airflow/example_dags/example_branch_labels.py for tasks to queue
[2023-12-28 09:36:35,531] {logging_mixin.py:109} INFO - [2023-12-28 09:36:35,531] {dagbag.py:496} INFO - Filling up the DagBag from /home/airflow/.local/lib/python3.6/site-packages/airflow/example_dags/example_branch_labels.py
[2023-12-28 09:36:35,549] {processor.py:623} INFO - DAG(s) dict_keys(['example_branch_labels']) retrieved from /home/airflow/.local/lib/python3.6/site-packages/airflow/example_dags/example_branch_labels.py
[2023-12-28 09:36:35,579] {logging_mixin.py:109} INFO - [2023-12-28 09:36:35,579] {dag.py:1834} INFO - Sync 1 DAGs
[2023-12-28 09:36:35,602] {logging_mixin.py:109} INFO - [2023-12-28 09:36:35,602] {dag.py:2287} INFO - Setting next_dagrun for example_branch_labels to 2023-12-26 00:00:00+00:00
[2023-12-28 09:36:35,616] {processor.py:170} INFO - Processing /home/airflow/.local/lib/python3.6/site-packages/airflow/example_dags/example_branch_labels.py took 0.092 seconds
[2023-12-28 09:37:06,203] {processor.py:162} INFO - Started process (PID=7156) to work on /home/airflow/.local/lib/python3.6/site-packages/airflow/example_dags/example_branch_labels.py
[2023-12-28 09:37:06,205] {processor.py:613} INFO - Processing file /home/airflow/.local/lib/python3.6/site-packages/airflow/example_dags/example_branch_labels.py for tasks to queue
[2023-12-28 09:37:06,205] {logging_mixin.py:109} INFO - [2023-12-28 09:37:06,205] {dagbag.py:496} INFO - Filling up the DagBag from /home/airflow/.local/lib/python3.6/site-packages/airflow/example_dags/example_branch_labels.py
[2023-12-28 09:37:06,218] {processor.py:623} INFO - DAG(s) dict_keys(['example_branch_labels']) retrieved from /home/airflow/.local/lib/python3.6/site-packages/airflow/example_dags/example_branch_labels.py
[2023-12-28 09:37:06,244] {logging_mixin.py:109} INFO - [2023-12-28 09:37:06,244] {dag.py:1834} INFO - Sync 1 DAGs
[2023-12-28 09:37:06,264] {logging_mixin.py:109} INFO - [2023-12-28 09:37:06,264] {dag.py:2287} INFO - Setting next_dagrun for example_branch_labels to 2023-12-26 00:00:00+00:00
[2023-12-28 09:37:06,277] {processor.py:170} INFO - Processing /home/airflow/.local/lib/python3.6/site-packages/airflow/example_dags/example_branch_labels.py took 0.077 seconds
[2023-12-28 09:37:36,371] {processor.py:162} INFO - Started process (PID=7351) to work on /home/airflow/.local/lib/python3.6/site-packages/airflow/example_dags/example_branch_labels.py
[2023-12-28 09:37:36,373] {processor.py:613} INFO - Processing file /home/airflow/.local/lib/python3.6/site-packages/airflow/example_dags/example_branch_labels.py for tasks to queue
[2023-12-28 09:37:36,374] {logging_mixin.py:109} INFO - [2023-12-28 09:37:36,374] {dagbag.py:496} INFO - Filling up the DagBag from /home/airflow/.local/lib/python3.6/site-packages/airflow/example_dags/example_branch_labels.py
[2023-12-28 09:37:36,393] {processor.py:623} INFO - DAG(s) dict_keys(['example_branch_labels']) retrieved from /home/airflow/.local/lib/python3.6/site-packages/airflow/example_dags/example_branch_labels.py
[2023-12-28 09:37:36,426] {logging_mixin.py:109} INFO - [2023-12-28 09:37:36,426] {dag.py:1834} INFO - Sync 1 DAGs
[2023-12-28 09:37:36,465] {logging_mixin.py:109} INFO - [2023-12-28 09:37:36,465] {dag.py:2287} INFO - Setting next_dagrun for example_branch_labels to 2023-12-26 00:00:00+00:00
[2023-12-28 09:37:36,482] {processor.py:170} INFO - Processing /home/airflow/.local/lib/python3.6/site-packages/airflow/example_dags/example_branch_labels.py took 0.115 seconds
[2023-12-28 09:38:06,587] {processor.py:162} INFO - Started process (PID=7556) to work on /home/airflow/.local/lib/python3.6/site-packages/airflow/example_dags/example_branch_labels.py
[2023-12-28 09:38:06,588] {processor.py:613} INFO - Processing file /home/airflow/.local/lib/python3.6/site-packages/airflow/example_dags/example_branch_labels.py for tasks to queue
[2023-12-28 09:38:06,589] {logging_mixin.py:109} INFO - [2023-12-28 09:38:06,589] {dagbag.py:496} INFO - Filling up the DagBag from /home/airflow/.local/lib/python3.6/site-packages/airflow/example_dags/example_branch_labels.py
[2023-12-28 09:38:06,602] {processor.py:623} INFO - DAG(s) dict_keys(['example_branch_labels']) retrieved from /home/airflow/.local/lib/python3.6/site-packages/airflow/example_dags/example_branch_labels.py
[2023-12-28 09:38:06,625] {logging_mixin.py:109} INFO - [2023-12-28 09:38:06,625] {dag.py:1834} INFO - Sync 1 DAGs
[2023-12-28 09:38:06,643] {logging_mixin.py:109} INFO - [2023-12-28 09:38:06,643] {dag.py:2287} INFO - Setting next_dagrun for example_branch_labels to 2023-12-26 00:00:00+00:00
[2023-12-28 09:38:06,655] {processor.py:170} INFO - Processing /home/airflow/.local/lib/python3.6/site-packages/airflow/example_dags/example_branch_labels.py took 0.071 seconds
[2023-12-28 09:38:37,028] {processor.py:162} INFO - Started process (PID=7751) to work on /home/airflow/.local/lib/python3.6/site-packages/airflow/example_dags/example_branch_labels.py
[2023-12-28 09:38:37,029] {processor.py:613} INFO - Processing file /home/airflow/.local/lib/python3.6/site-packages/airflow/example_dags/example_branch_labels.py for tasks to queue
[2023-12-28 09:38:37,030] {logging_mixin.py:109} INFO - [2023-12-28 09:38:37,029] {dagbag.py:496} INFO - Filling up the DagBag from /home/airflow/.local/lib/python3.6/site-packages/airflow/example_dags/example_branch_labels.py
[2023-12-28 09:38:37,043] {processor.py:623} INFO - DAG(s) dict_keys(['example_branch_labels']) retrieved from /home/airflow/.local/lib/python3.6/site-packages/airflow/example_dags/example_branch_labels.py
[2023-12-28 09:38:37,068] {logging_mixin.py:109} INFO - [2023-12-28 09:38:37,068] {dag.py:1834} INFO - Sync 1 DAGs
[2023-12-28 09:38:37,087] {logging_mixin.py:109} INFO - [2023-12-28 09:38:37,087] {dag.py:2287} INFO - Setting next_dagrun for example_branch_labels to 2023-12-26 00:00:00+00:00
[2023-12-28 09:38:37,099] {processor.py:170} INFO - Processing /home/airflow/.local/lib/python3.6/site-packages/airflow/example_dags/example_branch_labels.py took 0.075 seconds
[2023-12-28 09:39:07,419] {processor.py:162} INFO - Started process (PID=7956) to work on /home/airflow/.local/lib/python3.6/site-packages/airflow/example_dags/example_branch_labels.py
[2023-12-28 09:39:07,424] {processor.py:613} INFO - Processing file /home/airflow/.local/lib/python3.6/site-packages/airflow/example_dags/example_branch_labels.py for tasks to queue
[2023-12-28 09:39:07,426] {logging_mixin.py:109} INFO - [2023-12-28 09:39:07,426] {dagbag.py:496} INFO - Filling up the DagBag from /home/airflow/.local/lib/python3.6/site-packages/airflow/example_dags/example_branch_labels.py
[2023-12-28 09:39:07,450] {processor.py:623} INFO - DAG(s) dict_keys(['example_branch_labels']) retrieved from /home/airflow/.local/lib/python3.6/site-packages/airflow/example_dags/example_branch_labels.py
[2023-12-28 09:39:07,497] {logging_mixin.py:109} INFO - [2023-12-28 09:39:07,497] {dag.py:1834} INFO - Sync 1 DAGs
[2023-12-28 09:39:07,535] {logging_mixin.py:109} INFO - [2023-12-28 09:39:07,535] {dag.py:2287} INFO - Setting next_dagrun for example_branch_labels to 2023-12-26 00:00:00+00:00
[2023-12-28 09:39:07,556] {processor.py:170} INFO - Processing /home/airflow/.local/lib/python3.6/site-packages/airflow/example_dags/example_branch_labels.py took 0.142 seconds
[2023-12-28 09:39:38,572] {processor.py:162} INFO - Started process (PID=8153) to work on /home/airflow/.local/lib/python3.6/site-packages/airflow/example_dags/example_branch_labels.py
[2023-12-28 09:39:38,573] {processor.py:613} INFO - Processing file /home/airflow/.local/lib/python3.6/site-packages/airflow/example_dags/example_branch_labels.py for tasks to queue
[2023-12-28 09:39:38,574] {logging_mixin.py:109} INFO - [2023-12-28 09:39:38,574] {dagbag.py:496} INFO - Filling up the DagBag from /home/airflow/.local/lib/python3.6/site-packages/airflow/example_dags/example_branch_labels.py
[2023-12-28 09:39:38,585] {processor.py:623} INFO - DAG(s) dict_keys(['example_branch_labels']) retrieved from /home/airflow/.local/lib/python3.6/site-packages/airflow/example_dags/example_branch_labels.py
[2023-12-28 09:39:38,608] {logging_mixin.py:109} INFO - [2023-12-28 09:39:38,608] {dag.py:1834} INFO - Sync 1 DAGs
[2023-12-28 09:39:38,625] {logging_mixin.py:109} INFO - [2023-12-28 09:39:38,625] {dag.py:2287} INFO - Setting next_dagrun for example_branch_labels to 2023-12-26 00:00:00+00:00
[2023-12-28 09:39:38,636] {processor.py:170} INFO - Processing /home/airflow/.local/lib/python3.6/site-packages/airflow/example_dags/example_branch_labels.py took 0.066 seconds
[2023-12-28 09:40:08,756] {processor.py:162} INFO - Started process (PID=8358) to work on /home/airflow/.local/lib/python3.6/site-packages/airflow/example_dags/example_branch_labels.py
[2023-12-28 09:40:08,768] {processor.py:613} INFO - Processing file /home/airflow/.local/lib/python3.6/site-packages/airflow/example_dags/example_branch_labels.py for tasks to queue
[2023-12-28 09:40:08,769] {logging_mixin.py:109} INFO - [2023-12-28 09:40:08,768] {dagbag.py:496} INFO - Filling up the DagBag from /home/airflow/.local/lib/python3.6/site-packages/airflow/example_dags/example_branch_labels.py
[2023-12-28 09:40:08,781] {processor.py:623} INFO - DAG(s) dict_keys(['example_branch_labels']) retrieved from /home/airflow/.local/lib/python3.6/site-packages/airflow/example_dags/example_branch_labels.py
[2023-12-28 09:40:08,804] {logging_mixin.py:109} INFO - [2023-12-28 09:40:08,804] {dag.py:1834} INFO - Sync 1 DAGs
[2023-12-28 09:40:08,822] {logging_mixin.py:109} INFO - [2023-12-28 09:40:08,821] {dag.py:2287} INFO - Setting next_dagrun for example_branch_labels to 2023-12-26 00:00:00+00:00
[2023-12-28 09:40:08,835] {processor.py:170} INFO - Processing /home/airflow/.local/lib/python3.6/site-packages/airflow/example_dags/example_branch_labels.py took 0.082 seconds
[2023-12-28 09:40:39,060] {processor.py:162} INFO - Started process (PID=8553) to work on /home/airflow/.local/lib/python3.6/site-packages/airflow/example_dags/example_branch_labels.py
[2023-12-28 09:40:39,061] {processor.py:613} INFO - Processing file /home/airflow/.local/lib/python3.6/site-packages/airflow/example_dags/example_branch_labels.py for tasks to queue
[2023-12-28 09:40:39,062] {logging_mixin.py:109} INFO - [2023-12-28 09:40:39,062] {dagbag.py:496} INFO - Filling up the DagBag from /home/airflow/.local/lib/python3.6/site-packages/airflow/example_dags/example_branch_labels.py
[2023-12-28 09:40:39,075] {processor.py:623} INFO - DAG(s) dict_keys(['example_branch_labels']) retrieved from /home/airflow/.local/lib/python3.6/site-packages/airflow/example_dags/example_branch_labels.py
[2023-12-28 09:40:39,101] {logging_mixin.py:109} INFO - [2023-12-28 09:40:39,101] {dag.py:1834} INFO - Sync 1 DAGs
[2023-12-28 09:40:39,122] {logging_mixin.py:109} INFO - [2023-12-28 09:40:39,122] {dag.py:2287} INFO - Setting next_dagrun for example_branch_labels to 2023-12-26 00:00:00+00:00
[2023-12-28 09:40:39,134] {processor.py:170} INFO - Processing /home/airflow/.local/lib/python3.6/site-packages/airflow/example_dags/example_branch_labels.py took 0.077 seconds
