[2023-12-28 09:19:21,339] {processor.py:162} INFO - Started process (PID=198) to work on /home/airflow/.local/lib/python3.6/site-packages/airflow/example_dags/example_kubernetes_executor.py
[2023-12-28 09:19:21,339] {processor.py:613} INFO - Processing file /home/airflow/.local/lib/python3.6/site-packages/airflow/example_dags/example_kubernetes_executor.py for tasks to queue
[2023-12-28 09:19:21,340] {logging_mixin.py:109} INFO - [2023-12-28 09:19:21,340] {dagbag.py:496} INFO - Filling up the DagBag from /home/airflow/.local/lib/python3.6/site-packages/airflow/example_dags/example_kubernetes_executor.py
[2023-12-28 09:19:21,350] {processor.py:623} INFO - DAG(s) dict_keys(['example_kubernetes_executor']) retrieved from /home/airflow/.local/lib/python3.6/site-packages/airflow/example_dags/example_kubernetes_executor.py
[2023-12-28 09:19:21,524] {logging_mixin.py:109} INFO - [2023-12-28 09:19:21,524] {dag.py:1834} INFO - Sync 1 DAGs
[2023-12-28 09:19:21,537] {logging_mixin.py:109} INFO - [2023-12-28 09:19:21,537] {dag.py:2287} INFO - Setting next_dagrun for example_kubernetes_executor to None
[2023-12-28 09:19:21,550] {processor.py:170} INFO - Processing /home/airflow/.local/lib/python3.6/site-packages/airflow/example_dags/example_kubernetes_executor.py took 0.214 seconds
[2023-12-28 09:19:52,167] {processor.py:162} INFO - Started process (PID=401) to work on /home/airflow/.local/lib/python3.6/site-packages/airflow/example_dags/example_kubernetes_executor.py
[2023-12-28 09:19:52,169] {processor.py:613} INFO - Processing file /home/airflow/.local/lib/python3.6/site-packages/airflow/example_dags/example_kubernetes_executor.py for tasks to queue
[2023-12-28 09:19:52,170] {logging_mixin.py:109} INFO - [2023-12-28 09:19:52,170] {dagbag.py:496} INFO - Filling up the DagBag from /home/airflow/.local/lib/python3.6/site-packages/airflow/example_dags/example_kubernetes_executor.py
[2023-12-28 09:19:52,197] {processor.py:623} INFO - DAG(s) dict_keys(['example_kubernetes_executor']) retrieved from /home/airflow/.local/lib/python3.6/site-packages/airflow/example_dags/example_kubernetes_executor.py
[2023-12-28 09:19:52,250] {logging_mixin.py:109} INFO - [2023-12-28 09:19:52,250] {dag.py:1834} INFO - Sync 1 DAGs
[2023-12-28 09:19:52,292] {logging_mixin.py:109} INFO - [2023-12-28 09:19:52,291] {dag.py:2287} INFO - Setting next_dagrun for example_kubernetes_executor to None
[2023-12-28 09:19:52,319] {processor.py:170} INFO - Processing /home/airflow/.local/lib/python3.6/site-packages/airflow/example_dags/example_kubernetes_executor.py took 0.157 seconds
[2023-12-28 09:20:22,749] {processor.py:162} INFO - Started process (PID=576) to work on /home/airflow/.local/lib/python3.6/site-packages/airflow/example_dags/example_kubernetes_executor.py
[2023-12-28 09:20:22,750] {processor.py:613} INFO - Processing file /home/airflow/.local/lib/python3.6/site-packages/airflow/example_dags/example_kubernetes_executor.py for tasks to queue
[2023-12-28 09:20:22,750] {logging_mixin.py:109} INFO - [2023-12-28 09:20:22,750] {dagbag.py:496} INFO - Filling up the DagBag from /home/airflow/.local/lib/python3.6/site-packages/airflow/example_dags/example_kubernetes_executor.py
[2023-12-28 09:20:22,761] {processor.py:623} INFO - DAG(s) dict_keys(['example_kubernetes_executor']) retrieved from /home/airflow/.local/lib/python3.6/site-packages/airflow/example_dags/example_kubernetes_executor.py
[2023-12-28 09:20:22,782] {logging_mixin.py:109} INFO - [2023-12-28 09:20:22,782] {dag.py:1834} INFO - Sync 1 DAGs
[2023-12-28 09:20:22,795] {logging_mixin.py:109} INFO - [2023-12-28 09:20:22,795] {dag.py:2287} INFO - Setting next_dagrun for example_kubernetes_executor to None
[2023-12-28 09:20:22,807] {processor.py:170} INFO - Processing /home/airflow/.local/lib/python3.6/site-packages/airflow/example_dags/example_kubernetes_executor.py took 0.060 seconds
[2023-12-28 09:20:53,147] {processor.py:162} INFO - Started process (PID=781) to work on /home/airflow/.local/lib/python3.6/site-packages/airflow/example_dags/example_kubernetes_executor.py
[2023-12-28 09:20:53,149] {processor.py:613} INFO - Processing file /home/airflow/.local/lib/python3.6/site-packages/airflow/example_dags/example_kubernetes_executor.py for tasks to queue
[2023-12-28 09:20:53,149] {logging_mixin.py:109} INFO - [2023-12-28 09:20:53,149] {dagbag.py:496} INFO - Filling up the DagBag from /home/airflow/.local/lib/python3.6/site-packages/airflow/example_dags/example_kubernetes_executor.py
[2023-12-28 09:20:53,164] {processor.py:623} INFO - DAG(s) dict_keys(['example_kubernetes_executor']) retrieved from /home/airflow/.local/lib/python3.6/site-packages/airflow/example_dags/example_kubernetes_executor.py
[2023-12-28 09:20:53,194] {logging_mixin.py:109} INFO - [2023-12-28 09:20:53,194] {dag.py:1834} INFO - Sync 1 DAGs
[2023-12-28 09:20:53,211] {logging_mixin.py:109} INFO - [2023-12-28 09:20:53,211] {dag.py:2287} INFO - Setting next_dagrun for example_kubernetes_executor to None
[2023-12-28 09:20:53,228] {processor.py:170} INFO - Processing /home/airflow/.local/lib/python3.6/site-packages/airflow/example_dags/example_kubernetes_executor.py took 0.085 seconds
[2023-12-28 09:21:23,739] {processor.py:162} INFO - Started process (PID=976) to work on /home/airflow/.local/lib/python3.6/site-packages/airflow/example_dags/example_kubernetes_executor.py
[2023-12-28 09:21:23,741] {processor.py:613} INFO - Processing file /home/airflow/.local/lib/python3.6/site-packages/airflow/example_dags/example_kubernetes_executor.py for tasks to queue
[2023-12-28 09:21:23,741] {logging_mixin.py:109} INFO - [2023-12-28 09:21:23,741] {dagbag.py:496} INFO - Filling up the DagBag from /home/airflow/.local/lib/python3.6/site-packages/airflow/example_dags/example_kubernetes_executor.py
[2023-12-28 09:21:23,755] {processor.py:623} INFO - DAG(s) dict_keys(['example_kubernetes_executor']) retrieved from /home/airflow/.local/lib/python3.6/site-packages/airflow/example_dags/example_kubernetes_executor.py
[2023-12-28 09:21:23,782] {logging_mixin.py:109} INFO - [2023-12-28 09:21:23,782] {dag.py:1834} INFO - Sync 1 DAGs
[2023-12-28 09:21:23,802] {logging_mixin.py:109} INFO - [2023-12-28 09:21:23,802] {dag.py:2287} INFO - Setting next_dagrun for example_kubernetes_executor to None
[2023-12-28 09:21:23,817] {processor.py:170} INFO - Processing /home/airflow/.local/lib/python3.6/site-packages/airflow/example_dags/example_kubernetes_executor.py took 0.083 seconds
[2023-12-28 09:21:53,975] {processor.py:162} INFO - Started process (PID=1181) to work on /home/airflow/.local/lib/python3.6/site-packages/airflow/example_dags/example_kubernetes_executor.py
[2023-12-28 09:21:53,977] {processor.py:613} INFO - Processing file /home/airflow/.local/lib/python3.6/site-packages/airflow/example_dags/example_kubernetes_executor.py for tasks to queue
[2023-12-28 09:21:53,978] {logging_mixin.py:109} INFO - [2023-12-28 09:21:53,978] {dagbag.py:496} INFO - Filling up the DagBag from /home/airflow/.local/lib/python3.6/site-packages/airflow/example_dags/example_kubernetes_executor.py
[2023-12-28 09:21:53,992] {processor.py:623} INFO - DAG(s) dict_keys(['example_kubernetes_executor']) retrieved from /home/airflow/.local/lib/python3.6/site-packages/airflow/example_dags/example_kubernetes_executor.py
[2023-12-28 09:21:54,021] {logging_mixin.py:109} INFO - [2023-12-28 09:21:54,021] {dag.py:1834} INFO - Sync 1 DAGs
[2023-12-28 09:21:54,039] {logging_mixin.py:109} INFO - [2023-12-28 09:21:54,039] {dag.py:2287} INFO - Setting next_dagrun for example_kubernetes_executor to None
[2023-12-28 09:21:54,058] {processor.py:170} INFO - Processing /home/airflow/.local/lib/python3.6/site-packages/airflow/example_dags/example_kubernetes_executor.py took 0.086 seconds
[2023-12-28 09:22:24,420] {processor.py:162} INFO - Started process (PID=1376) to work on /home/airflow/.local/lib/python3.6/site-packages/airflow/example_dags/example_kubernetes_executor.py
[2023-12-28 09:22:24,421] {processor.py:613} INFO - Processing file /home/airflow/.local/lib/python3.6/site-packages/airflow/example_dags/example_kubernetes_executor.py for tasks to queue
[2023-12-28 09:22:24,422] {logging_mixin.py:109} INFO - [2023-12-28 09:22:24,421] {dagbag.py:496} INFO - Filling up the DagBag from /home/airflow/.local/lib/python3.6/site-packages/airflow/example_dags/example_kubernetes_executor.py
[2023-12-28 09:22:24,433] {processor.py:623} INFO - DAG(s) dict_keys(['example_kubernetes_executor']) retrieved from /home/airflow/.local/lib/python3.6/site-packages/airflow/example_dags/example_kubernetes_executor.py
[2023-12-28 09:22:24,456] {logging_mixin.py:109} INFO - [2023-12-28 09:22:24,455] {dag.py:1834} INFO - Sync 1 DAGs
[2023-12-28 09:22:24,470] {logging_mixin.py:109} INFO - [2023-12-28 09:22:24,470] {dag.py:2287} INFO - Setting next_dagrun for example_kubernetes_executor to None
[2023-12-28 09:22:24,483] {processor.py:170} INFO - Processing /home/airflow/.local/lib/python3.6/site-packages/airflow/example_dags/example_kubernetes_executor.py took 0.066 seconds
[2023-12-28 09:22:54,821] {processor.py:162} INFO - Started process (PID=1580) to work on /home/airflow/.local/lib/python3.6/site-packages/airflow/example_dags/example_kubernetes_executor.py
[2023-12-28 09:22:54,822] {processor.py:613} INFO - Processing file /home/airflow/.local/lib/python3.6/site-packages/airflow/example_dags/example_kubernetes_executor.py for tasks to queue
[2023-12-28 09:22:54,823] {logging_mixin.py:109} INFO - [2023-12-28 09:22:54,823] {dagbag.py:496} INFO - Filling up the DagBag from /home/airflow/.local/lib/python3.6/site-packages/airflow/example_dags/example_kubernetes_executor.py
[2023-12-28 09:22:54,837] {processor.py:623} INFO - DAG(s) dict_keys(['example_kubernetes_executor']) retrieved from /home/airflow/.local/lib/python3.6/site-packages/airflow/example_dags/example_kubernetes_executor.py
[2023-12-28 09:22:54,863] {logging_mixin.py:109} INFO - [2023-12-28 09:22:54,863] {dag.py:1834} INFO - Sync 1 DAGs
[2023-12-28 09:22:54,878] {logging_mixin.py:109} INFO - [2023-12-28 09:22:54,878] {dag.py:2287} INFO - Setting next_dagrun for example_kubernetes_executor to None
[2023-12-28 09:22:54,893] {processor.py:170} INFO - Processing /home/airflow/.local/lib/python3.6/site-packages/airflow/example_dags/example_kubernetes_executor.py took 0.075 seconds
[2023-12-28 09:23:25,450] {processor.py:162} INFO - Started process (PID=1778) to work on /home/airflow/.local/lib/python3.6/site-packages/airflow/example_dags/example_kubernetes_executor.py
[2023-12-28 09:23:25,452] {processor.py:613} INFO - Processing file /home/airflow/.local/lib/python3.6/site-packages/airflow/example_dags/example_kubernetes_executor.py for tasks to queue
[2023-12-28 09:23:25,453] {logging_mixin.py:109} INFO - [2023-12-28 09:23:25,453] {dagbag.py:496} INFO - Filling up the DagBag from /home/airflow/.local/lib/python3.6/site-packages/airflow/example_dags/example_kubernetes_executor.py
[2023-12-28 09:23:25,468] {processor.py:623} INFO - DAG(s) dict_keys(['example_kubernetes_executor']) retrieved from /home/airflow/.local/lib/python3.6/site-packages/airflow/example_dags/example_kubernetes_executor.py
[2023-12-28 09:23:25,495] {logging_mixin.py:109} INFO - [2023-12-28 09:23:25,495] {dag.py:1834} INFO - Sync 1 DAGs
[2023-12-28 09:23:25,512] {logging_mixin.py:109} INFO - [2023-12-28 09:23:25,512] {dag.py:2287} INFO - Setting next_dagrun for example_kubernetes_executor to None
[2023-12-28 09:23:25,529] {processor.py:170} INFO - Processing /home/airflow/.local/lib/python3.6/site-packages/airflow/example_dags/example_kubernetes_executor.py took 0.082 seconds
[2023-12-28 09:23:55,934] {processor.py:162} INFO - Started process (PID=1971) to work on /home/airflow/.local/lib/python3.6/site-packages/airflow/example_dags/example_kubernetes_executor.py
[2023-12-28 09:23:55,936] {processor.py:613} INFO - Processing file /home/airflow/.local/lib/python3.6/site-packages/airflow/example_dags/example_kubernetes_executor.py for tasks to queue
[2023-12-28 09:23:55,937] {logging_mixin.py:109} INFO - [2023-12-28 09:23:55,936] {dagbag.py:496} INFO - Filling up the DagBag from /home/airflow/.local/lib/python3.6/site-packages/airflow/example_dags/example_kubernetes_executor.py
[2023-12-28 09:23:55,951] {processor.py:623} INFO - DAG(s) dict_keys(['example_kubernetes_executor']) retrieved from /home/airflow/.local/lib/python3.6/site-packages/airflow/example_dags/example_kubernetes_executor.py
[2023-12-28 09:23:55,980] {logging_mixin.py:109} INFO - [2023-12-28 09:23:55,979] {dag.py:1834} INFO - Sync 1 DAGs
[2023-12-28 09:23:55,998] {logging_mixin.py:109} INFO - [2023-12-28 09:23:55,998] {dag.py:2287} INFO - Setting next_dagrun for example_kubernetes_executor to None
[2023-12-28 09:23:56,016] {processor.py:170} INFO - Processing /home/airflow/.local/lib/python3.6/site-packages/airflow/example_dags/example_kubernetes_executor.py took 0.085 seconds
[2023-12-28 09:24:26,604] {processor.py:162} INFO - Started process (PID=2176) to work on /home/airflow/.local/lib/python3.6/site-packages/airflow/example_dags/example_kubernetes_executor.py
[2023-12-28 09:24:26,607] {processor.py:613} INFO - Processing file /home/airflow/.local/lib/python3.6/site-packages/airflow/example_dags/example_kubernetes_executor.py for tasks to queue
[2023-12-28 09:24:26,608] {logging_mixin.py:109} INFO - [2023-12-28 09:24:26,608] {dagbag.py:496} INFO - Filling up the DagBag from /home/airflow/.local/lib/python3.6/site-packages/airflow/example_dags/example_kubernetes_executor.py
[2023-12-28 09:24:26,623] {processor.py:623} INFO - DAG(s) dict_keys(['example_kubernetes_executor']) retrieved from /home/airflow/.local/lib/python3.6/site-packages/airflow/example_dags/example_kubernetes_executor.py
[2023-12-28 09:24:26,655] {logging_mixin.py:109} INFO - [2023-12-28 09:24:26,654] {dag.py:1834} INFO - Sync 1 DAGs
[2023-12-28 09:24:26,673] {logging_mixin.py:109} INFO - [2023-12-28 09:24:26,673] {dag.py:2287} INFO - Setting next_dagrun for example_kubernetes_executor to None
[2023-12-28 09:24:26,695] {processor.py:170} INFO - Processing /home/airflow/.local/lib/python3.6/site-packages/airflow/example_dags/example_kubernetes_executor.py took 0.094 seconds
[2023-12-28 09:24:57,115] {processor.py:162} INFO - Started process (PID=2371) to work on /home/airflow/.local/lib/python3.6/site-packages/airflow/example_dags/example_kubernetes_executor.py
[2023-12-28 09:24:57,116] {processor.py:613} INFO - Processing file /home/airflow/.local/lib/python3.6/site-packages/airflow/example_dags/example_kubernetes_executor.py for tasks to queue
[2023-12-28 09:24:57,117] {logging_mixin.py:109} INFO - [2023-12-28 09:24:57,117] {dagbag.py:496} INFO - Filling up the DagBag from /home/airflow/.local/lib/python3.6/site-packages/airflow/example_dags/example_kubernetes_executor.py
[2023-12-28 09:24:57,132] {processor.py:623} INFO - DAG(s) dict_keys(['example_kubernetes_executor']) retrieved from /home/airflow/.local/lib/python3.6/site-packages/airflow/example_dags/example_kubernetes_executor.py
[2023-12-28 09:24:57,161] {logging_mixin.py:109} INFO - [2023-12-28 09:24:57,161] {dag.py:1834} INFO - Sync 1 DAGs
[2023-12-28 09:24:57,182] {logging_mixin.py:109} INFO - [2023-12-28 09:24:57,181] {dag.py:2287} INFO - Setting next_dagrun for example_kubernetes_executor to None
[2023-12-28 09:24:57,199] {processor.py:170} INFO - Processing /home/airflow/.local/lib/python3.6/site-packages/airflow/example_dags/example_kubernetes_executor.py took 0.088 seconds
[2023-12-28 09:25:27,434] {processor.py:162} INFO - Started process (PID=2576) to work on /home/airflow/.local/lib/python3.6/site-packages/airflow/example_dags/example_kubernetes_executor.py
[2023-12-28 09:25:27,435] {processor.py:613} INFO - Processing file /home/airflow/.local/lib/python3.6/site-packages/airflow/example_dags/example_kubernetes_executor.py for tasks to queue
[2023-12-28 09:25:27,436] {logging_mixin.py:109} INFO - [2023-12-28 09:25:27,436] {dagbag.py:496} INFO - Filling up the DagBag from /home/airflow/.local/lib/python3.6/site-packages/airflow/example_dags/example_kubernetes_executor.py
[2023-12-28 09:25:27,448] {processor.py:623} INFO - DAG(s) dict_keys(['example_kubernetes_executor']) retrieved from /home/airflow/.local/lib/python3.6/site-packages/airflow/example_dags/example_kubernetes_executor.py
[2023-12-28 09:25:27,473] {logging_mixin.py:109} INFO - [2023-12-28 09:25:27,473] {dag.py:1834} INFO - Sync 1 DAGs
[2023-12-28 09:25:27,489] {logging_mixin.py:109} INFO - [2023-12-28 09:25:27,489] {dag.py:2287} INFO - Setting next_dagrun for example_kubernetes_executor to None
[2023-12-28 09:25:27,503] {processor.py:170} INFO - Processing /home/airflow/.local/lib/python3.6/site-packages/airflow/example_dags/example_kubernetes_executor.py took 0.071 seconds
[2023-12-28 09:25:57,614] {processor.py:162} INFO - Started process (PID=2771) to work on /home/airflow/.local/lib/python3.6/site-packages/airflow/example_dags/example_kubernetes_executor.py
[2023-12-28 09:25:57,616] {processor.py:613} INFO - Processing file /home/airflow/.local/lib/python3.6/site-packages/airflow/example_dags/example_kubernetes_executor.py for tasks to queue
[2023-12-28 09:25:57,617] {logging_mixin.py:109} INFO - [2023-12-28 09:25:57,617] {dagbag.py:496} INFO - Filling up the DagBag from /home/airflow/.local/lib/python3.6/site-packages/airflow/example_dags/example_kubernetes_executor.py
[2023-12-28 09:25:57,631] {processor.py:623} INFO - DAG(s) dict_keys(['example_kubernetes_executor']) retrieved from /home/airflow/.local/lib/python3.6/site-packages/airflow/example_dags/example_kubernetes_executor.py
[2023-12-28 09:25:57,662] {logging_mixin.py:109} INFO - [2023-12-28 09:25:57,662] {dag.py:1834} INFO - Sync 1 DAGs
[2023-12-28 09:25:57,680] {logging_mixin.py:109} INFO - [2023-12-28 09:25:57,680] {dag.py:2287} INFO - Setting next_dagrun for example_kubernetes_executor to None
[2023-12-28 09:25:57,696] {processor.py:170} INFO - Processing /home/airflow/.local/lib/python3.6/site-packages/airflow/example_dags/example_kubernetes_executor.py took 0.085 seconds
[2023-12-28 09:26:28,152] {processor.py:162} INFO - Started process (PID=2975) to work on /home/airflow/.local/lib/python3.6/site-packages/airflow/example_dags/example_kubernetes_executor.py
[2023-12-28 09:26:28,154] {processor.py:613} INFO - Processing file /home/airflow/.local/lib/python3.6/site-packages/airflow/example_dags/example_kubernetes_executor.py for tasks to queue
[2023-12-28 09:26:28,155] {logging_mixin.py:109} INFO - [2023-12-28 09:26:28,155] {dagbag.py:496} INFO - Filling up the DagBag from /home/airflow/.local/lib/python3.6/site-packages/airflow/example_dags/example_kubernetes_executor.py
[2023-12-28 09:26:28,169] {processor.py:623} INFO - DAG(s) dict_keys(['example_kubernetes_executor']) retrieved from /home/airflow/.local/lib/python3.6/site-packages/airflow/example_dags/example_kubernetes_executor.py
[2023-12-28 09:26:28,198] {logging_mixin.py:109} INFO - [2023-12-28 09:26:28,198] {dag.py:1834} INFO - Sync 1 DAGs
[2023-12-28 09:26:28,216] {logging_mixin.py:109} INFO - [2023-12-28 09:26:28,216] {dag.py:2287} INFO - Setting next_dagrun for example_kubernetes_executor to None
[2023-12-28 09:26:28,234] {processor.py:170} INFO - Processing /home/airflow/.local/lib/python3.6/site-packages/airflow/example_dags/example_kubernetes_executor.py took 0.085 seconds
[2023-12-28 09:26:58,732] {processor.py:162} INFO - Started process (PID=3173) to work on /home/airflow/.local/lib/python3.6/site-packages/airflow/example_dags/example_kubernetes_executor.py
[2023-12-28 09:26:58,734] {processor.py:613} INFO - Processing file /home/airflow/.local/lib/python3.6/site-packages/airflow/example_dags/example_kubernetes_executor.py for tasks to queue
[2023-12-28 09:26:58,736] {logging_mixin.py:109} INFO - [2023-12-28 09:26:58,735] {dagbag.py:496} INFO - Filling up the DagBag from /home/airflow/.local/lib/python3.6/site-packages/airflow/example_dags/example_kubernetes_executor.py
[2023-12-28 09:26:58,750] {processor.py:623} INFO - DAG(s) dict_keys(['example_kubernetes_executor']) retrieved from /home/airflow/.local/lib/python3.6/site-packages/airflow/example_dags/example_kubernetes_executor.py
[2023-12-28 09:26:58,783] {logging_mixin.py:109} INFO - [2023-12-28 09:26:58,783] {dag.py:1834} INFO - Sync 1 DAGs
[2023-12-28 09:26:58,803] {logging_mixin.py:109} INFO - [2023-12-28 09:26:58,803] {dag.py:2287} INFO - Setting next_dagrun for example_kubernetes_executor to None
[2023-12-28 09:26:58,820] {processor.py:170} INFO - Processing /home/airflow/.local/lib/python3.6/site-packages/airflow/example_dags/example_kubernetes_executor.py took 0.091 seconds
[2023-12-28 09:27:29,189] {processor.py:162} INFO - Started process (PID=3366) to work on /home/airflow/.local/lib/python3.6/site-packages/airflow/example_dags/example_kubernetes_executor.py
[2023-12-28 09:27:29,190] {processor.py:613} INFO - Processing file /home/airflow/.local/lib/python3.6/site-packages/airflow/example_dags/example_kubernetes_executor.py for tasks to queue
[2023-12-28 09:27:29,190] {logging_mixin.py:109} INFO - [2023-12-28 09:27:29,190] {dagbag.py:496} INFO - Filling up the DagBag from /home/airflow/.local/lib/python3.6/site-packages/airflow/example_dags/example_kubernetes_executor.py
[2023-12-28 09:27:29,202] {processor.py:623} INFO - DAG(s) dict_keys(['example_kubernetes_executor']) retrieved from /home/airflow/.local/lib/python3.6/site-packages/airflow/example_dags/example_kubernetes_executor.py
[2023-12-28 09:27:29,224] {logging_mixin.py:109} INFO - [2023-12-28 09:27:29,224] {dag.py:1834} INFO - Sync 1 DAGs
[2023-12-28 09:27:29,239] {logging_mixin.py:109} INFO - [2023-12-28 09:27:29,239] {dag.py:2287} INFO - Setting next_dagrun for example_kubernetes_executor to None
[2023-12-28 09:27:29,254] {processor.py:170} INFO - Processing /home/airflow/.local/lib/python3.6/site-packages/airflow/example_dags/example_kubernetes_executor.py took 0.068 seconds
[2023-12-28 09:27:59,846] {processor.py:162} INFO - Started process (PID=3571) to work on /home/airflow/.local/lib/python3.6/site-packages/airflow/example_dags/example_kubernetes_executor.py
[2023-12-28 09:27:59,848] {processor.py:613} INFO - Processing file /home/airflow/.local/lib/python3.6/site-packages/airflow/example_dags/example_kubernetes_executor.py for tasks to queue
[2023-12-28 09:27:59,849] {logging_mixin.py:109} INFO - [2023-12-28 09:27:59,848] {dagbag.py:496} INFO - Filling up the DagBag from /home/airflow/.local/lib/python3.6/site-packages/airflow/example_dags/example_kubernetes_executor.py
[2023-12-28 09:27:59,875] {processor.py:623} INFO - DAG(s) dict_keys(['example_kubernetes_executor']) retrieved from /home/airflow/.local/lib/python3.6/site-packages/airflow/example_dags/example_kubernetes_executor.py
[2023-12-28 09:27:59,908] {logging_mixin.py:109} INFO - [2023-12-28 09:27:59,908] {dag.py:1834} INFO - Sync 1 DAGs
[2023-12-28 09:27:59,923] {logging_mixin.py:109} INFO - [2023-12-28 09:27:59,923] {dag.py:2287} INFO - Setting next_dagrun for example_kubernetes_executor to None
[2023-12-28 09:27:59,937] {processor.py:170} INFO - Processing /home/airflow/.local/lib/python3.6/site-packages/airflow/example_dags/example_kubernetes_executor.py took 0.095 seconds
[2023-12-28 09:28:29,986] {processor.py:162} INFO - Started process (PID=3766) to work on /home/airflow/.local/lib/python3.6/site-packages/airflow/example_dags/example_kubernetes_executor.py
[2023-12-28 09:28:29,987] {processor.py:613} INFO - Processing file /home/airflow/.local/lib/python3.6/site-packages/airflow/example_dags/example_kubernetes_executor.py for tasks to queue
[2023-12-28 09:28:29,987] {logging_mixin.py:109} INFO - [2023-12-28 09:28:29,987] {dagbag.py:496} INFO - Filling up the DagBag from /home/airflow/.local/lib/python3.6/site-packages/airflow/example_dags/example_kubernetes_executor.py
[2023-12-28 09:28:29,997] {processor.py:623} INFO - DAG(s) dict_keys(['example_kubernetes_executor']) retrieved from /home/airflow/.local/lib/python3.6/site-packages/airflow/example_dags/example_kubernetes_executor.py
[2023-12-28 09:28:30,019] {logging_mixin.py:109} INFO - [2023-12-28 09:28:30,019] {dag.py:1834} INFO - Sync 1 DAGs
[2023-12-28 09:28:30,033] {logging_mixin.py:109} INFO - [2023-12-28 09:28:30,032] {dag.py:2287} INFO - Setting next_dagrun for example_kubernetes_executor to None
[2023-12-28 09:28:30,046] {processor.py:170} INFO - Processing /home/airflow/.local/lib/python3.6/site-packages/airflow/example_dags/example_kubernetes_executor.py took 0.063 seconds
[2023-12-28 09:29:00,439] {processor.py:162} INFO - Started process (PID=3971) to work on /home/airflow/.local/lib/python3.6/site-packages/airflow/example_dags/example_kubernetes_executor.py
[2023-12-28 09:29:00,440] {processor.py:613} INFO - Processing file /home/airflow/.local/lib/python3.6/site-packages/airflow/example_dags/example_kubernetes_executor.py for tasks to queue
[2023-12-28 09:29:00,441] {logging_mixin.py:109} INFO - [2023-12-28 09:29:00,441] {dagbag.py:496} INFO - Filling up the DagBag from /home/airflow/.local/lib/python3.6/site-packages/airflow/example_dags/example_kubernetes_executor.py
[2023-12-28 09:29:00,453] {processor.py:623} INFO - DAG(s) dict_keys(['example_kubernetes_executor']) retrieved from /home/airflow/.local/lib/python3.6/site-packages/airflow/example_dags/example_kubernetes_executor.py
[2023-12-28 09:29:00,478] {logging_mixin.py:109} INFO - [2023-12-28 09:29:00,477] {dag.py:1834} INFO - Sync 1 DAGs
[2023-12-28 09:29:00,492] {logging_mixin.py:109} INFO - [2023-12-28 09:29:00,492] {dag.py:2287} INFO - Setting next_dagrun for example_kubernetes_executor to None
[2023-12-28 09:29:00,505] {processor.py:170} INFO - Processing /home/airflow/.local/lib/python3.6/site-packages/airflow/example_dags/example_kubernetes_executor.py took 0.069 seconds
[2023-12-28 09:29:30,956] {processor.py:162} INFO - Started process (PID=4166) to work on /home/airflow/.local/lib/python3.6/site-packages/airflow/example_dags/example_kubernetes_executor.py
[2023-12-28 09:29:30,957] {processor.py:613} INFO - Processing file /home/airflow/.local/lib/python3.6/site-packages/airflow/example_dags/example_kubernetes_executor.py for tasks to queue
[2023-12-28 09:29:30,958] {logging_mixin.py:109} INFO - [2023-12-28 09:29:30,958] {dagbag.py:496} INFO - Filling up the DagBag from /home/airflow/.local/lib/python3.6/site-packages/airflow/example_dags/example_kubernetes_executor.py
[2023-12-28 09:29:30,973] {processor.py:623} INFO - DAG(s) dict_keys(['example_kubernetes_executor']) retrieved from /home/airflow/.local/lib/python3.6/site-packages/airflow/example_dags/example_kubernetes_executor.py
[2023-12-28 09:29:31,004] {logging_mixin.py:109} INFO - [2023-12-28 09:29:31,004] {dag.py:1834} INFO - Sync 1 DAGs
[2023-12-28 09:29:31,022] {logging_mixin.py:109} INFO - [2023-12-28 09:29:31,021] {dag.py:2287} INFO - Setting next_dagrun for example_kubernetes_executor to None
[2023-12-28 09:29:31,038] {processor.py:170} INFO - Processing /home/airflow/.local/lib/python3.6/site-packages/airflow/example_dags/example_kubernetes_executor.py took 0.086 seconds
[2023-12-28 09:30:01,171] {processor.py:162} INFO - Started process (PID=4361) to work on /home/airflow/.local/lib/python3.6/site-packages/airflow/example_dags/example_kubernetes_executor.py
[2023-12-28 09:30:01,173] {processor.py:613} INFO - Processing file /home/airflow/.local/lib/python3.6/site-packages/airflow/example_dags/example_kubernetes_executor.py for tasks to queue
[2023-12-28 09:30:01,174] {logging_mixin.py:109} INFO - [2023-12-28 09:30:01,173] {dagbag.py:496} INFO - Filling up the DagBag from /home/airflow/.local/lib/python3.6/site-packages/airflow/example_dags/example_kubernetes_executor.py
[2023-12-28 09:30:01,192] {processor.py:623} INFO - DAG(s) dict_keys(['example_kubernetes_executor']) retrieved from /home/airflow/.local/lib/python3.6/site-packages/airflow/example_dags/example_kubernetes_executor.py
[2023-12-28 09:30:01,221] {logging_mixin.py:109} INFO - [2023-12-28 09:30:01,221] {dag.py:1834} INFO - Sync 1 DAGs
[2023-12-28 09:30:01,239] {logging_mixin.py:109} INFO - [2023-12-28 09:30:01,238] {dag.py:2287} INFO - Setting next_dagrun for example_kubernetes_executor to None
[2023-12-28 09:30:01,252] {processor.py:170} INFO - Processing /home/airflow/.local/lib/python3.6/site-packages/airflow/example_dags/example_kubernetes_executor.py took 0.086 seconds
[2023-12-28 09:30:31,404] {processor.py:162} INFO - Started process (PID=4566) to work on /home/airflow/.local/lib/python3.6/site-packages/airflow/example_dags/example_kubernetes_executor.py
[2023-12-28 09:30:31,405] {processor.py:613} INFO - Processing file /home/airflow/.local/lib/python3.6/site-packages/airflow/example_dags/example_kubernetes_executor.py for tasks to queue
[2023-12-28 09:30:31,406] {logging_mixin.py:109} INFO - [2023-12-28 09:30:31,406] {dagbag.py:496} INFO - Filling up the DagBag from /home/airflow/.local/lib/python3.6/site-packages/airflow/example_dags/example_kubernetes_executor.py
[2023-12-28 09:30:31,422] {processor.py:623} INFO - DAG(s) dict_keys(['example_kubernetes_executor']) retrieved from /home/airflow/.local/lib/python3.6/site-packages/airflow/example_dags/example_kubernetes_executor.py
[2023-12-28 09:30:31,450] {logging_mixin.py:109} INFO - [2023-12-28 09:30:31,450] {dag.py:1834} INFO - Sync 1 DAGs
[2023-12-28 09:30:31,471] {logging_mixin.py:109} INFO - [2023-12-28 09:30:31,471] {dag.py:2287} INFO - Setting next_dagrun for example_kubernetes_executor to None
[2023-12-28 09:30:31,489] {processor.py:170} INFO - Processing /home/airflow/.local/lib/python3.6/site-packages/airflow/example_dags/example_kubernetes_executor.py took 0.089 seconds
[2023-12-28 09:31:01,944] {processor.py:162} INFO - Started process (PID=4761) to work on /home/airflow/.local/lib/python3.6/site-packages/airflow/example_dags/example_kubernetes_executor.py
[2023-12-28 09:31:01,953] {processor.py:613} INFO - Processing file /home/airflow/.local/lib/python3.6/site-packages/airflow/example_dags/example_kubernetes_executor.py for tasks to queue
[2023-12-28 09:31:01,954] {logging_mixin.py:109} INFO - [2023-12-28 09:31:01,954] {dagbag.py:496} INFO - Filling up the DagBag from /home/airflow/.local/lib/python3.6/site-packages/airflow/example_dags/example_kubernetes_executor.py
[2023-12-28 09:31:01,972] {processor.py:623} INFO - DAG(s) dict_keys(['example_kubernetes_executor']) retrieved from /home/airflow/.local/lib/python3.6/site-packages/airflow/example_dags/example_kubernetes_executor.py
[2023-12-28 09:31:02,005] {logging_mixin.py:109} INFO - [2023-12-28 09:31:02,005] {dag.py:1834} INFO - Sync 1 DAGs
[2023-12-28 09:31:02,023] {logging_mixin.py:109} INFO - [2023-12-28 09:31:02,023] {dag.py:2287} INFO - Setting next_dagrun for example_kubernetes_executor to None
[2023-12-28 09:31:02,041] {processor.py:170} INFO - Processing /home/airflow/.local/lib/python3.6/site-packages/airflow/example_dags/example_kubernetes_executor.py took 0.100 seconds
[2023-12-28 09:31:32,216] {processor.py:162} INFO - Started process (PID=4966) to work on /home/airflow/.local/lib/python3.6/site-packages/airflow/example_dags/example_kubernetes_executor.py
[2023-12-28 09:31:32,217] {processor.py:613} INFO - Processing file /home/airflow/.local/lib/python3.6/site-packages/airflow/example_dags/example_kubernetes_executor.py for tasks to queue
[2023-12-28 09:31:32,218] {logging_mixin.py:109} INFO - [2023-12-28 09:31:32,218] {dagbag.py:496} INFO - Filling up the DagBag from /home/airflow/.local/lib/python3.6/site-packages/airflow/example_dags/example_kubernetes_executor.py
[2023-12-28 09:31:32,231] {processor.py:623} INFO - DAG(s) dict_keys(['example_kubernetes_executor']) retrieved from /home/airflow/.local/lib/python3.6/site-packages/airflow/example_dags/example_kubernetes_executor.py
[2023-12-28 09:31:32,256] {logging_mixin.py:109} INFO - [2023-12-28 09:31:32,255] {dag.py:1834} INFO - Sync 1 DAGs
[2023-12-28 09:31:32,271] {logging_mixin.py:109} INFO - [2023-12-28 09:31:32,270] {dag.py:2287} INFO - Setting next_dagrun for example_kubernetes_executor to None
[2023-12-28 09:31:32,283] {processor.py:170} INFO - Processing /home/airflow/.local/lib/python3.6/site-packages/airflow/example_dags/example_kubernetes_executor.py took 0.070 seconds
[2023-12-28 09:32:02,407] {processor.py:162} INFO - Started process (PID=5161) to work on /home/airflow/.local/lib/python3.6/site-packages/airflow/example_dags/example_kubernetes_executor.py
[2023-12-28 09:32:02,409] {processor.py:613} INFO - Processing file /home/airflow/.local/lib/python3.6/site-packages/airflow/example_dags/example_kubernetes_executor.py for tasks to queue
[2023-12-28 09:32:02,410] {logging_mixin.py:109} INFO - [2023-12-28 09:32:02,410] {dagbag.py:496} INFO - Filling up the DagBag from /home/airflow/.local/lib/python3.6/site-packages/airflow/example_dags/example_kubernetes_executor.py
[2023-12-28 09:32:02,425] {processor.py:623} INFO - DAG(s) dict_keys(['example_kubernetes_executor']) retrieved from /home/airflow/.local/lib/python3.6/site-packages/airflow/example_dags/example_kubernetes_executor.py
[2023-12-28 09:32:02,450] {logging_mixin.py:109} INFO - [2023-12-28 09:32:02,450] {dag.py:1834} INFO - Sync 1 DAGs
[2023-12-28 09:32:02,467] {logging_mixin.py:109} INFO - [2023-12-28 09:32:02,466] {dag.py:2287} INFO - Setting next_dagrun for example_kubernetes_executor to None
[2023-12-28 09:32:02,481] {processor.py:170} INFO - Processing /home/airflow/.local/lib/python3.6/site-packages/airflow/example_dags/example_kubernetes_executor.py took 0.077 seconds
[2023-12-28 09:32:33,410] {processor.py:162} INFO - Started process (PID=5365) to work on /home/airflow/.local/lib/python3.6/site-packages/airflow/example_dags/example_kubernetes_executor.py
[2023-12-28 09:32:33,411] {processor.py:613} INFO - Processing file /home/airflow/.local/lib/python3.6/site-packages/airflow/example_dags/example_kubernetes_executor.py for tasks to queue
[2023-12-28 09:32:33,412] {logging_mixin.py:109} INFO - [2023-12-28 09:32:33,412] {dagbag.py:496} INFO - Filling up the DagBag from /home/airflow/.local/lib/python3.6/site-packages/airflow/example_dags/example_kubernetes_executor.py
[2023-12-28 09:32:33,429] {processor.py:623} INFO - DAG(s) dict_keys(['example_kubernetes_executor']) retrieved from /home/airflow/.local/lib/python3.6/site-packages/airflow/example_dags/example_kubernetes_executor.py
[2023-12-28 09:32:33,461] {logging_mixin.py:109} INFO - [2023-12-28 09:32:33,461] {dag.py:1834} INFO - Sync 1 DAGs
[2023-12-28 09:32:33,480] {logging_mixin.py:109} INFO - [2023-12-28 09:32:33,480] {dag.py:2287} INFO - Setting next_dagrun for example_kubernetes_executor to None
[2023-12-28 09:32:33,499] {processor.py:170} INFO - Processing /home/airflow/.local/lib/python3.6/site-packages/airflow/example_dags/example_kubernetes_executor.py took 0.092 seconds
[2023-12-28 09:33:03,858] {processor.py:162} INFO - Started process (PID=5561) to work on /home/airflow/.local/lib/python3.6/site-packages/airflow/example_dags/example_kubernetes_executor.py
[2023-12-28 09:33:03,860] {processor.py:613} INFO - Processing file /home/airflow/.local/lib/python3.6/site-packages/airflow/example_dags/example_kubernetes_executor.py for tasks to queue
[2023-12-28 09:33:03,860] {logging_mixin.py:109} INFO - [2023-12-28 09:33:03,860] {dagbag.py:496} INFO - Filling up the DagBag from /home/airflow/.local/lib/python3.6/site-packages/airflow/example_dags/example_kubernetes_executor.py
[2023-12-28 09:33:03,874] {processor.py:623} INFO - DAG(s) dict_keys(['example_kubernetes_executor']) retrieved from /home/airflow/.local/lib/python3.6/site-packages/airflow/example_dags/example_kubernetes_executor.py
[2023-12-28 09:33:03,898] {logging_mixin.py:109} INFO - [2023-12-28 09:33:03,898] {dag.py:1834} INFO - Sync 1 DAGs
[2023-12-28 09:33:03,912] {logging_mixin.py:109} INFO - [2023-12-28 09:33:03,912] {dag.py:2287} INFO - Setting next_dagrun for example_kubernetes_executor to None
[2023-12-28 09:33:03,927] {processor.py:170} INFO - Processing /home/airflow/.local/lib/python3.6/site-packages/airflow/example_dags/example_kubernetes_executor.py took 0.071 seconds
[2023-12-28 09:33:34,113] {processor.py:162} INFO - Started process (PID=5756) to work on /home/airflow/.local/lib/python3.6/site-packages/airflow/example_dags/example_kubernetes_executor.py
[2023-12-28 09:33:34,114] {processor.py:613} INFO - Processing file /home/airflow/.local/lib/python3.6/site-packages/airflow/example_dags/example_kubernetes_executor.py for tasks to queue
[2023-12-28 09:33:34,115] {logging_mixin.py:109} INFO - [2023-12-28 09:33:34,115] {dagbag.py:496} INFO - Filling up the DagBag from /home/airflow/.local/lib/python3.6/site-packages/airflow/example_dags/example_kubernetes_executor.py
[2023-12-28 09:33:34,133] {processor.py:623} INFO - DAG(s) dict_keys(['example_kubernetes_executor']) retrieved from /home/airflow/.local/lib/python3.6/site-packages/airflow/example_dags/example_kubernetes_executor.py
[2023-12-28 09:33:34,168] {logging_mixin.py:109} INFO - [2023-12-28 09:33:34,168] {dag.py:1834} INFO - Sync 1 DAGs
[2023-12-28 09:33:34,190] {logging_mixin.py:109} INFO - [2023-12-28 09:33:34,190] {dag.py:2287} INFO - Setting next_dagrun for example_kubernetes_executor to None
[2023-12-28 09:33:34,211] {processor.py:170} INFO - Processing /home/airflow/.local/lib/python3.6/site-packages/airflow/example_dags/example_kubernetes_executor.py took 0.102 seconds
[2023-12-28 09:34:04,407] {processor.py:162} INFO - Started process (PID=5961) to work on /home/airflow/.local/lib/python3.6/site-packages/airflow/example_dags/example_kubernetes_executor.py
[2023-12-28 09:34:04,410] {processor.py:613} INFO - Processing file /home/airflow/.local/lib/python3.6/site-packages/airflow/example_dags/example_kubernetes_executor.py for tasks to queue
[2023-12-28 09:34:04,411] {logging_mixin.py:109} INFO - [2023-12-28 09:34:04,411] {dagbag.py:496} INFO - Filling up the DagBag from /home/airflow/.local/lib/python3.6/site-packages/airflow/example_dags/example_kubernetes_executor.py
[2023-12-28 09:34:04,427] {processor.py:623} INFO - DAG(s) dict_keys(['example_kubernetes_executor']) retrieved from /home/airflow/.local/lib/python3.6/site-packages/airflow/example_dags/example_kubernetes_executor.py
[2023-12-28 09:34:04,456] {logging_mixin.py:109} INFO - [2023-12-28 09:34:04,456] {dag.py:1834} INFO - Sync 1 DAGs
[2023-12-28 09:34:04,474] {logging_mixin.py:109} INFO - [2023-12-28 09:34:04,474] {dag.py:2287} INFO - Setting next_dagrun for example_kubernetes_executor to None
[2023-12-28 09:34:04,496] {processor.py:170} INFO - Processing /home/airflow/.local/lib/python3.6/site-packages/airflow/example_dags/example_kubernetes_executor.py took 0.092 seconds
[2023-12-28 09:34:34,541] {processor.py:162} INFO - Started process (PID=6156) to work on /home/airflow/.local/lib/python3.6/site-packages/airflow/example_dags/example_kubernetes_executor.py
[2023-12-28 09:34:34,543] {processor.py:613} INFO - Processing file /home/airflow/.local/lib/python3.6/site-packages/airflow/example_dags/example_kubernetes_executor.py for tasks to queue
[2023-12-28 09:34:34,544] {logging_mixin.py:109} INFO - [2023-12-28 09:34:34,543] {dagbag.py:496} INFO - Filling up the DagBag from /home/airflow/.local/lib/python3.6/site-packages/airflow/example_dags/example_kubernetes_executor.py
[2023-12-28 09:34:34,560] {processor.py:623} INFO - DAG(s) dict_keys(['example_kubernetes_executor']) retrieved from /home/airflow/.local/lib/python3.6/site-packages/airflow/example_dags/example_kubernetes_executor.py
[2023-12-28 09:34:34,586] {logging_mixin.py:109} INFO - [2023-12-28 09:34:34,586] {dag.py:1834} INFO - Sync 1 DAGs
[2023-12-28 09:34:34,601] {logging_mixin.py:109} INFO - [2023-12-28 09:34:34,601] {dag.py:2287} INFO - Setting next_dagrun for example_kubernetes_executor to None
[2023-12-28 09:34:34,614] {processor.py:170} INFO - Processing /home/airflow/.local/lib/python3.6/site-packages/airflow/example_dags/example_kubernetes_executor.py took 0.078 seconds
[2023-12-28 09:35:04,761] {processor.py:162} INFO - Started process (PID=6361) to work on /home/airflow/.local/lib/python3.6/site-packages/airflow/example_dags/example_kubernetes_executor.py
[2023-12-28 09:35:04,763] {processor.py:613} INFO - Processing file /home/airflow/.local/lib/python3.6/site-packages/airflow/example_dags/example_kubernetes_executor.py for tasks to queue
[2023-12-28 09:35:04,763] {logging_mixin.py:109} INFO - [2023-12-28 09:35:04,763] {dagbag.py:496} INFO - Filling up the DagBag from /home/airflow/.local/lib/python3.6/site-packages/airflow/example_dags/example_kubernetes_executor.py
[2023-12-28 09:35:04,777] {processor.py:623} INFO - DAG(s) dict_keys(['example_kubernetes_executor']) retrieved from /home/airflow/.local/lib/python3.6/site-packages/airflow/example_dags/example_kubernetes_executor.py
[2023-12-28 09:35:04,801] {logging_mixin.py:109} INFO - [2023-12-28 09:35:04,801] {dag.py:1834} INFO - Sync 1 DAGs
[2023-12-28 09:35:04,817] {logging_mixin.py:109} INFO - [2023-12-28 09:35:04,816] {dag.py:2287} INFO - Setting next_dagrun for example_kubernetes_executor to None
[2023-12-28 09:35:04,831] {processor.py:170} INFO - Processing /home/airflow/.local/lib/python3.6/site-packages/airflow/example_dags/example_kubernetes_executor.py took 0.073 seconds
[2023-12-28 09:35:34,957] {processor.py:162} INFO - Started process (PID=6556) to work on /home/airflow/.local/lib/python3.6/site-packages/airflow/example_dags/example_kubernetes_executor.py
[2023-12-28 09:35:34,958] {processor.py:613} INFO - Processing file /home/airflow/.local/lib/python3.6/site-packages/airflow/example_dags/example_kubernetes_executor.py for tasks to queue
[2023-12-28 09:35:34,958] {logging_mixin.py:109} INFO - [2023-12-28 09:35:34,958] {dagbag.py:496} INFO - Filling up the DagBag from /home/airflow/.local/lib/python3.6/site-packages/airflow/example_dags/example_kubernetes_executor.py
[2023-12-28 09:35:34,972] {processor.py:623} INFO - DAG(s) dict_keys(['example_kubernetes_executor']) retrieved from /home/airflow/.local/lib/python3.6/site-packages/airflow/example_dags/example_kubernetes_executor.py
[2023-12-28 09:35:34,997] {logging_mixin.py:109} INFO - [2023-12-28 09:35:34,997] {dag.py:1834} INFO - Sync 1 DAGs
[2023-12-28 09:35:35,013] {logging_mixin.py:109} INFO - [2023-12-28 09:35:35,012] {dag.py:2287} INFO - Setting next_dagrun for example_kubernetes_executor to None
[2023-12-28 09:35:35,029] {processor.py:170} INFO - Processing /home/airflow/.local/lib/python3.6/site-packages/airflow/example_dags/example_kubernetes_executor.py took 0.076 seconds
[2023-12-28 09:36:05,086] {processor.py:162} INFO - Started process (PID=6751) to work on /home/airflow/.local/lib/python3.6/site-packages/airflow/example_dags/example_kubernetes_executor.py
[2023-12-28 09:36:05,089] {processor.py:613} INFO - Processing file /home/airflow/.local/lib/python3.6/site-packages/airflow/example_dags/example_kubernetes_executor.py for tasks to queue
[2023-12-28 09:36:05,090] {logging_mixin.py:109} INFO - [2023-12-28 09:36:05,090] {dagbag.py:496} INFO - Filling up the DagBag from /home/airflow/.local/lib/python3.6/site-packages/airflow/example_dags/example_kubernetes_executor.py
[2023-12-28 09:36:05,103] {processor.py:623} INFO - DAG(s) dict_keys(['example_kubernetes_executor']) retrieved from /home/airflow/.local/lib/python3.6/site-packages/airflow/example_dags/example_kubernetes_executor.py
[2023-12-28 09:36:05,129] {logging_mixin.py:109} INFO - [2023-12-28 09:36:05,129] {dag.py:1834} INFO - Sync 1 DAGs
[2023-12-28 09:36:05,144] {logging_mixin.py:109} INFO - [2023-12-28 09:36:05,144] {dag.py:2287} INFO - Setting next_dagrun for example_kubernetes_executor to None
[2023-12-28 09:36:05,157] {processor.py:170} INFO - Processing /home/airflow/.local/lib/python3.6/site-packages/airflow/example_dags/example_kubernetes_executor.py took 0.074 seconds
[2023-12-28 09:36:35,383] {processor.py:162} INFO - Started process (PID=6956) to work on /home/airflow/.local/lib/python3.6/site-packages/airflow/example_dags/example_kubernetes_executor.py
[2023-12-28 09:36:35,388] {processor.py:613} INFO - Processing file /home/airflow/.local/lib/python3.6/site-packages/airflow/example_dags/example_kubernetes_executor.py for tasks to queue
[2023-12-28 09:36:35,391] {logging_mixin.py:109} INFO - [2023-12-28 09:36:35,391] {dagbag.py:496} INFO - Filling up the DagBag from /home/airflow/.local/lib/python3.6/site-packages/airflow/example_dags/example_kubernetes_executor.py
[2023-12-28 09:36:35,418] {processor.py:623} INFO - DAG(s) dict_keys(['example_kubernetes_executor']) retrieved from /home/airflow/.local/lib/python3.6/site-packages/airflow/example_dags/example_kubernetes_executor.py
[2023-12-28 09:36:35,466] {logging_mixin.py:109} INFO - [2023-12-28 09:36:35,466] {dag.py:1834} INFO - Sync 1 DAGs
[2023-12-28 09:36:35,489] {logging_mixin.py:109} INFO - [2023-12-28 09:36:35,489] {dag.py:2287} INFO - Setting next_dagrun for example_kubernetes_executor to None
[2023-12-28 09:36:35,510] {processor.py:170} INFO - Processing /home/airflow/.local/lib/python3.6/site-packages/airflow/example_dags/example_kubernetes_executor.py took 0.139 seconds
[2023-12-28 09:37:06,124] {processor.py:162} INFO - Started process (PID=7151) to work on /home/airflow/.local/lib/python3.6/site-packages/airflow/example_dags/example_kubernetes_executor.py
[2023-12-28 09:37:06,126] {processor.py:613} INFO - Processing file /home/airflow/.local/lib/python3.6/site-packages/airflow/example_dags/example_kubernetes_executor.py for tasks to queue
[2023-12-28 09:37:06,126] {logging_mixin.py:109} INFO - [2023-12-28 09:37:06,126] {dagbag.py:496} INFO - Filling up the DagBag from /home/airflow/.local/lib/python3.6/site-packages/airflow/example_dags/example_kubernetes_executor.py
[2023-12-28 09:37:06,139] {processor.py:623} INFO - DAG(s) dict_keys(['example_kubernetes_executor']) retrieved from /home/airflow/.local/lib/python3.6/site-packages/airflow/example_dags/example_kubernetes_executor.py
[2023-12-28 09:37:06,166] {logging_mixin.py:109} INFO - [2023-12-28 09:37:06,166] {dag.py:1834} INFO - Sync 1 DAGs
[2023-12-28 09:37:06,180] {logging_mixin.py:109} INFO - [2023-12-28 09:37:06,180] {dag.py:2287} INFO - Setting next_dagrun for example_kubernetes_executor to None
[2023-12-28 09:37:06,194] {processor.py:170} INFO - Processing /home/airflow/.local/lib/python3.6/site-packages/airflow/example_dags/example_kubernetes_executor.py took 0.072 seconds
[2023-12-28 09:37:36,292] {processor.py:162} INFO - Started process (PID=7346) to work on /home/airflow/.local/lib/python3.6/site-packages/airflow/example_dags/example_kubernetes_executor.py
[2023-12-28 09:37:36,293] {processor.py:613} INFO - Processing file /home/airflow/.local/lib/python3.6/site-packages/airflow/example_dags/example_kubernetes_executor.py for tasks to queue
[2023-12-28 09:37:36,295] {logging_mixin.py:109} INFO - [2023-12-28 09:37:36,294] {dagbag.py:496} INFO - Filling up the DagBag from /home/airflow/.local/lib/python3.6/site-packages/airflow/example_dags/example_kubernetes_executor.py
[2023-12-28 09:37:36,309] {processor.py:623} INFO - DAG(s) dict_keys(['example_kubernetes_executor']) retrieved from /home/airflow/.local/lib/python3.6/site-packages/airflow/example_dags/example_kubernetes_executor.py
[2023-12-28 09:37:36,340] {logging_mixin.py:109} INFO - [2023-12-28 09:37:36,339] {dag.py:1834} INFO - Sync 1 DAGs
[2023-12-28 09:37:36,357] {logging_mixin.py:109} INFO - [2023-12-28 09:37:36,357] {dag.py:2287} INFO - Setting next_dagrun for example_kubernetes_executor to None
[2023-12-28 09:37:36,375] {processor.py:170} INFO - Processing /home/airflow/.local/lib/python3.6/site-packages/airflow/example_dags/example_kubernetes_executor.py took 0.087 seconds
[2023-12-28 09:38:06,511] {processor.py:162} INFO - Started process (PID=7551) to work on /home/airflow/.local/lib/python3.6/site-packages/airflow/example_dags/example_kubernetes_executor.py
[2023-12-28 09:38:06,513] {processor.py:613} INFO - Processing file /home/airflow/.local/lib/python3.6/site-packages/airflow/example_dags/example_kubernetes_executor.py for tasks to queue
[2023-12-28 09:38:06,513] {logging_mixin.py:109} INFO - [2023-12-28 09:38:06,513] {dagbag.py:496} INFO - Filling up the DagBag from /home/airflow/.local/lib/python3.6/site-packages/airflow/example_dags/example_kubernetes_executor.py
[2023-12-28 09:38:06,526] {processor.py:623} INFO - DAG(s) dict_keys(['example_kubernetes_executor']) retrieved from /home/airflow/.local/lib/python3.6/site-packages/airflow/example_dags/example_kubernetes_executor.py
[2023-12-28 09:38:06,551] {logging_mixin.py:109} INFO - [2023-12-28 09:38:06,551] {dag.py:1834} INFO - Sync 1 DAGs
[2023-12-28 09:38:06,566] {logging_mixin.py:109} INFO - [2023-12-28 09:38:06,566] {dag.py:2287} INFO - Setting next_dagrun for example_kubernetes_executor to None
[2023-12-28 09:38:06,580] {processor.py:170} INFO - Processing /home/airflow/.local/lib/python3.6/site-packages/airflow/example_dags/example_kubernetes_executor.py took 0.072 seconds
[2023-12-28 09:38:36,946] {processor.py:162} INFO - Started process (PID=7746) to work on /home/airflow/.local/lib/python3.6/site-packages/airflow/example_dags/example_kubernetes_executor.py
[2023-12-28 09:38:36,947] {processor.py:613} INFO - Processing file /home/airflow/.local/lib/python3.6/site-packages/airflow/example_dags/example_kubernetes_executor.py for tasks to queue
[2023-12-28 09:38:36,947] {logging_mixin.py:109} INFO - [2023-12-28 09:38:36,947] {dagbag.py:496} INFO - Filling up the DagBag from /home/airflow/.local/lib/python3.6/site-packages/airflow/example_dags/example_kubernetes_executor.py
[2023-12-28 09:38:36,963] {processor.py:623} INFO - DAG(s) dict_keys(['example_kubernetes_executor']) retrieved from /home/airflow/.local/lib/python3.6/site-packages/airflow/example_dags/example_kubernetes_executor.py
[2023-12-28 09:38:36,991] {logging_mixin.py:109} INFO - [2023-12-28 09:38:36,991] {dag.py:1834} INFO - Sync 1 DAGs
[2023-12-28 09:38:37,008] {logging_mixin.py:109} INFO - [2023-12-28 09:38:37,007] {dag.py:2287} INFO - Setting next_dagrun for example_kubernetes_executor to None
[2023-12-28 09:38:37,023] {processor.py:170} INFO - Processing /home/airflow/.local/lib/python3.6/site-packages/airflow/example_dags/example_kubernetes_executor.py took 0.080 seconds
[2023-12-28 09:39:07,297] {processor.py:162} INFO - Started process (PID=7951) to work on /home/airflow/.local/lib/python3.6/site-packages/airflow/example_dags/example_kubernetes_executor.py
[2023-12-28 09:39:07,299] {processor.py:613} INFO - Processing file /home/airflow/.local/lib/python3.6/site-packages/airflow/example_dags/example_kubernetes_executor.py for tasks to queue
[2023-12-28 09:39:07,300] {logging_mixin.py:109} INFO - [2023-12-28 09:39:07,300] {dagbag.py:496} INFO - Filling up the DagBag from /home/airflow/.local/lib/python3.6/site-packages/airflow/example_dags/example_kubernetes_executor.py
[2023-12-28 09:39:07,324] {processor.py:623} INFO - DAG(s) dict_keys(['example_kubernetes_executor']) retrieved from /home/airflow/.local/lib/python3.6/site-packages/airflow/example_dags/example_kubernetes_executor.py
[2023-12-28 09:39:07,374] {logging_mixin.py:109} INFO - [2023-12-28 09:39:07,374] {dag.py:1834} INFO - Sync 1 DAGs
[2023-12-28 09:39:07,412] {logging_mixin.py:109} INFO - [2023-12-28 09:39:07,412] {dag.py:2287} INFO - Setting next_dagrun for example_kubernetes_executor to None
[2023-12-28 09:39:07,436] {processor.py:170} INFO - Processing /home/airflow/.local/lib/python3.6/site-packages/airflow/example_dags/example_kubernetes_executor.py took 0.147 seconds
[2023-12-28 09:39:37,488] {processor.py:162} INFO - Started process (PID=8146) to work on /home/airflow/.local/lib/python3.6/site-packages/airflow/example_dags/example_kubernetes_executor.py
[2023-12-28 09:39:37,489] {processor.py:613} INFO - Processing file /home/airflow/.local/lib/python3.6/site-packages/airflow/example_dags/example_kubernetes_executor.py for tasks to queue
[2023-12-28 09:39:37,490] {logging_mixin.py:109} INFO - [2023-12-28 09:39:37,490] {dagbag.py:496} INFO - Filling up the DagBag from /home/airflow/.local/lib/python3.6/site-packages/airflow/example_dags/example_kubernetes_executor.py
[2023-12-28 09:39:37,502] {processor.py:623} INFO - DAG(s) dict_keys(['example_kubernetes_executor']) retrieved from /home/airflow/.local/lib/python3.6/site-packages/airflow/example_dags/example_kubernetes_executor.py
[2023-12-28 09:39:37,526] {logging_mixin.py:109} INFO - [2023-12-28 09:39:37,526] {dag.py:1834} INFO - Sync 1 DAGs
[2023-12-28 09:39:37,540] {logging_mixin.py:109} INFO - [2023-12-28 09:39:37,540] {dag.py:2287} INFO - Setting next_dagrun for example_kubernetes_executor to None
[2023-12-28 09:39:37,553] {processor.py:170} INFO - Processing /home/airflow/.local/lib/python3.6/site-packages/airflow/example_dags/example_kubernetes_executor.py took 0.068 seconds
[2023-12-28 09:40:07,672] {processor.py:162} INFO - Started process (PID=8347) to work on /home/airflow/.local/lib/python3.6/site-packages/airflow/example_dags/example_kubernetes_executor.py
[2023-12-28 09:40:07,674] {processor.py:613} INFO - Processing file /home/airflow/.local/lib/python3.6/site-packages/airflow/example_dags/example_kubernetes_executor.py for tasks to queue
[2023-12-28 09:40:07,675] {logging_mixin.py:109} INFO - [2023-12-28 09:40:07,675] {dagbag.py:496} INFO - Filling up the DagBag from /home/airflow/.local/lib/python3.6/site-packages/airflow/example_dags/example_kubernetes_executor.py
[2023-12-28 09:40:07,688] {processor.py:623} INFO - DAG(s) dict_keys(['example_kubernetes_executor']) retrieved from /home/airflow/.local/lib/python3.6/site-packages/airflow/example_dags/example_kubernetes_executor.py
[2023-12-28 09:40:07,712] {logging_mixin.py:109} INFO - [2023-12-28 09:40:07,712] {dag.py:1834} INFO - Sync 1 DAGs
[2023-12-28 09:40:07,727] {logging_mixin.py:109} INFO - [2023-12-28 09:40:07,727] {dag.py:2287} INFO - Setting next_dagrun for example_kubernetes_executor to None
[2023-12-28 09:40:07,741] {processor.py:170} INFO - Processing /home/airflow/.local/lib/python3.6/site-packages/airflow/example_dags/example_kubernetes_executor.py took 0.071 seconds
[2023-12-28 09:40:37,977] {processor.py:162} INFO - Started process (PID=8546) to work on /home/airflow/.local/lib/python3.6/site-packages/airflow/example_dags/example_kubernetes_executor.py
[2023-12-28 09:40:37,979] {processor.py:613} INFO - Processing file /home/airflow/.local/lib/python3.6/site-packages/airflow/example_dags/example_kubernetes_executor.py for tasks to queue
[2023-12-28 09:40:37,979] {logging_mixin.py:109} INFO - [2023-12-28 09:40:37,979] {dagbag.py:496} INFO - Filling up the DagBag from /home/airflow/.local/lib/python3.6/site-packages/airflow/example_dags/example_kubernetes_executor.py
[2023-12-28 09:40:37,994] {processor.py:623} INFO - DAG(s) dict_keys(['example_kubernetes_executor']) retrieved from /home/airflow/.local/lib/python3.6/site-packages/airflow/example_dags/example_kubernetes_executor.py
[2023-12-28 09:40:38,020] {logging_mixin.py:109} INFO - [2023-12-28 09:40:38,020] {dag.py:1834} INFO - Sync 1 DAGs
[2023-12-28 09:40:38,036] {logging_mixin.py:109} INFO - [2023-12-28 09:40:38,036] {dag.py:2287} INFO - Setting next_dagrun for example_kubernetes_executor to None
[2023-12-28 09:40:38,053] {processor.py:170} INFO - Processing /home/airflow/.local/lib/python3.6/site-packages/airflow/example_dags/example_kubernetes_executor.py took 0.079 seconds
