[2023-12-28 09:19:21,589] {processor.py:162} INFO - Started process (PID=211) to work on /home/airflow/.local/lib/python3.6/site-packages/airflow/example_dags/example_task_group.py
[2023-12-28 09:19:21,590] {processor.py:613} INFO - Processing file /home/airflow/.local/lib/python3.6/site-packages/airflow/example_dags/example_task_group.py for tasks to queue
[2023-12-28 09:19:21,590] {logging_mixin.py:109} INFO - [2023-12-28 09:19:21,590] {dagbag.py:496} INFO - Filling up the DagBag from /home/airflow/.local/lib/python3.6/site-packages/airflow/example_dags/example_task_group.py
[2023-12-28 09:19:21,601] {processor.py:623} INFO - DAG(s) dict_keys(['example_task_group']) retrieved from /home/airflow/.local/lib/python3.6/site-packages/airflow/example_dags/example_task_group.py
[2023-12-28 09:19:21,860] {logging_mixin.py:109} INFO - [2023-12-28 09:19:21,860] {dag.py:1834} INFO - Sync 1 DAGs
[2023-12-28 09:19:21,873] {logging_mixin.py:109} INFO - [2023-12-28 09:19:21,872] {dag.py:2287} INFO - Setting next_dagrun for example_task_group to 2023-12-26 00:00:00+00:00
[2023-12-28 09:19:21,887] {processor.py:170} INFO - Processing /home/airflow/.local/lib/python3.6/site-packages/airflow/example_dags/example_task_group.py took 0.300 seconds
[2023-12-28 09:19:52,909] {processor.py:162} INFO - Started process (PID=416) to work on /home/airflow/.local/lib/python3.6/site-packages/airflow/example_dags/example_task_group.py
[2023-12-28 09:19:52,912] {processor.py:613} INFO - Processing file /home/airflow/.local/lib/python3.6/site-packages/airflow/example_dags/example_task_group.py for tasks to queue
[2023-12-28 09:19:52,913] {logging_mixin.py:109} INFO - [2023-12-28 09:19:52,913] {dagbag.py:496} INFO - Filling up the DagBag from /home/airflow/.local/lib/python3.6/site-packages/airflow/example_dags/example_task_group.py
[2023-12-28 09:19:52,947] {processor.py:623} INFO - DAG(s) dict_keys(['example_task_group']) retrieved from /home/airflow/.local/lib/python3.6/site-packages/airflow/example_dags/example_task_group.py
[2023-12-28 09:19:53,000] {logging_mixin.py:109} INFO - [2023-12-28 09:19:53,000] {dag.py:1834} INFO - Sync 1 DAGs
[2023-12-28 09:19:53,026] {logging_mixin.py:109} INFO - [2023-12-28 09:19:53,026] {dag.py:2287} INFO - Setting next_dagrun for example_task_group to 2023-12-26 00:00:00+00:00
[2023-12-28 09:19:53,054] {processor.py:170} INFO - Processing /home/airflow/.local/lib/python3.6/site-packages/airflow/example_dags/example_task_group.py took 0.153 seconds
[2023-12-28 09:20:24,176] {processor.py:162} INFO - Started process (PID=621) to work on /home/airflow/.local/lib/python3.6/site-packages/airflow/example_dags/example_task_group.py
[2023-12-28 09:20:24,177] {processor.py:613} INFO - Processing file /home/airflow/.local/lib/python3.6/site-packages/airflow/example_dags/example_task_group.py for tasks to queue
[2023-12-28 09:20:24,177] {logging_mixin.py:109} INFO - [2023-12-28 09:20:24,177] {dagbag.py:496} INFO - Filling up the DagBag from /home/airflow/.local/lib/python3.6/site-packages/airflow/example_dags/example_task_group.py
[2023-12-28 09:20:24,191] {processor.py:623} INFO - DAG(s) dict_keys(['example_task_group']) retrieved from /home/airflow/.local/lib/python3.6/site-packages/airflow/example_dags/example_task_group.py
[2023-12-28 09:20:24,220] {logging_mixin.py:109} INFO - [2023-12-28 09:20:24,220] {dag.py:1834} INFO - Sync 1 DAGs
[2023-12-28 09:20:24,240] {logging_mixin.py:109} INFO - [2023-12-28 09:20:24,240] {dag.py:2287} INFO - Setting next_dagrun for example_task_group to 2023-12-26 00:00:00+00:00
[2023-12-28 09:20:24,254] {processor.py:170} INFO - Processing /home/airflow/.local/lib/python3.6/site-packages/airflow/example_dags/example_task_group.py took 0.081 seconds
[2023-12-28 09:20:54,359] {processor.py:162} INFO - Started process (PID=796) to work on /home/airflow/.local/lib/python3.6/site-packages/airflow/example_dags/example_task_group.py
[2023-12-28 09:20:54,361] {processor.py:613} INFO - Processing file /home/airflow/.local/lib/python3.6/site-packages/airflow/example_dags/example_task_group.py for tasks to queue
[2023-12-28 09:20:54,362] {logging_mixin.py:109} INFO - [2023-12-28 09:20:54,362] {dagbag.py:496} INFO - Filling up the DagBag from /home/airflow/.local/lib/python3.6/site-packages/airflow/example_dags/example_task_group.py
[2023-12-28 09:20:54,378] {processor.py:623} INFO - DAG(s) dict_keys(['example_task_group']) retrieved from /home/airflow/.local/lib/python3.6/site-packages/airflow/example_dags/example_task_group.py
[2023-12-28 09:20:54,410] {logging_mixin.py:109} INFO - [2023-12-28 09:20:54,410] {dag.py:1834} INFO - Sync 1 DAGs
[2023-12-28 09:20:54,428] {logging_mixin.py:109} INFO - [2023-12-28 09:20:54,428] {dag.py:2287} INFO - Setting next_dagrun for example_task_group to 2023-12-26 00:00:00+00:00
[2023-12-28 09:20:54,444] {processor.py:170} INFO - Processing /home/airflow/.local/lib/python3.6/site-packages/airflow/example_dags/example_task_group.py took 0.088 seconds
[2023-12-28 09:21:24,857] {processor.py:162} INFO - Started process (PID=999) to work on /home/airflow/.local/lib/python3.6/site-packages/airflow/example_dags/example_task_group.py
[2023-12-28 09:21:24,858] {processor.py:613} INFO - Processing file /home/airflow/.local/lib/python3.6/site-packages/airflow/example_dags/example_task_group.py for tasks to queue
[2023-12-28 09:21:24,859] {logging_mixin.py:109} INFO - [2023-12-28 09:21:24,859] {dagbag.py:496} INFO - Filling up the DagBag from /home/airflow/.local/lib/python3.6/site-packages/airflow/example_dags/example_task_group.py
[2023-12-28 09:21:24,876] {processor.py:623} INFO - DAG(s) dict_keys(['example_task_group']) retrieved from /home/airflow/.local/lib/python3.6/site-packages/airflow/example_dags/example_task_group.py
[2023-12-28 09:21:24,905] {logging_mixin.py:109} INFO - [2023-12-28 09:21:24,905] {dag.py:1834} INFO - Sync 1 DAGs
[2023-12-28 09:21:24,923] {logging_mixin.py:109} INFO - [2023-12-28 09:21:24,922] {dag.py:2287} INFO - Setting next_dagrun for example_task_group to 2023-12-26 00:00:00+00:00
[2023-12-28 09:21:24,938] {processor.py:170} INFO - Processing /home/airflow/.local/lib/python3.6/site-packages/airflow/example_dags/example_task_group.py took 0.085 seconds
[2023-12-28 09:21:55,096] {processor.py:162} INFO - Started process (PID=1193) to work on /home/airflow/.local/lib/python3.6/site-packages/airflow/example_dags/example_task_group.py
[2023-12-28 09:21:55,097] {processor.py:613} INFO - Processing file /home/airflow/.local/lib/python3.6/site-packages/airflow/example_dags/example_task_group.py for tasks to queue
[2023-12-28 09:21:55,098] {logging_mixin.py:109} INFO - [2023-12-28 09:21:55,098] {dagbag.py:496} INFO - Filling up the DagBag from /home/airflow/.local/lib/python3.6/site-packages/airflow/example_dags/example_task_group.py
[2023-12-28 09:21:55,113] {processor.py:623} INFO - DAG(s) dict_keys(['example_task_group']) retrieved from /home/airflow/.local/lib/python3.6/site-packages/airflow/example_dags/example_task_group.py
[2023-12-28 09:21:55,146] {logging_mixin.py:109} INFO - [2023-12-28 09:21:55,145] {dag.py:1834} INFO - Sync 1 DAGs
[2023-12-28 09:21:55,164] {logging_mixin.py:109} INFO - [2023-12-28 09:21:55,164] {dag.py:2287} INFO - Setting next_dagrun for example_task_group to 2023-12-26 00:00:00+00:00
[2023-12-28 09:21:55,182] {processor.py:170} INFO - Processing /home/airflow/.local/lib/python3.6/site-packages/airflow/example_dags/example_task_group.py took 0.089 seconds
[2023-12-28 09:22:25,510] {processor.py:162} INFO - Started process (PID=1388) to work on /home/airflow/.local/lib/python3.6/site-packages/airflow/example_dags/example_task_group.py
[2023-12-28 09:22:25,512] {processor.py:613} INFO - Processing file /home/airflow/.local/lib/python3.6/site-packages/airflow/example_dags/example_task_group.py for tasks to queue
[2023-12-28 09:22:25,513] {logging_mixin.py:109} INFO - [2023-12-28 09:22:25,512] {dagbag.py:496} INFO - Filling up the DagBag from /home/airflow/.local/lib/python3.6/site-packages/airflow/example_dags/example_task_group.py
[2023-12-28 09:22:25,526] {processor.py:623} INFO - DAG(s) dict_keys(['example_task_group']) retrieved from /home/airflow/.local/lib/python3.6/site-packages/airflow/example_dags/example_task_group.py
[2023-12-28 09:22:25,550] {logging_mixin.py:109} INFO - [2023-12-28 09:22:25,550] {dag.py:1834} INFO - Sync 1 DAGs
[2023-12-28 09:22:25,566] {logging_mixin.py:109} INFO - [2023-12-28 09:22:25,566] {dag.py:2287} INFO - Setting next_dagrun for example_task_group to 2023-12-26 00:00:00+00:00
[2023-12-28 09:22:25,580] {processor.py:170} INFO - Processing /home/airflow/.local/lib/python3.6/site-packages/airflow/example_dags/example_task_group.py took 0.072 seconds
[2023-12-28 09:22:55,919] {processor.py:162} INFO - Started process (PID=1593) to work on /home/airflow/.local/lib/python3.6/site-packages/airflow/example_dags/example_task_group.py
[2023-12-28 09:22:55,923] {processor.py:613} INFO - Processing file /home/airflow/.local/lib/python3.6/site-packages/airflow/example_dags/example_task_group.py for tasks to queue
[2023-12-28 09:22:55,924] {logging_mixin.py:109} INFO - [2023-12-28 09:22:55,924] {dagbag.py:496} INFO - Filling up the DagBag from /home/airflow/.local/lib/python3.6/site-packages/airflow/example_dags/example_task_group.py
[2023-12-28 09:22:55,939] {processor.py:623} INFO - DAG(s) dict_keys(['example_task_group']) retrieved from /home/airflow/.local/lib/python3.6/site-packages/airflow/example_dags/example_task_group.py
[2023-12-28 09:22:55,965] {logging_mixin.py:109} INFO - [2023-12-28 09:22:55,965] {dag.py:1834} INFO - Sync 1 DAGs
[2023-12-28 09:22:55,979] {logging_mixin.py:109} INFO - [2023-12-28 09:22:55,979] {dag.py:2287} INFO - Setting next_dagrun for example_task_group to 2023-12-26 00:00:00+00:00
[2023-12-28 09:22:55,992] {processor.py:170} INFO - Processing /home/airflow/.local/lib/python3.6/site-packages/airflow/example_dags/example_task_group.py took 0.076 seconds
[2023-12-28 09:23:26,564] {processor.py:162} INFO - Started process (PID=1788) to work on /home/airflow/.local/lib/python3.6/site-packages/airflow/example_dags/example_task_group.py
[2023-12-28 09:23:26,566] {processor.py:613} INFO - Processing file /home/airflow/.local/lib/python3.6/site-packages/airflow/example_dags/example_task_group.py for tasks to queue
[2023-12-28 09:23:26,567] {logging_mixin.py:109} INFO - [2023-12-28 09:23:26,566] {dagbag.py:496} INFO - Filling up the DagBag from /home/airflow/.local/lib/python3.6/site-packages/airflow/example_dags/example_task_group.py
[2023-12-28 09:23:26,583] {processor.py:623} INFO - DAG(s) dict_keys(['example_task_group']) retrieved from /home/airflow/.local/lib/python3.6/site-packages/airflow/example_dags/example_task_group.py
[2023-12-28 09:23:26,612] {logging_mixin.py:109} INFO - [2023-12-28 09:23:26,612] {dag.py:1834} INFO - Sync 1 DAGs
[2023-12-28 09:23:26,629] {logging_mixin.py:109} INFO - [2023-12-28 09:23:26,629] {dag.py:2287} INFO - Setting next_dagrun for example_task_group to 2023-12-26 00:00:00+00:00
[2023-12-28 09:23:26,647] {processor.py:170} INFO - Processing /home/airflow/.local/lib/python3.6/site-packages/airflow/example_dags/example_task_group.py took 0.087 seconds
[2023-12-28 09:23:57,050] {processor.py:162} INFO - Started process (PID=1990) to work on /home/airflow/.local/lib/python3.6/site-packages/airflow/example_dags/example_task_group.py
[2023-12-28 09:23:57,051] {processor.py:613} INFO - Processing file /home/airflow/.local/lib/python3.6/site-packages/airflow/example_dags/example_task_group.py for tasks to queue
[2023-12-28 09:23:57,052] {logging_mixin.py:109} INFO - [2023-12-28 09:23:57,052] {dagbag.py:496} INFO - Filling up the DagBag from /home/airflow/.local/lib/python3.6/site-packages/airflow/example_dags/example_task_group.py
[2023-12-28 09:23:57,069] {processor.py:623} INFO - DAG(s) dict_keys(['example_task_group']) retrieved from /home/airflow/.local/lib/python3.6/site-packages/airflow/example_dags/example_task_group.py
[2023-12-28 09:23:57,098] {logging_mixin.py:109} INFO - [2023-12-28 09:23:57,098] {dag.py:1834} INFO - Sync 1 DAGs
[2023-12-28 09:23:57,116] {logging_mixin.py:109} INFO - [2023-12-28 09:23:57,116] {dag.py:2287} INFO - Setting next_dagrun for example_task_group to 2023-12-26 00:00:00+00:00
[2023-12-28 09:23:57,133] {processor.py:170} INFO - Processing /home/airflow/.local/lib/python3.6/site-packages/airflow/example_dags/example_task_group.py took 0.086 seconds
[2023-12-28 09:24:27,731] {processor.py:162} INFO - Started process (PID=2188) to work on /home/airflow/.local/lib/python3.6/site-packages/airflow/example_dags/example_task_group.py
[2023-12-28 09:24:27,744] {processor.py:613} INFO - Processing file /home/airflow/.local/lib/python3.6/site-packages/airflow/example_dags/example_task_group.py for tasks to queue
[2023-12-28 09:24:27,745] {logging_mixin.py:109} INFO - [2023-12-28 09:24:27,744] {dagbag.py:496} INFO - Filling up the DagBag from /home/airflow/.local/lib/python3.6/site-packages/airflow/example_dags/example_task_group.py
[2023-12-28 09:24:27,762] {processor.py:623} INFO - DAG(s) dict_keys(['example_task_group']) retrieved from /home/airflow/.local/lib/python3.6/site-packages/airflow/example_dags/example_task_group.py
[2023-12-28 09:24:27,792] {logging_mixin.py:109} INFO - [2023-12-28 09:24:27,792] {dag.py:1834} INFO - Sync 1 DAGs
[2023-12-28 09:24:27,810] {logging_mixin.py:109} INFO - [2023-12-28 09:24:27,810] {dag.py:2287} INFO - Setting next_dagrun for example_task_group to 2023-12-26 00:00:00+00:00
[2023-12-28 09:24:27,828] {processor.py:170} INFO - Processing /home/airflow/.local/lib/python3.6/site-packages/airflow/example_dags/example_task_group.py took 0.101 seconds
[2023-12-28 09:24:58,236] {processor.py:162} INFO - Started process (PID=2383) to work on /home/airflow/.local/lib/python3.6/site-packages/airflow/example_dags/example_task_group.py
[2023-12-28 09:24:58,238] {processor.py:613} INFO - Processing file /home/airflow/.local/lib/python3.6/site-packages/airflow/example_dags/example_task_group.py for tasks to queue
[2023-12-28 09:24:58,238] {logging_mixin.py:109} INFO - [2023-12-28 09:24:58,238] {dagbag.py:496} INFO - Filling up the DagBag from /home/airflow/.local/lib/python3.6/site-packages/airflow/example_dags/example_task_group.py
[2023-12-28 09:24:58,256] {processor.py:623} INFO - DAG(s) dict_keys(['example_task_group']) retrieved from /home/airflow/.local/lib/python3.6/site-packages/airflow/example_dags/example_task_group.py
[2023-12-28 09:24:58,287] {logging_mixin.py:109} INFO - [2023-12-28 09:24:58,287] {dag.py:1834} INFO - Sync 1 DAGs
[2023-12-28 09:24:58,305] {logging_mixin.py:109} INFO - [2023-12-28 09:24:58,305] {dag.py:2287} INFO - Setting next_dagrun for example_task_group to 2023-12-26 00:00:00+00:00
[2023-12-28 09:24:58,327] {processor.py:170} INFO - Processing /home/airflow/.local/lib/python3.6/site-packages/airflow/example_dags/example_task_group.py took 0.094 seconds
[2023-12-28 09:25:28,538] {processor.py:162} INFO - Started process (PID=2588) to work on /home/airflow/.local/lib/python3.6/site-packages/airflow/example_dags/example_task_group.py
[2023-12-28 09:25:28,540] {processor.py:613} INFO - Processing file /home/airflow/.local/lib/python3.6/site-packages/airflow/example_dags/example_task_group.py for tasks to queue
[2023-12-28 09:25:28,541] {logging_mixin.py:109} INFO - [2023-12-28 09:25:28,541] {dagbag.py:496} INFO - Filling up the DagBag from /home/airflow/.local/lib/python3.6/site-packages/airflow/example_dags/example_task_group.py
[2023-12-28 09:25:28,558] {processor.py:623} INFO - DAG(s) dict_keys(['example_task_group']) retrieved from /home/airflow/.local/lib/python3.6/site-packages/airflow/example_dags/example_task_group.py
[2023-12-28 09:25:28,588] {logging_mixin.py:109} INFO - [2023-12-28 09:25:28,587] {dag.py:1834} INFO - Sync 1 DAGs
[2023-12-28 09:25:28,607] {logging_mixin.py:109} INFO - [2023-12-28 09:25:28,607] {dag.py:2287} INFO - Setting next_dagrun for example_task_group to 2023-12-26 00:00:00+00:00
[2023-12-28 09:25:28,624] {processor.py:170} INFO - Processing /home/airflow/.local/lib/python3.6/site-packages/airflow/example_dags/example_task_group.py took 0.092 seconds
[2023-12-28 09:25:58,733] {processor.py:162} INFO - Started process (PID=2783) to work on /home/airflow/.local/lib/python3.6/site-packages/airflow/example_dags/example_task_group.py
[2023-12-28 09:25:58,734] {processor.py:613} INFO - Processing file /home/airflow/.local/lib/python3.6/site-packages/airflow/example_dags/example_task_group.py for tasks to queue
[2023-12-28 09:25:58,735] {logging_mixin.py:109} INFO - [2023-12-28 09:25:58,735] {dagbag.py:496} INFO - Filling up the DagBag from /home/airflow/.local/lib/python3.6/site-packages/airflow/example_dags/example_task_group.py
[2023-12-28 09:25:58,752] {processor.py:623} INFO - DAG(s) dict_keys(['example_task_group']) retrieved from /home/airflow/.local/lib/python3.6/site-packages/airflow/example_dags/example_task_group.py
[2023-12-28 09:25:58,786] {logging_mixin.py:109} INFO - [2023-12-28 09:25:58,785] {dag.py:1834} INFO - Sync 1 DAGs
[2023-12-28 09:25:58,806] {logging_mixin.py:109} INFO - [2023-12-28 09:25:58,806] {dag.py:2287} INFO - Setting next_dagrun for example_task_group to 2023-12-26 00:00:00+00:00
[2023-12-28 09:25:58,823] {processor.py:170} INFO - Processing /home/airflow/.local/lib/python3.6/site-packages/airflow/example_dags/example_task_group.py took 0.094 seconds
[2023-12-28 09:26:29,267] {processor.py:162} INFO - Started process (PID=2988) to work on /home/airflow/.local/lib/python3.6/site-packages/airflow/example_dags/example_task_group.py
[2023-12-28 09:26:29,281] {processor.py:613} INFO - Processing file /home/airflow/.local/lib/python3.6/site-packages/airflow/example_dags/example_task_group.py for tasks to queue
[2023-12-28 09:26:29,282] {logging_mixin.py:109} INFO - [2023-12-28 09:26:29,282] {dagbag.py:496} INFO - Filling up the DagBag from /home/airflow/.local/lib/python3.6/site-packages/airflow/example_dags/example_task_group.py
[2023-12-28 09:26:29,295] {processor.py:623} INFO - DAG(s) dict_keys(['example_task_group']) retrieved from /home/airflow/.local/lib/python3.6/site-packages/airflow/example_dags/example_task_group.py
[2023-12-28 09:26:29,319] {logging_mixin.py:109} INFO - [2023-12-28 09:26:29,319] {dag.py:1834} INFO - Sync 1 DAGs
[2023-12-28 09:26:29,335] {logging_mixin.py:109} INFO - [2023-12-28 09:26:29,335] {dag.py:2287} INFO - Setting next_dagrun for example_task_group to 2023-12-26 00:00:00+00:00
[2023-12-28 09:26:29,348] {processor.py:170} INFO - Processing /home/airflow/.local/lib/python3.6/site-packages/airflow/example_dags/example_task_group.py took 0.083 seconds
[2023-12-28 09:26:59,749] {processor.py:162} INFO - Started process (PID=3183) to work on /home/airflow/.local/lib/python3.6/site-packages/airflow/example_dags/example_task_group.py
[2023-12-28 09:26:59,750] {processor.py:613} INFO - Processing file /home/airflow/.local/lib/python3.6/site-packages/airflow/example_dags/example_task_group.py for tasks to queue
[2023-12-28 09:26:59,751] {logging_mixin.py:109} INFO - [2023-12-28 09:26:59,751] {dagbag.py:496} INFO - Filling up the DagBag from /home/airflow/.local/lib/python3.6/site-packages/airflow/example_dags/example_task_group.py
[2023-12-28 09:26:59,769] {processor.py:623} INFO - DAG(s) dict_keys(['example_task_group']) retrieved from /home/airflow/.local/lib/python3.6/site-packages/airflow/example_dags/example_task_group.py
[2023-12-28 09:26:59,802] {logging_mixin.py:109} INFO - [2023-12-28 09:26:59,802] {dag.py:1834} INFO - Sync 1 DAGs
[2023-12-28 09:26:59,822] {logging_mixin.py:109} INFO - [2023-12-28 09:26:59,821] {dag.py:2287} INFO - Setting next_dagrun for example_task_group to 2023-12-26 00:00:00+00:00
[2023-12-28 09:26:59,839] {processor.py:170} INFO - Processing /home/airflow/.local/lib/python3.6/site-packages/airflow/example_dags/example_task_group.py took 0.094 seconds
[2023-12-28 09:27:30,279] {processor.py:162} INFO - Started process (PID=3378) to work on /home/airflow/.local/lib/python3.6/site-packages/airflow/example_dags/example_task_group.py
[2023-12-28 09:27:30,289] {processor.py:613} INFO - Processing file /home/airflow/.local/lib/python3.6/site-packages/airflow/example_dags/example_task_group.py for tasks to queue
[2023-12-28 09:27:30,290] {logging_mixin.py:109} INFO - [2023-12-28 09:27:30,290] {dagbag.py:496} INFO - Filling up the DagBag from /home/airflow/.local/lib/python3.6/site-packages/airflow/example_dags/example_task_group.py
[2023-12-28 09:27:30,301] {processor.py:623} INFO - DAG(s) dict_keys(['example_task_group']) retrieved from /home/airflow/.local/lib/python3.6/site-packages/airflow/example_dags/example_task_group.py
[2023-12-28 09:27:30,323] {logging_mixin.py:109} INFO - [2023-12-28 09:27:30,323] {dag.py:1834} INFO - Sync 1 DAGs
[2023-12-28 09:27:30,343] {logging_mixin.py:109} INFO - [2023-12-28 09:27:30,343] {dag.py:2287} INFO - Setting next_dagrun for example_task_group to 2023-12-26 00:00:00+00:00
[2023-12-28 09:27:30,361] {processor.py:170} INFO - Processing /home/airflow/.local/lib/python3.6/site-packages/airflow/example_dags/example_task_group.py took 0.084 seconds
[2023-12-28 09:28:00,962] {processor.py:162} INFO - Started process (PID=3583) to work on /home/airflow/.local/lib/python3.6/site-packages/airflow/example_dags/example_task_group.py
[2023-12-28 09:28:00,963] {processor.py:613} INFO - Processing file /home/airflow/.local/lib/python3.6/site-packages/airflow/example_dags/example_task_group.py for tasks to queue
[2023-12-28 09:28:00,964] {logging_mixin.py:109} INFO - [2023-12-28 09:28:00,964] {dagbag.py:496} INFO - Filling up the DagBag from /home/airflow/.local/lib/python3.6/site-packages/airflow/example_dags/example_task_group.py
[2023-12-28 09:28:00,979] {processor.py:623} INFO - DAG(s) dict_keys(['example_task_group']) retrieved from /home/airflow/.local/lib/python3.6/site-packages/airflow/example_dags/example_task_group.py
[2023-12-28 09:28:01,006] {logging_mixin.py:109} INFO - [2023-12-28 09:28:01,006] {dag.py:1834} INFO - Sync 1 DAGs
[2023-12-28 09:28:01,022] {logging_mixin.py:109} INFO - [2023-12-28 09:28:01,022] {dag.py:2287} INFO - Setting next_dagrun for example_task_group to 2023-12-26 00:00:00+00:00
[2023-12-28 09:28:01,036] {processor.py:170} INFO - Processing /home/airflow/.local/lib/python3.6/site-packages/airflow/example_dags/example_task_group.py took 0.077 seconds
[2023-12-28 09:28:31,082] {processor.py:162} INFO - Started process (PID=3778) to work on /home/airflow/.local/lib/python3.6/site-packages/airflow/example_dags/example_task_group.py
[2023-12-28 09:28:31,084] {processor.py:613} INFO - Processing file /home/airflow/.local/lib/python3.6/site-packages/airflow/example_dags/example_task_group.py for tasks to queue
[2023-12-28 09:28:31,085] {logging_mixin.py:109} INFO - [2023-12-28 09:28:31,085] {dagbag.py:496} INFO - Filling up the DagBag from /home/airflow/.local/lib/python3.6/site-packages/airflow/example_dags/example_task_group.py
[2023-12-28 09:28:31,105] {processor.py:623} INFO - DAG(s) dict_keys(['example_task_group']) retrieved from /home/airflow/.local/lib/python3.6/site-packages/airflow/example_dags/example_task_group.py
[2023-12-28 09:28:31,136] {logging_mixin.py:109} INFO - [2023-12-28 09:28:31,136] {dag.py:1834} INFO - Sync 1 DAGs
[2023-12-28 09:28:31,154] {logging_mixin.py:109} INFO - [2023-12-28 09:28:31,154] {dag.py:2287} INFO - Setting next_dagrun for example_task_group to 2023-12-26 00:00:00+00:00
[2023-12-28 09:28:31,172] {processor.py:170} INFO - Processing /home/airflow/.local/lib/python3.6/site-packages/airflow/example_dags/example_task_group.py took 0.094 seconds
[2023-12-28 09:29:01,538] {processor.py:162} INFO - Started process (PID=3983) to work on /home/airflow/.local/lib/python3.6/site-packages/airflow/example_dags/example_task_group.py
[2023-12-28 09:29:01,540] {processor.py:613} INFO - Processing file /home/airflow/.local/lib/python3.6/site-packages/airflow/example_dags/example_task_group.py for tasks to queue
[2023-12-28 09:29:01,540] {logging_mixin.py:109} INFO - [2023-12-28 09:29:01,540] {dagbag.py:496} INFO - Filling up the DagBag from /home/airflow/.local/lib/python3.6/site-packages/airflow/example_dags/example_task_group.py
[2023-12-28 09:29:01,556] {processor.py:623} INFO - DAG(s) dict_keys(['example_task_group']) retrieved from /home/airflow/.local/lib/python3.6/site-packages/airflow/example_dags/example_task_group.py
[2023-12-28 09:29:01,590] {logging_mixin.py:109} INFO - [2023-12-28 09:29:01,590] {dag.py:1834} INFO - Sync 1 DAGs
[2023-12-28 09:29:01,609] {logging_mixin.py:109} INFO - [2023-12-28 09:29:01,608] {dag.py:2287} INFO - Setting next_dagrun for example_task_group to 2023-12-26 00:00:00+00:00
[2023-12-28 09:29:01,626] {processor.py:170} INFO - Processing /home/airflow/.local/lib/python3.6/site-packages/airflow/example_dags/example_task_group.py took 0.091 seconds
[2023-12-28 09:29:32,075] {processor.py:162} INFO - Started process (PID=4178) to work on /home/airflow/.local/lib/python3.6/site-packages/airflow/example_dags/example_task_group.py
[2023-12-28 09:29:32,088] {processor.py:613} INFO - Processing file /home/airflow/.local/lib/python3.6/site-packages/airflow/example_dags/example_task_group.py for tasks to queue
[2023-12-28 09:29:32,089] {logging_mixin.py:109} INFO - [2023-12-28 09:29:32,089] {dagbag.py:496} INFO - Filling up the DagBag from /home/airflow/.local/lib/python3.6/site-packages/airflow/example_dags/example_task_group.py
[2023-12-28 09:29:32,104] {processor.py:623} INFO - DAG(s) dict_keys(['example_task_group']) retrieved from /home/airflow/.local/lib/python3.6/site-packages/airflow/example_dags/example_task_group.py
[2023-12-28 09:29:32,137] {logging_mixin.py:109} INFO - [2023-12-28 09:29:32,136] {dag.py:1834} INFO - Sync 1 DAGs
[2023-12-28 09:29:32,154] {logging_mixin.py:109} INFO - [2023-12-28 09:29:32,154] {dag.py:2287} INFO - Setting next_dagrun for example_task_group to 2023-12-26 00:00:00+00:00
[2023-12-28 09:29:32,171] {processor.py:170} INFO - Processing /home/airflow/.local/lib/python3.6/site-packages/airflow/example_dags/example_task_group.py took 0.099 seconds
[2023-12-28 09:30:02,282] {processor.py:162} INFO - Started process (PID=4382) to work on /home/airflow/.local/lib/python3.6/site-packages/airflow/example_dags/example_task_group.py
[2023-12-28 09:30:02,283] {processor.py:613} INFO - Processing file /home/airflow/.local/lib/python3.6/site-packages/airflow/example_dags/example_task_group.py for tasks to queue
[2023-12-28 09:30:02,283] {logging_mixin.py:109} INFO - [2023-12-28 09:30:02,283] {dagbag.py:496} INFO - Filling up the DagBag from /home/airflow/.local/lib/python3.6/site-packages/airflow/example_dags/example_task_group.py
[2023-12-28 09:30:02,298] {processor.py:623} INFO - DAG(s) dict_keys(['example_task_group']) retrieved from /home/airflow/.local/lib/python3.6/site-packages/airflow/example_dags/example_task_group.py
[2023-12-28 09:30:02,323] {logging_mixin.py:109} INFO - [2023-12-28 09:30:02,323] {dag.py:1834} INFO - Sync 1 DAGs
[2023-12-28 09:30:02,337] {logging_mixin.py:109} INFO - [2023-12-28 09:30:02,337] {dag.py:2287} INFO - Setting next_dagrun for example_task_group to 2023-12-26 00:00:00+00:00
[2023-12-28 09:30:02,351] {processor.py:170} INFO - Processing /home/airflow/.local/lib/python3.6/site-packages/airflow/example_dags/example_task_group.py took 0.072 seconds
[2023-12-28 09:30:32,528] {processor.py:162} INFO - Started process (PID=4578) to work on /home/airflow/.local/lib/python3.6/site-packages/airflow/example_dags/example_task_group.py
[2023-12-28 09:30:32,541] {processor.py:613} INFO - Processing file /home/airflow/.local/lib/python3.6/site-packages/airflow/example_dags/example_task_group.py for tasks to queue
[2023-12-28 09:30:32,542] {logging_mixin.py:109} INFO - [2023-12-28 09:30:32,542] {dagbag.py:496} INFO - Filling up the DagBag from /home/airflow/.local/lib/python3.6/site-packages/airflow/example_dags/example_task_group.py
[2023-12-28 09:30:32,565] {processor.py:623} INFO - DAG(s) dict_keys(['example_task_group']) retrieved from /home/airflow/.local/lib/python3.6/site-packages/airflow/example_dags/example_task_group.py
[2023-12-28 09:30:32,595] {logging_mixin.py:109} INFO - [2023-12-28 09:30:32,595] {dag.py:1834} INFO - Sync 1 DAGs
[2023-12-28 09:30:32,613] {logging_mixin.py:109} INFO - [2023-12-28 09:30:32,613] {dag.py:2287} INFO - Setting next_dagrun for example_task_group to 2023-12-26 00:00:00+00:00
[2023-12-28 09:30:32,629] {processor.py:170} INFO - Processing /home/airflow/.local/lib/python3.6/site-packages/airflow/example_dags/example_task_group.py took 0.106 seconds
[2023-12-28 09:31:03,075] {processor.py:162} INFO - Started process (PID=4773) to work on /home/airflow/.local/lib/python3.6/site-packages/airflow/example_dags/example_task_group.py
[2023-12-28 09:31:03,077] {processor.py:613} INFO - Processing file /home/airflow/.local/lib/python3.6/site-packages/airflow/example_dags/example_task_group.py for tasks to queue
[2023-12-28 09:31:03,078] {logging_mixin.py:109} INFO - [2023-12-28 09:31:03,077] {dagbag.py:496} INFO - Filling up the DagBag from /home/airflow/.local/lib/python3.6/site-packages/airflow/example_dags/example_task_group.py
[2023-12-28 09:31:03,097] {processor.py:623} INFO - DAG(s) dict_keys(['example_task_group']) retrieved from /home/airflow/.local/lib/python3.6/site-packages/airflow/example_dags/example_task_group.py
[2023-12-28 09:31:03,130] {logging_mixin.py:109} INFO - [2023-12-28 09:31:03,129] {dag.py:1834} INFO - Sync 1 DAGs
[2023-12-28 09:31:03,148] {logging_mixin.py:109} INFO - [2023-12-28 09:31:03,148] {dag.py:2287} INFO - Setting next_dagrun for example_task_group to 2023-12-26 00:00:00+00:00
[2023-12-28 09:31:03,181] {processor.py:170} INFO - Processing /home/airflow/.local/lib/python3.6/site-packages/airflow/example_dags/example_task_group.py took 0.109 seconds
[2023-12-28 09:31:33,313] {processor.py:162} INFO - Started process (PID=4978) to work on /home/airflow/.local/lib/python3.6/site-packages/airflow/example_dags/example_task_group.py
[2023-12-28 09:31:33,316] {processor.py:613} INFO - Processing file /home/airflow/.local/lib/python3.6/site-packages/airflow/example_dags/example_task_group.py for tasks to queue
[2023-12-28 09:31:33,317] {logging_mixin.py:109} INFO - [2023-12-28 09:31:33,316] {dagbag.py:496} INFO - Filling up the DagBag from /home/airflow/.local/lib/python3.6/site-packages/airflow/example_dags/example_task_group.py
[2023-12-28 09:31:33,335] {processor.py:623} INFO - DAG(s) dict_keys(['example_task_group']) retrieved from /home/airflow/.local/lib/python3.6/site-packages/airflow/example_dags/example_task_group.py
[2023-12-28 09:31:33,366] {logging_mixin.py:109} INFO - [2023-12-28 09:31:33,365] {dag.py:1834} INFO - Sync 1 DAGs
[2023-12-28 09:31:33,385] {logging_mixin.py:109} INFO - [2023-12-28 09:31:33,384] {dag.py:2287} INFO - Setting next_dagrun for example_task_group to 2023-12-26 00:00:00+00:00
[2023-12-28 09:31:33,402] {processor.py:170} INFO - Processing /home/airflow/.local/lib/python3.6/site-packages/airflow/example_dags/example_task_group.py took 0.092 seconds
[2023-12-28 09:32:03,516] {processor.py:162} INFO - Started process (PID=5173) to work on /home/airflow/.local/lib/python3.6/site-packages/airflow/example_dags/example_task_group.py
[2023-12-28 09:32:03,518] {processor.py:613} INFO - Processing file /home/airflow/.local/lib/python3.6/site-packages/airflow/example_dags/example_task_group.py for tasks to queue
[2023-12-28 09:32:03,518] {logging_mixin.py:109} INFO - [2023-12-28 09:32:03,518] {dagbag.py:496} INFO - Filling up the DagBag from /home/airflow/.local/lib/python3.6/site-packages/airflow/example_dags/example_task_group.py
[2023-12-28 09:32:03,538] {processor.py:623} INFO - DAG(s) dict_keys(['example_task_group']) retrieved from /home/airflow/.local/lib/python3.6/site-packages/airflow/example_dags/example_task_group.py
[2023-12-28 09:32:03,561] {logging_mixin.py:109} INFO - [2023-12-28 09:32:03,561] {dag.py:1834} INFO - Sync 1 DAGs
[2023-12-28 09:32:03,576] {logging_mixin.py:109} INFO - [2023-12-28 09:32:03,576] {dag.py:2287} INFO - Setting next_dagrun for example_task_group to 2023-12-26 00:00:00+00:00
[2023-12-28 09:32:03,590] {processor.py:170} INFO - Processing /home/airflow/.local/lib/python3.6/site-packages/airflow/example_dags/example_task_group.py took 0.076 seconds
[2023-12-28 09:32:33,624] {processor.py:162} INFO - Started process (PID=5377) to work on /home/airflow/.local/lib/python3.6/site-packages/airflow/example_dags/example_task_group.py
[2023-12-28 09:32:33,626] {processor.py:613} INFO - Processing file /home/airflow/.local/lib/python3.6/site-packages/airflow/example_dags/example_task_group.py for tasks to queue
[2023-12-28 09:32:33,627] {logging_mixin.py:109} INFO - [2023-12-28 09:32:33,627] {dagbag.py:496} INFO - Filling up the DagBag from /home/airflow/.local/lib/python3.6/site-packages/airflow/example_dags/example_task_group.py
[2023-12-28 09:32:33,644] {processor.py:623} INFO - DAG(s) dict_keys(['example_task_group']) retrieved from /home/airflow/.local/lib/python3.6/site-packages/airflow/example_dags/example_task_group.py
[2023-12-28 09:32:33,673] {logging_mixin.py:109} INFO - [2023-12-28 09:32:33,672] {dag.py:1834} INFO - Sync 1 DAGs
[2023-12-28 09:32:33,691] {logging_mixin.py:109} INFO - [2023-12-28 09:32:33,691] {dag.py:2287} INFO - Setting next_dagrun for example_task_group to 2023-12-26 00:00:00+00:00
[2023-12-28 09:32:33,706] {processor.py:170} INFO - Processing /home/airflow/.local/lib/python3.6/site-packages/airflow/example_dags/example_task_group.py took 0.085 seconds
[2023-12-28 09:33:03,950] {processor.py:162} INFO - Started process (PID=5571) to work on /home/airflow/.local/lib/python3.6/site-packages/airflow/example_dags/example_task_group.py
[2023-12-28 09:33:03,951] {processor.py:613} INFO - Processing file /home/airflow/.local/lib/python3.6/site-packages/airflow/example_dags/example_task_group.py for tasks to queue
[2023-12-28 09:33:03,952] {logging_mixin.py:109} INFO - [2023-12-28 09:33:03,952] {dagbag.py:496} INFO - Filling up the DagBag from /home/airflow/.local/lib/python3.6/site-packages/airflow/example_dags/example_task_group.py
[2023-12-28 09:33:03,969] {processor.py:623} INFO - DAG(s) dict_keys(['example_task_group']) retrieved from /home/airflow/.local/lib/python3.6/site-packages/airflow/example_dags/example_task_group.py
[2023-12-28 09:33:03,993] {logging_mixin.py:109} INFO - [2023-12-28 09:33:03,993] {dag.py:1834} INFO - Sync 1 DAGs
[2023-12-28 09:33:04,008] {logging_mixin.py:109} INFO - [2023-12-28 09:33:04,008] {dag.py:2287} INFO - Setting next_dagrun for example_task_group to 2023-12-26 00:00:00+00:00
[2023-12-28 09:33:04,022] {processor.py:170} INFO - Processing /home/airflow/.local/lib/python3.6/site-packages/airflow/example_dags/example_task_group.py took 0.075 seconds
[2023-12-28 09:33:34,248] {processor.py:162} INFO - Started process (PID=5766) to work on /home/airflow/.local/lib/python3.6/site-packages/airflow/example_dags/example_task_group.py
[2023-12-28 09:33:34,251] {processor.py:613} INFO - Processing file /home/airflow/.local/lib/python3.6/site-packages/airflow/example_dags/example_task_group.py for tasks to queue
[2023-12-28 09:33:34,253] {logging_mixin.py:109} INFO - [2023-12-28 09:33:34,253] {dagbag.py:496} INFO - Filling up the DagBag from /home/airflow/.local/lib/python3.6/site-packages/airflow/example_dags/example_task_group.py
[2023-12-28 09:33:34,278] {processor.py:623} INFO - DAG(s) dict_keys(['example_task_group']) retrieved from /home/airflow/.local/lib/python3.6/site-packages/airflow/example_dags/example_task_group.py
[2023-12-28 09:33:34,311] {logging_mixin.py:109} INFO - [2023-12-28 09:33:34,311] {dag.py:1834} INFO - Sync 1 DAGs
[2023-12-28 09:33:34,329] {logging_mixin.py:109} INFO - [2023-12-28 09:33:34,329] {dag.py:2287} INFO - Setting next_dagrun for example_task_group to 2023-12-26 00:00:00+00:00
[2023-12-28 09:33:34,347] {processor.py:170} INFO - Processing /home/airflow/.local/lib/python3.6/site-packages/airflow/example_dags/example_task_group.py took 0.104 seconds
[2023-12-28 09:34:04,528] {processor.py:162} INFO - Started process (PID=5971) to work on /home/airflow/.local/lib/python3.6/site-packages/airflow/example_dags/example_task_group.py
[2023-12-28 09:34:04,529] {processor.py:613} INFO - Processing file /home/airflow/.local/lib/python3.6/site-packages/airflow/example_dags/example_task_group.py for tasks to queue
[2023-12-28 09:34:04,530] {logging_mixin.py:109} INFO - [2023-12-28 09:34:04,530] {dagbag.py:496} INFO - Filling up the DagBag from /home/airflow/.local/lib/python3.6/site-packages/airflow/example_dags/example_task_group.py
[2023-12-28 09:34:04,554] {processor.py:623} INFO - DAG(s) dict_keys(['example_task_group']) retrieved from /home/airflow/.local/lib/python3.6/site-packages/airflow/example_dags/example_task_group.py
[2023-12-28 09:34:04,590] {logging_mixin.py:109} INFO - [2023-12-28 09:34:04,590] {dag.py:1834} INFO - Sync 1 DAGs
[2023-12-28 09:34:04,608] {logging_mixin.py:109} INFO - [2023-12-28 09:34:04,608] {dag.py:2287} INFO - Setting next_dagrun for example_task_group to 2023-12-26 00:00:00+00:00
[2023-12-28 09:34:04,624] {processor.py:170} INFO - Processing /home/airflow/.local/lib/python3.6/site-packages/airflow/example_dags/example_task_group.py took 0.100 seconds
[2023-12-28 09:34:34,734] {processor.py:162} INFO - Started process (PID=6168) to work on /home/airflow/.local/lib/python3.6/site-packages/airflow/example_dags/example_task_group.py
[2023-12-28 09:34:34,735] {processor.py:613} INFO - Processing file /home/airflow/.local/lib/python3.6/site-packages/airflow/example_dags/example_task_group.py for tasks to queue
[2023-12-28 09:34:34,736] {logging_mixin.py:109} INFO - [2023-12-28 09:34:34,736] {dagbag.py:496} INFO - Filling up the DagBag from /home/airflow/.local/lib/python3.6/site-packages/airflow/example_dags/example_task_group.py
[2023-12-28 09:34:34,751] {processor.py:623} INFO - DAG(s) dict_keys(['example_task_group']) retrieved from /home/airflow/.local/lib/python3.6/site-packages/airflow/example_dags/example_task_group.py
[2023-12-28 09:34:34,775] {logging_mixin.py:109} INFO - [2023-12-28 09:34:34,775] {dag.py:1834} INFO - Sync 1 DAGs
[2023-12-28 09:34:34,791] {logging_mixin.py:109} INFO - [2023-12-28 09:34:34,791] {dag.py:2287} INFO - Setting next_dagrun for example_task_group to 2023-12-26 00:00:00+00:00
[2023-12-28 09:34:34,804] {processor.py:170} INFO - Processing /home/airflow/.local/lib/python3.6/site-packages/airflow/example_dags/example_task_group.py took 0.073 seconds
[2023-12-28 09:35:04,855] {processor.py:162} INFO - Started process (PID=6371) to work on /home/airflow/.local/lib/python3.6/site-packages/airflow/example_dags/example_task_group.py
[2023-12-28 09:35:04,857] {processor.py:613} INFO - Processing file /home/airflow/.local/lib/python3.6/site-packages/airflow/example_dags/example_task_group.py for tasks to queue
[2023-12-28 09:35:04,858] {logging_mixin.py:109} INFO - [2023-12-28 09:35:04,857] {dagbag.py:496} INFO - Filling up the DagBag from /home/airflow/.local/lib/python3.6/site-packages/airflow/example_dags/example_task_group.py
[2023-12-28 09:35:04,880] {processor.py:623} INFO - DAG(s) dict_keys(['example_task_group']) retrieved from /home/airflow/.local/lib/python3.6/site-packages/airflow/example_dags/example_task_group.py
[2023-12-28 09:35:04,908] {logging_mixin.py:109} INFO - [2023-12-28 09:35:04,908] {dag.py:1834} INFO - Sync 1 DAGs
[2023-12-28 09:35:04,924] {logging_mixin.py:109} INFO - [2023-12-28 09:35:04,924] {dag.py:2287} INFO - Setting next_dagrun for example_task_group to 2023-12-26 00:00:00+00:00
[2023-12-28 09:35:04,938] {processor.py:170} INFO - Processing /home/airflow/.local/lib/python3.6/site-packages/airflow/example_dags/example_task_group.py took 0.087 seconds
[2023-12-28 09:35:35,053] {processor.py:162} INFO - Started process (PID=6566) to work on /home/airflow/.local/lib/python3.6/site-packages/airflow/example_dags/example_task_group.py
[2023-12-28 09:35:35,054] {processor.py:613} INFO - Processing file /home/airflow/.local/lib/python3.6/site-packages/airflow/example_dags/example_task_group.py for tasks to queue
[2023-12-28 09:35:35,055] {logging_mixin.py:109} INFO - [2023-12-28 09:35:35,055] {dagbag.py:496} INFO - Filling up the DagBag from /home/airflow/.local/lib/python3.6/site-packages/airflow/example_dags/example_task_group.py
[2023-12-28 09:35:35,074] {processor.py:623} INFO - DAG(s) dict_keys(['example_task_group']) retrieved from /home/airflow/.local/lib/python3.6/site-packages/airflow/example_dags/example_task_group.py
[2023-12-28 09:35:35,101] {logging_mixin.py:109} INFO - [2023-12-28 09:35:35,101] {dag.py:1834} INFO - Sync 1 DAGs
[2023-12-28 09:35:35,118] {logging_mixin.py:109} INFO - [2023-12-28 09:35:35,117] {dag.py:2287} INFO - Setting next_dagrun for example_task_group to 2023-12-26 00:00:00+00:00
[2023-12-28 09:35:35,133] {processor.py:170} INFO - Processing /home/airflow/.local/lib/python3.6/site-packages/airflow/example_dags/example_task_group.py took 0.083 seconds
[2023-12-28 09:36:05,181] {processor.py:162} INFO - Started process (PID=6761) to work on /home/airflow/.local/lib/python3.6/site-packages/airflow/example_dags/example_task_group.py
[2023-12-28 09:36:05,183] {processor.py:613} INFO - Processing file /home/airflow/.local/lib/python3.6/site-packages/airflow/example_dags/example_task_group.py for tasks to queue
[2023-12-28 09:36:05,183] {logging_mixin.py:109} INFO - [2023-12-28 09:36:05,183] {dagbag.py:496} INFO - Filling up the DagBag from /home/airflow/.local/lib/python3.6/site-packages/airflow/example_dags/example_task_group.py
[2023-12-28 09:36:05,199] {processor.py:623} INFO - DAG(s) dict_keys(['example_task_group']) retrieved from /home/airflow/.local/lib/python3.6/site-packages/airflow/example_dags/example_task_group.py
[2023-12-28 09:36:05,224] {logging_mixin.py:109} INFO - [2023-12-28 09:36:05,224] {dag.py:1834} INFO - Sync 1 DAGs
[2023-12-28 09:36:05,239] {logging_mixin.py:109} INFO - [2023-12-28 09:36:05,238] {dag.py:2287} INFO - Setting next_dagrun for example_task_group to 2023-12-26 00:00:00+00:00
[2023-12-28 09:36:05,252] {processor.py:170} INFO - Processing /home/airflow/.local/lib/python3.6/site-packages/airflow/example_dags/example_task_group.py took 0.073 seconds
[2023-12-28 09:36:35,541] {processor.py:162} INFO - Started process (PID=6966) to work on /home/airflow/.local/lib/python3.6/site-packages/airflow/example_dags/example_task_group.py
[2023-12-28 09:36:35,544] {processor.py:613} INFO - Processing file /home/airflow/.local/lib/python3.6/site-packages/airflow/example_dags/example_task_group.py for tasks to queue
[2023-12-28 09:36:35,545] {logging_mixin.py:109} INFO - [2023-12-28 09:36:35,545] {dagbag.py:496} INFO - Filling up the DagBag from /home/airflow/.local/lib/python3.6/site-packages/airflow/example_dags/example_task_group.py
[2023-12-28 09:36:35,564] {processor.py:623} INFO - DAG(s) dict_keys(['example_task_group']) retrieved from /home/airflow/.local/lib/python3.6/site-packages/airflow/example_dags/example_task_group.py
[2023-12-28 09:36:35,597] {logging_mixin.py:109} INFO - [2023-12-28 09:36:35,597] {dag.py:1834} INFO - Sync 1 DAGs
[2023-12-28 09:36:35,616] {logging_mixin.py:109} INFO - [2023-12-28 09:36:35,616] {dag.py:2287} INFO - Setting next_dagrun for example_task_group to 2023-12-26 00:00:00+00:00
[2023-12-28 09:36:35,633] {processor.py:170} INFO - Processing /home/airflow/.local/lib/python3.6/site-packages/airflow/example_dags/example_task_group.py took 0.097 seconds
[2023-12-28 09:37:06,218] {processor.py:162} INFO - Started process (PID=7161) to work on /home/airflow/.local/lib/python3.6/site-packages/airflow/example_dags/example_task_group.py
[2023-12-28 09:37:06,219] {processor.py:613} INFO - Processing file /home/airflow/.local/lib/python3.6/site-packages/airflow/example_dags/example_task_group.py for tasks to queue
[2023-12-28 09:37:06,220] {logging_mixin.py:109} INFO - [2023-12-28 09:37:06,219] {dagbag.py:496} INFO - Filling up the DagBag from /home/airflow/.local/lib/python3.6/site-packages/airflow/example_dags/example_task_group.py
[2023-12-28 09:37:06,236] {processor.py:623} INFO - DAG(s) dict_keys(['example_task_group']) retrieved from /home/airflow/.local/lib/python3.6/site-packages/airflow/example_dags/example_task_group.py
[2023-12-28 09:37:06,263] {logging_mixin.py:109} INFO - [2023-12-28 09:37:06,263] {dag.py:1834} INFO - Sync 1 DAGs
[2023-12-28 09:37:06,278] {logging_mixin.py:109} INFO - [2023-12-28 09:37:06,278] {dag.py:2287} INFO - Setting next_dagrun for example_task_group to 2023-12-26 00:00:00+00:00
[2023-12-28 09:37:06,292] {processor.py:170} INFO - Processing /home/airflow/.local/lib/python3.6/site-packages/airflow/example_dags/example_task_group.py took 0.077 seconds
[2023-12-28 09:37:36,404] {processor.py:162} INFO - Started process (PID=7356) to work on /home/airflow/.local/lib/python3.6/site-packages/airflow/example_dags/example_task_group.py
[2023-12-28 09:37:36,406] {processor.py:613} INFO - Processing file /home/airflow/.local/lib/python3.6/site-packages/airflow/example_dags/example_task_group.py for tasks to queue
[2023-12-28 09:37:36,408] {logging_mixin.py:109} INFO - [2023-12-28 09:37:36,407] {dagbag.py:496} INFO - Filling up the DagBag from /home/airflow/.local/lib/python3.6/site-packages/airflow/example_dags/example_task_group.py
[2023-12-28 09:37:36,429] {processor.py:623} INFO - DAG(s) dict_keys(['example_task_group']) retrieved from /home/airflow/.local/lib/python3.6/site-packages/airflow/example_dags/example_task_group.py
[2023-12-28 09:37:36,478] {logging_mixin.py:109} INFO - [2023-12-28 09:37:36,478] {dag.py:1834} INFO - Sync 1 DAGs
[2023-12-28 09:37:36,499] {logging_mixin.py:109} INFO - [2023-12-28 09:37:36,499] {dag.py:2287} INFO - Setting next_dagrun for example_task_group to 2023-12-26 00:00:00+00:00
[2023-12-28 09:37:36,515] {processor.py:170} INFO - Processing /home/airflow/.local/lib/python3.6/site-packages/airflow/example_dags/example_task_group.py took 0.115 seconds
[2023-12-28 09:38:06,603] {processor.py:162} INFO - Started process (PID=7561) to work on /home/airflow/.local/lib/python3.6/site-packages/airflow/example_dags/example_task_group.py
[2023-12-28 09:38:06,604] {processor.py:613} INFO - Processing file /home/airflow/.local/lib/python3.6/site-packages/airflow/example_dags/example_task_group.py for tasks to queue
[2023-12-28 09:38:06,605] {logging_mixin.py:109} INFO - [2023-12-28 09:38:06,605] {dagbag.py:496} INFO - Filling up the DagBag from /home/airflow/.local/lib/python3.6/site-packages/airflow/example_dags/example_task_group.py
[2023-12-28 09:38:06,620] {processor.py:623} INFO - DAG(s) dict_keys(['example_task_group']) retrieved from /home/airflow/.local/lib/python3.6/site-packages/airflow/example_dags/example_task_group.py
[2023-12-28 09:38:06,645] {logging_mixin.py:109} INFO - [2023-12-28 09:38:06,645] {dag.py:1834} INFO - Sync 1 DAGs
[2023-12-28 09:38:06,664] {logging_mixin.py:109} INFO - [2023-12-28 09:38:06,664] {dag.py:2287} INFO - Setting next_dagrun for example_task_group to 2023-12-26 00:00:00+00:00
[2023-12-28 09:38:06,678] {processor.py:170} INFO - Processing /home/airflow/.local/lib/python3.6/site-packages/airflow/example_dags/example_task_group.py took 0.077 seconds
[2023-12-28 09:38:37,047] {processor.py:162} INFO - Started process (PID=7756) to work on /home/airflow/.local/lib/python3.6/site-packages/airflow/example_dags/example_task_group.py
[2023-12-28 09:38:37,048] {processor.py:613} INFO - Processing file /home/airflow/.local/lib/python3.6/site-packages/airflow/example_dags/example_task_group.py for tasks to queue
[2023-12-28 09:38:37,049] {logging_mixin.py:109} INFO - [2023-12-28 09:38:37,049] {dagbag.py:496} INFO - Filling up the DagBag from /home/airflow/.local/lib/python3.6/site-packages/airflow/example_dags/example_task_group.py
[2023-12-28 09:38:37,069] {processor.py:623} INFO - DAG(s) dict_keys(['example_task_group']) retrieved from /home/airflow/.local/lib/python3.6/site-packages/airflow/example_dags/example_task_group.py
[2023-12-28 09:38:37,095] {logging_mixin.py:109} INFO - [2023-12-28 09:38:37,095] {dag.py:1834} INFO - Sync 1 DAGs
[2023-12-28 09:38:37,110] {logging_mixin.py:109} INFO - [2023-12-28 09:38:37,110] {dag.py:2287} INFO - Setting next_dagrun for example_task_group to 2023-12-26 00:00:00+00:00
[2023-12-28 09:38:37,124] {processor.py:170} INFO - Processing /home/airflow/.local/lib/python3.6/site-packages/airflow/example_dags/example_task_group.py took 0.080 seconds
[2023-12-28 09:39:07,475] {processor.py:162} INFO - Started process (PID=7961) to work on /home/airflow/.local/lib/python3.6/site-packages/airflow/example_dags/example_task_group.py
[2023-12-28 09:39:07,479] {processor.py:613} INFO - Processing file /home/airflow/.local/lib/python3.6/site-packages/airflow/example_dags/example_task_group.py for tasks to queue
[2023-12-28 09:39:07,480] {logging_mixin.py:109} INFO - [2023-12-28 09:39:07,480] {dagbag.py:496} INFO - Filling up the DagBag from /home/airflow/.local/lib/python3.6/site-packages/airflow/example_dags/example_task_group.py
[2023-12-28 09:39:07,516] {processor.py:623} INFO - DAG(s) dict_keys(['example_task_group']) retrieved from /home/airflow/.local/lib/python3.6/site-packages/airflow/example_dags/example_task_group.py
[2023-12-28 09:39:07,561] {logging_mixin.py:109} INFO - [2023-12-28 09:39:07,561] {dag.py:1834} INFO - Sync 1 DAGs
[2023-12-28 09:39:07,590] {logging_mixin.py:109} INFO - [2023-12-28 09:39:07,590] {dag.py:2287} INFO - Setting next_dagrun for example_task_group to 2023-12-26 00:00:00+00:00
[2023-12-28 09:39:07,610] {processor.py:170} INFO - Processing /home/airflow/.local/lib/python3.6/site-packages/airflow/example_dags/example_task_group.py took 0.144 seconds
[2023-12-28 09:39:38,575] {processor.py:162} INFO - Started process (PID=8155) to work on /home/airflow/.local/lib/python3.6/site-packages/airflow/example_dags/example_task_group.py
[2023-12-28 09:39:38,576] {processor.py:613} INFO - Processing file /home/airflow/.local/lib/python3.6/site-packages/airflow/example_dags/example_task_group.py for tasks to queue
[2023-12-28 09:39:38,577] {logging_mixin.py:109} INFO - [2023-12-28 09:39:38,576] {dagbag.py:496} INFO - Filling up the DagBag from /home/airflow/.local/lib/python3.6/site-packages/airflow/example_dags/example_task_group.py
[2023-12-28 09:39:38,590] {processor.py:623} INFO - DAG(s) dict_keys(['example_task_group']) retrieved from /home/airflow/.local/lib/python3.6/site-packages/airflow/example_dags/example_task_group.py
[2023-12-28 09:39:38,612] {logging_mixin.py:109} INFO - [2023-12-28 09:39:38,612] {dag.py:1834} INFO - Sync 1 DAGs
[2023-12-28 09:39:38,626] {logging_mixin.py:109} INFO - [2023-12-28 09:39:38,626] {dag.py:2287} INFO - Setting next_dagrun for example_task_group to 2023-12-26 00:00:00+00:00
[2023-12-28 09:39:38,637] {processor.py:170} INFO - Processing /home/airflow/.local/lib/python3.6/site-packages/airflow/example_dags/example_task_group.py took 0.065 seconds
[2023-12-28 09:40:08,759] {processor.py:162} INFO - Started process (PID=8360) to work on /home/airflow/.local/lib/python3.6/site-packages/airflow/example_dags/example_task_group.py
[2023-12-28 09:40:08,761] {processor.py:613} INFO - Processing file /home/airflow/.local/lib/python3.6/site-packages/airflow/example_dags/example_task_group.py for tasks to queue
[2023-12-28 09:40:08,762] {logging_mixin.py:109} INFO - [2023-12-28 09:40:08,761] {dagbag.py:496} INFO - Filling up the DagBag from /home/airflow/.local/lib/python3.6/site-packages/airflow/example_dags/example_task_group.py
[2023-12-28 09:40:08,777] {processor.py:623} INFO - DAG(s) dict_keys(['example_task_group']) retrieved from /home/airflow/.local/lib/python3.6/site-packages/airflow/example_dags/example_task_group.py
[2023-12-28 09:40:08,803] {logging_mixin.py:109} INFO - [2023-12-28 09:40:08,803] {dag.py:1834} INFO - Sync 1 DAGs
[2023-12-28 09:40:08,818] {logging_mixin.py:109} INFO - [2023-12-28 09:40:08,818] {dag.py:2287} INFO - Setting next_dagrun for example_task_group to 2023-12-26 00:00:00+00:00
[2023-12-28 09:40:08,832] {processor.py:170} INFO - Processing /home/airflow/.local/lib/python3.6/site-packages/airflow/example_dags/example_task_group.py took 0.076 seconds
[2023-12-28 09:40:39,063] {processor.py:162} INFO - Started process (PID=8555) to work on /home/airflow/.local/lib/python3.6/site-packages/airflow/example_dags/example_task_group.py
[2023-12-28 09:40:39,064] {processor.py:613} INFO - Processing file /home/airflow/.local/lib/python3.6/site-packages/airflow/example_dags/example_task_group.py for tasks to queue
[2023-12-28 09:40:39,065] {logging_mixin.py:109} INFO - [2023-12-28 09:40:39,065] {dagbag.py:496} INFO - Filling up the DagBag from /home/airflow/.local/lib/python3.6/site-packages/airflow/example_dags/example_task_group.py
[2023-12-28 09:40:39,081] {processor.py:623} INFO - DAG(s) dict_keys(['example_task_group']) retrieved from /home/airflow/.local/lib/python3.6/site-packages/airflow/example_dags/example_task_group.py
[2023-12-28 09:40:39,107] {logging_mixin.py:109} INFO - [2023-12-28 09:40:39,106] {dag.py:1834} INFO - Sync 1 DAGs
[2023-12-28 09:40:39,123] {logging_mixin.py:109} INFO - [2023-12-28 09:40:39,123] {dag.py:2287} INFO - Setting next_dagrun for example_task_group to 2023-12-26 00:00:00+00:00
[2023-12-28 09:40:39,138] {processor.py:170} INFO - Processing /home/airflow/.local/lib/python3.6/site-packages/airflow/example_dags/example_task_group.py took 0.079 seconds
