[2023-12-28 09:19:24,617] {processor.py:162} INFO - Started process (PID=311) to work on /home/airflow/.local/lib/python3.6/site-packages/airflow/example_dags/example_trigger_controller_dag.py
[2023-12-28 09:19:24,618] {processor.py:613} INFO - Processing file /home/airflow/.local/lib/python3.6/site-packages/airflow/example_dags/example_trigger_controller_dag.py for tasks to queue
[2023-12-28 09:19:24,619] {logging_mixin.py:109} INFO - [2023-12-28 09:19:24,619] {dagbag.py:496} INFO - Filling up the DagBag from /home/airflow/.local/lib/python3.6/site-packages/airflow/example_dags/example_trigger_controller_dag.py
[2023-12-28 09:19:24,628] {processor.py:623} INFO - DAG(s) dict_keys(['example_trigger_controller_dag']) retrieved from /home/airflow/.local/lib/python3.6/site-packages/airflow/example_dags/example_trigger_controller_dag.py
[2023-12-28 09:19:24,820] {logging_mixin.py:109} INFO - [2023-12-28 09:19:24,820] {dag.py:1834} INFO - Sync 1 DAGs
[2023-12-28 09:19:24,839] {logging_mixin.py:109} INFO - [2023-12-28 09:19:24,839] {dag.py:2287} INFO - Setting next_dagrun for example_trigger_controller_dag to 2023-12-26 00:00:00+00:00
[2023-12-28 09:19:24,854] {processor.py:170} INFO - Processing /home/airflow/.local/lib/python3.6/site-packages/airflow/example_dags/example_trigger_controller_dag.py took 0.239 seconds
[2023-12-28 09:19:55,712] {processor.py:162} INFO - Started process (PID=506) to work on /home/airflow/.local/lib/python3.6/site-packages/airflow/example_dags/example_trigger_controller_dag.py
[2023-12-28 09:19:55,713] {processor.py:613} INFO - Processing file /home/airflow/.local/lib/python3.6/site-packages/airflow/example_dags/example_trigger_controller_dag.py for tasks to queue
[2023-12-28 09:19:55,714] {logging_mixin.py:109} INFO - [2023-12-28 09:19:55,713] {dagbag.py:496} INFO - Filling up the DagBag from /home/airflow/.local/lib/python3.6/site-packages/airflow/example_dags/example_trigger_controller_dag.py
[2023-12-28 09:19:55,748] {processor.py:623} INFO - DAG(s) dict_keys(['example_trigger_controller_dag']) retrieved from /home/airflow/.local/lib/python3.6/site-packages/airflow/example_dags/example_trigger_controller_dag.py
[2023-12-28 09:19:55,834] {logging_mixin.py:109} INFO - [2023-12-28 09:19:55,834] {dag.py:1834} INFO - Sync 1 DAGs
[2023-12-28 09:19:55,890] {logging_mixin.py:109} INFO - [2023-12-28 09:19:55,890] {dag.py:2287} INFO - Setting next_dagrun for example_trigger_controller_dag to 2023-12-26 00:00:00+00:00
[2023-12-28 09:19:55,936] {processor.py:170} INFO - Processing /home/airflow/.local/lib/python3.6/site-packages/airflow/example_dags/example_trigger_controller_dag.py took 0.227 seconds
[2023-12-28 09:20:26,614] {processor.py:162} INFO - Started process (PID=711) to work on /home/airflow/.local/lib/python3.6/site-packages/airflow/example_dags/example_trigger_controller_dag.py
[2023-12-28 09:20:26,616] {processor.py:613} INFO - Processing file /home/airflow/.local/lib/python3.6/site-packages/airflow/example_dags/example_trigger_controller_dag.py for tasks to queue
[2023-12-28 09:20:26,616] {logging_mixin.py:109} INFO - [2023-12-28 09:20:26,616] {dagbag.py:496} INFO - Filling up the DagBag from /home/airflow/.local/lib/python3.6/site-packages/airflow/example_dags/example_trigger_controller_dag.py
[2023-12-28 09:20:26,625] {processor.py:623} INFO - DAG(s) dict_keys(['example_trigger_controller_dag']) retrieved from /home/airflow/.local/lib/python3.6/site-packages/airflow/example_dags/example_trigger_controller_dag.py
[2023-12-28 09:20:26,645] {logging_mixin.py:109} INFO - [2023-12-28 09:20:26,644] {dag.py:1834} INFO - Sync 1 DAGs
[2023-12-28 09:20:26,658] {logging_mixin.py:109} INFO - [2023-12-28 09:20:26,658] {dag.py:2287} INFO - Setting next_dagrun for example_trigger_controller_dag to 2023-12-26 00:00:00+00:00
[2023-12-28 09:20:26,669] {processor.py:170} INFO - Processing /home/airflow/.local/lib/python3.6/site-packages/airflow/example_dags/example_trigger_controller_dag.py took 0.057 seconds
[2023-12-28 09:20:57,139] {processor.py:162} INFO - Started process (PID=906) to work on /home/airflow/.local/lib/python3.6/site-packages/airflow/example_dags/example_trigger_controller_dag.py
[2023-12-28 09:20:57,140] {processor.py:613} INFO - Processing file /home/airflow/.local/lib/python3.6/site-packages/airflow/example_dags/example_trigger_controller_dag.py for tasks to queue
[2023-12-28 09:20:57,141] {logging_mixin.py:109} INFO - [2023-12-28 09:20:57,141] {dagbag.py:496} INFO - Filling up the DagBag from /home/airflow/.local/lib/python3.6/site-packages/airflow/example_dags/example_trigger_controller_dag.py
[2023-12-28 09:20:57,151] {processor.py:623} INFO - DAG(s) dict_keys(['example_trigger_controller_dag']) retrieved from /home/airflow/.local/lib/python3.6/site-packages/airflow/example_dags/example_trigger_controller_dag.py
[2023-12-28 09:20:57,174] {logging_mixin.py:109} INFO - [2023-12-28 09:20:57,173] {dag.py:1834} INFO - Sync 1 DAGs
[2023-12-28 09:20:57,189] {logging_mixin.py:109} INFO - [2023-12-28 09:20:57,189] {dag.py:2287} INFO - Setting next_dagrun for example_trigger_controller_dag to 2023-12-26 00:00:00+00:00
[2023-12-28 09:20:57,202] {processor.py:170} INFO - Processing /home/airflow/.local/lib/python3.6/site-packages/airflow/example_dags/example_trigger_controller_dag.py took 0.066 seconds
[2023-12-28 09:21:28,025] {processor.py:162} INFO - Started process (PID=1111) to work on /home/airflow/.local/lib/python3.6/site-packages/airflow/example_dags/example_trigger_controller_dag.py
[2023-12-28 09:21:28,027] {processor.py:613} INFO - Processing file /home/airflow/.local/lib/python3.6/site-packages/airflow/example_dags/example_trigger_controller_dag.py for tasks to queue
[2023-12-28 09:21:28,028] {logging_mixin.py:109} INFO - [2023-12-28 09:21:28,028] {dagbag.py:496} INFO - Filling up the DagBag from /home/airflow/.local/lib/python3.6/site-packages/airflow/example_dags/example_trigger_controller_dag.py
[2023-12-28 09:21:28,040] {processor.py:623} INFO - DAG(s) dict_keys(['example_trigger_controller_dag']) retrieved from /home/airflow/.local/lib/python3.6/site-packages/airflow/example_dags/example_trigger_controller_dag.py
[2023-12-28 09:21:28,071] {logging_mixin.py:109} INFO - [2023-12-28 09:21:28,070] {dag.py:1834} INFO - Sync 1 DAGs
[2023-12-28 09:21:28,088] {logging_mixin.py:109} INFO - [2023-12-28 09:21:28,088] {dag.py:2287} INFO - Setting next_dagrun for example_trigger_controller_dag to 2023-12-26 00:00:00+00:00
[2023-12-28 09:21:28,103] {processor.py:170} INFO - Processing /home/airflow/.local/lib/python3.6/site-packages/airflow/example_dags/example_trigger_controller_dag.py took 0.081 seconds
[2023-12-28 09:21:58,790] {processor.py:162} INFO - Started process (PID=1306) to work on /home/airflow/.local/lib/python3.6/site-packages/airflow/example_dags/example_trigger_controller_dag.py
[2023-12-28 09:21:58,791] {processor.py:613} INFO - Processing file /home/airflow/.local/lib/python3.6/site-packages/airflow/example_dags/example_trigger_controller_dag.py for tasks to queue
[2023-12-28 09:21:58,792] {logging_mixin.py:109} INFO - [2023-12-28 09:21:58,792] {dagbag.py:496} INFO - Filling up the DagBag from /home/airflow/.local/lib/python3.6/site-packages/airflow/example_dags/example_trigger_controller_dag.py
[2023-12-28 09:21:58,803] {processor.py:623} INFO - DAG(s) dict_keys(['example_trigger_controller_dag']) retrieved from /home/airflow/.local/lib/python3.6/site-packages/airflow/example_dags/example_trigger_controller_dag.py
[2023-12-28 09:21:58,834] {logging_mixin.py:109} INFO - [2023-12-28 09:21:58,833] {dag.py:1834} INFO - Sync 1 DAGs
[2023-12-28 09:21:58,853] {logging_mixin.py:109} INFO - [2023-12-28 09:21:58,853] {dag.py:2287} INFO - Setting next_dagrun for example_trigger_controller_dag to 2023-12-26 00:00:00+00:00
[2023-12-28 09:21:58,871] {processor.py:170} INFO - Processing /home/airflow/.local/lib/python3.6/site-packages/airflow/example_dags/example_trigger_controller_dag.py took 0.084 seconds
[2023-12-28 09:22:29,236] {processor.py:162} INFO - Started process (PID=1510) to work on /home/airflow/.local/lib/python3.6/site-packages/airflow/example_dags/example_trigger_controller_dag.py
[2023-12-28 09:22:29,237] {processor.py:613} INFO - Processing file /home/airflow/.local/lib/python3.6/site-packages/airflow/example_dags/example_trigger_controller_dag.py for tasks to queue
[2023-12-28 09:22:29,237] {logging_mixin.py:109} INFO - [2023-12-28 09:22:29,237] {dagbag.py:496} INFO - Filling up the DagBag from /home/airflow/.local/lib/python3.6/site-packages/airflow/example_dags/example_trigger_controller_dag.py
[2023-12-28 09:22:29,247] {processor.py:623} INFO - DAG(s) dict_keys(['example_trigger_controller_dag']) retrieved from /home/airflow/.local/lib/python3.6/site-packages/airflow/example_dags/example_trigger_controller_dag.py
[2023-12-28 09:22:29,270] {logging_mixin.py:109} INFO - [2023-12-28 09:22:29,270] {dag.py:1834} INFO - Sync 1 DAGs
[2023-12-28 09:22:29,284] {logging_mixin.py:109} INFO - [2023-12-28 09:22:29,284] {dag.py:2287} INFO - Setting next_dagrun for example_trigger_controller_dag to 2023-12-26 00:00:00+00:00
[2023-12-28 09:22:29,297] {processor.py:170} INFO - Processing /home/airflow/.local/lib/python3.6/site-packages/airflow/example_dags/example_trigger_controller_dag.py took 0.064 seconds
[2023-12-28 09:22:59,767] {processor.py:162} INFO - Started process (PID=1706) to work on /home/airflow/.local/lib/python3.6/site-packages/airflow/example_dags/example_trigger_controller_dag.py
[2023-12-28 09:22:59,768] {processor.py:613} INFO - Processing file /home/airflow/.local/lib/python3.6/site-packages/airflow/example_dags/example_trigger_controller_dag.py for tasks to queue
[2023-12-28 09:22:59,769] {logging_mixin.py:109} INFO - [2023-12-28 09:22:59,769] {dagbag.py:496} INFO - Filling up the DagBag from /home/airflow/.local/lib/python3.6/site-packages/airflow/example_dags/example_trigger_controller_dag.py
[2023-12-28 09:22:59,779] {processor.py:623} INFO - DAG(s) dict_keys(['example_trigger_controller_dag']) retrieved from /home/airflow/.local/lib/python3.6/site-packages/airflow/example_dags/example_trigger_controller_dag.py
[2023-12-28 09:22:59,803] {logging_mixin.py:109} INFO - [2023-12-28 09:22:59,802] {dag.py:1834} INFO - Sync 1 DAGs
[2023-12-28 09:22:59,817] {logging_mixin.py:109} INFO - [2023-12-28 09:22:59,817] {dag.py:2287} INFO - Setting next_dagrun for example_trigger_controller_dag to 2023-12-26 00:00:00+00:00
[2023-12-28 09:22:59,831] {processor.py:170} INFO - Processing /home/airflow/.local/lib/python3.6/site-packages/airflow/example_dags/example_trigger_controller_dag.py took 0.067 seconds
[2023-12-28 09:23:30,268] {processor.py:162} INFO - Started process (PID=1901) to work on /home/airflow/.local/lib/python3.6/site-packages/airflow/example_dags/example_trigger_controller_dag.py
[2023-12-28 09:23:30,270] {processor.py:613} INFO - Processing file /home/airflow/.local/lib/python3.6/site-packages/airflow/example_dags/example_trigger_controller_dag.py for tasks to queue
[2023-12-28 09:23:30,271] {logging_mixin.py:109} INFO - [2023-12-28 09:23:30,271] {dagbag.py:496} INFO - Filling up the DagBag from /home/airflow/.local/lib/python3.6/site-packages/airflow/example_dags/example_trigger_controller_dag.py
[2023-12-28 09:23:30,283] {processor.py:623} INFO - DAG(s) dict_keys(['example_trigger_controller_dag']) retrieved from /home/airflow/.local/lib/python3.6/site-packages/airflow/example_dags/example_trigger_controller_dag.py
[2023-12-28 09:23:30,310] {logging_mixin.py:109} INFO - [2023-12-28 09:23:30,310] {dag.py:1834} INFO - Sync 1 DAGs
[2023-12-28 09:23:30,328] {logging_mixin.py:109} INFO - [2023-12-28 09:23:30,328] {dag.py:2287} INFO - Setting next_dagrun for example_trigger_controller_dag to 2023-12-26 00:00:00+00:00
[2023-12-28 09:23:30,346] {processor.py:170} INFO - Processing /home/airflow/.local/lib/python3.6/site-packages/airflow/example_dags/example_trigger_controller_dag.py took 0.081 seconds
[2023-12-28 09:24:00,904] {processor.py:162} INFO - Started process (PID=2105) to work on /home/airflow/.local/lib/python3.6/site-packages/airflow/example_dags/example_trigger_controller_dag.py
[2023-12-28 09:24:00,905] {processor.py:613} INFO - Processing file /home/airflow/.local/lib/python3.6/site-packages/airflow/example_dags/example_trigger_controller_dag.py for tasks to queue
[2023-12-28 09:24:00,906] {logging_mixin.py:109} INFO - [2023-12-28 09:24:00,906] {dagbag.py:496} INFO - Filling up the DagBag from /home/airflow/.local/lib/python3.6/site-packages/airflow/example_dags/example_trigger_controller_dag.py
[2023-12-28 09:24:00,916] {processor.py:623} INFO - DAG(s) dict_keys(['example_trigger_controller_dag']) retrieved from /home/airflow/.local/lib/python3.6/site-packages/airflow/example_dags/example_trigger_controller_dag.py
[2023-12-28 09:24:00,939] {logging_mixin.py:109} INFO - [2023-12-28 09:24:00,939] {dag.py:1834} INFO - Sync 1 DAGs
[2023-12-28 09:24:00,954] {logging_mixin.py:109} INFO - [2023-12-28 09:24:00,954] {dag.py:2287} INFO - Setting next_dagrun for example_trigger_controller_dag to 2023-12-26 00:00:00+00:00
[2023-12-28 09:24:00,966] {processor.py:170} INFO - Processing /home/airflow/.local/lib/python3.6/site-packages/airflow/example_dags/example_trigger_controller_dag.py took 0.064 seconds
[2023-12-28 09:24:31,056] {processor.py:162} INFO - Started process (PID=2296) to work on /home/airflow/.local/lib/python3.6/site-packages/airflow/example_dags/example_trigger_controller_dag.py
[2023-12-28 09:24:31,058] {processor.py:613} INFO - Processing file /home/airflow/.local/lib/python3.6/site-packages/airflow/example_dags/example_trigger_controller_dag.py for tasks to queue
[2023-12-28 09:24:31,059] {logging_mixin.py:109} INFO - [2023-12-28 09:24:31,059] {dagbag.py:496} INFO - Filling up the DagBag from /home/airflow/.local/lib/python3.6/site-packages/airflow/example_dags/example_trigger_controller_dag.py
[2023-12-28 09:24:31,072] {processor.py:623} INFO - DAG(s) dict_keys(['example_trigger_controller_dag']) retrieved from /home/airflow/.local/lib/python3.6/site-packages/airflow/example_dags/example_trigger_controller_dag.py
[2023-12-28 09:24:31,100] {logging_mixin.py:109} INFO - [2023-12-28 09:24:31,100] {dag.py:1834} INFO - Sync 1 DAGs
[2023-12-28 09:24:31,120] {logging_mixin.py:109} INFO - [2023-12-28 09:24:31,119] {dag.py:2287} INFO - Setting next_dagrun for example_trigger_controller_dag to 2023-12-26 00:00:00+00:00
[2023-12-28 09:24:31,135] {processor.py:170} INFO - Processing /home/airflow/.local/lib/python3.6/site-packages/airflow/example_dags/example_trigger_controller_dag.py took 0.084 seconds
[2023-12-28 09:25:01,404] {processor.py:162} INFO - Started process (PID=2481) to work on /home/airflow/.local/lib/python3.6/site-packages/airflow/example_dags/example_trigger_controller_dag.py
[2023-12-28 09:25:01,405] {processor.py:613} INFO - Processing file /home/airflow/.local/lib/python3.6/site-packages/airflow/example_dags/example_trigger_controller_dag.py for tasks to queue
[2023-12-28 09:25:01,406] {logging_mixin.py:109} INFO - [2023-12-28 09:25:01,406] {dagbag.py:496} INFO - Filling up the DagBag from /home/airflow/.local/lib/python3.6/site-packages/airflow/example_dags/example_trigger_controller_dag.py
[2023-12-28 09:25:01,416] {processor.py:623} INFO - DAG(s) dict_keys(['example_trigger_controller_dag']) retrieved from /home/airflow/.local/lib/python3.6/site-packages/airflow/example_dags/example_trigger_controller_dag.py
[2023-12-28 09:25:01,440] {logging_mixin.py:109} INFO - [2023-12-28 09:25:01,440] {dag.py:1834} INFO - Sync 1 DAGs
[2023-12-28 09:25:01,455] {logging_mixin.py:109} INFO - [2023-12-28 09:25:01,454] {dag.py:2287} INFO - Setting next_dagrun for example_trigger_controller_dag to 2023-12-26 00:00:00+00:00
[2023-12-28 09:25:01,468] {processor.py:170} INFO - Processing /home/airflow/.local/lib/python3.6/site-packages/airflow/example_dags/example_trigger_controller_dag.py took 0.067 seconds
[2023-12-28 09:25:31,825] {processor.py:162} INFO - Started process (PID=2676) to work on /home/airflow/.local/lib/python3.6/site-packages/airflow/example_dags/example_trigger_controller_dag.py
[2023-12-28 09:25:31,827] {processor.py:613} INFO - Processing file /home/airflow/.local/lib/python3.6/site-packages/airflow/example_dags/example_trigger_controller_dag.py for tasks to queue
[2023-12-28 09:25:31,828] {logging_mixin.py:109} INFO - [2023-12-28 09:25:31,828] {dagbag.py:496} INFO - Filling up the DagBag from /home/airflow/.local/lib/python3.6/site-packages/airflow/example_dags/example_trigger_controller_dag.py
[2023-12-28 09:25:31,840] {processor.py:623} INFO - DAG(s) dict_keys(['example_trigger_controller_dag']) retrieved from /home/airflow/.local/lib/python3.6/site-packages/airflow/example_dags/example_trigger_controller_dag.py
[2023-12-28 09:25:31,869] {logging_mixin.py:109} INFO - [2023-12-28 09:25:31,869] {dag.py:1834} INFO - Sync 1 DAGs
[2023-12-28 09:25:31,887] {logging_mixin.py:109} INFO - [2023-12-28 09:25:31,886] {dag.py:2287} INFO - Setting next_dagrun for example_trigger_controller_dag to 2023-12-26 00:00:00+00:00
[2023-12-28 09:25:31,902] {processor.py:170} INFO - Processing /home/airflow/.local/lib/python3.6/site-packages/airflow/example_dags/example_trigger_controller_dag.py took 0.080 seconds
[2023-12-28 09:26:02,210] {processor.py:162} INFO - Started process (PID=2871) to work on /home/airflow/.local/lib/python3.6/site-packages/airflow/example_dags/example_trigger_controller_dag.py
[2023-12-28 09:26:02,211] {processor.py:613} INFO - Processing file /home/airflow/.local/lib/python3.6/site-packages/airflow/example_dags/example_trigger_controller_dag.py for tasks to queue
[2023-12-28 09:26:02,212] {logging_mixin.py:109} INFO - [2023-12-28 09:26:02,212] {dagbag.py:496} INFO - Filling up the DagBag from /home/airflow/.local/lib/python3.6/site-packages/airflow/example_dags/example_trigger_controller_dag.py
[2023-12-28 09:26:02,224] {processor.py:623} INFO - DAG(s) dict_keys(['example_trigger_controller_dag']) retrieved from /home/airflow/.local/lib/python3.6/site-packages/airflow/example_dags/example_trigger_controller_dag.py
[2023-12-28 09:26:02,253] {logging_mixin.py:109} INFO - [2023-12-28 09:26:02,253] {dag.py:1834} INFO - Sync 1 DAGs
[2023-12-28 09:26:02,272] {logging_mixin.py:109} INFO - [2023-12-28 09:26:02,272] {dag.py:2287} INFO - Setting next_dagrun for example_trigger_controller_dag to 2023-12-26 00:00:00+00:00
[2023-12-28 09:26:02,294] {processor.py:170} INFO - Processing /home/airflow/.local/lib/python3.6/site-packages/airflow/example_dags/example_trigger_controller_dag.py took 0.088 seconds
[2023-12-28 09:26:32,708] {processor.py:162} INFO - Started process (PID=3076) to work on /home/airflow/.local/lib/python3.6/site-packages/airflow/example_dags/example_trigger_controller_dag.py
[2023-12-28 09:26:32,711] {processor.py:613} INFO - Processing file /home/airflow/.local/lib/python3.6/site-packages/airflow/example_dags/example_trigger_controller_dag.py for tasks to queue
[2023-12-28 09:26:32,712] {logging_mixin.py:109} INFO - [2023-12-28 09:26:32,712] {dagbag.py:496} INFO - Filling up the DagBag from /home/airflow/.local/lib/python3.6/site-packages/airflow/example_dags/example_trigger_controller_dag.py
[2023-12-28 09:26:32,724] {processor.py:623} INFO - DAG(s) dict_keys(['example_trigger_controller_dag']) retrieved from /home/airflow/.local/lib/python3.6/site-packages/airflow/example_dags/example_trigger_controller_dag.py
[2023-12-28 09:26:32,753] {logging_mixin.py:109} INFO - [2023-12-28 09:26:32,752] {dag.py:1834} INFO - Sync 1 DAGs
[2023-12-28 09:26:32,770] {logging_mixin.py:109} INFO - [2023-12-28 09:26:32,770] {dag.py:2287} INFO - Setting next_dagrun for example_trigger_controller_dag to 2023-12-26 00:00:00+00:00
[2023-12-28 09:26:32,790] {processor.py:170} INFO - Processing /home/airflow/.local/lib/python3.6/site-packages/airflow/example_dags/example_trigger_controller_dag.py took 0.084 seconds
[2023-12-28 09:27:03,110] {processor.py:162} INFO - Started process (PID=3271) to work on /home/airflow/.local/lib/python3.6/site-packages/airflow/example_dags/example_trigger_controller_dag.py
[2023-12-28 09:27:03,112] {processor.py:613} INFO - Processing file /home/airflow/.local/lib/python3.6/site-packages/airflow/example_dags/example_trigger_controller_dag.py for tasks to queue
[2023-12-28 09:27:03,113] {logging_mixin.py:109} INFO - [2023-12-28 09:27:03,113] {dagbag.py:496} INFO - Filling up the DagBag from /home/airflow/.local/lib/python3.6/site-packages/airflow/example_dags/example_trigger_controller_dag.py
[2023-12-28 09:27:03,125] {processor.py:623} INFO - DAG(s) dict_keys(['example_trigger_controller_dag']) retrieved from /home/airflow/.local/lib/python3.6/site-packages/airflow/example_dags/example_trigger_controller_dag.py
[2023-12-28 09:27:03,154] {logging_mixin.py:109} INFO - [2023-12-28 09:27:03,154] {dag.py:1834} INFO - Sync 1 DAGs
[2023-12-28 09:27:03,175] {logging_mixin.py:109} INFO - [2023-12-28 09:27:03,174] {dag.py:2287} INFO - Setting next_dagrun for example_trigger_controller_dag to 2023-12-26 00:00:00+00:00
[2023-12-28 09:27:03,191] {processor.py:170} INFO - Processing /home/airflow/.local/lib/python3.6/site-packages/airflow/example_dags/example_trigger_controller_dag.py took 0.084 seconds
[2023-12-28 09:27:33,453] {processor.py:162} INFO - Started process (PID=3476) to work on /home/airflow/.local/lib/python3.6/site-packages/airflow/example_dags/example_trigger_controller_dag.py
[2023-12-28 09:27:33,454] {processor.py:613} INFO - Processing file /home/airflow/.local/lib/python3.6/site-packages/airflow/example_dags/example_trigger_controller_dag.py for tasks to queue
[2023-12-28 09:27:33,455] {logging_mixin.py:109} INFO - [2023-12-28 09:27:33,455] {dagbag.py:496} INFO - Filling up the DagBag from /home/airflow/.local/lib/python3.6/site-packages/airflow/example_dags/example_trigger_controller_dag.py
[2023-12-28 09:27:33,465] {processor.py:623} INFO - DAG(s) dict_keys(['example_trigger_controller_dag']) retrieved from /home/airflow/.local/lib/python3.6/site-packages/airflow/example_dags/example_trigger_controller_dag.py
[2023-12-28 09:27:33,492] {logging_mixin.py:109} INFO - [2023-12-28 09:27:33,492] {dag.py:1834} INFO - Sync 1 DAGs
[2023-12-28 09:27:33,510] {logging_mixin.py:109} INFO - [2023-12-28 09:27:33,510] {dag.py:2287} INFO - Setting next_dagrun for example_trigger_controller_dag to 2023-12-26 00:00:00+00:00
[2023-12-28 09:27:33,527] {processor.py:170} INFO - Processing /home/airflow/.local/lib/python3.6/site-packages/airflow/example_dags/example_trigger_controller_dag.py took 0.076 seconds
[2023-12-28 09:28:03,570] {processor.py:162} INFO - Started process (PID=3666) to work on /home/airflow/.local/lib/python3.6/site-packages/airflow/example_dags/example_trigger_controller_dag.py
[2023-12-28 09:28:03,572] {processor.py:613} INFO - Processing file /home/airflow/.local/lib/python3.6/site-packages/airflow/example_dags/example_trigger_controller_dag.py for tasks to queue
[2023-12-28 09:28:03,573] {logging_mixin.py:109} INFO - [2023-12-28 09:28:03,573] {dagbag.py:496} INFO - Filling up the DagBag from /home/airflow/.local/lib/python3.6/site-packages/airflow/example_dags/example_trigger_controller_dag.py
[2023-12-28 09:28:03,587] {processor.py:623} INFO - DAG(s) dict_keys(['example_trigger_controller_dag']) retrieved from /home/airflow/.local/lib/python3.6/site-packages/airflow/example_dags/example_trigger_controller_dag.py
[2023-12-28 09:28:03,615] {logging_mixin.py:109} INFO - [2023-12-28 09:28:03,615] {dag.py:1834} INFO - Sync 1 DAGs
[2023-12-28 09:28:03,635] {logging_mixin.py:109} INFO - [2023-12-28 09:28:03,635] {dag.py:2287} INFO - Setting next_dagrun for example_trigger_controller_dag to 2023-12-26 00:00:00+00:00
[2023-12-28 09:28:03,652] {processor.py:170} INFO - Processing /home/airflow/.local/lib/python3.6/site-packages/airflow/example_dags/example_trigger_controller_dag.py took 0.087 seconds
[2023-12-28 09:28:34,217] {processor.py:162} INFO - Started process (PID=3870) to work on /home/airflow/.local/lib/python3.6/site-packages/airflow/example_dags/example_trigger_controller_dag.py
[2023-12-28 09:28:34,218] {processor.py:613} INFO - Processing file /home/airflow/.local/lib/python3.6/site-packages/airflow/example_dags/example_trigger_controller_dag.py for tasks to queue
[2023-12-28 09:28:34,219] {logging_mixin.py:109} INFO - [2023-12-28 09:28:34,219] {dagbag.py:496} INFO - Filling up the DagBag from /home/airflow/.local/lib/python3.6/site-packages/airflow/example_dags/example_trigger_controller_dag.py
[2023-12-28 09:28:34,230] {processor.py:623} INFO - DAG(s) dict_keys(['example_trigger_controller_dag']) retrieved from /home/airflow/.local/lib/python3.6/site-packages/airflow/example_dags/example_trigger_controller_dag.py
[2023-12-28 09:28:34,259] {logging_mixin.py:109} INFO - [2023-12-28 09:28:34,259] {dag.py:1834} INFO - Sync 1 DAGs
[2023-12-28 09:28:34,280] {logging_mixin.py:109} INFO - [2023-12-28 09:28:34,280] {dag.py:2287} INFO - Setting next_dagrun for example_trigger_controller_dag to 2023-12-26 00:00:00+00:00
[2023-12-28 09:28:34,296] {processor.py:170} INFO - Processing /home/airflow/.local/lib/python3.6/site-packages/airflow/example_dags/example_trigger_controller_dag.py took 0.083 seconds
[2023-12-28 09:29:04,604] {processor.py:162} INFO - Started process (PID=4066) to work on /home/airflow/.local/lib/python3.6/site-packages/airflow/example_dags/example_trigger_controller_dag.py
[2023-12-28 09:29:04,606] {processor.py:613} INFO - Processing file /home/airflow/.local/lib/python3.6/site-packages/airflow/example_dags/example_trigger_controller_dag.py for tasks to queue
[2023-12-28 09:29:04,607] {logging_mixin.py:109} INFO - [2023-12-28 09:29:04,607] {dagbag.py:496} INFO - Filling up the DagBag from /home/airflow/.local/lib/python3.6/site-packages/airflow/example_dags/example_trigger_controller_dag.py
[2023-12-28 09:29:04,617] {processor.py:623} INFO - DAG(s) dict_keys(['example_trigger_controller_dag']) retrieved from /home/airflow/.local/lib/python3.6/site-packages/airflow/example_dags/example_trigger_controller_dag.py
[2023-12-28 09:29:04,644] {logging_mixin.py:109} INFO - [2023-12-28 09:29:04,644] {dag.py:1834} INFO - Sync 1 DAGs
[2023-12-28 09:29:04,662] {logging_mixin.py:109} INFO - [2023-12-28 09:29:04,662] {dag.py:2287} INFO - Setting next_dagrun for example_trigger_controller_dag to 2023-12-26 00:00:00+00:00
[2023-12-28 09:29:04,675] {processor.py:170} INFO - Processing /home/airflow/.local/lib/python3.6/site-packages/airflow/example_dags/example_trigger_controller_dag.py took 0.074 seconds
[2023-12-28 09:29:35,164] {processor.py:162} INFO - Started process (PID=4261) to work on /home/airflow/.local/lib/python3.6/site-packages/airflow/example_dags/example_trigger_controller_dag.py
[2023-12-28 09:29:35,165] {processor.py:613} INFO - Processing file /home/airflow/.local/lib/python3.6/site-packages/airflow/example_dags/example_trigger_controller_dag.py for tasks to queue
[2023-12-28 09:29:35,166] {logging_mixin.py:109} INFO - [2023-12-28 09:29:35,166] {dagbag.py:496} INFO - Filling up the DagBag from /home/airflow/.local/lib/python3.6/site-packages/airflow/example_dags/example_trigger_controller_dag.py
[2023-12-28 09:29:35,178] {processor.py:623} INFO - DAG(s) dict_keys(['example_trigger_controller_dag']) retrieved from /home/airflow/.local/lib/python3.6/site-packages/airflow/example_dags/example_trigger_controller_dag.py
[2023-12-28 09:29:35,206] {logging_mixin.py:109} INFO - [2023-12-28 09:29:35,206] {dag.py:1834} INFO - Sync 1 DAGs
[2023-12-28 09:29:35,224] {logging_mixin.py:109} INFO - [2023-12-28 09:29:35,224] {dag.py:2287} INFO - Setting next_dagrun for example_trigger_controller_dag to 2023-12-26 00:00:00+00:00
[2023-12-28 09:29:35,240] {processor.py:170} INFO - Processing /home/airflow/.local/lib/python3.6/site-packages/airflow/example_dags/example_trigger_controller_dag.py took 0.079 seconds
[2023-12-28 09:30:06,733] {processor.py:162} INFO - Started process (PID=4471) to work on /home/airflow/.local/lib/python3.6/site-packages/airflow/example_dags/example_trigger_controller_dag.py
[2023-12-28 09:30:06,734] {processor.py:613} INFO - Processing file /home/airflow/.local/lib/python3.6/site-packages/airflow/example_dags/example_trigger_controller_dag.py for tasks to queue
[2023-12-28 09:30:06,735] {logging_mixin.py:109} INFO - [2023-12-28 09:30:06,735] {dagbag.py:496} INFO - Filling up the DagBag from /home/airflow/.local/lib/python3.6/site-packages/airflow/example_dags/example_trigger_controller_dag.py
[2023-12-28 09:30:06,746] {processor.py:623} INFO - DAG(s) dict_keys(['example_trigger_controller_dag']) retrieved from /home/airflow/.local/lib/python3.6/site-packages/airflow/example_dags/example_trigger_controller_dag.py
[2023-12-28 09:30:06,773] {logging_mixin.py:109} INFO - [2023-12-28 09:30:06,773] {dag.py:1834} INFO - Sync 1 DAGs
[2023-12-28 09:30:06,787] {logging_mixin.py:109} INFO - [2023-12-28 09:30:06,787] {dag.py:2287} INFO - Setting next_dagrun for example_trigger_controller_dag to 2023-12-26 00:00:00+00:00
[2023-12-28 09:30:06,799] {processor.py:170} INFO - Processing /home/airflow/.local/lib/python3.6/site-packages/airflow/example_dags/example_trigger_controller_dag.py took 0.070 seconds
[2023-12-28 09:30:38,046] {processor.py:162} INFO - Started process (PID=4666) to work on /home/airflow/.local/lib/python3.6/site-packages/airflow/example_dags/example_trigger_controller_dag.py
[2023-12-28 09:30:38,047] {processor.py:613} INFO - Processing file /home/airflow/.local/lib/python3.6/site-packages/airflow/example_dags/example_trigger_controller_dag.py for tasks to queue
[2023-12-28 09:30:38,048] {logging_mixin.py:109} INFO - [2023-12-28 09:30:38,048] {dagbag.py:496} INFO - Filling up the DagBag from /home/airflow/.local/lib/python3.6/site-packages/airflow/example_dags/example_trigger_controller_dag.py
[2023-12-28 09:30:38,061] {processor.py:623} INFO - DAG(s) dict_keys(['example_trigger_controller_dag']) retrieved from /home/airflow/.local/lib/python3.6/site-packages/airflow/example_dags/example_trigger_controller_dag.py
[2023-12-28 09:30:38,091] {logging_mixin.py:109} INFO - [2023-12-28 09:30:38,091] {dag.py:1834} INFO - Sync 1 DAGs
[2023-12-28 09:30:38,110] {logging_mixin.py:109} INFO - [2023-12-28 09:30:38,110] {dag.py:2287} INFO - Setting next_dagrun for example_trigger_controller_dag to 2023-12-26 00:00:00+00:00
[2023-12-28 09:30:38,126] {processor.py:170} INFO - Processing /home/airflow/.local/lib/python3.6/site-packages/airflow/example_dags/example_trigger_controller_dag.py took 0.083 seconds
[2023-12-28 09:31:08,657] {processor.py:162} INFO - Started process (PID=4871) to work on /home/airflow/.local/lib/python3.6/site-packages/airflow/example_dags/example_trigger_controller_dag.py
[2023-12-28 09:31:08,662] {processor.py:613} INFO - Processing file /home/airflow/.local/lib/python3.6/site-packages/airflow/example_dags/example_trigger_controller_dag.py for tasks to queue
[2023-12-28 09:31:08,663] {logging_mixin.py:109} INFO - [2023-12-28 09:31:08,662] {dagbag.py:496} INFO - Filling up the DagBag from /home/airflow/.local/lib/python3.6/site-packages/airflow/example_dags/example_trigger_controller_dag.py
[2023-12-28 09:31:08,674] {processor.py:623} INFO - DAG(s) dict_keys(['example_trigger_controller_dag']) retrieved from /home/airflow/.local/lib/python3.6/site-packages/airflow/example_dags/example_trigger_controller_dag.py
[2023-12-28 09:31:08,700] {logging_mixin.py:109} INFO - [2023-12-28 09:31:08,699] {dag.py:1834} INFO - Sync 1 DAGs
[2023-12-28 09:31:08,715] {logging_mixin.py:109} INFO - [2023-12-28 09:31:08,715] {dag.py:2287} INFO - Setting next_dagrun for example_trigger_controller_dag to 2023-12-26 00:00:00+00:00
[2023-12-28 09:31:08,745] {processor.py:170} INFO - Processing /home/airflow/.local/lib/python3.6/site-packages/airflow/example_dags/example_trigger_controller_dag.py took 0.091 seconds
[2023-12-28 09:31:39,708] {processor.py:162} INFO - Started process (PID=5066) to work on /home/airflow/.local/lib/python3.6/site-packages/airflow/example_dags/example_trigger_controller_dag.py
[2023-12-28 09:31:39,710] {processor.py:613} INFO - Processing file /home/airflow/.local/lib/python3.6/site-packages/airflow/example_dags/example_trigger_controller_dag.py for tasks to queue
[2023-12-28 09:31:39,711] {logging_mixin.py:109} INFO - [2023-12-28 09:31:39,711] {dagbag.py:496} INFO - Filling up the DagBag from /home/airflow/.local/lib/python3.6/site-packages/airflow/example_dags/example_trigger_controller_dag.py
[2023-12-28 09:31:39,723] {processor.py:623} INFO - DAG(s) dict_keys(['example_trigger_controller_dag']) retrieved from /home/airflow/.local/lib/python3.6/site-packages/airflow/example_dags/example_trigger_controller_dag.py
[2023-12-28 09:31:39,752] {logging_mixin.py:109} INFO - [2023-12-28 09:31:39,752] {dag.py:1834} INFO - Sync 1 DAGs
[2023-12-28 09:31:39,770] {logging_mixin.py:109} INFO - [2023-12-28 09:31:39,770] {dag.py:2287} INFO - Setting next_dagrun for example_trigger_controller_dag to 2023-12-26 00:00:00+00:00
[2023-12-28 09:31:39,785] {processor.py:170} INFO - Processing /home/airflow/.local/lib/python3.6/site-packages/airflow/example_dags/example_trigger_controller_dag.py took 0.080 seconds
[2023-12-28 09:32:10,860] {processor.py:162} INFO - Started process (PID=5271) to work on /home/airflow/.local/lib/python3.6/site-packages/airflow/example_dags/example_trigger_controller_dag.py
[2023-12-28 09:32:10,862] {processor.py:613} INFO - Processing file /home/airflow/.local/lib/python3.6/site-packages/airflow/example_dags/example_trigger_controller_dag.py for tasks to queue
[2023-12-28 09:32:10,863] {logging_mixin.py:109} INFO - [2023-12-28 09:32:10,863] {dagbag.py:496} INFO - Filling up the DagBag from /home/airflow/.local/lib/python3.6/site-packages/airflow/example_dags/example_trigger_controller_dag.py
[2023-12-28 09:32:10,875] {processor.py:623} INFO - DAG(s) dict_keys(['example_trigger_controller_dag']) retrieved from /home/airflow/.local/lib/python3.6/site-packages/airflow/example_dags/example_trigger_controller_dag.py
[2023-12-28 09:32:10,905] {logging_mixin.py:109} INFO - [2023-12-28 09:32:10,905] {dag.py:1834} INFO - Sync 1 DAGs
[2023-12-28 09:32:10,927] {logging_mixin.py:109} INFO - [2023-12-28 09:32:10,927] {dag.py:2287} INFO - Setting next_dagrun for example_trigger_controller_dag to 2023-12-26 00:00:00+00:00
[2023-12-28 09:32:10,944] {processor.py:170} INFO - Processing /home/airflow/.local/lib/python3.6/site-packages/airflow/example_dags/example_trigger_controller_dag.py took 0.087 seconds
[2023-12-28 09:32:41,977] {processor.py:162} INFO - Started process (PID=5466) to work on /home/airflow/.local/lib/python3.6/site-packages/airflow/example_dags/example_trigger_controller_dag.py
[2023-12-28 09:32:41,979] {processor.py:613} INFO - Processing file /home/airflow/.local/lib/python3.6/site-packages/airflow/example_dags/example_trigger_controller_dag.py for tasks to queue
[2023-12-28 09:32:41,979] {logging_mixin.py:109} INFO - [2023-12-28 09:32:41,979] {dagbag.py:496} INFO - Filling up the DagBag from /home/airflow/.local/lib/python3.6/site-packages/airflow/example_dags/example_trigger_controller_dag.py
[2023-12-28 09:32:41,993] {processor.py:623} INFO - DAG(s) dict_keys(['example_trigger_controller_dag']) retrieved from /home/airflow/.local/lib/python3.6/site-packages/airflow/example_dags/example_trigger_controller_dag.py
[2023-12-28 09:32:42,021] {logging_mixin.py:109} INFO - [2023-12-28 09:32:42,021] {dag.py:1834} INFO - Sync 1 DAGs
[2023-12-28 09:32:42,039] {logging_mixin.py:109} INFO - [2023-12-28 09:32:42,039] {dag.py:2287} INFO - Setting next_dagrun for example_trigger_controller_dag to 2023-12-26 00:00:00+00:00
[2023-12-28 09:32:42,056] {processor.py:170} INFO - Processing /home/airflow/.local/lib/python3.6/site-packages/airflow/example_dags/example_trigger_controller_dag.py took 0.082 seconds
[2023-12-28 09:33:12,450] {processor.py:162} INFO - Started process (PID=5671) to work on /home/airflow/.local/lib/python3.6/site-packages/airflow/example_dags/example_trigger_controller_dag.py
[2023-12-28 09:33:12,452] {processor.py:613} INFO - Processing file /home/airflow/.local/lib/python3.6/site-packages/airflow/example_dags/example_trigger_controller_dag.py for tasks to queue
[2023-12-28 09:33:12,453] {logging_mixin.py:109} INFO - [2023-12-28 09:33:12,453] {dagbag.py:496} INFO - Filling up the DagBag from /home/airflow/.local/lib/python3.6/site-packages/airflow/example_dags/example_trigger_controller_dag.py
[2023-12-28 09:33:12,464] {processor.py:623} INFO - DAG(s) dict_keys(['example_trigger_controller_dag']) retrieved from /home/airflow/.local/lib/python3.6/site-packages/airflow/example_dags/example_trigger_controller_dag.py
[2023-12-28 09:33:12,487] {logging_mixin.py:109} INFO - [2023-12-28 09:33:12,487] {dag.py:1834} INFO - Sync 1 DAGs
[2023-12-28 09:33:12,501] {logging_mixin.py:109} INFO - [2023-12-28 09:33:12,501] {dag.py:2287} INFO - Setting next_dagrun for example_trigger_controller_dag to 2023-12-26 00:00:00+00:00
[2023-12-28 09:33:12,514] {processor.py:170} INFO - Processing /home/airflow/.local/lib/python3.6/site-packages/airflow/example_dags/example_trigger_controller_dag.py took 0.067 seconds
[2023-12-28 09:33:42,658] {processor.py:162} INFO - Started process (PID=5861) to work on /home/airflow/.local/lib/python3.6/site-packages/airflow/example_dags/example_trigger_controller_dag.py
[2023-12-28 09:33:42,660] {processor.py:613} INFO - Processing file /home/airflow/.local/lib/python3.6/site-packages/airflow/example_dags/example_trigger_controller_dag.py for tasks to queue
[2023-12-28 09:33:42,660] {logging_mixin.py:109} INFO - [2023-12-28 09:33:42,660] {dagbag.py:496} INFO - Filling up the DagBag from /home/airflow/.local/lib/python3.6/site-packages/airflow/example_dags/example_trigger_controller_dag.py
[2023-12-28 09:33:42,673] {processor.py:623} INFO - DAG(s) dict_keys(['example_trigger_controller_dag']) retrieved from /home/airflow/.local/lib/python3.6/site-packages/airflow/example_dags/example_trigger_controller_dag.py
[2023-12-28 09:33:42,707] {logging_mixin.py:109} INFO - [2023-12-28 09:33:42,706] {dag.py:1834} INFO - Sync 1 DAGs
[2023-12-28 09:33:42,725] {logging_mixin.py:109} INFO - [2023-12-28 09:33:42,725] {dag.py:2287} INFO - Setting next_dagrun for example_trigger_controller_dag to 2023-12-26 00:00:00+00:00
[2023-12-28 09:33:42,741] {processor.py:170} INFO - Processing /home/airflow/.local/lib/python3.6/site-packages/airflow/example_dags/example_trigger_controller_dag.py took 0.086 seconds
[2023-12-28 09:34:13,045] {processor.py:162} INFO - Started process (PID=6061) to work on /home/airflow/.local/lib/python3.6/site-packages/airflow/example_dags/example_trigger_controller_dag.py
[2023-12-28 09:34:13,047] {processor.py:613} INFO - Processing file /home/airflow/.local/lib/python3.6/site-packages/airflow/example_dags/example_trigger_controller_dag.py for tasks to queue
[2023-12-28 09:34:13,048] {logging_mixin.py:109} INFO - [2023-12-28 09:34:13,047] {dagbag.py:496} INFO - Filling up the DagBag from /home/airflow/.local/lib/python3.6/site-packages/airflow/example_dags/example_trigger_controller_dag.py
[2023-12-28 09:34:13,060] {processor.py:623} INFO - DAG(s) dict_keys(['example_trigger_controller_dag']) retrieved from /home/airflow/.local/lib/python3.6/site-packages/airflow/example_dags/example_trigger_controller_dag.py
[2023-12-28 09:34:13,082] {logging_mixin.py:109} INFO - [2023-12-28 09:34:13,081] {dag.py:1834} INFO - Sync 1 DAGs
[2023-12-28 09:34:13,095] {logging_mixin.py:109} INFO - [2023-12-28 09:34:13,095] {dag.py:2287} INFO - Setting next_dagrun for example_trigger_controller_dag to 2023-12-26 00:00:00+00:00
[2023-12-28 09:34:13,107] {processor.py:170} INFO - Processing /home/airflow/.local/lib/python3.6/site-packages/airflow/example_dags/example_trigger_controller_dag.py took 0.064 seconds
[2023-12-28 09:34:43,856] {processor.py:162} INFO - Started process (PID=6266) to work on /home/airflow/.local/lib/python3.6/site-packages/airflow/example_dags/example_trigger_controller_dag.py
[2023-12-28 09:34:43,857] {processor.py:613} INFO - Processing file /home/airflow/.local/lib/python3.6/site-packages/airflow/example_dags/example_trigger_controller_dag.py for tasks to queue
[2023-12-28 09:34:43,858] {logging_mixin.py:109} INFO - [2023-12-28 09:34:43,858] {dagbag.py:496} INFO - Filling up the DagBag from /home/airflow/.local/lib/python3.6/site-packages/airflow/example_dags/example_trigger_controller_dag.py
[2023-12-28 09:34:43,869] {processor.py:623} INFO - DAG(s) dict_keys(['example_trigger_controller_dag']) retrieved from /home/airflow/.local/lib/python3.6/site-packages/airflow/example_dags/example_trigger_controller_dag.py
[2023-12-28 09:34:43,894] {logging_mixin.py:109} INFO - [2023-12-28 09:34:43,893] {dag.py:1834} INFO - Sync 1 DAGs
[2023-12-28 09:34:43,909] {logging_mixin.py:109} INFO - [2023-12-28 09:34:43,909] {dag.py:2287} INFO - Setting next_dagrun for example_trigger_controller_dag to 2023-12-26 00:00:00+00:00
[2023-12-28 09:34:43,920] {processor.py:170} INFO - Processing /home/airflow/.local/lib/python3.6/site-packages/airflow/example_dags/example_trigger_controller_dag.py took 0.067 seconds
[2023-12-28 09:35:15,184] {processor.py:162} INFO - Started process (PID=6461) to work on /home/airflow/.local/lib/python3.6/site-packages/airflow/example_dags/example_trigger_controller_dag.py
[2023-12-28 09:35:15,186] {processor.py:613} INFO - Processing file /home/airflow/.local/lib/python3.6/site-packages/airflow/example_dags/example_trigger_controller_dag.py for tasks to queue
[2023-12-28 09:35:15,187] {logging_mixin.py:109} INFO - [2023-12-28 09:35:15,187] {dagbag.py:496} INFO - Filling up the DagBag from /home/airflow/.local/lib/python3.6/site-packages/airflow/example_dags/example_trigger_controller_dag.py
[2023-12-28 09:35:15,198] {processor.py:623} INFO - DAG(s) dict_keys(['example_trigger_controller_dag']) retrieved from /home/airflow/.local/lib/python3.6/site-packages/airflow/example_dags/example_trigger_controller_dag.py
[2023-12-28 09:35:15,221] {logging_mixin.py:109} INFO - [2023-12-28 09:35:15,221] {dag.py:1834} INFO - Sync 1 DAGs
[2023-12-28 09:35:15,236] {logging_mixin.py:109} INFO - [2023-12-28 09:35:15,236] {dag.py:2287} INFO - Setting next_dagrun for example_trigger_controller_dag to 2023-12-26 00:00:00+00:00
[2023-12-28 09:35:15,249] {processor.py:170} INFO - Processing /home/airflow/.local/lib/python3.6/site-packages/airflow/example_dags/example_trigger_controller_dag.py took 0.068 seconds
[2023-12-28 09:35:46,272] {processor.py:162} INFO - Started process (PID=6665) to work on /home/airflow/.local/lib/python3.6/site-packages/airflow/example_dags/example_trigger_controller_dag.py
[2023-12-28 09:35:46,274] {processor.py:613} INFO - Processing file /home/airflow/.local/lib/python3.6/site-packages/airflow/example_dags/example_trigger_controller_dag.py for tasks to queue
[2023-12-28 09:35:46,274] {logging_mixin.py:109} INFO - [2023-12-28 09:35:46,274] {dagbag.py:496} INFO - Filling up the DagBag from /home/airflow/.local/lib/python3.6/site-packages/airflow/example_dags/example_trigger_controller_dag.py
[2023-12-28 09:35:46,290] {processor.py:623} INFO - DAG(s) dict_keys(['example_trigger_controller_dag']) retrieved from /home/airflow/.local/lib/python3.6/site-packages/airflow/example_dags/example_trigger_controller_dag.py
[2023-12-28 09:35:46,315] {logging_mixin.py:109} INFO - [2023-12-28 09:35:46,315] {dag.py:1834} INFO - Sync 1 DAGs
[2023-12-28 09:35:46,332] {logging_mixin.py:109} INFO - [2023-12-28 09:35:46,332] {dag.py:2287} INFO - Setting next_dagrun for example_trigger_controller_dag to 2023-12-26 00:00:00+00:00
[2023-12-28 09:35:46,346] {processor.py:170} INFO - Processing /home/airflow/.local/lib/python3.6/site-packages/airflow/example_dags/example_trigger_controller_dag.py took 0.078 seconds
[2023-12-28 09:36:17,516] {processor.py:162} INFO - Started process (PID=6861) to work on /home/airflow/.local/lib/python3.6/site-packages/airflow/example_dags/example_trigger_controller_dag.py
[2023-12-28 09:36:17,517] {processor.py:613} INFO - Processing file /home/airflow/.local/lib/python3.6/site-packages/airflow/example_dags/example_trigger_controller_dag.py for tasks to queue
[2023-12-28 09:36:17,518] {logging_mixin.py:109} INFO - [2023-12-28 09:36:17,518] {dagbag.py:496} INFO - Filling up the DagBag from /home/airflow/.local/lib/python3.6/site-packages/airflow/example_dags/example_trigger_controller_dag.py
[2023-12-28 09:36:17,529] {processor.py:623} INFO - DAG(s) dict_keys(['example_trigger_controller_dag']) retrieved from /home/airflow/.local/lib/python3.6/site-packages/airflow/example_dags/example_trigger_controller_dag.py
[2023-12-28 09:36:17,554] {logging_mixin.py:109} INFO - [2023-12-28 09:36:17,554] {dag.py:1834} INFO - Sync 1 DAGs
[2023-12-28 09:36:17,570] {logging_mixin.py:109} INFO - [2023-12-28 09:36:17,570] {dag.py:2287} INFO - Setting next_dagrun for example_trigger_controller_dag to 2023-12-26 00:00:00+00:00
[2023-12-28 09:36:17,585] {processor.py:170} INFO - Processing /home/airflow/.local/lib/python3.6/site-packages/airflow/example_dags/example_trigger_controller_dag.py took 0.073 seconds
[2023-12-28 09:36:48,595] {processor.py:162} INFO - Started process (PID=7066) to work on /home/airflow/.local/lib/python3.6/site-packages/airflow/example_dags/example_trigger_controller_dag.py
[2023-12-28 09:36:48,597] {processor.py:613} INFO - Processing file /home/airflow/.local/lib/python3.6/site-packages/airflow/example_dags/example_trigger_controller_dag.py for tasks to queue
[2023-12-28 09:36:48,597] {logging_mixin.py:109} INFO - [2023-12-28 09:36:48,597] {dagbag.py:496} INFO - Filling up the DagBag from /home/airflow/.local/lib/python3.6/site-packages/airflow/example_dags/example_trigger_controller_dag.py
[2023-12-28 09:36:48,607] {processor.py:623} INFO - DAG(s) dict_keys(['example_trigger_controller_dag']) retrieved from /home/airflow/.local/lib/python3.6/site-packages/airflow/example_dags/example_trigger_controller_dag.py
[2023-12-28 09:36:48,627] {logging_mixin.py:109} INFO - [2023-12-28 09:36:48,627] {dag.py:1834} INFO - Sync 1 DAGs
[2023-12-28 09:36:48,639] {logging_mixin.py:109} INFO - [2023-12-28 09:36:48,639] {dag.py:2287} INFO - Setting next_dagrun for example_trigger_controller_dag to 2023-12-26 00:00:00+00:00
[2023-12-28 09:36:48,653] {processor.py:170} INFO - Processing /home/airflow/.local/lib/python3.6/site-packages/airflow/example_dags/example_trigger_controller_dag.py took 0.060 seconds
[2023-12-28 09:37:19,703] {processor.py:162} INFO - Started process (PID=7263) to work on /home/airflow/.local/lib/python3.6/site-packages/airflow/example_dags/example_trigger_controller_dag.py
[2023-12-28 09:37:19,705] {processor.py:613} INFO - Processing file /home/airflow/.local/lib/python3.6/site-packages/airflow/example_dags/example_trigger_controller_dag.py for tasks to queue
[2023-12-28 09:37:19,705] {logging_mixin.py:109} INFO - [2023-12-28 09:37:19,705] {dagbag.py:496} INFO - Filling up the DagBag from /home/airflow/.local/lib/python3.6/site-packages/airflow/example_dags/example_trigger_controller_dag.py
[2023-12-28 09:37:19,715] {processor.py:623} INFO - DAG(s) dict_keys(['example_trigger_controller_dag']) retrieved from /home/airflow/.local/lib/python3.6/site-packages/airflow/example_dags/example_trigger_controller_dag.py
[2023-12-28 09:37:19,735] {logging_mixin.py:109} INFO - [2023-12-28 09:37:19,735] {dag.py:1834} INFO - Sync 1 DAGs
[2023-12-28 09:37:19,747] {logging_mixin.py:109} INFO - [2023-12-28 09:37:19,747] {dag.py:2287} INFO - Setting next_dagrun for example_trigger_controller_dag to 2023-12-26 00:00:00+00:00
[2023-12-28 09:37:19,757] {processor.py:170} INFO - Processing /home/airflow/.local/lib/python3.6/site-packages/airflow/example_dags/example_trigger_controller_dag.py took 0.057 seconds
[2023-12-28 09:37:50,740] {processor.py:162} INFO - Started process (PID=7465) to work on /home/airflow/.local/lib/python3.6/site-packages/airflow/example_dags/example_trigger_controller_dag.py
[2023-12-28 09:37:50,741] {processor.py:613} INFO - Processing file /home/airflow/.local/lib/python3.6/site-packages/airflow/example_dags/example_trigger_controller_dag.py for tasks to queue
[2023-12-28 09:37:50,742] {logging_mixin.py:109} INFO - [2023-12-28 09:37:50,742] {dagbag.py:496} INFO - Filling up the DagBag from /home/airflow/.local/lib/python3.6/site-packages/airflow/example_dags/example_trigger_controller_dag.py
[2023-12-28 09:37:50,753] {processor.py:623} INFO - DAG(s) dict_keys(['example_trigger_controller_dag']) retrieved from /home/airflow/.local/lib/python3.6/site-packages/airflow/example_dags/example_trigger_controller_dag.py
[2023-12-28 09:37:50,776] {logging_mixin.py:109} INFO - [2023-12-28 09:37:50,776] {dag.py:1834} INFO - Sync 1 DAGs
[2023-12-28 09:37:50,792] {logging_mixin.py:109} INFO - [2023-12-28 09:37:50,792] {dag.py:2287} INFO - Setting next_dagrun for example_trigger_controller_dag to 2023-12-26 00:00:00+00:00
[2023-12-28 09:37:50,806] {processor.py:170} INFO - Processing /home/airflow/.local/lib/python3.6/site-packages/airflow/example_dags/example_trigger_controller_dag.py took 0.069 seconds
[2023-12-28 09:38:21,136] {processor.py:162} INFO - Started process (PID=7661) to work on /home/airflow/.local/lib/python3.6/site-packages/airflow/example_dags/example_trigger_controller_dag.py
[2023-12-28 09:38:21,138] {processor.py:613} INFO - Processing file /home/airflow/.local/lib/python3.6/site-packages/airflow/example_dags/example_trigger_controller_dag.py for tasks to queue
[2023-12-28 09:38:21,139] {logging_mixin.py:109} INFO - [2023-12-28 09:38:21,139] {dagbag.py:496} INFO - Filling up the DagBag from /home/airflow/.local/lib/python3.6/site-packages/airflow/example_dags/example_trigger_controller_dag.py
[2023-12-28 09:38:21,150] {processor.py:623} INFO - DAG(s) dict_keys(['example_trigger_controller_dag']) retrieved from /home/airflow/.local/lib/python3.6/site-packages/airflow/example_dags/example_trigger_controller_dag.py
[2023-12-28 09:38:21,174] {logging_mixin.py:109} INFO - [2023-12-28 09:38:21,174] {dag.py:1834} INFO - Sync 1 DAGs
[2023-12-28 09:38:21,189] {logging_mixin.py:109} INFO - [2023-12-28 09:38:21,189] {dag.py:2287} INFO - Setting next_dagrun for example_trigger_controller_dag to 2023-12-26 00:00:00+00:00
[2023-12-28 09:38:21,203] {processor.py:170} INFO - Processing /home/airflow/.local/lib/python3.6/site-packages/airflow/example_dags/example_trigger_controller_dag.py took 0.069 seconds
[2023-12-28 09:38:51,979] {processor.py:162} INFO - Started process (PID=7856) to work on /home/airflow/.local/lib/python3.6/site-packages/airflow/example_dags/example_trigger_controller_dag.py
[2023-12-28 09:38:51,981] {processor.py:613} INFO - Processing file /home/airflow/.local/lib/python3.6/site-packages/airflow/example_dags/example_trigger_controller_dag.py for tasks to queue
[2023-12-28 09:38:51,981] {logging_mixin.py:109} INFO - [2023-12-28 09:38:51,981] {dagbag.py:496} INFO - Filling up the DagBag from /home/airflow/.local/lib/python3.6/site-packages/airflow/example_dags/example_trigger_controller_dag.py
[2023-12-28 09:38:51,993] {processor.py:623} INFO - DAG(s) dict_keys(['example_trigger_controller_dag']) retrieved from /home/airflow/.local/lib/python3.6/site-packages/airflow/example_dags/example_trigger_controller_dag.py
[2023-12-28 09:38:52,017] {logging_mixin.py:109} INFO - [2023-12-28 09:38:52,017] {dag.py:1834} INFO - Sync 1 DAGs
[2023-12-28 09:38:52,032] {logging_mixin.py:109} INFO - [2023-12-28 09:38:52,032] {dag.py:2287} INFO - Setting next_dagrun for example_trigger_controller_dag to 2023-12-26 00:00:00+00:00
[2023-12-28 09:38:52,047] {processor.py:170} INFO - Processing /home/airflow/.local/lib/python3.6/site-packages/airflow/example_dags/example_trigger_controller_dag.py took 0.070 seconds
[2023-12-28 09:39:22,785] {processor.py:162} INFO - Started process (PID=8061) to work on /home/airflow/.local/lib/python3.6/site-packages/airflow/example_dags/example_trigger_controller_dag.py
[2023-12-28 09:39:22,786] {processor.py:613} INFO - Processing file /home/airflow/.local/lib/python3.6/site-packages/airflow/example_dags/example_trigger_controller_dag.py for tasks to queue
[2023-12-28 09:39:22,787] {logging_mixin.py:109} INFO - [2023-12-28 09:39:22,787] {dagbag.py:496} INFO - Filling up the DagBag from /home/airflow/.local/lib/python3.6/site-packages/airflow/example_dags/example_trigger_controller_dag.py
[2023-12-28 09:39:22,797] {processor.py:623} INFO - DAG(s) dict_keys(['example_trigger_controller_dag']) retrieved from /home/airflow/.local/lib/python3.6/site-packages/airflow/example_dags/example_trigger_controller_dag.py
[2023-12-28 09:39:22,818] {logging_mixin.py:109} INFO - [2023-12-28 09:39:22,818] {dag.py:1834} INFO - Sync 1 DAGs
[2023-12-28 09:39:22,832] {logging_mixin.py:109} INFO - [2023-12-28 09:39:22,832] {dag.py:2287} INFO - Setting next_dagrun for example_trigger_controller_dag to 2023-12-26 00:00:00+00:00
[2023-12-28 09:39:22,844] {processor.py:170} INFO - Processing /home/airflow/.local/lib/python3.6/site-packages/airflow/example_dags/example_trigger_controller_dag.py took 0.062 seconds
[2023-12-28 09:39:53,906] {processor.py:162} INFO - Started process (PID=8256) to work on /home/airflow/.local/lib/python3.6/site-packages/airflow/example_dags/example_trigger_controller_dag.py
[2023-12-28 09:39:53,907] {processor.py:613} INFO - Processing file /home/airflow/.local/lib/python3.6/site-packages/airflow/example_dags/example_trigger_controller_dag.py for tasks to queue
[2023-12-28 09:39:53,908] {logging_mixin.py:109} INFO - [2023-12-28 09:39:53,908] {dagbag.py:496} INFO - Filling up the DagBag from /home/airflow/.local/lib/python3.6/site-packages/airflow/example_dags/example_trigger_controller_dag.py
[2023-12-28 09:39:53,919] {processor.py:623} INFO - DAG(s) dict_keys(['example_trigger_controller_dag']) retrieved from /home/airflow/.local/lib/python3.6/site-packages/airflow/example_dags/example_trigger_controller_dag.py
[2023-12-28 09:39:53,943] {logging_mixin.py:109} INFO - [2023-12-28 09:39:53,943] {dag.py:1834} INFO - Sync 1 DAGs
[2023-12-28 09:39:53,958] {logging_mixin.py:109} INFO - [2023-12-28 09:39:53,958] {dag.py:2287} INFO - Setting next_dagrun for example_trigger_controller_dag to 2023-12-26 00:00:00+00:00
[2023-12-28 09:39:53,971] {processor.py:170} INFO - Processing /home/airflow/.local/lib/python3.6/site-packages/airflow/example_dags/example_trigger_controller_dag.py took 0.068 seconds
[2023-12-28 09:40:24,421] {processor.py:162} INFO - Started process (PID=8461) to work on /home/airflow/.local/lib/python3.6/site-packages/airflow/example_dags/example_trigger_controller_dag.py
[2023-12-28 09:40:24,423] {processor.py:613} INFO - Processing file /home/airflow/.local/lib/python3.6/site-packages/airflow/example_dags/example_trigger_controller_dag.py for tasks to queue
[2023-12-28 09:40:24,423] {logging_mixin.py:109} INFO - [2023-12-28 09:40:24,423] {dagbag.py:496} INFO - Filling up the DagBag from /home/airflow/.local/lib/python3.6/site-packages/airflow/example_dags/example_trigger_controller_dag.py
[2023-12-28 09:40:24,435] {processor.py:623} INFO - DAG(s) dict_keys(['example_trigger_controller_dag']) retrieved from /home/airflow/.local/lib/python3.6/site-packages/airflow/example_dags/example_trigger_controller_dag.py
[2023-12-28 09:40:24,464] {logging_mixin.py:109} INFO - [2023-12-28 09:40:24,464] {dag.py:1834} INFO - Sync 1 DAGs
[2023-12-28 09:40:24,483] {logging_mixin.py:109} INFO - [2023-12-28 09:40:24,482] {dag.py:2287} INFO - Setting next_dagrun for example_trigger_controller_dag to 2023-12-26 00:00:00+00:00
[2023-12-28 09:40:24,498] {processor.py:170} INFO - Processing /home/airflow/.local/lib/python3.6/site-packages/airflow/example_dags/example_trigger_controller_dag.py took 0.080 seconds
