[2023-12-28 09:19:24,559] {processor.py:162} INFO - Started process (PID=306) to work on /home/airflow/.local/lib/python3.6/site-packages/airflow/example_dags/example_branch_python_dop_operator_3.py
[2023-12-28 09:19:24,560] {processor.py:613} INFO - Processing file /home/airflow/.local/lib/python3.6/site-packages/airflow/example_dags/example_branch_python_dop_operator_3.py for tasks to queue
[2023-12-28 09:19:24,560] {logging_mixin.py:109} INFO - [2023-12-28 09:19:24,560] {dagbag.py:496} INFO - Filling up the DagBag from /home/airflow/.local/lib/python3.6/site-packages/airflow/example_dags/example_branch_python_dop_operator_3.py
[2023-12-28 09:19:24,573] {processor.py:623} INFO - DAG(s) dict_keys(['example_branch_dop_operator_v3']) retrieved from /home/airflow/.local/lib/python3.6/site-packages/airflow/example_dags/example_branch_python_dop_operator_3.py
[2023-12-28 09:19:24,792] {logging_mixin.py:109} INFO - [2023-12-28 09:19:24,792] {dag.py:1834} INFO - Sync 1 DAGs
[2023-12-28 09:19:24,815] {logging_mixin.py:109} INFO - [2023-12-28 09:19:24,815] {dag.py:2287} INFO - Setting next_dagrun for example_branch_dop_operator_v3 to 2023-12-26 00:00:00+00:00
[2023-12-28 09:19:24,830] {processor.py:170} INFO - Processing /home/airflow/.local/lib/python3.6/site-packages/airflow/example_dags/example_branch_python_dop_operator_3.py took 0.275 seconds
[2023-12-28 09:19:55,587] {processor.py:162} INFO - Started process (PID=501) to work on /home/airflow/.local/lib/python3.6/site-packages/airflow/example_dags/example_branch_python_dop_operator_3.py
[2023-12-28 09:19:55,589] {processor.py:613} INFO - Processing file /home/airflow/.local/lib/python3.6/site-packages/airflow/example_dags/example_branch_python_dop_operator_3.py for tasks to queue
[2023-12-28 09:19:55,589] {logging_mixin.py:109} INFO - [2023-12-28 09:19:55,589] {dagbag.py:496} INFO - Filling up the DagBag from /home/airflow/.local/lib/python3.6/site-packages/airflow/example_dags/example_branch_python_dop_operator_3.py
[2023-12-28 09:19:55,602] {processor.py:623} INFO - DAG(s) dict_keys(['example_branch_dop_operator_v3']) retrieved from /home/airflow/.local/lib/python3.6/site-packages/airflow/example_dags/example_branch_python_dop_operator_3.py
[2023-12-28 09:19:55,642] {logging_mixin.py:109} INFO - [2023-12-28 09:19:55,641] {dag.py:1834} INFO - Sync 1 DAGs
[2023-12-28 09:19:55,675] {logging_mixin.py:109} INFO - [2023-12-28 09:19:55,674] {dag.py:2287} INFO - Setting next_dagrun for example_branch_dop_operator_v3 to 2023-12-26 00:00:00+00:00
[2023-12-28 09:19:55,688] {processor.py:170} INFO - Processing /home/airflow/.local/lib/python3.6/site-packages/airflow/example_dags/example_branch_python_dop_operator_3.py took 0.103 seconds
[2023-12-28 09:20:26,523] {processor.py:162} INFO - Started process (PID=706) to work on /home/airflow/.local/lib/python3.6/site-packages/airflow/example_dags/example_branch_python_dop_operator_3.py
[2023-12-28 09:20:26,524] {processor.py:613} INFO - Processing file /home/airflow/.local/lib/python3.6/site-packages/airflow/example_dags/example_branch_python_dop_operator_3.py for tasks to queue
[2023-12-28 09:20:26,525] {logging_mixin.py:109} INFO - [2023-12-28 09:20:26,525] {dagbag.py:496} INFO - Filling up the DagBag from /home/airflow/.local/lib/python3.6/site-packages/airflow/example_dags/example_branch_python_dop_operator_3.py
[2023-12-28 09:20:26,537] {processor.py:623} INFO - DAG(s) dict_keys(['example_branch_dop_operator_v3']) retrieved from /home/airflow/.local/lib/python3.6/site-packages/airflow/example_dags/example_branch_python_dop_operator_3.py
[2023-12-28 09:20:26,559] {logging_mixin.py:109} INFO - [2023-12-28 09:20:26,559] {dag.py:1834} INFO - Sync 1 DAGs
[2023-12-28 09:20:26,581] {logging_mixin.py:109} INFO - [2023-12-28 09:20:26,581] {dag.py:2287} INFO - Setting next_dagrun for example_branch_dop_operator_v3 to 2023-12-26 00:00:00+00:00
[2023-12-28 09:20:26,594] {processor.py:170} INFO - Processing /home/airflow/.local/lib/python3.6/site-packages/airflow/example_dags/example_branch_python_dop_operator_3.py took 0.074 seconds
[2023-12-28 09:20:57,036] {processor.py:162} INFO - Started process (PID=901) to work on /home/airflow/.local/lib/python3.6/site-packages/airflow/example_dags/example_branch_python_dop_operator_3.py
[2023-12-28 09:20:57,037] {processor.py:613} INFO - Processing file /home/airflow/.local/lib/python3.6/site-packages/airflow/example_dags/example_branch_python_dop_operator_3.py for tasks to queue
[2023-12-28 09:20:57,038] {logging_mixin.py:109} INFO - [2023-12-28 09:20:57,038] {dagbag.py:496} INFO - Filling up the DagBag from /home/airflow/.local/lib/python3.6/site-packages/airflow/example_dags/example_branch_python_dop_operator_3.py
[2023-12-28 09:20:57,053] {processor.py:623} INFO - DAG(s) dict_keys(['example_branch_dop_operator_v3']) retrieved from /home/airflow/.local/lib/python3.6/site-packages/airflow/example_dags/example_branch_python_dop_operator_3.py
[2023-12-28 09:20:57,081] {logging_mixin.py:109} INFO - [2023-12-28 09:20:57,080] {dag.py:1834} INFO - Sync 1 DAGs
[2023-12-28 09:20:57,106] {logging_mixin.py:109} INFO - [2023-12-28 09:20:57,106] {dag.py:2287} INFO - Setting next_dagrun for example_branch_dop_operator_v3 to 2023-12-26 00:00:00+00:00
[2023-12-28 09:20:57,119] {processor.py:170} INFO - Processing /home/airflow/.local/lib/python3.6/site-packages/airflow/example_dags/example_branch_python_dop_operator_3.py took 0.086 seconds
[2023-12-28 09:21:27,909] {processor.py:162} INFO - Started process (PID=1106) to work on /home/airflow/.local/lib/python3.6/site-packages/airflow/example_dags/example_branch_python_dop_operator_3.py
[2023-12-28 09:21:27,911] {processor.py:613} INFO - Processing file /home/airflow/.local/lib/python3.6/site-packages/airflow/example_dags/example_branch_python_dop_operator_3.py for tasks to queue
[2023-12-28 09:21:27,912] {logging_mixin.py:109} INFO - [2023-12-28 09:21:27,912] {dagbag.py:496} INFO - Filling up the DagBag from /home/airflow/.local/lib/python3.6/site-packages/airflow/example_dags/example_branch_python_dop_operator_3.py
[2023-12-28 09:21:27,927] {processor.py:623} INFO - DAG(s) dict_keys(['example_branch_dop_operator_v3']) retrieved from /home/airflow/.local/lib/python3.6/site-packages/airflow/example_dags/example_branch_python_dop_operator_3.py
[2023-12-28 09:21:27,955] {logging_mixin.py:109} INFO - [2023-12-28 09:21:27,954] {dag.py:1834} INFO - Sync 1 DAGs
[2023-12-28 09:21:27,982] {logging_mixin.py:109} INFO - [2023-12-28 09:21:27,982] {dag.py:2287} INFO - Setting next_dagrun for example_branch_dop_operator_v3 to 2023-12-26 00:00:00+00:00
[2023-12-28 09:21:27,997] {processor.py:170} INFO - Processing /home/airflow/.local/lib/python3.6/site-packages/airflow/example_dags/example_branch_python_dop_operator_3.py took 0.092 seconds
[2023-12-28 09:21:58,771] {processor.py:162} INFO - Started process (PID=1301) to work on /home/airflow/.local/lib/python3.6/site-packages/airflow/example_dags/example_branch_python_dop_operator_3.py
[2023-12-28 09:21:58,773] {processor.py:613} INFO - Processing file /home/airflow/.local/lib/python3.6/site-packages/airflow/example_dags/example_branch_python_dop_operator_3.py for tasks to queue
[2023-12-28 09:21:58,774] {logging_mixin.py:109} INFO - [2023-12-28 09:21:58,774] {dagbag.py:496} INFO - Filling up the DagBag from /home/airflow/.local/lib/python3.6/site-packages/airflow/example_dags/example_branch_python_dop_operator_3.py
[2023-12-28 09:21:58,788] {processor.py:623} INFO - DAG(s) dict_keys(['example_branch_dop_operator_v3']) retrieved from /home/airflow/.local/lib/python3.6/site-packages/airflow/example_dags/example_branch_python_dop_operator_3.py
[2023-12-28 09:21:58,816] {logging_mixin.py:109} INFO - [2023-12-28 09:21:58,816] {dag.py:1834} INFO - Sync 1 DAGs
[2023-12-28 09:21:58,844] {logging_mixin.py:109} INFO - [2023-12-28 09:21:58,844] {dag.py:2287} INFO - Setting next_dagrun for example_branch_dop_operator_v3 to 2023-12-26 00:00:00+00:00
[2023-12-28 09:21:58,860] {processor.py:170} INFO - Processing /home/airflow/.local/lib/python3.6/site-packages/airflow/example_dags/example_branch_python_dop_operator_3.py took 0.092 seconds
[2023-12-28 09:22:29,139] {processor.py:162} INFO - Started process (PID=1505) to work on /home/airflow/.local/lib/python3.6/site-packages/airflow/example_dags/example_branch_python_dop_operator_3.py
[2023-12-28 09:22:29,141] {processor.py:613} INFO - Processing file /home/airflow/.local/lib/python3.6/site-packages/airflow/example_dags/example_branch_python_dop_operator_3.py for tasks to queue
[2023-12-28 09:22:29,142] {logging_mixin.py:109} INFO - [2023-12-28 09:22:29,141] {dagbag.py:496} INFO - Filling up the DagBag from /home/airflow/.local/lib/python3.6/site-packages/airflow/example_dags/example_branch_python_dop_operator_3.py
[2023-12-28 09:22:29,156] {processor.py:623} INFO - DAG(s) dict_keys(['example_branch_dop_operator_v3']) retrieved from /home/airflow/.local/lib/python3.6/site-packages/airflow/example_dags/example_branch_python_dop_operator_3.py
[2023-12-28 09:22:29,180] {logging_mixin.py:109} INFO - [2023-12-28 09:22:29,179] {dag.py:1834} INFO - Sync 1 DAGs
[2023-12-28 09:22:29,202] {logging_mixin.py:109} INFO - [2023-12-28 09:22:29,202] {dag.py:2287} INFO - Setting next_dagrun for example_branch_dop_operator_v3 to 2023-12-26 00:00:00+00:00
[2023-12-28 09:22:29,215] {processor.py:170} INFO - Processing /home/airflow/.local/lib/python3.6/site-packages/airflow/example_dags/example_branch_python_dop_operator_3.py took 0.079 seconds
[2023-12-28 09:22:59,668] {processor.py:162} INFO - Started process (PID=1701) to work on /home/airflow/.local/lib/python3.6/site-packages/airflow/example_dags/example_branch_python_dop_operator_3.py
[2023-12-28 09:22:59,669] {processor.py:613} INFO - Processing file /home/airflow/.local/lib/python3.6/site-packages/airflow/example_dags/example_branch_python_dop_operator_3.py for tasks to queue
[2023-12-28 09:22:59,669] {logging_mixin.py:109} INFO - [2023-12-28 09:22:59,669] {dagbag.py:496} INFO - Filling up the DagBag from /home/airflow/.local/lib/python3.6/site-packages/airflow/example_dags/example_branch_python_dop_operator_3.py
[2023-12-28 09:22:59,683] {processor.py:623} INFO - DAG(s) dict_keys(['example_branch_dop_operator_v3']) retrieved from /home/airflow/.local/lib/python3.6/site-packages/airflow/example_dags/example_branch_python_dop_operator_3.py
[2023-12-28 09:22:59,707] {logging_mixin.py:109} INFO - [2023-12-28 09:22:59,706] {dag.py:1834} INFO - Sync 1 DAGs
[2023-12-28 09:22:59,731] {logging_mixin.py:109} INFO - [2023-12-28 09:22:59,731] {dag.py:2287} INFO - Setting next_dagrun for example_branch_dop_operator_v3 to 2023-12-26 00:00:00+00:00
[2023-12-28 09:22:59,745] {processor.py:170} INFO - Processing /home/airflow/.local/lib/python3.6/site-packages/airflow/example_dags/example_branch_python_dop_operator_3.py took 0.080 seconds
[2023-12-28 09:23:29,960] {processor.py:162} INFO - Started process (PID=1891) to work on /home/airflow/.local/lib/python3.6/site-packages/airflow/example_dags/example_branch_python_dop_operator_3.py
[2023-12-28 09:23:29,962] {processor.py:613} INFO - Processing file /home/airflow/.local/lib/python3.6/site-packages/airflow/example_dags/example_branch_python_dop_operator_3.py for tasks to queue
[2023-12-28 09:23:29,963] {logging_mixin.py:109} INFO - [2023-12-28 09:23:29,962] {dagbag.py:496} INFO - Filling up the DagBag from /home/airflow/.local/lib/python3.6/site-packages/airflow/example_dags/example_branch_python_dop_operator_3.py
[2023-12-28 09:23:29,978] {processor.py:623} INFO - DAG(s) dict_keys(['example_branch_dop_operator_v3']) retrieved from /home/airflow/.local/lib/python3.6/site-packages/airflow/example_dags/example_branch_python_dop_operator_3.py
[2023-12-28 09:23:30,006] {logging_mixin.py:109} INFO - [2023-12-28 09:23:30,006] {dag.py:1834} INFO - Sync 1 DAGs
[2023-12-28 09:23:30,039] {logging_mixin.py:109} INFO - [2023-12-28 09:23:30,039] {dag.py:2287} INFO - Setting next_dagrun for example_branch_dop_operator_v3 to 2023-12-26 00:00:00+00:00
[2023-12-28 09:23:30,055] {processor.py:170} INFO - Processing /home/airflow/.local/lib/python3.6/site-packages/airflow/example_dags/example_branch_python_dop_operator_3.py took 0.099 seconds
[2023-12-28 09:24:00,195] {processor.py:162} INFO - Started process (PID=2075) to work on /home/airflow/.local/lib/python3.6/site-packages/airflow/example_dags/example_branch_python_dop_operator_3.py
[2023-12-28 09:24:00,197] {processor.py:613} INFO - Processing file /home/airflow/.local/lib/python3.6/site-packages/airflow/example_dags/example_branch_python_dop_operator_3.py for tasks to queue
[2023-12-28 09:24:00,198] {logging_mixin.py:109} INFO - [2023-12-28 09:24:00,197] {dagbag.py:496} INFO - Filling up the DagBag from /home/airflow/.local/lib/python3.6/site-packages/airflow/example_dags/example_branch_python_dop_operator_3.py
[2023-12-28 09:24:00,213] {processor.py:623} INFO - DAG(s) dict_keys(['example_branch_dop_operator_v3']) retrieved from /home/airflow/.local/lib/python3.6/site-packages/airflow/example_dags/example_branch_python_dop_operator_3.py
[2023-12-28 09:24:00,240] {logging_mixin.py:109} INFO - [2023-12-28 09:24:00,240] {dag.py:1834} INFO - Sync 1 DAGs
[2023-12-28 09:24:00,268] {logging_mixin.py:109} INFO - [2023-12-28 09:24:00,268] {dag.py:2287} INFO - Setting next_dagrun for example_branch_dop_operator_v3 to 2023-12-26 00:00:00+00:00
[2023-12-28 09:24:00,286] {processor.py:170} INFO - Processing /home/airflow/.local/lib/python3.6/site-packages/airflow/example_dags/example_branch_python_dop_operator_3.py took 0.095 seconds
[2023-12-28 09:24:30,817] {processor.py:162} INFO - Started process (PID=2271) to work on /home/airflow/.local/lib/python3.6/site-packages/airflow/example_dags/example_branch_python_dop_operator_3.py
[2023-12-28 09:24:30,819] {processor.py:613} INFO - Processing file /home/airflow/.local/lib/python3.6/site-packages/airflow/example_dags/example_branch_python_dop_operator_3.py for tasks to queue
[2023-12-28 09:24:30,820] {logging_mixin.py:109} INFO - [2023-12-28 09:24:30,820] {dagbag.py:496} INFO - Filling up the DagBag from /home/airflow/.local/lib/python3.6/site-packages/airflow/example_dags/example_branch_python_dop_operator_3.py
[2023-12-28 09:24:30,835] {processor.py:623} INFO - DAG(s) dict_keys(['example_branch_dop_operator_v3']) retrieved from /home/airflow/.local/lib/python3.6/site-packages/airflow/example_dags/example_branch_python_dop_operator_3.py
[2023-12-28 09:24:30,862] {logging_mixin.py:109} INFO - [2023-12-28 09:24:30,862] {dag.py:1834} INFO - Sync 1 DAGs
[2023-12-28 09:24:30,889] {logging_mixin.py:109} INFO - [2023-12-28 09:24:30,889] {dag.py:2287} INFO - Setting next_dagrun for example_branch_dop_operator_v3 to 2023-12-26 00:00:00+00:00
[2023-12-28 09:24:30,906] {processor.py:170} INFO - Processing /home/airflow/.local/lib/python3.6/site-packages/airflow/example_dags/example_branch_python_dop_operator_3.py took 0.092 seconds
[2023-12-28 09:25:01,304] {processor.py:162} INFO - Started process (PID=2476) to work on /home/airflow/.local/lib/python3.6/site-packages/airflow/example_dags/example_branch_python_dop_operator_3.py
[2023-12-28 09:25:01,305] {processor.py:613} INFO - Processing file /home/airflow/.local/lib/python3.6/site-packages/airflow/example_dags/example_branch_python_dop_operator_3.py for tasks to queue
[2023-12-28 09:25:01,306] {logging_mixin.py:109} INFO - [2023-12-28 09:25:01,305] {dagbag.py:496} INFO - Filling up the DagBag from /home/airflow/.local/lib/python3.6/site-packages/airflow/example_dags/example_branch_python_dop_operator_3.py
[2023-12-28 09:25:01,319] {processor.py:623} INFO - DAG(s) dict_keys(['example_branch_dop_operator_v3']) retrieved from /home/airflow/.local/lib/python3.6/site-packages/airflow/example_dags/example_branch_python_dop_operator_3.py
[2023-12-28 09:25:01,343] {logging_mixin.py:109} INFO - [2023-12-28 09:25:01,343] {dag.py:1834} INFO - Sync 1 DAGs
[2023-12-28 09:25:01,368] {logging_mixin.py:109} INFO - [2023-12-28 09:25:01,368] {dag.py:2287} INFO - Setting next_dagrun for example_branch_dop_operator_v3 to 2023-12-26 00:00:00+00:00
[2023-12-28 09:25:01,382] {processor.py:170} INFO - Processing /home/airflow/.local/lib/python3.6/site-packages/airflow/example_dags/example_branch_python_dop_operator_3.py took 0.080 seconds
[2023-12-28 09:25:31,705] {processor.py:162} INFO - Started process (PID=2671) to work on /home/airflow/.local/lib/python3.6/site-packages/airflow/example_dags/example_branch_python_dop_operator_3.py
[2023-12-28 09:25:31,707] {processor.py:613} INFO - Processing file /home/airflow/.local/lib/python3.6/site-packages/airflow/example_dags/example_branch_python_dop_operator_3.py for tasks to queue
[2023-12-28 09:25:31,708] {logging_mixin.py:109} INFO - [2023-12-28 09:25:31,708] {dagbag.py:496} INFO - Filling up the DagBag from /home/airflow/.local/lib/python3.6/site-packages/airflow/example_dags/example_branch_python_dop_operator_3.py
[2023-12-28 09:25:31,722] {processor.py:623} INFO - DAG(s) dict_keys(['example_branch_dop_operator_v3']) retrieved from /home/airflow/.local/lib/python3.6/site-packages/airflow/example_dags/example_branch_python_dop_operator_3.py
[2023-12-28 09:25:31,751] {logging_mixin.py:109} INFO - [2023-12-28 09:25:31,751] {dag.py:1834} INFO - Sync 1 DAGs
[2023-12-28 09:25:31,780] {logging_mixin.py:109} INFO - [2023-12-28 09:25:31,780] {dag.py:2287} INFO - Setting next_dagrun for example_branch_dop_operator_v3 to 2023-12-26 00:00:00+00:00
[2023-12-28 09:25:31,797] {processor.py:170} INFO - Processing /home/airflow/.local/lib/python3.6/site-packages/airflow/example_dags/example_branch_python_dop_operator_3.py took 0.095 seconds
[2023-12-28 09:26:02,200] {processor.py:162} INFO - Started process (PID=2868) to work on /home/airflow/.local/lib/python3.6/site-packages/airflow/example_dags/example_branch_python_dop_operator_3.py
[2023-12-28 09:26:02,202] {processor.py:613} INFO - Processing file /home/airflow/.local/lib/python3.6/site-packages/airflow/example_dags/example_branch_python_dop_operator_3.py for tasks to queue
[2023-12-28 09:26:02,203] {logging_mixin.py:109} INFO - [2023-12-28 09:26:02,202] {dagbag.py:496} INFO - Filling up the DagBag from /home/airflow/.local/lib/python3.6/site-packages/airflow/example_dags/example_branch_python_dop_operator_3.py
[2023-12-28 09:26:02,219] {processor.py:623} INFO - DAG(s) dict_keys(['example_branch_dop_operator_v3']) retrieved from /home/airflow/.local/lib/python3.6/site-packages/airflow/example_dags/example_branch_python_dop_operator_3.py
[2023-12-28 09:26:02,249] {logging_mixin.py:109} INFO - [2023-12-28 09:26:02,249] {dag.py:1834} INFO - Sync 1 DAGs
[2023-12-28 09:26:02,285] {logging_mixin.py:109} INFO - [2023-12-28 09:26:02,285] {dag.py:2287} INFO - Setting next_dagrun for example_branch_dop_operator_v3 to 2023-12-26 00:00:00+00:00
[2023-12-28 09:26:02,303] {processor.py:170} INFO - Processing /home/airflow/.local/lib/python3.6/site-packages/airflow/example_dags/example_branch_python_dop_operator_3.py took 0.106 seconds
[2023-12-28 09:26:32,584] {processor.py:162} INFO - Started process (PID=3071) to work on /home/airflow/.local/lib/python3.6/site-packages/airflow/example_dags/example_branch_python_dop_operator_3.py
[2023-12-28 09:26:32,587] {processor.py:613} INFO - Processing file /home/airflow/.local/lib/python3.6/site-packages/airflow/example_dags/example_branch_python_dop_operator_3.py for tasks to queue
[2023-12-28 09:26:32,588] {logging_mixin.py:109} INFO - [2023-12-28 09:26:32,587] {dagbag.py:496} INFO - Filling up the DagBag from /home/airflow/.local/lib/python3.6/site-packages/airflow/example_dags/example_branch_python_dop_operator_3.py
[2023-12-28 09:26:32,603] {processor.py:623} INFO - DAG(s) dict_keys(['example_branch_dop_operator_v3']) retrieved from /home/airflow/.local/lib/python3.6/site-packages/airflow/example_dags/example_branch_python_dop_operator_3.py
[2023-12-28 09:26:32,634] {logging_mixin.py:109} INFO - [2023-12-28 09:26:32,633] {dag.py:1834} INFO - Sync 1 DAGs
[2023-12-28 09:26:32,664] {logging_mixin.py:109} INFO - [2023-12-28 09:26:32,664] {dag.py:2287} INFO - Setting next_dagrun for example_branch_dop_operator_v3 to 2023-12-26 00:00:00+00:00
[2023-12-28 09:26:32,680] {processor.py:170} INFO - Processing /home/airflow/.local/lib/python3.6/site-packages/airflow/example_dags/example_branch_python_dop_operator_3.py took 0.100 seconds
[2023-12-28 09:27:02,975] {processor.py:162} INFO - Started process (PID=3266) to work on /home/airflow/.local/lib/python3.6/site-packages/airflow/example_dags/example_branch_python_dop_operator_3.py
[2023-12-28 09:27:02,977] {processor.py:613} INFO - Processing file /home/airflow/.local/lib/python3.6/site-packages/airflow/example_dags/example_branch_python_dop_operator_3.py for tasks to queue
[2023-12-28 09:27:02,978] {logging_mixin.py:109} INFO - [2023-12-28 09:27:02,978] {dagbag.py:496} INFO - Filling up the DagBag from /home/airflow/.local/lib/python3.6/site-packages/airflow/example_dags/example_branch_python_dop_operator_3.py
[2023-12-28 09:27:02,998] {processor.py:623} INFO - DAG(s) dict_keys(['example_branch_dop_operator_v3']) retrieved from /home/airflow/.local/lib/python3.6/site-packages/airflow/example_dags/example_branch_python_dop_operator_3.py
[2023-12-28 09:27:03,028] {logging_mixin.py:109} INFO - [2023-12-28 09:27:03,028] {dag.py:1834} INFO - Sync 1 DAGs
[2023-12-28 09:27:03,060] {logging_mixin.py:109} INFO - [2023-12-28 09:27:03,060] {dag.py:2287} INFO - Setting next_dagrun for example_branch_dop_operator_v3 to 2023-12-26 00:00:00+00:00
[2023-12-28 09:27:03,077] {processor.py:170} INFO - Processing /home/airflow/.local/lib/python3.6/site-packages/airflow/example_dags/example_branch_python_dop_operator_3.py took 0.106 seconds
[2023-12-28 09:27:33,341] {processor.py:162} INFO - Started process (PID=3471) to work on /home/airflow/.local/lib/python3.6/site-packages/airflow/example_dags/example_branch_python_dop_operator_3.py
[2023-12-28 09:27:33,343] {processor.py:613} INFO - Processing file /home/airflow/.local/lib/python3.6/site-packages/airflow/example_dags/example_branch_python_dop_operator_3.py for tasks to queue
[2023-12-28 09:27:33,344] {logging_mixin.py:109} INFO - [2023-12-28 09:27:33,344] {dagbag.py:496} INFO - Filling up the DagBag from /home/airflow/.local/lib/python3.6/site-packages/airflow/example_dags/example_branch_python_dop_operator_3.py
[2023-12-28 09:27:33,361] {processor.py:623} INFO - DAG(s) dict_keys(['example_branch_dop_operator_v3']) retrieved from /home/airflow/.local/lib/python3.6/site-packages/airflow/example_dags/example_branch_python_dop_operator_3.py
[2023-12-28 09:27:33,389] {logging_mixin.py:109} INFO - [2023-12-28 09:27:33,389] {dag.py:1834} INFO - Sync 1 DAGs
[2023-12-28 09:27:33,416] {logging_mixin.py:109} INFO - [2023-12-28 09:27:33,416] {dag.py:2287} INFO - Setting next_dagrun for example_branch_dop_operator_v3 to 2023-12-26 00:00:00+00:00
[2023-12-28 09:27:33,431] {processor.py:170} INFO - Processing /home/airflow/.local/lib/python3.6/site-packages/airflow/example_dags/example_branch_python_dop_operator_3.py took 0.093 seconds
[2023-12-28 09:28:03,548] {processor.py:162} INFO - Started process (PID=3661) to work on /home/airflow/.local/lib/python3.6/site-packages/airflow/example_dags/example_branch_python_dop_operator_3.py
[2023-12-28 09:28:03,549] {processor.py:613} INFO - Processing file /home/airflow/.local/lib/python3.6/site-packages/airflow/example_dags/example_branch_python_dop_operator_3.py for tasks to queue
[2023-12-28 09:28:03,550] {logging_mixin.py:109} INFO - [2023-12-28 09:28:03,550] {dagbag.py:496} INFO - Filling up the DagBag from /home/airflow/.local/lib/python3.6/site-packages/airflow/example_dags/example_branch_python_dop_operator_3.py
[2023-12-28 09:28:03,578] {processor.py:623} INFO - DAG(s) dict_keys(['example_branch_dop_operator_v3']) retrieved from /home/airflow/.local/lib/python3.6/site-packages/airflow/example_dags/example_branch_python_dop_operator_3.py
[2023-12-28 09:28:03,607] {logging_mixin.py:109} INFO - [2023-12-28 09:28:03,607] {dag.py:1834} INFO - Sync 1 DAGs
[2023-12-28 09:28:03,639] {logging_mixin.py:109} INFO - [2023-12-28 09:28:03,639] {dag.py:2287} INFO - Setting next_dagrun for example_branch_dop_operator_v3 to 2023-12-26 00:00:00+00:00
[2023-12-28 09:28:03,659] {processor.py:170} INFO - Processing /home/airflow/.local/lib/python3.6/site-packages/airflow/example_dags/example_branch_python_dop_operator_3.py took 0.119 seconds
[2023-12-28 09:28:34,208] {processor.py:162} INFO - Started process (PID=3867) to work on /home/airflow/.local/lib/python3.6/site-packages/airflow/example_dags/example_branch_python_dop_operator_3.py
[2023-12-28 09:28:34,209] {processor.py:613} INFO - Processing file /home/airflow/.local/lib/python3.6/site-packages/airflow/example_dags/example_branch_python_dop_operator_3.py for tasks to queue
[2023-12-28 09:28:34,210] {logging_mixin.py:109} INFO - [2023-12-28 09:28:34,210] {dagbag.py:496} INFO - Filling up the DagBag from /home/airflow/.local/lib/python3.6/site-packages/airflow/example_dags/example_branch_python_dop_operator_3.py
[2023-12-28 09:28:34,226] {processor.py:623} INFO - DAG(s) dict_keys(['example_branch_dop_operator_v3']) retrieved from /home/airflow/.local/lib/python3.6/site-packages/airflow/example_dags/example_branch_python_dop_operator_3.py
[2023-12-28 09:28:34,255] {logging_mixin.py:109} INFO - [2023-12-28 09:28:34,255] {dag.py:1834} INFO - Sync 1 DAGs
[2023-12-28 09:28:34,285] {logging_mixin.py:109} INFO - [2023-12-28 09:28:34,285] {dag.py:2287} INFO - Setting next_dagrun for example_branch_dop_operator_v3 to 2023-12-26 00:00:00+00:00
[2023-12-28 09:28:34,302] {processor.py:170} INFO - Processing /home/airflow/.local/lib/python3.6/site-packages/airflow/example_dags/example_branch_python_dop_operator_3.py took 0.098 seconds
[2023-12-28 09:29:04,593] {processor.py:162} INFO - Started process (PID=4062) to work on /home/airflow/.local/lib/python3.6/site-packages/airflow/example_dags/example_branch_python_dop_operator_3.py
[2023-12-28 09:29:04,594] {processor.py:613} INFO - Processing file /home/airflow/.local/lib/python3.6/site-packages/airflow/example_dags/example_branch_python_dop_operator_3.py for tasks to queue
[2023-12-28 09:29:04,595] {logging_mixin.py:109} INFO - [2023-12-28 09:29:04,594] {dagbag.py:496} INFO - Filling up the DagBag from /home/airflow/.local/lib/python3.6/site-packages/airflow/example_dags/example_branch_python_dop_operator_3.py
[2023-12-28 09:29:04,609] {processor.py:623} INFO - DAG(s) dict_keys(['example_branch_dop_operator_v3']) retrieved from /home/airflow/.local/lib/python3.6/site-packages/airflow/example_dags/example_branch_python_dop_operator_3.py
[2023-12-28 09:29:04,635] {logging_mixin.py:109} INFO - [2023-12-28 09:29:04,635] {dag.py:1834} INFO - Sync 1 DAGs
[2023-12-28 09:29:04,664] {logging_mixin.py:109} INFO - [2023-12-28 09:29:04,664] {dag.py:2287} INFO - Setting next_dagrun for example_branch_dop_operator_v3 to 2023-12-26 00:00:00+00:00
[2023-12-28 09:29:04,678] {processor.py:170} INFO - Processing /home/airflow/.local/lib/python3.6/site-packages/airflow/example_dags/example_branch_python_dop_operator_3.py took 0.088 seconds
[2023-12-28 09:29:35,148] {processor.py:162} INFO - Started process (PID=4256) to work on /home/airflow/.local/lib/python3.6/site-packages/airflow/example_dags/example_branch_python_dop_operator_3.py
[2023-12-28 09:29:35,150] {processor.py:613} INFO - Processing file /home/airflow/.local/lib/python3.6/site-packages/airflow/example_dags/example_branch_python_dop_operator_3.py for tasks to queue
[2023-12-28 09:29:35,151] {logging_mixin.py:109} INFO - [2023-12-28 09:29:35,151] {dagbag.py:496} INFO - Filling up the DagBag from /home/airflow/.local/lib/python3.6/site-packages/airflow/example_dags/example_branch_python_dop_operator_3.py
[2023-12-28 09:29:35,168] {processor.py:623} INFO - DAG(s) dict_keys(['example_branch_dop_operator_v3']) retrieved from /home/airflow/.local/lib/python3.6/site-packages/airflow/example_dags/example_branch_python_dop_operator_3.py
[2023-12-28 09:29:35,200] {logging_mixin.py:109} INFO - [2023-12-28 09:29:35,200] {dag.py:1834} INFO - Sync 1 DAGs
[2023-12-28 09:29:35,229] {logging_mixin.py:109} INFO - [2023-12-28 09:29:35,229] {dag.py:2287} INFO - Setting next_dagrun for example_branch_dop_operator_v3 to 2023-12-26 00:00:00+00:00
[2023-12-28 09:29:35,245] {processor.py:170} INFO - Processing /home/airflow/.local/lib/python3.6/site-packages/airflow/example_dags/example_branch_python_dop_operator_3.py took 0.101 seconds
[2023-12-28 09:30:06,648] {processor.py:162} INFO - Started process (PID=4466) to work on /home/airflow/.local/lib/python3.6/site-packages/airflow/example_dags/example_branch_python_dop_operator_3.py
[2023-12-28 09:30:06,650] {processor.py:613} INFO - Processing file /home/airflow/.local/lib/python3.6/site-packages/airflow/example_dags/example_branch_python_dop_operator_3.py for tasks to queue
[2023-12-28 09:30:06,651] {logging_mixin.py:109} INFO - [2023-12-28 09:30:06,651] {dagbag.py:496} INFO - Filling up the DagBag from /home/airflow/.local/lib/python3.6/site-packages/airflow/example_dags/example_branch_python_dop_operator_3.py
[2023-12-28 09:30:06,674] {processor.py:623} INFO - DAG(s) dict_keys(['example_branch_dop_operator_v3']) retrieved from /home/airflow/.local/lib/python3.6/site-packages/airflow/example_dags/example_branch_python_dop_operator_3.py
[2023-12-28 09:30:06,709] {logging_mixin.py:109} INFO - [2023-12-28 09:30:06,708] {dag.py:1834} INFO - Sync 1 DAGs
[2023-12-28 09:30:06,735] {logging_mixin.py:109} INFO - [2023-12-28 09:30:06,734] {dag.py:2287} INFO - Setting next_dagrun for example_branch_dop_operator_v3 to 2023-12-26 00:00:00+00:00
[2023-12-28 09:30:06,748] {processor.py:170} INFO - Processing /home/airflow/.local/lib/python3.6/site-packages/airflow/example_dags/example_branch_python_dop_operator_3.py took 0.103 seconds
[2023-12-28 09:30:37,955] {processor.py:162} INFO - Started process (PID=4661) to work on /home/airflow/.local/lib/python3.6/site-packages/airflow/example_dags/example_branch_python_dop_operator_3.py
[2023-12-28 09:30:37,957] {processor.py:613} INFO - Processing file /home/airflow/.local/lib/python3.6/site-packages/airflow/example_dags/example_branch_python_dop_operator_3.py for tasks to queue
[2023-12-28 09:30:37,958] {logging_mixin.py:109} INFO - [2023-12-28 09:30:37,958] {dagbag.py:496} INFO - Filling up the DagBag from /home/airflow/.local/lib/python3.6/site-packages/airflow/example_dags/example_branch_python_dop_operator_3.py
[2023-12-28 09:30:37,976] {processor.py:623} INFO - DAG(s) dict_keys(['example_branch_dop_operator_v3']) retrieved from /home/airflow/.local/lib/python3.6/site-packages/airflow/example_dags/example_branch_python_dop_operator_3.py
[2023-12-28 09:30:38,004] {logging_mixin.py:109} INFO - [2023-12-28 09:30:38,004] {dag.py:1834} INFO - Sync 1 DAGs
[2023-12-28 09:30:38,034] {logging_mixin.py:109} INFO - [2023-12-28 09:30:38,033] {dag.py:2287} INFO - Setting next_dagrun for example_branch_dop_operator_v3 to 2023-12-26 00:00:00+00:00
[2023-12-28 09:30:38,051] {processor.py:170} INFO - Processing /home/airflow/.local/lib/python3.6/site-packages/airflow/example_dags/example_branch_python_dop_operator_3.py took 0.100 seconds
[2023-12-28 09:31:08,577] {processor.py:162} INFO - Started process (PID=4866) to work on /home/airflow/.local/lib/python3.6/site-packages/airflow/example_dags/example_branch_python_dop_operator_3.py
[2023-12-28 09:31:08,578] {processor.py:613} INFO - Processing file /home/airflow/.local/lib/python3.6/site-packages/airflow/example_dags/example_branch_python_dop_operator_3.py for tasks to queue
[2023-12-28 09:31:08,579] {logging_mixin.py:109} INFO - [2023-12-28 09:31:08,578] {dagbag.py:496} INFO - Filling up the DagBag from /home/airflow/.local/lib/python3.6/site-packages/airflow/example_dags/example_branch_python_dop_operator_3.py
[2023-12-28 09:31:08,595] {processor.py:623} INFO - DAG(s) dict_keys(['example_branch_dop_operator_v3']) retrieved from /home/airflow/.local/lib/python3.6/site-packages/airflow/example_dags/example_branch_python_dop_operator_3.py
[2023-12-28 09:31:08,618] {logging_mixin.py:109} INFO - [2023-12-28 09:31:08,618] {dag.py:1834} INFO - Sync 1 DAGs
[2023-12-28 09:31:08,642] {logging_mixin.py:109} INFO - [2023-12-28 09:31:08,642] {dag.py:2287} INFO - Setting next_dagrun for example_branch_dop_operator_v3 to 2023-12-26 00:00:00+00:00
[2023-12-28 09:31:08,665] {processor.py:170} INFO - Processing /home/airflow/.local/lib/python3.6/site-packages/airflow/example_dags/example_branch_python_dop_operator_3.py took 0.091 seconds
[2023-12-28 09:31:39,697] {processor.py:162} INFO - Started process (PID=5063) to work on /home/airflow/.local/lib/python3.6/site-packages/airflow/example_dags/example_branch_python_dop_operator_3.py
[2023-12-28 09:31:39,700] {processor.py:613} INFO - Processing file /home/airflow/.local/lib/python3.6/site-packages/airflow/example_dags/example_branch_python_dop_operator_3.py for tasks to queue
[2023-12-28 09:31:39,701] {logging_mixin.py:109} INFO - [2023-12-28 09:31:39,701] {dagbag.py:496} INFO - Filling up the DagBag from /home/airflow/.local/lib/python3.6/site-packages/airflow/example_dags/example_branch_python_dop_operator_3.py
[2023-12-28 09:31:39,718] {processor.py:623} INFO - DAG(s) dict_keys(['example_branch_dop_operator_v3']) retrieved from /home/airflow/.local/lib/python3.6/site-packages/airflow/example_dags/example_branch_python_dop_operator_3.py
[2023-12-28 09:31:39,747] {logging_mixin.py:109} INFO - [2023-12-28 09:31:39,747] {dag.py:1834} INFO - Sync 1 DAGs
[2023-12-28 09:31:39,774] {logging_mixin.py:109} INFO - [2023-12-28 09:31:39,774] {dag.py:2287} INFO - Setting next_dagrun for example_branch_dop_operator_v3 to 2023-12-26 00:00:00+00:00
[2023-12-28 09:31:39,790] {processor.py:170} INFO - Processing /home/airflow/.local/lib/python3.6/site-packages/airflow/example_dags/example_branch_python_dop_operator_3.py took 0.096 seconds
[2023-12-28 09:32:10,768] {processor.py:162} INFO - Started process (PID=5266) to work on /home/airflow/.local/lib/python3.6/site-packages/airflow/example_dags/example_branch_python_dop_operator_3.py
[2023-12-28 09:32:10,770] {processor.py:613} INFO - Processing file /home/airflow/.local/lib/python3.6/site-packages/airflow/example_dags/example_branch_python_dop_operator_3.py for tasks to queue
[2023-12-28 09:32:10,771] {logging_mixin.py:109} INFO - [2023-12-28 09:32:10,771] {dagbag.py:496} INFO - Filling up the DagBag from /home/airflow/.local/lib/python3.6/site-packages/airflow/example_dags/example_branch_python_dop_operator_3.py
[2023-12-28 09:32:10,787] {processor.py:623} INFO - DAG(s) dict_keys(['example_branch_dop_operator_v3']) retrieved from /home/airflow/.local/lib/python3.6/site-packages/airflow/example_dags/example_branch_python_dop_operator_3.py
[2023-12-28 09:32:10,811] {logging_mixin.py:109} INFO - [2023-12-28 09:32:10,811] {dag.py:1834} INFO - Sync 1 DAGs
[2023-12-28 09:32:10,836] {logging_mixin.py:109} INFO - [2023-12-28 09:32:10,836] {dag.py:2287} INFO - Setting next_dagrun for example_branch_dop_operator_v3 to 2023-12-26 00:00:00+00:00
[2023-12-28 09:32:10,851] {processor.py:170} INFO - Processing /home/airflow/.local/lib/python3.6/site-packages/airflow/example_dags/example_branch_python_dop_operator_3.py took 0.086 seconds
[2023-12-28 09:32:41,909] {processor.py:162} INFO - Started process (PID=5461) to work on /home/airflow/.local/lib/python3.6/site-packages/airflow/example_dags/example_branch_python_dop_operator_3.py
[2023-12-28 09:32:41,910] {processor.py:613} INFO - Processing file /home/airflow/.local/lib/python3.6/site-packages/airflow/example_dags/example_branch_python_dop_operator_3.py for tasks to queue
[2023-12-28 09:32:41,911] {logging_mixin.py:109} INFO - [2023-12-28 09:32:41,911] {dagbag.py:496} INFO - Filling up the DagBag from /home/airflow/.local/lib/python3.6/site-packages/airflow/example_dags/example_branch_python_dop_operator_3.py
[2023-12-28 09:32:41,928] {processor.py:623} INFO - DAG(s) dict_keys(['example_branch_dop_operator_v3']) retrieved from /home/airflow/.local/lib/python3.6/site-packages/airflow/example_dags/example_branch_python_dop_operator_3.py
[2023-12-28 09:32:41,954] {logging_mixin.py:109} INFO - [2023-12-28 09:32:41,954] {dag.py:1834} INFO - Sync 1 DAGs
[2023-12-28 09:32:41,982] {logging_mixin.py:109} INFO - [2023-12-28 09:32:41,982] {dag.py:2287} INFO - Setting next_dagrun for example_branch_dop_operator_v3 to 2023-12-26 00:00:00+00:00
[2023-12-28 09:32:41,998] {processor.py:170} INFO - Processing /home/airflow/.local/lib/python3.6/site-packages/airflow/example_dags/example_branch_python_dop_operator_3.py took 0.093 seconds
[2023-12-28 09:33:12,443] {processor.py:162} INFO - Started process (PID=5668) to work on /home/airflow/.local/lib/python3.6/site-packages/airflow/example_dags/example_branch_python_dop_operator_3.py
[2023-12-28 09:33:12,444] {processor.py:613} INFO - Processing file /home/airflow/.local/lib/python3.6/site-packages/airflow/example_dags/example_branch_python_dop_operator_3.py for tasks to queue
[2023-12-28 09:33:12,445] {logging_mixin.py:109} INFO - [2023-12-28 09:33:12,445] {dagbag.py:496} INFO - Filling up the DagBag from /home/airflow/.local/lib/python3.6/site-packages/airflow/example_dags/example_branch_python_dop_operator_3.py
[2023-12-28 09:33:12,460] {processor.py:623} INFO - DAG(s) dict_keys(['example_branch_dop_operator_v3']) retrieved from /home/airflow/.local/lib/python3.6/site-packages/airflow/example_dags/example_branch_python_dop_operator_3.py
[2023-12-28 09:33:12,485] {logging_mixin.py:109} INFO - [2023-12-28 09:33:12,484] {dag.py:1834} INFO - Sync 1 DAGs
[2023-12-28 09:33:12,509] {logging_mixin.py:109} INFO - [2023-12-28 09:33:12,509] {dag.py:2287} INFO - Setting next_dagrun for example_branch_dop_operator_v3 to 2023-12-26 00:00:00+00:00
[2023-12-28 09:33:12,522] {processor.py:170} INFO - Processing /home/airflow/.local/lib/python3.6/site-packages/airflow/example_dags/example_branch_python_dop_operator_3.py took 0.082 seconds
[2023-12-28 09:33:42,769] {processor.py:162} INFO - Started process (PID=5866) to work on /home/airflow/.local/lib/python3.6/site-packages/airflow/example_dags/example_branch_python_dop_operator_3.py
[2023-12-28 09:33:42,771] {processor.py:613} INFO - Processing file /home/airflow/.local/lib/python3.6/site-packages/airflow/example_dags/example_branch_python_dop_operator_3.py for tasks to queue
[2023-12-28 09:33:42,771] {logging_mixin.py:109} INFO - [2023-12-28 09:33:42,771] {dagbag.py:496} INFO - Filling up the DagBag from /home/airflow/.local/lib/python3.6/site-packages/airflow/example_dags/example_branch_python_dop_operator_3.py
[2023-12-28 09:33:42,788] {processor.py:623} INFO - DAG(s) dict_keys(['example_branch_dop_operator_v3']) retrieved from /home/airflow/.local/lib/python3.6/site-packages/airflow/example_dags/example_branch_python_dop_operator_3.py
[2023-12-28 09:33:42,815] {logging_mixin.py:109} INFO - [2023-12-28 09:33:42,814] {dag.py:1834} INFO - Sync 1 DAGs
[2023-12-28 09:33:42,842] {logging_mixin.py:109} INFO - [2023-12-28 09:33:42,842] {dag.py:2287} INFO - Setting next_dagrun for example_branch_dop_operator_v3 to 2023-12-26 00:00:00+00:00
[2023-12-28 09:33:42,859] {processor.py:170} INFO - Processing /home/airflow/.local/lib/python3.6/site-packages/airflow/example_dags/example_branch_python_dop_operator_3.py took 0.093 seconds
[2023-12-28 09:34:12,952] {processor.py:162} INFO - Started process (PID=6056) to work on /home/airflow/.local/lib/python3.6/site-packages/airflow/example_dags/example_branch_python_dop_operator_3.py
[2023-12-28 09:34:12,954] {processor.py:613} INFO - Processing file /home/airflow/.local/lib/python3.6/site-packages/airflow/example_dags/example_branch_python_dop_operator_3.py for tasks to queue
[2023-12-28 09:34:12,955] {logging_mixin.py:109} INFO - [2023-12-28 09:34:12,954] {dagbag.py:496} INFO - Filling up the DagBag from /home/airflow/.local/lib/python3.6/site-packages/airflow/example_dags/example_branch_python_dop_operator_3.py
[2023-12-28 09:34:12,970] {processor.py:623} INFO - DAG(s) dict_keys(['example_branch_dop_operator_v3']) retrieved from /home/airflow/.local/lib/python3.6/site-packages/airflow/example_dags/example_branch_python_dop_operator_3.py
[2023-12-28 09:34:12,992] {logging_mixin.py:109} INFO - [2023-12-28 09:34:12,992] {dag.py:1834} INFO - Sync 1 DAGs
[2023-12-28 09:34:13,013] {logging_mixin.py:109} INFO - [2023-12-28 09:34:13,013] {dag.py:2287} INFO - Setting next_dagrun for example_branch_dop_operator_v3 to 2023-12-26 00:00:00+00:00
[2023-12-28 09:34:13,025] {processor.py:170} INFO - Processing /home/airflow/.local/lib/python3.6/site-packages/airflow/example_dags/example_branch_python_dop_operator_3.py took 0.076 seconds
[2023-12-28 09:34:43,756] {processor.py:162} INFO - Started process (PID=6256) to work on /home/airflow/.local/lib/python3.6/site-packages/airflow/example_dags/example_branch_python_dop_operator_3.py
[2023-12-28 09:34:43,757] {processor.py:613} INFO - Processing file /home/airflow/.local/lib/python3.6/site-packages/airflow/example_dags/example_branch_python_dop_operator_3.py for tasks to queue
[2023-12-28 09:34:43,758] {logging_mixin.py:109} INFO - [2023-12-28 09:34:43,758] {dagbag.py:496} INFO - Filling up the DagBag from /home/airflow/.local/lib/python3.6/site-packages/airflow/example_dags/example_branch_python_dop_operator_3.py
[2023-12-28 09:34:43,772] {processor.py:623} INFO - DAG(s) dict_keys(['example_branch_dop_operator_v3']) retrieved from /home/airflow/.local/lib/python3.6/site-packages/airflow/example_dags/example_branch_python_dop_operator_3.py
[2023-12-28 09:34:43,796] {logging_mixin.py:109} INFO - [2023-12-28 09:34:43,796] {dag.py:1834} INFO - Sync 1 DAGs
[2023-12-28 09:34:43,820] {logging_mixin.py:109} INFO - [2023-12-28 09:34:43,820] {dag.py:2287} INFO - Setting next_dagrun for example_branch_dop_operator_v3 to 2023-12-26 00:00:00+00:00
[2023-12-28 09:34:43,834] {processor.py:170} INFO - Processing /home/airflow/.local/lib/python3.6/site-packages/airflow/example_dags/example_branch_python_dop_operator_3.py took 0.081 seconds
[2023-12-28 09:35:15,110] {processor.py:162} INFO - Started process (PID=6456) to work on /home/airflow/.local/lib/python3.6/site-packages/airflow/example_dags/example_branch_python_dop_operator_3.py
[2023-12-28 09:35:15,111] {processor.py:613} INFO - Processing file /home/airflow/.local/lib/python3.6/site-packages/airflow/example_dags/example_branch_python_dop_operator_3.py for tasks to queue
[2023-12-28 09:35:15,112] {logging_mixin.py:109} INFO - [2023-12-28 09:35:15,112] {dagbag.py:496} INFO - Filling up the DagBag from /home/airflow/.local/lib/python3.6/site-packages/airflow/example_dags/example_branch_python_dop_operator_3.py
[2023-12-28 09:35:15,127] {processor.py:623} INFO - DAG(s) dict_keys(['example_branch_dop_operator_v3']) retrieved from /home/airflow/.local/lib/python3.6/site-packages/airflow/example_dags/example_branch_python_dop_operator_3.py
[2023-12-28 09:35:15,152] {logging_mixin.py:109} INFO - [2023-12-28 09:35:15,152] {dag.py:1834} INFO - Sync 1 DAGs
[2023-12-28 09:35:15,177] {logging_mixin.py:109} INFO - [2023-12-28 09:35:15,177] {dag.py:2287} INFO - Setting next_dagrun for example_branch_dop_operator_v3 to 2023-12-26 00:00:00+00:00
[2023-12-28 09:35:15,191] {processor.py:170} INFO - Processing /home/airflow/.local/lib/python3.6/site-packages/airflow/example_dags/example_branch_python_dop_operator_3.py took 0.084 seconds
[2023-12-28 09:35:46,266] {processor.py:162} INFO - Started process (PID=6663) to work on /home/airflow/.local/lib/python3.6/site-packages/airflow/example_dags/example_branch_python_dop_operator_3.py
[2023-12-28 09:35:46,267] {processor.py:613} INFO - Processing file /home/airflow/.local/lib/python3.6/site-packages/airflow/example_dags/example_branch_python_dop_operator_3.py for tasks to queue
[2023-12-28 09:35:46,268] {logging_mixin.py:109} INFO - [2023-12-28 09:35:46,268] {dagbag.py:496} INFO - Filling up the DagBag from /home/airflow/.local/lib/python3.6/site-packages/airflow/example_dags/example_branch_python_dop_operator_3.py
[2023-12-28 09:35:46,285] {processor.py:623} INFO - DAG(s) dict_keys(['example_branch_dop_operator_v3']) retrieved from /home/airflow/.local/lib/python3.6/site-packages/airflow/example_dags/example_branch_python_dop_operator_3.py
[2023-12-28 09:35:46,311] {logging_mixin.py:109} INFO - [2023-12-28 09:35:46,311] {dag.py:1834} INFO - Sync 1 DAGs
[2023-12-28 09:35:46,342] {logging_mixin.py:109} INFO - [2023-12-28 09:35:46,342] {dag.py:2287} INFO - Setting next_dagrun for example_branch_dop_operator_v3 to 2023-12-26 00:00:00+00:00
[2023-12-28 09:35:46,357] {processor.py:170} INFO - Processing /home/airflow/.local/lib/python3.6/site-packages/airflow/example_dags/example_branch_python_dop_operator_3.py took 0.093 seconds
[2023-12-28 09:36:17,430] {processor.py:162} INFO - Started process (PID=6856) to work on /home/airflow/.local/lib/python3.6/site-packages/airflow/example_dags/example_branch_python_dop_operator_3.py
[2023-12-28 09:36:17,432] {processor.py:613} INFO - Processing file /home/airflow/.local/lib/python3.6/site-packages/airflow/example_dags/example_branch_python_dop_operator_3.py for tasks to queue
[2023-12-28 09:36:17,432] {logging_mixin.py:109} INFO - [2023-12-28 09:36:17,432] {dagbag.py:496} INFO - Filling up the DagBag from /home/airflow/.local/lib/python3.6/site-packages/airflow/example_dags/example_branch_python_dop_operator_3.py
[2023-12-28 09:36:17,447] {processor.py:623} INFO - DAG(s) dict_keys(['example_branch_dop_operator_v3']) retrieved from /home/airflow/.local/lib/python3.6/site-packages/airflow/example_dags/example_branch_python_dop_operator_3.py
[2023-12-28 09:36:17,472] {logging_mixin.py:109} INFO - [2023-12-28 09:36:17,472] {dag.py:1834} INFO - Sync 1 DAGs
[2023-12-28 09:36:17,498] {logging_mixin.py:109} INFO - [2023-12-28 09:36:17,498] {dag.py:2287} INFO - Setting next_dagrun for example_branch_dop_operator_v3 to 2023-12-26 00:00:00+00:00
[2023-12-28 09:36:17,512] {processor.py:170} INFO - Processing /home/airflow/.local/lib/python3.6/site-packages/airflow/example_dags/example_branch_python_dop_operator_3.py took 0.085 seconds
[2023-12-28 09:36:48,514] {processor.py:162} INFO - Started process (PID=7061) to work on /home/airflow/.local/lib/python3.6/site-packages/airflow/example_dags/example_branch_python_dop_operator_3.py
[2023-12-28 09:36:48,515] {processor.py:613} INFO - Processing file /home/airflow/.local/lib/python3.6/site-packages/airflow/example_dags/example_branch_python_dop_operator_3.py for tasks to queue
[2023-12-28 09:36:48,516] {logging_mixin.py:109} INFO - [2023-12-28 09:36:48,516] {dagbag.py:496} INFO - Filling up the DagBag from /home/airflow/.local/lib/python3.6/site-packages/airflow/example_dags/example_branch_python_dop_operator_3.py
[2023-12-28 09:36:48,534] {processor.py:623} INFO - DAG(s) dict_keys(['example_branch_dop_operator_v3']) retrieved from /home/airflow/.local/lib/python3.6/site-packages/airflow/example_dags/example_branch_python_dop_operator_3.py
[2023-12-28 09:36:48,559] {logging_mixin.py:109} INFO - [2023-12-28 09:36:48,559] {dag.py:1834} INFO - Sync 1 DAGs
[2023-12-28 09:36:48,582] {logging_mixin.py:109} INFO - [2023-12-28 09:36:48,582] {dag.py:2287} INFO - Setting next_dagrun for example_branch_dop_operator_v3 to 2023-12-26 00:00:00+00:00
[2023-12-28 09:36:48,594] {processor.py:170} INFO - Processing /home/airflow/.local/lib/python3.6/site-packages/airflow/example_dags/example_branch_python_dop_operator_3.py took 0.083 seconds
[2023-12-28 09:37:19,616] {processor.py:162} INFO - Started process (PID=7256) to work on /home/airflow/.local/lib/python3.6/site-packages/airflow/example_dags/example_branch_python_dop_operator_3.py
[2023-12-28 09:37:19,618] {processor.py:613} INFO - Processing file /home/airflow/.local/lib/python3.6/site-packages/airflow/example_dags/example_branch_python_dop_operator_3.py for tasks to queue
[2023-12-28 09:37:19,619] {logging_mixin.py:109} INFO - [2023-12-28 09:37:19,619] {dagbag.py:496} INFO - Filling up the DagBag from /home/airflow/.local/lib/python3.6/site-packages/airflow/example_dags/example_branch_python_dop_operator_3.py
[2023-12-28 09:37:19,630] {processor.py:623} INFO - DAG(s) dict_keys(['example_branch_dop_operator_v3']) retrieved from /home/airflow/.local/lib/python3.6/site-packages/airflow/example_dags/example_branch_python_dop_operator_3.py
[2023-12-28 09:37:19,651] {logging_mixin.py:109} INFO - [2023-12-28 09:37:19,651] {dag.py:1834} INFO - Sync 1 DAGs
[2023-12-28 09:37:19,677] {logging_mixin.py:109} INFO - [2023-12-28 09:37:19,677] {dag.py:2287} INFO - Setting next_dagrun for example_branch_dop_operator_v3 to 2023-12-26 00:00:00+00:00
[2023-12-28 09:37:19,688] {processor.py:170} INFO - Processing /home/airflow/.local/lib/python3.6/site-packages/airflow/example_dags/example_branch_python_dop_operator_3.py took 0.074 seconds
[2023-12-28 09:37:50,736] {processor.py:162} INFO - Started process (PID=7463) to work on /home/airflow/.local/lib/python3.6/site-packages/airflow/example_dags/example_branch_python_dop_operator_3.py
[2023-12-28 09:37:50,737] {processor.py:613} INFO - Processing file /home/airflow/.local/lib/python3.6/site-packages/airflow/example_dags/example_branch_python_dop_operator_3.py for tasks to queue
[2023-12-28 09:37:50,738] {logging_mixin.py:109} INFO - [2023-12-28 09:37:50,738] {dagbag.py:496} INFO - Filling up the DagBag from /home/airflow/.local/lib/python3.6/site-packages/airflow/example_dags/example_branch_python_dop_operator_3.py
[2023-12-28 09:37:50,752] {processor.py:623} INFO - DAG(s) dict_keys(['example_branch_dop_operator_v3']) retrieved from /home/airflow/.local/lib/python3.6/site-packages/airflow/example_dags/example_branch_python_dop_operator_3.py
[2023-12-28 09:37:50,776] {logging_mixin.py:109} INFO - [2023-12-28 09:37:50,776] {dag.py:1834} INFO - Sync 1 DAGs
[2023-12-28 09:37:50,802] {logging_mixin.py:109} INFO - [2023-12-28 09:37:50,802] {dag.py:2287} INFO - Setting next_dagrun for example_branch_dop_operator_v3 to 2023-12-26 00:00:00+00:00
[2023-12-28 09:37:50,815] {processor.py:170} INFO - Processing /home/airflow/.local/lib/python3.6/site-packages/airflow/example_dags/example_branch_python_dop_operator_3.py took 0.082 seconds
[2023-12-28 09:38:21,085] {processor.py:162} INFO - Started process (PID=7656) to work on /home/airflow/.local/lib/python3.6/site-packages/airflow/example_dags/example_branch_python_dop_operator_3.py
[2023-12-28 09:38:21,086] {processor.py:613} INFO - Processing file /home/airflow/.local/lib/python3.6/site-packages/airflow/example_dags/example_branch_python_dop_operator_3.py for tasks to queue
[2023-12-28 09:38:21,087] {logging_mixin.py:109} INFO - [2023-12-28 09:38:21,087] {dagbag.py:496} INFO - Filling up the DagBag from /home/airflow/.local/lib/python3.6/site-packages/airflow/example_dags/example_branch_python_dop_operator_3.py
[2023-12-28 09:38:21,101] {processor.py:623} INFO - DAG(s) dict_keys(['example_branch_dop_operator_v3']) retrieved from /home/airflow/.local/lib/python3.6/site-packages/airflow/example_dags/example_branch_python_dop_operator_3.py
[2023-12-28 09:38:21,126] {logging_mixin.py:109} INFO - [2023-12-28 09:38:21,125] {dag.py:1834} INFO - Sync 1 DAGs
[2023-12-28 09:38:21,152] {logging_mixin.py:109} INFO - [2023-12-28 09:38:21,152] {dag.py:2287} INFO - Setting next_dagrun for example_branch_dop_operator_v3 to 2023-12-26 00:00:00+00:00
[2023-12-28 09:38:21,165] {processor.py:170} INFO - Processing /home/airflow/.local/lib/python3.6/site-packages/airflow/example_dags/example_branch_python_dop_operator_3.py took 0.084 seconds
[2023-12-28 09:38:51,930] {processor.py:162} INFO - Started process (PID=7851) to work on /home/airflow/.local/lib/python3.6/site-packages/airflow/example_dags/example_branch_python_dop_operator_3.py
[2023-12-28 09:38:51,931] {processor.py:613} INFO - Processing file /home/airflow/.local/lib/python3.6/site-packages/airflow/example_dags/example_branch_python_dop_operator_3.py for tasks to queue
[2023-12-28 09:38:51,932] {logging_mixin.py:109} INFO - [2023-12-28 09:38:51,932] {dagbag.py:496} INFO - Filling up the DagBag from /home/airflow/.local/lib/python3.6/site-packages/airflow/example_dags/example_branch_python_dop_operator_3.py
[2023-12-28 09:38:51,946] {processor.py:623} INFO - DAG(s) dict_keys(['example_branch_dop_operator_v3']) retrieved from /home/airflow/.local/lib/python3.6/site-packages/airflow/example_dags/example_branch_python_dop_operator_3.py
[2023-12-28 09:38:51,974] {logging_mixin.py:109} INFO - [2023-12-28 09:38:51,974] {dag.py:1834} INFO - Sync 1 DAGs
[2023-12-28 09:38:52,001] {logging_mixin.py:109} INFO - [2023-12-28 09:38:52,000] {dag.py:2287} INFO - Setting next_dagrun for example_branch_dop_operator_v3 to 2023-12-26 00:00:00+00:00
[2023-12-28 09:38:52,014] {processor.py:170} INFO - Processing /home/airflow/.local/lib/python3.6/site-packages/airflow/example_dags/example_branch_python_dop_operator_3.py took 0.087 seconds
[2023-12-28 09:39:22,702] {processor.py:162} INFO - Started process (PID=8056) to work on /home/airflow/.local/lib/python3.6/site-packages/airflow/example_dags/example_branch_python_dop_operator_3.py
[2023-12-28 09:39:22,704] {processor.py:613} INFO - Processing file /home/airflow/.local/lib/python3.6/site-packages/airflow/example_dags/example_branch_python_dop_operator_3.py for tasks to queue
[2023-12-28 09:39:22,705] {logging_mixin.py:109} INFO - [2023-12-28 09:39:22,705] {dagbag.py:496} INFO - Filling up the DagBag from /home/airflow/.local/lib/python3.6/site-packages/airflow/example_dags/example_branch_python_dop_operator_3.py
[2023-12-28 09:39:22,718] {processor.py:623} INFO - DAG(s) dict_keys(['example_branch_dop_operator_v3']) retrieved from /home/airflow/.local/lib/python3.6/site-packages/airflow/example_dags/example_branch_python_dop_operator_3.py
[2023-12-28 09:39:22,740] {logging_mixin.py:109} INFO - [2023-12-28 09:39:22,740] {dag.py:1834} INFO - Sync 1 DAGs
[2023-12-28 09:39:22,764] {logging_mixin.py:109} INFO - [2023-12-28 09:39:22,764] {dag.py:2287} INFO - Setting next_dagrun for example_branch_dop_operator_v3 to 2023-12-26 00:00:00+00:00
[2023-12-28 09:39:22,776] {processor.py:170} INFO - Processing /home/airflow/.local/lib/python3.6/site-packages/airflow/example_dags/example_branch_python_dop_operator_3.py took 0.076 seconds
[2023-12-28 09:39:53,828] {processor.py:162} INFO - Started process (PID=8251) to work on /home/airflow/.local/lib/python3.6/site-packages/airflow/example_dags/example_branch_python_dop_operator_3.py
[2023-12-28 09:39:53,829] {processor.py:613} INFO - Processing file /home/airflow/.local/lib/python3.6/site-packages/airflow/example_dags/example_branch_python_dop_operator_3.py for tasks to queue
[2023-12-28 09:39:53,830] {logging_mixin.py:109} INFO - [2023-12-28 09:39:53,830] {dagbag.py:496} INFO - Filling up the DagBag from /home/airflow/.local/lib/python3.6/site-packages/airflow/example_dags/example_branch_python_dop_operator_3.py
[2023-12-28 09:39:53,845] {processor.py:623} INFO - DAG(s) dict_keys(['example_branch_dop_operator_v3']) retrieved from /home/airflow/.local/lib/python3.6/site-packages/airflow/example_dags/example_branch_python_dop_operator_3.py
[2023-12-28 09:39:53,869] {logging_mixin.py:109} INFO - [2023-12-28 09:39:53,869] {dag.py:1834} INFO - Sync 1 DAGs
[2023-12-28 09:39:53,895] {logging_mixin.py:109} INFO - [2023-12-28 09:39:53,894] {dag.py:2287} INFO - Setting next_dagrun for example_branch_dop_operator_v3 to 2023-12-26 00:00:00+00:00
[2023-12-28 09:39:53,908] {processor.py:170} INFO - Processing /home/airflow/.local/lib/python3.6/site-packages/airflow/example_dags/example_branch_python_dop_operator_3.py took 0.082 seconds
[2023-12-28 09:40:24,359] {processor.py:162} INFO - Started process (PID=8456) to work on /home/airflow/.local/lib/python3.6/site-packages/airflow/example_dags/example_branch_python_dop_operator_3.py
[2023-12-28 09:40:24,362] {processor.py:613} INFO - Processing file /home/airflow/.local/lib/python3.6/site-packages/airflow/example_dags/example_branch_python_dop_operator_3.py for tasks to queue
[2023-12-28 09:40:24,363] {logging_mixin.py:109} INFO - [2023-12-28 09:40:24,362] {dagbag.py:496} INFO - Filling up the DagBag from /home/airflow/.local/lib/python3.6/site-packages/airflow/example_dags/example_branch_python_dop_operator_3.py
[2023-12-28 09:40:24,377] {processor.py:623} INFO - DAG(s) dict_keys(['example_branch_dop_operator_v3']) retrieved from /home/airflow/.local/lib/python3.6/site-packages/airflow/example_dags/example_branch_python_dop_operator_3.py
[2023-12-28 09:40:24,404] {logging_mixin.py:109} INFO - [2023-12-28 09:40:24,404] {dag.py:1834} INFO - Sync 1 DAGs
[2023-12-28 09:40:24,432] {logging_mixin.py:109} INFO - [2023-12-28 09:40:24,432] {dag.py:2287} INFO - Setting next_dagrun for example_branch_dop_operator_v3 to 2023-12-26 00:00:00+00:00
[2023-12-28 09:40:24,446] {processor.py:170} INFO - Processing /home/airflow/.local/lib/python3.6/site-packages/airflow/example_dags/example_branch_python_dop_operator_3.py took 0.089 seconds
