[2023-12-28 09:19:20,788] {processor.py:162} INFO - Started process (PID=186) to work on /home/airflow/.local/lib/python3.6/site-packages/airflow/example_dags/example_short_circuit_operator.py
[2023-12-28 09:19:20,789] {processor.py:613} INFO - Processing file /home/airflow/.local/lib/python3.6/site-packages/airflow/example_dags/example_short_circuit_operator.py for tasks to queue
[2023-12-28 09:19:20,790] {logging_mixin.py:109} INFO - [2023-12-28 09:19:20,789] {dagbag.py:496} INFO - Filling up the DagBag from /home/airflow/.local/lib/python3.6/site-packages/airflow/example_dags/example_short_circuit_operator.py
[2023-12-28 09:19:20,802] {processor.py:623} INFO - DAG(s) dict_keys(['example_short_circuit_operator']) retrieved from /home/airflow/.local/lib/python3.6/site-packages/airflow/example_dags/example_short_circuit_operator.py
[2023-12-28 09:19:21,028] {logging_mixin.py:109} INFO - [2023-12-28 09:19:21,028] {dag.py:1834} INFO - Sync 1 DAGs
[2023-12-28 09:19:21,043] {logging_mixin.py:109} INFO - [2023-12-28 09:19:21,043] {dag.py:2287} INFO - Setting next_dagrun for example_short_circuit_operator to 2023-12-26 00:00:00+00:00
[2023-12-28 09:19:21,059] {processor.py:170} INFO - Processing /home/airflow/.local/lib/python3.6/site-packages/airflow/example_dags/example_short_circuit_operator.py took 0.274 seconds
[2023-12-28 09:19:51,894] {processor.py:162} INFO - Started process (PID=391) to work on /home/airflow/.local/lib/python3.6/site-packages/airflow/example_dags/example_short_circuit_operator.py
[2023-12-28 09:19:51,896] {processor.py:613} INFO - Processing file /home/airflow/.local/lib/python3.6/site-packages/airflow/example_dags/example_short_circuit_operator.py for tasks to queue
[2023-12-28 09:19:51,899] {logging_mixin.py:109} INFO - [2023-12-28 09:19:51,898] {dagbag.py:496} INFO - Filling up the DagBag from /home/airflow/.local/lib/python3.6/site-packages/airflow/example_dags/example_short_circuit_operator.py
[2023-12-28 09:19:51,928] {processor.py:623} INFO - DAG(s) dict_keys(['example_short_circuit_operator']) retrieved from /home/airflow/.local/lib/python3.6/site-packages/airflow/example_dags/example_short_circuit_operator.py
[2023-12-28 09:19:51,962] {logging_mixin.py:109} INFO - [2023-12-28 09:19:51,961] {dag.py:1834} INFO - Sync 1 DAGs
[2023-12-28 09:19:51,983] {logging_mixin.py:109} INFO - [2023-12-28 09:19:51,982] {dag.py:2287} INFO - Setting next_dagrun for example_short_circuit_operator to 2023-12-26 00:00:00+00:00
[2023-12-28 09:19:52,004] {processor.py:170} INFO - Processing /home/airflow/.local/lib/python3.6/site-packages/airflow/example_dags/example_short_circuit_operator.py took 0.115 seconds
[2023-12-28 09:20:22,662] {processor.py:162} INFO - Started process (PID=565) to work on /home/airflow/.local/lib/python3.6/site-packages/airflow/example_dags/example_short_circuit_operator.py
[2023-12-28 09:20:22,663] {processor.py:613} INFO - Processing file /home/airflow/.local/lib/python3.6/site-packages/airflow/example_dags/example_short_circuit_operator.py for tasks to queue
[2023-12-28 09:20:22,664] {logging_mixin.py:109} INFO - [2023-12-28 09:20:22,664] {dagbag.py:496} INFO - Filling up the DagBag from /home/airflow/.local/lib/python3.6/site-packages/airflow/example_dags/example_short_circuit_operator.py
[2023-12-28 09:20:22,676] {processor.py:623} INFO - DAG(s) dict_keys(['example_short_circuit_operator']) retrieved from /home/airflow/.local/lib/python3.6/site-packages/airflow/example_dags/example_short_circuit_operator.py
[2023-12-28 09:20:22,696] {logging_mixin.py:109} INFO - [2023-12-28 09:20:22,696] {dag.py:1834} INFO - Sync 1 DAGs
[2023-12-28 09:20:22,709] {logging_mixin.py:109} INFO - [2023-12-28 09:20:22,708] {dag.py:2287} INFO - Setting next_dagrun for example_short_circuit_operator to 2023-12-26 00:00:00+00:00
[2023-12-28 09:20:22,720] {processor.py:170} INFO - Processing /home/airflow/.local/lib/python3.6/site-packages/airflow/example_dags/example_short_circuit_operator.py took 0.061 seconds
[2023-12-28 09:20:53,020] {processor.py:162} INFO - Started process (PID=770) to work on /home/airflow/.local/lib/python3.6/site-packages/airflow/example_dags/example_short_circuit_operator.py
[2023-12-28 09:20:53,026] {processor.py:613} INFO - Processing file /home/airflow/.local/lib/python3.6/site-packages/airflow/example_dags/example_short_circuit_operator.py for tasks to queue
[2023-12-28 09:20:53,027] {logging_mixin.py:109} INFO - [2023-12-28 09:20:53,027] {dagbag.py:496} INFO - Filling up the DagBag from /home/airflow/.local/lib/python3.6/site-packages/airflow/example_dags/example_short_circuit_operator.py
[2023-12-28 09:20:53,042] {processor.py:623} INFO - DAG(s) dict_keys(['example_short_circuit_operator']) retrieved from /home/airflow/.local/lib/python3.6/site-packages/airflow/example_dags/example_short_circuit_operator.py
[2023-12-28 09:20:53,074] {logging_mixin.py:109} INFO - [2023-12-28 09:20:53,074] {dag.py:1834} INFO - Sync 1 DAGs
[2023-12-28 09:20:53,091] {logging_mixin.py:109} INFO - [2023-12-28 09:20:53,091] {dag.py:2287} INFO - Setting next_dagrun for example_short_circuit_operator to 2023-12-26 00:00:00+00:00
[2023-12-28 09:20:53,107] {processor.py:170} INFO - Processing /home/airflow/.local/lib/python3.6/site-packages/airflow/example_dags/example_short_circuit_operator.py took 0.091 seconds
[2023-12-28 09:21:23,599] {processor.py:162} INFO - Started process (PID=965) to work on /home/airflow/.local/lib/python3.6/site-packages/airflow/example_dags/example_short_circuit_operator.py
[2023-12-28 09:21:23,600] {processor.py:613} INFO - Processing file /home/airflow/.local/lib/python3.6/site-packages/airflow/example_dags/example_short_circuit_operator.py for tasks to queue
[2023-12-28 09:21:23,601] {logging_mixin.py:109} INFO - [2023-12-28 09:21:23,601] {dagbag.py:496} INFO - Filling up the DagBag from /home/airflow/.local/lib/python3.6/site-packages/airflow/example_dags/example_short_circuit_operator.py
[2023-12-28 09:21:23,621] {processor.py:623} INFO - DAG(s) dict_keys(['example_short_circuit_operator']) retrieved from /home/airflow/.local/lib/python3.6/site-packages/airflow/example_dags/example_short_circuit_operator.py
[2023-12-28 09:21:23,655] {logging_mixin.py:109} INFO - [2023-12-28 09:21:23,654] {dag.py:1834} INFO - Sync 1 DAGs
[2023-12-28 09:21:23,679] {logging_mixin.py:109} INFO - [2023-12-28 09:21:23,679] {dag.py:2287} INFO - Setting next_dagrun for example_short_circuit_operator to 2023-12-26 00:00:00+00:00
[2023-12-28 09:21:23,700] {processor.py:170} INFO - Processing /home/airflow/.local/lib/python3.6/site-packages/airflow/example_dags/example_short_circuit_operator.py took 0.105 seconds
[2023-12-28 09:21:53,857] {processor.py:162} INFO - Started process (PID=1170) to work on /home/airflow/.local/lib/python3.6/site-packages/airflow/example_dags/example_short_circuit_operator.py
[2023-12-28 09:21:53,860] {processor.py:613} INFO - Processing file /home/airflow/.local/lib/python3.6/site-packages/airflow/example_dags/example_short_circuit_operator.py for tasks to queue
[2023-12-28 09:21:53,861] {logging_mixin.py:109} INFO - [2023-12-28 09:21:53,860] {dagbag.py:496} INFO - Filling up the DagBag from /home/airflow/.local/lib/python3.6/site-packages/airflow/example_dags/example_short_circuit_operator.py
[2023-12-28 09:21:53,874] {processor.py:623} INFO - DAG(s) dict_keys(['example_short_circuit_operator']) retrieved from /home/airflow/.local/lib/python3.6/site-packages/airflow/example_dags/example_short_circuit_operator.py
[2023-12-28 09:21:53,901] {logging_mixin.py:109} INFO - [2023-12-28 09:21:53,901] {dag.py:1834} INFO - Sync 1 DAGs
[2023-12-28 09:21:53,920] {logging_mixin.py:109} INFO - [2023-12-28 09:21:53,920] {dag.py:2287} INFO - Setting next_dagrun for example_short_circuit_operator to 2023-12-26 00:00:00+00:00
[2023-12-28 09:21:53,936] {processor.py:170} INFO - Processing /home/airflow/.local/lib/python3.6/site-packages/airflow/example_dags/example_short_circuit_operator.py took 0.082 seconds
[2023-12-28 09:22:24,310] {processor.py:162} INFO - Started process (PID=1365) to work on /home/airflow/.local/lib/python3.6/site-packages/airflow/example_dags/example_short_circuit_operator.py
[2023-12-28 09:22:24,312] {processor.py:613} INFO - Processing file /home/airflow/.local/lib/python3.6/site-packages/airflow/example_dags/example_short_circuit_operator.py for tasks to queue
[2023-12-28 09:22:24,313] {logging_mixin.py:109} INFO - [2023-12-28 09:22:24,313] {dagbag.py:496} INFO - Filling up the DagBag from /home/airflow/.local/lib/python3.6/site-packages/airflow/example_dags/example_short_circuit_operator.py
[2023-12-28 09:22:24,330] {processor.py:623} INFO - DAG(s) dict_keys(['example_short_circuit_operator']) retrieved from /home/airflow/.local/lib/python3.6/site-packages/airflow/example_dags/example_short_circuit_operator.py
[2023-12-28 09:22:24,357] {logging_mixin.py:109} INFO - [2023-12-28 09:22:24,357] {dag.py:1834} INFO - Sync 1 DAGs
[2023-12-28 09:22:24,373] {logging_mixin.py:109} INFO - [2023-12-28 09:22:24,372] {dag.py:2287} INFO - Setting next_dagrun for example_short_circuit_operator to 2023-12-26 00:00:00+00:00
[2023-12-28 09:22:24,384] {processor.py:170} INFO - Processing /home/airflow/.local/lib/python3.6/site-packages/airflow/example_dags/example_short_circuit_operator.py took 0.077 seconds
[2023-12-28 09:22:54,714] {processor.py:162} INFO - Started process (PID=1569) to work on /home/airflow/.local/lib/python3.6/site-packages/airflow/example_dags/example_short_circuit_operator.py
[2023-12-28 09:22:54,715] {processor.py:613} INFO - Processing file /home/airflow/.local/lib/python3.6/site-packages/airflow/example_dags/example_short_circuit_operator.py for tasks to queue
[2023-12-28 09:22:54,716] {logging_mixin.py:109} INFO - [2023-12-28 09:22:54,716] {dagbag.py:496} INFO - Filling up the DagBag from /home/airflow/.local/lib/python3.6/site-packages/airflow/example_dags/example_short_circuit_operator.py
[2023-12-28 09:22:54,729] {processor.py:623} INFO - DAG(s) dict_keys(['example_short_circuit_operator']) retrieved from /home/airflow/.local/lib/python3.6/site-packages/airflow/example_dags/example_short_circuit_operator.py
[2023-12-28 09:22:54,756] {logging_mixin.py:109} INFO - [2023-12-28 09:22:54,756] {dag.py:1834} INFO - Sync 1 DAGs
[2023-12-28 09:22:54,772] {logging_mixin.py:109} INFO - [2023-12-28 09:22:54,772] {dag.py:2287} INFO - Setting next_dagrun for example_short_circuit_operator to 2023-12-26 00:00:00+00:00
[2023-12-28 09:22:54,786] {processor.py:170} INFO - Processing /home/airflow/.local/lib/python3.6/site-packages/airflow/example_dags/example_short_circuit_operator.py took 0.075 seconds
[2023-12-28 09:23:25,238] {processor.py:162} INFO - Started process (PID=1765) to work on /home/airflow/.local/lib/python3.6/site-packages/airflow/example_dags/example_short_circuit_operator.py
[2023-12-28 09:23:25,240] {processor.py:613} INFO - Processing file /home/airflow/.local/lib/python3.6/site-packages/airflow/example_dags/example_short_circuit_operator.py for tasks to queue
[2023-12-28 09:23:25,241] {logging_mixin.py:109} INFO - [2023-12-28 09:23:25,240] {dagbag.py:496} INFO - Filling up the DagBag from /home/airflow/.local/lib/python3.6/site-packages/airflow/example_dags/example_short_circuit_operator.py
[2023-12-28 09:23:25,255] {processor.py:623} INFO - DAG(s) dict_keys(['example_short_circuit_operator']) retrieved from /home/airflow/.local/lib/python3.6/site-packages/airflow/example_dags/example_short_circuit_operator.py
[2023-12-28 09:23:25,285] {logging_mixin.py:109} INFO - [2023-12-28 09:23:25,285] {dag.py:1834} INFO - Sync 1 DAGs
[2023-12-28 09:23:25,303] {logging_mixin.py:109} INFO - [2023-12-28 09:23:25,303] {dag.py:2287} INFO - Setting next_dagrun for example_short_circuit_operator to 2023-12-26 00:00:00+00:00
[2023-12-28 09:23:25,320] {processor.py:170} INFO - Processing /home/airflow/.local/lib/python3.6/site-packages/airflow/example_dags/example_short_circuit_operator.py took 0.085 seconds
[2023-12-28 09:23:55,818] {processor.py:162} INFO - Started process (PID=1960) to work on /home/airflow/.local/lib/python3.6/site-packages/airflow/example_dags/example_short_circuit_operator.py
[2023-12-28 09:23:55,819] {processor.py:613} INFO - Processing file /home/airflow/.local/lib/python3.6/site-packages/airflow/example_dags/example_short_circuit_operator.py for tasks to queue
[2023-12-28 09:23:55,820] {logging_mixin.py:109} INFO - [2023-12-28 09:23:55,820] {dagbag.py:496} INFO - Filling up the DagBag from /home/airflow/.local/lib/python3.6/site-packages/airflow/example_dags/example_short_circuit_operator.py
[2023-12-28 09:23:55,835] {processor.py:623} INFO - DAG(s) dict_keys(['example_short_circuit_operator']) retrieved from /home/airflow/.local/lib/python3.6/site-packages/airflow/example_dags/example_short_circuit_operator.py
[2023-12-28 09:23:55,863] {logging_mixin.py:109} INFO - [2023-12-28 09:23:55,863] {dag.py:1834} INFO - Sync 1 DAGs
[2023-12-28 09:23:55,880] {logging_mixin.py:109} INFO - [2023-12-28 09:23:55,879] {dag.py:2287} INFO - Setting next_dagrun for example_short_circuit_operator to 2023-12-26 00:00:00+00:00
[2023-12-28 09:23:55,895] {processor.py:170} INFO - Processing /home/airflow/.local/lib/python3.6/site-packages/airflow/example_dags/example_short_circuit_operator.py took 0.081 seconds
[2023-12-28 09:24:26,477] {processor.py:162} INFO - Started process (PID=2165) to work on /home/airflow/.local/lib/python3.6/site-packages/airflow/example_dags/example_short_circuit_operator.py
[2023-12-28 09:24:26,479] {processor.py:613} INFO - Processing file /home/airflow/.local/lib/python3.6/site-packages/airflow/example_dags/example_short_circuit_operator.py for tasks to queue
[2023-12-28 09:24:26,480] {logging_mixin.py:109} INFO - [2023-12-28 09:24:26,480] {dagbag.py:496} INFO - Filling up the DagBag from /home/airflow/.local/lib/python3.6/site-packages/airflow/example_dags/example_short_circuit_operator.py
[2023-12-28 09:24:26,495] {processor.py:623} INFO - DAG(s) dict_keys(['example_short_circuit_operator']) retrieved from /home/airflow/.local/lib/python3.6/site-packages/airflow/example_dags/example_short_circuit_operator.py
[2023-12-28 09:24:26,524] {logging_mixin.py:109} INFO - [2023-12-28 09:24:26,524] {dag.py:1834} INFO - Sync 1 DAGs
[2023-12-28 09:24:26,543] {logging_mixin.py:109} INFO - [2023-12-28 09:24:26,543] {dag.py:2287} INFO - Setting next_dagrun for example_short_circuit_operator to 2023-12-26 00:00:00+00:00
[2023-12-28 09:24:26,563] {processor.py:170} INFO - Processing /home/airflow/.local/lib/python3.6/site-packages/airflow/example_dags/example_short_circuit_operator.py took 0.089 seconds
[2023-12-28 09:24:56,993] {processor.py:162} INFO - Started process (PID=2361) to work on /home/airflow/.local/lib/python3.6/site-packages/airflow/example_dags/example_short_circuit_operator.py
[2023-12-28 09:24:56,995] {processor.py:613} INFO - Processing file /home/airflow/.local/lib/python3.6/site-packages/airflow/example_dags/example_short_circuit_operator.py for tasks to queue
[2023-12-28 09:24:56,996] {logging_mixin.py:109} INFO - [2023-12-28 09:24:56,996] {dagbag.py:496} INFO - Filling up the DagBag from /home/airflow/.local/lib/python3.6/site-packages/airflow/example_dags/example_short_circuit_operator.py
[2023-12-28 09:24:57,012] {processor.py:623} INFO - DAG(s) dict_keys(['example_short_circuit_operator']) retrieved from /home/airflow/.local/lib/python3.6/site-packages/airflow/example_dags/example_short_circuit_operator.py
[2023-12-28 09:24:57,039] {logging_mixin.py:109} INFO - [2023-12-28 09:24:57,039] {dag.py:1834} INFO - Sync 1 DAGs
[2023-12-28 09:24:57,060] {logging_mixin.py:109} INFO - [2023-12-28 09:24:57,060] {dag.py:2287} INFO - Setting next_dagrun for example_short_circuit_operator to 2023-12-26 00:00:00+00:00
[2023-12-28 09:24:57,076] {processor.py:170} INFO - Processing /home/airflow/.local/lib/python3.6/site-packages/airflow/example_dags/example_short_circuit_operator.py took 0.086 seconds
[2023-12-28 09:25:27,326] {processor.py:162} INFO - Started process (PID=2565) to work on /home/airflow/.local/lib/python3.6/site-packages/airflow/example_dags/example_short_circuit_operator.py
[2023-12-28 09:25:27,329] {processor.py:613} INFO - Processing file /home/airflow/.local/lib/python3.6/site-packages/airflow/example_dags/example_short_circuit_operator.py for tasks to queue
[2023-12-28 09:25:27,330] {logging_mixin.py:109} INFO - [2023-12-28 09:25:27,329] {dagbag.py:496} INFO - Filling up the DagBag from /home/airflow/.local/lib/python3.6/site-packages/airflow/example_dags/example_short_circuit_operator.py
[2023-12-28 09:25:27,345] {processor.py:623} INFO - DAG(s) dict_keys(['example_short_circuit_operator']) retrieved from /home/airflow/.local/lib/python3.6/site-packages/airflow/example_dags/example_short_circuit_operator.py
[2023-12-28 09:25:27,368] {logging_mixin.py:109} INFO - [2023-12-28 09:25:27,368] {dag.py:1834} INFO - Sync 1 DAGs
[2023-12-28 09:25:27,384] {logging_mixin.py:109} INFO - [2023-12-28 09:25:27,384] {dag.py:2287} INFO - Setting next_dagrun for example_short_circuit_operator to 2023-12-26 00:00:00+00:00
[2023-12-28 09:25:27,398] {processor.py:170} INFO - Processing /home/airflow/.local/lib/python3.6/site-packages/airflow/example_dags/example_short_circuit_operator.py took 0.076 seconds
[2023-12-28 09:25:57,495] {processor.py:162} INFO - Started process (PID=2760) to work on /home/airflow/.local/lib/python3.6/site-packages/airflow/example_dags/example_short_circuit_operator.py
[2023-12-28 09:25:57,496] {processor.py:613} INFO - Processing file /home/airflow/.local/lib/python3.6/site-packages/airflow/example_dags/example_short_circuit_operator.py for tasks to queue
[2023-12-28 09:25:57,497] {logging_mixin.py:109} INFO - [2023-12-28 09:25:57,497] {dagbag.py:496} INFO - Filling up the DagBag from /home/airflow/.local/lib/python3.6/site-packages/airflow/example_dags/example_short_circuit_operator.py
[2023-12-28 09:25:57,512] {processor.py:623} INFO - DAG(s) dict_keys(['example_short_circuit_operator']) retrieved from /home/airflow/.local/lib/python3.6/site-packages/airflow/example_dags/example_short_circuit_operator.py
[2023-12-28 09:25:57,539] {logging_mixin.py:109} INFO - [2023-12-28 09:25:57,539] {dag.py:1834} INFO - Sync 1 DAGs
[2023-12-28 09:25:57,558] {logging_mixin.py:109} INFO - [2023-12-28 09:25:57,558] {dag.py:2287} INFO - Setting next_dagrun for example_short_circuit_operator to 2023-12-26 00:00:00+00:00
[2023-12-28 09:25:57,574] {processor.py:170} INFO - Processing /home/airflow/.local/lib/python3.6/site-packages/airflow/example_dags/example_short_circuit_operator.py took 0.083 seconds
[2023-12-28 09:26:28,025] {processor.py:162} INFO - Started process (PID=2964) to work on /home/airflow/.local/lib/python3.6/site-packages/airflow/example_dags/example_short_circuit_operator.py
[2023-12-28 09:26:28,028] {processor.py:613} INFO - Processing file /home/airflow/.local/lib/python3.6/site-packages/airflow/example_dags/example_short_circuit_operator.py for tasks to queue
[2023-12-28 09:26:28,028] {logging_mixin.py:109} INFO - [2023-12-28 09:26:28,028] {dagbag.py:496} INFO - Filling up the DagBag from /home/airflow/.local/lib/python3.6/site-packages/airflow/example_dags/example_short_circuit_operator.py
[2023-12-28 09:26:28,045] {processor.py:623} INFO - DAG(s) dict_keys(['example_short_circuit_operator']) retrieved from /home/airflow/.local/lib/python3.6/site-packages/airflow/example_dags/example_short_circuit_operator.py
[2023-12-28 09:26:28,077] {logging_mixin.py:109} INFO - [2023-12-28 09:26:28,076] {dag.py:1834} INFO - Sync 1 DAGs
[2023-12-28 09:26:28,096] {logging_mixin.py:109} INFO - [2023-12-28 09:26:28,096] {dag.py:2287} INFO - Setting next_dagrun for example_short_circuit_operator to 2023-12-26 00:00:00+00:00
[2023-12-28 09:26:28,112] {processor.py:170} INFO - Processing /home/airflow/.local/lib/python3.6/site-packages/airflow/example_dags/example_short_circuit_operator.py took 0.091 seconds
[2023-12-28 09:26:58,511] {processor.py:162} INFO - Started process (PID=3161) to work on /home/airflow/.local/lib/python3.6/site-packages/airflow/example_dags/example_short_circuit_operator.py
[2023-12-28 09:26:58,512] {processor.py:613} INFO - Processing file /home/airflow/.local/lib/python3.6/site-packages/airflow/example_dags/example_short_circuit_operator.py for tasks to queue
[2023-12-28 09:26:58,513] {logging_mixin.py:109} INFO - [2023-12-28 09:26:58,513] {dagbag.py:496} INFO - Filling up the DagBag from /home/airflow/.local/lib/python3.6/site-packages/airflow/example_dags/example_short_circuit_operator.py
[2023-12-28 09:26:58,527] {processor.py:623} INFO - DAG(s) dict_keys(['example_short_circuit_operator']) retrieved from /home/airflow/.local/lib/python3.6/site-packages/airflow/example_dags/example_short_circuit_operator.py
[2023-12-28 09:26:58,559] {logging_mixin.py:109} INFO - [2023-12-28 09:26:58,559] {dag.py:1834} INFO - Sync 1 DAGs
[2023-12-28 09:26:58,578] {logging_mixin.py:109} INFO - [2023-12-28 09:26:58,578] {dag.py:2287} INFO - Setting next_dagrun for example_short_circuit_operator to 2023-12-26 00:00:00+00:00
[2023-12-28 09:26:58,596] {processor.py:170} INFO - Processing /home/airflow/.local/lib/python3.6/site-packages/airflow/example_dags/example_short_circuit_operator.py took 0.089 seconds
[2023-12-28 09:27:29,048] {processor.py:162} INFO - Started process (PID=3355) to work on /home/airflow/.local/lib/python3.6/site-packages/airflow/example_dags/example_short_circuit_operator.py
[2023-12-28 09:27:29,055] {processor.py:613} INFO - Processing file /home/airflow/.local/lib/python3.6/site-packages/airflow/example_dags/example_short_circuit_operator.py for tasks to queue
[2023-12-28 09:27:29,056] {logging_mixin.py:109} INFO - [2023-12-28 09:27:29,056] {dagbag.py:496} INFO - Filling up the DagBag from /home/airflow/.local/lib/python3.6/site-packages/airflow/example_dags/example_short_circuit_operator.py
[2023-12-28 09:27:29,068] {processor.py:623} INFO - DAG(s) dict_keys(['example_short_circuit_operator']) retrieved from /home/airflow/.local/lib/python3.6/site-packages/airflow/example_dags/example_short_circuit_operator.py
[2023-12-28 09:27:29,094] {logging_mixin.py:109} INFO - [2023-12-28 09:27:29,094] {dag.py:1834} INFO - Sync 1 DAGs
[2023-12-28 09:27:29,108] {logging_mixin.py:109} INFO - [2023-12-28 09:27:29,108] {dag.py:2287} INFO - Setting next_dagrun for example_short_circuit_operator to 2023-12-26 00:00:00+00:00
[2023-12-28 09:27:29,140] {processor.py:170} INFO - Processing /home/airflow/.local/lib/python3.6/site-packages/airflow/example_dags/example_short_circuit_operator.py took 0.095 seconds
[2023-12-28 09:27:59,675] {processor.py:162} INFO - Started process (PID=3560) to work on /home/airflow/.local/lib/python3.6/site-packages/airflow/example_dags/example_short_circuit_operator.py
[2023-12-28 09:27:59,676] {processor.py:613} INFO - Processing file /home/airflow/.local/lib/python3.6/site-packages/airflow/example_dags/example_short_circuit_operator.py for tasks to queue
[2023-12-28 09:27:59,677] {logging_mixin.py:109} INFO - [2023-12-28 09:27:59,677] {dagbag.py:496} INFO - Filling up the DagBag from /home/airflow/.local/lib/python3.6/site-packages/airflow/example_dags/example_short_circuit_operator.py
[2023-12-28 09:27:59,696] {processor.py:623} INFO - DAG(s) dict_keys(['example_short_circuit_operator']) retrieved from /home/airflow/.local/lib/python3.6/site-packages/airflow/example_dags/example_short_circuit_operator.py
[2023-12-28 09:27:59,735] {logging_mixin.py:109} INFO - [2023-12-28 09:27:59,734] {dag.py:1834} INFO - Sync 1 DAGs
[2023-12-28 09:27:59,759] {logging_mixin.py:109} INFO - [2023-12-28 09:27:59,759] {dag.py:2287} INFO - Setting next_dagrun for example_short_circuit_operator to 2023-12-26 00:00:00+00:00
[2023-12-28 09:27:59,777] {processor.py:170} INFO - Processing /home/airflow/.local/lib/python3.6/site-packages/airflow/example_dags/example_short_circuit_operator.py took 0.106 seconds
[2023-12-28 09:28:29,904] {processor.py:162} INFO - Started process (PID=3754) to work on /home/airflow/.local/lib/python3.6/site-packages/airflow/example_dags/example_short_circuit_operator.py
[2023-12-28 09:28:29,905] {processor.py:613} INFO - Processing file /home/airflow/.local/lib/python3.6/site-packages/airflow/example_dags/example_short_circuit_operator.py for tasks to queue
[2023-12-28 09:28:29,906] {logging_mixin.py:109} INFO - [2023-12-28 09:28:29,906] {dagbag.py:496} INFO - Filling up the DagBag from /home/airflow/.local/lib/python3.6/site-packages/airflow/example_dags/example_short_circuit_operator.py
[2023-12-28 09:28:29,915] {processor.py:623} INFO - DAG(s) dict_keys(['example_short_circuit_operator']) retrieved from /home/airflow/.local/lib/python3.6/site-packages/airflow/example_dags/example_short_circuit_operator.py
[2023-12-28 09:28:29,934] {logging_mixin.py:109} INFO - [2023-12-28 09:28:29,934] {dag.py:1834} INFO - Sync 1 DAGs
[2023-12-28 09:28:29,945] {logging_mixin.py:109} INFO - [2023-12-28 09:28:29,945] {dag.py:2287} INFO - Setting next_dagrun for example_short_circuit_operator to 2023-12-26 00:00:00+00:00
[2023-12-28 09:28:29,954] {processor.py:170} INFO - Processing /home/airflow/.local/lib/python3.6/site-packages/airflow/example_dags/example_short_circuit_operator.py took 0.052 seconds
[2023-12-28 09:29:00,338] {processor.py:162} INFO - Started process (PID=3960) to work on /home/airflow/.local/lib/python3.6/site-packages/airflow/example_dags/example_short_circuit_operator.py
[2023-12-28 09:29:00,339] {processor.py:613} INFO - Processing file /home/airflow/.local/lib/python3.6/site-packages/airflow/example_dags/example_short_circuit_operator.py for tasks to queue
[2023-12-28 09:29:00,339] {logging_mixin.py:109} INFO - [2023-12-28 09:29:00,339] {dagbag.py:496} INFO - Filling up the DagBag from /home/airflow/.local/lib/python3.6/site-packages/airflow/example_dags/example_short_circuit_operator.py
[2023-12-28 09:29:00,354] {processor.py:623} INFO - DAG(s) dict_keys(['example_short_circuit_operator']) retrieved from /home/airflow/.local/lib/python3.6/site-packages/airflow/example_dags/example_short_circuit_operator.py
[2023-12-28 09:29:00,379] {logging_mixin.py:109} INFO - [2023-12-28 09:29:00,379] {dag.py:1834} INFO - Sync 1 DAGs
[2023-12-28 09:29:00,394] {logging_mixin.py:109} INFO - [2023-12-28 09:29:00,394] {dag.py:2287} INFO - Setting next_dagrun for example_short_circuit_operator to 2023-12-26 00:00:00+00:00
[2023-12-28 09:29:00,406] {processor.py:170} INFO - Processing /home/airflow/.local/lib/python3.6/site-packages/airflow/example_dags/example_short_circuit_operator.py took 0.071 seconds
[2023-12-28 09:29:30,827] {processor.py:162} INFO - Started process (PID=4155) to work on /home/airflow/.local/lib/python3.6/site-packages/airflow/example_dags/example_short_circuit_operator.py
[2023-12-28 09:29:30,829] {processor.py:613} INFO - Processing file /home/airflow/.local/lib/python3.6/site-packages/airflow/example_dags/example_short_circuit_operator.py for tasks to queue
[2023-12-28 09:29:30,830] {logging_mixin.py:109} INFO - [2023-12-28 09:29:30,830] {dagbag.py:496} INFO - Filling up the DagBag from /home/airflow/.local/lib/python3.6/site-packages/airflow/example_dags/example_short_circuit_operator.py
[2023-12-28 09:29:30,847] {processor.py:623} INFO - DAG(s) dict_keys(['example_short_circuit_operator']) retrieved from /home/airflow/.local/lib/python3.6/site-packages/airflow/example_dags/example_short_circuit_operator.py
[2023-12-28 09:29:30,875] {logging_mixin.py:109} INFO - [2023-12-28 09:29:30,875] {dag.py:1834} INFO - Sync 1 DAGs
[2023-12-28 09:29:30,893] {logging_mixin.py:109} INFO - [2023-12-28 09:29:30,893] {dag.py:2287} INFO - Setting next_dagrun for example_short_circuit_operator to 2023-12-26 00:00:00+00:00
[2023-12-28 09:29:30,909] {processor.py:170} INFO - Processing /home/airflow/.local/lib/python3.6/site-packages/airflow/example_dags/example_short_circuit_operator.py took 0.085 seconds
[2023-12-28 09:30:01,017] {processor.py:162} INFO - Started process (PID=4351) to work on /home/airflow/.local/lib/python3.6/site-packages/airflow/example_dags/example_short_circuit_operator.py
[2023-12-28 09:30:01,019] {processor.py:613} INFO - Processing file /home/airflow/.local/lib/python3.6/site-packages/airflow/example_dags/example_short_circuit_operator.py for tasks to queue
[2023-12-28 09:30:01,021] {logging_mixin.py:109} INFO - [2023-12-28 09:30:01,021] {dagbag.py:496} INFO - Filling up the DagBag from /home/airflow/.local/lib/python3.6/site-packages/airflow/example_dags/example_short_circuit_operator.py
[2023-12-28 09:30:01,047] {processor.py:623} INFO - DAG(s) dict_keys(['example_short_circuit_operator']) retrieved from /home/airflow/.local/lib/python3.6/site-packages/airflow/example_dags/example_short_circuit_operator.py
[2023-12-28 09:30:01,089] {logging_mixin.py:109} INFO - [2023-12-28 09:30:01,089] {dag.py:1834} INFO - Sync 1 DAGs
[2023-12-28 09:30:01,109] {logging_mixin.py:109} INFO - [2023-12-28 09:30:01,109] {dag.py:2287} INFO - Setting next_dagrun for example_short_circuit_operator to 2023-12-26 00:00:00+00:00
[2023-12-28 09:30:01,127] {processor.py:170} INFO - Processing /home/airflow/.local/lib/python3.6/site-packages/airflow/example_dags/example_short_circuit_operator.py took 0.114 seconds
[2023-12-28 09:30:31,276] {processor.py:162} INFO - Started process (PID=4555) to work on /home/airflow/.local/lib/python3.6/site-packages/airflow/example_dags/example_short_circuit_operator.py
[2023-12-28 09:30:31,284] {processor.py:613} INFO - Processing file /home/airflow/.local/lib/python3.6/site-packages/airflow/example_dags/example_short_circuit_operator.py for tasks to queue
[2023-12-28 09:30:31,285] {logging_mixin.py:109} INFO - [2023-12-28 09:30:31,285] {dagbag.py:496} INFO - Filling up the DagBag from /home/airflow/.local/lib/python3.6/site-packages/airflow/example_dags/example_short_circuit_operator.py
[2023-12-28 09:30:31,301] {processor.py:623} INFO - DAG(s) dict_keys(['example_short_circuit_operator']) retrieved from /home/airflow/.local/lib/python3.6/site-packages/airflow/example_dags/example_short_circuit_operator.py
[2023-12-28 09:30:31,330] {logging_mixin.py:109} INFO - [2023-12-28 09:30:31,329] {dag.py:1834} INFO - Sync 1 DAGs
[2023-12-28 09:30:31,348] {logging_mixin.py:109} INFO - [2023-12-28 09:30:31,347] {dag.py:2287} INFO - Setting next_dagrun for example_short_circuit_operator to 2023-12-26 00:00:00+00:00
[2023-12-28 09:30:31,364] {processor.py:170} INFO - Processing /home/airflow/.local/lib/python3.6/site-packages/airflow/example_dags/example_short_circuit_operator.py took 0.091 seconds
[2023-12-28 09:31:01,797] {processor.py:162} INFO - Started process (PID=4751) to work on /home/airflow/.local/lib/python3.6/site-packages/airflow/example_dags/example_short_circuit_operator.py
[2023-12-28 09:31:01,799] {processor.py:613} INFO - Processing file /home/airflow/.local/lib/python3.6/site-packages/airflow/example_dags/example_short_circuit_operator.py for tasks to queue
[2023-12-28 09:31:01,800] {logging_mixin.py:109} INFO - [2023-12-28 09:31:01,800] {dagbag.py:496} INFO - Filling up the DagBag from /home/airflow/.local/lib/python3.6/site-packages/airflow/example_dags/example_short_circuit_operator.py
[2023-12-28 09:31:01,820] {processor.py:623} INFO - DAG(s) dict_keys(['example_short_circuit_operator']) retrieved from /home/airflow/.local/lib/python3.6/site-packages/airflow/example_dags/example_short_circuit_operator.py
[2023-12-28 09:31:01,849] {logging_mixin.py:109} INFO - [2023-12-28 09:31:01,849] {dag.py:1834} INFO - Sync 1 DAGs
[2023-12-28 09:31:01,867] {logging_mixin.py:109} INFO - [2023-12-28 09:31:01,867] {dag.py:2287} INFO - Setting next_dagrun for example_short_circuit_operator to 2023-12-26 00:00:00+00:00
[2023-12-28 09:31:01,888] {processor.py:170} INFO - Processing /home/airflow/.local/lib/python3.6/site-packages/airflow/example_dags/example_short_circuit_operator.py took 0.095 seconds
[2023-12-28 09:31:32,111] {processor.py:162} INFO - Started process (PID=4955) to work on /home/airflow/.local/lib/python3.6/site-packages/airflow/example_dags/example_short_circuit_operator.py
[2023-12-28 09:31:32,113] {processor.py:613} INFO - Processing file /home/airflow/.local/lib/python3.6/site-packages/airflow/example_dags/example_short_circuit_operator.py for tasks to queue
[2023-12-28 09:31:32,114] {logging_mixin.py:109} INFO - [2023-12-28 09:31:32,114] {dagbag.py:496} INFO - Filling up the DagBag from /home/airflow/.local/lib/python3.6/site-packages/airflow/example_dags/example_short_circuit_operator.py
[2023-12-28 09:31:32,127] {processor.py:623} INFO - DAG(s) dict_keys(['example_short_circuit_operator']) retrieved from /home/airflow/.local/lib/python3.6/site-packages/airflow/example_dags/example_short_circuit_operator.py
[2023-12-28 09:31:32,152] {logging_mixin.py:109} INFO - [2023-12-28 09:31:32,152] {dag.py:1834} INFO - Sync 1 DAGs
[2023-12-28 09:31:32,167] {logging_mixin.py:109} INFO - [2023-12-28 09:31:32,166] {dag.py:2287} INFO - Setting next_dagrun for example_short_circuit_operator to 2023-12-26 00:00:00+00:00
[2023-12-28 09:31:32,180] {processor.py:170} INFO - Processing /home/airflow/.local/lib/python3.6/site-packages/airflow/example_dags/example_short_circuit_operator.py took 0.072 seconds
[2023-12-28 09:32:02,283] {processor.py:162} INFO - Started process (PID=5150) to work on /home/airflow/.local/lib/python3.6/site-packages/airflow/example_dags/example_short_circuit_operator.py
[2023-12-28 09:32:02,284] {processor.py:613} INFO - Processing file /home/airflow/.local/lib/python3.6/site-packages/airflow/example_dags/example_short_circuit_operator.py for tasks to queue
[2023-12-28 09:32:02,285] {logging_mixin.py:109} INFO - [2023-12-28 09:32:02,285] {dagbag.py:496} INFO - Filling up the DagBag from /home/airflow/.local/lib/python3.6/site-packages/airflow/example_dags/example_short_circuit_operator.py
[2023-12-28 09:32:02,303] {processor.py:623} INFO - DAG(s) dict_keys(['example_short_circuit_operator']) retrieved from /home/airflow/.local/lib/python3.6/site-packages/airflow/example_dags/example_short_circuit_operator.py
[2023-12-28 09:32:02,336] {logging_mixin.py:109} INFO - [2023-12-28 09:32:02,336] {dag.py:1834} INFO - Sync 1 DAGs
[2023-12-28 09:32:02,356] {logging_mixin.py:109} INFO - [2023-12-28 09:32:02,356] {dag.py:2287} INFO - Setting next_dagrun for example_short_circuit_operator to 2023-12-26 00:00:00+00:00
[2023-12-28 09:32:02,376] {processor.py:170} INFO - Processing /home/airflow/.local/lib/python3.6/site-packages/airflow/example_dags/example_short_circuit_operator.py took 0.097 seconds
[2023-12-28 09:32:33,274] {processor.py:162} INFO - Started process (PID=5354) to work on /home/airflow/.local/lib/python3.6/site-packages/airflow/example_dags/example_short_circuit_operator.py
[2023-12-28 09:32:33,283] {processor.py:613} INFO - Processing file /home/airflow/.local/lib/python3.6/site-packages/airflow/example_dags/example_short_circuit_operator.py for tasks to queue
[2023-12-28 09:32:33,284] {logging_mixin.py:109} INFO - [2023-12-28 09:32:33,284] {dagbag.py:496} INFO - Filling up the DagBag from /home/airflow/.local/lib/python3.6/site-packages/airflow/example_dags/example_short_circuit_operator.py
[2023-12-28 09:32:33,300] {processor.py:623} INFO - DAG(s) dict_keys(['example_short_circuit_operator']) retrieved from /home/airflow/.local/lib/python3.6/site-packages/airflow/example_dags/example_short_circuit_operator.py
[2023-12-28 09:32:33,330] {logging_mixin.py:109} INFO - [2023-12-28 09:32:33,330] {dag.py:1834} INFO - Sync 1 DAGs
[2023-12-28 09:32:33,348] {logging_mixin.py:109} INFO - [2023-12-28 09:32:33,347] {dag.py:2287} INFO - Setting next_dagrun for example_short_circuit_operator to 2023-12-26 00:00:00+00:00
[2023-12-28 09:32:33,366] {processor.py:170} INFO - Processing /home/airflow/.local/lib/python3.6/site-packages/airflow/example_dags/example_short_circuit_operator.py took 0.095 seconds
[2023-12-28 09:33:03,761] {processor.py:162} INFO - Started process (PID=5550) to work on /home/airflow/.local/lib/python3.6/site-packages/airflow/example_dags/example_short_circuit_operator.py
[2023-12-28 09:33:03,762] {processor.py:613} INFO - Processing file /home/airflow/.local/lib/python3.6/site-packages/airflow/example_dags/example_short_circuit_operator.py for tasks to queue
[2023-12-28 09:33:03,762] {logging_mixin.py:109} INFO - [2023-12-28 09:33:03,762] {dagbag.py:496} INFO - Filling up the DagBag from /home/airflow/.local/lib/python3.6/site-packages/airflow/example_dags/example_short_circuit_operator.py
[2023-12-28 09:33:03,776] {processor.py:623} INFO - DAG(s) dict_keys(['example_short_circuit_operator']) retrieved from /home/airflow/.local/lib/python3.6/site-packages/airflow/example_dags/example_short_circuit_operator.py
[2023-12-28 09:33:03,799] {logging_mixin.py:109} INFO - [2023-12-28 09:33:03,799] {dag.py:1834} INFO - Sync 1 DAGs
[2023-12-28 09:33:03,813] {logging_mixin.py:109} INFO - [2023-12-28 09:33:03,813] {dag.py:2287} INFO - Setting next_dagrun for example_short_circuit_operator to 2023-12-26 00:00:00+00:00
[2023-12-28 09:33:03,826] {processor.py:170} INFO - Processing /home/airflow/.local/lib/python3.6/site-packages/airflow/example_dags/example_short_circuit_operator.py took 0.069 seconds
[2023-12-28 09:33:33,976] {processor.py:162} INFO - Started process (PID=5745) to work on /home/airflow/.local/lib/python3.6/site-packages/airflow/example_dags/example_short_circuit_operator.py
[2023-12-28 09:33:33,978] {processor.py:613} INFO - Processing file /home/airflow/.local/lib/python3.6/site-packages/airflow/example_dags/example_short_circuit_operator.py for tasks to queue
[2023-12-28 09:33:33,979] {logging_mixin.py:109} INFO - [2023-12-28 09:33:33,979] {dagbag.py:496} INFO - Filling up the DagBag from /home/airflow/.local/lib/python3.6/site-packages/airflow/example_dags/example_short_circuit_operator.py
[2023-12-28 09:33:33,996] {processor.py:623} INFO - DAG(s) dict_keys(['example_short_circuit_operator']) retrieved from /home/airflow/.local/lib/python3.6/site-packages/airflow/example_dags/example_short_circuit_operator.py
[2023-12-28 09:33:34,027] {logging_mixin.py:109} INFO - [2023-12-28 09:33:34,027] {dag.py:1834} INFO - Sync 1 DAGs
[2023-12-28 09:33:34,047] {logging_mixin.py:109} INFO - [2023-12-28 09:33:34,047] {dag.py:2287} INFO - Setting next_dagrun for example_short_circuit_operator to 2023-12-26 00:00:00+00:00
[2023-12-28 09:33:34,067] {processor.py:170} INFO - Processing /home/airflow/.local/lib/python3.6/site-packages/airflow/example_dags/example_short_circuit_operator.py took 0.095 seconds
[2023-12-28 09:34:04,284] {processor.py:162} INFO - Started process (PID=5951) to work on /home/airflow/.local/lib/python3.6/site-packages/airflow/example_dags/example_short_circuit_operator.py
[2023-12-28 09:34:04,286] {processor.py:613} INFO - Processing file /home/airflow/.local/lib/python3.6/site-packages/airflow/example_dags/example_short_circuit_operator.py for tasks to queue
[2023-12-28 09:34:04,287] {logging_mixin.py:109} INFO - [2023-12-28 09:34:04,287] {dagbag.py:496} INFO - Filling up the DagBag from /home/airflow/.local/lib/python3.6/site-packages/airflow/example_dags/example_short_circuit_operator.py
[2023-12-28 09:34:04,306] {processor.py:623} INFO - DAG(s) dict_keys(['example_short_circuit_operator']) retrieved from /home/airflow/.local/lib/python3.6/site-packages/airflow/example_dags/example_short_circuit_operator.py
[2023-12-28 09:34:04,333] {logging_mixin.py:109} INFO - [2023-12-28 09:34:04,333] {dag.py:1834} INFO - Sync 1 DAGs
[2023-12-28 09:34:04,351] {logging_mixin.py:109} INFO - [2023-12-28 09:34:04,351] {dag.py:2287} INFO - Setting next_dagrun for example_short_circuit_operator to 2023-12-26 00:00:00+00:00
[2023-12-28 09:34:04,367] {processor.py:170} INFO - Processing /home/airflow/.local/lib/python3.6/site-packages/airflow/example_dags/example_short_circuit_operator.py took 0.088 seconds
[2023-12-28 09:34:34,432] {processor.py:162} INFO - Started process (PID=6145) to work on /home/airflow/.local/lib/python3.6/site-packages/airflow/example_dags/example_short_circuit_operator.py
[2023-12-28 09:34:34,434] {processor.py:613} INFO - Processing file /home/airflow/.local/lib/python3.6/site-packages/airflow/example_dags/example_short_circuit_operator.py for tasks to queue
[2023-12-28 09:34:34,435] {logging_mixin.py:109} INFO - [2023-12-28 09:34:34,435] {dagbag.py:496} INFO - Filling up the DagBag from /home/airflow/.local/lib/python3.6/site-packages/airflow/example_dags/example_short_circuit_operator.py
[2023-12-28 09:34:34,448] {processor.py:623} INFO - DAG(s) dict_keys(['example_short_circuit_operator']) retrieved from /home/airflow/.local/lib/python3.6/site-packages/airflow/example_dags/example_short_circuit_operator.py
[2023-12-28 09:34:34,472] {logging_mixin.py:109} INFO - [2023-12-28 09:34:34,472] {dag.py:1834} INFO - Sync 1 DAGs
[2023-12-28 09:34:34,487] {logging_mixin.py:109} INFO - [2023-12-28 09:34:34,486] {dag.py:2287} INFO - Setting next_dagrun for example_short_circuit_operator to 2023-12-26 00:00:00+00:00
[2023-12-28 09:34:34,499] {processor.py:170} INFO - Processing /home/airflow/.local/lib/python3.6/site-packages/airflow/example_dags/example_short_circuit_operator.py took 0.070 seconds
[2023-12-28 09:35:04,660] {processor.py:162} INFO - Started process (PID=6350) to work on /home/airflow/.local/lib/python3.6/site-packages/airflow/example_dags/example_short_circuit_operator.py
[2023-12-28 09:35:04,661] {processor.py:613} INFO - Processing file /home/airflow/.local/lib/python3.6/site-packages/airflow/example_dags/example_short_circuit_operator.py for tasks to queue
[2023-12-28 09:35:04,662] {logging_mixin.py:109} INFO - [2023-12-28 09:35:04,662] {dagbag.py:496} INFO - Filling up the DagBag from /home/airflow/.local/lib/python3.6/site-packages/airflow/example_dags/example_short_circuit_operator.py
[2023-12-28 09:35:04,675] {processor.py:623} INFO - DAG(s) dict_keys(['example_short_circuit_operator']) retrieved from /home/airflow/.local/lib/python3.6/site-packages/airflow/example_dags/example_short_circuit_operator.py
[2023-12-28 09:35:04,700] {logging_mixin.py:109} INFO - [2023-12-28 09:35:04,700] {dag.py:1834} INFO - Sync 1 DAGs
[2023-12-28 09:35:04,715] {logging_mixin.py:109} INFO - [2023-12-28 09:35:04,715] {dag.py:2287} INFO - Setting next_dagrun for example_short_circuit_operator to 2023-12-26 00:00:00+00:00
[2023-12-28 09:35:04,729] {processor.py:170} INFO - Processing /home/airflow/.local/lib/python3.6/site-packages/airflow/example_dags/example_short_circuit_operator.py took 0.071 seconds
[2023-12-28 09:35:34,838] {processor.py:162} INFO - Started process (PID=6545) to work on /home/airflow/.local/lib/python3.6/site-packages/airflow/example_dags/example_short_circuit_operator.py
[2023-12-28 09:35:34,851] {processor.py:613} INFO - Processing file /home/airflow/.local/lib/python3.6/site-packages/airflow/example_dags/example_short_circuit_operator.py for tasks to queue
[2023-12-28 09:35:34,852] {logging_mixin.py:109} INFO - [2023-12-28 09:35:34,851] {dagbag.py:496} INFO - Filling up the DagBag from /home/airflow/.local/lib/python3.6/site-packages/airflow/example_dags/example_short_circuit_operator.py
[2023-12-28 09:35:34,866] {processor.py:623} INFO - DAG(s) dict_keys(['example_short_circuit_operator']) retrieved from /home/airflow/.local/lib/python3.6/site-packages/airflow/example_dags/example_short_circuit_operator.py
[2023-12-28 09:35:34,890] {logging_mixin.py:109} INFO - [2023-12-28 09:35:34,890] {dag.py:1834} INFO - Sync 1 DAGs
[2023-12-28 09:35:34,906] {logging_mixin.py:109} INFO - [2023-12-28 09:35:34,906] {dag.py:2287} INFO - Setting next_dagrun for example_short_circuit_operator to 2023-12-26 00:00:00+00:00
[2023-12-28 09:35:34,920] {processor.py:170} INFO - Processing /home/airflow/.local/lib/python3.6/site-packages/airflow/example_dags/example_short_circuit_operator.py took 0.085 seconds
[2023-12-28 09:36:04,977] {processor.py:162} INFO - Started process (PID=6740) to work on /home/airflow/.local/lib/python3.6/site-packages/airflow/example_dags/example_short_circuit_operator.py
[2023-12-28 09:36:04,978] {processor.py:613} INFO - Processing file /home/airflow/.local/lib/python3.6/site-packages/airflow/example_dags/example_short_circuit_operator.py for tasks to queue
[2023-12-28 09:36:04,979] {logging_mixin.py:109} INFO - [2023-12-28 09:36:04,979] {dagbag.py:496} INFO - Filling up the DagBag from /home/airflow/.local/lib/python3.6/site-packages/airflow/example_dags/example_short_circuit_operator.py
[2023-12-28 09:36:04,996] {processor.py:623} INFO - DAG(s) dict_keys(['example_short_circuit_operator']) retrieved from /home/airflow/.local/lib/python3.6/site-packages/airflow/example_dags/example_short_circuit_operator.py
[2023-12-28 09:36:05,022] {logging_mixin.py:109} INFO - [2023-12-28 09:36:05,022] {dag.py:1834} INFO - Sync 1 DAGs
[2023-12-28 09:36:05,038] {logging_mixin.py:109} INFO - [2023-12-28 09:36:05,038] {dag.py:2287} INFO - Setting next_dagrun for example_short_circuit_operator to 2023-12-26 00:00:00+00:00
[2023-12-28 09:36:05,052] {processor.py:170} INFO - Processing /home/airflow/.local/lib/python3.6/site-packages/airflow/example_dags/example_short_circuit_operator.py took 0.077 seconds
[2023-12-28 09:36:35,250] {processor.py:162} INFO - Started process (PID=6945) to work on /home/airflow/.local/lib/python3.6/site-packages/airflow/example_dags/example_short_circuit_operator.py
[2023-12-28 09:36:35,252] {processor.py:613} INFO - Processing file /home/airflow/.local/lib/python3.6/site-packages/airflow/example_dags/example_short_circuit_operator.py for tasks to queue
[2023-12-28 09:36:35,253] {logging_mixin.py:109} INFO - [2023-12-28 09:36:35,253] {dagbag.py:496} INFO - Filling up the DagBag from /home/airflow/.local/lib/python3.6/site-packages/airflow/example_dags/example_short_circuit_operator.py
[2023-12-28 09:36:35,267] {processor.py:623} INFO - DAG(s) dict_keys(['example_short_circuit_operator']) retrieved from /home/airflow/.local/lib/python3.6/site-packages/airflow/example_dags/example_short_circuit_operator.py
[2023-12-28 09:36:35,296] {logging_mixin.py:109} INFO - [2023-12-28 09:36:35,296] {dag.py:1834} INFO - Sync 1 DAGs
[2023-12-28 09:36:35,314] {logging_mixin.py:109} INFO - [2023-12-28 09:36:35,314] {dag.py:2287} INFO - Setting next_dagrun for example_short_circuit_operator to 2023-12-26 00:00:00+00:00
[2023-12-28 09:36:35,329] {processor.py:170} INFO - Processing /home/airflow/.local/lib/python3.6/site-packages/airflow/example_dags/example_short_circuit_operator.py took 0.082 seconds
[2023-12-28 09:37:05,991] {processor.py:162} INFO - Started process (PID=7140) to work on /home/airflow/.local/lib/python3.6/site-packages/airflow/example_dags/example_short_circuit_operator.py
[2023-12-28 09:37:05,993] {processor.py:613} INFO - Processing file /home/airflow/.local/lib/python3.6/site-packages/airflow/example_dags/example_short_circuit_operator.py for tasks to queue
[2023-12-28 09:37:05,995] {logging_mixin.py:109} INFO - [2023-12-28 09:37:05,995] {dagbag.py:496} INFO - Filling up the DagBag from /home/airflow/.local/lib/python3.6/site-packages/airflow/example_dags/example_short_circuit_operator.py
[2023-12-28 09:37:06,020] {processor.py:623} INFO - DAG(s) dict_keys(['example_short_circuit_operator']) retrieved from /home/airflow/.local/lib/python3.6/site-packages/airflow/example_dags/example_short_circuit_operator.py
[2023-12-28 09:37:06,052] {logging_mixin.py:109} INFO - [2023-12-28 09:37:06,052] {dag.py:1834} INFO - Sync 1 DAGs
[2023-12-28 09:37:06,069] {logging_mixin.py:109} INFO - [2023-12-28 09:37:06,068] {dag.py:2287} INFO - Setting next_dagrun for example_short_circuit_operator to 2023-12-26 00:00:00+00:00
[2023-12-28 09:37:06,084] {processor.py:170} INFO - Processing /home/airflow/.local/lib/python3.6/site-packages/airflow/example_dags/example_short_circuit_operator.py took 0.099 seconds
[2023-12-28 09:37:36,163] {processor.py:162} INFO - Started process (PID=7335) to work on /home/airflow/.local/lib/python3.6/site-packages/airflow/example_dags/example_short_circuit_operator.py
[2023-12-28 09:37:36,165] {processor.py:613} INFO - Processing file /home/airflow/.local/lib/python3.6/site-packages/airflow/example_dags/example_short_circuit_operator.py for tasks to queue
[2023-12-28 09:37:36,166] {logging_mixin.py:109} INFO - [2023-12-28 09:37:36,166] {dagbag.py:496} INFO - Filling up the DagBag from /home/airflow/.local/lib/python3.6/site-packages/airflow/example_dags/example_short_circuit_operator.py
[2023-12-28 09:37:36,181] {processor.py:623} INFO - DAG(s) dict_keys(['example_short_circuit_operator']) retrieved from /home/airflow/.local/lib/python3.6/site-packages/airflow/example_dags/example_short_circuit_operator.py
[2023-12-28 09:37:36,208] {logging_mixin.py:109} INFO - [2023-12-28 09:37:36,208] {dag.py:1834} INFO - Sync 1 DAGs
[2023-12-28 09:37:36,223] {logging_mixin.py:109} INFO - [2023-12-28 09:37:36,223] {dag.py:2287} INFO - Setting next_dagrun for example_short_circuit_operator to 2023-12-26 00:00:00+00:00
[2023-12-28 09:37:36,238] {processor.py:170} INFO - Processing /home/airflow/.local/lib/python3.6/site-packages/airflow/example_dags/example_short_circuit_operator.py took 0.079 seconds
[2023-12-28 09:38:06,405] {processor.py:162} INFO - Started process (PID=7540) to work on /home/airflow/.local/lib/python3.6/site-packages/airflow/example_dags/example_short_circuit_operator.py
[2023-12-28 09:38:06,406] {processor.py:613} INFO - Processing file /home/airflow/.local/lib/python3.6/site-packages/airflow/example_dags/example_short_circuit_operator.py for tasks to queue
[2023-12-28 09:38:06,406] {logging_mixin.py:109} INFO - [2023-12-28 09:38:06,406] {dagbag.py:496} INFO - Filling up the DagBag from /home/airflow/.local/lib/python3.6/site-packages/airflow/example_dags/example_short_circuit_operator.py
[2023-12-28 09:38:06,421] {processor.py:623} INFO - DAG(s) dict_keys(['example_short_circuit_operator']) retrieved from /home/airflow/.local/lib/python3.6/site-packages/airflow/example_dags/example_short_circuit_operator.py
[2023-12-28 09:38:06,448] {logging_mixin.py:109} INFO - [2023-12-28 09:38:06,448] {dag.py:1834} INFO - Sync 1 DAGs
[2023-12-28 09:38:06,463] {logging_mixin.py:109} INFO - [2023-12-28 09:38:06,463] {dag.py:2287} INFO - Setting next_dagrun for example_short_circuit_operator to 2023-12-26 00:00:00+00:00
[2023-12-28 09:38:06,477] {processor.py:170} INFO - Processing /home/airflow/.local/lib/python3.6/site-packages/airflow/example_dags/example_short_circuit_operator.py took 0.075 seconds
[2023-12-28 09:38:36,840] {processor.py:162} INFO - Started process (PID=7734) to work on /home/airflow/.local/lib/python3.6/site-packages/airflow/example_dags/example_short_circuit_operator.py
[2023-12-28 09:38:36,842] {processor.py:613} INFO - Processing file /home/airflow/.local/lib/python3.6/site-packages/airflow/example_dags/example_short_circuit_operator.py for tasks to queue
[2023-12-28 09:38:36,843] {logging_mixin.py:109} INFO - [2023-12-28 09:38:36,843] {dagbag.py:496} INFO - Filling up the DagBag from /home/airflow/.local/lib/python3.6/site-packages/airflow/example_dags/example_short_circuit_operator.py
[2023-12-28 09:38:36,856] {processor.py:623} INFO - DAG(s) dict_keys(['example_short_circuit_operator']) retrieved from /home/airflow/.local/lib/python3.6/site-packages/airflow/example_dags/example_short_circuit_operator.py
[2023-12-28 09:38:36,880] {logging_mixin.py:109} INFO - [2023-12-28 09:38:36,880] {dag.py:1834} INFO - Sync 1 DAGs
[2023-12-28 09:38:36,896] {logging_mixin.py:109} INFO - [2023-12-28 09:38:36,896] {dag.py:2287} INFO - Setting next_dagrun for example_short_circuit_operator to 2023-12-26 00:00:00+00:00
[2023-12-28 09:38:36,908] {processor.py:170} INFO - Processing /home/airflow/.local/lib/python3.6/site-packages/airflow/example_dags/example_short_circuit_operator.py took 0.071 seconds
[2023-12-28 09:39:07,018] {processor.py:162} INFO - Started process (PID=7940) to work on /home/airflow/.local/lib/python3.6/site-packages/airflow/example_dags/example_short_circuit_operator.py
[2023-12-28 09:39:07,020] {processor.py:613} INFO - Processing file /home/airflow/.local/lib/python3.6/site-packages/airflow/example_dags/example_short_circuit_operator.py for tasks to queue
[2023-12-28 09:39:07,021] {logging_mixin.py:109} INFO - [2023-12-28 09:39:07,021] {dagbag.py:496} INFO - Filling up the DagBag from /home/airflow/.local/lib/python3.6/site-packages/airflow/example_dags/example_short_circuit_operator.py
[2023-12-28 09:39:07,073] {processor.py:623} INFO - DAG(s) dict_keys(['example_short_circuit_operator']) retrieved from /home/airflow/.local/lib/python3.6/site-packages/airflow/example_dags/example_short_circuit_operator.py
[2023-12-28 09:39:07,138] {logging_mixin.py:109} INFO - [2023-12-28 09:39:07,138] {dag.py:1834} INFO - Sync 1 DAGs
[2023-12-28 09:39:07,183] {logging_mixin.py:109} INFO - [2023-12-28 09:39:07,182] {dag.py:2287} INFO - Setting next_dagrun for example_short_circuit_operator to 2023-12-26 00:00:00+00:00
[2023-12-28 09:39:07,211] {processor.py:170} INFO - Processing /home/airflow/.local/lib/python3.6/site-packages/airflow/example_dags/example_short_circuit_operator.py took 0.198 seconds
[2023-12-28 09:39:37,397] {processor.py:162} INFO - Started process (PID=8135) to work on /home/airflow/.local/lib/python3.6/site-packages/airflow/example_dags/example_short_circuit_operator.py
[2023-12-28 09:39:37,398] {processor.py:613} INFO - Processing file /home/airflow/.local/lib/python3.6/site-packages/airflow/example_dags/example_short_circuit_operator.py for tasks to queue
[2023-12-28 09:39:37,398] {logging_mixin.py:109} INFO - [2023-12-28 09:39:37,398] {dagbag.py:496} INFO - Filling up the DagBag from /home/airflow/.local/lib/python3.6/site-packages/airflow/example_dags/example_short_circuit_operator.py
[2023-12-28 09:39:37,410] {processor.py:623} INFO - DAG(s) dict_keys(['example_short_circuit_operator']) retrieved from /home/airflow/.local/lib/python3.6/site-packages/airflow/example_dags/example_short_circuit_operator.py
[2023-12-28 09:39:37,432] {logging_mixin.py:109} INFO - [2023-12-28 09:39:37,432] {dag.py:1834} INFO - Sync 1 DAGs
[2023-12-28 09:39:37,446] {logging_mixin.py:109} INFO - [2023-12-28 09:39:37,445] {dag.py:2287} INFO - Setting next_dagrun for example_short_circuit_operator to 2023-12-26 00:00:00+00:00
[2023-12-28 09:39:37,458] {processor.py:170} INFO - Processing /home/airflow/.local/lib/python3.6/site-packages/airflow/example_dags/example_short_circuit_operator.py took 0.064 seconds
[2023-12-28 09:40:07,556] {processor.py:162} INFO - Started process (PID=8330) to work on /home/airflow/.local/lib/python3.6/site-packages/airflow/example_dags/example_short_circuit_operator.py
[2023-12-28 09:40:07,557] {processor.py:613} INFO - Processing file /home/airflow/.local/lib/python3.6/site-packages/airflow/example_dags/example_short_circuit_operator.py for tasks to queue
[2023-12-28 09:40:07,558] {logging_mixin.py:109} INFO - [2023-12-28 09:40:07,557] {dagbag.py:496} INFO - Filling up the DagBag from /home/airflow/.local/lib/python3.6/site-packages/airflow/example_dags/example_short_circuit_operator.py
[2023-12-28 09:40:07,571] {processor.py:623} INFO - DAG(s) dict_keys(['example_short_circuit_operator']) retrieved from /home/airflow/.local/lib/python3.6/site-packages/airflow/example_dags/example_short_circuit_operator.py
[2023-12-28 09:40:07,594] {logging_mixin.py:109} INFO - [2023-12-28 09:40:07,594] {dag.py:1834} INFO - Sync 1 DAGs
[2023-12-28 09:40:07,610] {logging_mixin.py:109} INFO - [2023-12-28 09:40:07,609] {dag.py:2287} INFO - Setting next_dagrun for example_short_circuit_operator to 2023-12-26 00:00:00+00:00
[2023-12-28 09:40:07,623] {processor.py:170} INFO - Processing /home/airflow/.local/lib/python3.6/site-packages/airflow/example_dags/example_short_circuit_operator.py took 0.071 seconds
[2023-12-28 09:40:37,870] {processor.py:162} INFO - Started process (PID=8535) to work on /home/airflow/.local/lib/python3.6/site-packages/airflow/example_dags/example_short_circuit_operator.py
[2023-12-28 09:40:37,872] {processor.py:613} INFO - Processing file /home/airflow/.local/lib/python3.6/site-packages/airflow/example_dags/example_short_circuit_operator.py for tasks to queue
[2023-12-28 09:40:37,872] {logging_mixin.py:109} INFO - [2023-12-28 09:40:37,872] {dagbag.py:496} INFO - Filling up the DagBag from /home/airflow/.local/lib/python3.6/site-packages/airflow/example_dags/example_short_circuit_operator.py
[2023-12-28 09:40:37,886] {processor.py:623} INFO - DAG(s) dict_keys(['example_short_circuit_operator']) retrieved from /home/airflow/.local/lib/python3.6/site-packages/airflow/example_dags/example_short_circuit_operator.py
[2023-12-28 09:40:37,911] {logging_mixin.py:109} INFO - [2023-12-28 09:40:37,911] {dag.py:1834} INFO - Sync 1 DAGs
[2023-12-28 09:40:37,927] {logging_mixin.py:109} INFO - [2023-12-28 09:40:37,926] {dag.py:2287} INFO - Setting next_dagrun for example_short_circuit_operator to 2023-12-26 00:00:00+00:00
[2023-12-28 09:40:37,940] {processor.py:170} INFO - Processing /home/airflow/.local/lib/python3.6/site-packages/airflow/example_dags/example_short_circuit_operator.py took 0.077 seconds
