[2023-12-28 09:19:23,606] {processor.py:162} INFO - Started process (PID=278) to work on /home/airflow/.local/lib/python3.6/site-packages/airflow/example_dags/tutorial_taskflow_api_etl_virtualenv.py
[2023-12-28 09:19:23,607] {processor.py:613} INFO - Processing file /home/airflow/.local/lib/python3.6/site-packages/airflow/example_dags/tutorial_taskflow_api_etl_virtualenv.py for tasks to queue
[2023-12-28 09:19:23,608] {logging_mixin.py:109} INFO - [2023-12-28 09:19:23,608] {dagbag.py:496} INFO - Filling up the DagBag from /home/airflow/.local/lib/python3.6/site-packages/airflow/example_dags/tutorial_taskflow_api_etl_virtualenv.py
[2023-12-28 09:19:23,624] {processor.py:623} INFO - DAG(s) dict_keys(['tutorial_taskflow_api_etl_virtualenv']) retrieved from /home/airflow/.local/lib/python3.6/site-packages/airflow/example_dags/tutorial_taskflow_api_etl_virtualenv.py
[2023-12-28 09:19:23,896] {logging_mixin.py:109} INFO - [2023-12-28 09:19:23,896] {dag.py:1834} INFO - Sync 1 DAGs
[2023-12-28 09:19:23,910] {logging_mixin.py:109} INFO - [2023-12-28 09:19:23,910] {dag.py:2287} INFO - Setting next_dagrun for tutorial_taskflow_api_etl_virtualenv to None
[2023-12-28 09:19:23,924] {processor.py:170} INFO - Processing /home/airflow/.local/lib/python3.6/site-packages/airflow/example_dags/tutorial_taskflow_api_etl_virtualenv.py took 0.321 seconds
[2023-12-28 09:19:54,163] {processor.py:162} INFO - Started process (PID=471) to work on /home/airflow/.local/lib/python3.6/site-packages/airflow/example_dags/tutorial_taskflow_api_etl_virtualenv.py
[2023-12-28 09:19:54,164] {processor.py:613} INFO - Processing file /home/airflow/.local/lib/python3.6/site-packages/airflow/example_dags/tutorial_taskflow_api_etl_virtualenv.py for tasks to queue
[2023-12-28 09:19:54,165] {logging_mixin.py:109} INFO - [2023-12-28 09:19:54,165] {dagbag.py:496} INFO - Filling up the DagBag from /home/airflow/.local/lib/python3.6/site-packages/airflow/example_dags/tutorial_taskflow_api_etl_virtualenv.py
[2023-12-28 09:19:54,193] {processor.py:623} INFO - DAG(s) dict_keys(['tutorial_taskflow_api_etl_virtualenv']) retrieved from /home/airflow/.local/lib/python3.6/site-packages/airflow/example_dags/tutorial_taskflow_api_etl_virtualenv.py
[2023-12-28 09:19:54,442] {logging_mixin.py:109} INFO - [2023-12-28 09:19:54,442] {dag.py:1834} INFO - Sync 1 DAGs
[2023-12-28 09:19:54,456] {logging_mixin.py:109} INFO - [2023-12-28 09:19:54,456] {dag.py:2287} INFO - Setting next_dagrun for tutorial_taskflow_api_etl_virtualenv to None
[2023-12-28 09:19:54,471] {processor.py:170} INFO - Processing /home/airflow/.local/lib/python3.6/site-packages/airflow/example_dags/tutorial_taskflow_api_etl_virtualenv.py took 0.311 seconds
[2023-12-28 09:20:24,995] {processor.py:162} INFO - Started process (PID=676) to work on /home/airflow/.local/lib/python3.6/site-packages/airflow/example_dags/tutorial_taskflow_api_etl_virtualenv.py
[2023-12-28 09:20:24,996] {processor.py:613} INFO - Processing file /home/airflow/.local/lib/python3.6/site-packages/airflow/example_dags/tutorial_taskflow_api_etl_virtualenv.py for tasks to queue
[2023-12-28 09:20:24,997] {logging_mixin.py:109} INFO - [2023-12-28 09:20:24,997] {dagbag.py:496} INFO - Filling up the DagBag from /home/airflow/.local/lib/python3.6/site-packages/airflow/example_dags/tutorial_taskflow_api_etl_virtualenv.py
[2023-12-28 09:20:25,015] {processor.py:623} INFO - DAG(s) dict_keys(['tutorial_taskflow_api_etl_virtualenv']) retrieved from /home/airflow/.local/lib/python3.6/site-packages/airflow/example_dags/tutorial_taskflow_api_etl_virtualenv.py
[2023-12-28 09:20:25,333] {logging_mixin.py:109} INFO - [2023-12-28 09:20:25,333] {dag.py:1834} INFO - Sync 1 DAGs
[2023-12-28 09:20:25,347] {logging_mixin.py:109} INFO - [2023-12-28 09:20:25,347] {dag.py:2287} INFO - Setting next_dagrun for tutorial_taskflow_api_etl_virtualenv to None
[2023-12-28 09:20:25,363] {processor.py:170} INFO - Processing /home/airflow/.local/lib/python3.6/site-packages/airflow/example_dags/tutorial_taskflow_api_etl_virtualenv.py took 0.372 seconds
[2023-12-28 09:20:55,668] {processor.py:162} INFO - Started process (PID=876) to work on /home/airflow/.local/lib/python3.6/site-packages/airflow/example_dags/tutorial_taskflow_api_etl_virtualenv.py
[2023-12-28 09:20:55,669] {processor.py:613} INFO - Processing file /home/airflow/.local/lib/python3.6/site-packages/airflow/example_dags/tutorial_taskflow_api_etl_virtualenv.py for tasks to queue
[2023-12-28 09:20:55,670] {logging_mixin.py:109} INFO - [2023-12-28 09:20:55,670] {dagbag.py:496} INFO - Filling up the DagBag from /home/airflow/.local/lib/python3.6/site-packages/airflow/example_dags/tutorial_taskflow_api_etl_virtualenv.py
[2023-12-28 09:20:55,694] {processor.py:623} INFO - DAG(s) dict_keys(['tutorial_taskflow_api_etl_virtualenv']) retrieved from /home/airflow/.local/lib/python3.6/site-packages/airflow/example_dags/tutorial_taskflow_api_etl_virtualenv.py
[2023-12-28 09:20:55,938] {logging_mixin.py:109} INFO - [2023-12-28 09:20:55,938] {dag.py:1834} INFO - Sync 1 DAGs
[2023-12-28 09:20:55,951] {logging_mixin.py:109} INFO - [2023-12-28 09:20:55,951] {dag.py:2287} INFO - Setting next_dagrun for tutorial_taskflow_api_etl_virtualenv to None
[2023-12-28 09:20:55,966] {processor.py:170} INFO - Processing /home/airflow/.local/lib/python3.6/site-packages/airflow/example_dags/tutorial_taskflow_api_etl_virtualenv.py took 0.302 seconds
[2023-12-28 09:21:26,494] {processor.py:162} INFO - Started process (PID=1078) to work on /home/airflow/.local/lib/python3.6/site-packages/airflow/example_dags/tutorial_taskflow_api_etl_virtualenv.py
[2023-12-28 09:21:26,495] {processor.py:613} INFO - Processing file /home/airflow/.local/lib/python3.6/site-packages/airflow/example_dags/tutorial_taskflow_api_etl_virtualenv.py for tasks to queue
[2023-12-28 09:21:26,496] {logging_mixin.py:109} INFO - [2023-12-28 09:21:26,496] {dagbag.py:496} INFO - Filling up the DagBag from /home/airflow/.local/lib/python3.6/site-packages/airflow/example_dags/tutorial_taskflow_api_etl_virtualenv.py
[2023-12-28 09:21:26,513] {processor.py:623} INFO - DAG(s) dict_keys(['tutorial_taskflow_api_etl_virtualenv']) retrieved from /home/airflow/.local/lib/python3.6/site-packages/airflow/example_dags/tutorial_taskflow_api_etl_virtualenv.py
[2023-12-28 09:21:26,746] {logging_mixin.py:109} INFO - [2023-12-28 09:21:26,746] {dag.py:1834} INFO - Sync 1 DAGs
[2023-12-28 09:21:26,760] {logging_mixin.py:109} INFO - [2023-12-28 09:21:26,760] {dag.py:2287} INFO - Setting next_dagrun for tutorial_taskflow_api_etl_virtualenv to None
[2023-12-28 09:21:26,775] {processor.py:170} INFO - Processing /home/airflow/.local/lib/python3.6/site-packages/airflow/example_dags/tutorial_taskflow_api_etl_virtualenv.py took 0.284 seconds
[2023-12-28 09:21:57,310] {processor.py:162} INFO - Started process (PID=1271) to work on /home/airflow/.local/lib/python3.6/site-packages/airflow/example_dags/tutorial_taskflow_api_etl_virtualenv.py
[2023-12-28 09:21:57,311] {processor.py:613} INFO - Processing file /home/airflow/.local/lib/python3.6/site-packages/airflow/example_dags/tutorial_taskflow_api_etl_virtualenv.py for tasks to queue
[2023-12-28 09:21:57,312] {logging_mixin.py:109} INFO - [2023-12-28 09:21:57,312] {dagbag.py:496} INFO - Filling up the DagBag from /home/airflow/.local/lib/python3.6/site-packages/airflow/example_dags/tutorial_taskflow_api_etl_virtualenv.py
[2023-12-28 09:21:57,330] {processor.py:623} INFO - DAG(s) dict_keys(['tutorial_taskflow_api_etl_virtualenv']) retrieved from /home/airflow/.local/lib/python3.6/site-packages/airflow/example_dags/tutorial_taskflow_api_etl_virtualenv.py
[2023-12-28 09:21:57,584] {logging_mixin.py:109} INFO - [2023-12-28 09:21:57,584] {dag.py:1834} INFO - Sync 1 DAGs
[2023-12-28 09:21:57,601] {logging_mixin.py:109} INFO - [2023-12-28 09:21:57,600] {dag.py:2287} INFO - Setting next_dagrun for tutorial_taskflow_api_etl_virtualenv to None
[2023-12-28 09:21:57,617] {processor.py:170} INFO - Processing /home/airflow/.local/lib/python3.6/site-packages/airflow/example_dags/tutorial_taskflow_api_etl_virtualenv.py took 0.311 seconds
[2023-12-28 09:22:27,897] {processor.py:162} INFO - Started process (PID=1476) to work on /home/airflow/.local/lib/python3.6/site-packages/airflow/example_dags/tutorial_taskflow_api_etl_virtualenv.py
[2023-12-28 09:22:27,899] {processor.py:613} INFO - Processing file /home/airflow/.local/lib/python3.6/site-packages/airflow/example_dags/tutorial_taskflow_api_etl_virtualenv.py for tasks to queue
[2023-12-28 09:22:27,900] {logging_mixin.py:109} INFO - [2023-12-28 09:22:27,899] {dagbag.py:496} INFO - Filling up the DagBag from /home/airflow/.local/lib/python3.6/site-packages/airflow/example_dags/tutorial_taskflow_api_etl_virtualenv.py
[2023-12-28 09:22:27,918] {processor.py:623} INFO - DAG(s) dict_keys(['tutorial_taskflow_api_etl_virtualenv']) retrieved from /home/airflow/.local/lib/python3.6/site-packages/airflow/example_dags/tutorial_taskflow_api_etl_virtualenv.py
[2023-12-28 09:22:28,161] {logging_mixin.py:109} INFO - [2023-12-28 09:22:28,161] {dag.py:1834} INFO - Sync 1 DAGs
[2023-12-28 09:22:28,175] {logging_mixin.py:109} INFO - [2023-12-28 09:22:28,175] {dag.py:2287} INFO - Setting next_dagrun for tutorial_taskflow_api_etl_virtualenv to None
[2023-12-28 09:22:28,190] {processor.py:170} INFO - Processing /home/airflow/.local/lib/python3.6/site-packages/airflow/example_dags/tutorial_taskflow_api_etl_virtualenv.py took 0.295 seconds
[2023-12-28 09:22:58,252] {processor.py:162} INFO - Started process (PID=1686) to work on /home/airflow/.local/lib/python3.6/site-packages/airflow/example_dags/tutorial_taskflow_api_etl_virtualenv.py
[2023-12-28 09:22:58,254] {processor.py:613} INFO - Processing file /home/airflow/.local/lib/python3.6/site-packages/airflow/example_dags/tutorial_taskflow_api_etl_virtualenv.py for tasks to queue
[2023-12-28 09:22:58,254] {logging_mixin.py:109} INFO - [2023-12-28 09:22:58,254] {dagbag.py:496} INFO - Filling up the DagBag from /home/airflow/.local/lib/python3.6/site-packages/airflow/example_dags/tutorial_taskflow_api_etl_virtualenv.py
[2023-12-28 09:22:58,273] {processor.py:623} INFO - DAG(s) dict_keys(['tutorial_taskflow_api_etl_virtualenv']) retrieved from /home/airflow/.local/lib/python3.6/site-packages/airflow/example_dags/tutorial_taskflow_api_etl_virtualenv.py
[2023-12-28 09:22:58,513] {logging_mixin.py:109} INFO - [2023-12-28 09:22:58,512] {dag.py:1834} INFO - Sync 1 DAGs
[2023-12-28 09:22:58,528] {logging_mixin.py:109} INFO - [2023-12-28 09:22:58,527] {dag.py:2287} INFO - Setting next_dagrun for tutorial_taskflow_api_etl_virtualenv to None
[2023-12-28 09:22:58,546] {processor.py:170} INFO - Processing /home/airflow/.local/lib/python3.6/site-packages/airflow/example_dags/tutorial_taskflow_api_etl_virtualenv.py took 0.297 seconds
[2023-12-28 09:23:29,489] {processor.py:162} INFO - Started process (PID=1865) to work on /home/airflow/.local/lib/python3.6/site-packages/airflow/example_dags/tutorial_taskflow_api_etl_virtualenv.py
[2023-12-28 09:23:29,490] {processor.py:613} INFO - Processing file /home/airflow/.local/lib/python3.6/site-packages/airflow/example_dags/tutorial_taskflow_api_etl_virtualenv.py for tasks to queue
[2023-12-28 09:23:29,491] {logging_mixin.py:109} INFO - [2023-12-28 09:23:29,491] {dagbag.py:496} INFO - Filling up the DagBag from /home/airflow/.local/lib/python3.6/site-packages/airflow/example_dags/tutorial_taskflow_api_etl_virtualenv.py
[2023-12-28 09:23:29,509] {processor.py:623} INFO - DAG(s) dict_keys(['tutorial_taskflow_api_etl_virtualenv']) retrieved from /home/airflow/.local/lib/python3.6/site-packages/airflow/example_dags/tutorial_taskflow_api_etl_virtualenv.py
[2023-12-28 09:23:29,778] {logging_mixin.py:109} INFO - [2023-12-28 09:23:29,778] {dag.py:1834} INFO - Sync 1 DAGs
[2023-12-28 09:23:29,797] {logging_mixin.py:109} INFO - [2023-12-28 09:23:29,797] {dag.py:2287} INFO - Setting next_dagrun for tutorial_taskflow_api_etl_virtualenv to None
[2023-12-28 09:23:29,818] {processor.py:170} INFO - Processing /home/airflow/.local/lib/python3.6/site-packages/airflow/example_dags/tutorial_taskflow_api_etl_virtualenv.py took 0.332 seconds
[2023-12-28 09:23:59,873] {processor.py:162} INFO - Started process (PID=2068) to work on /home/airflow/.local/lib/python3.6/site-packages/airflow/example_dags/tutorial_taskflow_api_etl_virtualenv.py
[2023-12-28 09:23:59,874] {processor.py:613} INFO - Processing file /home/airflow/.local/lib/python3.6/site-packages/airflow/example_dags/tutorial_taskflow_api_etl_virtualenv.py for tasks to queue
[2023-12-28 09:23:59,875] {logging_mixin.py:109} INFO - [2023-12-28 09:23:59,875] {dagbag.py:496} INFO - Filling up the DagBag from /home/airflow/.local/lib/python3.6/site-packages/airflow/example_dags/tutorial_taskflow_api_etl_virtualenv.py
[2023-12-28 09:23:59,894] {processor.py:623} INFO - DAG(s) dict_keys(['tutorial_taskflow_api_etl_virtualenv']) retrieved from /home/airflow/.local/lib/python3.6/site-packages/airflow/example_dags/tutorial_taskflow_api_etl_virtualenv.py
[2023-12-28 09:24:00,124] {logging_mixin.py:109} INFO - [2023-12-28 09:24:00,124] {dag.py:1834} INFO - Sync 1 DAGs
[2023-12-28 09:24:00,141] {logging_mixin.py:109} INFO - [2023-12-28 09:24:00,141] {dag.py:2287} INFO - Setting next_dagrun for tutorial_taskflow_api_etl_virtualenv to None
[2023-12-28 09:24:00,160] {processor.py:170} INFO - Processing /home/airflow/.local/lib/python3.6/site-packages/airflow/example_dags/tutorial_taskflow_api_etl_virtualenv.py took 0.292 seconds
[2023-12-28 09:24:30,696] {processor.py:162} INFO - Started process (PID=2263) to work on /home/airflow/.local/lib/python3.6/site-packages/airflow/example_dags/tutorial_taskflow_api_etl_virtualenv.py
[2023-12-28 09:24:30,699] {processor.py:613} INFO - Processing file /home/airflow/.local/lib/python3.6/site-packages/airflow/example_dags/tutorial_taskflow_api_etl_virtualenv.py for tasks to queue
[2023-12-28 09:24:30,700] {logging_mixin.py:109} INFO - [2023-12-28 09:24:30,699] {dagbag.py:496} INFO - Filling up the DagBag from /home/airflow/.local/lib/python3.6/site-packages/airflow/example_dags/tutorial_taskflow_api_etl_virtualenv.py
[2023-12-28 09:24:30,718] {processor.py:623} INFO - DAG(s) dict_keys(['tutorial_taskflow_api_etl_virtualenv']) retrieved from /home/airflow/.local/lib/python3.6/site-packages/airflow/example_dags/tutorial_taskflow_api_etl_virtualenv.py
[2023-12-28 09:24:30,963] {logging_mixin.py:109} INFO - [2023-12-28 09:24:30,962] {dag.py:1834} INFO - Sync 1 DAGs
[2023-12-28 09:24:30,983] {logging_mixin.py:109} INFO - [2023-12-28 09:24:30,983] {dag.py:2287} INFO - Setting next_dagrun for tutorial_taskflow_api_etl_virtualenv to None
[2023-12-28 09:24:31,004] {processor.py:170} INFO - Processing /home/airflow/.local/lib/python3.6/site-packages/airflow/example_dags/tutorial_taskflow_api_etl_virtualenv.py took 0.312 seconds
[2023-12-28 09:25:01,212] {processor.py:162} INFO - Started process (PID=2468) to work on /home/airflow/.local/lib/python3.6/site-packages/airflow/example_dags/tutorial_taskflow_api_etl_virtualenv.py
[2023-12-28 09:25:01,213] {processor.py:613} INFO - Processing file /home/airflow/.local/lib/python3.6/site-packages/airflow/example_dags/tutorial_taskflow_api_etl_virtualenv.py for tasks to queue
[2023-12-28 09:25:01,214] {logging_mixin.py:109} INFO - [2023-12-28 09:25:01,214] {dagbag.py:496} INFO - Filling up the DagBag from /home/airflow/.local/lib/python3.6/site-packages/airflow/example_dags/tutorial_taskflow_api_etl_virtualenv.py
[2023-12-28 09:25:01,230] {processor.py:623} INFO - DAG(s) dict_keys(['tutorial_taskflow_api_etl_virtualenv']) retrieved from /home/airflow/.local/lib/python3.6/site-packages/airflow/example_dags/tutorial_taskflow_api_etl_virtualenv.py
[2023-12-28 09:25:01,453] {logging_mixin.py:109} INFO - [2023-12-28 09:25:01,453] {dag.py:1834} INFO - Sync 1 DAGs
[2023-12-28 09:25:01,468] {logging_mixin.py:109} INFO - [2023-12-28 09:25:01,467] {dag.py:2287} INFO - Setting next_dagrun for tutorial_taskflow_api_etl_virtualenv to None
[2023-12-28 09:25:01,483] {processor.py:170} INFO - Processing /home/airflow/.local/lib/python3.6/site-packages/airflow/example_dags/tutorial_taskflow_api_etl_virtualenv.py took 0.273 seconds
[2023-12-28 09:25:31,587] {processor.py:162} INFO - Started process (PID=2663) to work on /home/airflow/.local/lib/python3.6/site-packages/airflow/example_dags/tutorial_taskflow_api_etl_virtualenv.py
[2023-12-28 09:25:31,589] {processor.py:613} INFO - Processing file /home/airflow/.local/lib/python3.6/site-packages/airflow/example_dags/tutorial_taskflow_api_etl_virtualenv.py for tasks to queue
[2023-12-28 09:25:31,590] {logging_mixin.py:109} INFO - [2023-12-28 09:25:31,590] {dagbag.py:496} INFO - Filling up the DagBag from /home/airflow/.local/lib/python3.6/site-packages/airflow/example_dags/tutorial_taskflow_api_etl_virtualenv.py
[2023-12-28 09:25:31,609] {processor.py:623} INFO - DAG(s) dict_keys(['tutorial_taskflow_api_etl_virtualenv']) retrieved from /home/airflow/.local/lib/python3.6/site-packages/airflow/example_dags/tutorial_taskflow_api_etl_virtualenv.py
[2023-12-28 09:25:31,853] {logging_mixin.py:109} INFO - [2023-12-28 09:25:31,853] {dag.py:1834} INFO - Sync 1 DAGs
[2023-12-28 09:25:31,869] {logging_mixin.py:109} INFO - [2023-12-28 09:25:31,868] {dag.py:2287} INFO - Setting next_dagrun for tutorial_taskflow_api_etl_virtualenv to None
[2023-12-28 09:25:31,886] {processor.py:170} INFO - Processing /home/airflow/.local/lib/python3.6/site-packages/airflow/example_dags/tutorial_taskflow_api_etl_virtualenv.py took 0.303 seconds
[2023-12-28 09:26:02,088] {processor.py:162} INFO - Started process (PID=2858) to work on /home/airflow/.local/lib/python3.6/site-packages/airflow/example_dags/tutorial_taskflow_api_etl_virtualenv.py
[2023-12-28 09:26:02,089] {processor.py:613} INFO - Processing file /home/airflow/.local/lib/python3.6/site-packages/airflow/example_dags/tutorial_taskflow_api_etl_virtualenv.py for tasks to queue
[2023-12-28 09:26:02,090] {logging_mixin.py:109} INFO - [2023-12-28 09:26:02,090] {dagbag.py:496} INFO - Filling up the DagBag from /home/airflow/.local/lib/python3.6/site-packages/airflow/example_dags/tutorial_taskflow_api_etl_virtualenv.py
[2023-12-28 09:26:02,110] {processor.py:623} INFO - DAG(s) dict_keys(['tutorial_taskflow_api_etl_virtualenv']) retrieved from /home/airflow/.local/lib/python3.6/site-packages/airflow/example_dags/tutorial_taskflow_api_etl_virtualenv.py
[2023-12-28 09:26:02,137] {logging_mixin.py:109} INFO - [2023-12-28 09:26:02,137] {dag.py:1834} INFO - Sync 1 DAGs
[2023-12-28 09:26:02,156] {logging_mixin.py:109} INFO - [2023-12-28 09:26:02,156] {dag.py:2287} INFO - Setting next_dagrun for tutorial_taskflow_api_etl_virtualenv to None
[2023-12-28 09:26:02,173] {processor.py:170} INFO - Processing /home/airflow/.local/lib/python3.6/site-packages/airflow/example_dags/tutorial_taskflow_api_etl_virtualenv.py took 0.089 seconds
[2023-12-28 09:26:32,462] {processor.py:162} INFO - Started process (PID=3063) to work on /home/airflow/.local/lib/python3.6/site-packages/airflow/example_dags/tutorial_taskflow_api_etl_virtualenv.py
[2023-12-28 09:26:32,476] {processor.py:613} INFO - Processing file /home/airflow/.local/lib/python3.6/site-packages/airflow/example_dags/tutorial_taskflow_api_etl_virtualenv.py for tasks to queue
[2023-12-28 09:26:32,477] {logging_mixin.py:109} INFO - [2023-12-28 09:26:32,477] {dagbag.py:496} INFO - Filling up the DagBag from /home/airflow/.local/lib/python3.6/site-packages/airflow/example_dags/tutorial_taskflow_api_etl_virtualenv.py
[2023-12-28 09:26:32,497] {processor.py:623} INFO - DAG(s) dict_keys(['tutorial_taskflow_api_etl_virtualenv']) retrieved from /home/airflow/.local/lib/python3.6/site-packages/airflow/example_dags/tutorial_taskflow_api_etl_virtualenv.py
[2023-12-28 09:26:32,748] {logging_mixin.py:109} INFO - [2023-12-28 09:26:32,748] {dag.py:1834} INFO - Sync 1 DAGs
[2023-12-28 09:26:32,768] {logging_mixin.py:109} INFO - [2023-12-28 09:26:32,768] {dag.py:2287} INFO - Setting next_dagrun for tutorial_taskflow_api_etl_virtualenv to None
[2023-12-28 09:26:32,787] {processor.py:170} INFO - Processing /home/airflow/.local/lib/python3.6/site-packages/airflow/example_dags/tutorial_taskflow_api_etl_virtualenv.py took 0.329 seconds
[2023-12-28 09:27:02,854] {processor.py:162} INFO - Started process (PID=3258) to work on /home/airflow/.local/lib/python3.6/site-packages/airflow/example_dags/tutorial_taskflow_api_etl_virtualenv.py
[2023-12-28 09:27:02,856] {processor.py:613} INFO - Processing file /home/airflow/.local/lib/python3.6/site-packages/airflow/example_dags/tutorial_taskflow_api_etl_virtualenv.py for tasks to queue
[2023-12-28 09:27:02,857] {logging_mixin.py:109} INFO - [2023-12-28 09:27:02,857] {dagbag.py:496} INFO - Filling up the DagBag from /home/airflow/.local/lib/python3.6/site-packages/airflow/example_dags/tutorial_taskflow_api_etl_virtualenv.py
[2023-12-28 09:27:02,875] {processor.py:623} INFO - DAG(s) dict_keys(['tutorial_taskflow_api_etl_virtualenv']) retrieved from /home/airflow/.local/lib/python3.6/site-packages/airflow/example_dags/tutorial_taskflow_api_etl_virtualenv.py
[2023-12-28 09:27:03,138] {logging_mixin.py:109} INFO - [2023-12-28 09:27:03,138] {dag.py:1834} INFO - Sync 1 DAGs
[2023-12-28 09:27:03,156] {logging_mixin.py:109} INFO - [2023-12-28 09:27:03,155] {dag.py:2287} INFO - Setting next_dagrun for tutorial_taskflow_api_etl_virtualenv to None
[2023-12-28 09:27:03,176] {processor.py:170} INFO - Processing /home/airflow/.local/lib/python3.6/site-packages/airflow/example_dags/tutorial_taskflow_api_etl_virtualenv.py took 0.325 seconds
[2023-12-28 09:27:33,239] {processor.py:162} INFO - Started process (PID=3463) to work on /home/airflow/.local/lib/python3.6/site-packages/airflow/example_dags/tutorial_taskflow_api_etl_virtualenv.py
[2023-12-28 09:27:33,241] {processor.py:613} INFO - Processing file /home/airflow/.local/lib/python3.6/site-packages/airflow/example_dags/tutorial_taskflow_api_etl_virtualenv.py for tasks to queue
[2023-12-28 09:27:33,242] {logging_mixin.py:109} INFO - [2023-12-28 09:27:33,241] {dagbag.py:496} INFO - Filling up the DagBag from /home/airflow/.local/lib/python3.6/site-packages/airflow/example_dags/tutorial_taskflow_api_etl_virtualenv.py
[2023-12-28 09:27:33,260] {processor.py:623} INFO - DAG(s) dict_keys(['tutorial_taskflow_api_etl_virtualenv']) retrieved from /home/airflow/.local/lib/python3.6/site-packages/airflow/example_dags/tutorial_taskflow_api_etl_virtualenv.py
[2023-12-28 09:27:33,510] {logging_mixin.py:109} INFO - [2023-12-28 09:27:33,509] {dag.py:1834} INFO - Sync 1 DAGs
[2023-12-28 09:27:33,526] {logging_mixin.py:109} INFO - [2023-12-28 09:27:33,525] {dag.py:2287} INFO - Setting next_dagrun for tutorial_taskflow_api_etl_virtualenv to None
[2023-12-28 09:27:33,568] {processor.py:170} INFO - Processing /home/airflow/.local/lib/python3.6/site-packages/airflow/example_dags/tutorial_taskflow_api_etl_virtualenv.py took 0.331 seconds
[2023-12-28 09:28:03,684] {processor.py:162} INFO - Started process (PID=3673) to work on /home/airflow/.local/lib/python3.6/site-packages/airflow/example_dags/tutorial_taskflow_api_etl_virtualenv.py
[2023-12-28 09:28:03,686] {processor.py:613} INFO - Processing file /home/airflow/.local/lib/python3.6/site-packages/airflow/example_dags/tutorial_taskflow_api_etl_virtualenv.py for tasks to queue
[2023-12-28 09:28:03,687] {logging_mixin.py:109} INFO - [2023-12-28 09:28:03,686] {dagbag.py:496} INFO - Filling up the DagBag from /home/airflow/.local/lib/python3.6/site-packages/airflow/example_dags/tutorial_taskflow_api_etl_virtualenv.py
[2023-12-28 09:28:03,712] {processor.py:623} INFO - DAG(s) dict_keys(['tutorial_taskflow_api_etl_virtualenv']) retrieved from /home/airflow/.local/lib/python3.6/site-packages/airflow/example_dags/tutorial_taskflow_api_etl_virtualenv.py
[2023-12-28 09:28:04,091] {logging_mixin.py:109} INFO - [2023-12-28 09:28:04,091] {dag.py:1834} INFO - Sync 1 DAGs
[2023-12-28 09:28:04,113] {logging_mixin.py:109} INFO - [2023-12-28 09:28:04,113] {dag.py:2287} INFO - Setting next_dagrun for tutorial_taskflow_api_etl_virtualenv to None
[2023-12-28 09:28:04,134] {processor.py:170} INFO - Processing /home/airflow/.local/lib/python3.6/site-packages/airflow/example_dags/tutorial_taskflow_api_etl_virtualenv.py took 0.453 seconds
[2023-12-28 09:28:34,325] {processor.py:162} INFO - Started process (PID=3877) to work on /home/airflow/.local/lib/python3.6/site-packages/airflow/example_dags/tutorial_taskflow_api_etl_virtualenv.py
[2023-12-28 09:28:34,326] {processor.py:613} INFO - Processing file /home/airflow/.local/lib/python3.6/site-packages/airflow/example_dags/tutorial_taskflow_api_etl_virtualenv.py for tasks to queue
[2023-12-28 09:28:34,327] {logging_mixin.py:109} INFO - [2023-12-28 09:28:34,327] {dagbag.py:496} INFO - Filling up the DagBag from /home/airflow/.local/lib/python3.6/site-packages/airflow/example_dags/tutorial_taskflow_api_etl_virtualenv.py
[2023-12-28 09:28:34,348] {processor.py:623} INFO - DAG(s) dict_keys(['tutorial_taskflow_api_etl_virtualenv']) retrieved from /home/airflow/.local/lib/python3.6/site-packages/airflow/example_dags/tutorial_taskflow_api_etl_virtualenv.py
[2023-12-28 09:28:34,583] {logging_mixin.py:109} INFO - [2023-12-28 09:28:34,583] {dag.py:1834} INFO - Sync 1 DAGs
[2023-12-28 09:28:34,600] {logging_mixin.py:109} INFO - [2023-12-28 09:28:34,600] {dag.py:2287} INFO - Setting next_dagrun for tutorial_taskflow_api_etl_virtualenv to None
[2023-12-28 09:28:34,620] {processor.py:170} INFO - Processing /home/airflow/.local/lib/python3.6/site-packages/airflow/example_dags/tutorial_taskflow_api_etl_virtualenv.py took 0.298 seconds
[2023-12-28 09:29:04,699] {processor.py:162} INFO - Started process (PID=4073) to work on /home/airflow/.local/lib/python3.6/site-packages/airflow/example_dags/tutorial_taskflow_api_etl_virtualenv.py
[2023-12-28 09:29:04,701] {processor.py:613} INFO - Processing file /home/airflow/.local/lib/python3.6/site-packages/airflow/example_dags/tutorial_taskflow_api_etl_virtualenv.py for tasks to queue
[2023-12-28 09:29:04,701] {logging_mixin.py:109} INFO - [2023-12-28 09:29:04,701] {dagbag.py:496} INFO - Filling up the DagBag from /home/airflow/.local/lib/python3.6/site-packages/airflow/example_dags/tutorial_taskflow_api_etl_virtualenv.py
[2023-12-28 09:29:04,719] {processor.py:623} INFO - DAG(s) dict_keys(['tutorial_taskflow_api_etl_virtualenv']) retrieved from /home/airflow/.local/lib/python3.6/site-packages/airflow/example_dags/tutorial_taskflow_api_etl_virtualenv.py
[2023-12-28 09:29:04,746] {logging_mixin.py:109} INFO - [2023-12-28 09:29:04,745] {dag.py:1834} INFO - Sync 1 DAGs
[2023-12-28 09:29:04,761] {logging_mixin.py:109} INFO - [2023-12-28 09:29:04,761] {dag.py:2287} INFO - Setting next_dagrun for tutorial_taskflow_api_etl_virtualenv to None
[2023-12-28 09:29:04,775] {processor.py:170} INFO - Processing /home/airflow/.local/lib/python3.6/site-packages/airflow/example_dags/tutorial_taskflow_api_etl_virtualenv.py took 0.078 seconds
[2023-12-28 09:29:35,269] {processor.py:162} INFO - Started process (PID=4268) to work on /home/airflow/.local/lib/python3.6/site-packages/airflow/example_dags/tutorial_taskflow_api_etl_virtualenv.py
[2023-12-28 09:29:35,270] {processor.py:613} INFO - Processing file /home/airflow/.local/lib/python3.6/site-packages/airflow/example_dags/tutorial_taskflow_api_etl_virtualenv.py for tasks to queue
[2023-12-28 09:29:35,271] {logging_mixin.py:109} INFO - [2023-12-28 09:29:35,271] {dagbag.py:496} INFO - Filling up the DagBag from /home/airflow/.local/lib/python3.6/site-packages/airflow/example_dags/tutorial_taskflow_api_etl_virtualenv.py
[2023-12-28 09:29:35,294] {processor.py:623} INFO - DAG(s) dict_keys(['tutorial_taskflow_api_etl_virtualenv']) retrieved from /home/airflow/.local/lib/python3.6/site-packages/airflow/example_dags/tutorial_taskflow_api_etl_virtualenv.py
[2023-12-28 09:29:35,524] {logging_mixin.py:109} INFO - [2023-12-28 09:29:35,524] {dag.py:1834} INFO - Sync 1 DAGs
[2023-12-28 09:29:35,538] {logging_mixin.py:109} INFO - [2023-12-28 09:29:35,538] {dag.py:2287} INFO - Setting next_dagrun for tutorial_taskflow_api_etl_virtualenv to None
[2023-12-28 09:29:35,553] {processor.py:170} INFO - Processing /home/airflow/.local/lib/python3.6/site-packages/airflow/example_dags/tutorial_taskflow_api_etl_virtualenv.py took 0.288 seconds
[2023-12-28 09:30:06,269] {processor.py:162} INFO - Started process (PID=4443) to work on /home/airflow/.local/lib/python3.6/site-packages/airflow/example_dags/tutorial_taskflow_api_etl_virtualenv.py
[2023-12-28 09:30:06,271] {processor.py:613} INFO - Processing file /home/airflow/.local/lib/python3.6/site-packages/airflow/example_dags/tutorial_taskflow_api_etl_virtualenv.py for tasks to queue
[2023-12-28 09:30:06,272] {logging_mixin.py:109} INFO - [2023-12-28 09:30:06,272] {dagbag.py:496} INFO - Filling up the DagBag from /home/airflow/.local/lib/python3.6/site-packages/airflow/example_dags/tutorial_taskflow_api_etl_virtualenv.py
[2023-12-28 09:30:06,293] {processor.py:623} INFO - DAG(s) dict_keys(['tutorial_taskflow_api_etl_virtualenv']) retrieved from /home/airflow/.local/lib/python3.6/site-packages/airflow/example_dags/tutorial_taskflow_api_etl_virtualenv.py
[2023-12-28 09:30:06,545] {logging_mixin.py:109} INFO - [2023-12-28 09:30:06,545] {dag.py:1834} INFO - Sync 1 DAGs
[2023-12-28 09:30:06,562] {logging_mixin.py:109} INFO - [2023-12-28 09:30:06,562] {dag.py:2287} INFO - Setting next_dagrun for tutorial_taskflow_api_etl_virtualenv to None
[2023-12-28 09:30:06,583] {processor.py:170} INFO - Processing /home/airflow/.local/lib/python3.6/site-packages/airflow/example_dags/tutorial_taskflow_api_etl_virtualenv.py took 0.318 seconds
[2023-12-28 09:30:37,587] {processor.py:162} INFO - Started process (PID=4638) to work on /home/airflow/.local/lib/python3.6/site-packages/airflow/example_dags/tutorial_taskflow_api_etl_virtualenv.py
[2023-12-28 09:30:37,588] {processor.py:613} INFO - Processing file /home/airflow/.local/lib/python3.6/site-packages/airflow/example_dags/tutorial_taskflow_api_etl_virtualenv.py for tasks to queue
[2023-12-28 09:30:37,589] {logging_mixin.py:109} INFO - [2023-12-28 09:30:37,589] {dagbag.py:496} INFO - Filling up the DagBag from /home/airflow/.local/lib/python3.6/site-packages/airflow/example_dags/tutorial_taskflow_api_etl_virtualenv.py
[2023-12-28 09:30:37,611] {processor.py:623} INFO - DAG(s) dict_keys(['tutorial_taskflow_api_etl_virtualenv']) retrieved from /home/airflow/.local/lib/python3.6/site-packages/airflow/example_dags/tutorial_taskflow_api_etl_virtualenv.py
[2023-12-28 09:30:37,865] {logging_mixin.py:109} INFO - [2023-12-28 09:30:37,864] {dag.py:1834} INFO - Sync 1 DAGs
[2023-12-28 09:30:37,883] {logging_mixin.py:109} INFO - [2023-12-28 09:30:37,883] {dag.py:2287} INFO - Setting next_dagrun for tutorial_taskflow_api_etl_virtualenv to None
[2023-12-28 09:30:37,903] {processor.py:170} INFO - Processing /home/airflow/.local/lib/python3.6/site-packages/airflow/example_dags/tutorial_taskflow_api_etl_virtualenv.py took 0.320 seconds
[2023-12-28 09:31:08,167] {processor.py:162} INFO - Started process (PID=4841) to work on /home/airflow/.local/lib/python3.6/site-packages/airflow/example_dags/tutorial_taskflow_api_etl_virtualenv.py
[2023-12-28 09:31:08,189] {processor.py:613} INFO - Processing file /home/airflow/.local/lib/python3.6/site-packages/airflow/example_dags/tutorial_taskflow_api_etl_virtualenv.py for tasks to queue
[2023-12-28 09:31:08,190] {logging_mixin.py:109} INFO - [2023-12-28 09:31:08,190] {dagbag.py:496} INFO - Filling up the DagBag from /home/airflow/.local/lib/python3.6/site-packages/airflow/example_dags/tutorial_taskflow_api_etl_virtualenv.py
[2023-12-28 09:31:08,213] {processor.py:623} INFO - DAG(s) dict_keys(['tutorial_taskflow_api_etl_virtualenv']) retrieved from /home/airflow/.local/lib/python3.6/site-packages/airflow/example_dags/tutorial_taskflow_api_etl_virtualenv.py
[2023-12-28 09:31:08,469] {logging_mixin.py:109} INFO - [2023-12-28 09:31:08,469] {dag.py:1834} INFO - Sync 1 DAGs
[2023-12-28 09:31:08,486] {logging_mixin.py:109} INFO - [2023-12-28 09:31:08,486] {dag.py:2287} INFO - Setting next_dagrun for tutorial_taskflow_api_etl_virtualenv to None
[2023-12-28 09:31:08,525] {processor.py:170} INFO - Processing /home/airflow/.local/lib/python3.6/site-packages/airflow/example_dags/tutorial_taskflow_api_etl_virtualenv.py took 0.362 seconds
[2023-12-28 09:31:39,228] {processor.py:162} INFO - Started process (PID=5035) to work on /home/airflow/.local/lib/python3.6/site-packages/airflow/example_dags/tutorial_taskflow_api_etl_virtualenv.py
[2023-12-28 09:31:39,230] {processor.py:613} INFO - Processing file /home/airflow/.local/lib/python3.6/site-packages/airflow/example_dags/tutorial_taskflow_api_etl_virtualenv.py for tasks to queue
[2023-12-28 09:31:39,231] {logging_mixin.py:109} INFO - [2023-12-28 09:31:39,230] {dagbag.py:496} INFO - Filling up the DagBag from /home/airflow/.local/lib/python3.6/site-packages/airflow/example_dags/tutorial_taskflow_api_etl_virtualenv.py
[2023-12-28 09:31:39,250] {processor.py:623} INFO - DAG(s) dict_keys(['tutorial_taskflow_api_etl_virtualenv']) retrieved from /home/airflow/.local/lib/python3.6/site-packages/airflow/example_dags/tutorial_taskflow_api_etl_virtualenv.py
[2023-12-28 09:31:39,498] {logging_mixin.py:109} INFO - [2023-12-28 09:31:39,498] {dag.py:1834} INFO - Sync 1 DAGs
[2023-12-28 09:31:39,515] {logging_mixin.py:109} INFO - [2023-12-28 09:31:39,515] {dag.py:2287} INFO - Setting next_dagrun for tutorial_taskflow_api_etl_virtualenv to None
[2023-12-28 09:31:39,540] {processor.py:170} INFO - Processing /home/airflow/.local/lib/python3.6/site-packages/airflow/example_dags/tutorial_taskflow_api_etl_virtualenv.py took 0.315 seconds
[2023-12-28 09:32:10,465] {processor.py:162} INFO - Started process (PID=5243) to work on /home/airflow/.local/lib/python3.6/site-packages/airflow/example_dags/tutorial_taskflow_api_etl_virtualenv.py
[2023-12-28 09:32:10,467] {processor.py:613} INFO - Processing file /home/airflow/.local/lib/python3.6/site-packages/airflow/example_dags/tutorial_taskflow_api_etl_virtualenv.py for tasks to queue
[2023-12-28 09:32:10,468] {logging_mixin.py:109} INFO - [2023-12-28 09:32:10,468] {dagbag.py:496} INFO - Filling up the DagBag from /home/airflow/.local/lib/python3.6/site-packages/airflow/example_dags/tutorial_taskflow_api_etl_virtualenv.py
[2023-12-28 09:32:10,486] {processor.py:623} INFO - DAG(s) dict_keys(['tutorial_taskflow_api_etl_virtualenv']) retrieved from /home/airflow/.local/lib/python3.6/site-packages/airflow/example_dags/tutorial_taskflow_api_etl_virtualenv.py
[2023-12-28 09:32:10,713] {logging_mixin.py:109} INFO - [2023-12-28 09:32:10,713] {dag.py:1834} INFO - Sync 1 DAGs
[2023-12-28 09:32:10,727] {logging_mixin.py:109} INFO - [2023-12-28 09:32:10,727] {dag.py:2287} INFO - Setting next_dagrun for tutorial_taskflow_api_etl_virtualenv to None
[2023-12-28 09:32:10,744] {processor.py:170} INFO - Processing /home/airflow/.local/lib/python3.6/site-packages/airflow/example_dags/tutorial_taskflow_api_etl_virtualenv.py took 0.281 seconds
[2023-12-28 09:32:41,540] {processor.py:162} INFO - Started process (PID=5436) to work on /home/airflow/.local/lib/python3.6/site-packages/airflow/example_dags/tutorial_taskflow_api_etl_virtualenv.py
[2023-12-28 09:32:41,541] {processor.py:613} INFO - Processing file /home/airflow/.local/lib/python3.6/site-packages/airflow/example_dags/tutorial_taskflow_api_etl_virtualenv.py for tasks to queue
[2023-12-28 09:32:41,542] {logging_mixin.py:109} INFO - [2023-12-28 09:32:41,542] {dagbag.py:496} INFO - Filling up the DagBag from /home/airflow/.local/lib/python3.6/site-packages/airflow/example_dags/tutorial_taskflow_api_etl_virtualenv.py
[2023-12-28 09:32:41,562] {processor.py:623} INFO - DAG(s) dict_keys(['tutorial_taskflow_api_etl_virtualenv']) retrieved from /home/airflow/.local/lib/python3.6/site-packages/airflow/example_dags/tutorial_taskflow_api_etl_virtualenv.py
[2023-12-28 09:32:41,801] {logging_mixin.py:109} INFO - [2023-12-28 09:32:41,801] {dag.py:1834} INFO - Sync 1 DAGs
[2023-12-28 09:32:41,817] {logging_mixin.py:109} INFO - [2023-12-28 09:32:41,817] {dag.py:2287} INFO - Setting next_dagrun for tutorial_taskflow_api_etl_virtualenv to None
[2023-12-28 09:32:41,835] {processor.py:170} INFO - Processing /home/airflow/.local/lib/python3.6/site-packages/airflow/example_dags/tutorial_taskflow_api_etl_virtualenv.py took 0.299 seconds
[2023-12-28 09:33:12,165] {processor.py:162} INFO - Started process (PID=5648) to work on /home/airflow/.local/lib/python3.6/site-packages/airflow/example_dags/tutorial_taskflow_api_etl_virtualenv.py
[2023-12-28 09:33:12,167] {processor.py:613} INFO - Processing file /home/airflow/.local/lib/python3.6/site-packages/airflow/example_dags/tutorial_taskflow_api_etl_virtualenv.py for tasks to queue
[2023-12-28 09:33:12,168] {logging_mixin.py:109} INFO - [2023-12-28 09:33:12,168] {dagbag.py:496} INFO - Filling up the DagBag from /home/airflow/.local/lib/python3.6/site-packages/airflow/example_dags/tutorial_taskflow_api_etl_virtualenv.py
[2023-12-28 09:33:12,185] {processor.py:623} INFO - DAG(s) dict_keys(['tutorial_taskflow_api_etl_virtualenv']) retrieved from /home/airflow/.local/lib/python3.6/site-packages/airflow/example_dags/tutorial_taskflow_api_etl_virtualenv.py
[2023-12-28 09:33:12,399] {logging_mixin.py:109} INFO - [2023-12-28 09:33:12,399] {dag.py:1834} INFO - Sync 1 DAGs
[2023-12-28 09:33:12,413] {logging_mixin.py:109} INFO - [2023-12-28 09:33:12,413] {dag.py:2287} INFO - Setting next_dagrun for tutorial_taskflow_api_etl_virtualenv to None
[2023-12-28 09:33:12,427] {processor.py:170} INFO - Processing /home/airflow/.local/lib/python3.6/site-packages/airflow/example_dags/tutorial_taskflow_api_etl_virtualenv.py took 0.265 seconds
[2023-12-28 09:33:42,539] {processor.py:162} INFO - Started process (PID=5853) to work on /home/airflow/.local/lib/python3.6/site-packages/airflow/example_dags/tutorial_taskflow_api_etl_virtualenv.py
[2023-12-28 09:33:42,540] {processor.py:613} INFO - Processing file /home/airflow/.local/lib/python3.6/site-packages/airflow/example_dags/tutorial_taskflow_api_etl_virtualenv.py for tasks to queue
[2023-12-28 09:33:42,540] {logging_mixin.py:109} INFO - [2023-12-28 09:33:42,540] {dagbag.py:496} INFO - Filling up the DagBag from /home/airflow/.local/lib/python3.6/site-packages/airflow/example_dags/tutorial_taskflow_api_etl_virtualenv.py
[2023-12-28 09:33:42,564] {processor.py:623} INFO - DAG(s) dict_keys(['tutorial_taskflow_api_etl_virtualenv']) retrieved from /home/airflow/.local/lib/python3.6/site-packages/airflow/example_dags/tutorial_taskflow_api_etl_virtualenv.py
[2023-12-28 09:33:42,827] {logging_mixin.py:109} INFO - [2023-12-28 09:33:42,827] {dag.py:1834} INFO - Sync 1 DAGs
[2023-12-28 09:33:42,846] {logging_mixin.py:109} INFO - [2023-12-28 09:33:42,846] {dag.py:2287} INFO - Setting next_dagrun for tutorial_taskflow_api_etl_virtualenv to None
[2023-12-28 09:33:42,864] {processor.py:170} INFO - Processing /home/airflow/.local/lib/python3.6/site-packages/airflow/example_dags/tutorial_taskflow_api_etl_virtualenv.py took 0.329 seconds
[2023-12-28 09:34:12,910] {processor.py:162} INFO - Started process (PID=6051) to work on /home/airflow/.local/lib/python3.6/site-packages/airflow/example_dags/tutorial_taskflow_api_etl_virtualenv.py
[2023-12-28 09:34:12,912] {processor.py:613} INFO - Processing file /home/airflow/.local/lib/python3.6/site-packages/airflow/example_dags/tutorial_taskflow_api_etl_virtualenv.py for tasks to queue
[2023-12-28 09:34:12,913] {logging_mixin.py:109} INFO - [2023-12-28 09:34:12,913] {dagbag.py:496} INFO - Filling up the DagBag from /home/airflow/.local/lib/python3.6/site-packages/airflow/example_dags/tutorial_taskflow_api_etl_virtualenv.py
[2023-12-28 09:34:12,931] {processor.py:623} INFO - DAG(s) dict_keys(['tutorial_taskflow_api_etl_virtualenv']) retrieved from /home/airflow/.local/lib/python3.6/site-packages/airflow/example_dags/tutorial_taskflow_api_etl_virtualenv.py
[2023-12-28 09:34:13,162] {logging_mixin.py:109} INFO - [2023-12-28 09:34:13,162] {dag.py:1834} INFO - Sync 1 DAGs
[2023-12-28 09:34:13,179] {logging_mixin.py:109} INFO - [2023-12-28 09:34:13,179] {dag.py:2287} INFO - Setting next_dagrun for tutorial_taskflow_api_etl_virtualenv to None
[2023-12-28 09:34:13,195] {processor.py:170} INFO - Processing /home/airflow/.local/lib/python3.6/site-packages/airflow/example_dags/tutorial_taskflow_api_etl_virtualenv.py took 0.288 seconds
[2023-12-28 09:34:43,838] {processor.py:162} INFO - Started process (PID=6261) to work on /home/airflow/.local/lib/python3.6/site-packages/airflow/example_dags/tutorial_taskflow_api_etl_virtualenv.py
[2023-12-28 09:34:43,839] {processor.py:613} INFO - Processing file /home/airflow/.local/lib/python3.6/site-packages/airflow/example_dags/tutorial_taskflow_api_etl_virtualenv.py for tasks to queue
[2023-12-28 09:34:43,839] {logging_mixin.py:109} INFO - [2023-12-28 09:34:43,839] {dagbag.py:496} INFO - Filling up the DagBag from /home/airflow/.local/lib/python3.6/site-packages/airflow/example_dags/tutorial_taskflow_api_etl_virtualenv.py
[2023-12-28 09:34:43,857] {processor.py:623} INFO - DAG(s) dict_keys(['tutorial_taskflow_api_etl_virtualenv']) retrieved from /home/airflow/.local/lib/python3.6/site-packages/airflow/example_dags/tutorial_taskflow_api_etl_virtualenv.py
[2023-12-28 09:34:44,087] {logging_mixin.py:109} INFO - [2023-12-28 09:34:44,087] {dag.py:1834} INFO - Sync 1 DAGs
[2023-12-28 09:34:44,101] {logging_mixin.py:109} INFO - [2023-12-28 09:34:44,101] {dag.py:2287} INFO - Setting next_dagrun for tutorial_taskflow_api_etl_virtualenv to None
[2023-12-28 09:34:44,120] {processor.py:170} INFO - Processing /home/airflow/.local/lib/python3.6/site-packages/airflow/example_dags/tutorial_taskflow_api_etl_virtualenv.py took 0.286 seconds
[2023-12-28 09:35:14,794] {processor.py:162} INFO - Started process (PID=6433) to work on /home/airflow/.local/lib/python3.6/site-packages/airflow/example_dags/tutorial_taskflow_api_etl_virtualenv.py
[2023-12-28 09:35:14,796] {processor.py:613} INFO - Processing file /home/airflow/.local/lib/python3.6/site-packages/airflow/example_dags/tutorial_taskflow_api_etl_virtualenv.py for tasks to queue
[2023-12-28 09:35:14,796] {logging_mixin.py:109} INFO - [2023-12-28 09:35:14,796] {dagbag.py:496} INFO - Filling up the DagBag from /home/airflow/.local/lib/python3.6/site-packages/airflow/example_dags/tutorial_taskflow_api_etl_virtualenv.py
[2023-12-28 09:35:14,813] {processor.py:623} INFO - DAG(s) dict_keys(['tutorial_taskflow_api_etl_virtualenv']) retrieved from /home/airflow/.local/lib/python3.6/site-packages/airflow/example_dags/tutorial_taskflow_api_etl_virtualenv.py
[2023-12-28 09:35:15,054] {logging_mixin.py:109} INFO - [2023-12-28 09:35:15,054] {dag.py:1834} INFO - Sync 1 DAGs
[2023-12-28 09:35:15,070] {logging_mixin.py:109} INFO - [2023-12-28 09:35:15,069] {dag.py:2287} INFO - Setting next_dagrun for tutorial_taskflow_api_etl_virtualenv to None
[2023-12-28 09:35:15,087] {processor.py:170} INFO - Processing /home/airflow/.local/lib/python3.6/site-packages/airflow/example_dags/tutorial_taskflow_api_etl_virtualenv.py took 0.295 seconds
[2023-12-28 09:35:45,865] {processor.py:162} INFO - Started process (PID=6636) to work on /home/airflow/.local/lib/python3.6/site-packages/airflow/example_dags/tutorial_taskflow_api_etl_virtualenv.py
[2023-12-28 09:35:45,866] {processor.py:613} INFO - Processing file /home/airflow/.local/lib/python3.6/site-packages/airflow/example_dags/tutorial_taskflow_api_etl_virtualenv.py for tasks to queue
[2023-12-28 09:35:45,867] {logging_mixin.py:109} INFO - [2023-12-28 09:35:45,867] {dagbag.py:496} INFO - Filling up the DagBag from /home/airflow/.local/lib/python3.6/site-packages/airflow/example_dags/tutorial_taskflow_api_etl_virtualenv.py
[2023-12-28 09:35:45,885] {processor.py:623} INFO - DAG(s) dict_keys(['tutorial_taskflow_api_etl_virtualenv']) retrieved from /home/airflow/.local/lib/python3.6/site-packages/airflow/example_dags/tutorial_taskflow_api_etl_virtualenv.py
[2023-12-28 09:35:46,116] {logging_mixin.py:109} INFO - [2023-12-28 09:35:46,116] {dag.py:1834} INFO - Sync 1 DAGs
[2023-12-28 09:35:46,131] {logging_mixin.py:109} INFO - [2023-12-28 09:35:46,131] {dag.py:2287} INFO - Setting next_dagrun for tutorial_taskflow_api_etl_virtualenv to None
[2023-12-28 09:35:46,148] {processor.py:170} INFO - Processing /home/airflow/.local/lib/python3.6/site-packages/airflow/example_dags/tutorial_taskflow_api_etl_virtualenv.py took 0.285 seconds
[2023-12-28 09:36:17,113] {processor.py:162} INFO - Started process (PID=6833) to work on /home/airflow/.local/lib/python3.6/site-packages/airflow/example_dags/tutorial_taskflow_api_etl_virtualenv.py
[2023-12-28 09:36:17,114] {processor.py:613} INFO - Processing file /home/airflow/.local/lib/python3.6/site-packages/airflow/example_dags/tutorial_taskflow_api_etl_virtualenv.py for tasks to queue
[2023-12-28 09:36:17,115] {logging_mixin.py:109} INFO - [2023-12-28 09:36:17,115] {dagbag.py:496} INFO - Filling up the DagBag from /home/airflow/.local/lib/python3.6/site-packages/airflow/example_dags/tutorial_taskflow_api_etl_virtualenv.py
[2023-12-28 09:36:17,133] {processor.py:623} INFO - DAG(s) dict_keys(['tutorial_taskflow_api_etl_virtualenv']) retrieved from /home/airflow/.local/lib/python3.6/site-packages/airflow/example_dags/tutorial_taskflow_api_etl_virtualenv.py
[2023-12-28 09:36:17,375] {logging_mixin.py:109} INFO - [2023-12-28 09:36:17,375] {dag.py:1834} INFO - Sync 1 DAGs
[2023-12-28 09:36:17,390] {logging_mixin.py:109} INFO - [2023-12-28 09:36:17,389] {dag.py:2287} INFO - Setting next_dagrun for tutorial_taskflow_api_etl_virtualenv to None
[2023-12-28 09:36:17,405] {processor.py:170} INFO - Processing /home/airflow/.local/lib/python3.6/site-packages/airflow/example_dags/tutorial_taskflow_api_etl_virtualenv.py took 0.295 seconds
[2023-12-28 09:36:48,070] {processor.py:162} INFO - Started process (PID=7036) to work on /home/airflow/.local/lib/python3.6/site-packages/airflow/example_dags/tutorial_taskflow_api_etl_virtualenv.py
[2023-12-28 09:36:48,073] {processor.py:613} INFO - Processing file /home/airflow/.local/lib/python3.6/site-packages/airflow/example_dags/tutorial_taskflow_api_etl_virtualenv.py for tasks to queue
[2023-12-28 09:36:48,075] {logging_mixin.py:109} INFO - [2023-12-28 09:36:48,074] {dagbag.py:496} INFO - Filling up the DagBag from /home/airflow/.local/lib/python3.6/site-packages/airflow/example_dags/tutorial_taskflow_api_etl_virtualenv.py
[2023-12-28 09:36:48,103] {processor.py:623} INFO - DAG(s) dict_keys(['tutorial_taskflow_api_etl_virtualenv']) retrieved from /home/airflow/.local/lib/python3.6/site-packages/airflow/example_dags/tutorial_taskflow_api_etl_virtualenv.py
[2023-12-28 09:36:48,452] {logging_mixin.py:109} INFO - [2023-12-28 09:36:48,451] {dag.py:1834} INFO - Sync 1 DAGs
[2023-12-28 09:36:48,464] {logging_mixin.py:109} INFO - [2023-12-28 09:36:48,464] {dag.py:2287} INFO - Setting next_dagrun for tutorial_taskflow_api_etl_virtualenv to None
[2023-12-28 09:36:48,478] {processor.py:170} INFO - Processing /home/airflow/.local/lib/python3.6/site-packages/airflow/example_dags/tutorial_taskflow_api_etl_virtualenv.py took 0.412 seconds
[2023-12-28 09:37:19,433] {processor.py:162} INFO - Started process (PID=7242) to work on /home/airflow/.local/lib/python3.6/site-packages/airflow/example_dags/tutorial_taskflow_api_etl_virtualenv.py
[2023-12-28 09:37:19,434] {processor.py:613} INFO - Processing file /home/airflow/.local/lib/python3.6/site-packages/airflow/example_dags/tutorial_taskflow_api_etl_virtualenv.py for tasks to queue
[2023-12-28 09:37:19,435] {logging_mixin.py:109} INFO - [2023-12-28 09:37:19,435] {dagbag.py:496} INFO - Filling up the DagBag from /home/airflow/.local/lib/python3.6/site-packages/airflow/example_dags/tutorial_taskflow_api_etl_virtualenv.py
[2023-12-28 09:37:19,450] {processor.py:623} INFO - DAG(s) dict_keys(['tutorial_taskflow_api_etl_virtualenv']) retrieved from /home/airflow/.local/lib/python3.6/site-packages/airflow/example_dags/tutorial_taskflow_api_etl_virtualenv.py
[2023-12-28 09:37:19,654] {logging_mixin.py:109} INFO - [2023-12-28 09:37:19,654] {dag.py:1834} INFO - Sync 1 DAGs
[2023-12-28 09:37:19,669] {logging_mixin.py:109} INFO - [2023-12-28 09:37:19,669] {dag.py:2287} INFO - Setting next_dagrun for tutorial_taskflow_api_etl_virtualenv to None
[2023-12-28 09:37:19,684] {processor.py:170} INFO - Processing /home/airflow/.local/lib/python3.6/site-packages/airflow/example_dags/tutorial_taskflow_api_etl_virtualenv.py took 0.254 seconds
[2023-12-28 09:37:50,327] {processor.py:162} INFO - Started process (PID=7436) to work on /home/airflow/.local/lib/python3.6/site-packages/airflow/example_dags/tutorial_taskflow_api_etl_virtualenv.py
[2023-12-28 09:37:50,328] {processor.py:613} INFO - Processing file /home/airflow/.local/lib/python3.6/site-packages/airflow/example_dags/tutorial_taskflow_api_etl_virtualenv.py for tasks to queue
[2023-12-28 09:37:50,329] {logging_mixin.py:109} INFO - [2023-12-28 09:37:50,329] {dagbag.py:496} INFO - Filling up the DagBag from /home/airflow/.local/lib/python3.6/site-packages/airflow/example_dags/tutorial_taskflow_api_etl_virtualenv.py
[2023-12-28 09:37:50,347] {processor.py:623} INFO - DAG(s) dict_keys(['tutorial_taskflow_api_etl_virtualenv']) retrieved from /home/airflow/.local/lib/python3.6/site-packages/airflow/example_dags/tutorial_taskflow_api_etl_virtualenv.py
[2023-12-28 09:37:50,588] {logging_mixin.py:109} INFO - [2023-12-28 09:37:50,588] {dag.py:1834} INFO - Sync 1 DAGs
[2023-12-28 09:37:50,604] {logging_mixin.py:109} INFO - [2023-12-28 09:37:50,604] {dag.py:2287} INFO - Setting next_dagrun for tutorial_taskflow_api_etl_virtualenv to None
[2023-12-28 09:37:50,620] {processor.py:170} INFO - Processing /home/airflow/.local/lib/python3.6/site-packages/airflow/example_dags/tutorial_taskflow_api_etl_virtualenv.py took 0.296 seconds
[2023-12-28 09:38:20,737] {processor.py:162} INFO - Started process (PID=7631) to work on /home/airflow/.local/lib/python3.6/site-packages/airflow/example_dags/tutorial_taskflow_api_etl_virtualenv.py
[2023-12-28 09:38:20,738] {processor.py:613} INFO - Processing file /home/airflow/.local/lib/python3.6/site-packages/airflow/example_dags/tutorial_taskflow_api_etl_virtualenv.py for tasks to queue
[2023-12-28 09:38:20,739] {logging_mixin.py:109} INFO - [2023-12-28 09:38:20,738] {dagbag.py:496} INFO - Filling up the DagBag from /home/airflow/.local/lib/python3.6/site-packages/airflow/example_dags/tutorial_taskflow_api_etl_virtualenv.py
[2023-12-28 09:38:20,756] {processor.py:623} INFO - DAG(s) dict_keys(['tutorial_taskflow_api_etl_virtualenv']) retrieved from /home/airflow/.local/lib/python3.6/site-packages/airflow/example_dags/tutorial_taskflow_api_etl_virtualenv.py
[2023-12-28 09:38:20,990] {logging_mixin.py:109} INFO - [2023-12-28 09:38:20,990] {dag.py:1834} INFO - Sync 1 DAGs
[2023-12-28 09:38:21,004] {logging_mixin.py:109} INFO - [2023-12-28 09:38:21,004] {dag.py:2287} INFO - Setting next_dagrun for tutorial_taskflow_api_etl_virtualenv to None
[2023-12-28 09:38:21,020] {processor.py:170} INFO - Processing /home/airflow/.local/lib/python3.6/site-packages/airflow/example_dags/tutorial_taskflow_api_etl_virtualenv.py took 0.286 seconds
[2023-12-28 09:38:51,684] {processor.py:162} INFO - Started process (PID=7826) to work on /home/airflow/.local/lib/python3.6/site-packages/airflow/example_dags/tutorial_taskflow_api_etl_virtualenv.py
[2023-12-28 09:38:51,685] {processor.py:613} INFO - Processing file /home/airflow/.local/lib/python3.6/site-packages/airflow/example_dags/tutorial_taskflow_api_etl_virtualenv.py for tasks to queue
[2023-12-28 09:38:51,686] {logging_mixin.py:109} INFO - [2023-12-28 09:38:51,686] {dagbag.py:496} INFO - Filling up the DagBag from /home/airflow/.local/lib/python3.6/site-packages/airflow/example_dags/tutorial_taskflow_api_etl_virtualenv.py
[2023-12-28 09:38:51,704] {processor.py:623} INFO - DAG(s) dict_keys(['tutorial_taskflow_api_etl_virtualenv']) retrieved from /home/airflow/.local/lib/python3.6/site-packages/airflow/example_dags/tutorial_taskflow_api_etl_virtualenv.py
[2023-12-28 09:38:51,727] {logging_mixin.py:109} INFO - [2023-12-28 09:38:51,727] {dag.py:1834} INFO - Sync 1 DAGs
[2023-12-28 09:38:51,743] {logging_mixin.py:109} INFO - [2023-12-28 09:38:51,743] {dag.py:2287} INFO - Setting next_dagrun for tutorial_taskflow_api_etl_virtualenv to None
[2023-12-28 09:38:51,756] {processor.py:170} INFO - Processing /home/airflow/.local/lib/python3.6/site-packages/airflow/example_dags/tutorial_taskflow_api_etl_virtualenv.py took 0.076 seconds
[2023-12-28 09:39:22,406] {processor.py:162} INFO - Started process (PID=8033) to work on /home/airflow/.local/lib/python3.6/site-packages/airflow/example_dags/tutorial_taskflow_api_etl_virtualenv.py
[2023-12-28 09:39:22,407] {processor.py:613} INFO - Processing file /home/airflow/.local/lib/python3.6/site-packages/airflow/example_dags/tutorial_taskflow_api_etl_virtualenv.py for tasks to queue
[2023-12-28 09:39:22,408] {logging_mixin.py:109} INFO - [2023-12-28 09:39:22,407] {dagbag.py:496} INFO - Filling up the DagBag from /home/airflow/.local/lib/python3.6/site-packages/airflow/example_dags/tutorial_taskflow_api_etl_virtualenv.py
[2023-12-28 09:39:22,428] {processor.py:623} INFO - DAG(s) dict_keys(['tutorial_taskflow_api_etl_virtualenv']) retrieved from /home/airflow/.local/lib/python3.6/site-packages/airflow/example_dags/tutorial_taskflow_api_etl_virtualenv.py
[2023-12-28 09:39:22,652] {logging_mixin.py:109} INFO - [2023-12-28 09:39:22,652] {dag.py:1834} INFO - Sync 1 DAGs
[2023-12-28 09:39:22,666] {logging_mixin.py:109} INFO - [2023-12-28 09:39:22,666] {dag.py:2287} INFO - Setting next_dagrun for tutorial_taskflow_api_etl_virtualenv to None
[2023-12-28 09:39:22,681] {processor.py:170} INFO - Processing /home/airflow/.local/lib/python3.6/site-packages/airflow/example_dags/tutorial_taskflow_api_etl_virtualenv.py took 0.279 seconds
[2023-12-28 09:39:53,474] {processor.py:162} INFO - Started process (PID=8228) to work on /home/airflow/.local/lib/python3.6/site-packages/airflow/example_dags/tutorial_taskflow_api_etl_virtualenv.py
[2023-12-28 09:39:53,475] {processor.py:613} INFO - Processing file /home/airflow/.local/lib/python3.6/site-packages/airflow/example_dags/tutorial_taskflow_api_etl_virtualenv.py for tasks to queue
[2023-12-28 09:39:53,476] {logging_mixin.py:109} INFO - [2023-12-28 09:39:53,476] {dagbag.py:496} INFO - Filling up the DagBag from /home/airflow/.local/lib/python3.6/site-packages/airflow/example_dags/tutorial_taskflow_api_etl_virtualenv.py
[2023-12-28 09:39:53,497] {processor.py:623} INFO - DAG(s) dict_keys(['tutorial_taskflow_api_etl_virtualenv']) retrieved from /home/airflow/.local/lib/python3.6/site-packages/airflow/example_dags/tutorial_taskflow_api_etl_virtualenv.py
[2023-12-28 09:39:53,775] {logging_mixin.py:109} INFO - [2023-12-28 09:39:53,775] {dag.py:1834} INFO - Sync 1 DAGs
[2023-12-28 09:39:53,789] {logging_mixin.py:109} INFO - [2023-12-28 09:39:53,789] {dag.py:2287} INFO - Setting next_dagrun for tutorial_taskflow_api_etl_virtualenv to None
[2023-12-28 09:39:53,805] {processor.py:170} INFO - Processing /home/airflow/.local/lib/python3.6/site-packages/airflow/example_dags/tutorial_taskflow_api_etl_virtualenv.py took 0.334 seconds
[2023-12-28 09:40:23,952] {processor.py:162} INFO - Started process (PID=8431) to work on /home/airflow/.local/lib/python3.6/site-packages/airflow/example_dags/tutorial_taskflow_api_etl_virtualenv.py
[2023-12-28 09:40:23,956] {processor.py:613} INFO - Processing file /home/airflow/.local/lib/python3.6/site-packages/airflow/example_dags/tutorial_taskflow_api_etl_virtualenv.py for tasks to queue
[2023-12-28 09:40:23,958] {logging_mixin.py:109} INFO - [2023-12-28 09:40:23,958] {dagbag.py:496} INFO - Filling up the DagBag from /home/airflow/.local/lib/python3.6/site-packages/airflow/example_dags/tutorial_taskflow_api_etl_virtualenv.py
[2023-12-28 09:40:24,001] {processor.py:623} INFO - DAG(s) dict_keys(['tutorial_taskflow_api_etl_virtualenv']) retrieved from /home/airflow/.local/lib/python3.6/site-packages/airflow/example_dags/tutorial_taskflow_api_etl_virtualenv.py
[2023-12-28 09:40:24,265] {logging_mixin.py:109} INFO - [2023-12-28 09:40:24,264] {dag.py:1834} INFO - Sync 1 DAGs
[2023-12-28 09:40:24,280] {logging_mixin.py:109} INFO - [2023-12-28 09:40:24,280] {dag.py:2287} INFO - Setting next_dagrun for tutorial_taskflow_api_etl_virtualenv to None
[2023-12-28 09:40:24,297] {processor.py:170} INFO - Processing /home/airflow/.local/lib/python3.6/site-packages/airflow/example_dags/tutorial_taskflow_api_etl_virtualenv.py took 0.355 seconds
