[2023-12-28 09:19:22,216] {processor.py:162} INFO - Started process (PID=237) to work on /home/airflow/.local/lib/python3.6/site-packages/airflow/example_dags/tutorial_etl_dag.py
[2023-12-28 09:19:22,217] {processor.py:613} INFO - Processing file /home/airflow/.local/lib/python3.6/site-packages/airflow/example_dags/tutorial_etl_dag.py for tasks to queue
[2023-12-28 09:19:22,218] {logging_mixin.py:109} INFO - [2023-12-28 09:19:22,218] {dagbag.py:496} INFO - Filling up the DagBag from /home/airflow/.local/lib/python3.6/site-packages/airflow/example_dags/tutorial_etl_dag.py
[2023-12-28 09:19:22,229] {processor.py:623} INFO - DAG(s) dict_keys(['tutorial_etl_dag']) retrieved from /home/airflow/.local/lib/python3.6/site-packages/airflow/example_dags/tutorial_etl_dag.py
[2023-12-28 09:19:22,422] {logging_mixin.py:109} INFO - [2023-12-28 09:19:22,422] {dag.py:1834} INFO - Sync 1 DAGs
[2023-12-28 09:19:22,436] {logging_mixin.py:109} INFO - [2023-12-28 09:19:22,436] {dag.py:2287} INFO - Setting next_dagrun for tutorial_etl_dag to None
[2023-12-28 09:19:22,450] {processor.py:170} INFO - Processing /home/airflow/.local/lib/python3.6/site-packages/airflow/example_dags/tutorial_etl_dag.py took 0.236 seconds
[2023-12-28 09:19:53,293] {processor.py:162} INFO - Started process (PID=431) to work on /home/airflow/.local/lib/python3.6/site-packages/airflow/example_dags/tutorial_etl_dag.py
[2023-12-28 09:19:53,296] {processor.py:613} INFO - Processing file /home/airflow/.local/lib/python3.6/site-packages/airflow/example_dags/tutorial_etl_dag.py for tasks to queue
[2023-12-28 09:19:53,297] {logging_mixin.py:109} INFO - [2023-12-28 09:19:53,297] {dagbag.py:496} INFO - Filling up the DagBag from /home/airflow/.local/lib/python3.6/site-packages/airflow/example_dags/tutorial_etl_dag.py
[2023-12-28 09:19:53,325] {processor.py:623} INFO - DAG(s) dict_keys(['tutorial_etl_dag']) retrieved from /home/airflow/.local/lib/python3.6/site-packages/airflow/example_dags/tutorial_etl_dag.py
[2023-12-28 09:19:53,373] {logging_mixin.py:109} INFO - [2023-12-28 09:19:53,373] {dag.py:1834} INFO - Sync 1 DAGs
[2023-12-28 09:19:53,402] {logging_mixin.py:109} INFO - [2023-12-28 09:19:53,402] {dag.py:2287} INFO - Setting next_dagrun for tutorial_etl_dag to None
[2023-12-28 09:19:53,419] {processor.py:170} INFO - Processing /home/airflow/.local/lib/python3.6/site-packages/airflow/example_dags/tutorial_etl_dag.py took 0.129 seconds
[2023-12-28 09:20:24,463] {processor.py:162} INFO - Started process (PID=636) to work on /home/airflow/.local/lib/python3.6/site-packages/airflow/example_dags/tutorial_etl_dag.py
[2023-12-28 09:20:24,464] {processor.py:613} INFO - Processing file /home/airflow/.local/lib/python3.6/site-packages/airflow/example_dags/tutorial_etl_dag.py for tasks to queue
[2023-12-28 09:20:24,465] {logging_mixin.py:109} INFO - [2023-12-28 09:20:24,465] {dagbag.py:496} INFO - Filling up the DagBag from /home/airflow/.local/lib/python3.6/site-packages/airflow/example_dags/tutorial_etl_dag.py
[2023-12-28 09:20:24,476] {processor.py:623} INFO - DAG(s) dict_keys(['tutorial_etl_dag']) retrieved from /home/airflow/.local/lib/python3.6/site-packages/airflow/example_dags/tutorial_etl_dag.py
[2023-12-28 09:20:24,500] {logging_mixin.py:109} INFO - [2023-12-28 09:20:24,500] {dag.py:1834} INFO - Sync 1 DAGs
[2023-12-28 09:20:24,515] {logging_mixin.py:109} INFO - [2023-12-28 09:20:24,515] {dag.py:2287} INFO - Setting next_dagrun for tutorial_etl_dag to None
[2023-12-28 09:20:24,529] {processor.py:170} INFO - Processing /home/airflow/.local/lib/python3.6/site-packages/airflow/example_dags/tutorial_etl_dag.py took 0.069 seconds
[2023-12-28 09:20:54,760] {processor.py:162} INFO - Started process (PID=831) to work on /home/airflow/.local/lib/python3.6/site-packages/airflow/example_dags/tutorial_etl_dag.py
[2023-12-28 09:20:54,761] {processor.py:613} INFO - Processing file /home/airflow/.local/lib/python3.6/site-packages/airflow/example_dags/tutorial_etl_dag.py for tasks to queue
[2023-12-28 09:20:54,762] {logging_mixin.py:109} INFO - [2023-12-28 09:20:54,762] {dagbag.py:496} INFO - Filling up the DagBag from /home/airflow/.local/lib/python3.6/site-packages/airflow/example_dags/tutorial_etl_dag.py
[2023-12-28 09:20:54,776] {processor.py:623} INFO - DAG(s) dict_keys(['tutorial_etl_dag']) retrieved from /home/airflow/.local/lib/python3.6/site-packages/airflow/example_dags/tutorial_etl_dag.py
[2023-12-28 09:20:54,803] {logging_mixin.py:109} INFO - [2023-12-28 09:20:54,803] {dag.py:1834} INFO - Sync 1 DAGs
[2023-12-28 09:20:54,821] {logging_mixin.py:109} INFO - [2023-12-28 09:20:54,821] {dag.py:2287} INFO - Setting next_dagrun for tutorial_etl_dag to None
[2023-12-28 09:20:54,837] {processor.py:170} INFO - Processing /home/airflow/.local/lib/python3.6/site-packages/airflow/example_dags/tutorial_etl_dag.py took 0.081 seconds
[2023-12-28 09:21:25,203] {processor.py:162} INFO - Started process (PID=1018) to work on /home/airflow/.local/lib/python3.6/site-packages/airflow/example_dags/tutorial_etl_dag.py
[2023-12-28 09:21:25,206] {processor.py:613} INFO - Processing file /home/airflow/.local/lib/python3.6/site-packages/airflow/example_dags/tutorial_etl_dag.py for tasks to queue
[2023-12-28 09:21:25,206] {logging_mixin.py:109} INFO - [2023-12-28 09:21:25,206] {dagbag.py:496} INFO - Filling up the DagBag from /home/airflow/.local/lib/python3.6/site-packages/airflow/example_dags/tutorial_etl_dag.py
[2023-12-28 09:21:25,220] {processor.py:623} INFO - DAG(s) dict_keys(['tutorial_etl_dag']) retrieved from /home/airflow/.local/lib/python3.6/site-packages/airflow/example_dags/tutorial_etl_dag.py
[2023-12-28 09:21:25,248] {logging_mixin.py:109} INFO - [2023-12-28 09:21:25,247] {dag.py:1834} INFO - Sync 1 DAGs
[2023-12-28 09:21:25,265] {logging_mixin.py:109} INFO - [2023-12-28 09:21:25,264] {dag.py:2287} INFO - Setting next_dagrun for tutorial_etl_dag to None
[2023-12-28 09:21:25,281] {processor.py:170} INFO - Processing /home/airflow/.local/lib/python3.6/site-packages/airflow/example_dags/tutorial_etl_dag.py took 0.082 seconds
[2023-12-28 09:21:55,329] {processor.py:162} INFO - Started process (PID=1211) to work on /home/airflow/.local/lib/python3.6/site-packages/airflow/example_dags/tutorial_etl_dag.py
[2023-12-28 09:21:55,331] {processor.py:613} INFO - Processing file /home/airflow/.local/lib/python3.6/site-packages/airflow/example_dags/tutorial_etl_dag.py for tasks to queue
[2023-12-28 09:21:55,331] {logging_mixin.py:109} INFO - [2023-12-28 09:21:55,331] {dagbag.py:496} INFO - Filling up the DagBag from /home/airflow/.local/lib/python3.6/site-packages/airflow/example_dags/tutorial_etl_dag.py
[2023-12-28 09:21:55,344] {processor.py:623} INFO - DAG(s) dict_keys(['tutorial_etl_dag']) retrieved from /home/airflow/.local/lib/python3.6/site-packages/airflow/example_dags/tutorial_etl_dag.py
[2023-12-28 09:21:55,374] {logging_mixin.py:109} INFO - [2023-12-28 09:21:55,373] {dag.py:1834} INFO - Sync 1 DAGs
[2023-12-28 09:21:55,391] {logging_mixin.py:109} INFO - [2023-12-28 09:21:55,391] {dag.py:2287} INFO - Setting next_dagrun for tutorial_etl_dag to None
[2023-12-28 09:21:55,408] {processor.py:170} INFO - Processing /home/airflow/.local/lib/python3.6/site-packages/airflow/example_dags/tutorial_etl_dag.py took 0.082 seconds
[2023-12-28 09:22:25,624] {processor.py:162} INFO - Started process (PID=1401) to work on /home/airflow/.local/lib/python3.6/site-packages/airflow/example_dags/tutorial_etl_dag.py
[2023-12-28 09:22:25,625] {processor.py:613} INFO - Processing file /home/airflow/.local/lib/python3.6/site-packages/airflow/example_dags/tutorial_etl_dag.py for tasks to queue
[2023-12-28 09:22:25,626] {logging_mixin.py:109} INFO - [2023-12-28 09:22:25,625] {dagbag.py:496} INFO - Filling up the DagBag from /home/airflow/.local/lib/python3.6/site-packages/airflow/example_dags/tutorial_etl_dag.py
[2023-12-28 09:22:25,640] {processor.py:623} INFO - DAG(s) dict_keys(['tutorial_etl_dag']) retrieved from /home/airflow/.local/lib/python3.6/site-packages/airflow/example_dags/tutorial_etl_dag.py
[2023-12-28 09:22:25,664] {logging_mixin.py:109} INFO - [2023-12-28 09:22:25,664] {dag.py:1834} INFO - Sync 1 DAGs
[2023-12-28 09:22:25,679] {logging_mixin.py:109} INFO - [2023-12-28 09:22:25,679] {dag.py:2287} INFO - Setting next_dagrun for tutorial_etl_dag to None
[2023-12-28 09:22:25,691] {processor.py:170} INFO - Processing /home/airflow/.local/lib/python3.6/site-packages/airflow/example_dags/tutorial_etl_dag.py took 0.071 seconds
[2023-12-28 09:22:56,041] {processor.py:162} INFO - Started process (PID=1606) to work on /home/airflow/.local/lib/python3.6/site-packages/airflow/example_dags/tutorial_etl_dag.py
[2023-12-28 09:22:56,042] {processor.py:613} INFO - Processing file /home/airflow/.local/lib/python3.6/site-packages/airflow/example_dags/tutorial_etl_dag.py for tasks to queue
[2023-12-28 09:22:56,043] {logging_mixin.py:109} INFO - [2023-12-28 09:22:56,043] {dagbag.py:496} INFO - Filling up the DagBag from /home/airflow/.local/lib/python3.6/site-packages/airflow/example_dags/tutorial_etl_dag.py
[2023-12-28 09:22:56,066] {processor.py:623} INFO - DAG(s) dict_keys(['tutorial_etl_dag']) retrieved from /home/airflow/.local/lib/python3.6/site-packages/airflow/example_dags/tutorial_etl_dag.py
[2023-12-28 09:22:56,090] {logging_mixin.py:109} INFO - [2023-12-28 09:22:56,090] {dag.py:1834} INFO - Sync 1 DAGs
[2023-12-28 09:22:56,106] {logging_mixin.py:109} INFO - [2023-12-28 09:22:56,106] {dag.py:2287} INFO - Setting next_dagrun for tutorial_etl_dag to None
[2023-12-28 09:22:56,127] {processor.py:170} INFO - Processing /home/airflow/.local/lib/python3.6/site-packages/airflow/example_dags/tutorial_etl_dag.py took 0.090 seconds
[2023-12-28 09:23:26,694] {processor.py:162} INFO - Started process (PID=1801) to work on /home/airflow/.local/lib/python3.6/site-packages/airflow/example_dags/tutorial_etl_dag.py
[2023-12-28 09:23:26,696] {processor.py:613} INFO - Processing file /home/airflow/.local/lib/python3.6/site-packages/airflow/example_dags/tutorial_etl_dag.py for tasks to queue
[2023-12-28 09:23:26,697] {logging_mixin.py:109} INFO - [2023-12-28 09:23:26,696] {dagbag.py:496} INFO - Filling up the DagBag from /home/airflow/.local/lib/python3.6/site-packages/airflow/example_dags/tutorial_etl_dag.py
[2023-12-28 09:23:26,711] {processor.py:623} INFO - DAG(s) dict_keys(['tutorial_etl_dag']) retrieved from /home/airflow/.local/lib/python3.6/site-packages/airflow/example_dags/tutorial_etl_dag.py
[2023-12-28 09:23:26,741] {logging_mixin.py:109} INFO - [2023-12-28 09:23:26,741] {dag.py:1834} INFO - Sync 1 DAGs
[2023-12-28 09:23:26,762] {logging_mixin.py:109} INFO - [2023-12-28 09:23:26,762] {dag.py:2287} INFO - Setting next_dagrun for tutorial_etl_dag to None
[2023-12-28 09:23:26,781] {processor.py:170} INFO - Processing /home/airflow/.local/lib/python3.6/site-packages/airflow/example_dags/tutorial_etl_dag.py took 0.090 seconds
[2023-12-28 09:23:57,184] {processor.py:162} INFO - Started process (PID=2003) to work on /home/airflow/.local/lib/python3.6/site-packages/airflow/example_dags/tutorial_etl_dag.py
[2023-12-28 09:23:57,185] {processor.py:613} INFO - Processing file /home/airflow/.local/lib/python3.6/site-packages/airflow/example_dags/tutorial_etl_dag.py for tasks to queue
[2023-12-28 09:23:57,187] {logging_mixin.py:109} INFO - [2023-12-28 09:23:57,187] {dagbag.py:496} INFO - Filling up the DagBag from /home/airflow/.local/lib/python3.6/site-packages/airflow/example_dags/tutorial_etl_dag.py
[2023-12-28 09:23:57,201] {processor.py:623} INFO - DAG(s) dict_keys(['tutorial_etl_dag']) retrieved from /home/airflow/.local/lib/python3.6/site-packages/airflow/example_dags/tutorial_etl_dag.py
[2023-12-28 09:23:57,228] {logging_mixin.py:109} INFO - [2023-12-28 09:23:57,228] {dag.py:1834} INFO - Sync 1 DAGs
[2023-12-28 09:23:57,246] {logging_mixin.py:109} INFO - [2023-12-28 09:23:57,246] {dag.py:2287} INFO - Setting next_dagrun for tutorial_etl_dag to None
[2023-12-28 09:23:57,263] {processor.py:170} INFO - Processing /home/airflow/.local/lib/python3.6/site-packages/airflow/example_dags/tutorial_etl_dag.py took 0.083 seconds
[2023-12-28 09:24:27,872] {processor.py:162} INFO - Started process (PID=2201) to work on /home/airflow/.local/lib/python3.6/site-packages/airflow/example_dags/tutorial_etl_dag.py
[2023-12-28 09:24:27,874] {processor.py:613} INFO - Processing file /home/airflow/.local/lib/python3.6/site-packages/airflow/example_dags/tutorial_etl_dag.py for tasks to queue
[2023-12-28 09:24:27,875] {logging_mixin.py:109} INFO - [2023-12-28 09:24:27,875] {dagbag.py:496} INFO - Filling up the DagBag from /home/airflow/.local/lib/python3.6/site-packages/airflow/example_dags/tutorial_etl_dag.py
[2023-12-28 09:24:27,889] {processor.py:623} INFO - DAG(s) dict_keys(['tutorial_etl_dag']) retrieved from /home/airflow/.local/lib/python3.6/site-packages/airflow/example_dags/tutorial_etl_dag.py
[2023-12-28 09:24:27,918] {logging_mixin.py:109} INFO - [2023-12-28 09:24:27,918] {dag.py:1834} INFO - Sync 1 DAGs
[2023-12-28 09:24:27,943] {logging_mixin.py:109} INFO - [2023-12-28 09:24:27,943] {dag.py:2287} INFO - Setting next_dagrun for tutorial_etl_dag to None
[2023-12-28 09:24:27,966] {processor.py:170} INFO - Processing /home/airflow/.local/lib/python3.6/site-packages/airflow/example_dags/tutorial_etl_dag.py took 0.097 seconds
[2023-12-28 09:24:58,374] {processor.py:162} INFO - Started process (PID=2396) to work on /home/airflow/.local/lib/python3.6/site-packages/airflow/example_dags/tutorial_etl_dag.py
[2023-12-28 09:24:58,375] {processor.py:613} INFO - Processing file /home/airflow/.local/lib/python3.6/site-packages/airflow/example_dags/tutorial_etl_dag.py for tasks to queue
[2023-12-28 09:24:58,376] {logging_mixin.py:109} INFO - [2023-12-28 09:24:58,376] {dagbag.py:496} INFO - Filling up the DagBag from /home/airflow/.local/lib/python3.6/site-packages/airflow/example_dags/tutorial_etl_dag.py
[2023-12-28 09:24:58,391] {processor.py:623} INFO - DAG(s) dict_keys(['tutorial_etl_dag']) retrieved from /home/airflow/.local/lib/python3.6/site-packages/airflow/example_dags/tutorial_etl_dag.py
[2023-12-28 09:24:58,420] {logging_mixin.py:109} INFO - [2023-12-28 09:24:58,420] {dag.py:1834} INFO - Sync 1 DAGs
[2023-12-28 09:24:58,438] {logging_mixin.py:109} INFO - [2023-12-28 09:24:58,438] {dag.py:2287} INFO - Setting next_dagrun for tutorial_etl_dag to None
[2023-12-28 09:24:58,457] {processor.py:170} INFO - Processing /home/airflow/.local/lib/python3.6/site-packages/airflow/example_dags/tutorial_etl_dag.py took 0.087 seconds
[2023-12-28 09:25:28,668] {processor.py:162} INFO - Started process (PID=2601) to work on /home/airflow/.local/lib/python3.6/site-packages/airflow/example_dags/tutorial_etl_dag.py
[2023-12-28 09:25:28,670] {processor.py:613} INFO - Processing file /home/airflow/.local/lib/python3.6/site-packages/airflow/example_dags/tutorial_etl_dag.py for tasks to queue
[2023-12-28 09:25:28,671] {logging_mixin.py:109} INFO - [2023-12-28 09:25:28,671] {dagbag.py:496} INFO - Filling up the DagBag from /home/airflow/.local/lib/python3.6/site-packages/airflow/example_dags/tutorial_etl_dag.py
[2023-12-28 09:25:28,684] {processor.py:623} INFO - DAG(s) dict_keys(['tutorial_etl_dag']) retrieved from /home/airflow/.local/lib/python3.6/site-packages/airflow/example_dags/tutorial_etl_dag.py
[2023-12-28 09:25:28,715] {logging_mixin.py:109} INFO - [2023-12-28 09:25:28,715] {dag.py:1834} INFO - Sync 1 DAGs
[2023-12-28 09:25:28,735] {logging_mixin.py:109} INFO - [2023-12-28 09:25:28,735] {dag.py:2287} INFO - Setting next_dagrun for tutorial_etl_dag to None
[2023-12-28 09:25:28,754] {processor.py:170} INFO - Processing /home/airflow/.local/lib/python3.6/site-packages/airflow/example_dags/tutorial_etl_dag.py took 0.090 seconds
[2023-12-28 09:25:58,860] {processor.py:162} INFO - Started process (PID=2796) to work on /home/airflow/.local/lib/python3.6/site-packages/airflow/example_dags/tutorial_etl_dag.py
[2023-12-28 09:25:58,861] {processor.py:613} INFO - Processing file /home/airflow/.local/lib/python3.6/site-packages/airflow/example_dags/tutorial_etl_dag.py for tasks to queue
[2023-12-28 09:25:58,862] {logging_mixin.py:109} INFO - [2023-12-28 09:25:58,861] {dagbag.py:496} INFO - Filling up the DagBag from /home/airflow/.local/lib/python3.6/site-packages/airflow/example_dags/tutorial_etl_dag.py
[2023-12-28 09:25:58,876] {processor.py:623} INFO - DAG(s) dict_keys(['tutorial_etl_dag']) retrieved from /home/airflow/.local/lib/python3.6/site-packages/airflow/example_dags/tutorial_etl_dag.py
[2023-12-28 09:25:58,904] {logging_mixin.py:109} INFO - [2023-12-28 09:25:58,904] {dag.py:1834} INFO - Sync 1 DAGs
[2023-12-28 09:25:58,923] {logging_mixin.py:109} INFO - [2023-12-28 09:25:58,923] {dag.py:2287} INFO - Setting next_dagrun for tutorial_etl_dag to None
[2023-12-28 09:25:58,940] {processor.py:170} INFO - Processing /home/airflow/.local/lib/python3.6/site-packages/airflow/example_dags/tutorial_etl_dag.py took 0.083 seconds
[2023-12-28 09:26:29,382] {processor.py:162} INFO - Started process (PID=3001) to work on /home/airflow/.local/lib/python3.6/site-packages/airflow/example_dags/tutorial_etl_dag.py
[2023-12-28 09:26:29,385] {processor.py:613} INFO - Processing file /home/airflow/.local/lib/python3.6/site-packages/airflow/example_dags/tutorial_etl_dag.py for tasks to queue
[2023-12-28 09:26:29,386] {logging_mixin.py:109} INFO - [2023-12-28 09:26:29,386] {dagbag.py:496} INFO - Filling up the DagBag from /home/airflow/.local/lib/python3.6/site-packages/airflow/example_dags/tutorial_etl_dag.py
[2023-12-28 09:26:29,401] {processor.py:623} INFO - DAG(s) dict_keys(['tutorial_etl_dag']) retrieved from /home/airflow/.local/lib/python3.6/site-packages/airflow/example_dags/tutorial_etl_dag.py
[2023-12-28 09:26:29,427] {logging_mixin.py:109} INFO - [2023-12-28 09:26:29,427] {dag.py:1834} INFO - Sync 1 DAGs
[2023-12-28 09:26:29,443] {logging_mixin.py:109} INFO - [2023-12-28 09:26:29,443] {dag.py:2287} INFO - Setting next_dagrun for tutorial_etl_dag to None
[2023-12-28 09:26:29,457] {processor.py:170} INFO - Processing /home/airflow/.local/lib/python3.6/site-packages/airflow/example_dags/tutorial_etl_dag.py took 0.077 seconds
[2023-12-28 09:26:59,889] {processor.py:162} INFO - Started process (PID=3196) to work on /home/airflow/.local/lib/python3.6/site-packages/airflow/example_dags/tutorial_etl_dag.py
[2023-12-28 09:26:59,891] {processor.py:613} INFO - Processing file /home/airflow/.local/lib/python3.6/site-packages/airflow/example_dags/tutorial_etl_dag.py for tasks to queue
[2023-12-28 09:26:59,892] {logging_mixin.py:109} INFO - [2023-12-28 09:26:59,892] {dagbag.py:496} INFO - Filling up the DagBag from /home/airflow/.local/lib/python3.6/site-packages/airflow/example_dags/tutorial_etl_dag.py
[2023-12-28 09:26:59,905] {processor.py:623} INFO - DAG(s) dict_keys(['tutorial_etl_dag']) retrieved from /home/airflow/.local/lib/python3.6/site-packages/airflow/example_dags/tutorial_etl_dag.py
[2023-12-28 09:26:59,935] {logging_mixin.py:109} INFO - [2023-12-28 09:26:59,935] {dag.py:1834} INFO - Sync 1 DAGs
[2023-12-28 09:26:59,955] {logging_mixin.py:109} INFO - [2023-12-28 09:26:59,955] {dag.py:2287} INFO - Setting next_dagrun for tutorial_etl_dag to None
[2023-12-28 09:26:59,975] {processor.py:170} INFO - Processing /home/airflow/.local/lib/python3.6/site-packages/airflow/example_dags/tutorial_etl_dag.py took 0.088 seconds
[2023-12-28 09:27:30,420] {processor.py:162} INFO - Started process (PID=3398) to work on /home/airflow/.local/lib/python3.6/site-packages/airflow/example_dags/tutorial_etl_dag.py
[2023-12-28 09:27:30,434] {processor.py:613} INFO - Processing file /home/airflow/.local/lib/python3.6/site-packages/airflow/example_dags/tutorial_etl_dag.py for tasks to queue
[2023-12-28 09:27:30,435] {logging_mixin.py:109} INFO - [2023-12-28 09:27:30,435] {dagbag.py:496} INFO - Filling up the DagBag from /home/airflow/.local/lib/python3.6/site-packages/airflow/example_dags/tutorial_etl_dag.py
[2023-12-28 09:27:30,445] {processor.py:623} INFO - DAG(s) dict_keys(['tutorial_etl_dag']) retrieved from /home/airflow/.local/lib/python3.6/site-packages/airflow/example_dags/tutorial_etl_dag.py
[2023-12-28 09:27:30,467] {logging_mixin.py:109} INFO - [2023-12-28 09:27:30,467] {dag.py:1834} INFO - Sync 1 DAGs
[2023-12-28 09:27:30,481] {logging_mixin.py:109} INFO - [2023-12-28 09:27:30,481] {dag.py:2287} INFO - Setting next_dagrun for tutorial_etl_dag to None
[2023-12-28 09:27:30,511] {processor.py:170} INFO - Processing /home/airflow/.local/lib/python3.6/site-packages/airflow/example_dags/tutorial_etl_dag.py took 0.094 seconds
[2023-12-28 09:28:01,085] {processor.py:162} INFO - Started process (PID=3596) to work on /home/airflow/.local/lib/python3.6/site-packages/airflow/example_dags/tutorial_etl_dag.py
[2023-12-28 09:28:01,086] {processor.py:613} INFO - Processing file /home/airflow/.local/lib/python3.6/site-packages/airflow/example_dags/tutorial_etl_dag.py for tasks to queue
[2023-12-28 09:28:01,087] {logging_mixin.py:109} INFO - [2023-12-28 09:28:01,087] {dagbag.py:496} INFO - Filling up the DagBag from /home/airflow/.local/lib/python3.6/site-packages/airflow/example_dags/tutorial_etl_dag.py
[2023-12-28 09:28:01,100] {processor.py:623} INFO - DAG(s) dict_keys(['tutorial_etl_dag']) retrieved from /home/airflow/.local/lib/python3.6/site-packages/airflow/example_dags/tutorial_etl_dag.py
[2023-12-28 09:28:01,127] {logging_mixin.py:109} INFO - [2023-12-28 09:28:01,127] {dag.py:1834} INFO - Sync 1 DAGs
[2023-12-28 09:28:01,143] {logging_mixin.py:109} INFO - [2023-12-28 09:28:01,143] {dag.py:2287} INFO - Setting next_dagrun for tutorial_etl_dag to None
[2023-12-28 09:28:01,156] {processor.py:170} INFO - Processing /home/airflow/.local/lib/python3.6/site-packages/airflow/example_dags/tutorial_etl_dag.py took 0.075 seconds
[2023-12-28 09:28:31,261] {processor.py:162} INFO - Started process (PID=3791) to work on /home/airflow/.local/lib/python3.6/site-packages/airflow/example_dags/tutorial_etl_dag.py
[2023-12-28 09:28:31,263] {processor.py:613} INFO - Processing file /home/airflow/.local/lib/python3.6/site-packages/airflow/example_dags/tutorial_etl_dag.py for tasks to queue
[2023-12-28 09:28:31,264] {logging_mixin.py:109} INFO - [2023-12-28 09:28:31,264] {dagbag.py:496} INFO - Filling up the DagBag from /home/airflow/.local/lib/python3.6/site-packages/airflow/example_dags/tutorial_etl_dag.py
[2023-12-28 09:28:31,278] {processor.py:623} INFO - DAG(s) dict_keys(['tutorial_etl_dag']) retrieved from /home/airflow/.local/lib/python3.6/site-packages/airflow/example_dags/tutorial_etl_dag.py
[2023-12-28 09:28:31,305] {logging_mixin.py:109} INFO - [2023-12-28 09:28:31,305] {dag.py:1834} INFO - Sync 1 DAGs
[2023-12-28 09:28:31,327] {logging_mixin.py:109} INFO - [2023-12-28 09:28:31,327] {dag.py:2287} INFO - Setting next_dagrun for tutorial_etl_dag to None
[2023-12-28 09:28:31,344] {processor.py:170} INFO - Processing /home/airflow/.local/lib/python3.6/site-packages/airflow/example_dags/tutorial_etl_dag.py took 0.087 seconds
[2023-12-28 09:29:01,675] {processor.py:162} INFO - Started process (PID=3996) to work on /home/airflow/.local/lib/python3.6/site-packages/airflow/example_dags/tutorial_etl_dag.py
[2023-12-28 09:29:01,676] {processor.py:613} INFO - Processing file /home/airflow/.local/lib/python3.6/site-packages/airflow/example_dags/tutorial_etl_dag.py for tasks to queue
[2023-12-28 09:29:01,677] {logging_mixin.py:109} INFO - [2023-12-28 09:29:01,677] {dagbag.py:496} INFO - Filling up the DagBag from /home/airflow/.local/lib/python3.6/site-packages/airflow/example_dags/tutorial_etl_dag.py
[2023-12-28 09:29:01,690] {processor.py:623} INFO - DAG(s) dict_keys(['tutorial_etl_dag']) retrieved from /home/airflow/.local/lib/python3.6/site-packages/airflow/example_dags/tutorial_etl_dag.py
[2023-12-28 09:29:01,720] {logging_mixin.py:109} INFO - [2023-12-28 09:29:01,720] {dag.py:1834} INFO - Sync 1 DAGs
[2023-12-28 09:29:01,741] {logging_mixin.py:109} INFO - [2023-12-28 09:29:01,741] {dag.py:2287} INFO - Setting next_dagrun for tutorial_etl_dag to None
[2023-12-28 09:29:01,759] {processor.py:170} INFO - Processing /home/airflow/.local/lib/python3.6/site-packages/airflow/example_dags/tutorial_etl_dag.py took 0.088 seconds
[2023-12-28 09:29:32,212] {processor.py:162} INFO - Started process (PID=4191) to work on /home/airflow/.local/lib/python3.6/site-packages/airflow/example_dags/tutorial_etl_dag.py
[2023-12-28 09:29:32,214] {processor.py:613} INFO - Processing file /home/airflow/.local/lib/python3.6/site-packages/airflow/example_dags/tutorial_etl_dag.py for tasks to queue
[2023-12-28 09:29:32,215] {logging_mixin.py:109} INFO - [2023-12-28 09:29:32,215] {dagbag.py:496} INFO - Filling up the DagBag from /home/airflow/.local/lib/python3.6/site-packages/airflow/example_dags/tutorial_etl_dag.py
[2023-12-28 09:29:32,229] {processor.py:623} INFO - DAG(s) dict_keys(['tutorial_etl_dag']) retrieved from /home/airflow/.local/lib/python3.6/site-packages/airflow/example_dags/tutorial_etl_dag.py
[2023-12-28 09:29:32,260] {logging_mixin.py:109} INFO - [2023-12-28 09:29:32,260] {dag.py:1834} INFO - Sync 1 DAGs
[2023-12-28 09:29:32,280] {logging_mixin.py:109} INFO - [2023-12-28 09:29:32,279] {dag.py:2287} INFO - Setting next_dagrun for tutorial_etl_dag to None
[2023-12-28 09:29:32,295] {processor.py:170} INFO - Processing /home/airflow/.local/lib/python3.6/site-packages/airflow/example_dags/tutorial_etl_dag.py took 0.086 seconds
[2023-12-28 09:30:02,392] {processor.py:162} INFO - Started process (PID=4395) to work on /home/airflow/.local/lib/python3.6/site-packages/airflow/example_dags/tutorial_etl_dag.py
[2023-12-28 09:30:02,393] {processor.py:613} INFO - Processing file /home/airflow/.local/lib/python3.6/site-packages/airflow/example_dags/tutorial_etl_dag.py for tasks to queue
[2023-12-28 09:30:02,394] {logging_mixin.py:109} INFO - [2023-12-28 09:30:02,394] {dagbag.py:496} INFO - Filling up the DagBag from /home/airflow/.local/lib/python3.6/site-packages/airflow/example_dags/tutorial_etl_dag.py
[2023-12-28 09:30:02,411] {processor.py:623} INFO - DAG(s) dict_keys(['tutorial_etl_dag']) retrieved from /home/airflow/.local/lib/python3.6/site-packages/airflow/example_dags/tutorial_etl_dag.py
[2023-12-28 09:30:02,442] {logging_mixin.py:109} INFO - [2023-12-28 09:30:02,442] {dag.py:1834} INFO - Sync 1 DAGs
[2023-12-28 09:30:02,457] {logging_mixin.py:109} INFO - [2023-12-28 09:30:02,457] {dag.py:2287} INFO - Setting next_dagrun for tutorial_etl_dag to None
[2023-12-28 09:30:02,471] {processor.py:170} INFO - Processing /home/airflow/.local/lib/python3.6/site-packages/airflow/example_dags/tutorial_etl_dag.py took 0.083 seconds
[2023-12-28 09:30:32,677] {processor.py:162} INFO - Started process (PID=4591) to work on /home/airflow/.local/lib/python3.6/site-packages/airflow/example_dags/tutorial_etl_dag.py
[2023-12-28 09:30:32,679] {processor.py:613} INFO - Processing file /home/airflow/.local/lib/python3.6/site-packages/airflow/example_dags/tutorial_etl_dag.py for tasks to queue
[2023-12-28 09:30:32,680] {logging_mixin.py:109} INFO - [2023-12-28 09:30:32,680] {dagbag.py:496} INFO - Filling up the DagBag from /home/airflow/.local/lib/python3.6/site-packages/airflow/example_dags/tutorial_etl_dag.py
[2023-12-28 09:30:32,696] {processor.py:623} INFO - DAG(s) dict_keys(['tutorial_etl_dag']) retrieved from /home/airflow/.local/lib/python3.6/site-packages/airflow/example_dags/tutorial_etl_dag.py
[2023-12-28 09:30:32,723] {logging_mixin.py:109} INFO - [2023-12-28 09:30:32,723] {dag.py:1834} INFO - Sync 1 DAGs
[2023-12-28 09:30:32,740] {logging_mixin.py:109} INFO - [2023-12-28 09:30:32,740] {dag.py:2287} INFO - Setting next_dagrun for tutorial_etl_dag to None
[2023-12-28 09:30:32,757] {processor.py:170} INFO - Processing /home/airflow/.local/lib/python3.6/site-packages/airflow/example_dags/tutorial_etl_dag.py took 0.084 seconds
[2023-12-28 09:31:03,239] {processor.py:162} INFO - Started process (PID=4786) to work on /home/airflow/.local/lib/python3.6/site-packages/airflow/example_dags/tutorial_etl_dag.py
[2023-12-28 09:31:03,241] {processor.py:613} INFO - Processing file /home/airflow/.local/lib/python3.6/site-packages/airflow/example_dags/tutorial_etl_dag.py for tasks to queue
[2023-12-28 09:31:03,242] {logging_mixin.py:109} INFO - [2023-12-28 09:31:03,241] {dagbag.py:496} INFO - Filling up the DagBag from /home/airflow/.local/lib/python3.6/site-packages/airflow/example_dags/tutorial_etl_dag.py
[2023-12-28 09:31:03,258] {processor.py:623} INFO - DAG(s) dict_keys(['tutorial_etl_dag']) retrieved from /home/airflow/.local/lib/python3.6/site-packages/airflow/example_dags/tutorial_etl_dag.py
[2023-12-28 09:31:03,285] {logging_mixin.py:109} INFO - [2023-12-28 09:31:03,285] {dag.py:1834} INFO - Sync 1 DAGs
[2023-12-28 09:31:03,304] {logging_mixin.py:109} INFO - [2023-12-28 09:31:03,303] {dag.py:2287} INFO - Setting next_dagrun for tutorial_etl_dag to None
[2023-12-28 09:31:03,324] {processor.py:170} INFO - Processing /home/airflow/.local/lib/python3.6/site-packages/airflow/example_dags/tutorial_etl_dag.py took 0.088 seconds
[2023-12-28 09:31:33,444] {processor.py:162} INFO - Started process (PID=4991) to work on /home/airflow/.local/lib/python3.6/site-packages/airflow/example_dags/tutorial_etl_dag.py
[2023-12-28 09:31:33,447] {processor.py:613} INFO - Processing file /home/airflow/.local/lib/python3.6/site-packages/airflow/example_dags/tutorial_etl_dag.py for tasks to queue
[2023-12-28 09:31:33,448] {logging_mixin.py:109} INFO - [2023-12-28 09:31:33,447] {dagbag.py:496} INFO - Filling up the DagBag from /home/airflow/.local/lib/python3.6/site-packages/airflow/example_dags/tutorial_etl_dag.py
[2023-12-28 09:31:33,465] {processor.py:623} INFO - DAG(s) dict_keys(['tutorial_etl_dag']) retrieved from /home/airflow/.local/lib/python3.6/site-packages/airflow/example_dags/tutorial_etl_dag.py
[2023-12-28 09:31:33,493] {logging_mixin.py:109} INFO - [2023-12-28 09:31:33,493] {dag.py:1834} INFO - Sync 1 DAGs
[2023-12-28 09:31:33,512] {logging_mixin.py:109} INFO - [2023-12-28 09:31:33,512] {dag.py:2287} INFO - Setting next_dagrun for tutorial_etl_dag to None
[2023-12-28 09:31:33,529] {processor.py:170} INFO - Processing /home/airflow/.local/lib/python3.6/site-packages/airflow/example_dags/tutorial_etl_dag.py took 0.089 seconds
[2023-12-28 09:32:03,627] {processor.py:162} INFO - Started process (PID=5186) to work on /home/airflow/.local/lib/python3.6/site-packages/airflow/example_dags/tutorial_etl_dag.py
[2023-12-28 09:32:03,628] {processor.py:613} INFO - Processing file /home/airflow/.local/lib/python3.6/site-packages/airflow/example_dags/tutorial_etl_dag.py for tasks to queue
[2023-12-28 09:32:03,629] {logging_mixin.py:109} INFO - [2023-12-28 09:32:03,629] {dagbag.py:496} INFO - Filling up the DagBag from /home/airflow/.local/lib/python3.6/site-packages/airflow/example_dags/tutorial_etl_dag.py
[2023-12-28 09:32:03,641] {processor.py:623} INFO - DAG(s) dict_keys(['tutorial_etl_dag']) retrieved from /home/airflow/.local/lib/python3.6/site-packages/airflow/example_dags/tutorial_etl_dag.py
[2023-12-28 09:32:03,664] {logging_mixin.py:109} INFO - [2023-12-28 09:32:03,664] {dag.py:1834} INFO - Sync 1 DAGs
[2023-12-28 09:32:03,678] {logging_mixin.py:109} INFO - [2023-12-28 09:32:03,678] {dag.py:2287} INFO - Setting next_dagrun for tutorial_etl_dag to None
[2023-12-28 09:32:03,690] {processor.py:170} INFO - Processing /home/airflow/.local/lib/python3.6/site-packages/airflow/example_dags/tutorial_etl_dag.py took 0.066 seconds
[2023-12-28 09:32:33,853] {processor.py:162} INFO - Started process (PID=5390) to work on /home/airflow/.local/lib/python3.6/site-packages/airflow/example_dags/tutorial_etl_dag.py
[2023-12-28 09:32:33,855] {processor.py:613} INFO - Processing file /home/airflow/.local/lib/python3.6/site-packages/airflow/example_dags/tutorial_etl_dag.py for tasks to queue
[2023-12-28 09:32:33,856] {logging_mixin.py:109} INFO - [2023-12-28 09:32:33,856] {dagbag.py:496} INFO - Filling up the DagBag from /home/airflow/.local/lib/python3.6/site-packages/airflow/example_dags/tutorial_etl_dag.py
[2023-12-28 09:32:33,874] {processor.py:623} INFO - DAG(s) dict_keys(['tutorial_etl_dag']) retrieved from /home/airflow/.local/lib/python3.6/site-packages/airflow/example_dags/tutorial_etl_dag.py
[2023-12-28 09:32:33,905] {logging_mixin.py:109} INFO - [2023-12-28 09:32:33,905] {dag.py:1834} INFO - Sync 1 DAGs
[2023-12-28 09:32:33,925] {logging_mixin.py:109} INFO - [2023-12-28 09:32:33,925] {dag.py:2287} INFO - Setting next_dagrun for tutorial_etl_dag to None
[2023-12-28 09:32:33,945] {processor.py:170} INFO - Processing /home/airflow/.local/lib/python3.6/site-packages/airflow/example_dags/tutorial_etl_dag.py took 0.095 seconds
[2023-12-28 09:33:04,147] {processor.py:162} INFO - Started process (PID=5586) to work on /home/airflow/.local/lib/python3.6/site-packages/airflow/example_dags/tutorial_etl_dag.py
[2023-12-28 09:33:04,149] {processor.py:613} INFO - Processing file /home/airflow/.local/lib/python3.6/site-packages/airflow/example_dags/tutorial_etl_dag.py for tasks to queue
[2023-12-28 09:33:04,150] {logging_mixin.py:109} INFO - [2023-12-28 09:33:04,150] {dagbag.py:496} INFO - Filling up the DagBag from /home/airflow/.local/lib/python3.6/site-packages/airflow/example_dags/tutorial_etl_dag.py
[2023-12-28 09:33:04,168] {processor.py:623} INFO - DAG(s) dict_keys(['tutorial_etl_dag']) retrieved from /home/airflow/.local/lib/python3.6/site-packages/airflow/example_dags/tutorial_etl_dag.py
[2023-12-28 09:33:04,195] {logging_mixin.py:109} INFO - [2023-12-28 09:33:04,195] {dag.py:1834} INFO - Sync 1 DAGs
[2023-12-28 09:33:04,213] {logging_mixin.py:109} INFO - [2023-12-28 09:33:04,213] {dag.py:2287} INFO - Setting next_dagrun for tutorial_etl_dag to None
[2023-12-28 09:33:04,228] {processor.py:170} INFO - Processing /home/airflow/.local/lib/python3.6/site-packages/airflow/example_dags/tutorial_etl_dag.py took 0.084 seconds
[2023-12-28 09:33:34,489] {processor.py:162} INFO - Started process (PID=5783) to work on /home/airflow/.local/lib/python3.6/site-packages/airflow/example_dags/tutorial_etl_dag.py
[2023-12-28 09:33:34,491] {processor.py:613} INFO - Processing file /home/airflow/.local/lib/python3.6/site-packages/airflow/example_dags/tutorial_etl_dag.py for tasks to queue
[2023-12-28 09:33:34,493] {logging_mixin.py:109} INFO - [2023-12-28 09:33:34,492] {dagbag.py:496} INFO - Filling up the DagBag from /home/airflow/.local/lib/python3.6/site-packages/airflow/example_dags/tutorial_etl_dag.py
[2023-12-28 09:33:34,509] {processor.py:623} INFO - DAG(s) dict_keys(['tutorial_etl_dag']) retrieved from /home/airflow/.local/lib/python3.6/site-packages/airflow/example_dags/tutorial_etl_dag.py
[2023-12-28 09:33:34,538] {logging_mixin.py:109} INFO - [2023-12-28 09:33:34,537] {dag.py:1834} INFO - Sync 1 DAGs
[2023-12-28 09:33:34,557] {logging_mixin.py:109} INFO - [2023-12-28 09:33:34,557] {dag.py:2287} INFO - Setting next_dagrun for tutorial_etl_dag to None
[2023-12-28 09:33:34,575] {processor.py:170} INFO - Processing /home/airflow/.local/lib/python3.6/site-packages/airflow/example_dags/tutorial_etl_dag.py took 0.089 seconds
[2023-12-28 09:34:04,793] {processor.py:162} INFO - Started process (PID=5988) to work on /home/airflow/.local/lib/python3.6/site-packages/airflow/example_dags/tutorial_etl_dag.py
[2023-12-28 09:34:04,795] {processor.py:613} INFO - Processing file /home/airflow/.local/lib/python3.6/site-packages/airflow/example_dags/tutorial_etl_dag.py for tasks to queue
[2023-12-28 09:34:04,796] {logging_mixin.py:109} INFO - [2023-12-28 09:34:04,796] {dagbag.py:496} INFO - Filling up the DagBag from /home/airflow/.local/lib/python3.6/site-packages/airflow/example_dags/tutorial_etl_dag.py
[2023-12-28 09:34:04,821] {processor.py:623} INFO - DAG(s) dict_keys(['tutorial_etl_dag']) retrieved from /home/airflow/.local/lib/python3.6/site-packages/airflow/example_dags/tutorial_etl_dag.py
[2023-12-28 09:34:04,872] {logging_mixin.py:109} INFO - [2023-12-28 09:34:04,872] {dag.py:1834} INFO - Sync 1 DAGs
[2023-12-28 09:34:04,899] {logging_mixin.py:109} INFO - [2023-12-28 09:34:04,899] {dag.py:2287} INFO - Setting next_dagrun for tutorial_etl_dag to None
[2023-12-28 09:34:04,920] {processor.py:170} INFO - Processing /home/airflow/.local/lib/python3.6/site-packages/airflow/example_dags/tutorial_etl_dag.py took 0.132 seconds
[2023-12-28 09:34:35,935] {processor.py:162} INFO - Started process (PID=6183) to work on /home/airflow/.local/lib/python3.6/site-packages/airflow/example_dags/tutorial_etl_dag.py
[2023-12-28 09:34:35,936] {processor.py:613} INFO - Processing file /home/airflow/.local/lib/python3.6/site-packages/airflow/example_dags/tutorial_etl_dag.py for tasks to queue
[2023-12-28 09:34:35,937] {logging_mixin.py:109} INFO - [2023-12-28 09:34:35,937] {dagbag.py:496} INFO - Filling up the DagBag from /home/airflow/.local/lib/python3.6/site-packages/airflow/example_dags/tutorial_etl_dag.py
[2023-12-28 09:34:35,950] {processor.py:623} INFO - DAG(s) dict_keys(['tutorial_etl_dag']) retrieved from /home/airflow/.local/lib/python3.6/site-packages/airflow/example_dags/tutorial_etl_dag.py
[2023-12-28 09:34:35,975] {logging_mixin.py:109} INFO - [2023-12-28 09:34:35,975] {dag.py:1834} INFO - Sync 1 DAGs
[2023-12-28 09:34:35,991] {logging_mixin.py:109} INFO - [2023-12-28 09:34:35,991] {dag.py:2287} INFO - Setting next_dagrun for tutorial_etl_dag to None
[2023-12-28 09:34:36,006] {processor.py:170} INFO - Processing /home/airflow/.local/lib/python3.6/site-packages/airflow/example_dags/tutorial_etl_dag.py took 0.074 seconds
[2023-12-28 09:35:06,053] {processor.py:162} INFO - Started process (PID=6388) to work on /home/airflow/.local/lib/python3.6/site-packages/airflow/example_dags/tutorial_etl_dag.py
[2023-12-28 09:35:06,054] {processor.py:613} INFO - Processing file /home/airflow/.local/lib/python3.6/site-packages/airflow/example_dags/tutorial_etl_dag.py for tasks to queue
[2023-12-28 09:35:06,055] {logging_mixin.py:109} INFO - [2023-12-28 09:35:06,055] {dagbag.py:496} INFO - Filling up the DagBag from /home/airflow/.local/lib/python3.6/site-packages/airflow/example_dags/tutorial_etl_dag.py
[2023-12-28 09:35:06,070] {processor.py:623} INFO - DAG(s) dict_keys(['tutorial_etl_dag']) retrieved from /home/airflow/.local/lib/python3.6/site-packages/airflow/example_dags/tutorial_etl_dag.py
[2023-12-28 09:35:06,094] {logging_mixin.py:109} INFO - [2023-12-28 09:35:06,094] {dag.py:1834} INFO - Sync 1 DAGs
[2023-12-28 09:35:06,108] {logging_mixin.py:109} INFO - [2023-12-28 09:35:06,108] {dag.py:2287} INFO - Setting next_dagrun for tutorial_etl_dag to None
[2023-12-28 09:35:06,123] {processor.py:170} INFO - Processing /home/airflow/.local/lib/python3.6/site-packages/airflow/example_dags/tutorial_etl_dag.py took 0.072 seconds
[2023-12-28 09:35:36,247] {processor.py:162} INFO - Started process (PID=6583) to work on /home/airflow/.local/lib/python3.6/site-packages/airflow/example_dags/tutorial_etl_dag.py
[2023-12-28 09:35:36,248] {processor.py:613} INFO - Processing file /home/airflow/.local/lib/python3.6/site-packages/airflow/example_dags/tutorial_etl_dag.py for tasks to queue
[2023-12-28 09:35:36,249] {logging_mixin.py:109} INFO - [2023-12-28 09:35:36,249] {dagbag.py:496} INFO - Filling up the DagBag from /home/airflow/.local/lib/python3.6/site-packages/airflow/example_dags/tutorial_etl_dag.py
[2023-12-28 09:35:36,262] {processor.py:623} INFO - DAG(s) dict_keys(['tutorial_etl_dag']) retrieved from /home/airflow/.local/lib/python3.6/site-packages/airflow/example_dags/tutorial_etl_dag.py
[2023-12-28 09:35:36,286] {logging_mixin.py:109} INFO - [2023-12-28 09:35:36,286] {dag.py:1834} INFO - Sync 1 DAGs
[2023-12-28 09:35:36,302] {logging_mixin.py:109} INFO - [2023-12-28 09:35:36,302] {dag.py:2287} INFO - Setting next_dagrun for tutorial_etl_dag to None
[2023-12-28 09:35:36,319] {processor.py:170} INFO - Processing /home/airflow/.local/lib/python3.6/site-packages/airflow/example_dags/tutorial_etl_dag.py took 0.075 seconds
[2023-12-28 09:36:06,375] {processor.py:162} INFO - Started process (PID=6785) to work on /home/airflow/.local/lib/python3.6/site-packages/airflow/example_dags/tutorial_etl_dag.py
[2023-12-28 09:36:06,376] {processor.py:613} INFO - Processing file /home/airflow/.local/lib/python3.6/site-packages/airflow/example_dags/tutorial_etl_dag.py for tasks to queue
[2023-12-28 09:36:06,377] {logging_mixin.py:109} INFO - [2023-12-28 09:36:06,377] {dagbag.py:496} INFO - Filling up the DagBag from /home/airflow/.local/lib/python3.6/site-packages/airflow/example_dags/tutorial_etl_dag.py
[2023-12-28 09:36:06,391] {processor.py:623} INFO - DAG(s) dict_keys(['tutorial_etl_dag']) retrieved from /home/airflow/.local/lib/python3.6/site-packages/airflow/example_dags/tutorial_etl_dag.py
[2023-12-28 09:36:06,416] {logging_mixin.py:109} INFO - [2023-12-28 09:36:06,415] {dag.py:1834} INFO - Sync 1 DAGs
[2023-12-28 09:36:06,431] {logging_mixin.py:109} INFO - [2023-12-28 09:36:06,430] {dag.py:2287} INFO - Setting next_dagrun for tutorial_etl_dag to None
[2023-12-28 09:36:06,444] {processor.py:170} INFO - Processing /home/airflow/.local/lib/python3.6/site-packages/airflow/example_dags/tutorial_etl_dag.py took 0.072 seconds
[2023-12-28 09:36:36,664] {processor.py:162} INFO - Started process (PID=6983) to work on /home/airflow/.local/lib/python3.6/site-packages/airflow/example_dags/tutorial_etl_dag.py
[2023-12-28 09:36:36,667] {processor.py:613} INFO - Processing file /home/airflow/.local/lib/python3.6/site-packages/airflow/example_dags/tutorial_etl_dag.py for tasks to queue
[2023-12-28 09:36:36,667] {logging_mixin.py:109} INFO - [2023-12-28 09:36:36,667] {dagbag.py:496} INFO - Filling up the DagBag from /home/airflow/.local/lib/python3.6/site-packages/airflow/example_dags/tutorial_etl_dag.py
[2023-12-28 09:36:36,680] {processor.py:623} INFO - DAG(s) dict_keys(['tutorial_etl_dag']) retrieved from /home/airflow/.local/lib/python3.6/site-packages/airflow/example_dags/tutorial_etl_dag.py
[2023-12-28 09:36:36,705] {logging_mixin.py:109} INFO - [2023-12-28 09:36:36,705] {dag.py:1834} INFO - Sync 1 DAGs
[2023-12-28 09:36:36,721] {logging_mixin.py:109} INFO - [2023-12-28 09:36:36,721] {dag.py:2287} INFO - Setting next_dagrun for tutorial_etl_dag to None
[2023-12-28 09:36:36,737] {processor.py:170} INFO - Processing /home/airflow/.local/lib/python3.6/site-packages/airflow/example_dags/tutorial_etl_dag.py took 0.075 seconds
[2023-12-28 09:37:07,321] {processor.py:162} INFO - Started process (PID=7178) to work on /home/airflow/.local/lib/python3.6/site-packages/airflow/example_dags/tutorial_etl_dag.py
[2023-12-28 09:37:07,322] {processor.py:613} INFO - Processing file /home/airflow/.local/lib/python3.6/site-packages/airflow/example_dags/tutorial_etl_dag.py for tasks to queue
[2023-12-28 09:37:07,323] {logging_mixin.py:109} INFO - [2023-12-28 09:37:07,323] {dagbag.py:496} INFO - Filling up the DagBag from /home/airflow/.local/lib/python3.6/site-packages/airflow/example_dags/tutorial_etl_dag.py
[2023-12-28 09:37:07,336] {processor.py:623} INFO - DAG(s) dict_keys(['tutorial_etl_dag']) retrieved from /home/airflow/.local/lib/python3.6/site-packages/airflow/example_dags/tutorial_etl_dag.py
[2023-12-28 09:37:07,359] {logging_mixin.py:109} INFO - [2023-12-28 09:37:07,359] {dag.py:1834} INFO - Sync 1 DAGs
[2023-12-28 09:37:07,374] {logging_mixin.py:109} INFO - [2023-12-28 09:37:07,374] {dag.py:2287} INFO - Setting next_dagrun for tutorial_etl_dag to None
[2023-12-28 09:37:07,388] {processor.py:170} INFO - Processing /home/airflow/.local/lib/python3.6/site-packages/airflow/example_dags/tutorial_etl_dag.py took 0.070 seconds
[2023-12-28 09:37:37,689] {processor.py:162} INFO - Started process (PID=7382) to work on /home/airflow/.local/lib/python3.6/site-packages/airflow/example_dags/tutorial_etl_dag.py
[2023-12-28 09:37:37,691] {processor.py:613} INFO - Processing file /home/airflow/.local/lib/python3.6/site-packages/airflow/example_dags/tutorial_etl_dag.py for tasks to queue
[2023-12-28 09:37:37,692] {logging_mixin.py:109} INFO - [2023-12-28 09:37:37,692] {dagbag.py:496} INFO - Filling up the DagBag from /home/airflow/.local/lib/python3.6/site-packages/airflow/example_dags/tutorial_etl_dag.py
[2023-12-28 09:37:37,718] {processor.py:623} INFO - DAG(s) dict_keys(['tutorial_etl_dag']) retrieved from /home/airflow/.local/lib/python3.6/site-packages/airflow/example_dags/tutorial_etl_dag.py
[2023-12-28 09:37:37,769] {logging_mixin.py:109} INFO - [2023-12-28 09:37:37,769] {dag.py:1834} INFO - Sync 1 DAGs
[2023-12-28 09:37:37,800] {logging_mixin.py:109} INFO - [2023-12-28 09:37:37,800] {dag.py:2287} INFO - Setting next_dagrun for tutorial_etl_dag to None
[2023-12-28 09:37:37,827] {processor.py:170} INFO - Processing /home/airflow/.local/lib/python3.6/site-packages/airflow/example_dags/tutorial_etl_dag.py took 0.141 seconds
[2023-12-28 09:38:07,898] {processor.py:162} INFO - Started process (PID=7578) to work on /home/airflow/.local/lib/python3.6/site-packages/airflow/example_dags/tutorial_etl_dag.py
[2023-12-28 09:38:07,899] {processor.py:613} INFO - Processing file /home/airflow/.local/lib/python3.6/site-packages/airflow/example_dags/tutorial_etl_dag.py for tasks to queue
[2023-12-28 09:38:07,899] {logging_mixin.py:109} INFO - [2023-12-28 09:38:07,899] {dagbag.py:496} INFO - Filling up the DagBag from /home/airflow/.local/lib/python3.6/site-packages/airflow/example_dags/tutorial_etl_dag.py
[2023-12-28 09:38:07,912] {processor.py:623} INFO - DAG(s) dict_keys(['tutorial_etl_dag']) retrieved from /home/airflow/.local/lib/python3.6/site-packages/airflow/example_dags/tutorial_etl_dag.py
[2023-12-28 09:38:07,936] {logging_mixin.py:109} INFO - [2023-12-28 09:38:07,935] {dag.py:1834} INFO - Sync 1 DAGs
[2023-12-28 09:38:07,950] {logging_mixin.py:109} INFO - [2023-12-28 09:38:07,950] {dag.py:2287} INFO - Setting next_dagrun for tutorial_etl_dag to None
[2023-12-28 09:38:07,963] {processor.py:170} INFO - Processing /home/airflow/.local/lib/python3.6/site-packages/airflow/example_dags/tutorial_etl_dag.py took 0.069 seconds
[2023-12-28 09:38:38,242] {processor.py:162} INFO - Started process (PID=7773) to work on /home/airflow/.local/lib/python3.6/site-packages/airflow/example_dags/tutorial_etl_dag.py
[2023-12-28 09:38:38,255] {processor.py:613} INFO - Processing file /home/airflow/.local/lib/python3.6/site-packages/airflow/example_dags/tutorial_etl_dag.py for tasks to queue
[2023-12-28 09:38:38,255] {logging_mixin.py:109} INFO - [2023-12-28 09:38:38,255] {dagbag.py:496} INFO - Filling up the DagBag from /home/airflow/.local/lib/python3.6/site-packages/airflow/example_dags/tutorial_etl_dag.py
[2023-12-28 09:38:38,267] {processor.py:623} INFO - DAG(s) dict_keys(['tutorial_etl_dag']) retrieved from /home/airflow/.local/lib/python3.6/site-packages/airflow/example_dags/tutorial_etl_dag.py
[2023-12-28 09:38:38,292] {logging_mixin.py:109} INFO - [2023-12-28 09:38:38,292] {dag.py:1834} INFO - Sync 1 DAGs
[2023-12-28 09:38:38,307] {logging_mixin.py:109} INFO - [2023-12-28 09:38:38,307] {dag.py:2287} INFO - Setting next_dagrun for tutorial_etl_dag to None
[2023-12-28 09:38:38,321] {processor.py:170} INFO - Processing /home/airflow/.local/lib/python3.6/site-packages/airflow/example_dags/tutorial_etl_dag.py took 0.082 seconds
[2023-12-28 09:39:08,770] {processor.py:162} INFO - Started process (PID=7978) to work on /home/airflow/.local/lib/python3.6/site-packages/airflow/example_dags/tutorial_etl_dag.py
[2023-12-28 09:39:08,775] {processor.py:613} INFO - Processing file /home/airflow/.local/lib/python3.6/site-packages/airflow/example_dags/tutorial_etl_dag.py for tasks to queue
[2023-12-28 09:39:08,775] {logging_mixin.py:109} INFO - [2023-12-28 09:39:08,775] {dagbag.py:496} INFO - Filling up the DagBag from /home/airflow/.local/lib/python3.6/site-packages/airflow/example_dags/tutorial_etl_dag.py
[2023-12-28 09:39:08,786] {processor.py:623} INFO - DAG(s) dict_keys(['tutorial_etl_dag']) retrieved from /home/airflow/.local/lib/python3.6/site-packages/airflow/example_dags/tutorial_etl_dag.py
[2023-12-28 09:39:08,808] {logging_mixin.py:109} INFO - [2023-12-28 09:39:08,808] {dag.py:1834} INFO - Sync 1 DAGs
[2023-12-28 09:39:08,823] {logging_mixin.py:109} INFO - [2023-12-28 09:39:08,822] {dag.py:2287} INFO - Setting next_dagrun for tutorial_etl_dag to None
[2023-12-28 09:39:08,835] {processor.py:170} INFO - Processing /home/airflow/.local/lib/python3.6/site-packages/airflow/example_dags/tutorial_etl_dag.py took 0.069 seconds
[2023-12-28 09:39:39,752] {processor.py:162} INFO - Started process (PID=8173) to work on /home/airflow/.local/lib/python3.6/site-packages/airflow/example_dags/tutorial_etl_dag.py
[2023-12-28 09:39:39,753] {processor.py:613} INFO - Processing file /home/airflow/.local/lib/python3.6/site-packages/airflow/example_dags/tutorial_etl_dag.py for tasks to queue
[2023-12-28 09:39:39,754] {logging_mixin.py:109} INFO - [2023-12-28 09:39:39,754] {dagbag.py:496} INFO - Filling up the DagBag from /home/airflow/.local/lib/python3.6/site-packages/airflow/example_dags/tutorial_etl_dag.py
[2023-12-28 09:39:39,765] {processor.py:623} INFO - DAG(s) dict_keys(['tutorial_etl_dag']) retrieved from /home/airflow/.local/lib/python3.6/site-packages/airflow/example_dags/tutorial_etl_dag.py
[2023-12-28 09:39:39,786] {logging_mixin.py:109} INFO - [2023-12-28 09:39:39,786] {dag.py:1834} INFO - Sync 1 DAGs
[2023-12-28 09:39:39,799] {logging_mixin.py:109} INFO - [2023-12-28 09:39:39,799] {dag.py:2287} INFO - Setting next_dagrun for tutorial_etl_dag to None
[2023-12-28 09:39:39,812] {processor.py:170} INFO - Processing /home/airflow/.local/lib/python3.6/site-packages/airflow/example_dags/tutorial_etl_dag.py took 0.062 seconds
[2023-12-28 09:40:09,979] {processor.py:162} INFO - Started process (PID=8378) to work on /home/airflow/.local/lib/python3.6/site-packages/airflow/example_dags/tutorial_etl_dag.py
[2023-12-28 09:40:09,981] {processor.py:613} INFO - Processing file /home/airflow/.local/lib/python3.6/site-packages/airflow/example_dags/tutorial_etl_dag.py for tasks to queue
[2023-12-28 09:40:09,982] {logging_mixin.py:109} INFO - [2023-12-28 09:40:09,981] {dagbag.py:496} INFO - Filling up the DagBag from /home/airflow/.local/lib/python3.6/site-packages/airflow/example_dags/tutorial_etl_dag.py
[2023-12-28 09:40:09,994] {processor.py:623} INFO - DAG(s) dict_keys(['tutorial_etl_dag']) retrieved from /home/airflow/.local/lib/python3.6/site-packages/airflow/example_dags/tutorial_etl_dag.py
[2023-12-28 09:40:10,019] {logging_mixin.py:109} INFO - [2023-12-28 09:40:10,019] {dag.py:1834} INFO - Sync 1 DAGs
[2023-12-28 09:40:10,033] {logging_mixin.py:109} INFO - [2023-12-28 09:40:10,033] {dag.py:2287} INFO - Setting next_dagrun for tutorial_etl_dag to None
[2023-12-28 09:40:10,047] {processor.py:170} INFO - Processing /home/airflow/.local/lib/python3.6/site-packages/airflow/example_dags/tutorial_etl_dag.py took 0.070 seconds
[2023-12-28 09:40:40,340] {processor.py:162} INFO - Started process (PID=8573) to work on /home/airflow/.local/lib/python3.6/site-packages/airflow/example_dags/tutorial_etl_dag.py
[2023-12-28 09:40:40,343] {processor.py:613} INFO - Processing file /home/airflow/.local/lib/python3.6/site-packages/airflow/example_dags/tutorial_etl_dag.py for tasks to queue
[2023-12-28 09:40:40,345] {logging_mixin.py:109} INFO - [2023-12-28 09:40:40,344] {dagbag.py:496} INFO - Filling up the DagBag from /home/airflow/.local/lib/python3.6/site-packages/airflow/example_dags/tutorial_etl_dag.py
[2023-12-28 09:40:40,362] {processor.py:623} INFO - DAG(s) dict_keys(['tutorial_etl_dag']) retrieved from /home/airflow/.local/lib/python3.6/site-packages/airflow/example_dags/tutorial_etl_dag.py
[2023-12-28 09:40:40,405] {logging_mixin.py:109} INFO - [2023-12-28 09:40:40,405] {dag.py:1834} INFO - Sync 1 DAGs
[2023-12-28 09:40:40,439] {logging_mixin.py:109} INFO - [2023-12-28 09:40:40,439] {dag.py:2287} INFO - Setting next_dagrun for tutorial_etl_dag to None
[2023-12-28 09:40:40,497] {processor.py:170} INFO - Processing /home/airflow/.local/lib/python3.6/site-packages/airflow/example_dags/tutorial_etl_dag.py took 0.162 seconds
