[2023-12-28 09:19:22,999] {processor.py:162} INFO - Started process (PID=258) to work on /home/airflow/.local/lib/python3.6/site-packages/airflow/example_dags/tutorial.py
[2023-12-28 09:19:23,000] {processor.py:613} INFO - Processing file /home/airflow/.local/lib/python3.6/site-packages/airflow/example_dags/tutorial.py for tasks to queue
[2023-12-28 09:19:23,001] {logging_mixin.py:109} INFO - [2023-12-28 09:19:23,001] {dagbag.py:496} INFO - Filling up the DagBag from /home/airflow/.local/lib/python3.6/site-packages/airflow/example_dags/tutorial.py
[2023-12-28 09:19:23,012] {processor.py:623} INFO - DAG(s) dict_keys(['tutorial']) retrieved from /home/airflow/.local/lib/python3.6/site-packages/airflow/example_dags/tutorial.py
[2023-12-28 09:19:23,243] {logging_mixin.py:109} INFO - [2023-12-28 09:19:23,243] {dag.py:1834} INFO - Sync 1 DAGs
[2023-12-28 09:19:23,257] {logging_mixin.py:109} INFO - [2023-12-28 09:19:23,257] {dag.py:2287} INFO - Setting next_dagrun for tutorial to 2023-12-26 00:00:00+00:00
[2023-12-28 09:19:23,273] {processor.py:170} INFO - Processing /home/airflow/.local/lib/python3.6/site-packages/airflow/example_dags/tutorial.py took 0.277 seconds
[2023-12-28 09:19:53,697] {processor.py:162} INFO - Started process (PID=451) to work on /home/airflow/.local/lib/python3.6/site-packages/airflow/example_dags/tutorial.py
[2023-12-28 09:19:53,703] {processor.py:613} INFO - Processing file /home/airflow/.local/lib/python3.6/site-packages/airflow/example_dags/tutorial.py for tasks to queue
[2023-12-28 09:19:53,707] {logging_mixin.py:109} INFO - [2023-12-28 09:19:53,706] {dagbag.py:496} INFO - Filling up the DagBag from /home/airflow/.local/lib/python3.6/site-packages/airflow/example_dags/tutorial.py
[2023-12-28 09:19:53,754] {processor.py:623} INFO - DAG(s) dict_keys(['tutorial']) retrieved from /home/airflow/.local/lib/python3.6/site-packages/airflow/example_dags/tutorial.py
[2023-12-28 09:19:53,847] {logging_mixin.py:109} INFO - [2023-12-28 09:19:53,846] {dag.py:1834} INFO - Sync 1 DAGs
[2023-12-28 09:19:53,892] {logging_mixin.py:109} INFO - [2023-12-28 09:19:53,891] {dag.py:2287} INFO - Setting next_dagrun for tutorial to 2023-12-26 00:00:00+00:00
[2023-12-28 09:19:53,910] {processor.py:170} INFO - Processing /home/airflow/.local/lib/python3.6/site-packages/airflow/example_dags/tutorial.py took 0.222 seconds
[2023-12-28 09:20:24,662] {processor.py:162} INFO - Started process (PID=656) to work on /home/airflow/.local/lib/python3.6/site-packages/airflow/example_dags/tutorial.py
[2023-12-28 09:20:24,663] {processor.py:613} INFO - Processing file /home/airflow/.local/lib/python3.6/site-packages/airflow/example_dags/tutorial.py for tasks to queue
[2023-12-28 09:20:24,664] {logging_mixin.py:109} INFO - [2023-12-28 09:20:24,664] {dagbag.py:496} INFO - Filling up the DagBag from /home/airflow/.local/lib/python3.6/site-packages/airflow/example_dags/tutorial.py
[2023-12-28 09:20:24,677] {processor.py:623} INFO - DAG(s) dict_keys(['tutorial']) retrieved from /home/airflow/.local/lib/python3.6/site-packages/airflow/example_dags/tutorial.py
[2023-12-28 09:20:24,702] {logging_mixin.py:109} INFO - [2023-12-28 09:20:24,702] {dag.py:1834} INFO - Sync 1 DAGs
[2023-12-28 09:20:24,716] {logging_mixin.py:109} INFO - [2023-12-28 09:20:24,716] {dag.py:2287} INFO - Setting next_dagrun for tutorial to 2023-12-26 00:00:00+00:00
[2023-12-28 09:20:24,731] {processor.py:170} INFO - Processing /home/airflow/.local/lib/python3.6/site-packages/airflow/example_dags/tutorial.py took 0.072 seconds
[2023-12-28 09:20:55,084] {processor.py:162} INFO - Started process (PID=846) to work on /home/airflow/.local/lib/python3.6/site-packages/airflow/example_dags/tutorial.py
[2023-12-28 09:20:55,087] {processor.py:613} INFO - Processing file /home/airflow/.local/lib/python3.6/site-packages/airflow/example_dags/tutorial.py for tasks to queue
[2023-12-28 09:20:55,088] {logging_mixin.py:109} INFO - [2023-12-28 09:20:55,087] {dagbag.py:496} INFO - Filling up the DagBag from /home/airflow/.local/lib/python3.6/site-packages/airflow/example_dags/tutorial.py
[2023-12-28 09:20:55,105] {processor.py:623} INFO - DAG(s) dict_keys(['tutorial']) retrieved from /home/airflow/.local/lib/python3.6/site-packages/airflow/example_dags/tutorial.py
[2023-12-28 09:20:55,144] {logging_mixin.py:109} INFO - [2023-12-28 09:20:55,143] {dag.py:1834} INFO - Sync 1 DAGs
[2023-12-28 09:20:55,163] {logging_mixin.py:109} INFO - [2023-12-28 09:20:55,163] {dag.py:2287} INFO - Setting next_dagrun for tutorial to 2023-12-26 00:00:00+00:00
[2023-12-28 09:20:55,180] {processor.py:170} INFO - Processing /home/airflow/.local/lib/python3.6/site-packages/airflow/example_dags/tutorial.py took 0.101 seconds
[2023-12-28 09:21:26,031] {processor.py:162} INFO - Started process (PID=1053) to work on /home/airflow/.local/lib/python3.6/site-packages/airflow/example_dags/tutorial.py
[2023-12-28 09:21:26,032] {processor.py:613} INFO - Processing file /home/airflow/.local/lib/python3.6/site-packages/airflow/example_dags/tutorial.py for tasks to queue
[2023-12-28 09:21:26,033] {logging_mixin.py:109} INFO - [2023-12-28 09:21:26,033] {dagbag.py:496} INFO - Filling up the DagBag from /home/airflow/.local/lib/python3.6/site-packages/airflow/example_dags/tutorial.py
[2023-12-28 09:21:26,045] {processor.py:623} INFO - DAG(s) dict_keys(['tutorial']) retrieved from /home/airflow/.local/lib/python3.6/site-packages/airflow/example_dags/tutorial.py
[2023-12-28 09:21:26,069] {logging_mixin.py:109} INFO - [2023-12-28 09:21:26,069] {dag.py:1834} INFO - Sync 1 DAGs
[2023-12-28 09:21:26,085] {logging_mixin.py:109} INFO - [2023-12-28 09:21:26,085] {dag.py:2287} INFO - Setting next_dagrun for tutorial to 2023-12-26 00:00:00+00:00
[2023-12-28 09:21:26,097] {processor.py:170} INFO - Processing /home/airflow/.local/lib/python3.6/site-packages/airflow/example_dags/tutorial.py took 0.068 seconds
[2023-12-28 09:21:56,923] {processor.py:162} INFO - Started process (PID=1251) to work on /home/airflow/.local/lib/python3.6/site-packages/airflow/example_dags/tutorial.py
[2023-12-28 09:21:56,925] {processor.py:613} INFO - Processing file /home/airflow/.local/lib/python3.6/site-packages/airflow/example_dags/tutorial.py for tasks to queue
[2023-12-28 09:21:56,926] {logging_mixin.py:109} INFO - [2023-12-28 09:21:56,926] {dagbag.py:496} INFO - Filling up the DagBag from /home/airflow/.local/lib/python3.6/site-packages/airflow/example_dags/tutorial.py
[2023-12-28 09:21:56,939] {processor.py:623} INFO - DAG(s) dict_keys(['tutorial']) retrieved from /home/airflow/.local/lib/python3.6/site-packages/airflow/example_dags/tutorial.py
[2023-12-28 09:21:56,967] {logging_mixin.py:109} INFO - [2023-12-28 09:21:56,967] {dag.py:1834} INFO - Sync 1 DAGs
[2023-12-28 09:21:56,986] {logging_mixin.py:109} INFO - [2023-12-28 09:21:56,986] {dag.py:2287} INFO - Setting next_dagrun for tutorial to 2023-12-26 00:00:00+00:00
[2023-12-28 09:21:57,003] {processor.py:170} INFO - Processing /home/airflow/.local/lib/python3.6/site-packages/airflow/example_dags/tutorial.py took 0.083 seconds
[2023-12-28 09:22:27,309] {processor.py:162} INFO - Started process (PID=1430) to work on /home/airflow/.local/lib/python3.6/site-packages/airflow/example_dags/tutorial.py
[2023-12-28 09:22:27,311] {processor.py:613} INFO - Processing file /home/airflow/.local/lib/python3.6/site-packages/airflow/example_dags/tutorial.py for tasks to queue
[2023-12-28 09:22:27,312] {logging_mixin.py:109} INFO - [2023-12-28 09:22:27,311] {dagbag.py:496} INFO - Filling up the DagBag from /home/airflow/.local/lib/python3.6/site-packages/airflow/example_dags/tutorial.py
[2023-12-28 09:22:27,323] {processor.py:623} INFO - DAG(s) dict_keys(['tutorial']) retrieved from /home/airflow/.local/lib/python3.6/site-packages/airflow/example_dags/tutorial.py
[2023-12-28 09:22:27,350] {logging_mixin.py:109} INFO - [2023-12-28 09:22:27,350] {dag.py:1834} INFO - Sync 1 DAGs
[2023-12-28 09:22:27,375] {logging_mixin.py:109} INFO - [2023-12-28 09:22:27,375] {dag.py:2287} INFO - Setting next_dagrun for tutorial to 2023-12-26 00:00:00+00:00
[2023-12-28 09:22:27,397] {processor.py:170} INFO - Processing /home/airflow/.local/lib/python3.6/site-packages/airflow/example_dags/tutorial.py took 0.091 seconds
[2023-12-28 09:22:57,581] {processor.py:162} INFO - Started process (PID=1630) to work on /home/airflow/.local/lib/python3.6/site-packages/airflow/example_dags/tutorial.py
[2023-12-28 09:22:57,582] {processor.py:613} INFO - Processing file /home/airflow/.local/lib/python3.6/site-packages/airflow/example_dags/tutorial.py for tasks to queue
[2023-12-28 09:22:57,583] {logging_mixin.py:109} INFO - [2023-12-28 09:22:57,583] {dagbag.py:496} INFO - Filling up the DagBag from /home/airflow/.local/lib/python3.6/site-packages/airflow/example_dags/tutorial.py
[2023-12-28 09:22:57,595] {processor.py:623} INFO - DAG(s) dict_keys(['tutorial']) retrieved from /home/airflow/.local/lib/python3.6/site-packages/airflow/example_dags/tutorial.py
[2023-12-28 09:22:57,620] {logging_mixin.py:109} INFO - [2023-12-28 09:22:57,620] {dag.py:1834} INFO - Sync 1 DAGs
[2023-12-28 09:22:57,635] {logging_mixin.py:109} INFO - [2023-12-28 09:22:57,635] {dag.py:2287} INFO - Setting next_dagrun for tutorial to 2023-12-26 00:00:00+00:00
[2023-12-28 09:22:57,650] {processor.py:170} INFO - Processing /home/airflow/.local/lib/python3.6/site-packages/airflow/example_dags/tutorial.py took 0.071 seconds
[2023-12-28 09:23:27,937] {processor.py:162} INFO - Started process (PID=1825) to work on /home/airflow/.local/lib/python3.6/site-packages/airflow/example_dags/tutorial.py
[2023-12-28 09:23:27,939] {processor.py:613} INFO - Processing file /home/airflow/.local/lib/python3.6/site-packages/airflow/example_dags/tutorial.py for tasks to queue
[2023-12-28 09:23:27,940] {logging_mixin.py:109} INFO - [2023-12-28 09:23:27,940] {dagbag.py:496} INFO - Filling up the DagBag from /home/airflow/.local/lib/python3.6/site-packages/airflow/example_dags/tutorial.py
[2023-12-28 09:23:27,953] {processor.py:623} INFO - DAG(s) dict_keys(['tutorial']) retrieved from /home/airflow/.local/lib/python3.6/site-packages/airflow/example_dags/tutorial.py
[2023-12-28 09:23:27,984] {logging_mixin.py:109} INFO - [2023-12-28 09:23:27,984] {dag.py:1834} INFO - Sync 1 DAGs
[2023-12-28 09:23:28,003] {logging_mixin.py:109} INFO - [2023-12-28 09:23:28,003] {dag.py:2287} INFO - Setting next_dagrun for tutorial to 2023-12-26 00:00:00+00:00
[2023-12-28 09:23:28,021] {processor.py:170} INFO - Processing /home/airflow/.local/lib/python3.6/site-packages/airflow/example_dags/tutorial.py took 0.088 seconds
[2023-12-28 09:23:58,414] {processor.py:162} INFO - Started process (PID=2030) to work on /home/airflow/.local/lib/python3.6/site-packages/airflow/example_dags/tutorial.py
[2023-12-28 09:23:58,416] {processor.py:613} INFO - Processing file /home/airflow/.local/lib/python3.6/site-packages/airflow/example_dags/tutorial.py for tasks to queue
[2023-12-28 09:23:58,416] {logging_mixin.py:109} INFO - [2023-12-28 09:23:58,416] {dagbag.py:496} INFO - Filling up the DagBag from /home/airflow/.local/lib/python3.6/site-packages/airflow/example_dags/tutorial.py
[2023-12-28 09:23:58,428] {processor.py:623} INFO - DAG(s) dict_keys(['tutorial']) retrieved from /home/airflow/.local/lib/python3.6/site-packages/airflow/example_dags/tutorial.py
[2023-12-28 09:23:58,452] {logging_mixin.py:109} INFO - [2023-12-28 09:23:58,452] {dag.py:1834} INFO - Sync 1 DAGs
[2023-12-28 09:23:58,468] {logging_mixin.py:109} INFO - [2023-12-28 09:23:58,468] {dag.py:2287} INFO - Setting next_dagrun for tutorial to 2023-12-26 00:00:00+00:00
[2023-12-28 09:23:58,481] {processor.py:170} INFO - Processing /home/airflow/.local/lib/python3.6/site-packages/airflow/example_dags/tutorial.py took 0.069 seconds
[2023-12-28 09:24:29,125] {processor.py:162} INFO - Started process (PID=2226) to work on /home/airflow/.local/lib/python3.6/site-packages/airflow/example_dags/tutorial.py
[2023-12-28 09:24:29,126] {processor.py:613} INFO - Processing file /home/airflow/.local/lib/python3.6/site-packages/airflow/example_dags/tutorial.py for tasks to queue
[2023-12-28 09:24:29,127] {logging_mixin.py:109} INFO - [2023-12-28 09:24:29,127] {dagbag.py:496} INFO - Filling up the DagBag from /home/airflow/.local/lib/python3.6/site-packages/airflow/example_dags/tutorial.py
[2023-12-28 09:24:29,141] {processor.py:623} INFO - DAG(s) dict_keys(['tutorial']) retrieved from /home/airflow/.local/lib/python3.6/site-packages/airflow/example_dags/tutorial.py
[2023-12-28 09:24:29,173] {logging_mixin.py:109} INFO - [2023-12-28 09:24:29,173] {dag.py:1834} INFO - Sync 1 DAGs
[2023-12-28 09:24:29,196] {logging_mixin.py:109} INFO - [2023-12-28 09:24:29,196] {dag.py:2287} INFO - Setting next_dagrun for tutorial to 2023-12-26 00:00:00+00:00
[2023-12-28 09:24:29,213] {processor.py:170} INFO - Processing /home/airflow/.local/lib/python3.6/site-packages/airflow/example_dags/tutorial.py took 0.092 seconds
[2023-12-28 09:24:59,616] {processor.py:162} INFO - Started process (PID=2420) to work on /home/airflow/.local/lib/python3.6/site-packages/airflow/example_dags/tutorial.py
[2023-12-28 09:24:59,617] {processor.py:613} INFO - Processing file /home/airflow/.local/lib/python3.6/site-packages/airflow/example_dags/tutorial.py for tasks to queue
[2023-12-28 09:24:59,618] {logging_mixin.py:109} INFO - [2023-12-28 09:24:59,618] {dagbag.py:496} INFO - Filling up the DagBag from /home/airflow/.local/lib/python3.6/site-packages/airflow/example_dags/tutorial.py
[2023-12-28 09:24:59,632] {processor.py:623} INFO - DAG(s) dict_keys(['tutorial']) retrieved from /home/airflow/.local/lib/python3.6/site-packages/airflow/example_dags/tutorial.py
[2023-12-28 09:24:59,663] {logging_mixin.py:109} INFO - [2023-12-28 09:24:59,662] {dag.py:1834} INFO - Sync 1 DAGs
[2023-12-28 09:24:59,681] {logging_mixin.py:109} INFO - [2023-12-28 09:24:59,681] {dag.py:2287} INFO - Setting next_dagrun for tutorial to 2023-12-26 00:00:00+00:00
[2023-12-28 09:24:59,700] {processor.py:170} INFO - Processing /home/airflow/.local/lib/python3.6/site-packages/airflow/example_dags/tutorial.py took 0.088 seconds
[2023-12-28 09:25:29,893] {processor.py:162} INFO - Started process (PID=2620) to work on /home/airflow/.local/lib/python3.6/site-packages/airflow/example_dags/tutorial.py
[2023-12-28 09:25:29,895] {processor.py:613} INFO - Processing file /home/airflow/.local/lib/python3.6/site-packages/airflow/example_dags/tutorial.py for tasks to queue
[2023-12-28 09:25:29,896] {logging_mixin.py:109} INFO - [2023-12-28 09:25:29,895] {dagbag.py:496} INFO - Filling up the DagBag from /home/airflow/.local/lib/python3.6/site-packages/airflow/example_dags/tutorial.py
[2023-12-28 09:25:29,909] {processor.py:623} INFO - DAG(s) dict_keys(['tutorial']) retrieved from /home/airflow/.local/lib/python3.6/site-packages/airflow/example_dags/tutorial.py
[2023-12-28 09:25:29,938] {logging_mixin.py:109} INFO - [2023-12-28 09:25:29,938] {dag.py:1834} INFO - Sync 1 DAGs
[2023-12-28 09:25:29,955] {logging_mixin.py:109} INFO - [2023-12-28 09:25:29,955] {dag.py:2287} INFO - Setting next_dagrun for tutorial to 2023-12-26 00:00:00+00:00
[2023-12-28 09:25:29,975] {processor.py:170} INFO - Processing /home/airflow/.local/lib/python3.6/site-packages/airflow/example_dags/tutorial.py took 0.086 seconds
[2023-12-28 09:26:00,087] {processor.py:162} INFO - Started process (PID=2813) to work on /home/airflow/.local/lib/python3.6/site-packages/airflow/example_dags/tutorial.py
[2023-12-28 09:26:00,088] {processor.py:613} INFO - Processing file /home/airflow/.local/lib/python3.6/site-packages/airflow/example_dags/tutorial.py for tasks to queue
[2023-12-28 09:26:00,089] {logging_mixin.py:109} INFO - [2023-12-28 09:26:00,089] {dagbag.py:496} INFO - Filling up the DagBag from /home/airflow/.local/lib/python3.6/site-packages/airflow/example_dags/tutorial.py
[2023-12-28 09:26:00,105] {processor.py:623} INFO - DAG(s) dict_keys(['tutorial']) retrieved from /home/airflow/.local/lib/python3.6/site-packages/airflow/example_dags/tutorial.py
[2023-12-28 09:26:00,136] {logging_mixin.py:109} INFO - [2023-12-28 09:26:00,136] {dag.py:1834} INFO - Sync 1 DAGs
[2023-12-28 09:26:00,154] {logging_mixin.py:109} INFO - [2023-12-28 09:26:00,154] {dag.py:2287} INFO - Setting next_dagrun for tutorial to 2023-12-26 00:00:00+00:00
[2023-12-28 09:26:00,176] {processor.py:170} INFO - Processing /home/airflow/.local/lib/python3.6/site-packages/airflow/example_dags/tutorial.py took 0.093 seconds
[2023-12-28 09:26:30,564] {processor.py:162} INFO - Started process (PID=3018) to work on /home/airflow/.local/lib/python3.6/site-packages/airflow/example_dags/tutorial.py
[2023-12-28 09:26:30,566] {processor.py:613} INFO - Processing file /home/airflow/.local/lib/python3.6/site-packages/airflow/example_dags/tutorial.py for tasks to queue
[2023-12-28 09:26:30,567] {logging_mixin.py:109} INFO - [2023-12-28 09:26:30,567] {dagbag.py:496} INFO - Filling up the DagBag from /home/airflow/.local/lib/python3.6/site-packages/airflow/example_dags/tutorial.py
[2023-12-28 09:26:30,580] {processor.py:623} INFO - DAG(s) dict_keys(['tutorial']) retrieved from /home/airflow/.local/lib/python3.6/site-packages/airflow/example_dags/tutorial.py
[2023-12-28 09:26:30,609] {logging_mixin.py:109} INFO - [2023-12-28 09:26:30,608] {dag.py:1834} INFO - Sync 1 DAGs
[2023-12-28 09:26:30,628] {logging_mixin.py:109} INFO - [2023-12-28 09:26:30,628] {dag.py:2287} INFO - Setting next_dagrun for tutorial to 2023-12-26 00:00:00+00:00
[2023-12-28 09:26:30,643] {processor.py:170} INFO - Processing /home/airflow/.local/lib/python3.6/site-packages/airflow/example_dags/tutorial.py took 0.082 seconds
[2023-12-28 09:27:01,124] {processor.py:162} INFO - Started process (PID=3215) to work on /home/airflow/.local/lib/python3.6/site-packages/airflow/example_dags/tutorial.py
[2023-12-28 09:27:01,125] {processor.py:613} INFO - Processing file /home/airflow/.local/lib/python3.6/site-packages/airflow/example_dags/tutorial.py for tasks to queue
[2023-12-28 09:27:01,126] {logging_mixin.py:109} INFO - [2023-12-28 09:27:01,125] {dagbag.py:496} INFO - Filling up the DagBag from /home/airflow/.local/lib/python3.6/site-packages/airflow/example_dags/tutorial.py
[2023-12-28 09:27:01,140] {processor.py:623} INFO - DAG(s) dict_keys(['tutorial']) retrieved from /home/airflow/.local/lib/python3.6/site-packages/airflow/example_dags/tutorial.py
[2023-12-28 09:27:01,170] {logging_mixin.py:109} INFO - [2023-12-28 09:27:01,170] {dag.py:1834} INFO - Sync 1 DAGs
[2023-12-28 09:27:01,190] {logging_mixin.py:109} INFO - [2023-12-28 09:27:01,189] {dag.py:2287} INFO - Setting next_dagrun for tutorial to 2023-12-26 00:00:00+00:00
[2023-12-28 09:27:01,208] {processor.py:170} INFO - Processing /home/airflow/.local/lib/python3.6/site-packages/airflow/example_dags/tutorial.py took 0.087 seconds
[2023-12-28 09:27:31,623] {processor.py:162} INFO - Started process (PID=3420) to work on /home/airflow/.local/lib/python3.6/site-packages/airflow/example_dags/tutorial.py
[2023-12-28 09:27:31,625] {processor.py:613} INFO - Processing file /home/airflow/.local/lib/python3.6/site-packages/airflow/example_dags/tutorial.py for tasks to queue
[2023-12-28 09:27:31,626] {logging_mixin.py:109} INFO - [2023-12-28 09:27:31,626] {dagbag.py:496} INFO - Filling up the DagBag from /home/airflow/.local/lib/python3.6/site-packages/airflow/example_dags/tutorial.py
[2023-12-28 09:27:31,639] {processor.py:623} INFO - DAG(s) dict_keys(['tutorial']) retrieved from /home/airflow/.local/lib/python3.6/site-packages/airflow/example_dags/tutorial.py
[2023-12-28 09:27:31,665] {logging_mixin.py:109} INFO - [2023-12-28 09:27:31,665] {dag.py:1834} INFO - Sync 1 DAGs
[2023-12-28 09:27:31,683] {logging_mixin.py:109} INFO - [2023-12-28 09:27:31,683] {dag.py:2287} INFO - Setting next_dagrun for tutorial to 2023-12-26 00:00:00+00:00
[2023-12-28 09:27:31,697] {processor.py:170} INFO - Processing /home/airflow/.local/lib/python3.6/site-packages/airflow/example_dags/tutorial.py took 0.082 seconds
[2023-12-28 09:28:02,822] {processor.py:162} INFO - Started process (PID=3621) to work on /home/airflow/.local/lib/python3.6/site-packages/airflow/example_dags/tutorial.py
[2023-12-28 09:28:02,824] {processor.py:613} INFO - Processing file /home/airflow/.local/lib/python3.6/site-packages/airflow/example_dags/tutorial.py for tasks to queue
[2023-12-28 09:28:02,826] {logging_mixin.py:109} INFO - [2023-12-28 09:28:02,826] {dagbag.py:496} INFO - Filling up the DagBag from /home/airflow/.local/lib/python3.6/site-packages/airflow/example_dags/tutorial.py
[2023-12-28 09:28:02,854] {processor.py:623} INFO - DAG(s) dict_keys(['tutorial']) retrieved from /home/airflow/.local/lib/python3.6/site-packages/airflow/example_dags/tutorial.py
[2023-12-28 09:28:02,901] {logging_mixin.py:109} INFO - [2023-12-28 09:28:02,901] {dag.py:1834} INFO - Sync 1 DAGs
[2023-12-28 09:28:02,924] {logging_mixin.py:109} INFO - [2023-12-28 09:28:02,924] {dag.py:2287} INFO - Setting next_dagrun for tutorial to 2023-12-26 00:00:00+00:00
[2023-12-28 09:28:02,941] {processor.py:170} INFO - Processing /home/airflow/.local/lib/python3.6/site-packages/airflow/example_dags/tutorial.py took 0.129 seconds
[2023-12-28 09:28:33,573] {processor.py:162} INFO - Started process (PID=3823) to work on /home/airflow/.local/lib/python3.6/site-packages/airflow/example_dags/tutorial.py
[2023-12-28 09:28:33,575] {processor.py:613} INFO - Processing file /home/airflow/.local/lib/python3.6/site-packages/airflow/example_dags/tutorial.py for tasks to queue
[2023-12-28 09:28:33,576] {logging_mixin.py:109} INFO - [2023-12-28 09:28:33,575] {dagbag.py:496} INFO - Filling up the DagBag from /home/airflow/.local/lib/python3.6/site-packages/airflow/example_dags/tutorial.py
[2023-12-28 09:28:33,591] {processor.py:623} INFO - DAG(s) dict_keys(['tutorial']) retrieved from /home/airflow/.local/lib/python3.6/site-packages/airflow/example_dags/tutorial.py
[2023-12-28 09:28:33,622] {logging_mixin.py:109} INFO - [2023-12-28 09:28:33,622] {dag.py:1834} INFO - Sync 1 DAGs
[2023-12-28 09:28:33,642] {logging_mixin.py:109} INFO - [2023-12-28 09:28:33,641] {dag.py:2287} INFO - Setting next_dagrun for tutorial to 2023-12-26 00:00:00+00:00
[2023-12-28 09:28:33,658] {processor.py:170} INFO - Processing /home/airflow/.local/lib/python3.6/site-packages/airflow/example_dags/tutorial.py took 0.089 seconds
[2023-12-28 09:29:04,071] {processor.py:162} INFO - Started process (PID=4023) to work on /home/airflow/.local/lib/python3.6/site-packages/airflow/example_dags/tutorial.py
[2023-12-28 09:29:04,077] {processor.py:613} INFO - Processing file /home/airflow/.local/lib/python3.6/site-packages/airflow/example_dags/tutorial.py for tasks to queue
[2023-12-28 09:29:04,081] {logging_mixin.py:109} INFO - [2023-12-28 09:29:04,080] {dagbag.py:496} INFO - Filling up the DagBag from /home/airflow/.local/lib/python3.6/site-packages/airflow/example_dags/tutorial.py
[2023-12-28 09:29:04,101] {processor.py:623} INFO - DAG(s) dict_keys(['tutorial']) retrieved from /home/airflow/.local/lib/python3.6/site-packages/airflow/example_dags/tutorial.py
[2023-12-28 09:29:04,140] {logging_mixin.py:109} INFO - [2023-12-28 09:29:04,140] {dag.py:1834} INFO - Sync 1 DAGs
[2023-12-28 09:29:04,167] {logging_mixin.py:109} INFO - [2023-12-28 09:29:04,166] {dag.py:2287} INFO - Setting next_dagrun for tutorial to 2023-12-26 00:00:00+00:00
[2023-12-28 09:29:04,185] {processor.py:170} INFO - Processing /home/airflow/.local/lib/python3.6/site-packages/airflow/example_dags/tutorial.py took 0.132 seconds
[2023-12-28 09:29:34,681] {processor.py:162} INFO - Started process (PID=4218) to work on /home/airflow/.local/lib/python3.6/site-packages/airflow/example_dags/tutorial.py
[2023-12-28 09:29:34,682] {processor.py:613} INFO - Processing file /home/airflow/.local/lib/python3.6/site-packages/airflow/example_dags/tutorial.py for tasks to queue
[2023-12-28 09:29:34,683] {logging_mixin.py:109} INFO - [2023-12-28 09:29:34,682] {dagbag.py:496} INFO - Filling up the DagBag from /home/airflow/.local/lib/python3.6/site-packages/airflow/example_dags/tutorial.py
[2023-12-28 09:29:34,697] {processor.py:623} INFO - DAG(s) dict_keys(['tutorial']) retrieved from /home/airflow/.local/lib/python3.6/site-packages/airflow/example_dags/tutorial.py
[2023-12-28 09:29:34,728] {logging_mixin.py:109} INFO - [2023-12-28 09:29:34,727] {dag.py:1834} INFO - Sync 1 DAGs
[2023-12-28 09:29:34,746] {logging_mixin.py:109} INFO - [2023-12-28 09:29:34,746] {dag.py:2287} INFO - Setting next_dagrun for tutorial to 2023-12-26 00:00:00+00:00
[2023-12-28 09:29:34,764] {processor.py:170} INFO - Processing /home/airflow/.local/lib/python3.6/site-packages/airflow/example_dags/tutorial.py took 0.087 seconds
[2023-12-28 09:30:05,940] {processor.py:162} INFO - Started process (PID=4423) to work on /home/airflow/.local/lib/python3.6/site-packages/airflow/example_dags/tutorial.py
[2023-12-28 09:30:05,942] {processor.py:613} INFO - Processing file /home/airflow/.local/lib/python3.6/site-packages/airflow/example_dags/tutorial.py for tasks to queue
[2023-12-28 09:30:05,944] {logging_mixin.py:109} INFO - [2023-12-28 09:30:05,943] {dagbag.py:496} INFO - Filling up the DagBag from /home/airflow/.local/lib/python3.6/site-packages/airflow/example_dags/tutorial.py
[2023-12-28 09:30:05,958] {processor.py:623} INFO - DAG(s) dict_keys(['tutorial']) retrieved from /home/airflow/.local/lib/python3.6/site-packages/airflow/example_dags/tutorial.py
[2023-12-28 09:30:05,987] {logging_mixin.py:109} INFO - [2023-12-28 09:30:05,987] {dag.py:1834} INFO - Sync 1 DAGs
[2023-12-28 09:30:06,003] {logging_mixin.py:109} INFO - [2023-12-28 09:30:06,003] {dag.py:2287} INFO - Setting next_dagrun for tutorial to 2023-12-26 00:00:00+00:00
[2023-12-28 09:30:06,021] {processor.py:170} INFO - Processing /home/airflow/.local/lib/python3.6/site-packages/airflow/example_dags/tutorial.py took 0.085 seconds
[2023-12-28 09:30:37,263] {processor.py:162} INFO - Started process (PID=4618) to work on /home/airflow/.local/lib/python3.6/site-packages/airflow/example_dags/tutorial.py
[2023-12-28 09:30:37,264] {processor.py:613} INFO - Processing file /home/airflow/.local/lib/python3.6/site-packages/airflow/example_dags/tutorial.py for tasks to queue
[2023-12-28 09:30:37,265] {logging_mixin.py:109} INFO - [2023-12-28 09:30:37,265] {dagbag.py:496} INFO - Filling up the DagBag from /home/airflow/.local/lib/python3.6/site-packages/airflow/example_dags/tutorial.py
[2023-12-28 09:30:37,278] {processor.py:623} INFO - DAG(s) dict_keys(['tutorial']) retrieved from /home/airflow/.local/lib/python3.6/site-packages/airflow/example_dags/tutorial.py
[2023-12-28 09:30:37,308] {logging_mixin.py:109} INFO - [2023-12-28 09:30:37,308] {dag.py:1834} INFO - Sync 1 DAGs
[2023-12-28 09:30:37,325] {logging_mixin.py:109} INFO - [2023-12-28 09:30:37,325] {dag.py:2287} INFO - Setting next_dagrun for tutorial to 2023-12-26 00:00:00+00:00
[2023-12-28 09:30:37,340] {processor.py:170} INFO - Processing /home/airflow/.local/lib/python3.6/site-packages/airflow/example_dags/tutorial.py took 0.081 seconds
[2023-12-28 09:31:07,899] {processor.py:162} INFO - Started process (PID=4821) to work on /home/airflow/.local/lib/python3.6/site-packages/airflow/example_dags/tutorial.py
[2023-12-28 09:31:07,919] {processor.py:613} INFO - Processing file /home/airflow/.local/lib/python3.6/site-packages/airflow/example_dags/tutorial.py for tasks to queue
[2023-12-28 09:31:07,921] {logging_mixin.py:109} INFO - [2023-12-28 09:31:07,921] {dagbag.py:496} INFO - Filling up the DagBag from /home/airflow/.local/lib/python3.6/site-packages/airflow/example_dags/tutorial.py
[2023-12-28 09:31:07,936] {processor.py:623} INFO - DAG(s) dict_keys(['tutorial']) retrieved from /home/airflow/.local/lib/python3.6/site-packages/airflow/example_dags/tutorial.py
[2023-12-28 09:31:07,964] {logging_mixin.py:109} INFO - [2023-12-28 09:31:07,964] {dag.py:1834} INFO - Sync 1 DAGs
[2023-12-28 09:31:07,984] {logging_mixin.py:109} INFO - [2023-12-28 09:31:07,984] {dag.py:2287} INFO - Setting next_dagrun for tutorial to 2023-12-26 00:00:00+00:00
[2023-12-28 09:31:08,003] {processor.py:170} INFO - Processing /home/airflow/.local/lib/python3.6/site-packages/airflow/example_dags/tutorial.py took 0.108 seconds
[2023-12-28 09:31:39,011] {processor.py:162} INFO - Started process (PID=5018) to work on /home/airflow/.local/lib/python3.6/site-packages/airflow/example_dags/tutorial.py
[2023-12-28 09:31:39,013] {processor.py:613} INFO - Processing file /home/airflow/.local/lib/python3.6/site-packages/airflow/example_dags/tutorial.py for tasks to queue
[2023-12-28 09:31:39,014] {logging_mixin.py:109} INFO - [2023-12-28 09:31:39,014] {dagbag.py:496} INFO - Filling up the DagBag from /home/airflow/.local/lib/python3.6/site-packages/airflow/example_dags/tutorial.py
[2023-12-28 09:31:39,029] {processor.py:623} INFO - DAG(s) dict_keys(['tutorial']) retrieved from /home/airflow/.local/lib/python3.6/site-packages/airflow/example_dags/tutorial.py
[2023-12-28 09:31:39,058] {logging_mixin.py:109} INFO - [2023-12-28 09:31:39,058] {dag.py:1834} INFO - Sync 1 DAGs
[2023-12-28 09:31:39,076] {logging_mixin.py:109} INFO - [2023-12-28 09:31:39,076] {dag.py:2287} INFO - Setting next_dagrun for tutorial to 2023-12-26 00:00:00+00:00
[2023-12-28 09:31:39,094] {processor.py:170} INFO - Processing /home/airflow/.local/lib/python3.6/site-packages/airflow/example_dags/tutorial.py took 0.086 seconds
[2023-12-28 09:32:10,167] {processor.py:162} INFO - Started process (PID=5223) to work on /home/airflow/.local/lib/python3.6/site-packages/airflow/example_dags/tutorial.py
[2023-12-28 09:32:10,169] {processor.py:613} INFO - Processing file /home/airflow/.local/lib/python3.6/site-packages/airflow/example_dags/tutorial.py for tasks to queue
[2023-12-28 09:32:10,170] {logging_mixin.py:109} INFO - [2023-12-28 09:32:10,170] {dagbag.py:496} INFO - Filling up the DagBag from /home/airflow/.local/lib/python3.6/site-packages/airflow/example_dags/tutorial.py
[2023-12-28 09:32:10,184] {processor.py:623} INFO - DAG(s) dict_keys(['tutorial']) retrieved from /home/airflow/.local/lib/python3.6/site-packages/airflow/example_dags/tutorial.py
[2023-12-28 09:32:10,214] {logging_mixin.py:109} INFO - [2023-12-28 09:32:10,214] {dag.py:1834} INFO - Sync 1 DAGs
[2023-12-28 09:32:10,230] {logging_mixin.py:109} INFO - [2023-12-28 09:32:10,230] {dag.py:2287} INFO - Setting next_dagrun for tutorial to 2023-12-26 00:00:00+00:00
[2023-12-28 09:32:10,246] {processor.py:170} INFO - Processing /home/airflow/.local/lib/python3.6/site-packages/airflow/example_dags/tutorial.py took 0.081 seconds
[2023-12-28 09:32:41,330] {processor.py:162} INFO - Started process (PID=5417) to work on /home/airflow/.local/lib/python3.6/site-packages/airflow/example_dags/tutorial.py
[2023-12-28 09:32:41,332] {processor.py:613} INFO - Processing file /home/airflow/.local/lib/python3.6/site-packages/airflow/example_dags/tutorial.py for tasks to queue
[2023-12-28 09:32:41,332] {logging_mixin.py:109} INFO - [2023-12-28 09:32:41,332] {dagbag.py:496} INFO - Filling up the DagBag from /home/airflow/.local/lib/python3.6/site-packages/airflow/example_dags/tutorial.py
[2023-12-28 09:32:41,347] {processor.py:623} INFO - DAG(s) dict_keys(['tutorial']) retrieved from /home/airflow/.local/lib/python3.6/site-packages/airflow/example_dags/tutorial.py
[2023-12-28 09:32:41,376] {logging_mixin.py:109} INFO - [2023-12-28 09:32:41,375] {dag.py:1834} INFO - Sync 1 DAGs
[2023-12-28 09:32:41,393] {logging_mixin.py:109} INFO - [2023-12-28 09:32:41,393] {dag.py:2287} INFO - Setting next_dagrun for tutorial to 2023-12-26 00:00:00+00:00
[2023-12-28 09:32:41,409] {processor.py:170} INFO - Processing /home/airflow/.local/lib/python3.6/site-packages/airflow/example_dags/tutorial.py took 0.083 seconds
[2023-12-28 09:33:11,741] {processor.py:162} INFO - Started process (PID=5623) to work on /home/airflow/.local/lib/python3.6/site-packages/airflow/example_dags/tutorial.py
[2023-12-28 09:33:11,742] {processor.py:613} INFO - Processing file /home/airflow/.local/lib/python3.6/site-packages/airflow/example_dags/tutorial.py for tasks to queue
[2023-12-28 09:33:11,743] {logging_mixin.py:109} INFO - [2023-12-28 09:33:11,743] {dagbag.py:496} INFO - Filling up the DagBag from /home/airflow/.local/lib/python3.6/site-packages/airflow/example_dags/tutorial.py
[2023-12-28 09:33:11,757] {processor.py:623} INFO - DAG(s) dict_keys(['tutorial']) retrieved from /home/airflow/.local/lib/python3.6/site-packages/airflow/example_dags/tutorial.py
[2023-12-28 09:33:11,785] {logging_mixin.py:109} INFO - [2023-12-28 09:33:11,785] {dag.py:1834} INFO - Sync 1 DAGs
[2023-12-28 09:33:11,802] {logging_mixin.py:109} INFO - [2023-12-28 09:33:11,802] {dag.py:2287} INFO - Setting next_dagrun for tutorial to 2023-12-26 00:00:00+00:00
[2023-12-28 09:33:11,818] {processor.py:170} INFO - Processing /home/airflow/.local/lib/python3.6/site-packages/airflow/example_dags/tutorial.py took 0.081 seconds
[2023-12-28 09:33:42,077] {processor.py:162} INFO - Started process (PID=5816) to work on /home/airflow/.local/lib/python3.6/site-packages/airflow/example_dags/tutorial.py
[2023-12-28 09:33:42,079] {processor.py:613} INFO - Processing file /home/airflow/.local/lib/python3.6/site-packages/airflow/example_dags/tutorial.py for tasks to queue
[2023-12-28 09:33:42,079] {logging_mixin.py:109} INFO - [2023-12-28 09:33:42,079] {dagbag.py:496} INFO - Filling up the DagBag from /home/airflow/.local/lib/python3.6/site-packages/airflow/example_dags/tutorial.py
[2023-12-28 09:33:42,095] {processor.py:623} INFO - DAG(s) dict_keys(['tutorial']) retrieved from /home/airflow/.local/lib/python3.6/site-packages/airflow/example_dags/tutorial.py
[2023-12-28 09:33:42,123] {logging_mixin.py:109} INFO - [2023-12-28 09:33:42,123] {dag.py:1834} INFO - Sync 1 DAGs
[2023-12-28 09:33:42,140] {logging_mixin.py:109} INFO - [2023-12-28 09:33:42,139] {dag.py:2287} INFO - Setting next_dagrun for tutorial to 2023-12-26 00:00:00+00:00
[2023-12-28 09:33:42,155] {processor.py:170} INFO - Processing /home/airflow/.local/lib/python3.6/site-packages/airflow/example_dags/tutorial.py took 0.082 seconds
[2023-12-28 09:34:12,338] {processor.py:162} INFO - Started process (PID=6010) to work on /home/airflow/.local/lib/python3.6/site-packages/airflow/example_dags/tutorial.py
[2023-12-28 09:34:12,340] {processor.py:613} INFO - Processing file /home/airflow/.local/lib/python3.6/site-packages/airflow/example_dags/tutorial.py for tasks to queue
[2023-12-28 09:34:12,341] {logging_mixin.py:109} INFO - [2023-12-28 09:34:12,340] {dagbag.py:496} INFO - Filling up the DagBag from /home/airflow/.local/lib/python3.6/site-packages/airflow/example_dags/tutorial.py
[2023-12-28 09:34:12,356] {processor.py:623} INFO - DAG(s) dict_keys(['tutorial']) retrieved from /home/airflow/.local/lib/python3.6/site-packages/airflow/example_dags/tutorial.py
[2023-12-28 09:34:12,385] {logging_mixin.py:109} INFO - [2023-12-28 09:34:12,385] {dag.py:1834} INFO - Sync 1 DAGs
[2023-12-28 09:34:12,405] {logging_mixin.py:109} INFO - [2023-12-28 09:34:12,405] {dag.py:2287} INFO - Setting next_dagrun for tutorial to 2023-12-26 00:00:00+00:00
[2023-12-28 09:34:12,424] {processor.py:170} INFO - Processing /home/airflow/.local/lib/python3.6/site-packages/airflow/example_dags/tutorial.py took 0.089 seconds
[2023-12-28 09:34:43,370] {processor.py:162} INFO - Started process (PID=6218) to work on /home/airflow/.local/lib/python3.6/site-packages/airflow/example_dags/tutorial.py
[2023-12-28 09:34:43,371] {processor.py:613} INFO - Processing file /home/airflow/.local/lib/python3.6/site-packages/airflow/example_dags/tutorial.py for tasks to queue
[2023-12-28 09:34:43,372] {logging_mixin.py:109} INFO - [2023-12-28 09:34:43,372] {dagbag.py:496} INFO - Filling up the DagBag from /home/airflow/.local/lib/python3.6/site-packages/airflow/example_dags/tutorial.py
[2023-12-28 09:34:43,384] {processor.py:623} INFO - DAG(s) dict_keys(['tutorial']) retrieved from /home/airflow/.local/lib/python3.6/site-packages/airflow/example_dags/tutorial.py
[2023-12-28 09:34:43,410] {logging_mixin.py:109} INFO - [2023-12-28 09:34:43,410] {dag.py:1834} INFO - Sync 1 DAGs
[2023-12-28 09:34:43,426] {logging_mixin.py:109} INFO - [2023-12-28 09:34:43,426] {dag.py:2287} INFO - Setting next_dagrun for tutorial to 2023-12-26 00:00:00+00:00
[2023-12-28 09:34:43,439] {processor.py:170} INFO - Processing /home/airflow/.local/lib/python3.6/site-packages/airflow/example_dags/tutorial.py took 0.072 seconds
[2023-12-28 09:35:14,515] {processor.py:162} INFO - Started process (PID=6413) to work on /home/airflow/.local/lib/python3.6/site-packages/airflow/example_dags/tutorial.py
[2023-12-28 09:35:14,516] {processor.py:613} INFO - Processing file /home/airflow/.local/lib/python3.6/site-packages/airflow/example_dags/tutorial.py for tasks to queue
[2023-12-28 09:35:14,517] {logging_mixin.py:109} INFO - [2023-12-28 09:35:14,517] {dagbag.py:496} INFO - Filling up the DagBag from /home/airflow/.local/lib/python3.6/site-packages/airflow/example_dags/tutorial.py
[2023-12-28 09:35:14,531] {processor.py:623} INFO - DAG(s) dict_keys(['tutorial']) retrieved from /home/airflow/.local/lib/python3.6/site-packages/airflow/example_dags/tutorial.py
[2023-12-28 09:35:14,558] {logging_mixin.py:109} INFO - [2023-12-28 09:35:14,557] {dag.py:1834} INFO - Sync 1 DAGs
[2023-12-28 09:35:14,573] {logging_mixin.py:109} INFO - [2023-12-28 09:35:14,573] {dag.py:2287} INFO - Setting next_dagrun for tutorial to 2023-12-26 00:00:00+00:00
[2023-12-28 09:35:14,586] {processor.py:170} INFO - Processing /home/airflow/.local/lib/python3.6/site-packages/airflow/example_dags/tutorial.py took 0.074 seconds
[2023-12-28 09:35:45,684] {processor.py:162} INFO - Started process (PID=6618) to work on /home/airflow/.local/lib/python3.6/site-packages/airflow/example_dags/tutorial.py
[2023-12-28 09:35:45,686] {processor.py:613} INFO - Processing file /home/airflow/.local/lib/python3.6/site-packages/airflow/example_dags/tutorial.py for tasks to queue
[2023-12-28 09:35:45,687] {logging_mixin.py:109} INFO - [2023-12-28 09:35:45,686] {dagbag.py:496} INFO - Filling up the DagBag from /home/airflow/.local/lib/python3.6/site-packages/airflow/example_dags/tutorial.py
[2023-12-28 09:35:45,700] {processor.py:623} INFO - DAG(s) dict_keys(['tutorial']) retrieved from /home/airflow/.local/lib/python3.6/site-packages/airflow/example_dags/tutorial.py
[2023-12-28 09:35:45,724] {logging_mixin.py:109} INFO - [2023-12-28 09:35:45,724] {dag.py:1834} INFO - Sync 1 DAGs
[2023-12-28 09:35:45,740] {logging_mixin.py:109} INFO - [2023-12-28 09:35:45,740] {dag.py:2287} INFO - Setting next_dagrun for tutorial to 2023-12-26 00:00:00+00:00
[2023-12-28 09:35:45,753] {processor.py:170} INFO - Processing /home/airflow/.local/lib/python3.6/site-packages/airflow/example_dags/tutorial.py took 0.072 seconds
[2023-12-28 09:36:16,830] {processor.py:162} INFO - Started process (PID=6813) to work on /home/airflow/.local/lib/python3.6/site-packages/airflow/example_dags/tutorial.py
[2023-12-28 09:36:16,831] {processor.py:613} INFO - Processing file /home/airflow/.local/lib/python3.6/site-packages/airflow/example_dags/tutorial.py for tasks to queue
[2023-12-28 09:36:16,831] {logging_mixin.py:109} INFO - [2023-12-28 09:36:16,831] {dagbag.py:496} INFO - Filling up the DagBag from /home/airflow/.local/lib/python3.6/site-packages/airflow/example_dags/tutorial.py
[2023-12-28 09:36:16,844] {processor.py:623} INFO - DAG(s) dict_keys(['tutorial']) retrieved from /home/airflow/.local/lib/python3.6/site-packages/airflow/example_dags/tutorial.py
[2023-12-28 09:36:16,870] {logging_mixin.py:109} INFO - [2023-12-28 09:36:16,870] {dag.py:1834} INFO - Sync 1 DAGs
[2023-12-28 09:36:16,886] {logging_mixin.py:109} INFO - [2023-12-28 09:36:16,886] {dag.py:2287} INFO - Setting next_dagrun for tutorial to 2023-12-26 00:00:00+00:00
[2023-12-28 09:36:16,900] {processor.py:170} INFO - Processing /home/airflow/.local/lib/python3.6/site-packages/airflow/example_dags/tutorial.py took 0.073 seconds
[2023-12-28 09:36:47,828] {processor.py:162} INFO - Started process (PID=7016) to work on /home/airflow/.local/lib/python3.6/site-packages/airflow/example_dags/tutorial.py
[2023-12-28 09:36:47,831] {processor.py:613} INFO - Processing file /home/airflow/.local/lib/python3.6/site-packages/airflow/example_dags/tutorial.py for tasks to queue
[2023-12-28 09:36:47,832] {logging_mixin.py:109} INFO - [2023-12-28 09:36:47,832] {dagbag.py:496} INFO - Filling up the DagBag from /home/airflow/.local/lib/python3.6/site-packages/airflow/example_dags/tutorial.py
[2023-12-28 09:36:47,847] {processor.py:623} INFO - DAG(s) dict_keys(['tutorial']) retrieved from /home/airflow/.local/lib/python3.6/site-packages/airflow/example_dags/tutorial.py
[2023-12-28 09:36:47,879] {logging_mixin.py:109} INFO - [2023-12-28 09:36:47,879] {dag.py:1834} INFO - Sync 1 DAGs
[2023-12-28 09:36:47,901] {logging_mixin.py:109} INFO - [2023-12-28 09:36:47,901] {dag.py:2287} INFO - Setting next_dagrun for tutorial to 2023-12-26 00:00:00+00:00
[2023-12-28 09:36:47,916] {processor.py:170} INFO - Processing /home/airflow/.local/lib/python3.6/site-packages/airflow/example_dags/tutorial.py took 0.094 seconds
[2023-12-28 09:37:19,128] {processor.py:162} INFO - Started process (PID=7213) to work on /home/airflow/.local/lib/python3.6/site-packages/airflow/example_dags/tutorial.py
[2023-12-28 09:37:19,130] {processor.py:613} INFO - Processing file /home/airflow/.local/lib/python3.6/site-packages/airflow/example_dags/tutorial.py for tasks to queue
[2023-12-28 09:37:19,133] {logging_mixin.py:109} INFO - [2023-12-28 09:37:19,132] {dagbag.py:496} INFO - Filling up the DagBag from /home/airflow/.local/lib/python3.6/site-packages/airflow/example_dags/tutorial.py
[2023-12-28 09:37:19,174] {processor.py:623} INFO - DAG(s) dict_keys(['tutorial']) retrieved from /home/airflow/.local/lib/python3.6/site-packages/airflow/example_dags/tutorial.py
[2023-12-28 09:37:19,207] {logging_mixin.py:109} INFO - [2023-12-28 09:37:19,207] {dag.py:1834} INFO - Sync 1 DAGs
[2023-12-28 09:37:19,222] {logging_mixin.py:109} INFO - [2023-12-28 09:37:19,222] {dag.py:2287} INFO - Setting next_dagrun for tutorial to 2023-12-26 00:00:00+00:00
[2023-12-28 09:37:19,233] {processor.py:170} INFO - Processing /home/airflow/.local/lib/python3.6/site-packages/airflow/example_dags/tutorial.py took 0.112 seconds
[2023-12-28 09:37:50,049] {processor.py:162} INFO - Started process (PID=7415) to work on /home/airflow/.local/lib/python3.6/site-packages/airflow/example_dags/tutorial.py
[2023-12-28 09:37:50,051] {processor.py:613} INFO - Processing file /home/airflow/.local/lib/python3.6/site-packages/airflow/example_dags/tutorial.py for tasks to queue
[2023-12-28 09:37:50,052] {logging_mixin.py:109} INFO - [2023-12-28 09:37:50,052] {dagbag.py:496} INFO - Filling up the DagBag from /home/airflow/.local/lib/python3.6/site-packages/airflow/example_dags/tutorial.py
[2023-12-28 09:37:50,064] {processor.py:623} INFO - DAG(s) dict_keys(['tutorial']) retrieved from /home/airflow/.local/lib/python3.6/site-packages/airflow/example_dags/tutorial.py
[2023-12-28 09:37:50,090] {logging_mixin.py:109} INFO - [2023-12-28 09:37:50,090] {dag.py:1834} INFO - Sync 1 DAGs
[2023-12-28 09:37:50,107] {logging_mixin.py:109} INFO - [2023-12-28 09:37:50,106] {dag.py:2287} INFO - Setting next_dagrun for tutorial to 2023-12-26 00:00:00+00:00
[2023-12-28 09:37:50,120] {processor.py:170} INFO - Processing /home/airflow/.local/lib/python3.6/site-packages/airflow/example_dags/tutorial.py took 0.074 seconds
[2023-12-28 09:38:20,423] {processor.py:162} INFO - Started process (PID=7610) to work on /home/airflow/.local/lib/python3.6/site-packages/airflow/example_dags/tutorial.py
[2023-12-28 09:38:20,424] {processor.py:613} INFO - Processing file /home/airflow/.local/lib/python3.6/site-packages/airflow/example_dags/tutorial.py for tasks to queue
[2023-12-28 09:38:20,425] {logging_mixin.py:109} INFO - [2023-12-28 09:38:20,424] {dagbag.py:496} INFO - Filling up the DagBag from /home/airflow/.local/lib/python3.6/site-packages/airflow/example_dags/tutorial.py
[2023-12-28 09:38:20,436] {processor.py:623} INFO - DAG(s) dict_keys(['tutorial']) retrieved from /home/airflow/.local/lib/python3.6/site-packages/airflow/example_dags/tutorial.py
[2023-12-28 09:38:20,461] {logging_mixin.py:109} INFO - [2023-12-28 09:38:20,460] {dag.py:1834} INFO - Sync 1 DAGs
[2023-12-28 09:38:20,476] {logging_mixin.py:109} INFO - [2023-12-28 09:38:20,476] {dag.py:2287} INFO - Setting next_dagrun for tutorial to 2023-12-26 00:00:00+00:00
[2023-12-28 09:38:20,490] {processor.py:170} INFO - Processing /home/airflow/.local/lib/python3.6/site-packages/airflow/example_dags/tutorial.py took 0.070 seconds
[2023-12-28 09:38:51,410] {processor.py:162} INFO - Started process (PID=7806) to work on /home/airflow/.local/lib/python3.6/site-packages/airflow/example_dags/tutorial.py
[2023-12-28 09:38:51,412] {processor.py:613} INFO - Processing file /home/airflow/.local/lib/python3.6/site-packages/airflow/example_dags/tutorial.py for tasks to queue
[2023-12-28 09:38:51,413] {logging_mixin.py:109} INFO - [2023-12-28 09:38:51,412] {dagbag.py:496} INFO - Filling up the DagBag from /home/airflow/.local/lib/python3.6/site-packages/airflow/example_dags/tutorial.py
[2023-12-28 09:38:51,425] {processor.py:623} INFO - DAG(s) dict_keys(['tutorial']) retrieved from /home/airflow/.local/lib/python3.6/site-packages/airflow/example_dags/tutorial.py
[2023-12-28 09:38:51,450] {logging_mixin.py:109} INFO - [2023-12-28 09:38:51,450] {dag.py:1834} INFO - Sync 1 DAGs
[2023-12-28 09:38:51,465] {logging_mixin.py:109} INFO - [2023-12-28 09:38:51,465] {dag.py:2287} INFO - Setting next_dagrun for tutorial to 2023-12-26 00:00:00+00:00
[2023-12-28 09:38:51,478] {processor.py:170} INFO - Processing /home/airflow/.local/lib/python3.6/site-packages/airflow/example_dags/tutorial.py took 0.071 seconds
[2023-12-28 09:39:22,235] {processor.py:162} INFO - Started process (PID=8013) to work on /home/airflow/.local/lib/python3.6/site-packages/airflow/example_dags/tutorial.py
[2023-12-28 09:39:22,236] {processor.py:613} INFO - Processing file /home/airflow/.local/lib/python3.6/site-packages/airflow/example_dags/tutorial.py for tasks to queue
[2023-12-28 09:39:22,237] {logging_mixin.py:109} INFO - [2023-12-28 09:39:22,237] {dagbag.py:496} INFO - Filling up the DagBag from /home/airflow/.local/lib/python3.6/site-packages/airflow/example_dags/tutorial.py
[2023-12-28 09:39:22,247] {processor.py:623} INFO - DAG(s) dict_keys(['tutorial']) retrieved from /home/airflow/.local/lib/python3.6/site-packages/airflow/example_dags/tutorial.py
[2023-12-28 09:39:22,270] {logging_mixin.py:109} INFO - [2023-12-28 09:39:22,270] {dag.py:1834} INFO - Sync 1 DAGs
[2023-12-28 09:39:22,283] {logging_mixin.py:109} INFO - [2023-12-28 09:39:22,283] {dag.py:2287} INFO - Setting next_dagrun for tutorial to 2023-12-26 00:00:00+00:00
[2023-12-28 09:39:22,296] {processor.py:170} INFO - Processing /home/airflow/.local/lib/python3.6/site-packages/airflow/example_dags/tutorial.py took 0.063 seconds
[2023-12-28 09:39:53,195] {processor.py:162} INFO - Started process (PID=8208) to work on /home/airflow/.local/lib/python3.6/site-packages/airflow/example_dags/tutorial.py
[2023-12-28 09:39:53,197] {processor.py:613} INFO - Processing file /home/airflow/.local/lib/python3.6/site-packages/airflow/example_dags/tutorial.py for tasks to queue
[2023-12-28 09:39:53,197] {logging_mixin.py:109} INFO - [2023-12-28 09:39:53,197] {dagbag.py:496} INFO - Filling up the DagBag from /home/airflow/.local/lib/python3.6/site-packages/airflow/example_dags/tutorial.py
[2023-12-28 09:39:53,210] {processor.py:623} INFO - DAG(s) dict_keys(['tutorial']) retrieved from /home/airflow/.local/lib/python3.6/site-packages/airflow/example_dags/tutorial.py
[2023-12-28 09:39:53,234] {logging_mixin.py:109} INFO - [2023-12-28 09:39:53,234] {dag.py:1834} INFO - Sync 1 DAGs
[2023-12-28 09:39:53,250] {logging_mixin.py:109} INFO - [2023-12-28 09:39:53,250] {dag.py:2287} INFO - Setting next_dagrun for tutorial to 2023-12-26 00:00:00+00:00
[2023-12-28 09:39:53,265] {processor.py:170} INFO - Processing /home/airflow/.local/lib/python3.6/site-packages/airflow/example_dags/tutorial.py took 0.073 seconds
[2023-12-28 09:40:23,519] {processor.py:162} INFO - Started process (PID=8410) to work on /home/airflow/.local/lib/python3.6/site-packages/airflow/example_dags/tutorial.py
[2023-12-28 09:40:23,520] {processor.py:613} INFO - Processing file /home/airflow/.local/lib/python3.6/site-packages/airflow/example_dags/tutorial.py for tasks to queue
[2023-12-28 09:40:23,521] {logging_mixin.py:109} INFO - [2023-12-28 09:40:23,521] {dagbag.py:496} INFO - Filling up the DagBag from /home/airflow/.local/lib/python3.6/site-packages/airflow/example_dags/tutorial.py
[2023-12-28 09:40:23,535] {processor.py:623} INFO - DAG(s) dict_keys(['tutorial']) retrieved from /home/airflow/.local/lib/python3.6/site-packages/airflow/example_dags/tutorial.py
[2023-12-28 09:40:23,563] {logging_mixin.py:109} INFO - [2023-12-28 09:40:23,563] {dag.py:1834} INFO - Sync 1 DAGs
[2023-12-28 09:40:23,579] {logging_mixin.py:109} INFO - [2023-12-28 09:40:23,579] {dag.py:2287} INFO - Setting next_dagrun for tutorial to 2023-12-26 00:00:00+00:00
[2023-12-28 09:40:23,593] {processor.py:170} INFO - Processing /home/airflow/.local/lib/python3.6/site-packages/airflow/example_dags/tutorial.py took 0.077 seconds
