[2023-12-28 09:19:22,746] {processor.py:162} INFO - Started process (PID=252) to work on /home/airflow/.local/lib/python3.6/site-packages/airflow/example_dags/tutorial_taskflow_api_etl.py
[2023-12-28 09:19:22,747] {processor.py:613} INFO - Processing file /home/airflow/.local/lib/python3.6/site-packages/airflow/example_dags/tutorial_taskflow_api_etl.py for tasks to queue
[2023-12-28 09:19:22,747] {logging_mixin.py:109} INFO - [2023-12-28 09:19:22,747] {dagbag.py:496} INFO - Filling up the DagBag from /home/airflow/.local/lib/python3.6/site-packages/airflow/example_dags/tutorial_taskflow_api_etl.py
[2023-12-28 09:19:22,762] {processor.py:623} INFO - DAG(s) dict_keys(['tutorial_taskflow_api_etl']) retrieved from /home/airflow/.local/lib/python3.6/site-packages/airflow/example_dags/tutorial_taskflow_api_etl.py
[2023-12-28 09:19:22,953] {logging_mixin.py:109} INFO - [2023-12-28 09:19:22,953] {dag.py:1834} INFO - Sync 1 DAGs
[2023-12-28 09:19:22,964] {logging_mixin.py:109} INFO - [2023-12-28 09:19:22,964] {dag.py:2287} INFO - Setting next_dagrun for tutorial_taskflow_api_etl to None
[2023-12-28 09:19:22,977] {processor.py:170} INFO - Processing /home/airflow/.local/lib/python3.6/site-packages/airflow/example_dags/tutorial_taskflow_api_etl.py took 0.234 seconds
[2023-12-28 09:19:53,564] {processor.py:162} INFO - Started process (PID=446) to work on /home/airflow/.local/lib/python3.6/site-packages/airflow/example_dags/tutorial_taskflow_api_etl.py
[2023-12-28 09:19:53,567] {processor.py:613} INFO - Processing file /home/airflow/.local/lib/python3.6/site-packages/airflow/example_dags/tutorial_taskflow_api_etl.py for tasks to queue
[2023-12-28 09:19:53,569] {logging_mixin.py:109} INFO - [2023-12-28 09:19:53,568] {dagbag.py:496} INFO - Filling up the DagBag from /home/airflow/.local/lib/python3.6/site-packages/airflow/example_dags/tutorial_taskflow_api_etl.py
[2023-12-28 09:19:53,631] {processor.py:623} INFO - DAG(s) dict_keys(['tutorial_taskflow_api_etl']) retrieved from /home/airflow/.local/lib/python3.6/site-packages/airflow/example_dags/tutorial_taskflow_api_etl.py
[2023-12-28 09:19:54,108] {logging_mixin.py:109} INFO - [2023-12-28 09:19:54,108] {dag.py:1834} INFO - Sync 1 DAGs
[2023-12-28 09:19:54,123] {logging_mixin.py:109} INFO - [2023-12-28 09:19:54,123] {dag.py:2287} INFO - Setting next_dagrun for tutorial_taskflow_api_etl to None
[2023-12-28 09:19:54,140] {processor.py:170} INFO - Processing /home/airflow/.local/lib/python3.6/site-packages/airflow/example_dags/tutorial_taskflow_api_etl.py took 0.581 seconds
[2023-12-28 09:20:24,638] {processor.py:162} INFO - Started process (PID=651) to work on /home/airflow/.local/lib/python3.6/site-packages/airflow/example_dags/tutorial_taskflow_api_etl.py
[2023-12-28 09:20:24,640] {processor.py:613} INFO - Processing file /home/airflow/.local/lib/python3.6/site-packages/airflow/example_dags/tutorial_taskflow_api_etl.py for tasks to queue
[2023-12-28 09:20:24,641] {logging_mixin.py:109} INFO - [2023-12-28 09:20:24,640] {dagbag.py:496} INFO - Filling up the DagBag from /home/airflow/.local/lib/python3.6/site-packages/airflow/example_dags/tutorial_taskflow_api_etl.py
[2023-12-28 09:20:24,660] {processor.py:623} INFO - DAG(s) dict_keys(['tutorial_taskflow_api_etl']) retrieved from /home/airflow/.local/lib/python3.6/site-packages/airflow/example_dags/tutorial_taskflow_api_etl.py
[2023-12-28 09:20:24,929] {logging_mixin.py:109} INFO - [2023-12-28 09:20:24,928] {dag.py:1834} INFO - Sync 1 DAGs
[2023-12-28 09:20:24,943] {logging_mixin.py:109} INFO - [2023-12-28 09:20:24,943] {dag.py:2287} INFO - Setting next_dagrun for tutorial_taskflow_api_etl to None
[2023-12-28 09:20:24,972] {processor.py:170} INFO - Processing /home/airflow/.local/lib/python3.6/site-packages/airflow/example_dags/tutorial_taskflow_api_etl.py took 0.337 seconds
[2023-12-28 09:20:55,324] {processor.py:162} INFO - Started process (PID=856) to work on /home/airflow/.local/lib/python3.6/site-packages/airflow/example_dags/tutorial_taskflow_api_etl.py
[2023-12-28 09:20:55,325] {processor.py:613} INFO - Processing file /home/airflow/.local/lib/python3.6/site-packages/airflow/example_dags/tutorial_taskflow_api_etl.py for tasks to queue
[2023-12-28 09:20:55,326] {logging_mixin.py:109} INFO - [2023-12-28 09:20:55,326] {dagbag.py:496} INFO - Filling up the DagBag from /home/airflow/.local/lib/python3.6/site-packages/airflow/example_dags/tutorial_taskflow_api_etl.py
[2023-12-28 09:20:55,345] {processor.py:623} INFO - DAG(s) dict_keys(['tutorial_taskflow_api_etl']) retrieved from /home/airflow/.local/lib/python3.6/site-packages/airflow/example_dags/tutorial_taskflow_api_etl.py
[2023-12-28 09:20:55,601] {logging_mixin.py:109} INFO - [2023-12-28 09:20:55,601] {dag.py:1834} INFO - Sync 1 DAGs
[2023-12-28 09:20:55,617] {logging_mixin.py:109} INFO - [2023-12-28 09:20:55,617] {dag.py:2287} INFO - Setting next_dagrun for tutorial_taskflow_api_etl to None
[2023-12-28 09:20:55,638] {processor.py:170} INFO - Processing /home/airflow/.local/lib/python3.6/site-packages/airflow/example_dags/tutorial_taskflow_api_etl.py took 0.318 seconds
[2023-12-28 09:21:26,119] {processor.py:162} INFO - Started process (PID=1063) to work on /home/airflow/.local/lib/python3.6/site-packages/airflow/example_dags/tutorial_taskflow_api_etl.py
[2023-12-28 09:21:26,119] {processor.py:613} INFO - Processing file /home/airflow/.local/lib/python3.6/site-packages/airflow/example_dags/tutorial_taskflow_api_etl.py for tasks to queue
[2023-12-28 09:21:26,120] {logging_mixin.py:109} INFO - [2023-12-28 09:21:26,120] {dagbag.py:496} INFO - Filling up the DagBag from /home/airflow/.local/lib/python3.6/site-packages/airflow/example_dags/tutorial_taskflow_api_etl.py
[2023-12-28 09:21:26,136] {processor.py:623} INFO - DAG(s) dict_keys(['tutorial_taskflow_api_etl']) retrieved from /home/airflow/.local/lib/python3.6/site-packages/airflow/example_dags/tutorial_taskflow_api_etl.py
[2023-12-28 09:21:26,357] {logging_mixin.py:109} INFO - [2023-12-28 09:21:26,357] {dag.py:1834} INFO - Sync 1 DAGs
[2023-12-28 09:21:26,370] {logging_mixin.py:109} INFO - [2023-12-28 09:21:26,370] {dag.py:2287} INFO - Setting next_dagrun for tutorial_taskflow_api_etl to None
[2023-12-28 09:21:26,385] {processor.py:170} INFO - Processing /home/airflow/.local/lib/python3.6/site-packages/airflow/example_dags/tutorial_taskflow_api_etl.py took 0.269 seconds
[2023-12-28 09:21:56,576] {processor.py:162} INFO - Started process (PID=1230) to work on /home/airflow/.local/lib/python3.6/site-packages/airflow/example_dags/tutorial_taskflow_api_etl.py
[2023-12-28 09:21:56,578] {processor.py:613} INFO - Processing file /home/airflow/.local/lib/python3.6/site-packages/airflow/example_dags/tutorial_taskflow_api_etl.py for tasks to queue
[2023-12-28 09:21:56,579] {logging_mixin.py:109} INFO - [2023-12-28 09:21:56,579] {dagbag.py:496} INFO - Filling up the DagBag from /home/airflow/.local/lib/python3.6/site-packages/airflow/example_dags/tutorial_taskflow_api_etl.py
[2023-12-28 09:21:56,597] {processor.py:623} INFO - DAG(s) dict_keys(['tutorial_taskflow_api_etl']) retrieved from /home/airflow/.local/lib/python3.6/site-packages/airflow/example_dags/tutorial_taskflow_api_etl.py
[2023-12-28 09:21:56,860] {logging_mixin.py:109} INFO - [2023-12-28 09:21:56,859] {dag.py:1834} INFO - Sync 1 DAGs
[2023-12-28 09:21:56,876] {logging_mixin.py:109} INFO - [2023-12-28 09:21:56,876] {dag.py:2287} INFO - Setting next_dagrun for tutorial_taskflow_api_etl to None
[2023-12-28 09:21:56,895] {processor.py:170} INFO - Processing /home/airflow/.local/lib/python3.6/site-packages/airflow/example_dags/tutorial_taskflow_api_etl.py took 0.323 seconds
[2023-12-28 09:22:27,013] {processor.py:162} INFO - Started process (PID=1423) to work on /home/airflow/.local/lib/python3.6/site-packages/airflow/example_dags/tutorial_taskflow_api_etl.py
[2023-12-28 09:22:27,015] {processor.py:613} INFO - Processing file /home/airflow/.local/lib/python3.6/site-packages/airflow/example_dags/tutorial_taskflow_api_etl.py for tasks to queue
[2023-12-28 09:22:27,016] {logging_mixin.py:109} INFO - [2023-12-28 09:22:27,015] {dagbag.py:496} INFO - Filling up the DagBag from /home/airflow/.local/lib/python3.6/site-packages/airflow/example_dags/tutorial_taskflow_api_etl.py
[2023-12-28 09:22:27,033] {processor.py:623} INFO - DAG(s) dict_keys(['tutorial_taskflow_api_etl']) retrieved from /home/airflow/.local/lib/python3.6/site-packages/airflow/example_dags/tutorial_taskflow_api_etl.py
[2023-12-28 09:22:27,253] {logging_mixin.py:109} INFO - [2023-12-28 09:22:27,253] {dag.py:1834} INFO - Sync 1 DAGs
[2023-12-28 09:22:27,267] {logging_mixin.py:109} INFO - [2023-12-28 09:22:27,267] {dag.py:2287} INFO - Setting next_dagrun for tutorial_taskflow_api_etl to None
[2023-12-28 09:22:27,283] {processor.py:170} INFO - Processing /home/airflow/.local/lib/python3.6/site-packages/airflow/example_dags/tutorial_taskflow_api_etl.py took 0.272 seconds
[2023-12-28 09:22:57,578] {processor.py:162} INFO - Started process (PID=1628) to work on /home/airflow/.local/lib/python3.6/site-packages/airflow/example_dags/tutorial_taskflow_api_etl.py
[2023-12-28 09:22:57,579] {processor.py:613} INFO - Processing file /home/airflow/.local/lib/python3.6/site-packages/airflow/example_dags/tutorial_taskflow_api_etl.py for tasks to queue
[2023-12-28 09:22:57,580] {logging_mixin.py:109} INFO - [2023-12-28 09:22:57,580] {dagbag.py:496} INFO - Filling up the DagBag from /home/airflow/.local/lib/python3.6/site-packages/airflow/example_dags/tutorial_taskflow_api_etl.py
[2023-12-28 09:22:57,596] {processor.py:623} INFO - DAG(s) dict_keys(['tutorial_taskflow_api_etl']) retrieved from /home/airflow/.local/lib/python3.6/site-packages/airflow/example_dags/tutorial_taskflow_api_etl.py
[2023-12-28 09:22:57,833] {logging_mixin.py:109} INFO - [2023-12-28 09:22:57,833] {dag.py:1834} INFO - Sync 1 DAGs
[2023-12-28 09:22:57,847] {logging_mixin.py:109} INFO - [2023-12-28 09:22:57,847] {dag.py:2287} INFO - Setting next_dagrun for tutorial_taskflow_api_etl to None
[2023-12-28 09:22:57,863] {processor.py:170} INFO - Processing /home/airflow/.local/lib/python3.6/site-packages/airflow/example_dags/tutorial_taskflow_api_etl.py took 0.288 seconds
[2023-12-28 09:23:27,932] {processor.py:162} INFO - Started process (PID=1823) to work on /home/airflow/.local/lib/python3.6/site-packages/airflow/example_dags/tutorial_taskflow_api_etl.py
[2023-12-28 09:23:27,934] {processor.py:613} INFO - Processing file /home/airflow/.local/lib/python3.6/site-packages/airflow/example_dags/tutorial_taskflow_api_etl.py for tasks to queue
[2023-12-28 09:23:27,935] {logging_mixin.py:109} INFO - [2023-12-28 09:23:27,935] {dagbag.py:496} INFO - Filling up the DagBag from /home/airflow/.local/lib/python3.6/site-packages/airflow/example_dags/tutorial_taskflow_api_etl.py
[2023-12-28 09:23:27,953] {processor.py:623} INFO - DAG(s) dict_keys(['tutorial_taskflow_api_etl']) retrieved from /home/airflow/.local/lib/python3.6/site-packages/airflow/example_dags/tutorial_taskflow_api_etl.py
[2023-12-28 09:23:27,982] {logging_mixin.py:109} INFO - [2023-12-28 09:23:27,981] {dag.py:1834} INFO - Sync 1 DAGs
[2023-12-28 09:23:28,000] {logging_mixin.py:109} INFO - [2023-12-28 09:23:28,000] {dag.py:2287} INFO - Setting next_dagrun for tutorial_taskflow_api_etl to None
[2023-12-28 09:23:28,019] {processor.py:170} INFO - Processing /home/airflow/.local/lib/python3.6/site-packages/airflow/example_dags/tutorial_taskflow_api_etl.py took 0.090 seconds
[2023-12-28 09:23:58,412] {processor.py:162} INFO - Started process (PID=2028) to work on /home/airflow/.local/lib/python3.6/site-packages/airflow/example_dags/tutorial_taskflow_api_etl.py
[2023-12-28 09:23:58,413] {processor.py:613} INFO - Processing file /home/airflow/.local/lib/python3.6/site-packages/airflow/example_dags/tutorial_taskflow_api_etl.py for tasks to queue
[2023-12-28 09:23:58,414] {logging_mixin.py:109} INFO - [2023-12-28 09:23:58,414] {dagbag.py:496} INFO - Filling up the DagBag from /home/airflow/.local/lib/python3.6/site-packages/airflow/example_dags/tutorial_taskflow_api_etl.py
[2023-12-28 09:23:58,429] {processor.py:623} INFO - DAG(s) dict_keys(['tutorial_taskflow_api_etl']) retrieved from /home/airflow/.local/lib/python3.6/site-packages/airflow/example_dags/tutorial_taskflow_api_etl.py
[2023-12-28 09:23:58,649] {logging_mixin.py:109} INFO - [2023-12-28 09:23:58,649] {dag.py:1834} INFO - Sync 1 DAGs
[2023-12-28 09:23:58,664] {logging_mixin.py:109} INFO - [2023-12-28 09:23:58,664] {dag.py:2287} INFO - Setting next_dagrun for tutorial_taskflow_api_etl to None
[2023-12-28 09:23:58,681] {processor.py:170} INFO - Processing /home/airflow/.local/lib/python3.6/site-packages/airflow/example_dags/tutorial_taskflow_api_etl.py took 0.271 seconds
[2023-12-28 09:24:29,118] {processor.py:162} INFO - Started process (PID=2223) to work on /home/airflow/.local/lib/python3.6/site-packages/airflow/example_dags/tutorial_taskflow_api_etl.py
[2023-12-28 09:24:29,120] {processor.py:613} INFO - Processing file /home/airflow/.local/lib/python3.6/site-packages/airflow/example_dags/tutorial_taskflow_api_etl.py for tasks to queue
[2023-12-28 09:24:29,121] {logging_mixin.py:109} INFO - [2023-12-28 09:24:29,121] {dagbag.py:496} INFO - Filling up the DagBag from /home/airflow/.local/lib/python3.6/site-packages/airflow/example_dags/tutorial_taskflow_api_etl.py
[2023-12-28 09:24:29,141] {processor.py:623} INFO - DAG(s) dict_keys(['tutorial_taskflow_api_etl']) retrieved from /home/airflow/.local/lib/python3.6/site-packages/airflow/example_dags/tutorial_taskflow_api_etl.py
[2023-12-28 09:24:29,404] {logging_mixin.py:109} INFO - [2023-12-28 09:24:29,403] {dag.py:1834} INFO - Sync 1 DAGs
[2023-12-28 09:24:29,420] {logging_mixin.py:109} INFO - [2023-12-28 09:24:29,420] {dag.py:2287} INFO - Setting next_dagrun for tutorial_taskflow_api_etl to None
[2023-12-28 09:24:29,438] {processor.py:170} INFO - Processing /home/airflow/.local/lib/python3.6/site-packages/airflow/example_dags/tutorial_taskflow_api_etl.py took 0.323 seconds
[2023-12-28 09:24:59,616] {processor.py:162} INFO - Started process (PID=2418) to work on /home/airflow/.local/lib/python3.6/site-packages/airflow/example_dags/tutorial_taskflow_api_etl.py
[2023-12-28 09:24:59,618] {processor.py:613} INFO - Processing file /home/airflow/.local/lib/python3.6/site-packages/airflow/example_dags/tutorial_taskflow_api_etl.py for tasks to queue
[2023-12-28 09:24:59,619] {logging_mixin.py:109} INFO - [2023-12-28 09:24:59,619] {dagbag.py:496} INFO - Filling up the DagBag from /home/airflow/.local/lib/python3.6/site-packages/airflow/example_dags/tutorial_taskflow_api_etl.py
[2023-12-28 09:24:59,640] {processor.py:623} INFO - DAG(s) dict_keys(['tutorial_taskflow_api_etl']) retrieved from /home/airflow/.local/lib/python3.6/site-packages/airflow/example_dags/tutorial_taskflow_api_etl.py
[2023-12-28 09:24:59,902] {logging_mixin.py:109} INFO - [2023-12-28 09:24:59,901] {dag.py:1834} INFO - Sync 1 DAGs
[2023-12-28 09:24:59,920] {logging_mixin.py:109} INFO - [2023-12-28 09:24:59,919] {dag.py:2287} INFO - Setting next_dagrun for tutorial_taskflow_api_etl to None
[2023-12-28 09:24:59,940] {processor.py:170} INFO - Processing /home/airflow/.local/lib/python3.6/site-packages/airflow/example_dags/tutorial_taskflow_api_etl.py took 0.329 seconds
[2023-12-28 09:25:30,115] {processor.py:162} INFO - Started process (PID=2631) to work on /home/airflow/.local/lib/python3.6/site-packages/airflow/example_dags/tutorial_taskflow_api_etl.py
[2023-12-28 09:25:30,117] {processor.py:613} INFO - Processing file /home/airflow/.local/lib/python3.6/site-packages/airflow/example_dags/tutorial_taskflow_api_etl.py for tasks to queue
[2023-12-28 09:25:30,118] {logging_mixin.py:109} INFO - [2023-12-28 09:25:30,118] {dagbag.py:496} INFO - Filling up the DagBag from /home/airflow/.local/lib/python3.6/site-packages/airflow/example_dags/tutorial_taskflow_api_etl.py
[2023-12-28 09:25:30,137] {processor.py:623} INFO - DAG(s) dict_keys(['tutorial_taskflow_api_etl']) retrieved from /home/airflow/.local/lib/python3.6/site-packages/airflow/example_dags/tutorial_taskflow_api_etl.py
[2023-12-28 09:25:30,394] {logging_mixin.py:109} INFO - [2023-12-28 09:25:30,394] {dag.py:1834} INFO - Sync 1 DAGs
[2023-12-28 09:25:30,411] {logging_mixin.py:109} INFO - [2023-12-28 09:25:30,411] {dag.py:2287} INFO - Setting next_dagrun for tutorial_taskflow_api_etl to None
[2023-12-28 09:25:30,429] {processor.py:170} INFO - Processing /home/airflow/.local/lib/python3.6/site-packages/airflow/example_dags/tutorial_taskflow_api_etl.py took 0.318 seconds
[2023-12-28 09:26:00,620] {processor.py:162} INFO - Started process (PID=2828) to work on /home/airflow/.local/lib/python3.6/site-packages/airflow/example_dags/tutorial_taskflow_api_etl.py
[2023-12-28 09:26:00,621] {processor.py:613} INFO - Processing file /home/airflow/.local/lib/python3.6/site-packages/airflow/example_dags/tutorial_taskflow_api_etl.py for tasks to queue
[2023-12-28 09:26:00,622] {logging_mixin.py:109} INFO - [2023-12-28 09:26:00,622] {dagbag.py:496} INFO - Filling up the DagBag from /home/airflow/.local/lib/python3.6/site-packages/airflow/example_dags/tutorial_taskflow_api_etl.py
[2023-12-28 09:26:00,642] {processor.py:623} INFO - DAG(s) dict_keys(['tutorial_taskflow_api_etl']) retrieved from /home/airflow/.local/lib/python3.6/site-packages/airflow/example_dags/tutorial_taskflow_api_etl.py
[2023-12-28 09:26:00,889] {logging_mixin.py:109} INFO - [2023-12-28 09:26:00,889] {dag.py:1834} INFO - Sync 1 DAGs
[2023-12-28 09:26:00,907] {logging_mixin.py:109} INFO - [2023-12-28 09:26:00,906] {dag.py:2287} INFO - Setting next_dagrun for tutorial_taskflow_api_etl to None
[2023-12-28 09:26:00,925] {processor.py:170} INFO - Processing /home/airflow/.local/lib/python3.6/site-packages/airflow/example_dags/tutorial_taskflow_api_etl.py took 0.308 seconds
[2023-12-28 09:26:31,003] {processor.py:162} INFO - Started process (PID=3033) to work on /home/airflow/.local/lib/python3.6/site-packages/airflow/example_dags/tutorial_taskflow_api_etl.py
[2023-12-28 09:26:31,006] {processor.py:613} INFO - Processing file /home/airflow/.local/lib/python3.6/site-packages/airflow/example_dags/tutorial_taskflow_api_etl.py for tasks to queue
[2023-12-28 09:26:31,007] {logging_mixin.py:109} INFO - [2023-12-28 09:26:31,007] {dagbag.py:496} INFO - Filling up the DagBag from /home/airflow/.local/lib/python3.6/site-packages/airflow/example_dags/tutorial_taskflow_api_etl.py
[2023-12-28 09:26:31,026] {processor.py:623} INFO - DAG(s) dict_keys(['tutorial_taskflow_api_etl']) retrieved from /home/airflow/.local/lib/python3.6/site-packages/airflow/example_dags/tutorial_taskflow_api_etl.py
[2023-12-28 09:26:31,271] {logging_mixin.py:109} INFO - [2023-12-28 09:26:31,270] {dag.py:1834} INFO - Sync 1 DAGs
[2023-12-28 09:26:31,288] {logging_mixin.py:109} INFO - [2023-12-28 09:26:31,288] {dag.py:2287} INFO - Setting next_dagrun for tutorial_taskflow_api_etl to None
[2023-12-28 09:26:31,307] {processor.py:170} INFO - Processing /home/airflow/.local/lib/python3.6/site-packages/airflow/example_dags/tutorial_taskflow_api_etl.py took 0.308 seconds
[2023-12-28 09:27:01,348] {processor.py:162} INFO - Started process (PID=3226) to work on /home/airflow/.local/lib/python3.6/site-packages/airflow/example_dags/tutorial_taskflow_api_etl.py
[2023-12-28 09:27:01,350] {processor.py:613} INFO - Processing file /home/airflow/.local/lib/python3.6/site-packages/airflow/example_dags/tutorial_taskflow_api_etl.py for tasks to queue
[2023-12-28 09:27:01,350] {logging_mixin.py:109} INFO - [2023-12-28 09:27:01,350] {dagbag.py:496} INFO - Filling up the DagBag from /home/airflow/.local/lib/python3.6/site-packages/airflow/example_dags/tutorial_taskflow_api_etl.py
[2023-12-28 09:27:01,369] {processor.py:623} INFO - DAG(s) dict_keys(['tutorial_taskflow_api_etl']) retrieved from /home/airflow/.local/lib/python3.6/site-packages/airflow/example_dags/tutorial_taskflow_api_etl.py
[2023-12-28 09:27:01,622] {logging_mixin.py:109} INFO - [2023-12-28 09:27:01,622] {dag.py:1834} INFO - Sync 1 DAGs
[2023-12-28 09:27:01,640] {logging_mixin.py:109} INFO - [2023-12-28 09:27:01,640] {dag.py:2287} INFO - Setting next_dagrun for tutorial_taskflow_api_etl to None
[2023-12-28 09:27:01,659] {processor.py:170} INFO - Processing /home/airflow/.local/lib/python3.6/site-packages/airflow/example_dags/tutorial_taskflow_api_etl.py took 0.314 seconds
[2023-12-28 09:27:31,910] {processor.py:162} INFO - Started process (PID=3436) to work on /home/airflow/.local/lib/python3.6/site-packages/airflow/example_dags/tutorial_taskflow_api_etl.py
[2023-12-28 09:27:31,912] {processor.py:613} INFO - Processing file /home/airflow/.local/lib/python3.6/site-packages/airflow/example_dags/tutorial_taskflow_api_etl.py for tasks to queue
[2023-12-28 09:27:31,913] {logging_mixin.py:109} INFO - [2023-12-28 09:27:31,912] {dagbag.py:496} INFO - Filling up the DagBag from /home/airflow/.local/lib/python3.6/site-packages/airflow/example_dags/tutorial_taskflow_api_etl.py
[2023-12-28 09:27:31,931] {processor.py:623} INFO - DAG(s) dict_keys(['tutorial_taskflow_api_etl']) retrieved from /home/airflow/.local/lib/python3.6/site-packages/airflow/example_dags/tutorial_taskflow_api_etl.py
[2023-12-28 09:27:32,164] {logging_mixin.py:109} INFO - [2023-12-28 09:27:32,164] {dag.py:1834} INFO - Sync 1 DAGs
[2023-12-28 09:27:32,178] {logging_mixin.py:109} INFO - [2023-12-28 09:27:32,178] {dag.py:2287} INFO - Setting next_dagrun for tutorial_taskflow_api_etl to None
[2023-12-28 09:27:32,194] {processor.py:170} INFO - Processing /home/airflow/.local/lib/python3.6/site-packages/airflow/example_dags/tutorial_taskflow_api_etl.py took 0.287 seconds
[2023-12-28 09:28:02,286] {processor.py:162} INFO - Started process (PID=3615) to work on /home/airflow/.local/lib/python3.6/site-packages/airflow/example_dags/tutorial_taskflow_api_etl.py
[2023-12-28 09:28:02,289] {processor.py:613} INFO - Processing file /home/airflow/.local/lib/python3.6/site-packages/airflow/example_dags/tutorial_taskflow_api_etl.py for tasks to queue
[2023-12-28 09:28:02,291] {logging_mixin.py:109} INFO - [2023-12-28 09:28:02,290] {dagbag.py:496} INFO - Filling up the DagBag from /home/airflow/.local/lib/python3.6/site-packages/airflow/example_dags/tutorial_taskflow_api_etl.py
[2023-12-28 09:28:02,342] {processor.py:623} INFO - DAG(s) dict_keys(['tutorial_taskflow_api_etl']) retrieved from /home/airflow/.local/lib/python3.6/site-packages/airflow/example_dags/tutorial_taskflow_api_etl.py
[2023-12-28 09:28:02,760] {logging_mixin.py:109} INFO - [2023-12-28 09:28:02,760] {dag.py:1834} INFO - Sync 1 DAGs
[2023-12-28 09:28:02,783] {logging_mixin.py:109} INFO - [2023-12-28 09:28:02,783] {dag.py:2287} INFO - Setting next_dagrun for tutorial_taskflow_api_etl to None
[2023-12-28 09:28:02,815] {processor.py:170} INFO - Processing /home/airflow/.local/lib/python3.6/site-packages/airflow/example_dags/tutorial_taskflow_api_etl.py took 0.537 seconds
[2023-12-28 09:28:33,444] {processor.py:162} INFO - Started process (PID=3810) to work on /home/airflow/.local/lib/python3.6/site-packages/airflow/example_dags/tutorial_taskflow_api_etl.py
[2023-12-28 09:28:33,447] {processor.py:613} INFO - Processing file /home/airflow/.local/lib/python3.6/site-packages/airflow/example_dags/tutorial_taskflow_api_etl.py for tasks to queue
[2023-12-28 09:28:33,448] {logging_mixin.py:109} INFO - [2023-12-28 09:28:33,448] {dagbag.py:496} INFO - Filling up the DagBag from /home/airflow/.local/lib/python3.6/site-packages/airflow/example_dags/tutorial_taskflow_api_etl.py
[2023-12-28 09:28:33,473] {processor.py:623} INFO - DAG(s) dict_keys(['tutorial_taskflow_api_etl']) retrieved from /home/airflow/.local/lib/python3.6/site-packages/airflow/example_dags/tutorial_taskflow_api_etl.py
[2023-12-28 09:28:33,506] {logging_mixin.py:109} INFO - [2023-12-28 09:28:33,506] {dag.py:1834} INFO - Sync 1 DAGs
[2023-12-28 09:28:33,525] {logging_mixin.py:109} INFO - [2023-12-28 09:28:33,525] {dag.py:2287} INFO - Setting next_dagrun for tutorial_taskflow_api_etl to None
[2023-12-28 09:28:33,544] {processor.py:170} INFO - Processing /home/airflow/.local/lib/python3.6/site-packages/airflow/example_dags/tutorial_taskflow_api_etl.py took 0.105 seconds
[2023-12-28 09:29:03,896] {processor.py:162} INFO - Started process (PID=4015) to work on /home/airflow/.local/lib/python3.6/site-packages/airflow/example_dags/tutorial_taskflow_api_etl.py
[2023-12-28 09:29:03,898] {processor.py:613} INFO - Processing file /home/airflow/.local/lib/python3.6/site-packages/airflow/example_dags/tutorial_taskflow_api_etl.py for tasks to queue
[2023-12-28 09:29:03,899] {logging_mixin.py:109} INFO - [2023-12-28 09:29:03,899] {dagbag.py:496} INFO - Filling up the DagBag from /home/airflow/.local/lib/python3.6/site-packages/airflow/example_dags/tutorial_taskflow_api_etl.py
[2023-12-28 09:29:03,925] {processor.py:623} INFO - DAG(s) dict_keys(['tutorial_taskflow_api_etl']) retrieved from /home/airflow/.local/lib/python3.6/site-packages/airflow/example_dags/tutorial_taskflow_api_etl.py
[2023-12-28 09:29:03,958] {logging_mixin.py:109} INFO - [2023-12-28 09:29:03,958] {dag.py:1834} INFO - Sync 1 DAGs
[2023-12-28 09:29:03,974] {logging_mixin.py:109} INFO - [2023-12-28 09:29:03,974] {dag.py:2287} INFO - Setting next_dagrun for tutorial_taskflow_api_etl to None
[2023-12-28 09:29:03,999] {processor.py:170} INFO - Processing /home/airflow/.local/lib/python3.6/site-packages/airflow/example_dags/tutorial_taskflow_api_etl.py took 0.107 seconds
[2023-12-28 09:29:34,346] {processor.py:162} INFO - Started process (PID=4210) to work on /home/airflow/.local/lib/python3.6/site-packages/airflow/example_dags/tutorial_taskflow_api_etl.py
[2023-12-28 09:29:34,348] {processor.py:613} INFO - Processing file /home/airflow/.local/lib/python3.6/site-packages/airflow/example_dags/tutorial_taskflow_api_etl.py for tasks to queue
[2023-12-28 09:29:34,349] {logging_mixin.py:109} INFO - [2023-12-28 09:29:34,349] {dagbag.py:496} INFO - Filling up the DagBag from /home/airflow/.local/lib/python3.6/site-packages/airflow/example_dags/tutorial_taskflow_api_etl.py
[2023-12-28 09:29:34,370] {processor.py:623} INFO - DAG(s) dict_keys(['tutorial_taskflow_api_etl']) retrieved from /home/airflow/.local/lib/python3.6/site-packages/airflow/example_dags/tutorial_taskflow_api_etl.py
[2023-12-28 09:29:34,620] {logging_mixin.py:109} INFO - [2023-12-28 09:29:34,619] {dag.py:1834} INFO - Sync 1 DAGs
[2023-12-28 09:29:34,635] {logging_mixin.py:109} INFO - [2023-12-28 09:29:34,635] {dag.py:2287} INFO - Setting next_dagrun for tutorial_taskflow_api_etl to None
[2023-12-28 09:29:34,652] {processor.py:170} INFO - Processing /home/airflow/.local/lib/python3.6/site-packages/airflow/example_dags/tutorial_taskflow_api_etl.py took 0.310 seconds
[2023-12-28 09:30:05,594] {processor.py:162} INFO - Started process (PID=4416) to work on /home/airflow/.local/lib/python3.6/site-packages/airflow/example_dags/tutorial_taskflow_api_etl.py
[2023-12-28 09:30:05,596] {processor.py:613} INFO - Processing file /home/airflow/.local/lib/python3.6/site-packages/airflow/example_dags/tutorial_taskflow_api_etl.py for tasks to queue
[2023-12-28 09:30:05,597] {logging_mixin.py:109} INFO - [2023-12-28 09:30:05,597] {dagbag.py:496} INFO - Filling up the DagBag from /home/airflow/.local/lib/python3.6/site-packages/airflow/example_dags/tutorial_taskflow_api_etl.py
[2023-12-28 09:30:05,619] {processor.py:623} INFO - DAG(s) dict_keys(['tutorial_taskflow_api_etl']) retrieved from /home/airflow/.local/lib/python3.6/site-packages/airflow/example_dags/tutorial_taskflow_api_etl.py
[2023-12-28 09:30:05,871] {logging_mixin.py:109} INFO - [2023-12-28 09:30:05,871] {dag.py:1834} INFO - Sync 1 DAGs
[2023-12-28 09:30:05,888] {logging_mixin.py:109} INFO - [2023-12-28 09:30:05,888] {dag.py:2287} INFO - Setting next_dagrun for tutorial_taskflow_api_etl to None
[2023-12-28 09:30:05,909] {processor.py:170} INFO - Processing /home/airflow/.local/lib/python3.6/site-packages/airflow/example_dags/tutorial_taskflow_api_etl.py took 0.318 seconds
[2023-12-28 09:30:36,908] {processor.py:162} INFO - Started process (PID=4610) to work on /home/airflow/.local/lib/python3.6/site-packages/airflow/example_dags/tutorial_taskflow_api_etl.py
[2023-12-28 09:30:36,911] {processor.py:613} INFO - Processing file /home/airflow/.local/lib/python3.6/site-packages/airflow/example_dags/tutorial_taskflow_api_etl.py for tasks to queue
[2023-12-28 09:30:36,912] {logging_mixin.py:109} INFO - [2023-12-28 09:30:36,911] {dagbag.py:496} INFO - Filling up the DagBag from /home/airflow/.local/lib/python3.6/site-packages/airflow/example_dags/tutorial_taskflow_api_etl.py
[2023-12-28 09:30:36,932] {processor.py:623} INFO - DAG(s) dict_keys(['tutorial_taskflow_api_etl']) retrieved from /home/airflow/.local/lib/python3.6/site-packages/airflow/example_dags/tutorial_taskflow_api_etl.py
[2023-12-28 09:30:37,195] {logging_mixin.py:109} INFO - [2023-12-28 09:30:37,195] {dag.py:1834} INFO - Sync 1 DAGs
[2023-12-28 09:30:37,214] {logging_mixin.py:109} INFO - [2023-12-28 09:30:37,214] {dag.py:2287} INFO - Setting next_dagrun for tutorial_taskflow_api_etl to None
[2023-12-28 09:30:37,235] {processor.py:170} INFO - Processing /home/airflow/.local/lib/python3.6/site-packages/airflow/example_dags/tutorial_taskflow_api_etl.py took 0.330 seconds
[2023-12-28 09:31:07,518] {processor.py:162} INFO - Started process (PID=4815) to work on /home/airflow/.local/lib/python3.6/site-packages/airflow/example_dags/tutorial_taskflow_api_etl.py
[2023-12-28 09:31:07,519] {processor.py:613} INFO - Processing file /home/airflow/.local/lib/python3.6/site-packages/airflow/example_dags/tutorial_taskflow_api_etl.py for tasks to queue
[2023-12-28 09:31:07,520] {logging_mixin.py:109} INFO - [2023-12-28 09:31:07,520] {dagbag.py:496} INFO - Filling up the DagBag from /home/airflow/.local/lib/python3.6/site-packages/airflow/example_dags/tutorial_taskflow_api_etl.py
[2023-12-28 09:31:07,547] {processor.py:623} INFO - DAG(s) dict_keys(['tutorial_taskflow_api_etl']) retrieved from /home/airflow/.local/lib/python3.6/site-packages/airflow/example_dags/tutorial_taskflow_api_etl.py
[2023-12-28 09:31:07,817] {logging_mixin.py:109} INFO - [2023-12-28 09:31:07,817] {dag.py:1834} INFO - Sync 1 DAGs
[2023-12-28 09:31:07,840] {logging_mixin.py:109} INFO - [2023-12-28 09:31:07,840] {dag.py:2287} INFO - Setting next_dagrun for tutorial_taskflow_api_etl to None
[2023-12-28 09:31:07,869] {processor.py:170} INFO - Processing /home/airflow/.local/lib/python3.6/site-packages/airflow/example_dags/tutorial_taskflow_api_etl.py took 0.355 seconds
[2023-12-28 09:31:38,681] {processor.py:162} INFO - Started process (PID=5010) to work on /home/airflow/.local/lib/python3.6/site-packages/airflow/example_dags/tutorial_taskflow_api_etl.py
[2023-12-28 09:31:38,684] {processor.py:613} INFO - Processing file /home/airflow/.local/lib/python3.6/site-packages/airflow/example_dags/tutorial_taskflow_api_etl.py for tasks to queue
[2023-12-28 09:31:38,686] {logging_mixin.py:109} INFO - [2023-12-28 09:31:38,686] {dagbag.py:496} INFO - Filling up the DagBag from /home/airflow/.local/lib/python3.6/site-packages/airflow/example_dags/tutorial_taskflow_api_etl.py
[2023-12-28 09:31:38,708] {processor.py:623} INFO - DAG(s) dict_keys(['tutorial_taskflow_api_etl']) retrieved from /home/airflow/.local/lib/python3.6/site-packages/airflow/example_dags/tutorial_taskflow_api_etl.py
[2023-12-28 09:31:38,942] {logging_mixin.py:109} INFO - [2023-12-28 09:31:38,942] {dag.py:1834} INFO - Sync 1 DAGs
[2023-12-28 09:31:38,959] {logging_mixin.py:109} INFO - [2023-12-28 09:31:38,959] {dag.py:2287} INFO - Setting next_dagrun for tutorial_taskflow_api_etl to None
[2023-12-28 09:31:38,979] {processor.py:170} INFO - Processing /home/airflow/.local/lib/python3.6/site-packages/airflow/example_dags/tutorial_taskflow_api_etl.py took 0.301 seconds
[2023-12-28 09:32:09,818] {processor.py:162} INFO - Started process (PID=5215) to work on /home/airflow/.local/lib/python3.6/site-packages/airflow/example_dags/tutorial_taskflow_api_etl.py
[2023-12-28 09:32:09,820] {processor.py:613} INFO - Processing file /home/airflow/.local/lib/python3.6/site-packages/airflow/example_dags/tutorial_taskflow_api_etl.py for tasks to queue
[2023-12-28 09:32:09,821] {logging_mixin.py:109} INFO - [2023-12-28 09:32:09,821] {dagbag.py:496} INFO - Filling up the DagBag from /home/airflow/.local/lib/python3.6/site-packages/airflow/example_dags/tutorial_taskflow_api_etl.py
[2023-12-28 09:32:09,840] {processor.py:623} INFO - DAG(s) dict_keys(['tutorial_taskflow_api_etl']) retrieved from /home/airflow/.local/lib/python3.6/site-packages/airflow/example_dags/tutorial_taskflow_api_etl.py
[2023-12-28 09:32:10,116] {logging_mixin.py:109} INFO - [2023-12-28 09:32:10,116] {dag.py:1834} INFO - Sync 1 DAGs
[2023-12-28 09:32:10,130] {logging_mixin.py:109} INFO - [2023-12-28 09:32:10,130] {dag.py:2287} INFO - Setting next_dagrun for tutorial_taskflow_api_etl to None
[2023-12-28 09:32:10,147] {processor.py:170} INFO - Processing /home/airflow/.local/lib/python3.6/site-packages/airflow/example_dags/tutorial_taskflow_api_etl.py took 0.332 seconds
[2023-12-28 09:32:41,017] {processor.py:162} INFO - Started process (PID=5410) to work on /home/airflow/.local/lib/python3.6/site-packages/airflow/example_dags/tutorial_taskflow_api_etl.py
[2023-12-28 09:32:41,019] {processor.py:613} INFO - Processing file /home/airflow/.local/lib/python3.6/site-packages/airflow/example_dags/tutorial_taskflow_api_etl.py for tasks to queue
[2023-12-28 09:32:41,020] {logging_mixin.py:109} INFO - [2023-12-28 09:32:41,020] {dagbag.py:496} INFO - Filling up the DagBag from /home/airflow/.local/lib/python3.6/site-packages/airflow/example_dags/tutorial_taskflow_api_etl.py
[2023-12-28 09:32:41,041] {processor.py:623} INFO - DAG(s) dict_keys(['tutorial_taskflow_api_etl']) retrieved from /home/airflow/.local/lib/python3.6/site-packages/airflow/example_dags/tutorial_taskflow_api_etl.py
[2023-12-28 09:32:41,278] {logging_mixin.py:109} INFO - [2023-12-28 09:32:41,278] {dag.py:1834} INFO - Sync 1 DAGs
[2023-12-28 09:32:41,295] {logging_mixin.py:109} INFO - [2023-12-28 09:32:41,295] {dag.py:2287} INFO - Setting next_dagrun for tutorial_taskflow_api_etl to None
[2023-12-28 09:32:41,315] {processor.py:170} INFO - Processing /home/airflow/.local/lib/python3.6/site-packages/airflow/example_dags/tutorial_taskflow_api_etl.py took 0.301 seconds
[2023-12-28 09:33:11,383] {processor.py:162} INFO - Started process (PID=5614) to work on /home/airflow/.local/lib/python3.6/site-packages/airflow/example_dags/tutorial_taskflow_api_etl.py
[2023-12-28 09:33:11,385] {processor.py:613} INFO - Processing file /home/airflow/.local/lib/python3.6/site-packages/airflow/example_dags/tutorial_taskflow_api_etl.py for tasks to queue
[2023-12-28 09:33:11,386] {logging_mixin.py:109} INFO - [2023-12-28 09:33:11,385] {dagbag.py:496} INFO - Filling up the DagBag from /home/airflow/.local/lib/python3.6/site-packages/airflow/example_dags/tutorial_taskflow_api_etl.py
[2023-12-28 09:33:11,408] {processor.py:623} INFO - DAG(s) dict_keys(['tutorial_taskflow_api_etl']) retrieved from /home/airflow/.local/lib/python3.6/site-packages/airflow/example_dags/tutorial_taskflow_api_etl.py
[2023-12-28 09:33:11,678] {logging_mixin.py:109} INFO - [2023-12-28 09:33:11,678] {dag.py:1834} INFO - Sync 1 DAGs
[2023-12-28 09:33:11,694] {logging_mixin.py:109} INFO - [2023-12-28 09:33:11,694] {dag.py:2287} INFO - Setting next_dagrun for tutorial_taskflow_api_etl to None
[2023-12-28 09:33:11,715] {processor.py:170} INFO - Processing /home/airflow/.local/lib/python3.6/site-packages/airflow/example_dags/tutorial_taskflow_api_etl.py took 0.335 seconds
[2023-12-28 09:33:41,749] {processor.py:162} INFO - Started process (PID=5811) to work on /home/airflow/.local/lib/python3.6/site-packages/airflow/example_dags/tutorial_taskflow_api_etl.py
[2023-12-28 09:33:41,758] {processor.py:613} INFO - Processing file /home/airflow/.local/lib/python3.6/site-packages/airflow/example_dags/tutorial_taskflow_api_etl.py for tasks to queue
[2023-12-28 09:33:41,759] {logging_mixin.py:109} INFO - [2023-12-28 09:33:41,759] {dagbag.py:496} INFO - Filling up the DagBag from /home/airflow/.local/lib/python3.6/site-packages/airflow/example_dags/tutorial_taskflow_api_etl.py
[2023-12-28 09:33:41,780] {processor.py:623} INFO - DAG(s) dict_keys(['tutorial_taskflow_api_etl']) retrieved from /home/airflow/.local/lib/python3.6/site-packages/airflow/example_dags/tutorial_taskflow_api_etl.py
[2023-12-28 09:33:42,012] {logging_mixin.py:109} INFO - [2023-12-28 09:33:42,012] {dag.py:1834} INFO - Sync 1 DAGs
[2023-12-28 09:33:42,028] {logging_mixin.py:109} INFO - [2023-12-28 09:33:42,028] {dag.py:2287} INFO - Setting next_dagrun for tutorial_taskflow_api_etl to None
[2023-12-28 09:33:42,046] {processor.py:170} INFO - Processing /home/airflow/.local/lib/python3.6/site-packages/airflow/example_dags/tutorial_taskflow_api_etl.py took 0.301 seconds
[2023-12-28 09:34:12,086] {processor.py:162} INFO - Started process (PID=6003) to work on /home/airflow/.local/lib/python3.6/site-packages/airflow/example_dags/tutorial_taskflow_api_etl.py
[2023-12-28 09:34:12,087] {processor.py:613} INFO - Processing file /home/airflow/.local/lib/python3.6/site-packages/airflow/example_dags/tutorial_taskflow_api_etl.py for tasks to queue
[2023-12-28 09:34:12,087] {logging_mixin.py:109} INFO - [2023-12-28 09:34:12,087] {dagbag.py:496} INFO - Filling up the DagBag from /home/airflow/.local/lib/python3.6/site-packages/airflow/example_dags/tutorial_taskflow_api_etl.py
[2023-12-28 09:34:12,102] {processor.py:623} INFO - DAG(s) dict_keys(['tutorial_taskflow_api_etl']) retrieved from /home/airflow/.local/lib/python3.6/site-packages/airflow/example_dags/tutorial_taskflow_api_etl.py
[2023-12-28 09:34:12,289] {logging_mixin.py:109} INFO - [2023-12-28 09:34:12,289] {dag.py:1834} INFO - Sync 1 DAGs
[2023-12-28 09:34:12,301] {logging_mixin.py:109} INFO - [2023-12-28 09:34:12,301] {dag.py:2287} INFO - Setting next_dagrun for tutorial_taskflow_api_etl to None
[2023-12-28 09:34:12,314] {processor.py:170} INFO - Processing /home/airflow/.local/lib/python3.6/site-packages/airflow/example_dags/tutorial_taskflow_api_etl.py took 0.230 seconds
[2023-12-28 09:34:43,071] {processor.py:162} INFO - Started process (PID=6211) to work on /home/airflow/.local/lib/python3.6/site-packages/airflow/example_dags/tutorial_taskflow_api_etl.py
[2023-12-28 09:34:43,073] {processor.py:613} INFO - Processing file /home/airflow/.local/lib/python3.6/site-packages/airflow/example_dags/tutorial_taskflow_api_etl.py for tasks to queue
[2023-12-28 09:34:43,074] {logging_mixin.py:109} INFO - [2023-12-28 09:34:43,074] {dagbag.py:496} INFO - Filling up the DagBag from /home/airflow/.local/lib/python3.6/site-packages/airflow/example_dags/tutorial_taskflow_api_etl.py
[2023-12-28 09:34:43,091] {processor.py:623} INFO - DAG(s) dict_keys(['tutorial_taskflow_api_etl']) retrieved from /home/airflow/.local/lib/python3.6/site-packages/airflow/example_dags/tutorial_taskflow_api_etl.py
[2023-12-28 09:34:43,317] {logging_mixin.py:109} INFO - [2023-12-28 09:34:43,317] {dag.py:1834} INFO - Sync 1 DAGs
[2023-12-28 09:34:43,332] {logging_mixin.py:109} INFO - [2023-12-28 09:34:43,332] {dag.py:2287} INFO - Setting next_dagrun for tutorial_taskflow_api_etl to None
[2023-12-28 09:34:43,347] {processor.py:170} INFO - Processing /home/airflow/.local/lib/python3.6/site-packages/airflow/example_dags/tutorial_taskflow_api_etl.py took 0.280 seconds
[2023-12-28 09:35:14,191] {processor.py:162} INFO - Started process (PID=6405) to work on /home/airflow/.local/lib/python3.6/site-packages/airflow/example_dags/tutorial_taskflow_api_etl.py
[2023-12-28 09:35:14,192] {processor.py:613} INFO - Processing file /home/airflow/.local/lib/python3.6/site-packages/airflow/example_dags/tutorial_taskflow_api_etl.py for tasks to queue
[2023-12-28 09:35:14,193] {logging_mixin.py:109} INFO - [2023-12-28 09:35:14,193] {dagbag.py:496} INFO - Filling up the DagBag from /home/airflow/.local/lib/python3.6/site-packages/airflow/example_dags/tutorial_taskflow_api_etl.py
[2023-12-28 09:35:14,213] {processor.py:623} INFO - DAG(s) dict_keys(['tutorial_taskflow_api_etl']) retrieved from /home/airflow/.local/lib/python3.6/site-packages/airflow/example_dags/tutorial_taskflow_api_etl.py
[2023-12-28 09:35:14,462] {logging_mixin.py:109} INFO - [2023-12-28 09:35:14,462] {dag.py:1834} INFO - Sync 1 DAGs
[2023-12-28 09:35:14,477] {logging_mixin.py:109} INFO - [2023-12-28 09:35:14,477] {dag.py:2287} INFO - Setting next_dagrun for tutorial_taskflow_api_etl to None
[2023-12-28 09:35:14,493] {processor.py:170} INFO - Processing /home/airflow/.local/lib/python3.6/site-packages/airflow/example_dags/tutorial_taskflow_api_etl.py took 0.305 seconds
[2023-12-28 09:35:45,390] {processor.py:162} INFO - Started process (PID=6610) to work on /home/airflow/.local/lib/python3.6/site-packages/airflow/example_dags/tutorial_taskflow_api_etl.py
[2023-12-28 09:35:45,392] {processor.py:613} INFO - Processing file /home/airflow/.local/lib/python3.6/site-packages/airflow/example_dags/tutorial_taskflow_api_etl.py for tasks to queue
[2023-12-28 09:35:45,393] {logging_mixin.py:109} INFO - [2023-12-28 09:35:45,393] {dagbag.py:496} INFO - Filling up the DagBag from /home/airflow/.local/lib/python3.6/site-packages/airflow/example_dags/tutorial_taskflow_api_etl.py
[2023-12-28 09:35:45,410] {processor.py:623} INFO - DAG(s) dict_keys(['tutorial_taskflow_api_etl']) retrieved from /home/airflow/.local/lib/python3.6/site-packages/airflow/example_dags/tutorial_taskflow_api_etl.py
[2023-12-28 09:35:45,639] {logging_mixin.py:109} INFO - [2023-12-28 09:35:45,639] {dag.py:1834} INFO - Sync 1 DAGs
[2023-12-28 09:35:45,653] {logging_mixin.py:109} INFO - [2023-12-28 09:35:45,653] {dag.py:2287} INFO - Setting next_dagrun for tutorial_taskflow_api_etl to None
[2023-12-28 09:35:45,669] {processor.py:170} INFO - Processing /home/airflow/.local/lib/python3.6/site-packages/airflow/example_dags/tutorial_taskflow_api_etl.py took 0.283 seconds
[2023-12-28 09:36:16,520] {processor.py:162} INFO - Started process (PID=6805) to work on /home/airflow/.local/lib/python3.6/site-packages/airflow/example_dags/tutorial_taskflow_api_etl.py
[2023-12-28 09:36:16,521] {processor.py:613} INFO - Processing file /home/airflow/.local/lib/python3.6/site-packages/airflow/example_dags/tutorial_taskflow_api_etl.py for tasks to queue
[2023-12-28 09:36:16,522] {logging_mixin.py:109} INFO - [2023-12-28 09:36:16,522] {dagbag.py:496} INFO - Filling up the DagBag from /home/airflow/.local/lib/python3.6/site-packages/airflow/example_dags/tutorial_taskflow_api_etl.py
[2023-12-28 09:36:16,540] {processor.py:623} INFO - DAG(s) dict_keys(['tutorial_taskflow_api_etl']) retrieved from /home/airflow/.local/lib/python3.6/site-packages/airflow/example_dags/tutorial_taskflow_api_etl.py
[2023-12-28 09:36:16,773] {logging_mixin.py:109} INFO - [2023-12-28 09:36:16,773] {dag.py:1834} INFO - Sync 1 DAGs
[2023-12-28 09:36:16,788] {logging_mixin.py:109} INFO - [2023-12-28 09:36:16,787] {dag.py:2287} INFO - Setting next_dagrun for tutorial_taskflow_api_etl to None
[2023-12-28 09:36:16,805] {processor.py:170} INFO - Processing /home/airflow/.local/lib/python3.6/site-packages/airflow/example_dags/tutorial_taskflow_api_etl.py took 0.288 seconds
[2023-12-28 09:36:46,921] {processor.py:162} INFO - Started process (PID=7011) to work on /home/airflow/.local/lib/python3.6/site-packages/airflow/example_dags/tutorial_taskflow_api_etl.py
[2023-12-28 09:36:46,924] {processor.py:613} INFO - Processing file /home/airflow/.local/lib/python3.6/site-packages/airflow/example_dags/tutorial_taskflow_api_etl.py for tasks to queue
[2023-12-28 09:36:46,926] {logging_mixin.py:109} INFO - [2023-12-28 09:36:46,926] {dagbag.py:496} INFO - Filling up the DagBag from /home/airflow/.local/lib/python3.6/site-packages/airflow/example_dags/tutorial_taskflow_api_etl.py
[2023-12-28 09:36:46,984] {processor.py:623} INFO - DAG(s) dict_keys(['tutorial_taskflow_api_etl']) retrieved from /home/airflow/.local/lib/python3.6/site-packages/airflow/example_dags/tutorial_taskflow_api_etl.py
[2023-12-28 09:36:47,756] {logging_mixin.py:109} INFO - [2023-12-28 09:36:47,756] {dag.py:1834} INFO - Sync 1 DAGs
[2023-12-28 09:36:47,794] {logging_mixin.py:109} INFO - [2023-12-28 09:36:47,793] {dag.py:2287} INFO - Setting next_dagrun for tutorial_taskflow_api_etl to None
[2023-12-28 09:36:47,820] {processor.py:170} INFO - Processing /home/airflow/.local/lib/python3.6/site-packages/airflow/example_dags/tutorial_taskflow_api_etl.py took 0.913 seconds
[2023-12-28 09:37:18,496] {processor.py:162} INFO - Started process (PID=7205) to work on /home/airflow/.local/lib/python3.6/site-packages/airflow/example_dags/tutorial_taskflow_api_etl.py
[2023-12-28 09:37:18,497] {processor.py:613} INFO - Processing file /home/airflow/.local/lib/python3.6/site-packages/airflow/example_dags/tutorial_taskflow_api_etl.py for tasks to queue
[2023-12-28 09:37:18,498] {logging_mixin.py:109} INFO - [2023-12-28 09:37:18,498] {dagbag.py:496} INFO - Filling up the DagBag from /home/airflow/.local/lib/python3.6/site-packages/airflow/example_dags/tutorial_taskflow_api_etl.py
[2023-12-28 09:37:18,516] {processor.py:623} INFO - DAG(s) dict_keys(['tutorial_taskflow_api_etl']) retrieved from /home/airflow/.local/lib/python3.6/site-packages/airflow/example_dags/tutorial_taskflow_api_etl.py
[2023-12-28 09:37:19,025] {logging_mixin.py:109} INFO - [2023-12-28 09:37:19,025] {dag.py:1834} INFO - Sync 1 DAGs
[2023-12-28 09:37:19,052] {logging_mixin.py:109} INFO - [2023-12-28 09:37:19,052] {dag.py:2287} INFO - Setting next_dagrun for tutorial_taskflow_api_etl to None
[2023-12-28 09:37:19,078] {processor.py:170} INFO - Processing /home/airflow/.local/lib/python3.6/site-packages/airflow/example_dags/tutorial_taskflow_api_etl.py took 0.585 seconds
[2023-12-28 09:37:49,942] {processor.py:162} INFO - Started process (PID=7407) to work on /home/airflow/.local/lib/python3.6/site-packages/airflow/example_dags/tutorial_taskflow_api_etl.py
[2023-12-28 09:37:49,943] {processor.py:613} INFO - Processing file /home/airflow/.local/lib/python3.6/site-packages/airflow/example_dags/tutorial_taskflow_api_etl.py for tasks to queue
[2023-12-28 09:37:49,944] {logging_mixin.py:109} INFO - [2023-12-28 09:37:49,943] {dagbag.py:496} INFO - Filling up the DagBag from /home/airflow/.local/lib/python3.6/site-packages/airflow/example_dags/tutorial_taskflow_api_etl.py
[2023-12-28 09:37:49,961] {processor.py:623} INFO - DAG(s) dict_keys(['tutorial_taskflow_api_etl']) retrieved from /home/airflow/.local/lib/python3.6/site-packages/airflow/example_dags/tutorial_taskflow_api_etl.py
[2023-12-28 09:37:50,193] {logging_mixin.py:109} INFO - [2023-12-28 09:37:50,193] {dag.py:1834} INFO - Sync 1 DAGs
[2023-12-28 09:37:50,206] {logging_mixin.py:109} INFO - [2023-12-28 09:37:50,206] {dag.py:2287} INFO - Setting next_dagrun for tutorial_taskflow_api_etl to None
[2023-12-28 09:37:50,222] {processor.py:170} INFO - Processing /home/airflow/.local/lib/python3.6/site-packages/airflow/example_dags/tutorial_taskflow_api_etl.py took 0.283 seconds
[2023-12-28 09:38:20,419] {processor.py:162} INFO - Started process (PID=7608) to work on /home/airflow/.local/lib/python3.6/site-packages/airflow/example_dags/tutorial_taskflow_api_etl.py
[2023-12-28 09:38:20,420] {processor.py:613} INFO - Processing file /home/airflow/.local/lib/python3.6/site-packages/airflow/example_dags/tutorial_taskflow_api_etl.py for tasks to queue
[2023-12-28 09:38:20,421] {logging_mixin.py:109} INFO - [2023-12-28 09:38:20,421] {dagbag.py:496} INFO - Filling up the DagBag from /home/airflow/.local/lib/python3.6/site-packages/airflow/example_dags/tutorial_taskflow_api_etl.py
[2023-12-28 09:38:20,439] {processor.py:623} INFO - DAG(s) dict_keys(['tutorial_taskflow_api_etl']) retrieved from /home/airflow/.local/lib/python3.6/site-packages/airflow/example_dags/tutorial_taskflow_api_etl.py
[2023-12-28 09:38:20,683] {logging_mixin.py:109} INFO - [2023-12-28 09:38:20,682] {dag.py:1834} INFO - Sync 1 DAGs
[2023-12-28 09:38:20,698] {logging_mixin.py:109} INFO - [2023-12-28 09:38:20,698] {dag.py:2287} INFO - Setting next_dagrun for tutorial_taskflow_api_etl to None
[2023-12-28 09:38:20,713] {processor.py:170} INFO - Processing /home/airflow/.local/lib/python3.6/site-packages/airflow/example_dags/tutorial_taskflow_api_etl.py took 0.297 seconds
[2023-12-28 09:38:51,317] {processor.py:162} INFO - Started process (PID=7800) to work on /home/airflow/.local/lib/python3.6/site-packages/airflow/example_dags/tutorial_taskflow_api_etl.py
[2023-12-28 09:38:51,318] {processor.py:613} INFO - Processing file /home/airflow/.local/lib/python3.6/site-packages/airflow/example_dags/tutorial_taskflow_api_etl.py for tasks to queue
[2023-12-28 09:38:51,318] {logging_mixin.py:109} INFO - [2023-12-28 09:38:51,318] {dagbag.py:496} INFO - Filling up the DagBag from /home/airflow/.local/lib/python3.6/site-packages/airflow/example_dags/tutorial_taskflow_api_etl.py
[2023-12-28 09:38:51,335] {processor.py:623} INFO - DAG(s) dict_keys(['tutorial_taskflow_api_etl']) retrieved from /home/airflow/.local/lib/python3.6/site-packages/airflow/example_dags/tutorial_taskflow_api_etl.py
[2023-12-28 09:38:51,587] {logging_mixin.py:109} INFO - [2023-12-28 09:38:51,587] {dag.py:1834} INFO - Sync 1 DAGs
[2023-12-28 09:38:51,602] {logging_mixin.py:109} INFO - [2023-12-28 09:38:51,602] {dag.py:2287} INFO - Setting next_dagrun for tutorial_taskflow_api_etl to None
[2023-12-28 09:38:51,619] {processor.py:170} INFO - Processing /home/airflow/.local/lib/python3.6/site-packages/airflow/example_dags/tutorial_taskflow_api_etl.py took 0.305 seconds
[2023-12-28 09:39:21,951] {processor.py:162} INFO - Started process (PID=8005) to work on /home/airflow/.local/lib/python3.6/site-packages/airflow/example_dags/tutorial_taskflow_api_etl.py
[2023-12-28 09:39:21,953] {processor.py:613} INFO - Processing file /home/airflow/.local/lib/python3.6/site-packages/airflow/example_dags/tutorial_taskflow_api_etl.py for tasks to queue
[2023-12-28 09:39:21,954] {logging_mixin.py:109} INFO - [2023-12-28 09:39:21,953] {dagbag.py:496} INFO - Filling up the DagBag from /home/airflow/.local/lib/python3.6/site-packages/airflow/example_dags/tutorial_taskflow_api_etl.py
[2023-12-28 09:39:21,978] {processor.py:623} INFO - DAG(s) dict_keys(['tutorial_taskflow_api_etl']) retrieved from /home/airflow/.local/lib/python3.6/site-packages/airflow/example_dags/tutorial_taskflow_api_etl.py
[2023-12-28 09:39:22,187] {logging_mixin.py:109} INFO - [2023-12-28 09:39:22,187] {dag.py:1834} INFO - Sync 1 DAGs
[2023-12-28 09:39:22,201] {logging_mixin.py:109} INFO - [2023-12-28 09:39:22,201] {dag.py:2287} INFO - Setting next_dagrun for tutorial_taskflow_api_etl to None
[2023-12-28 09:39:22,214] {processor.py:170} INFO - Processing /home/airflow/.local/lib/python3.6/site-packages/airflow/example_dags/tutorial_taskflow_api_etl.py took 0.267 seconds
[2023-12-28 09:39:52,900] {processor.py:162} INFO - Started process (PID=8200) to work on /home/airflow/.local/lib/python3.6/site-packages/airflow/example_dags/tutorial_taskflow_api_etl.py
[2023-12-28 09:39:52,901] {processor.py:613} INFO - Processing file /home/airflow/.local/lib/python3.6/site-packages/airflow/example_dags/tutorial_taskflow_api_etl.py for tasks to queue
[2023-12-28 09:39:52,902] {logging_mixin.py:109} INFO - [2023-12-28 09:39:52,902] {dagbag.py:496} INFO - Filling up the DagBag from /home/airflow/.local/lib/python3.6/site-packages/airflow/example_dags/tutorial_taskflow_api_etl.py
[2023-12-28 09:39:52,919] {processor.py:623} INFO - DAG(s) dict_keys(['tutorial_taskflow_api_etl']) retrieved from /home/airflow/.local/lib/python3.6/site-packages/airflow/example_dags/tutorial_taskflow_api_etl.py
[2023-12-28 09:39:53,140] {logging_mixin.py:109} INFO - [2023-12-28 09:39:53,140] {dag.py:1834} INFO - Sync 1 DAGs
[2023-12-28 09:39:53,155] {logging_mixin.py:109} INFO - [2023-12-28 09:39:53,154] {dag.py:2287} INFO - Setting next_dagrun for tutorial_taskflow_api_etl to None
[2023-12-28 09:39:53,171] {processor.py:170} INFO - Processing /home/airflow/.local/lib/python3.6/site-packages/airflow/example_dags/tutorial_taskflow_api_etl.py took 0.273 seconds
[2023-12-28 09:40:23,198] {processor.py:162} INFO - Started process (PID=8403) to work on /home/airflow/.local/lib/python3.6/site-packages/airflow/example_dags/tutorial_taskflow_api_etl.py
[2023-12-28 09:40:23,200] {processor.py:613} INFO - Processing file /home/airflow/.local/lib/python3.6/site-packages/airflow/example_dags/tutorial_taskflow_api_etl.py for tasks to queue
[2023-12-28 09:40:23,201] {logging_mixin.py:109} INFO - [2023-12-28 09:40:23,201] {dagbag.py:496} INFO - Filling up the DagBag from /home/airflow/.local/lib/python3.6/site-packages/airflow/example_dags/tutorial_taskflow_api_etl.py
[2023-12-28 09:40:23,220] {processor.py:623} INFO - DAG(s) dict_keys(['tutorial_taskflow_api_etl']) retrieved from /home/airflow/.local/lib/python3.6/site-packages/airflow/example_dags/tutorial_taskflow_api_etl.py
[2023-12-28 09:40:23,457] {logging_mixin.py:109} INFO - [2023-12-28 09:40:23,457] {dag.py:1834} INFO - Sync 1 DAGs
[2023-12-28 09:40:23,472] {logging_mixin.py:109} INFO - [2023-12-28 09:40:23,472] {dag.py:2287} INFO - Setting next_dagrun for tutorial_taskflow_api_etl to None
[2023-12-28 09:40:23,488] {processor.py:170} INFO - Processing /home/airflow/.local/lib/python3.6/site-packages/airflow/example_dags/tutorial_taskflow_api_etl.py took 0.292 seconds
