[2024-03-10 16:19:09,258] {taskinstance.py:903} INFO - Dependencies all met for <TaskInstance: meeting_project492.fetch_meeting 2024-03-10T16:19:08.089573+00:00 [queued]>
[2024-03-10 16:19:09,271] {taskinstance.py:903} INFO - Dependencies all met for <TaskInstance: meeting_project492.fetch_meeting 2024-03-10T16:19:08.089573+00:00 [queued]>
[2024-03-10 16:19:09,271] {taskinstance.py:1095} INFO - 
--------------------------------------------------------------------------------
[2024-03-10 16:19:09,271] {taskinstance.py:1096} INFO - Starting attempt 1 of 1
[2024-03-10 16:19:09,271] {taskinstance.py:1097} INFO - 
--------------------------------------------------------------------------------
[2024-03-10 16:19:09,286] {taskinstance.py:1115} INFO - Executing <Task(PythonOperator): fetch_meeting> on 2024-03-10T16:19:08.089573+00:00
[2024-03-10 16:19:09,290] {standard_task_runner.py:52} INFO - Started process 1962 to run task
[2024-03-10 16:19:09,294] {standard_task_runner.py:76} INFO - Running: ['***', 'tasks', 'run', 'meeting_project492', 'fetch_meeting', '2024-03-10T16:19:08.089573+00:00', '--job-id', '409', '--pool', 'default_pool', '--raw', '--subdir', 'DAGS_FOLDER/first_dag.py', '--cfg-path', '/tmp/tmpgv9gfkoq', '--error-file', '/tmp/tmpk9qiid1u']
[2024-03-10 16:19:09,297] {standard_task_runner.py:77} INFO - Job 409: Subtask fetch_meeting
[2024-03-10 16:19:09,352] {logging_mixin.py:109} INFO - Running <TaskInstance: meeting_project492.fetch_meeting 2024-03-10T16:19:08.089573+00:00 [running]> on host 6053b7d19b63
[2024-03-10 16:19:09,412] {taskinstance.py:1254} INFO - Exporting the following env vars:
AIRFLOW_CTX_DAG_OWNER=***
AIRFLOW_CTX_DAG_ID=meeting_project492
AIRFLOW_CTX_TASK_ID=fetch_meeting
AIRFLOW_CTX_EXECUTION_DATE=2024-03-10T16:19:08.089573+00:00
AIRFLOW_CTX_DAG_RUN_ID=manual__2024-03-10T16:19:08.089573+00:00
[2024-03-10 16:19:12,437] {logging_mixin.py:109} INFO - Output to /home/tnanun/***-meet/data/data_meet.csv yoyoyoyoyoyo
[2024-03-10 16:19:12,438] {python.py:151} INFO - Done. Returned value was: None
[2024-03-10 16:19:12,452] {taskinstance.py:1219} INFO - Marking task as SUCCESS. dag_id=meeting_project492, task_id=fetch_meeting, execution_date=20240310T161908, start_date=20240310T161909, end_date=20240310T161912
[2024-03-10 16:19:12,479] {local_task_job.py:151} INFO - Task exited with return code 0
[2024-03-10 16:19:12,521] {local_task_job.py:261} INFO - 1 downstream tasks scheduled from follow-on schedule check
