[2023-12-27 14:16:28,517] {taskinstance.py:903} INFO - Dependencies all met for <TaskInstance: meeting.fetch_meeting 2023-12-27T13:00:00+00:00 [queued]>
[2023-12-27 14:16:28,531] {taskinstance.py:903} INFO - Dependencies all met for <TaskInstance: meeting.fetch_meeting 2023-12-27T13:00:00+00:00 [queued]>
[2023-12-27 14:16:28,531] {taskinstance.py:1095} INFO - 
--------------------------------------------------------------------------------
[2023-12-27 14:16:28,531] {taskinstance.py:1096} INFO - Starting attempt 1 of 1
[2023-12-27 14:16:28,531] {taskinstance.py:1097} INFO - 
--------------------------------------------------------------------------------
[2023-12-27 14:16:28,539] {taskinstance.py:1115} INFO - Executing <Task(PythonOperator): fetch_meeting> on 2023-12-27T13:00:00+00:00
[2023-12-27 14:16:28,543] {standard_task_runner.py:52} INFO - Started process 598 to run task
[2023-12-27 14:16:28,546] {standard_task_runner.py:76} INFO - Running: ['***', 'tasks', 'run', 'meeting', 'fetch_meeting', '2023-12-27T13:00:00+00:00', '--job-id', '108', '--pool', 'default_pool', '--raw', '--subdir', 'DAGS_FOLDER/first_dag.py', '--cfg-path', '/tmp/tmp6urq7krm', '--error-file', '/tmp/tmpwp727b6q']
[2023-12-27 14:16:28,549] {standard_task_runner.py:77} INFO - Job 108: Subtask fetch_meeting
[2023-12-27 14:16:28,589] {logging_mixin.py:109} INFO - Running <TaskInstance: meeting.fetch_meeting 2023-12-27T13:00:00+00:00 [running]> on host 6fcf1040ed70
[2023-12-27 14:16:28,640] {taskinstance.py:1254} INFO - Exporting the following env vars:
AIRFLOW_CTX_DAG_OWNER=***
AIRFLOW_CTX_DAG_ID=meeting
AIRFLOW_CTX_TASK_ID=fetch_meeting
AIRFLOW_CTX_EXECUTION_DATE=2023-12-27T13:00:00+00:00
AIRFLOW_CTX_DAG_RUN_ID=scheduled__2023-12-27T13:00:00+00:00
[2023-12-27 14:16:29,896] {logging_mixin.py:109} INFO - Output to /home/tnanun/***-meet/data/data_meet.csv yoyoyoyoyoyo
[2023-12-27 14:16:29,897] {python.py:151} INFO - Done. Returned value was: None
[2023-12-27 14:16:29,907] {taskinstance.py:1219} INFO - Marking task as SUCCESS. dag_id=meeting, task_id=fetch_meeting, execution_date=20231227T130000, start_date=20231227T141628, end_date=20231227T141629
[2023-12-27 14:16:29,964] {local_task_job.py:151} INFO - Task exited with return code 0
[2023-12-27 14:16:29,985] {local_task_job.py:261} INFO - 1 downstream tasks scheduled from follow-on schedule check
