[2023-12-03 09:59:02,857] {taskinstance.py:903} INFO - Dependencies all met for <TaskInstance: meeting.fetch_answers 2023-12-03T09:59:01.283307+00:00 [queued]>
[2023-12-03 09:59:02,873] {taskinstance.py:903} INFO - Dependencies all met for <TaskInstance: meeting.fetch_answers 2023-12-03T09:59:01.283307+00:00 [queued]>
[2023-12-03 09:59:02,873] {taskinstance.py:1095} INFO - 
--------------------------------------------------------------------------------
[2023-12-03 09:59:02,873] {taskinstance.py:1096} INFO - Starting attempt 1 of 1
[2023-12-03 09:59:02,873] {taskinstance.py:1097} INFO - 
--------------------------------------------------------------------------------
[2023-12-03 09:59:02,883] {taskinstance.py:1115} INFO - Executing <Task(PythonOperator): fetch_answers> on 2023-12-03T09:59:01.283307+00:00
[2023-12-03 09:59:02,887] {standard_task_runner.py:52} INFO - Started process 599 to run task
[2023-12-03 09:59:02,890] {standard_task_runner.py:76} INFO - Running: ['***', 'tasks', 'run', 'meeting', 'fetch_answers', '2023-12-03T09:59:01.283307+00:00', '--job-id', '39', '--pool', 'default_pool', '--raw', '--subdir', 'DAGS_FOLDER/first_dag.py', '--cfg-path', '/tmp/tmpel6asw1o', '--error-file', '/tmp/tmprf_11750']
[2023-12-03 09:59:02,893] {standard_task_runner.py:77} INFO - Job 39: Subtask fetch_answers
[2023-12-03 09:59:02,928] {logging_mixin.py:109} INFO - Running <TaskInstance: meeting.fetch_answers 2023-12-03T09:59:01.283307+00:00 [running]> on host 2dc0f840af49
[2023-12-03 09:59:02,972] {taskinstance.py:1254} INFO - Exporting the following env vars:
AIRFLOW_CTX_DAG_OWNER=***
AIRFLOW_CTX_DAG_ID=meeting
AIRFLOW_CTX_TASK_ID=fetch_answers
AIRFLOW_CTX_EXECUTION_DATE=2023-12-03T09:59:01.283307+00:00
AIRFLOW_CTX_DAG_RUN_ID=manual__2023-12-03T09:59:01.283307+00:00
[2023-12-03 09:59:08,277] {logging_mixin.py:109} INFO - Output to /home/tnanun/***-meet/data/data_ans.csv yoyoyoyoyoyo
[2023-12-03 09:59:08,277] {python.py:151} INFO - Done. Returned value was: None
[2023-12-03 09:59:08,287] {taskinstance.py:1219} INFO - Marking task as SUCCESS. dag_id=meeting, task_id=fetch_answers, execution_date=20231203T095901, start_date=20231203T095902, end_date=20231203T095908
[2023-12-03 09:59:08,325] {local_task_job.py:151} INFO - Task exited with return code 0
[2023-12-03 09:59:08,349] {local_task_job.py:261} INFO - 1 downstream tasks scheduled from follow-on schedule check
