[2024-03-09 03:00:01,669] {taskinstance.py:903} INFO - Dependencies all met for <TaskInstance: meeting_project492.fetch_meet_object 2024-03-09T02:00:00+00:00 [queued]>
[2024-03-09 03:00:01,683] {taskinstance.py:903} INFO - Dependencies all met for <TaskInstance: meeting_project492.fetch_meet_object 2024-03-09T02:00:00+00:00 [queued]>
[2024-03-09 03:00:01,683] {taskinstance.py:1095} INFO - 
--------------------------------------------------------------------------------
[2024-03-09 03:00:01,683] {taskinstance.py:1096} INFO - Starting attempt 1 of 1
[2024-03-09 03:00:01,683] {taskinstance.py:1097} INFO - 
--------------------------------------------------------------------------------
[2024-03-09 03:00:01,697] {taskinstance.py:1115} INFO - Executing <Task(PythonOperator): fetch_meet_object> on 2024-03-09T02:00:00+00:00
[2024-03-09 03:00:01,702] {standard_task_runner.py:52} INFO - Started process 1823 to run task
[2024-03-09 03:00:01,705] {standard_task_runner.py:76} INFO - Running: ['***', 'tasks', 'run', 'meeting_project492', 'fetch_meet_object', '2024-03-09T02:00:00+00:00', '--job-id', '350', '--pool', 'default_pool', '--raw', '--subdir', 'DAGS_FOLDER/first_dag.py', '--cfg-path', '/tmp/tmps0srp2sp', '--error-file', '/tmp/tmp4985hwfu']
[2024-03-09 03:00:01,708] {standard_task_runner.py:77} INFO - Job 350: Subtask fetch_meet_object
[2024-03-09 03:00:01,754] {logging_mixin.py:109} INFO - Running <TaskInstance: meeting_project492.fetch_meet_object 2024-03-09T02:00:00+00:00 [running]> on host 62b9685fb4d1
[2024-03-09 03:00:01,819] {taskinstance.py:1254} INFO - Exporting the following env vars:
AIRFLOW_CTX_DAG_OWNER=***
AIRFLOW_CTX_DAG_ID=meeting_project492
AIRFLOW_CTX_TASK_ID=fetch_meet_object
AIRFLOW_CTX_EXECUTION_DATE=2024-03-09T02:00:00+00:00
AIRFLOW_CTX_DAG_RUN_ID=scheduled__2024-03-09T02:00:00+00:00
[2024-03-09 03:00:05,846] {logging_mixin.py:109} INFO - Output to /home/tnanun/***-meet/data/data_obj.csv yoyoyoyoyoyo
[2024-03-09 03:00:05,846] {python.py:151} INFO - Done. Returned value was: None
[2024-03-09 03:00:05,856] {taskinstance.py:1219} INFO - Marking task as SUCCESS. dag_id=meeting_project492, task_id=fetch_meet_object, execution_date=20240309T020000, start_date=20240309T030001, end_date=20240309T030005
[2024-03-09 03:00:05,894] {local_task_job.py:151} INFO - Task exited with return code 0
[2024-03-09 03:00:05,924] {local_task_job.py:261} INFO - 0 downstream tasks scheduled from follow-on schedule check
