[2024-03-11 05:44:32,341] {taskinstance.py:903} INFO - Dependencies all met for <TaskInstance: meeting_project492.clean_comment 2024-03-11T05:44:27.509782+00:00 [queued]>
[2024-03-11 05:44:32,353] {taskinstance.py:903} INFO - Dependencies all met for <TaskInstance: meeting_project492.clean_comment 2024-03-11T05:44:27.509782+00:00 [queued]>
[2024-03-11 05:44:32,353] {taskinstance.py:1095} INFO - 
--------------------------------------------------------------------------------
[2024-03-11 05:44:32,353] {taskinstance.py:1096} INFO - Starting attempt 1 of 1
[2024-03-11 05:44:32,353] {taskinstance.py:1097} INFO - 
--------------------------------------------------------------------------------
[2024-03-11 05:44:32,369] {taskinstance.py:1115} INFO - Executing <Task(PythonOperator): clean_comment> on 2024-03-11T05:44:27.509782+00:00
[2024-03-11 05:44:32,374] {standard_task_runner.py:52} INFO - Started process 885 to run task
[2024-03-11 05:44:32,376] {standard_task_runner.py:76} INFO - Running: ['***', 'tasks', 'run', 'meeting_project492', 'clean_comment', '2024-03-11T05:44:27.509782+00:00', '--job-id', '688', '--pool', 'default_pool', '--raw', '--subdir', 'DAGS_FOLDER/first_dag.py', '--cfg-path', '/tmp/tmpbsnlej_j', '--error-file', '/tmp/tmp_egfbii4']
[2024-03-11 05:44:32,379] {standard_task_runner.py:77} INFO - Job 688: Subtask clean_comment
[2024-03-11 05:44:32,420] {logging_mixin.py:109} INFO - Running <TaskInstance: meeting_project492.clean_comment 2024-03-11T05:44:27.509782+00:00 [running]> on host 1c0f3566e916
[2024-03-11 05:44:32,474] {taskinstance.py:1254} INFO - Exporting the following env vars:
AIRFLOW_CTX_DAG_OWNER=***
AIRFLOW_CTX_DAG_ID=meeting_project492
AIRFLOW_CTX_TASK_ID=clean_comment
AIRFLOW_CTX_EXECUTION_DATE=2024-03-11T05:44:27.509782+00:00
AIRFLOW_CTX_DAG_RUN_ID=manual__2024-03-11T05:44:27.509782+00:00
[2024-03-11 05:44:32,492] {logging_mixin.py:109} INFO - Output to /home/tnanun/***-meet/data/data_com.csv yoyoyoyoyoyo
[2024-03-11 05:44:32,492] {python.py:151} INFO - Done. Returned value was: None
[2024-03-11 05:44:32,504] {taskinstance.py:1219} INFO - Marking task as SUCCESS. dag_id=meeting_project492, task_id=clean_comment, execution_date=20240311T054427, start_date=20240311T054432, end_date=20240311T054432
[2024-03-11 05:44:32,548] {local_task_job.py:151} INFO - Task exited with return code 0
[2024-03-11 05:44:32,574] {local_task_job.py:261} INFO - 0 downstream tasks scheduled from follow-on schedule check
