[2024-03-05 10:17:35,117] {taskinstance.py:903} INFO - Dependencies all met for <TaskInstance: meeting_project.clean_answers 2024-03-05T10:17:31.061461+00:00 [queued]>
[2024-03-05 10:17:35,131] {taskinstance.py:903} INFO - Dependencies all met for <TaskInstance: meeting_project.clean_answers 2024-03-05T10:17:31.061461+00:00 [queued]>
[2024-03-05 10:17:35,131] {taskinstance.py:1095} INFO - 
--------------------------------------------------------------------------------
[2024-03-05 10:17:35,131] {taskinstance.py:1096} INFO - Starting attempt 1 of 1
[2024-03-05 10:17:35,131] {taskinstance.py:1097} INFO - 
--------------------------------------------------------------------------------
[2024-03-05 10:17:35,140] {taskinstance.py:1115} INFO - Executing <Task(PythonOperator): clean_answers> on 2024-03-05T10:17:31.061461+00:00
[2024-03-05 10:17:35,144] {standard_task_runner.py:52} INFO - Started process 3534 to run task
[2024-03-05 10:17:35,147] {standard_task_runner.py:76} INFO - Running: ['***', 'tasks', 'run', 'meeting_project', 'clean_answers', '2024-03-05T10:17:31.061461+00:00', '--job-id', '264', '--pool', 'default_pool', '--raw', '--subdir', 'DAGS_FOLDER/first_dag.py', '--cfg-path', '/tmp/tmprrsoafhn', '--error-file', '/tmp/tmpn3nit9rj']
[2024-03-05 10:17:35,149] {standard_task_runner.py:77} INFO - Job 264: Subtask clean_answers
[2024-03-05 10:17:35,185] {logging_mixin.py:109} INFO - Running <TaskInstance: meeting_project.clean_answers 2024-03-05T10:17:31.061461+00:00 [running]> on host 4622d7b8f726
[2024-03-05 10:17:35,234] {taskinstance.py:1254} INFO - Exporting the following env vars:
AIRFLOW_CTX_DAG_OWNER=***
AIRFLOW_CTX_DAG_ID=meeting_project
AIRFLOW_CTX_TASK_ID=clean_answers
AIRFLOW_CTX_EXECUTION_DATE=2024-03-05T10:17:31.061461+00:00
AIRFLOW_CTX_DAG_RUN_ID=manual__2024-03-05T10:17:31.061461+00:00
[2024-03-05 10:17:35,257] {logging_mixin.py:109} INFO - Output to /home/tnanun/***-meet/data/data_ans.csv yoyoyoyoyoyo
[2024-03-05 10:17:35,257] {python.py:151} INFO - Done. Returned value was: None
[2024-03-05 10:17:35,268] {taskinstance.py:1219} INFO - Marking task as SUCCESS. dag_id=meeting_project, task_id=clean_answers, execution_date=20240305T101731, start_date=20240305T101735, end_date=20240305T101735
[2024-03-05 10:17:35,319] {local_task_job.py:151} INFO - Task exited with return code 0
[2024-03-05 10:17:35,346] {local_task_job.py:261} INFO - 0 downstream tasks scheduled from follow-on schedule check
