[2024-03-11 05:43:38,212] {taskinstance.py:903} INFO - Dependencies all met for <TaskInstance: meeting_project492.fetch_folders 2024-03-11T04:00:00+00:00 [queued]>
[2024-03-11 05:43:38,227] {taskinstance.py:903} INFO - Dependencies all met for <TaskInstance: meeting_project492.fetch_folders 2024-03-11T04:00:00+00:00 [queued]>
[2024-03-11 05:43:38,228] {taskinstance.py:1095} INFO - 
--------------------------------------------------------------------------------
[2024-03-11 05:43:38,228] {taskinstance.py:1096} INFO - Starting attempt 1 of 1
[2024-03-11 05:43:38,228] {taskinstance.py:1097} INFO - 
--------------------------------------------------------------------------------
[2024-03-11 05:43:38,254] {taskinstance.py:1115} INFO - Executing <Task(PythonOperator): fetch_folders> on 2024-03-11T04:00:00+00:00
[2024-03-11 05:43:38,261] {standard_task_runner.py:52} INFO - Started process 345 to run task
[2024-03-11 05:43:38,266] {standard_task_runner.py:76} INFO - Running: ['***', 'tasks', 'run', 'meeting_project492', 'fetch_folders', '2024-03-11T04:00:00+00:00', '--job-id', '672', '--pool', 'default_pool', '--raw', '--subdir', 'DAGS_FOLDER/first_dag.py', '--cfg-path', '/tmp/tmpyers51g7', '--error-file', '/tmp/tmpczc_a7du']
[2024-03-11 05:43:38,271] {standard_task_runner.py:77} INFO - Job 672: Subtask fetch_folders
[2024-03-11 05:43:38,328] {logging_mixin.py:109} INFO - Running <TaskInstance: meeting_project492.fetch_folders 2024-03-11T04:00:00+00:00 [running]> on host 1c0f3566e916
[2024-03-11 05:43:38,408] {taskinstance.py:1254} INFO - Exporting the following env vars:
AIRFLOW_CTX_DAG_OWNER=***
AIRFLOW_CTX_DAG_ID=meeting_project492
AIRFLOW_CTX_TASK_ID=fetch_folders
AIRFLOW_CTX_EXECUTION_DATE=2024-03-11T04:00:00+00:00
AIRFLOW_CTX_DAG_RUN_ID=scheduled__2024-03-11T04:00:00+00:00
[2024-03-11 05:43:43,153] {logging_mixin.py:109} INFO - Output to /home/tnanun/***-meet/data/data_folder.csv yoyoyoyoyoyo
[2024-03-11 05:43:43,154] {python.py:151} INFO - Done. Returned value was: None
[2024-03-11 05:43:43,164] {taskinstance.py:1219} INFO - Marking task as SUCCESS. dag_id=meeting_project492, task_id=fetch_folders, execution_date=20240311T040000, start_date=20240311T054338, end_date=20240311T054343
[2024-03-11 05:43:43,217] {local_task_job.py:151} INFO - Task exited with return code 0
[2024-03-11 05:43:43,297] {local_task_job.py:261} INFO - 0 downstream tasks scheduled from follow-on schedule check
