[2024-03-10 16:15:59,212] {taskinstance.py:903} INFO - Dependencies all met for <TaskInstance: meeting_project492.fetch_meeting 2024-03-10T15:00:00+00:00 [queued]>
[2024-03-10 16:15:59,235] {taskinstance.py:903} INFO - Dependencies all met for <TaskInstance: meeting_project492.fetch_meeting 2024-03-10T15:00:00+00:00 [queued]>
[2024-03-10 16:15:59,237] {taskinstance.py:1095} INFO - 
--------------------------------------------------------------------------------
[2024-03-10 16:15:59,238] {taskinstance.py:1096} INFO - Starting attempt 1 of 1
[2024-03-10 16:15:59,238] {taskinstance.py:1097} INFO - 
--------------------------------------------------------------------------------
[2024-03-10 16:15:59,271] {taskinstance.py:1115} INFO - Executing <Task(PythonOperator): fetch_meeting> on 2024-03-10T15:00:00+00:00
[2024-03-10 16:15:59,279] {standard_task_runner.py:52} INFO - Started process 391 to run task
[2024-03-10 16:15:59,286] {standard_task_runner.py:76} INFO - Running: ['***', 'tasks', 'run', 'meeting_project492', 'fetch_meeting', '2024-03-10T15:00:00+00:00', '--job-id', '394', '--pool', 'default_pool', '--raw', '--subdir', 'DAGS_FOLDER/first_dag.py', '--cfg-path', '/tmp/tmpexxd5hc3', '--error-file', '/tmp/tmp143esv8d']
[2024-03-10 16:15:59,291] {standard_task_runner.py:77} INFO - Job 394: Subtask fetch_meeting
[2024-03-10 16:15:59,377] {logging_mixin.py:109} INFO - Running <TaskInstance: meeting_project492.fetch_meeting 2024-03-10T15:00:00+00:00 [running]> on host 6053b7d19b63
[2024-03-10 16:15:59,561] {taskinstance.py:1254} INFO - Exporting the following env vars:
AIRFLOW_CTX_DAG_OWNER=***
AIRFLOW_CTX_DAG_ID=meeting_project492
AIRFLOW_CTX_TASK_ID=fetch_meeting
AIRFLOW_CTX_EXECUTION_DATE=2024-03-10T15:00:00+00:00
AIRFLOW_CTX_DAG_RUN_ID=scheduled__2024-03-10T15:00:00+00:00
[2024-03-10 16:16:00,939] {logging_mixin.py:109} INFO - Output to /home/tnanun/***-meet/data/data_meet.csv yoyoyoyoyoyo
[2024-03-10 16:16:00,940] {python.py:151} INFO - Done. Returned value was: None
[2024-03-10 16:16:00,960] {taskinstance.py:1219} INFO - Marking task as SUCCESS. dag_id=meeting_project492, task_id=fetch_meeting, execution_date=20240310T150000, start_date=20240310T161559, end_date=20240310T161600
[2024-03-10 16:16:01,011] {local_task_job.py:151} INFO - Task exited with return code 0
[2024-03-10 16:16:01,065] {local_task_job.py:261} INFO - 1 downstream tasks scheduled from follow-on schedule check
