[2024-03-09 04:00:08,789] {taskinstance.py:903} INFO - Dependencies all met for <TaskInstance: meeting_project492.clean_meeting 2024-03-09T03:00:00+00:00 [queued]>
[2024-03-09 04:00:08,802] {taskinstance.py:903} INFO - Dependencies all met for <TaskInstance: meeting_project492.clean_meeting 2024-03-09T03:00:00+00:00 [queued]>
[2024-03-09 04:00:08,802] {taskinstance.py:1095} INFO - 
--------------------------------------------------------------------------------
[2024-03-09 04:00:08,802] {taskinstance.py:1096} INFO - Starting attempt 1 of 1
[2024-03-09 04:00:08,802] {taskinstance.py:1097} INFO - 
--------------------------------------------------------------------------------
[2024-03-09 04:00:08,819] {taskinstance.py:1115} INFO - Executing <Task(PythonOperator): clean_meeting> on 2024-03-09T03:00:00+00:00
[2024-03-09 04:00:08,824] {standard_task_runner.py:52} INFO - Started process 26258 to run task
[2024-03-09 04:00:08,826] {standard_task_runner.py:76} INFO - Running: ['***', 'tasks', 'run', 'meeting_project492', 'clean_meeting', '2024-03-09T03:00:00+00:00', '--job-id', '385', '--pool', 'default_pool', '--raw', '--subdir', 'DAGS_FOLDER/first_dag.py', '--cfg-path', '/tmp/tmpi5bb6xll', '--error-file', '/tmp/tmp0lrxekho']
[2024-03-09 04:00:08,829] {standard_task_runner.py:77} INFO - Job 385: Subtask clean_meeting
[2024-03-09 04:00:08,868] {logging_mixin.py:109} INFO - Running <TaskInstance: meeting_project492.clean_meeting 2024-03-09T03:00:00+00:00 [running]> on host 62b9685fb4d1
[2024-03-09 04:00:08,923] {taskinstance.py:1254} INFO - Exporting the following env vars:
AIRFLOW_CTX_DAG_OWNER=***
AIRFLOW_CTX_DAG_ID=meeting_project492
AIRFLOW_CTX_TASK_ID=clean_meeting
AIRFLOW_CTX_EXECUTION_DATE=2024-03-09T03:00:00+00:00
AIRFLOW_CTX_DAG_RUN_ID=scheduled__2024-03-09T03:00:00+00:00
[2024-03-09 04:00:08,965] {logging_mixin.py:109} INFO - Output to /home/tnanun/***-meet/data/data_meet.csv yoyoyoyoyoyo
[2024-03-09 04:00:08,965] {python.py:151} INFO - Done. Returned value was: None
[2024-03-09 04:00:08,974] {taskinstance.py:1219} INFO - Marking task as SUCCESS. dag_id=meeting_project492, task_id=clean_meeting, execution_date=20240309T030000, start_date=20240309T040008, end_date=20240309T040008
[2024-03-09 04:00:08,998] {local_task_job.py:151} INFO - Task exited with return code 0
[2024-03-09 04:00:09,027] {local_task_job.py:261} INFO - 0 downstream tasks scheduled from follow-on schedule check
