[2024-03-01 15:03:08,782] {taskinstance.py:903} INFO - Dependencies all met for <TaskInstance: meeting.fetch_answers 2024-03-01T15:03:07.458278+00:00 [queued]>
[2024-03-01 15:03:08,796] {taskinstance.py:903} INFO - Dependencies all met for <TaskInstance: meeting.fetch_answers 2024-03-01T15:03:07.458278+00:00 [queued]>
[2024-03-01 15:03:08,797] {taskinstance.py:1095} INFO - 
--------------------------------------------------------------------------------
[2024-03-01 15:03:08,797] {taskinstance.py:1096} INFO - Starting attempt 1 of 1
[2024-03-01 15:03:08,797] {taskinstance.py:1097} INFO - 
--------------------------------------------------------------------------------
[2024-03-01 15:03:08,806] {taskinstance.py:1115} INFO - Executing <Task(PythonOperator): fetch_answers> on 2024-03-01T15:03:07.458278+00:00
[2024-03-01 15:03:08,810] {standard_task_runner.py:52} INFO - Started process 5525 to run task
[2024-03-01 15:03:08,813] {standard_task_runner.py:76} INFO - Running: ['***', 'tasks', 'run', 'meeting', 'fetch_answers', '2024-03-01T15:03:07.458278+00:00', '--job-id', '201', '--pool', 'default_pool', '--raw', '--subdir', 'DAGS_FOLDER/first_dag.py', '--cfg-path', '/tmp/tmpmxmgvuet', '--error-file', '/tmp/tmpw5u81sf8']
[2024-03-01 15:03:08,818] {standard_task_runner.py:77} INFO - Job 201: Subtask fetch_answers
[2024-03-01 15:03:08,906] {logging_mixin.py:109} INFO - Running <TaskInstance: meeting.fetch_answers 2024-03-01T15:03:07.458278+00:00 [running]> on host b272d77a87bd
[2024-03-01 15:03:08,968] {taskinstance.py:1254} INFO - Exporting the following env vars:
AIRFLOW_CTX_DAG_OWNER=***
AIRFLOW_CTX_DAG_ID=meeting
AIRFLOW_CTX_TASK_ID=fetch_answers
AIRFLOW_CTX_EXECUTION_DATE=2024-03-01T15:03:07.458278+00:00
AIRFLOW_CTX_DAG_RUN_ID=manual__2024-03-01T15:03:07.458278+00:00
[2024-03-01 15:03:10,101] {logging_mixin.py:109} INFO - Output to /home/tnanun/***-meet/data/data_ans.csv yoyoyoyoyoyo
[2024-03-01 15:03:10,101] {python.py:151} INFO - Done. Returned value was: None
[2024-03-01 15:03:10,112] {taskinstance.py:1219} INFO - Marking task as SUCCESS. dag_id=meeting, task_id=fetch_answers, execution_date=20240301T150307, start_date=20240301T150308, end_date=20240301T150310
[2024-03-01 15:03:10,151] {local_task_job.py:151} INFO - Task exited with return code 0
[2024-03-01 15:03:10,184] {local_task_job.py:261} INFO - 1 downstream tasks scheduled from follow-on schedule check
