[2024-03-09 02:59:38,398] {taskinstance.py:903} INFO - Dependencies all met for <TaskInstance: meeting_project492.fetch_comment 2024-03-09T02:59:37.170793+00:00 [queued]>
[2024-03-09 02:59:38,409] {taskinstance.py:903} INFO - Dependencies all met for <TaskInstance: meeting_project492.fetch_comment 2024-03-09T02:59:37.170793+00:00 [queued]>
[2024-03-09 02:59:38,409] {taskinstance.py:1095} INFO - 
--------------------------------------------------------------------------------
[2024-03-09 02:59:38,409] {taskinstance.py:1096} INFO - Starting attempt 1 of 1
[2024-03-09 02:59:38,409] {taskinstance.py:1097} INFO - 
--------------------------------------------------------------------------------
[2024-03-09 02:59:38,426] {taskinstance.py:1115} INFO - Executing <Task(PythonOperator): fetch_comment> on 2024-03-09T02:59:37.170793+00:00
[2024-03-09 02:59:38,431] {standard_task_runner.py:52} INFO - Started process 1591 to run task
[2024-03-09 02:59:38,435] {standard_task_runner.py:76} INFO - Running: ['***', 'tasks', 'run', 'meeting_project492', 'fetch_comment', '2024-03-09T02:59:37.170793+00:00', '--job-id', '339', '--pool', 'default_pool', '--raw', '--subdir', 'DAGS_FOLDER/first_dag.py', '--cfg-path', '/tmp/tmpu2l133w_', '--error-file', '/tmp/tmp_2ejnvh8']
[2024-03-09 02:59:38,439] {standard_task_runner.py:77} INFO - Job 339: Subtask fetch_comment
[2024-03-09 02:59:38,481] {logging_mixin.py:109} INFO - Running <TaskInstance: meeting_project492.fetch_comment 2024-03-09T02:59:37.170793+00:00 [running]> on host 62b9685fb4d1
[2024-03-09 02:59:38,538] {taskinstance.py:1254} INFO - Exporting the following env vars:
AIRFLOW_CTX_DAG_OWNER=***
AIRFLOW_CTX_DAG_ID=meeting_project492
AIRFLOW_CTX_TASK_ID=fetch_comment
AIRFLOW_CTX_EXECUTION_DATE=2024-03-09T02:59:37.170793+00:00
AIRFLOW_CTX_DAG_RUN_ID=manual__2024-03-09T02:59:37.170793+00:00
[2024-03-09 02:59:43,476] {logging_mixin.py:109} INFO - Output to /home/tnanun/***-meet/data/data_com.csv yoyoyoyoyoyo
[2024-03-09 02:59:43,477] {python.py:151} INFO - Done. Returned value was: None
[2024-03-09 02:59:43,485] {taskinstance.py:1219} INFO - Marking task as SUCCESS. dag_id=meeting_project492, task_id=fetch_comment, execution_date=20240309T025937, start_date=20240309T025938, end_date=20240309T025943
[2024-03-09 02:59:43,507] {local_task_job.py:151} INFO - Task exited with return code 0
[2024-03-09 02:59:43,534] {local_task_job.py:261} INFO - 1 downstream tasks scheduled from follow-on schedule check
