[2024-03-11 02:42:18,150] {taskinstance.py:903} INFO - Dependencies all met for <TaskInstance: meeting_project492.clean_meet_obj 2024-03-11T02:42:13.795950+00:00 [queued]>
[2024-03-11 02:42:18,173] {taskinstance.py:903} INFO - Dependencies all met for <TaskInstance: meeting_project492.clean_meet_obj 2024-03-11T02:42:13.795950+00:00 [queued]>
[2024-03-11 02:42:18,174] {taskinstance.py:1095} INFO - 
--------------------------------------------------------------------------------
[2024-03-11 02:42:18,174] {taskinstance.py:1096} INFO - Starting attempt 1 of 1
[2024-03-11 02:42:18,174] {taskinstance.py:1097} INFO - 
--------------------------------------------------------------------------------
[2024-03-11 02:42:18,185] {taskinstance.py:1115} INFO - Executing <Task(PythonOperator): clean_meet_obj> on 2024-03-11T02:42:13.795950+00:00
[2024-03-11 02:42:18,190] {standard_task_runner.py:52} INFO - Started process 14413 to run task
[2024-03-11 02:42:18,193] {standard_task_runner.py:76} INFO - Running: ['***', 'tasks', 'run', 'meeting_project492', 'clean_meet_obj', '2024-03-11T02:42:13.795950+00:00', '--job-id', '494', '--pool', 'default_pool', '--raw', '--subdir', 'DAGS_FOLDER/first_dag.py', '--cfg-path', '/tmp/tmpfxtpyc9m', '--error-file', '/tmp/tmpxcoz004z']
[2024-03-11 02:42:18,196] {standard_task_runner.py:77} INFO - Job 494: Subtask clean_meet_obj
[2024-03-11 02:42:18,237] {logging_mixin.py:109} INFO - Running <TaskInstance: meeting_project492.clean_meet_obj 2024-03-11T02:42:13.795950+00:00 [running]> on host fe457b6d1f83
[2024-03-11 02:42:18,291] {taskinstance.py:1254} INFO - Exporting the following env vars:
AIRFLOW_CTX_DAG_OWNER=***
AIRFLOW_CTX_DAG_ID=meeting_project492
AIRFLOW_CTX_TASK_ID=clean_meet_obj
AIRFLOW_CTX_EXECUTION_DATE=2024-03-11T02:42:13.795950+00:00
AIRFLOW_CTX_DAG_RUN_ID=manual__2024-03-11T02:42:13.795950+00:00
[2024-03-11 02:42:18,306] {logging_mixin.py:109} INFO - Output to /home/tnanun/***-meet/data/data_com.csv yoyoyoyoyoyo
[2024-03-11 02:42:18,307] {python.py:151} INFO - Done. Returned value was: None
[2024-03-11 02:42:18,316] {taskinstance.py:1219} INFO - Marking task as SUCCESS. dag_id=meeting_project492, task_id=clean_meet_obj, execution_date=20240311T024213, start_date=20240311T024218, end_date=20240311T024218
[2024-03-11 02:42:18,366] {local_task_job.py:151} INFO - Task exited with return code 0
[2024-03-11 02:42:18,405] {local_task_job.py:261} INFO - 1 downstream tasks scheduled from follow-on schedule check
