[2024-03-11 04:35:03,914] {taskinstance.py:903} INFO - Dependencies all met for <TaskInstance: meeting_project492.clean_comment 2024-03-11T04:34:56.277255+00:00 [queued]>
[2024-03-11 04:35:03,926] {taskinstance.py:903} INFO - Dependencies all met for <TaskInstance: meeting_project492.clean_comment 2024-03-11T04:34:56.277255+00:00 [queued]>
[2024-03-11 04:35:03,926] {taskinstance.py:1095} INFO - 
--------------------------------------------------------------------------------
[2024-03-11 04:35:03,926] {taskinstance.py:1096} INFO - Starting attempt 1 of 1
[2024-03-11 04:35:03,926] {taskinstance.py:1097} INFO - 
--------------------------------------------------------------------------------
[2024-03-11 04:35:03,941] {taskinstance.py:1115} INFO - Executing <Task(PythonOperator): clean_comment> on 2024-03-11T04:34:56.277255+00:00
[2024-03-11 04:35:03,946] {standard_task_runner.py:52} INFO - Started process 5257 to run task
[2024-03-11 04:35:03,948] {standard_task_runner.py:76} INFO - Running: ['***', 'tasks', 'run', 'meeting_project492', 'clean_comment', '2024-03-11T04:34:56.277255+00:00', '--job-id', '637', '--pool', 'default_pool', '--raw', '--subdir', 'DAGS_FOLDER/first_dag.py', '--cfg-path', '/tmp/tmpdxk4_r2f', '--error-file', '/tmp/tmp9pl39d96']
[2024-03-11 04:35:03,950] {standard_task_runner.py:77} INFO - Job 637: Subtask clean_comment
[2024-03-11 04:35:03,987] {logging_mixin.py:109} INFO - Running <TaskInstance: meeting_project492.clean_comment 2024-03-11T04:34:56.277255+00:00 [running]> on host 5fe9ddfe21b9
[2024-03-11 04:35:04,035] {taskinstance.py:1254} INFO - Exporting the following env vars:
AIRFLOW_CTX_DAG_OWNER=***
AIRFLOW_CTX_DAG_ID=meeting_project492
AIRFLOW_CTX_TASK_ID=clean_comment
AIRFLOW_CTX_EXECUTION_DATE=2024-03-11T04:34:56.277255+00:00
AIRFLOW_CTX_DAG_RUN_ID=manual__2024-03-11T04:34:56.277255+00:00
[2024-03-11 04:35:04,050] {logging_mixin.py:109} INFO - Output to /home/tnanun/***-meet/data/data_com.csv yoyoyoyoyoyo
[2024-03-11 04:35:04,050] {python.py:151} INFO - Done. Returned value was: None
[2024-03-11 04:35:04,060] {taskinstance.py:1219} INFO - Marking task as SUCCESS. dag_id=meeting_project492, task_id=clean_comment, execution_date=20240311T043456, start_date=20240311T043503, end_date=20240311T043504
[2024-03-11 04:35:04,080] {local_task_job.py:151} INFO - Task exited with return code 0
[2024-03-11 04:35:04,103] {local_task_job.py:261} INFO - 1 downstream tasks scheduled from follow-on schedule check
