[2024-03-11 02:12:46,942] {taskinstance.py:903} INFO - Dependencies all met for <TaskInstance: meeting_project492.fetch_folders 2024-03-11T02:12:45.416761+00:00 [queued]>
[2024-03-11 02:12:46,962] {taskinstance.py:903} INFO - Dependencies all met for <TaskInstance: meeting_project492.fetch_folders 2024-03-11T02:12:45.416761+00:00 [queued]>
[2024-03-11 02:12:46,962] {taskinstance.py:1095} INFO - 
--------------------------------------------------------------------------------
[2024-03-11 02:12:46,962] {taskinstance.py:1096} INFO - Starting attempt 1 of 1
[2024-03-11 02:12:46,962] {taskinstance.py:1097} INFO - 
--------------------------------------------------------------------------------
[2024-03-11 02:12:46,971] {taskinstance.py:1115} INFO - Executing <Task(PythonOperator): fetch_folders> on 2024-03-11T02:12:45.416761+00:00
[2024-03-11 02:12:46,976] {standard_task_runner.py:52} INFO - Started process 2152 to run task
[2024-03-11 02:12:46,978] {standard_task_runner.py:76} INFO - Running: ['***', 'tasks', 'run', 'meeting_project492', 'fetch_folders', '2024-03-11T02:12:45.416761+00:00', '--job-id', '459', '--pool', 'default_pool', '--raw', '--subdir', 'DAGS_FOLDER/first_dag.py', '--cfg-path', '/tmp/tmpcs6z8cdv', '--error-file', '/tmp/tmp6kxkj1zy']
[2024-03-11 02:12:46,981] {standard_task_runner.py:77} INFO - Job 459: Subtask fetch_folders
[2024-03-11 02:12:47,023] {logging_mixin.py:109} INFO - Running <TaskInstance: meeting_project492.fetch_folders 2024-03-11T02:12:45.416761+00:00 [running]> on host fe457b6d1f83
[2024-03-11 02:12:47,073] {taskinstance.py:1254} INFO - Exporting the following env vars:
AIRFLOW_CTX_DAG_OWNER=***
AIRFLOW_CTX_DAG_ID=meeting_project492
AIRFLOW_CTX_TASK_ID=fetch_folders
AIRFLOW_CTX_EXECUTION_DATE=2024-03-11T02:12:45.416761+00:00
AIRFLOW_CTX_DAG_RUN_ID=manual__2024-03-11T02:12:45.416761+00:00
[2024-03-11 02:12:48,261] {logging_mixin.py:109} INFO - Output to /home/tnanun/***-meet/data/data_folder.csv yoyoyoyoyoyo
[2024-03-11 02:12:48,261] {python.py:151} INFO - Done. Returned value was: None
[2024-03-11 02:12:48,272] {taskinstance.py:1219} INFO - Marking task as SUCCESS. dag_id=meeting_project492, task_id=fetch_folders, execution_date=20240311T021245, start_date=20240311T021246, end_date=20240311T021248
[2024-03-11 02:12:48,317] {local_task_job.py:151} INFO - Task exited with return code 0
[2024-03-11 02:12:48,352] {local_task_job.py:261} INFO - 0 downstream tasks scheduled from follow-on schedule check
