[2024-03-11 05:44:28,550] {taskinstance.py:903} INFO - Dependencies all met for <TaskInstance: meeting_project492.fetch_meeting 2024-03-11T05:44:27.509782+00:00 [queued]>
[2024-03-11 05:44:28,563] {taskinstance.py:903} INFO - Dependencies all met for <TaskInstance: meeting_project492.fetch_meeting 2024-03-11T05:44:27.509782+00:00 [queued]>
[2024-03-11 05:44:28,563] {taskinstance.py:1095} INFO - 
--------------------------------------------------------------------------------
[2024-03-11 05:44:28,563] {taskinstance.py:1096} INFO - Starting attempt 1 of 1
[2024-03-11 05:44:28,563] {taskinstance.py:1097} INFO - 
--------------------------------------------------------------------------------
[2024-03-11 05:44:28,578] {taskinstance.py:1115} INFO - Executing <Task(PythonOperator): fetch_meeting> on 2024-03-11T05:44:27.509782+00:00
[2024-03-11 05:44:28,582] {standard_task_runner.py:52} INFO - Started process 814 to run task
[2024-03-11 05:44:28,585] {standard_task_runner.py:76} INFO - Running: ['***', 'tasks', 'run', 'meeting_project492', 'fetch_meeting', '2024-03-11T05:44:27.509782+00:00', '--job-id', '681', '--pool', 'default_pool', '--raw', '--subdir', 'DAGS_FOLDER/first_dag.py', '--cfg-path', '/tmp/tmpdhjy8spf', '--error-file', '/tmp/tmpw89qcjax']
[2024-03-11 05:44:28,588] {standard_task_runner.py:77} INFO - Job 681: Subtask fetch_meeting
[2024-03-11 05:44:28,636] {logging_mixin.py:109} INFO - Running <TaskInstance: meeting_project492.fetch_meeting 2024-03-11T05:44:27.509782+00:00 [running]> on host 1c0f3566e916
[2024-03-11 05:44:28,692] {taskinstance.py:1254} INFO - Exporting the following env vars:
AIRFLOW_CTX_DAG_OWNER=***
AIRFLOW_CTX_DAG_ID=meeting_project492
AIRFLOW_CTX_TASK_ID=fetch_meeting
AIRFLOW_CTX_EXECUTION_DATE=2024-03-11T05:44:27.509782+00:00
AIRFLOW_CTX_DAG_RUN_ID=manual__2024-03-11T05:44:27.509782+00:00
[2024-03-11 05:44:30,796] {logging_mixin.py:109} INFO - Output to /home/tnanun/***-meet/data/data_meet.csv yoyoyoyoyoyo
[2024-03-11 05:44:30,796] {python.py:151} INFO - Done. Returned value was: None
[2024-03-11 05:44:30,808] {taskinstance.py:1219} INFO - Marking task as SUCCESS. dag_id=meeting_project492, task_id=fetch_meeting, execution_date=20240311T054427, start_date=20240311T054428, end_date=20240311T054430
[2024-03-11 05:44:30,847] {local_task_job.py:151} INFO - Task exited with return code 0
[2024-03-11 05:44:30,880] {local_task_job.py:261} INFO - 1 downstream tasks scheduled from follow-on schedule check
