[2024-03-10 17:00:01,576] {taskinstance.py:903} INFO - Dependencies all met for <TaskInstance: meeting_project492.fetch_meet_object 2024-03-10T16:00:00+00:00 [queued]>
[2024-03-10 17:00:01,589] {taskinstance.py:903} INFO - Dependencies all met for <TaskInstance: meeting_project492.fetch_meet_object 2024-03-10T16:00:00+00:00 [queued]>
[2024-03-10 17:00:01,589] {taskinstance.py:1095} INFO - 
--------------------------------------------------------------------------------
[2024-03-10 17:00:01,589] {taskinstance.py:1096} INFO - Starting attempt 1 of 1
[2024-03-10 17:00:01,589] {taskinstance.py:1097} INFO - 
--------------------------------------------------------------------------------
[2024-03-10 17:00:01,605] {taskinstance.py:1115} INFO - Executing <Task(PythonOperator): fetch_meet_object> on 2024-03-10T16:00:00+00:00
[2024-03-10 17:00:01,611] {standard_task_runner.py:52} INFO - Started process 18408 to run task
[2024-03-10 17:00:01,618] {standard_task_runner.py:76} INFO - Running: ['***', 'tasks', 'run', 'meeting_project492', 'fetch_meet_object', '2024-03-10T16:00:00+00:00', '--job-id', '430', '--pool', 'default_pool', '--raw', '--subdir', 'DAGS_FOLDER/first_dag.py', '--cfg-path', '/tmp/tmp9dba2gkk', '--error-file', '/tmp/tmp36gq6806']
[2024-03-10 17:00:01,622] {standard_task_runner.py:77} INFO - Job 430: Subtask fetch_meet_object
[2024-03-10 17:00:01,670] {logging_mixin.py:109} INFO - Running <TaskInstance: meeting_project492.fetch_meet_object 2024-03-10T16:00:00+00:00 [running]> on host 6053b7d19b63
[2024-03-10 17:00:01,739] {taskinstance.py:1254} INFO - Exporting the following env vars:
AIRFLOW_CTX_DAG_OWNER=***
AIRFLOW_CTX_DAG_ID=meeting_project492
AIRFLOW_CTX_TASK_ID=fetch_meet_object
AIRFLOW_CTX_EXECUTION_DATE=2024-03-10T16:00:00+00:00
AIRFLOW_CTX_DAG_RUN_ID=scheduled__2024-03-10T16:00:00+00:00
[2024-03-10 17:00:03,322] {logging_mixin.py:109} INFO - Output to /home/tnanun/***-meet/data/data_obj.csv yoyoyoyoyoyo
[2024-03-10 17:00:03,322] {python.py:151} INFO - Done. Returned value was: None
[2024-03-10 17:00:03,334] {taskinstance.py:1219} INFO - Marking task as SUCCESS. dag_id=meeting_project492, task_id=fetch_meet_object, execution_date=20240310T160000, start_date=20240310T170001, end_date=20240310T170003
[2024-03-10 17:00:03,356] {local_task_job.py:151} INFO - Task exited with return code 0
[2024-03-10 17:00:03,382] {local_task_job.py:261} INFO - 1 downstream tasks scheduled from follow-on schedule check
