[2023-12-06 07:46:02,452] {taskinstance.py:903} INFO - Dependencies all met for <TaskInstance: meeting.fetch_meeting 2023-12-03T15:00:00+00:00 [queued]>
[2023-12-06 07:46:02,467] {taskinstance.py:903} INFO - Dependencies all met for <TaskInstance: meeting.fetch_meeting 2023-12-03T15:00:00+00:00 [queued]>
[2023-12-06 07:46:02,467] {taskinstance.py:1095} INFO - 
--------------------------------------------------------------------------------
[2023-12-06 07:46:02,468] {taskinstance.py:1096} INFO - Starting attempt 1 of 1
[2023-12-06 07:46:02,468] {taskinstance.py:1097} INFO - 
--------------------------------------------------------------------------------
[2023-12-06 07:46:02,489] {taskinstance.py:1115} INFO - Executing <Task(PythonOperator): fetch_meeting> on 2023-12-03T15:00:00+00:00
[2023-12-06 07:46:02,495] {standard_task_runner.py:52} INFO - Started process 289 to run task
[2023-12-06 07:46:02,499] {standard_task_runner.py:76} INFO - Running: ['***', 'tasks', 'run', 'meeting', 'fetch_meeting', '2023-12-03T15:00:00+00:00', '--job-id', '85', '--pool', 'default_pool', '--raw', '--subdir', 'DAGS_FOLDER/first_dag.py', '--cfg-path', '/tmp/tmpmzb1x593', '--error-file', '/tmp/tmpw_mw3cq3']
[2023-12-06 07:46:02,502] {standard_task_runner.py:77} INFO - Job 85: Subtask fetch_meeting
[2023-12-06 07:46:02,564] {logging_mixin.py:109} INFO - Running <TaskInstance: meeting.fetch_meeting 2023-12-03T15:00:00+00:00 [running]> on host 290bde24ac9b
[2023-12-06 07:46:02,640] {taskinstance.py:1254} INFO - Exporting the following env vars:
AIRFLOW_CTX_DAG_OWNER=***
AIRFLOW_CTX_DAG_ID=meeting
AIRFLOW_CTX_TASK_ID=fetch_meeting
AIRFLOW_CTX_EXECUTION_DATE=2023-12-03T15:00:00+00:00
AIRFLOW_CTX_DAG_RUN_ID=scheduled__2023-12-03T15:00:00+00:00
[2023-12-06 07:46:07,196] {logging_mixin.py:109} INFO - Output to /home/tnanun/***-meet/data/data_meet.csv yoyoyoyoyoyo
[2023-12-06 07:46:07,196] {python.py:151} INFO - Done. Returned value was: None
[2023-12-06 07:46:07,205] {taskinstance.py:1219} INFO - Marking task as SUCCESS. dag_id=meeting, task_id=fetch_meeting, execution_date=20231203T150000, start_date=20231206T074602, end_date=20231206T074607
[2023-12-06 07:46:07,249] {local_task_job.py:151} INFO - Task exited with return code 0
[2023-12-06 07:46:07,278] {local_task_job.py:261} INFO - 0 downstream tasks scheduled from follow-on schedule check
