[2024-03-01 15:03:10,993] {taskinstance.py:903} INFO - Dependencies all met for <TaskInstance: meeting.clean_answers 2024-03-01T15:03:07.458278+00:00 [queued]>
[2024-03-01 15:03:11,008] {taskinstance.py:903} INFO - Dependencies all met for <TaskInstance: meeting.clean_answers 2024-03-01T15:03:07.458278+00:00 [queued]>
[2024-03-01 15:03:11,009] {taskinstance.py:1095} INFO - 
--------------------------------------------------------------------------------
[2024-03-01 15:03:11,009] {taskinstance.py:1096} INFO - Starting attempt 1 of 1
[2024-03-01 15:03:11,010] {taskinstance.py:1097} INFO - 
--------------------------------------------------------------------------------
[2024-03-01 15:03:11,018] {taskinstance.py:1115} INFO - Executing <Task(PythonOperator): clean_answers> on 2024-03-01T15:03:07.458278+00:00
[2024-03-01 15:03:11,023] {standard_task_runner.py:52} INFO - Started process 5559 to run task
[2024-03-01 15:03:11,025] {standard_task_runner.py:76} INFO - Running: ['***', 'tasks', 'run', 'meeting', 'clean_answers', '2024-03-01T15:03:07.458278+00:00', '--job-id', '204', '--pool', 'default_pool', '--raw', '--subdir', 'DAGS_FOLDER/first_dag.py', '--cfg-path', '/tmp/tmp2u8njjz6', '--error-file', '/tmp/tmp07brzmom']
[2024-03-01 15:03:11,028] {standard_task_runner.py:77} INFO - Job 204: Subtask clean_answers
[2024-03-01 15:03:11,061] {logging_mixin.py:109} INFO - Running <TaskInstance: meeting.clean_answers 2024-03-01T15:03:07.458278+00:00 [running]> on host b272d77a87bd
[2024-03-01 15:03:11,124] {taskinstance.py:1254} INFO - Exporting the following env vars:
AIRFLOW_CTX_DAG_OWNER=***
AIRFLOW_CTX_DAG_ID=meeting
AIRFLOW_CTX_TASK_ID=clean_answers
AIRFLOW_CTX_EXECUTION_DATE=2024-03-01T15:03:07.458278+00:00
AIRFLOW_CTX_DAG_RUN_ID=manual__2024-03-01T15:03:07.458278+00:00
[2024-03-01 15:03:11,175] {logging_mixin.py:109} INFO - Output to /home/tnanun/***-meet/data/data_ans.csv yoyoyoyoyoyo
[2024-03-01 15:03:11,176] {python.py:151} INFO - Done. Returned value was: None
[2024-03-01 15:03:11,188] {taskinstance.py:1219} INFO - Marking task as SUCCESS. dag_id=meeting, task_id=clean_answers, execution_date=20240301T150307, start_date=20240301T150310, end_date=20240301T150311
[2024-03-01 15:03:11,238] {local_task_job.py:151} INFO - Task exited with return code 0
[2024-03-01 15:03:11,261] {local_task_job.py:261} INFO - 0 downstream tasks scheduled from follow-on schedule check
