[2024-03-11 04:29:07,232] {taskinstance.py:903} INFO - Dependencies all met for <TaskInstance: meeting_project492.clean_answers 2024-03-11T04:29:02.470307+00:00 [queued]>
[2024-03-11 04:29:07,243] {taskinstance.py:903} INFO - Dependencies all met for <TaskInstance: meeting_project492.clean_answers 2024-03-11T04:29:02.470307+00:00 [queued]>
[2024-03-11 04:29:07,243] {taskinstance.py:1095} INFO - 
--------------------------------------------------------------------------------
[2024-03-11 04:29:07,243] {taskinstance.py:1096} INFO - Starting attempt 1 of 1
[2024-03-11 04:29:07,243] {taskinstance.py:1097} INFO - 
--------------------------------------------------------------------------------
[2024-03-11 04:29:07,256] {taskinstance.py:1115} INFO - Executing <Task(PythonOperator): clean_answers> on 2024-03-11T04:29:02.470307+00:00
[2024-03-11 04:29:07,261] {standard_task_runner.py:52} INFO - Started process 2331 to run task
[2024-03-11 04:29:07,264] {standard_task_runner.py:76} INFO - Running: ['***', 'tasks', 'run', 'meeting_project492', 'clean_answers', '2024-03-11T04:29:02.470307+00:00', '--job-id', '606', '--pool', 'default_pool', '--raw', '--subdir', 'DAGS_FOLDER/first_dag.py', '--cfg-path', '/tmp/tmpwb0qb60m', '--error-file', '/tmp/tmp3twt8ruc']
[2024-03-11 04:29:07,266] {standard_task_runner.py:77} INFO - Job 606: Subtask clean_answers
[2024-03-11 04:29:07,302] {logging_mixin.py:109} INFO - Running <TaskInstance: meeting_project492.clean_answers 2024-03-11T04:29:02.470307+00:00 [running]> on host 5fe9ddfe21b9
[2024-03-11 04:29:07,349] {taskinstance.py:1254} INFO - Exporting the following env vars:
AIRFLOW_CTX_DAG_OWNER=***
AIRFLOW_CTX_DAG_ID=meeting_project492
AIRFLOW_CTX_TASK_ID=clean_answers
AIRFLOW_CTX_EXECUTION_DATE=2024-03-11T04:29:02.470307+00:00
AIRFLOW_CTX_DAG_RUN_ID=manual__2024-03-11T04:29:02.470307+00:00
[2024-03-11 04:29:07,377] {logging_mixin.py:109} INFO - Output to /home/tnanun/***-meet/data/data_ans.csv yoyoyoyoyoyo
[2024-03-11 04:29:07,378] {python.py:151} INFO - Done. Returned value was: None
[2024-03-11 04:29:07,388] {taskinstance.py:1219} INFO - Marking task as SUCCESS. dag_id=meeting_project492, task_id=clean_answers, execution_date=20240311T042902, start_date=20240311T042907, end_date=20240311T042907
[2024-03-11 04:29:07,436] {local_task_job.py:151} INFO - Task exited with return code 0
[2024-03-11 04:29:07,467] {local_task_job.py:261} INFO - 0 downstream tasks scheduled from follow-on schedule check
