[2023-12-06 08:00:01,629] {taskinstance.py:903} INFO - Dependencies all met for <TaskInstance: meeting.fetch_meeting 2023-12-06T07:00:00+00:00 [queued]>
[2023-12-06 08:00:01,640] {taskinstance.py:903} INFO - Dependencies all met for <TaskInstance: meeting.fetch_meeting 2023-12-06T07:00:00+00:00 [queued]>
[2023-12-06 08:00:01,640] {taskinstance.py:1095} INFO - 
--------------------------------------------------------------------------------
[2023-12-06 08:00:01,640] {taskinstance.py:1096} INFO - Starting attempt 1 of 1
[2023-12-06 08:00:01,640] {taskinstance.py:1097} INFO - 
--------------------------------------------------------------------------------
[2023-12-06 08:00:01,652] {taskinstance.py:1115} INFO - Executing <Task(PythonOperator): fetch_meeting> on 2023-12-06T07:00:00+00:00
[2023-12-06 08:00:01,656] {standard_task_runner.py:52} INFO - Started process 5971 to run task
[2023-12-06 08:00:01,659] {standard_task_runner.py:76} INFO - Running: ['***', 'tasks', 'run', 'meeting', 'fetch_meeting', '2023-12-06T07:00:00+00:00', '--job-id', '92', '--pool', 'default_pool', '--raw', '--subdir', 'DAGS_FOLDER/first_dag.py', '--cfg-path', '/tmp/tmpi66ye877', '--error-file', '/tmp/tmpj17lswoe']
[2023-12-06 08:00:01,662] {standard_task_runner.py:77} INFO - Job 92: Subtask fetch_meeting
[2023-12-06 08:00:01,699] {logging_mixin.py:109} INFO - Running <TaskInstance: meeting.fetch_meeting 2023-12-06T07:00:00+00:00 [running]> on host 290bde24ac9b
[2023-12-06 08:00:01,745] {taskinstance.py:1254} INFO - Exporting the following env vars:
AIRFLOW_CTX_DAG_OWNER=***
AIRFLOW_CTX_DAG_ID=meeting
AIRFLOW_CTX_TASK_ID=fetch_meeting
AIRFLOW_CTX_EXECUTION_DATE=2023-12-06T07:00:00+00:00
AIRFLOW_CTX_DAG_RUN_ID=scheduled__2023-12-06T07:00:00+00:00
[2023-12-06 08:00:03,248] {logging_mixin.py:109} INFO - Output to /home/tnanun/***-meet/data/data_meet.csv yoyoyoyoyoyo
[2023-12-06 08:00:03,248] {python.py:151} INFO - Done. Returned value was: None
[2023-12-06 08:00:03,258] {taskinstance.py:1219} INFO - Marking task as SUCCESS. dag_id=meeting, task_id=fetch_meeting, execution_date=20231206T070000, start_date=20231206T080001, end_date=20231206T080003
[2023-12-06 08:00:03,278] {local_task_job.py:151} INFO - Task exited with return code 0
[2023-12-06 08:00:03,302] {local_task_job.py:261} INFO - 1 downstream tasks scheduled from follow-on schedule check
