[2024-03-28 18:15:52,750] {taskinstance.py:903} INFO - Dependencies all met for <TaskInstance: meeting_project492.fetch_meeting 2024-03-28T17:00:00+00:00 [queued]>
[2024-03-28 18:15:52,791] {taskinstance.py:903} INFO - Dependencies all met for <TaskInstance: meeting_project492.fetch_meeting 2024-03-28T17:00:00+00:00 [queued]>
[2024-03-28 18:15:52,792] {taskinstance.py:1095} INFO - 
--------------------------------------------------------------------------------
[2024-03-28 18:15:52,793] {taskinstance.py:1096} INFO - Starting attempt 1 of 1
[2024-03-28 18:15:52,795] {taskinstance.py:1097} INFO - 
--------------------------------------------------------------------------------
[2024-03-28 18:15:52,849] {taskinstance.py:1115} INFO - Executing <Task(PythonOperator): fetch_meeting> on 2024-03-28T17:00:00+00:00
[2024-03-28 18:15:52,867] {standard_task_runner.py:52} INFO - Started process 393 to run task
[2024-03-28 18:15:52,879] {standard_task_runner.py:76} INFO - Running: ['***', 'tasks', 'run', 'meeting_project492', 'fetch_meeting', '2024-03-28T17:00:00+00:00', '--job-id', '704', '--pool', 'default_pool', '--raw', '--subdir', 'DAGS_FOLDER/first_dag.py', '--cfg-path', '/tmp/tmpmud4s4lf', '--error-file', '/tmp/tmp5hpci3my']
[2024-03-28 18:15:52,892] {standard_task_runner.py:77} INFO - Job 704: Subtask fetch_meeting
[2024-03-28 18:15:53,022] {logging_mixin.py:109} INFO - Running <TaskInstance: meeting_project492.fetch_meeting 2024-03-28T17:00:00+00:00 [running]> on host 322f1435f697
[2024-03-28 18:15:53,169] {taskinstance.py:1254} INFO - Exporting the following env vars:
AIRFLOW_CTX_DAG_OWNER=***
AIRFLOW_CTX_DAG_ID=meeting_project492
AIRFLOW_CTX_TASK_ID=fetch_meeting
AIRFLOW_CTX_EXECUTION_DATE=2024-03-28T17:00:00+00:00
AIRFLOW_CTX_DAG_RUN_ID=scheduled__2024-03-28T17:00:00+00:00
[2024-03-28 18:15:59,245] {logging_mixin.py:109} INFO - Output to /home/tnanun/***-meet/data/data_meet.csv yoyoyoyoyoyo
[2024-03-28 18:15:59,246] {python.py:151} INFO - Done. Returned value was: None
[2024-03-28 18:15:59,281] {taskinstance.py:1219} INFO - Marking task as SUCCESS. dag_id=meeting_project492, task_id=fetch_meeting, execution_date=20240328T170000, start_date=20240328T181552, end_date=20240328T181559
[2024-03-28 18:15:59,366] {local_task_job.py:151} INFO - Task exited with return code 0
[2024-03-28 18:15:59,422] {local_task_job.py:261} INFO - 1 downstream tasks scheduled from follow-on schedule check
