[2024-03-10 16:15:59,208] {taskinstance.py:903} INFO - Dependencies all met for <TaskInstance: meeting_project492.fetch_answers 2024-03-09T04:00:00+00:00 [queued]>
[2024-03-10 16:15:59,230] {taskinstance.py:903} INFO - Dependencies all met for <TaskInstance: meeting_project492.fetch_answers 2024-03-09T04:00:00+00:00 [queued]>
[2024-03-10 16:15:59,231] {taskinstance.py:1095} INFO - 
--------------------------------------------------------------------------------
[2024-03-10 16:15:59,231] {taskinstance.py:1096} INFO - Starting attempt 1 of 1
[2024-03-10 16:15:59,231] {taskinstance.py:1097} INFO - 
--------------------------------------------------------------------------------
[2024-03-10 16:15:59,258] {taskinstance.py:1115} INFO - Executing <Task(PythonOperator): fetch_answers> on 2024-03-09T04:00:00+00:00
[2024-03-10 16:15:59,264] {standard_task_runner.py:52} INFO - Started process 385 to run task
[2024-03-10 16:15:59,269] {standard_task_runner.py:76} INFO - Running: ['***', 'tasks', 'run', 'meeting_project492', 'fetch_answers', '2024-03-09T04:00:00+00:00', '--job-id', '391', '--pool', 'default_pool', '--raw', '--subdir', 'DAGS_FOLDER/first_dag.py', '--cfg-path', '/tmp/tmp92s2atp2', '--error-file', '/tmp/tmp145cgf2k']
[2024-03-10 16:15:59,277] {standard_task_runner.py:77} INFO - Job 391: Subtask fetch_answers
[2024-03-10 16:15:59,367] {logging_mixin.py:109} INFO - Running <TaskInstance: meeting_project492.fetch_answers 2024-03-09T04:00:00+00:00 [running]> on host 6053b7d19b63
[2024-03-10 16:15:59,560] {taskinstance.py:1254} INFO - Exporting the following env vars:
AIRFLOW_CTX_DAG_OWNER=***
AIRFLOW_CTX_DAG_ID=meeting_project492
AIRFLOW_CTX_TASK_ID=fetch_answers
AIRFLOW_CTX_EXECUTION_DATE=2024-03-09T04:00:00+00:00
AIRFLOW_CTX_DAG_RUN_ID=scheduled__2024-03-09T04:00:00+00:00
[2024-03-10 16:16:00,902] {logging_mixin.py:109} INFO - Output to /home/tnanun/***-meet/data/data_ans.csv yoyoyoyoyoyo
[2024-03-10 16:16:00,903] {python.py:151} INFO - Done. Returned value was: None
[2024-03-10 16:16:00,923] {taskinstance.py:1219} INFO - Marking task as SUCCESS. dag_id=meeting_project492, task_id=fetch_answers, execution_date=20240309T040000, start_date=20240310T161559, end_date=20240310T161600
[2024-03-10 16:16:00,969] {local_task_job.py:151} INFO - Task exited with return code 0
[2024-03-10 16:16:01,032] {local_task_job.py:261} INFO - 1 downstream tasks scheduled from follow-on schedule check
