[2024-03-09 02:59:45,393] {taskinstance.py:903} INFO - Dependencies all met for <TaskInstance: meeting_project492.clean_meeting 2024-03-09T02:59:37.170793+00:00 [queued]>
[2024-03-09 02:59:45,405] {taskinstance.py:903} INFO - Dependencies all met for <TaskInstance: meeting_project492.clean_meeting 2024-03-09T02:59:37.170793+00:00 [queued]>
[2024-03-09 02:59:45,405] {taskinstance.py:1095} INFO - 
--------------------------------------------------------------------------------
[2024-03-09 02:59:45,406] {taskinstance.py:1096} INFO - Starting attempt 1 of 1
[2024-03-09 02:59:45,406] {taskinstance.py:1097} INFO - 
--------------------------------------------------------------------------------
[2024-03-09 02:59:45,419] {taskinstance.py:1115} INFO - Executing <Task(PythonOperator): clean_meeting> on 2024-03-09T02:59:37.170793+00:00
[2024-03-09 02:59:45,423] {standard_task_runner.py:52} INFO - Started process 1671 to run task
[2024-03-09 02:59:45,425] {standard_task_runner.py:76} INFO - Running: ['***', 'tasks', 'run', 'meeting_project492', 'clean_meeting', '2024-03-09T02:59:37.170793+00:00', '--job-id', '345', '--pool', 'default_pool', '--raw', '--subdir', 'DAGS_FOLDER/first_dag.py', '--cfg-path', '/tmp/tmp_762ekf8', '--error-file', '/tmp/tmpgt1dm4yi']
[2024-03-09 02:59:45,428] {standard_task_runner.py:77} INFO - Job 345: Subtask clean_meeting
[2024-03-09 02:59:45,462] {logging_mixin.py:109} INFO - Running <TaskInstance: meeting_project492.clean_meeting 2024-03-09T02:59:37.170793+00:00 [running]> on host 62b9685fb4d1
[2024-03-09 02:59:45,510] {taskinstance.py:1254} INFO - Exporting the following env vars:
AIRFLOW_CTX_DAG_OWNER=***
AIRFLOW_CTX_DAG_ID=meeting_project492
AIRFLOW_CTX_TASK_ID=clean_meeting
AIRFLOW_CTX_EXECUTION_DATE=2024-03-09T02:59:37.170793+00:00
AIRFLOW_CTX_DAG_RUN_ID=manual__2024-03-09T02:59:37.170793+00:00
[2024-03-09 02:59:45,549] {logging_mixin.py:109} INFO - Output to /home/tnanun/***-meet/data/data_meet.csv yoyoyoyoyoyo
[2024-03-09 02:59:45,549] {python.py:151} INFO - Done. Returned value was: None
[2024-03-09 02:59:45,558] {taskinstance.py:1219} INFO - Marking task as SUCCESS. dag_id=meeting_project492, task_id=clean_meeting, execution_date=20240309T025937, start_date=20240309T025945, end_date=20240309T025945
[2024-03-09 02:59:45,597] {local_task_job.py:151} INFO - Task exited with return code 0
[2024-03-09 02:59:45,621] {local_task_job.py:261} INFO - 0 downstream tasks scheduled from follow-on schedule check
