[2024-03-11 04:17:23,273] {taskinstance.py:903} INFO - Dependencies all met for <TaskInstance: meeting_project492.fetch_meeting 2024-03-11T04:17:21.982087+00:00 [queued]>
[2024-03-11 04:17:23,290] {taskinstance.py:903} INFO - Dependencies all met for <TaskInstance: meeting_project492.fetch_meeting 2024-03-11T04:17:21.982087+00:00 [queued]>
[2024-03-11 04:17:23,291] {taskinstance.py:1095} INFO - 
--------------------------------------------------------------------------------
[2024-03-11 04:17:23,291] {taskinstance.py:1096} INFO - Starting attempt 1 of 1
[2024-03-11 04:17:23,291] {taskinstance.py:1097} INFO - 
--------------------------------------------------------------------------------
[2024-03-11 04:17:23,301] {taskinstance.py:1115} INFO - Executing <Task(PythonOperator): fetch_meeting> on 2024-03-11T04:17:21.982087+00:00
[2024-03-11 04:17:23,308] {standard_task_runner.py:52} INFO - Started process 2408 to run task
[2024-03-11 04:17:23,312] {standard_task_runner.py:76} INFO - Running: ['***', 'tasks', 'run', 'meeting_project492', 'fetch_meeting', '2024-03-11T04:17:21.982087+00:00', '--job-id', '582', '--pool', 'default_pool', '--raw', '--subdir', 'DAGS_FOLDER/first_dag.py', '--cfg-path', '/tmp/tmpw50i5spq', '--error-file', '/tmp/tmpa8zhsd_a']
[2024-03-11 04:17:23,316] {standard_task_runner.py:77} INFO - Job 582: Subtask fetch_meeting
[2024-03-11 04:17:23,367] {logging_mixin.py:109} INFO - Running <TaskInstance: meeting_project492.fetch_meeting 2024-03-11T04:17:21.982087+00:00 [running]> on host 76207e23fd35
[2024-03-11 04:17:23,417] {taskinstance.py:1254} INFO - Exporting the following env vars:
AIRFLOW_CTX_DAG_OWNER=***
AIRFLOW_CTX_DAG_ID=meeting_project492
AIRFLOW_CTX_TASK_ID=fetch_meeting
AIRFLOW_CTX_EXECUTION_DATE=2024-03-11T04:17:21.982087+00:00
AIRFLOW_CTX_DAG_RUN_ID=manual__2024-03-11T04:17:21.982087+00:00
[2024-03-11 04:17:24,609] {logging_mixin.py:109} INFO - Output to /home/tnanun/***-meet/data/data_meet.csv yoyoyoyoyoyo
[2024-03-11 04:17:24,609] {python.py:151} INFO - Done. Returned value was: None
[2024-03-11 04:17:24,618] {taskinstance.py:1219} INFO - Marking task as SUCCESS. dag_id=meeting_project492, task_id=fetch_meeting, execution_date=20240311T041721, start_date=20240311T041723, end_date=20240311T041724
[2024-03-11 04:17:24,649] {local_task_job.py:151} INFO - Task exited with return code 0
[2024-03-11 04:17:24,690] {local_task_job.py:261} INFO - 1 downstream tasks scheduled from follow-on schedule check
