[2023-12-03 14:29:40,244] {taskinstance.py:903} INFO - Dependencies all met for <TaskInstance: meeting.fetch_answers 2023-12-03T14:29:39.393598+00:00 [queued]>
[2023-12-03 14:29:40,256] {taskinstance.py:903} INFO - Dependencies all met for <TaskInstance: meeting.fetch_answers 2023-12-03T14:29:39.393598+00:00 [queued]>
[2023-12-03 14:29:40,256] {taskinstance.py:1095} INFO - 
--------------------------------------------------------------------------------
[2023-12-03 14:29:40,256] {taskinstance.py:1096} INFO - Starting attempt 1 of 1
[2023-12-03 14:29:40,256] {taskinstance.py:1097} INFO - 
--------------------------------------------------------------------------------
[2023-12-03 14:29:40,271] {taskinstance.py:1115} INFO - Executing <Task(PythonOperator): fetch_answers> on 2023-12-03T14:29:39.393598+00:00
[2023-12-03 14:29:40,274] {standard_task_runner.py:52} INFO - Started process 1748 to run task
[2023-12-03 14:29:40,278] {standard_task_runner.py:76} INFO - Running: ['***', 'tasks', 'run', 'meeting', 'fetch_answers', '2023-12-03T14:29:39.393598+00:00', '--job-id', '55', '--pool', 'default_pool', '--raw', '--subdir', 'DAGS_FOLDER/first_dag.py', '--cfg-path', '/tmp/tmpy8cv3nzd', '--error-file', '/tmp/tmpwnwynur9']
[2023-12-03 14:29:40,281] {standard_task_runner.py:77} INFO - Job 55: Subtask fetch_answers
[2023-12-03 14:29:40,321] {logging_mixin.py:109} INFO - Running <TaskInstance: meeting.fetch_answers 2023-12-03T14:29:39.393598+00:00 [running]> on host 9d53e6732d94
[2023-12-03 14:29:40,368] {taskinstance.py:1254} INFO - Exporting the following env vars:
AIRFLOW_CTX_DAG_OWNER=***
AIRFLOW_CTX_DAG_ID=meeting
AIRFLOW_CTX_TASK_ID=fetch_answers
AIRFLOW_CTX_EXECUTION_DATE=2023-12-03T14:29:39.393598+00:00
AIRFLOW_CTX_DAG_RUN_ID=manual__2023-12-03T14:29:39.393598+00:00
[2023-12-03 14:29:43,316] {logging_mixin.py:109} INFO - Output to /home/tnanun/***-meet/data/data_ans.csv yoyoyoyoyoyo
[2023-12-03 14:29:43,316] {python.py:151} INFO - Done. Returned value was: None
[2023-12-03 14:29:43,326] {taskinstance.py:1219} INFO - Marking task as SUCCESS. dag_id=meeting, task_id=fetch_answers, execution_date=20231203T142939, start_date=20231203T142940, end_date=20231203T142943
[2023-12-03 14:29:43,344] {local_task_job.py:151} INFO - Task exited with return code 0
[2023-12-03 14:29:43,370] {local_task_job.py:261} INFO - 1 downstream tasks scheduled from follow-on schedule check
