[2024-03-11 02:16:45,541] {taskinstance.py:903} INFO - Dependencies all met for <TaskInstance: meeting_project492.fetch_answers 2024-03-11T02:16:44.218254+00:00 [queued]>
[2024-03-11 02:16:45,563] {taskinstance.py:903} INFO - Dependencies all met for <TaskInstance: meeting_project492.fetch_answers 2024-03-11T02:16:44.218254+00:00 [queued]>
[2024-03-11 02:16:45,564] {taskinstance.py:1095} INFO - 
--------------------------------------------------------------------------------
[2024-03-11 02:16:45,564] {taskinstance.py:1096} INFO - Starting attempt 1 of 1
[2024-03-11 02:16:45,564] {taskinstance.py:1097} INFO - 
--------------------------------------------------------------------------------
[2024-03-11 02:16:45,576] {taskinstance.py:1115} INFO - Executing <Task(PythonOperator): fetch_answers> on 2024-03-11T02:16:44.218254+00:00
[2024-03-11 02:16:45,581] {standard_task_runner.py:52} INFO - Started process 3944 to run task
[2024-03-11 02:16:45,584] {standard_task_runner.py:76} INFO - Running: ['***', 'tasks', 'run', 'meeting_project492', 'fetch_answers', '2024-03-11T02:16:44.218254+00:00', '--job-id', '471', '--pool', 'default_pool', '--raw', '--subdir', 'DAGS_FOLDER/first_dag.py', '--cfg-path', '/tmp/tmp009kluvs', '--error-file', '/tmp/tmp_ja6qax3']
[2024-03-11 02:16:45,588] {standard_task_runner.py:77} INFO - Job 471: Subtask fetch_answers
[2024-03-11 02:16:45,639] {logging_mixin.py:109} INFO - Running <TaskInstance: meeting_project492.fetch_answers 2024-03-11T02:16:44.218254+00:00 [running]> on host fe457b6d1f83
[2024-03-11 02:16:45,753] {taskinstance.py:1254} INFO - Exporting the following env vars:
AIRFLOW_CTX_DAG_OWNER=***
AIRFLOW_CTX_DAG_ID=meeting_project492
AIRFLOW_CTX_TASK_ID=fetch_answers
AIRFLOW_CTX_EXECUTION_DATE=2024-03-11T02:16:44.218254+00:00
AIRFLOW_CTX_DAG_RUN_ID=manual__2024-03-11T02:16:44.218254+00:00
[2024-03-11 02:16:46,948] {logging_mixin.py:109} INFO - Output to /home/tnanun/***-meet/data/data_ans.csv yoyoyoyoyoyo
[2024-03-11 02:16:46,949] {python.py:151} INFO - Done. Returned value was: None
[2024-03-11 02:16:46,959] {taskinstance.py:1219} INFO - Marking task as SUCCESS. dag_id=meeting_project492, task_id=fetch_answers, execution_date=20240311T021644, start_date=20240311T021645, end_date=20240311T021646
[2024-03-11 02:16:47,001] {local_task_job.py:151} INFO - Task exited with return code 0
[2024-03-11 02:16:47,027] {local_task_job.py:261} INFO - 1 downstream tasks scheduled from follow-on schedule check
