[2024-03-11 04:34:57,922] {taskinstance.py:903} INFO - Dependencies all met for <TaskInstance: meeting_project492.fetch_answers 2024-03-11T04:34:56.277255+00:00 [queued]>
[2024-03-11 04:34:57,934] {taskinstance.py:903} INFO - Dependencies all met for <TaskInstance: meeting_project492.fetch_answers 2024-03-11T04:34:56.277255+00:00 [queued]>
[2024-03-11 04:34:57,934] {taskinstance.py:1095} INFO - 
--------------------------------------------------------------------------------
[2024-03-11 04:34:57,934] {taskinstance.py:1096} INFO - Starting attempt 1 of 1
[2024-03-11 04:34:57,934] {taskinstance.py:1097} INFO - 
--------------------------------------------------------------------------------
[2024-03-11 04:34:57,950] {taskinstance.py:1115} INFO - Executing <Task(PythonOperator): fetch_answers> on 2024-03-11T04:34:56.277255+00:00
[2024-03-11 04:34:57,954] {standard_task_runner.py:52} INFO - Started process 5178 to run task
[2024-03-11 04:34:57,960] {standard_task_runner.py:76} INFO - Running: ['***', 'tasks', 'run', 'meeting_project492', 'fetch_answers', '2024-03-11T04:34:56.277255+00:00', '--job-id', '632', '--pool', 'default_pool', '--raw', '--subdir', 'DAGS_FOLDER/first_dag.py', '--cfg-path', '/tmp/tmpbao33d11', '--error-file', '/tmp/tmpt60_5ezx']
[2024-03-11 04:34:57,964] {standard_task_runner.py:77} INFO - Job 632: Subtask fetch_answers
[2024-03-11 04:34:58,007] {logging_mixin.py:109} INFO - Running <TaskInstance: meeting_project492.fetch_answers 2024-03-11T04:34:56.277255+00:00 [running]> on host 5fe9ddfe21b9
[2024-03-11 04:34:58,067] {taskinstance.py:1254} INFO - Exporting the following env vars:
AIRFLOW_CTX_DAG_OWNER=***
AIRFLOW_CTX_DAG_ID=meeting_project492
AIRFLOW_CTX_TASK_ID=fetch_answers
AIRFLOW_CTX_EXECUTION_DATE=2024-03-11T04:34:56.277255+00:00
AIRFLOW_CTX_DAG_RUN_ID=manual__2024-03-11T04:34:56.277255+00:00
[2024-03-11 04:35:02,260] {logging_mixin.py:109} INFO - Output to /home/tnanun/***-meet/data/data_ans.csv yoyoyoyoyoyo
[2024-03-11 04:35:02,260] {python.py:151} INFO - Done. Returned value was: None
[2024-03-11 04:35:02,271] {taskinstance.py:1219} INFO - Marking task as SUCCESS. dag_id=meeting_project492, task_id=fetch_answers, execution_date=20240311T043456, start_date=20240311T043457, end_date=20240311T043502
[2024-03-11 04:35:02,308] {local_task_job.py:151} INFO - Task exited with return code 0
[2024-03-11 04:35:02,355] {local_task_job.py:261} INFO - 1 downstream tasks scheduled from follow-on schedule check
