[2024-03-11 04:27:04,430] {taskinstance.py:903} INFO - Dependencies all met for <TaskInstance: meeting_project492.clean_comment 2024-03-11T04:26:59.718737+00:00 [queued]>
[2024-03-11 04:27:04,443] {taskinstance.py:903} INFO - Dependencies all met for <TaskInstance: meeting_project492.clean_comment 2024-03-11T04:26:59.718737+00:00 [queued]>
[2024-03-11 04:27:04,443] {taskinstance.py:1095} INFO - 
--------------------------------------------------------------------------------
[2024-03-11 04:27:04,443] {taskinstance.py:1096} INFO - Starting attempt 1 of 1
[2024-03-11 04:27:04,443] {taskinstance.py:1097} INFO - 
--------------------------------------------------------------------------------
[2024-03-11 04:27:04,456] {taskinstance.py:1115} INFO - Executing <Task(PythonOperator): clean_comment> on 2024-03-11T04:26:59.718737+00:00
[2024-03-11 04:27:04,461] {standard_task_runner.py:52} INFO - Started process 1301 to run task
[2024-03-11 04:27:04,464] {standard_task_runner.py:76} INFO - Running: ['***', 'tasks', 'run', 'meeting_project492', 'clean_comment', '2024-03-11T04:26:59.718737+00:00', '--job-id', '598', '--pool', 'default_pool', '--raw', '--subdir', 'DAGS_FOLDER/first_dag.py', '--cfg-path', '/tmp/tmpdwq_8ufp', '--error-file', '/tmp/tmprfqfxamx']
[2024-03-11 04:27:04,466] {standard_task_runner.py:77} INFO - Job 598: Subtask clean_comment
[2024-03-11 04:27:04,502] {logging_mixin.py:109} INFO - Running <TaskInstance: meeting_project492.clean_comment 2024-03-11T04:26:59.718737+00:00 [running]> on host 5fe9ddfe21b9
[2024-03-11 04:27:04,552] {taskinstance.py:1254} INFO - Exporting the following env vars:
AIRFLOW_CTX_DAG_OWNER=***
AIRFLOW_CTX_DAG_ID=meeting_project492
AIRFLOW_CTX_TASK_ID=clean_comment
AIRFLOW_CTX_EXECUTION_DATE=2024-03-11T04:26:59.718737+00:00
AIRFLOW_CTX_DAG_RUN_ID=manual__2024-03-11T04:26:59.718737+00:00
[2024-03-11 04:27:04,567] {logging_mixin.py:109} INFO - Output to /home/tnanun/***-meet/data/data_com.csv yoyoyoyoyoyo
[2024-03-11 04:27:04,568] {python.py:151} INFO - Done. Returned value was: None
[2024-03-11 04:27:04,577] {taskinstance.py:1219} INFO - Marking task as SUCCESS. dag_id=meeting_project492, task_id=clean_comment, execution_date=20240311T042659, start_date=20240311T042704, end_date=20240311T042704
[2024-03-11 04:27:04,596] {local_task_job.py:151} INFO - Task exited with return code 0
[2024-03-11 04:27:04,623] {local_task_job.py:261} INFO - 1 downstream tasks scheduled from follow-on schedule check
