[2024-03-11 04:17:25,498] {taskinstance.py:903} INFO - Dependencies all met for <TaskInstance: meeting_project492.clean_meeting 2024-03-11T04:17:21.982087+00:00 [queued]>
[2024-03-11 04:17:25,515] {taskinstance.py:903} INFO - Dependencies all met for <TaskInstance: meeting_project492.clean_meeting 2024-03-11T04:17:21.982087+00:00 [queued]>
[2024-03-11 04:17:25,515] {taskinstance.py:1095} INFO - 
--------------------------------------------------------------------------------
[2024-03-11 04:17:25,515] {taskinstance.py:1096} INFO - Starting attempt 1 of 1
[2024-03-11 04:17:25,515] {taskinstance.py:1097} INFO - 
--------------------------------------------------------------------------------
[2024-03-11 04:17:25,524] {taskinstance.py:1115} INFO - Executing <Task(PythonOperator): clean_meeting> on 2024-03-11T04:17:21.982087+00:00
[2024-03-11 04:17:25,529] {standard_task_runner.py:52} INFO - Started process 2495 to run task
[2024-03-11 04:17:25,532] {standard_task_runner.py:76} INFO - Running: ['***', 'tasks', 'run', 'meeting_project492', 'clean_meeting', '2024-03-11T04:17:21.982087+00:00', '--job-id', '586', '--pool', 'default_pool', '--raw', '--subdir', 'DAGS_FOLDER/first_dag.py', '--cfg-path', '/tmp/tmpi4y91wdp', '--error-file', '/tmp/tmpgzr0dkfb']
[2024-03-11 04:17:25,534] {standard_task_runner.py:77} INFO - Job 586: Subtask clean_meeting
[2024-03-11 04:17:25,571] {logging_mixin.py:109} INFO - Running <TaskInstance: meeting_project492.clean_meeting 2024-03-11T04:17:21.982087+00:00 [running]> on host 76207e23fd35
[2024-03-11 04:17:25,619] {taskinstance.py:1254} INFO - Exporting the following env vars:
AIRFLOW_CTX_DAG_OWNER=***
AIRFLOW_CTX_DAG_ID=meeting_project492
AIRFLOW_CTX_TASK_ID=clean_meeting
AIRFLOW_CTX_EXECUTION_DATE=2024-03-11T04:17:21.982087+00:00
AIRFLOW_CTX_DAG_RUN_ID=manual__2024-03-11T04:17:21.982087+00:00
[2024-03-11 04:17:25,661] {logging_mixin.py:109} INFO - Output to /home/tnanun/***-meet/data/data_meet.csv yoyoyoyoyoyo
[2024-03-11 04:17:25,662] {python.py:151} INFO - Done. Returned value was: None
[2024-03-11 04:17:25,671] {taskinstance.py:1219} INFO - Marking task as SUCCESS. dag_id=meeting_project492, task_id=clean_meeting, execution_date=20240311T041721, start_date=20240311T041725, end_date=20240311T041725
[2024-03-11 04:17:25,704] {local_task_job.py:151} INFO - Task exited with return code 0
[2024-03-11 04:17:25,727] {local_task_job.py:261} INFO - 0 downstream tasks scheduled from follow-on schedule check
