[2024-03-10 16:19:09,264] {taskinstance.py:903} INFO - Dependencies all met for <TaskInstance: meeting_project492.fetch_meet_object 2024-03-10T16:19:08.089573+00:00 [queued]>
[2024-03-10 16:19:09,277] {taskinstance.py:903} INFO - Dependencies all met for <TaskInstance: meeting_project492.fetch_meet_object 2024-03-10T16:19:08.089573+00:00 [queued]>
[2024-03-10 16:19:09,277] {taskinstance.py:1095} INFO - 
--------------------------------------------------------------------------------
[2024-03-10 16:19:09,277] {taskinstance.py:1096} INFO - Starting attempt 1 of 1
[2024-03-10 16:19:09,277] {taskinstance.py:1097} INFO - 
--------------------------------------------------------------------------------
[2024-03-10 16:19:09,293] {taskinstance.py:1115} INFO - Executing <Task(PythonOperator): fetch_meet_object> on 2024-03-10T16:19:08.089573+00:00
[2024-03-10 16:19:09,298] {standard_task_runner.py:52} INFO - Started process 1963 to run task
[2024-03-10 16:19:09,303] {standard_task_runner.py:76} INFO - Running: ['***', 'tasks', 'run', 'meeting_project492', 'fetch_meet_object', '2024-03-10T16:19:08.089573+00:00', '--job-id', '410', '--pool', 'default_pool', '--raw', '--subdir', 'DAGS_FOLDER/first_dag.py', '--cfg-path', '/tmp/tmpb1nw72ru', '--error-file', '/tmp/tmpjr8u2_jz']
[2024-03-10 16:19:09,308] {standard_task_runner.py:77} INFO - Job 410: Subtask fetch_meet_object
[2024-03-10 16:19:09,363] {logging_mixin.py:109} INFO - Running <TaskInstance: meeting_project492.fetch_meet_object 2024-03-10T16:19:08.089573+00:00 [running]> on host 6053b7d19b63
[2024-03-10 16:19:09,425] {taskinstance.py:1254} INFO - Exporting the following env vars:
AIRFLOW_CTX_DAG_OWNER=***
AIRFLOW_CTX_DAG_ID=meeting_project492
AIRFLOW_CTX_TASK_ID=fetch_meet_object
AIRFLOW_CTX_EXECUTION_DATE=2024-03-10T16:19:08.089573+00:00
AIRFLOW_CTX_DAG_RUN_ID=manual__2024-03-10T16:19:08.089573+00:00
[2024-03-10 16:19:12,420] {logging_mixin.py:109} INFO - Output to /home/tnanun/***-meet/data/data_obj.csv yoyoyoyoyoyo
[2024-03-10 16:19:12,421] {python.py:151} INFO - Done. Returned value was: None
[2024-03-10 16:19:12,434] {taskinstance.py:1219} INFO - Marking task as SUCCESS. dag_id=meeting_project492, task_id=fetch_meet_object, execution_date=20240310T161908, start_date=20240310T161909, end_date=20240310T161912
[2024-03-10 16:19:12,486] {local_task_job.py:151} INFO - Task exited with return code 0
[2024-03-10 16:19:12,533] {local_task_job.py:261} INFO - 1 downstream tasks scheduled from follow-on schedule check
