[2024-03-05 10:53:14,471] {taskinstance.py:903} INFO - Dependencies all met for <TaskInstance: meeting_project.clean_comment 2024-03-05T10:53:05.342628+00:00 [queued]>
[2024-03-05 10:53:14,515] {taskinstance.py:903} INFO - Dependencies all met for <TaskInstance: meeting_project.clean_comment 2024-03-05T10:53:05.342628+00:00 [queued]>
[2024-03-05 10:53:14,516] {taskinstance.py:1095} INFO - 
--------------------------------------------------------------------------------
[2024-03-05 10:53:14,516] {taskinstance.py:1096} INFO - Starting attempt 1 of 1
[2024-03-05 10:53:14,516] {taskinstance.py:1097} INFO - 
--------------------------------------------------------------------------------
[2024-03-05 10:53:14,571] {taskinstance.py:1115} INFO - Executing <Task(PythonOperator): clean_comment> on 2024-03-05T10:53:05.342628+00:00
[2024-03-05 10:53:14,575] {standard_task_runner.py:52} INFO - Started process 689 to run task
[2024-03-05 10:53:14,578] {standard_task_runner.py:76} INFO - Running: ['***', 'tasks', 'run', 'meeting_project', 'clean_comment', '2024-03-05T10:53:05.342628+00:00', '--job-id', '310', '--pool', 'default_pool', '--raw', '--subdir', 'DAGS_FOLDER/first_dag.py', '--cfg-path', '/tmp/tmpityi0r03', '--error-file', '/tmp/tmp4f_l6pwq']
[2024-03-05 10:53:14,580] {standard_task_runner.py:77} INFO - Job 310: Subtask clean_comment
[2024-03-05 10:53:14,660] {logging_mixin.py:109} INFO - Running <TaskInstance: meeting_project.clean_comment 2024-03-05T10:53:05.342628+00:00 [running]> on host 97901b9aca65
[2024-03-05 10:53:14,771] {taskinstance.py:1254} INFO - Exporting the following env vars:
AIRFLOW_CTX_DAG_OWNER=***
AIRFLOW_CTX_DAG_ID=meeting_project
AIRFLOW_CTX_TASK_ID=clean_comment
AIRFLOW_CTX_EXECUTION_DATE=2024-03-05T10:53:05.342628+00:00
AIRFLOW_CTX_DAG_RUN_ID=manual__2024-03-05T10:53:05.342628+00:00
[2024-03-05 10:53:14,820] {logging_mixin.py:109} INFO - Output to /home/tnanun/***-meet/data/data_com.csv yoyoyoyoyoyo
[2024-03-05 10:53:14,820] {python.py:151} INFO - Done. Returned value was: None
[2024-03-05 10:53:14,848] {taskinstance.py:1219} INFO - Marking task as SUCCESS. dag_id=meeting_project, task_id=clean_comment, execution_date=20240305T105305, start_date=20240305T105314, end_date=20240305T105314
[2024-03-05 10:53:14,951] {local_task_job.py:151} INFO - Task exited with return code 0
[2024-03-05 10:53:15,031] {local_task_job.py:261} INFO - 0 downstream tasks scheduled from follow-on schedule check
