[2023-12-03 14:32:58,294] {taskinstance.py:903} INFO - Dependencies all met for <TaskInstance: meeting.fetch_answers 2023-12-03T14:32:56.624140+00:00 [queued]>
[2023-12-03 14:32:58,303] {taskinstance.py:903} INFO - Dependencies all met for <TaskInstance: meeting.fetch_answers 2023-12-03T14:32:56.624140+00:00 [queued]>
[2023-12-03 14:32:58,303] {taskinstance.py:1095} INFO - 
--------------------------------------------------------------------------------
[2023-12-03 14:32:58,304] {taskinstance.py:1096} INFO - Starting attempt 1 of 1
[2023-12-03 14:32:58,304] {taskinstance.py:1097} INFO - 
--------------------------------------------------------------------------------
[2023-12-03 14:32:58,317] {taskinstance.py:1115} INFO - Executing <Task(PythonOperator): fetch_answers> on 2023-12-03T14:32:56.624140+00:00
[2023-12-03 14:32:58,321] {standard_task_runner.py:52} INFO - Started process 3155 to run task
[2023-12-03 14:32:58,325] {standard_task_runner.py:76} INFO - Running: ['***', 'tasks', 'run', 'meeting', 'fetch_answers', '2023-12-03T14:32:56.624140+00:00', '--job-id', '64', '--pool', 'default_pool', '--raw', '--subdir', 'DAGS_FOLDER/first_dag.py', '--cfg-path', '/tmp/tmpx_4s3vb8', '--error-file', '/tmp/tmp7kis6b71']
[2023-12-03 14:32:58,327] {standard_task_runner.py:77} INFO - Job 64: Subtask fetch_answers
[2023-12-03 14:32:58,364] {logging_mixin.py:109} INFO - Running <TaskInstance: meeting.fetch_answers 2023-12-03T14:32:56.624140+00:00 [running]> on host 9d53e6732d94
[2023-12-03 14:32:58,409] {taskinstance.py:1254} INFO - Exporting the following env vars:
AIRFLOW_CTX_DAG_OWNER=***
AIRFLOW_CTX_DAG_ID=meeting
AIRFLOW_CTX_TASK_ID=fetch_answers
AIRFLOW_CTX_EXECUTION_DATE=2023-12-03T14:32:56.624140+00:00
AIRFLOW_CTX_DAG_RUN_ID=manual__2023-12-03T14:32:56.624140+00:00
[2023-12-03 14:33:04,257] {logging_mixin.py:109} INFO - Output to /home/tnanun/***-meet/data/data_ans.csv yoyoyoyoyoyo
[2023-12-03 14:33:04,258] {python.py:151} INFO - Done. Returned value was: None
[2023-12-03 14:33:04,267] {taskinstance.py:1219} INFO - Marking task as SUCCESS. dag_id=meeting, task_id=fetch_answers, execution_date=20231203T143256, start_date=20231203T143258, end_date=20231203T143304
[2023-12-03 14:33:04,322] {local_task_job.py:151} INFO - Task exited with return code 0
[2023-12-03 14:33:04,346] {local_task_job.py:261} INFO - 1 downstream tasks scheduled from follow-on schedule check
