[2024-03-05 09:48:59,814] {taskinstance.py:903} INFO - Dependencies all met for <TaskInstance: meeting.fetch_meeting 2024-03-05T09:48:58.683986+00:00 [queued]>
[2024-03-05 09:48:59,824] {taskinstance.py:903} INFO - Dependencies all met for <TaskInstance: meeting.fetch_meeting 2024-03-05T09:48:58.683986+00:00 [queued]>
[2024-03-05 09:48:59,825] {taskinstance.py:1095} INFO - 
--------------------------------------------------------------------------------
[2024-03-05 09:48:59,825] {taskinstance.py:1096} INFO - Starting attempt 1 of 1
[2024-03-05 09:48:59,825] {taskinstance.py:1097} INFO - 
--------------------------------------------------------------------------------
[2024-03-05 09:48:59,840] {taskinstance.py:1115} INFO - Executing <Task(PythonOperator): fetch_meeting> on 2024-03-05T09:48:58.683986+00:00
[2024-03-05 09:48:59,844] {standard_task_runner.py:52} INFO - Started process 6203 to run task
[2024-03-05 09:48:59,846] {standard_task_runner.py:76} INFO - Running: ['***', 'tasks', 'run', 'meeting', 'fetch_meeting', '2024-03-05T09:48:58.683986+00:00', '--job-id', '227', '--pool', 'default_pool', '--raw', '--subdir', 'DAGS_FOLDER/first_dag.py', '--cfg-path', '/tmp/tmpbmp5nwos', '--error-file', '/tmp/tmp0bh1brn5']
[2024-03-05 09:48:59,849] {standard_task_runner.py:77} INFO - Job 227: Subtask fetch_meeting
[2024-03-05 09:48:59,889] {logging_mixin.py:109} INFO - Running <TaskInstance: meeting.fetch_meeting 2024-03-05T09:48:58.683986+00:00 [running]> on host bd28ac0ade46
[2024-03-05 09:48:59,942] {taskinstance.py:1254} INFO - Exporting the following env vars:
AIRFLOW_CTX_DAG_OWNER=***
AIRFLOW_CTX_DAG_ID=meeting
AIRFLOW_CTX_TASK_ID=fetch_meeting
AIRFLOW_CTX_EXECUTION_DATE=2024-03-05T09:48:58.683986+00:00
AIRFLOW_CTX_DAG_RUN_ID=manual__2024-03-05T09:48:58.683986+00:00
[2024-03-05 09:49:01,058] {logging_mixin.py:109} INFO - Output to /home/tnanun/***-meet/data/data_meet.csv yoyoyoyoyoyo
[2024-03-05 09:49:01,059] {python.py:151} INFO - Done. Returned value was: None
[2024-03-05 09:49:01,069] {taskinstance.py:1219} INFO - Marking task as SUCCESS. dag_id=meeting, task_id=fetch_meeting, execution_date=20240305T094858, start_date=20240305T094859, end_date=20240305T094901
[2024-03-05 09:49:01,104] {local_task_job.py:151} INFO - Task exited with return code 0
[2024-03-05 09:49:01,129] {local_task_job.py:261} INFO - 1 downstream tasks scheduled from follow-on schedule check
