[2024-01-04 08:53:19,834] {taskinstance.py:903} INFO - Dependencies all met for <TaskInstance: meeting.fetch_meeting 2024-01-04T07:00:00+00:00 [queued]>
[2024-01-04 08:53:19,851] {taskinstance.py:903} INFO - Dependencies all met for <TaskInstance: meeting.fetch_meeting 2024-01-04T07:00:00+00:00 [queued]>
[2024-01-04 08:53:19,851] {taskinstance.py:1095} INFO - 
--------------------------------------------------------------------------------
[2024-01-04 08:53:19,851] {taskinstance.py:1096} INFO - Starting attempt 1 of 1
[2024-01-04 08:53:19,852] {taskinstance.py:1097} INFO - 
--------------------------------------------------------------------------------
[2024-01-04 08:53:19,872] {taskinstance.py:1115} INFO - Executing <Task(PythonOperator): fetch_meeting> on 2024-01-04T07:00:00+00:00
[2024-01-04 08:53:19,890] {standard_task_runner.py:52} INFO - Started process 298 to run task
[2024-01-04 08:53:19,894] {standard_task_runner.py:76} INFO - Running: ['***', 'tasks', 'run', 'meeting', 'fetch_meeting', '2024-01-04T07:00:00+00:00', '--job-id', '130', '--pool', 'default_pool', '--raw', '--subdir', 'DAGS_FOLDER/first_dag.py', '--cfg-path', '/tmp/tmpp2jfjik2', '--error-file', '/tmp/tmp2jr_rk6j']
[2024-01-04 08:53:19,900] {standard_task_runner.py:77} INFO - Job 130: Subtask fetch_meeting
[2024-01-04 08:53:20,021] {logging_mixin.py:109} INFO - Running <TaskInstance: meeting.fetch_meeting 2024-01-04T07:00:00+00:00 [running]> on host bd9da4259c23
[2024-01-04 08:53:20,208] {taskinstance.py:1254} INFO - Exporting the following env vars:
AIRFLOW_CTX_DAG_OWNER=***
AIRFLOW_CTX_DAG_ID=meeting
AIRFLOW_CTX_TASK_ID=fetch_meeting
AIRFLOW_CTX_EXECUTION_DATE=2024-01-04T07:00:00+00:00
AIRFLOW_CTX_DAG_RUN_ID=scheduled__2024-01-04T07:00:00+00:00
[2024-01-04 08:53:25,374] {logging_mixin.py:109} INFO - Output to /home/tnanun/***-meet/data/data_meet.csv yoyoyoyoyoyo
[2024-01-04 08:53:25,375] {python.py:151} INFO - Done. Returned value was: None
[2024-01-04 08:53:25,415] {taskinstance.py:1219} INFO - Marking task as SUCCESS. dag_id=meeting, task_id=fetch_meeting, execution_date=20240104T070000, start_date=20240104T085319, end_date=20240104T085325
[2024-01-04 08:53:25,522] {local_task_job.py:151} INFO - Task exited with return code 0
[2024-01-04 08:53:25,608] {local_task_job.py:261} INFO - 1 downstream tasks scheduled from follow-on schedule check
