[2024-03-01 15:16:44,254] {taskinstance.py:903} INFO - Dependencies all met for <TaskInstance: meeting.clean_answers 2024-03-01T15:16:36.954640+00:00 [queued]>
[2024-03-01 15:16:44,274] {taskinstance.py:903} INFO - Dependencies all met for <TaskInstance: meeting.clean_answers 2024-03-01T15:16:36.954640+00:00 [queued]>
[2024-03-01 15:16:44,274] {taskinstance.py:1095} INFO - 
--------------------------------------------------------------------------------
[2024-03-01 15:16:44,274] {taskinstance.py:1096} INFO - Starting attempt 1 of 1
[2024-03-01 15:16:44,274] {taskinstance.py:1097} INFO - 
--------------------------------------------------------------------------------
[2024-03-01 15:16:44,283] {taskinstance.py:1115} INFO - Executing <Task(PythonOperator): clean_answers> on 2024-03-01T15:16:36.954640+00:00
[2024-03-01 15:16:44,288] {standard_task_runner.py:52} INFO - Started process 10936 to run task
[2024-03-01 15:16:44,293] {standard_task_runner.py:76} INFO - Running: ['***', 'tasks', 'run', 'meeting', 'clean_answers', '2024-03-01T15:16:36.954640+00:00', '--job-id', '209', '--pool', 'default_pool', '--raw', '--subdir', 'DAGS_FOLDER/first_dag.py', '--cfg-path', '/tmp/tmp5c61n7aw', '--error-file', '/tmp/tmpppk8vfs4']
[2024-03-01 15:16:44,295] {standard_task_runner.py:77} INFO - Job 209: Subtask clean_answers
[2024-03-01 15:16:44,334] {logging_mixin.py:109} INFO - Running <TaskInstance: meeting.clean_answers 2024-03-01T15:16:36.954640+00:00 [running]> on host b272d77a87bd
[2024-03-01 15:16:44,380] {taskinstance.py:1254} INFO - Exporting the following env vars:
AIRFLOW_CTX_DAG_OWNER=***
AIRFLOW_CTX_DAG_ID=meeting
AIRFLOW_CTX_TASK_ID=clean_answers
AIRFLOW_CTX_EXECUTION_DATE=2024-03-01T15:16:36.954640+00:00
AIRFLOW_CTX_DAG_RUN_ID=manual__2024-03-01T15:16:36.954640+00:00
[2024-03-01 15:16:44,408] {logging_mixin.py:109} INFO - Output to /home/tnanun/***-meet/data/data_ans.csv yoyoyoyoyoyo
[2024-03-01 15:16:44,408] {python.py:151} INFO - Done. Returned value was: None
[2024-03-01 15:16:44,418] {taskinstance.py:1219} INFO - Marking task as SUCCESS. dag_id=meeting, task_id=clean_answers, execution_date=20240301T151636, start_date=20240301T151644, end_date=20240301T151644
[2024-03-01 15:16:44,464] {local_task_job.py:151} INFO - Task exited with return code 0
[2024-03-01 15:16:44,487] {local_task_job.py:261} INFO - 0 downstream tasks scheduled from follow-on schedule check
