[2024-03-01 15:22:43,981] {taskinstance.py:903} INFO - Dependencies all met for <TaskInstance: meeting.fetch_meeting 2024-03-01T15:22:42.819847+00:00 [queued]>
[2024-03-01 15:22:43,997] {taskinstance.py:903} INFO - Dependencies all met for <TaskInstance: meeting.fetch_meeting 2024-03-01T15:22:42.819847+00:00 [queued]>
[2024-03-01 15:22:43,997] {taskinstance.py:1095} INFO - 
--------------------------------------------------------------------------------
[2024-03-01 15:22:43,997] {taskinstance.py:1096} INFO - Starting attempt 1 of 1
[2024-03-01 15:22:43,997] {taskinstance.py:1097} INFO - 
--------------------------------------------------------------------------------
[2024-03-01 15:22:44,008] {taskinstance.py:1115} INFO - Executing <Task(PythonOperator): fetch_meeting> on 2024-03-01T15:22:42.819847+00:00
[2024-03-01 15:22:44,012] {standard_task_runner.py:52} INFO - Started process 13431 to run task
[2024-03-01 15:22:44,023] {standard_task_runner.py:76} INFO - Running: ['***', 'tasks', 'run', 'meeting', 'fetch_meeting', '2024-03-01T15:22:42.819847+00:00', '--job-id', '211', '--pool', 'default_pool', '--raw', '--subdir', 'DAGS_FOLDER/first_dag.py', '--cfg-path', '/tmp/tmpa_c_1by5', '--error-file', '/tmp/tmpe1fdtlw1']
[2024-03-01 15:22:44,026] {standard_task_runner.py:77} INFO - Job 211: Subtask fetch_meeting
[2024-03-01 15:22:44,066] {logging_mixin.py:109} INFO - Running <TaskInstance: meeting.fetch_meeting 2024-03-01T15:22:42.819847+00:00 [running]> on host b272d77a87bd
[2024-03-01 15:22:44,129] {taskinstance.py:1254} INFO - Exporting the following env vars:
AIRFLOW_CTX_DAG_OWNER=***
AIRFLOW_CTX_DAG_ID=meeting
AIRFLOW_CTX_TASK_ID=fetch_meeting
AIRFLOW_CTX_EXECUTION_DATE=2024-03-01T15:22:42.819847+00:00
AIRFLOW_CTX_DAG_RUN_ID=manual__2024-03-01T15:22:42.819847+00:00
[2024-03-01 15:22:45,276] {logging_mixin.py:109} INFO - Output to /home/tnanun/***-meet/data/data_meet.csv yoyoyoyoyoyo
[2024-03-01 15:22:45,276] {python.py:151} INFO - Done. Returned value was: None
[2024-03-01 15:22:45,286] {taskinstance.py:1219} INFO - Marking task as SUCCESS. dag_id=meeting, task_id=fetch_meeting, execution_date=20240301T152242, start_date=20240301T152243, end_date=20240301T152245
[2024-03-01 15:22:45,312] {local_task_job.py:151} INFO - Task exited with return code 0
[2024-03-01 15:22:45,339] {local_task_job.py:261} INFO - 1 downstream tasks scheduled from follow-on schedule check
