[2024-03-11 05:44:32,334] {taskinstance.py:903} INFO - Dependencies all met for <TaskInstance: meeting_project492.clean_answers 2024-03-11T05:44:27.509782+00:00 [queued]>
[2024-03-11 05:44:32,345] {taskinstance.py:903} INFO - Dependencies all met for <TaskInstance: meeting_project492.clean_answers 2024-03-11T05:44:27.509782+00:00 [queued]>
[2024-03-11 05:44:32,346] {taskinstance.py:1095} INFO - 
--------------------------------------------------------------------------------
[2024-03-11 05:44:32,346] {taskinstance.py:1096} INFO - Starting attempt 1 of 1
[2024-03-11 05:44:32,346] {taskinstance.py:1097} INFO - 
--------------------------------------------------------------------------------
[2024-03-11 05:44:32,360] {taskinstance.py:1115} INFO - Executing <Task(PythonOperator): clean_answers> on 2024-03-11T05:44:27.509782+00:00
[2024-03-11 05:44:32,364] {standard_task_runner.py:52} INFO - Started process 884 to run task
[2024-03-11 05:44:32,367] {standard_task_runner.py:76} INFO - Running: ['***', 'tasks', 'run', 'meeting_project492', 'clean_answers', '2024-03-11T05:44:27.509782+00:00', '--job-id', '687', '--pool', 'default_pool', '--raw', '--subdir', 'DAGS_FOLDER/first_dag.py', '--cfg-path', '/tmp/tmpe_ismt6n', '--error-file', '/tmp/tmp48u5vdni']
[2024-03-11 05:44:32,370] {standard_task_runner.py:77} INFO - Job 687: Subtask clean_answers
[2024-03-11 05:44:32,409] {logging_mixin.py:109} INFO - Running <TaskInstance: meeting_project492.clean_answers 2024-03-11T05:44:27.509782+00:00 [running]> on host 1c0f3566e916
[2024-03-11 05:44:32,462] {taskinstance.py:1254} INFO - Exporting the following env vars:
AIRFLOW_CTX_DAG_OWNER=***
AIRFLOW_CTX_DAG_ID=meeting_project492
AIRFLOW_CTX_TASK_ID=clean_answers
AIRFLOW_CTX_EXECUTION_DATE=2024-03-11T05:44:27.509782+00:00
AIRFLOW_CTX_DAG_RUN_ID=manual__2024-03-11T05:44:27.509782+00:00
[2024-03-11 05:44:32,500] {logging_mixin.py:109} INFO - Output to /home/tnanun/***-meet/data/data_ans.csv yoyoyoyoyoyo
[2024-03-11 05:44:32,500] {python.py:151} INFO - Done. Returned value was: None
[2024-03-11 05:44:32,512] {taskinstance.py:1219} INFO - Marking task as SUCCESS. dag_id=meeting_project492, task_id=clean_answers, execution_date=20240311T054427, start_date=20240311T054432, end_date=20240311T054432
[2024-03-11 05:44:32,542] {local_task_job.py:151} INFO - Task exited with return code 0
[2024-03-11 05:44:32,567] {local_task_job.py:261} INFO - 1 downstream tasks scheduled from follow-on schedule check
