[2024-03-28 18:16:01,028] {taskinstance.py:903} INFO - Dependencies all met for <TaskInstance: meeting_project492.clean_meet_obj 2024-03-11T06:00:00+00:00 [queued]>
[2024-03-28 18:16:01,061] {taskinstance.py:903} INFO - Dependencies all met for <TaskInstance: meeting_project492.clean_meet_obj 2024-03-11T06:00:00+00:00 [queued]>
[2024-03-28 18:16:01,062] {taskinstance.py:1095} INFO - 
--------------------------------------------------------------------------------
[2024-03-28 18:16:01,062] {taskinstance.py:1096} INFO - Starting attempt 1 of 1
[2024-03-28 18:16:01,062] {taskinstance.py:1097} INFO - 
--------------------------------------------------------------------------------
[2024-03-28 18:16:01,095] {taskinstance.py:1115} INFO - Executing <Task(PythonOperator): clean_meet_obj> on 2024-03-11T06:00:00+00:00
[2024-03-28 18:16:01,102] {standard_task_runner.py:52} INFO - Started process 651 to run task
[2024-03-28 18:16:01,106] {standard_task_runner.py:76} INFO - Running: ['***', 'tasks', 'run', 'meeting_project492', 'clean_meet_obj', '2024-03-11T06:00:00+00:00', '--job-id', '717', '--pool', 'default_pool', '--raw', '--subdir', 'DAGS_FOLDER/first_dag.py', '--cfg-path', '/tmp/tmpysw0tz6r', '--error-file', '/tmp/tmpd7yfy0dq']
[2024-03-28 18:16:01,110] {standard_task_runner.py:77} INFO - Job 717: Subtask clean_meet_obj
[2024-03-28 18:16:01,235] {logging_mixin.py:109} INFO - Running <TaskInstance: meeting_project492.clean_meet_obj 2024-03-11T06:00:00+00:00 [running]> on host 322f1435f697
[2024-03-28 18:16:01,337] {taskinstance.py:1254} INFO - Exporting the following env vars:
AIRFLOW_CTX_DAG_OWNER=***
AIRFLOW_CTX_DAG_ID=meeting_project492
AIRFLOW_CTX_TASK_ID=clean_meet_obj
AIRFLOW_CTX_EXECUTION_DATE=2024-03-11T06:00:00+00:00
AIRFLOW_CTX_DAG_RUN_ID=scheduled__2024-03-11T06:00:00+00:00
[2024-03-28 18:16:01,361] {logging_mixin.py:109} INFO - Output to /home/tnanun/***-meet/data/data_com.csv yoyoyoyoyoyo
[2024-03-28 18:16:01,361] {python.py:151} INFO - Done. Returned value was: None
[2024-03-28 18:16:01,377] {taskinstance.py:1219} INFO - Marking task as SUCCESS. dag_id=meeting_project492, task_id=clean_meet_obj, execution_date=20240311T060000, start_date=20240328T181601, end_date=20240328T181601
[2024-03-28 18:16:01,407] {local_task_job.py:151} INFO - Task exited with return code 0
[2024-03-28 18:16:01,437] {local_task_job.py:261} INFO - 0 downstream tasks scheduled from follow-on schedule check
