[2024-03-05 10:17:32,096] {taskinstance.py:903} INFO - Dependencies all met for <TaskInstance: meeting_project.fetch_meeting 2024-03-05T10:17:31.061461+00:00 [queued]>
[2024-03-05 10:17:32,114] {taskinstance.py:903} INFO - Dependencies all met for <TaskInstance: meeting_project.fetch_meeting 2024-03-05T10:17:31.061461+00:00 [queued]>
[2024-03-05 10:17:32,114] {taskinstance.py:1095} INFO - 
--------------------------------------------------------------------------------
[2024-03-05 10:17:32,114] {taskinstance.py:1096} INFO - Starting attempt 1 of 1
[2024-03-05 10:17:32,114] {taskinstance.py:1097} INFO - 
--------------------------------------------------------------------------------
[2024-03-05 10:17:32,125] {taskinstance.py:1115} INFO - Executing <Task(PythonOperator): fetch_meeting> on 2024-03-05T10:17:31.061461+00:00
[2024-03-05 10:17:32,130] {standard_task_runner.py:52} INFO - Started process 3459 to run task
[2024-03-05 10:17:32,132] {standard_task_runner.py:76} INFO - Running: ['***', 'tasks', 'run', 'meeting_project', 'fetch_meeting', '2024-03-05T10:17:31.061461+00:00', '--job-id', '261', '--pool', 'default_pool', '--raw', '--subdir', 'DAGS_FOLDER/first_dag.py', '--cfg-path', '/tmp/tmpy0cszhbk', '--error-file', '/tmp/tmp269guap7']
[2024-03-05 10:17:32,136] {standard_task_runner.py:77} INFO - Job 261: Subtask fetch_meeting
[2024-03-05 10:17:32,184] {logging_mixin.py:109} INFO - Running <TaskInstance: meeting_project.fetch_meeting 2024-03-05T10:17:31.061461+00:00 [running]> on host 4622d7b8f726
[2024-03-05 10:17:32,272] {taskinstance.py:1254} INFO - Exporting the following env vars:
AIRFLOW_CTX_DAG_OWNER=***
AIRFLOW_CTX_DAG_ID=meeting_project
AIRFLOW_CTX_TASK_ID=fetch_meeting
AIRFLOW_CTX_EXECUTION_DATE=2024-03-05T10:17:31.061461+00:00
AIRFLOW_CTX_DAG_RUN_ID=manual__2024-03-05T10:17:31.061461+00:00
[2024-03-05 10:17:33,448] {logging_mixin.py:109} INFO - Output to /home/tnanun/***-meet/data/data_meet.csv yoyoyoyoyoyo
[2024-03-05 10:17:33,448] {python.py:151} INFO - Done. Returned value was: None
[2024-03-05 10:17:33,458] {taskinstance.py:1219} INFO - Marking task as SUCCESS. dag_id=meeting_project, task_id=fetch_meeting, execution_date=20240305T101731, start_date=20240305T101732, end_date=20240305T101733
[2024-03-05 10:17:33,510] {local_task_job.py:151} INFO - Task exited with return code 0
[2024-03-05 10:17:33,554] {local_task_job.py:261} INFO - 1 downstream tasks scheduled from follow-on schedule check
