[2024-01-04 07:52:57,076] {processor.py:162} INFO - Started process (PID=297) to work on /home/airflow/.local/lib/python3.6/site-packages/airflow/example_dags/example_branch_datetime_operator.py
[2024-01-04 07:52:57,077] {processor.py:613} INFO - Processing file /home/airflow/.local/lib/python3.6/site-packages/airflow/example_dags/example_branch_datetime_operator.py for tasks to queue
[2024-01-04 07:52:57,077] {logging_mixin.py:109} INFO - [2024-01-04 07:52:57,077] {dagbag.py:496} INFO - Filling up the DagBag from /home/airflow/.local/lib/python3.6/site-packages/airflow/example_dags/example_branch_datetime_operator.py
[2024-01-04 07:52:57,088] {processor.py:623} INFO - DAG(s) dict_keys(['example_branch_datetime_operator_2']) retrieved from /home/airflow/.local/lib/python3.6/site-packages/airflow/example_dags/example_branch_datetime_operator.py
[2024-01-04 07:52:57,285] {logging_mixin.py:109} INFO - [2024-01-04 07:52:57,284] {dag.py:1834} INFO - Sync 1 DAGs
[2024-01-04 07:52:57,311] {logging_mixin.py:109} INFO - [2024-01-04 07:52:57,310] {dag.py:2287} INFO - Setting next_dagrun for example_branch_datetime_operator_2 to 2024-01-02 00:00:00+00:00
[2024-01-04 07:52:57,328] {processor.py:170} INFO - Processing /home/airflow/.local/lib/python3.6/site-packages/airflow/example_dags/example_branch_datetime_operator.py took 0.255 seconds
[2024-01-04 07:53:27,515] {processor.py:162} INFO - Started process (PID=492) to work on /home/airflow/.local/lib/python3.6/site-packages/airflow/example_dags/example_branch_datetime_operator.py
[2024-01-04 07:53:27,517] {processor.py:613} INFO - Processing file /home/airflow/.local/lib/python3.6/site-packages/airflow/example_dags/example_branch_datetime_operator.py for tasks to queue
[2024-01-04 07:53:27,517] {logging_mixin.py:109} INFO - [2024-01-04 07:53:27,517] {dagbag.py:496} INFO - Filling up the DagBag from /home/airflow/.local/lib/python3.6/site-packages/airflow/example_dags/example_branch_datetime_operator.py
[2024-01-04 07:53:27,531] {processor.py:623} INFO - DAG(s) dict_keys(['example_branch_datetime_operator_2']) retrieved from /home/airflow/.local/lib/python3.6/site-packages/airflow/example_dags/example_branch_datetime_operator.py
[2024-01-04 07:53:27,552] {logging_mixin.py:109} INFO - [2024-01-04 07:53:27,552] {dag.py:1834} INFO - Sync 1 DAGs
[2024-01-04 07:53:27,565] {logging_mixin.py:109} INFO - [2024-01-04 07:53:27,565] {dag.py:2287} INFO - Setting next_dagrun for example_branch_datetime_operator_2 to 2024-01-02 00:00:00+00:00
[2024-01-04 07:53:27,576] {processor.py:170} INFO - Processing /home/airflow/.local/lib/python3.6/site-packages/airflow/example_dags/example_branch_datetime_operator.py took 0.064 seconds
[2024-01-04 07:53:58,475] {processor.py:162} INFO - Started process (PID=703) to work on /home/airflow/.local/lib/python3.6/site-packages/airflow/example_dags/example_branch_datetime_operator.py
[2024-01-04 07:53:58,476] {processor.py:613} INFO - Processing file /home/airflow/.local/lib/python3.6/site-packages/airflow/example_dags/example_branch_datetime_operator.py for tasks to queue
[2024-01-04 07:53:58,477] {logging_mixin.py:109} INFO - [2024-01-04 07:53:58,477] {dagbag.py:496} INFO - Filling up the DagBag from /home/airflow/.local/lib/python3.6/site-packages/airflow/example_dags/example_branch_datetime_operator.py
[2024-01-04 07:53:58,487] {processor.py:623} INFO - DAG(s) dict_keys(['example_branch_datetime_operator_2']) retrieved from /home/airflow/.local/lib/python3.6/site-packages/airflow/example_dags/example_branch_datetime_operator.py
[2024-01-04 07:53:58,509] {logging_mixin.py:109} INFO - [2024-01-04 07:53:58,509] {dag.py:1834} INFO - Sync 1 DAGs
[2024-01-04 07:53:58,522] {logging_mixin.py:109} INFO - [2024-01-04 07:53:58,522] {dag.py:2287} INFO - Setting next_dagrun for example_branch_datetime_operator_2 to 2024-01-02 00:00:00+00:00
[2024-01-04 07:53:58,533] {processor.py:170} INFO - Processing /home/airflow/.local/lib/python3.6/site-packages/airflow/example_dags/example_branch_datetime_operator.py took 0.060 seconds
[2024-01-04 07:54:29,391] {processor.py:162} INFO - Started process (PID=1028) to work on /home/airflow/.local/lib/python3.6/site-packages/airflow/example_dags/example_branch_datetime_operator.py
[2024-01-04 07:54:29,392] {processor.py:613} INFO - Processing file /home/airflow/.local/lib/python3.6/site-packages/airflow/example_dags/example_branch_datetime_operator.py for tasks to queue
[2024-01-04 07:54:29,393] {logging_mixin.py:109} INFO - [2024-01-04 07:54:29,392] {dagbag.py:496} INFO - Filling up the DagBag from /home/airflow/.local/lib/python3.6/site-packages/airflow/example_dags/example_branch_datetime_operator.py
[2024-01-04 07:54:29,412] {processor.py:623} INFO - DAG(s) dict_keys(['example_branch_datetime_operator_2']) retrieved from /home/airflow/.local/lib/python3.6/site-packages/airflow/example_dags/example_branch_datetime_operator.py
[2024-01-04 07:54:29,433] {logging_mixin.py:109} INFO - [2024-01-04 07:54:29,433] {dag.py:1834} INFO - Sync 1 DAGs
[2024-01-04 07:54:29,459] {logging_mixin.py:109} INFO - [2024-01-04 07:54:29,459] {dag.py:2287} INFO - Setting next_dagrun for example_branch_datetime_operator_2 to 2024-01-02 00:00:00+00:00
[2024-01-04 07:54:29,473] {processor.py:170} INFO - Processing /home/airflow/.local/lib/python3.6/site-packages/airflow/example_dags/example_branch_datetime_operator.py took 0.085 seconds
[2024-01-04 07:55:00,066] {processor.py:162} INFO - Started process (PID=1233) to work on /home/airflow/.local/lib/python3.6/site-packages/airflow/example_dags/example_branch_datetime_operator.py
[2024-01-04 07:55:00,068] {processor.py:613} INFO - Processing file /home/airflow/.local/lib/python3.6/site-packages/airflow/example_dags/example_branch_datetime_operator.py for tasks to queue
[2024-01-04 07:55:00,069] {logging_mixin.py:109} INFO - [2024-01-04 07:55:00,068] {dagbag.py:496} INFO - Filling up the DagBag from /home/airflow/.local/lib/python3.6/site-packages/airflow/example_dags/example_branch_datetime_operator.py
[2024-01-04 07:55:00,078] {processor.py:623} INFO - DAG(s) dict_keys(['example_branch_datetime_operator_2']) retrieved from /home/airflow/.local/lib/python3.6/site-packages/airflow/example_dags/example_branch_datetime_operator.py
[2024-01-04 07:55:00,094] {logging_mixin.py:109} INFO - [2024-01-04 07:55:00,094] {dag.py:1834} INFO - Sync 1 DAGs
[2024-01-04 07:55:00,107] {logging_mixin.py:109} INFO - [2024-01-04 07:55:00,107] {dag.py:2287} INFO - Setting next_dagrun for example_branch_datetime_operator_2 to 2024-01-02 00:00:00+00:00
[2024-01-04 07:55:00,118] {processor.py:170} INFO - Processing /home/airflow/.local/lib/python3.6/site-packages/airflow/example_dags/example_branch_datetime_operator.py took 0.053 seconds
[2024-01-04 07:55:30,584] {processor.py:162} INFO - Started process (PID=1439) to work on /home/airflow/.local/lib/python3.6/site-packages/airflow/example_dags/example_branch_datetime_operator.py
[2024-01-04 07:55:30,586] {processor.py:613} INFO - Processing file /home/airflow/.local/lib/python3.6/site-packages/airflow/example_dags/example_branch_datetime_operator.py for tasks to queue
[2024-01-04 07:55:30,586] {logging_mixin.py:109} INFO - [2024-01-04 07:55:30,586] {dagbag.py:496} INFO - Filling up the DagBag from /home/airflow/.local/lib/python3.6/site-packages/airflow/example_dags/example_branch_datetime_operator.py
[2024-01-04 07:55:30,594] {processor.py:623} INFO - DAG(s) dict_keys(['example_branch_datetime_operator_2']) retrieved from /home/airflow/.local/lib/python3.6/site-packages/airflow/example_dags/example_branch_datetime_operator.py
[2024-01-04 07:55:30,611] {logging_mixin.py:109} INFO - [2024-01-04 07:55:30,611] {dag.py:1834} INFO - Sync 1 DAGs
[2024-01-04 07:55:30,622] {logging_mixin.py:109} INFO - [2024-01-04 07:55:30,622] {dag.py:2287} INFO - Setting next_dagrun for example_branch_datetime_operator_2 to 2024-01-02 00:00:00+00:00
[2024-01-04 07:55:30,632] {processor.py:170} INFO - Processing /home/airflow/.local/lib/python3.6/site-packages/airflow/example_dags/example_branch_datetime_operator.py took 0.050 seconds
[2024-01-04 08:53:20,997] {processor.py:162} INFO - Started process (PID=331) to work on /home/airflow/.local/lib/python3.6/site-packages/airflow/example_dags/example_branch_datetime_operator.py
[2024-01-04 08:53:21,001] {processor.py:613} INFO - Processing file /home/airflow/.local/lib/python3.6/site-packages/airflow/example_dags/example_branch_datetime_operator.py for tasks to queue
[2024-01-04 08:53:21,001] {logging_mixin.py:109} INFO - [2024-01-04 08:53:21,001] {dagbag.py:496} INFO - Filling up the DagBag from /home/airflow/.local/lib/python3.6/site-packages/airflow/example_dags/example_branch_datetime_operator.py
[2024-01-04 08:53:21,010] {processor.py:623} INFO - DAG(s) dict_keys(['example_branch_datetime_operator_2']) retrieved from /home/airflow/.local/lib/python3.6/site-packages/airflow/example_dags/example_branch_datetime_operator.py
[2024-01-04 08:53:21,049] {logging_mixin.py:109} INFO - [2024-01-04 08:53:21,049] {dag.py:1834} INFO - Sync 1 DAGs
[2024-01-04 08:53:21,088] {logging_mixin.py:109} INFO - [2024-01-04 08:53:21,088] {dag.py:2287} INFO - Setting next_dagrun for example_branch_datetime_operator_2 to 2024-01-02 00:00:00+00:00
[2024-01-04 08:53:21,106] {processor.py:170} INFO - Processing /home/airflow/.local/lib/python3.6/site-packages/airflow/example_dags/example_branch_datetime_operator.py took 0.112 seconds
[2024-01-04 08:53:55,449] {processor.py:162} INFO - Started process (PID=588) to work on /home/airflow/.local/lib/python3.6/site-packages/airflow/example_dags/example_branch_datetime_operator.py
[2024-01-04 08:53:55,453] {processor.py:613} INFO - Processing file /home/airflow/.local/lib/python3.6/site-packages/airflow/example_dags/example_branch_datetime_operator.py for tasks to queue
[2024-01-04 08:53:55,455] {logging_mixin.py:109} INFO - [2024-01-04 08:53:55,455] {dagbag.py:496} INFO - Filling up the DagBag from /home/airflow/.local/lib/python3.6/site-packages/airflow/example_dags/example_branch_datetime_operator.py
[2024-01-04 08:53:55,485] {processor.py:623} INFO - DAG(s) dict_keys(['example_branch_datetime_operator_2']) retrieved from /home/airflow/.local/lib/python3.6/site-packages/airflow/example_dags/example_branch_datetime_operator.py
[2024-01-04 08:53:55,545] {logging_mixin.py:109} INFO - [2024-01-04 08:53:55,544] {dag.py:1834} INFO - Sync 1 DAGs
[2024-01-04 08:53:55,589] {logging_mixin.py:109} INFO - [2024-01-04 08:53:55,589] {dag.py:2287} INFO - Setting next_dagrun for example_branch_datetime_operator_2 to 2024-01-02 00:00:00+00:00
[2024-01-04 08:53:55,616] {processor.py:170} INFO - Processing /home/airflow/.local/lib/python3.6/site-packages/airflow/example_dags/example_branch_datetime_operator.py took 0.176 seconds
[2024-01-04 08:54:26,393] {processor.py:162} INFO - Started process (PID=868) to work on /home/airflow/.local/lib/python3.6/site-packages/airflow/example_dags/example_branch_datetime_operator.py
[2024-01-04 08:54:26,397] {processor.py:613} INFO - Processing file /home/airflow/.local/lib/python3.6/site-packages/airflow/example_dags/example_branch_datetime_operator.py for tasks to queue
[2024-01-04 08:54:26,400] {logging_mixin.py:109} INFO - [2024-01-04 08:54:26,399] {dagbag.py:496} INFO - Filling up the DagBag from /home/airflow/.local/lib/python3.6/site-packages/airflow/example_dags/example_branch_datetime_operator.py
[2024-01-04 08:54:26,431] {processor.py:623} INFO - DAG(s) dict_keys(['example_branch_datetime_operator_2']) retrieved from /home/airflow/.local/lib/python3.6/site-packages/airflow/example_dags/example_branch_datetime_operator.py
[2024-01-04 08:54:26,522] {logging_mixin.py:109} INFO - [2024-01-04 08:54:26,521] {dag.py:1834} INFO - Sync 1 DAGs
[2024-01-04 08:54:26,594] {logging_mixin.py:109} INFO - [2024-01-04 08:54:26,593] {dag.py:2287} INFO - Setting next_dagrun for example_branch_datetime_operator_2 to 2024-01-02 00:00:00+00:00
[2024-01-04 08:54:26,636] {processor.py:170} INFO - Processing /home/airflow/.local/lib/python3.6/site-packages/airflow/example_dags/example_branch_datetime_operator.py took 0.250 seconds
[2024-01-04 08:54:57,361] {processor.py:162} INFO - Started process (PID=1063) to work on /home/airflow/.local/lib/python3.6/site-packages/airflow/example_dags/example_branch_datetime_operator.py
[2024-01-04 08:54:57,362] {processor.py:613} INFO - Processing file /home/airflow/.local/lib/python3.6/site-packages/airflow/example_dags/example_branch_datetime_operator.py for tasks to queue
[2024-01-04 08:54:57,363] {logging_mixin.py:109} INFO - [2024-01-04 08:54:57,363] {dagbag.py:496} INFO - Filling up the DagBag from /home/airflow/.local/lib/python3.6/site-packages/airflow/example_dags/example_branch_datetime_operator.py
[2024-01-04 08:54:57,377] {processor.py:623} INFO - DAG(s) dict_keys(['example_branch_datetime_operator_2']) retrieved from /home/airflow/.local/lib/python3.6/site-packages/airflow/example_dags/example_branch_datetime_operator.py
[2024-01-04 08:54:57,406] {logging_mixin.py:109} INFO - [2024-01-04 08:54:57,405] {dag.py:1834} INFO - Sync 1 DAGs
[2024-01-04 08:54:57,428] {logging_mixin.py:109} INFO - [2024-01-04 08:54:57,428] {dag.py:2287} INFO - Setting next_dagrun for example_branch_datetime_operator_2 to 2024-01-02 00:00:00+00:00
[2024-01-04 08:54:57,445] {processor.py:170} INFO - Processing /home/airflow/.local/lib/python3.6/site-packages/airflow/example_dags/example_branch_datetime_operator.py took 0.087 seconds
[2024-01-04 08:55:27,998] {processor.py:162} INFO - Started process (PID=1269) to work on /home/airflow/.local/lib/python3.6/site-packages/airflow/example_dags/example_branch_datetime_operator.py
[2024-01-04 08:55:27,999] {processor.py:613} INFO - Processing file /home/airflow/.local/lib/python3.6/site-packages/airflow/example_dags/example_branch_datetime_operator.py for tasks to queue
[2024-01-04 08:55:28,000] {logging_mixin.py:109} INFO - [2024-01-04 08:55:28,000] {dagbag.py:496} INFO - Filling up the DagBag from /home/airflow/.local/lib/python3.6/site-packages/airflow/example_dags/example_branch_datetime_operator.py
[2024-01-04 08:55:28,014] {processor.py:623} INFO - DAG(s) dict_keys(['example_branch_datetime_operator_2']) retrieved from /home/airflow/.local/lib/python3.6/site-packages/airflow/example_dags/example_branch_datetime_operator.py
[2024-01-04 08:55:28,039] {logging_mixin.py:109} INFO - [2024-01-04 08:55:28,038] {dag.py:1834} INFO - Sync 1 DAGs
[2024-01-04 08:55:28,058] {logging_mixin.py:109} INFO - [2024-01-04 08:55:28,058] {dag.py:2287} INFO - Setting next_dagrun for example_branch_datetime_operator_2 to 2024-01-02 00:00:00+00:00
[2024-01-04 08:55:28,072] {processor.py:170} INFO - Processing /home/airflow/.local/lib/python3.6/site-packages/airflow/example_dags/example_branch_datetime_operator.py took 0.078 seconds
