[2024-01-04 07:52:57,229] {processor.py:162} INFO - Started process (PID=302) to work on /home/airflow/.local/lib/python3.6/site-packages/airflow/example_dags/example_task_group_decorator.py
[2024-01-04 07:52:57,230] {processor.py:613} INFO - Processing file /home/airflow/.local/lib/python3.6/site-packages/airflow/example_dags/example_task_group_decorator.py for tasks to queue
[2024-01-04 07:52:57,231] {logging_mixin.py:109} INFO - [2024-01-04 07:52:57,231] {dagbag.py:496} INFO - Filling up the DagBag from /home/airflow/.local/lib/python3.6/site-packages/airflow/example_dags/example_task_group_decorator.py
[2024-01-04 07:52:57,258] {processor.py:623} INFO - DAG(s) dict_keys(['example_task_group_decorator']) retrieved from /home/airflow/.local/lib/python3.6/site-packages/airflow/example_dags/example_task_group_decorator.py
[2024-01-04 07:52:57,481] {logging_mixin.py:109} INFO - [2024-01-04 07:52:57,481] {dag.py:1834} INFO - Sync 1 DAGs
[2024-01-04 07:52:57,493] {logging_mixin.py:109} INFO - [2024-01-04 07:52:57,493] {dag.py:2287} INFO - Setting next_dagrun for example_task_group_decorator to 2024-01-02 00:00:00+00:00
[2024-01-04 07:52:57,510] {processor.py:170} INFO - Processing /home/airflow/.local/lib/python3.6/site-packages/airflow/example_dags/example_task_group_decorator.py took 0.282 seconds
[2024-01-04 07:53:27,531] {processor.py:162} INFO - Started process (PID=497) to work on /home/airflow/.local/lib/python3.6/site-packages/airflow/example_dags/example_task_group_decorator.py
[2024-01-04 07:53:27,533] {processor.py:613} INFO - Processing file /home/airflow/.local/lib/python3.6/site-packages/airflow/example_dags/example_task_group_decorator.py for tasks to queue
[2024-01-04 07:53:27,534] {logging_mixin.py:109} INFO - [2024-01-04 07:53:27,534] {dagbag.py:496} INFO - Filling up the DagBag from /home/airflow/.local/lib/python3.6/site-packages/airflow/example_dags/example_task_group_decorator.py
[2024-01-04 07:53:27,556] {processor.py:623} INFO - DAG(s) dict_keys(['example_task_group_decorator']) retrieved from /home/airflow/.local/lib/python3.6/site-packages/airflow/example_dags/example_task_group_decorator.py
[2024-01-04 07:53:27,712] {logging_mixin.py:109} INFO - [2024-01-04 07:53:27,712] {dag.py:1834} INFO - Sync 1 DAGs
[2024-01-04 07:53:27,723] {logging_mixin.py:109} INFO - [2024-01-04 07:53:27,722] {dag.py:2287} INFO - Setting next_dagrun for example_task_group_decorator to 2024-01-02 00:00:00+00:00
[2024-01-04 07:53:27,734] {processor.py:170} INFO - Processing /home/airflow/.local/lib/python3.6/site-packages/airflow/example_dags/example_task_group_decorator.py took 0.206 seconds
[2024-01-04 07:53:58,479] {processor.py:162} INFO - Started process (PID=706) to work on /home/airflow/.local/lib/python3.6/site-packages/airflow/example_dags/example_task_group_decorator.py
[2024-01-04 07:53:58,481] {processor.py:613} INFO - Processing file /home/airflow/.local/lib/python3.6/site-packages/airflow/example_dags/example_task_group_decorator.py for tasks to queue
[2024-01-04 07:53:58,481] {logging_mixin.py:109} INFO - [2024-01-04 07:53:58,481] {dagbag.py:496} INFO - Filling up the DagBag from /home/airflow/.local/lib/python3.6/site-packages/airflow/example_dags/example_task_group_decorator.py
[2024-01-04 07:53:58,504] {processor.py:623} INFO - DAG(s) dict_keys(['example_task_group_decorator']) retrieved from /home/airflow/.local/lib/python3.6/site-packages/airflow/example_dags/example_task_group_decorator.py
[2024-01-04 07:53:58,778] {logging_mixin.py:109} INFO - [2024-01-04 07:53:58,778] {dag.py:1834} INFO - Sync 1 DAGs
[2024-01-04 07:53:58,789] {logging_mixin.py:109} INFO - [2024-01-04 07:53:58,789] {dag.py:2287} INFO - Setting next_dagrun for example_task_group_decorator to 2024-01-02 00:00:00+00:00
[2024-01-04 07:53:58,802] {processor.py:170} INFO - Processing /home/airflow/.local/lib/python3.6/site-packages/airflow/example_dags/example_task_group_decorator.py took 0.324 seconds
[2024-01-04 07:54:29,465] {processor.py:162} INFO - Started process (PID=1033) to work on /home/airflow/.local/lib/python3.6/site-packages/airflow/example_dags/example_task_group_decorator.py
[2024-01-04 07:54:29,466] {processor.py:613} INFO - Processing file /home/airflow/.local/lib/python3.6/site-packages/airflow/example_dags/example_task_group_decorator.py for tasks to queue
[2024-01-04 07:54:29,467] {logging_mixin.py:109} INFO - [2024-01-04 07:54:29,467] {dagbag.py:496} INFO - Filling up the DagBag from /home/airflow/.local/lib/python3.6/site-packages/airflow/example_dags/example_task_group_decorator.py
[2024-01-04 07:54:29,490] {processor.py:623} INFO - DAG(s) dict_keys(['example_task_group_decorator']) retrieved from /home/airflow/.local/lib/python3.6/site-packages/airflow/example_dags/example_task_group_decorator.py
[2024-01-04 07:54:29,644] {logging_mixin.py:109} INFO - [2024-01-04 07:54:29,644] {dag.py:1834} INFO - Sync 1 DAGs
[2024-01-04 07:54:29,653] {logging_mixin.py:109} INFO - [2024-01-04 07:54:29,653] {dag.py:2287} INFO - Setting next_dagrun for example_task_group_decorator to 2024-01-02 00:00:00+00:00
[2024-01-04 07:54:29,666] {processor.py:170} INFO - Processing /home/airflow/.local/lib/python3.6/site-packages/airflow/example_dags/example_task_group_decorator.py took 0.205 seconds
[2024-01-04 07:55:00,134] {processor.py:162} INFO - Started process (PID=1243) to work on /home/airflow/.local/lib/python3.6/site-packages/airflow/example_dags/example_task_group_decorator.py
[2024-01-04 07:55:00,135] {processor.py:613} INFO - Processing file /home/airflow/.local/lib/python3.6/site-packages/airflow/example_dags/example_task_group_decorator.py for tasks to queue
[2024-01-04 07:55:00,136] {logging_mixin.py:109} INFO - [2024-01-04 07:55:00,136] {dagbag.py:496} INFO - Filling up the DagBag from /home/airflow/.local/lib/python3.6/site-packages/airflow/example_dags/example_task_group_decorator.py
[2024-01-04 07:55:00,154] {processor.py:623} INFO - DAG(s) dict_keys(['example_task_group_decorator']) retrieved from /home/airflow/.local/lib/python3.6/site-packages/airflow/example_dags/example_task_group_decorator.py
[2024-01-04 07:55:00,310] {logging_mixin.py:109} INFO - [2024-01-04 07:55:00,310] {dag.py:1834} INFO - Sync 1 DAGs
[2024-01-04 07:55:00,319] {logging_mixin.py:109} INFO - [2024-01-04 07:55:00,319] {dag.py:2287} INFO - Setting next_dagrun for example_task_group_decorator to 2024-01-02 00:00:00+00:00
[2024-01-04 07:55:00,332] {processor.py:170} INFO - Processing /home/airflow/.local/lib/python3.6/site-packages/airflow/example_dags/example_task_group_decorator.py took 0.200 seconds
[2024-01-04 07:55:30,592] {processor.py:162} INFO - Started process (PID=1443) to work on /home/airflow/.local/lib/python3.6/site-packages/airflow/example_dags/example_task_group_decorator.py
[2024-01-04 07:55:30,593] {processor.py:613} INFO - Processing file /home/airflow/.local/lib/python3.6/site-packages/airflow/example_dags/example_task_group_decorator.py for tasks to queue
[2024-01-04 07:55:30,594] {logging_mixin.py:109} INFO - [2024-01-04 07:55:30,594] {dagbag.py:496} INFO - Filling up the DagBag from /home/airflow/.local/lib/python3.6/site-packages/airflow/example_dags/example_task_group_decorator.py
[2024-01-04 07:55:30,611] {processor.py:623} INFO - DAG(s) dict_keys(['example_task_group_decorator']) retrieved from /home/airflow/.local/lib/python3.6/site-packages/airflow/example_dags/example_task_group_decorator.py
[2024-01-04 07:55:30,753] {logging_mixin.py:109} INFO - [2024-01-04 07:55:30,753] {dag.py:1834} INFO - Sync 1 DAGs
[2024-01-04 07:55:30,762] {logging_mixin.py:109} INFO - [2024-01-04 07:55:30,762] {dag.py:2287} INFO - Setting next_dagrun for example_task_group_decorator to 2024-01-02 00:00:00+00:00
[2024-01-04 07:55:30,775] {processor.py:170} INFO - Processing /home/airflow/.local/lib/python3.6/site-packages/airflow/example_dags/example_task_group_decorator.py took 0.186 seconds
[2024-01-04 08:53:21,062] {processor.py:162} INFO - Started process (PID=336) to work on /home/airflow/.local/lib/python3.6/site-packages/airflow/example_dags/example_task_group_decorator.py
[2024-01-04 08:53:21,065] {processor.py:613} INFO - Processing file /home/airflow/.local/lib/python3.6/site-packages/airflow/example_dags/example_task_group_decorator.py for tasks to queue
[2024-01-04 08:53:21,067] {logging_mixin.py:109} INFO - [2024-01-04 08:53:21,066] {dagbag.py:496} INFO - Filling up the DagBag from /home/airflow/.local/lib/python3.6/site-packages/airflow/example_dags/example_task_group_decorator.py
[2024-01-04 08:53:21,112] {processor.py:623} INFO - DAG(s) dict_keys(['example_task_group_decorator']) retrieved from /home/airflow/.local/lib/python3.6/site-packages/airflow/example_dags/example_task_group_decorator.py
[2024-01-04 08:53:21,478] {logging_mixin.py:109} INFO - [2024-01-04 08:53:21,478] {dag.py:1834} INFO - Sync 1 DAGs
[2024-01-04 08:53:21,503] {logging_mixin.py:109} INFO - [2024-01-04 08:53:21,503] {dag.py:2287} INFO - Setting next_dagrun for example_task_group_decorator to 2024-01-02 00:00:00+00:00
[2024-01-04 08:53:21,546] {processor.py:170} INFO - Processing /home/airflow/.local/lib/python3.6/site-packages/airflow/example_dags/example_task_group_decorator.py took 0.491 seconds
[2024-01-04 08:53:55,535] {processor.py:162} INFO - Started process (PID=593) to work on /home/airflow/.local/lib/python3.6/site-packages/airflow/example_dags/example_task_group_decorator.py
[2024-01-04 08:53:55,538] {processor.py:613} INFO - Processing file /home/airflow/.local/lib/python3.6/site-packages/airflow/example_dags/example_task_group_decorator.py for tasks to queue
[2024-01-04 08:53:55,540] {logging_mixin.py:109} INFO - [2024-01-04 08:53:55,539] {dagbag.py:496} INFO - Filling up the DagBag from /home/airflow/.local/lib/python3.6/site-packages/airflow/example_dags/example_task_group_decorator.py
[2024-01-04 08:53:55,613] {processor.py:623} INFO - DAG(s) dict_keys(['example_task_group_decorator']) retrieved from /home/airflow/.local/lib/python3.6/site-packages/airflow/example_dags/example_task_group_decorator.py
[2024-01-04 08:53:56,251] {logging_mixin.py:109} INFO - [2024-01-04 08:53:56,250] {dag.py:1834} INFO - Sync 1 DAGs
[2024-01-04 08:53:56,291] {logging_mixin.py:109} INFO - [2024-01-04 08:53:56,290] {dag.py:2287} INFO - Setting next_dagrun for example_task_group_decorator to 2024-01-02 00:00:00+00:00
[2024-01-04 08:53:56,331] {processor.py:170} INFO - Processing /home/airflow/.local/lib/python3.6/site-packages/airflow/example_dags/example_task_group_decorator.py took 0.802 seconds
[2024-01-04 08:54:26,713] {processor.py:162} INFO - Started process (PID=878) to work on /home/airflow/.local/lib/python3.6/site-packages/airflow/example_dags/example_task_group_decorator.py
[2024-01-04 08:54:26,717] {processor.py:613} INFO - Processing file /home/airflow/.local/lib/python3.6/site-packages/airflow/example_dags/example_task_group_decorator.py for tasks to queue
[2024-01-04 08:54:26,720] {logging_mixin.py:109} INFO - [2024-01-04 08:54:26,719] {dagbag.py:496} INFO - Filling up the DagBag from /home/airflow/.local/lib/python3.6/site-packages/airflow/example_dags/example_task_group_decorator.py
[2024-01-04 08:54:26,801] {processor.py:623} INFO - DAG(s) dict_keys(['example_task_group_decorator']) retrieved from /home/airflow/.local/lib/python3.6/site-packages/airflow/example_dags/example_task_group_decorator.py
[2024-01-04 08:54:27,172] {logging_mixin.py:109} INFO - [2024-01-04 08:54:27,171] {dag.py:1834} INFO - Sync 1 DAGs
[2024-01-04 08:54:27,194] {logging_mixin.py:109} INFO - [2024-01-04 08:54:27,194] {dag.py:2287} INFO - Setting next_dagrun for example_task_group_decorator to 2024-01-02 00:00:00+00:00
[2024-01-04 08:54:27,220] {processor.py:170} INFO - Processing /home/airflow/.local/lib/python3.6/site-packages/airflow/example_dags/example_task_group_decorator.py took 0.515 seconds
[2024-01-04 08:54:57,585] {processor.py:162} INFO - Started process (PID=1080) to work on /home/airflow/.local/lib/python3.6/site-packages/airflow/example_dags/example_task_group_decorator.py
[2024-01-04 08:54:57,586] {processor.py:613} INFO - Processing file /home/airflow/.local/lib/python3.6/site-packages/airflow/example_dags/example_task_group_decorator.py for tasks to queue
[2024-01-04 08:54:57,587] {logging_mixin.py:109} INFO - [2024-01-04 08:54:57,587] {dagbag.py:496} INFO - Filling up the DagBag from /home/airflow/.local/lib/python3.6/site-packages/airflow/example_dags/example_task_group_decorator.py
[2024-01-04 08:54:57,616] {processor.py:623} INFO - DAG(s) dict_keys(['example_task_group_decorator']) retrieved from /home/airflow/.local/lib/python3.6/site-packages/airflow/example_dags/example_task_group_decorator.py
[2024-01-04 08:54:57,859] {logging_mixin.py:109} INFO - [2024-01-04 08:54:57,859] {dag.py:1834} INFO - Sync 1 DAGs
[2024-01-04 08:54:57,876] {logging_mixin.py:109} INFO - [2024-01-04 08:54:57,876] {dag.py:2287} INFO - Setting next_dagrun for example_task_group_decorator to 2024-01-02 00:00:00+00:00
[2024-01-04 08:54:57,897] {processor.py:170} INFO - Processing /home/airflow/.local/lib/python3.6/site-packages/airflow/example_dags/example_task_group_decorator.py took 0.315 seconds
[2024-01-04 08:55:28,098] {processor.py:162} INFO - Started process (PID=1274) to work on /home/airflow/.local/lib/python3.6/site-packages/airflow/example_dags/example_task_group_decorator.py
[2024-01-04 08:55:28,101] {processor.py:613} INFO - Processing file /home/airflow/.local/lib/python3.6/site-packages/airflow/example_dags/example_task_group_decorator.py for tasks to queue
[2024-01-04 08:55:28,102] {logging_mixin.py:109} INFO - [2024-01-04 08:55:28,102] {dagbag.py:496} INFO - Filling up the DagBag from /home/airflow/.local/lib/python3.6/site-packages/airflow/example_dags/example_task_group_decorator.py
[2024-01-04 08:55:28,130] {processor.py:623} INFO - DAG(s) dict_keys(['example_task_group_decorator']) retrieved from /home/airflow/.local/lib/python3.6/site-packages/airflow/example_dags/example_task_group_decorator.py
[2024-01-04 08:55:28,375] {logging_mixin.py:109} INFO - [2024-01-04 08:55:28,375] {dag.py:1834} INFO - Sync 1 DAGs
[2024-01-04 08:55:28,389] {logging_mixin.py:109} INFO - [2024-01-04 08:55:28,389] {dag.py:2287} INFO - Setting next_dagrun for example_task_group_decorator to 2024-01-02 00:00:00+00:00
[2024-01-04 08:55:28,405] {processor.py:170} INFO - Processing /home/airflow/.local/lib/python3.6/site-packages/airflow/example_dags/example_task_group_decorator.py took 0.310 seconds
