[2024-01-04 07:52:54,183] {processor.py:162} INFO - Started process (PID=187) to work on /home/airflow/.local/lib/python3.6/site-packages/airflow/example_dags/example_short_circuit_operator.py
[2024-01-04 07:52:54,184] {processor.py:613} INFO - Processing file /home/airflow/.local/lib/python3.6/site-packages/airflow/example_dags/example_short_circuit_operator.py for tasks to queue
[2024-01-04 07:52:54,184] {logging_mixin.py:109} INFO - [2024-01-04 07:52:54,184] {dagbag.py:496} INFO - Filling up the DagBag from /home/airflow/.local/lib/python3.6/site-packages/airflow/example_dags/example_short_circuit_operator.py
[2024-01-04 07:52:54,194] {processor.py:623} INFO - DAG(s) dict_keys(['example_short_circuit_operator']) retrieved from /home/airflow/.local/lib/python3.6/site-packages/airflow/example_dags/example_short_circuit_operator.py
[2024-01-04 07:52:54,359] {logging_mixin.py:109} INFO - [2024-01-04 07:52:54,359] {dag.py:1834} INFO - Sync 1 DAGs
[2024-01-04 07:52:54,370] {logging_mixin.py:109} INFO - [2024-01-04 07:52:54,370] {dag.py:2287} INFO - Setting next_dagrun for example_short_circuit_operator to 2024-01-02 00:00:00+00:00
[2024-01-04 07:52:54,386] {processor.py:170} INFO - Processing /home/airflow/.local/lib/python3.6/site-packages/airflow/example_dags/example_short_circuit_operator.py took 0.205 seconds
[2024-01-04 07:53:25,233] {processor.py:162} INFO - Started process (PID=374) to work on /home/airflow/.local/lib/python3.6/site-packages/airflow/example_dags/example_short_circuit_operator.py
[2024-01-04 07:53:25,234] {processor.py:613} INFO - Processing file /home/airflow/.local/lib/python3.6/site-packages/airflow/example_dags/example_short_circuit_operator.py for tasks to queue
[2024-01-04 07:53:25,235] {logging_mixin.py:109} INFO - [2024-01-04 07:53:25,234] {dagbag.py:496} INFO - Filling up the DagBag from /home/airflow/.local/lib/python3.6/site-packages/airflow/example_dags/example_short_circuit_operator.py
[2024-01-04 07:53:25,246] {processor.py:623} INFO - DAG(s) dict_keys(['example_short_circuit_operator']) retrieved from /home/airflow/.local/lib/python3.6/site-packages/airflow/example_dags/example_short_circuit_operator.py
[2024-01-04 07:53:25,264] {logging_mixin.py:109} INFO - [2024-01-04 07:53:25,264] {dag.py:1834} INFO - Sync 1 DAGs
[2024-01-04 07:53:25,274] {logging_mixin.py:109} INFO - [2024-01-04 07:53:25,274] {dag.py:2287} INFO - Setting next_dagrun for example_short_circuit_operator to 2024-01-02 00:00:00+00:00
[2024-01-04 07:53:25,286] {processor.py:170} INFO - Processing /home/airflow/.local/lib/python3.6/site-packages/airflow/example_dags/example_short_circuit_operator.py took 0.055 seconds
[2024-01-04 07:53:55,344] {processor.py:162} INFO - Started process (PID=578) to work on /home/airflow/.local/lib/python3.6/site-packages/airflow/example_dags/example_short_circuit_operator.py
[2024-01-04 07:53:55,346] {processor.py:613} INFO - Processing file /home/airflow/.local/lib/python3.6/site-packages/airflow/example_dags/example_short_circuit_operator.py for tasks to queue
[2024-01-04 07:53:55,346] {logging_mixin.py:109} INFO - [2024-01-04 07:53:55,346] {dagbag.py:496} INFO - Filling up the DagBag from /home/airflow/.local/lib/python3.6/site-packages/airflow/example_dags/example_short_circuit_operator.py
[2024-01-04 07:53:55,356] {processor.py:623} INFO - DAG(s) dict_keys(['example_short_circuit_operator']) retrieved from /home/airflow/.local/lib/python3.6/site-packages/airflow/example_dags/example_short_circuit_operator.py
[2024-01-04 07:53:55,373] {logging_mixin.py:109} INFO - [2024-01-04 07:53:55,372] {dag.py:1834} INFO - Sync 1 DAGs
[2024-01-04 07:53:55,384] {logging_mixin.py:109} INFO - [2024-01-04 07:53:55,384] {dag.py:2287} INFO - Setting next_dagrun for example_short_circuit_operator to 2024-01-02 00:00:00+00:00
[2024-01-04 07:53:55,393] {processor.py:170} INFO - Processing /home/airflow/.local/lib/python3.6/site-packages/airflow/example_dags/example_short_circuit_operator.py took 0.051 seconds
[2024-01-04 07:54:26,078] {processor.py:162} INFO - Started process (PID=910) to work on /home/airflow/.local/lib/python3.6/site-packages/airflow/example_dags/example_short_circuit_operator.py
[2024-01-04 07:54:26,095] {processor.py:613} INFO - Processing file /home/airflow/.local/lib/python3.6/site-packages/airflow/example_dags/example_short_circuit_operator.py for tasks to queue
[2024-01-04 07:54:26,096] {logging_mixin.py:109} INFO - [2024-01-04 07:54:26,096] {dagbag.py:496} INFO - Filling up the DagBag from /home/airflow/.local/lib/python3.6/site-packages/airflow/example_dags/example_short_circuit_operator.py
[2024-01-04 07:54:26,106] {processor.py:623} INFO - DAG(s) dict_keys(['example_short_circuit_operator']) retrieved from /home/airflow/.local/lib/python3.6/site-packages/airflow/example_dags/example_short_circuit_operator.py
[2024-01-04 07:54:26,126] {logging_mixin.py:109} INFO - [2024-01-04 07:54:26,126] {dag.py:1834} INFO - Sync 1 DAGs
[2024-01-04 07:54:26,140] {logging_mixin.py:109} INFO - [2024-01-04 07:54:26,140] {dag.py:2287} INFO - Setting next_dagrun for example_short_circuit_operator to 2024-01-02 00:00:00+00:00
[2024-01-04 07:54:26,173] {processor.py:170} INFO - Processing /home/airflow/.local/lib/python3.6/site-packages/airflow/example_dags/example_short_circuit_operator.py took 0.098 seconds
[2024-01-04 07:54:56,933] {processor.py:162} INFO - Started process (PID=1115) to work on /home/airflow/.local/lib/python3.6/site-packages/airflow/example_dags/example_short_circuit_operator.py
[2024-01-04 07:54:56,934] {processor.py:613} INFO - Processing file /home/airflow/.local/lib/python3.6/site-packages/airflow/example_dags/example_short_circuit_operator.py for tasks to queue
[2024-01-04 07:54:56,934] {logging_mixin.py:109} INFO - [2024-01-04 07:54:56,934] {dagbag.py:496} INFO - Filling up the DagBag from /home/airflow/.local/lib/python3.6/site-packages/airflow/example_dags/example_short_circuit_operator.py
[2024-01-04 07:54:56,943] {processor.py:623} INFO - DAG(s) dict_keys(['example_short_circuit_operator']) retrieved from /home/airflow/.local/lib/python3.6/site-packages/airflow/example_dags/example_short_circuit_operator.py
[2024-01-04 07:54:56,963] {logging_mixin.py:109} INFO - [2024-01-04 07:54:56,963] {dag.py:1834} INFO - Sync 1 DAGs
[2024-01-04 07:54:56,974] {logging_mixin.py:109} INFO - [2024-01-04 07:54:56,974] {dag.py:2287} INFO - Setting next_dagrun for example_short_circuit_operator to 2024-01-02 00:00:00+00:00
[2024-01-04 07:54:56,985] {processor.py:170} INFO - Processing /home/airflow/.local/lib/python3.6/site-packages/airflow/example_dags/example_short_circuit_operator.py took 0.055 seconds
[2024-01-04 07:55:27,537] {processor.py:162} INFO - Started process (PID=1310) to work on /home/airflow/.local/lib/python3.6/site-packages/airflow/example_dags/example_short_circuit_operator.py
[2024-01-04 07:55:27,538] {processor.py:613} INFO - Processing file /home/airflow/.local/lib/python3.6/site-packages/airflow/example_dags/example_short_circuit_operator.py for tasks to queue
[2024-01-04 07:55:27,539] {logging_mixin.py:109} INFO - [2024-01-04 07:55:27,539] {dagbag.py:496} INFO - Filling up the DagBag from /home/airflow/.local/lib/python3.6/site-packages/airflow/example_dags/example_short_circuit_operator.py
[2024-01-04 07:55:27,547] {processor.py:623} INFO - DAG(s) dict_keys(['example_short_circuit_operator']) retrieved from /home/airflow/.local/lib/python3.6/site-packages/airflow/example_dags/example_short_circuit_operator.py
[2024-01-04 07:55:27,563] {logging_mixin.py:109} INFO - [2024-01-04 07:55:27,563] {dag.py:1834} INFO - Sync 1 DAGs
[2024-01-04 07:55:27,573] {logging_mixin.py:109} INFO - [2024-01-04 07:55:27,573] {dag.py:2287} INFO - Setting next_dagrun for example_short_circuit_operator to 2024-01-02 00:00:00+00:00
[2024-01-04 07:55:27,582] {processor.py:170} INFO - Processing /home/airflow/.local/lib/python3.6/site-packages/airflow/example_dags/example_short_circuit_operator.py took 0.047 seconds
[2024-01-04 08:53:14,245] {processor.py:162} INFO - Started process (PID=199) to work on /home/airflow/.local/lib/python3.6/site-packages/airflow/example_dags/example_short_circuit_operator.py
[2024-01-04 08:53:14,250] {processor.py:613} INFO - Processing file /home/airflow/.local/lib/python3.6/site-packages/airflow/example_dags/example_short_circuit_operator.py for tasks to queue
[2024-01-04 08:53:14,252] {logging_mixin.py:109} INFO - [2024-01-04 08:53:14,252] {dagbag.py:496} INFO - Filling up the DagBag from /home/airflow/.local/lib/python3.6/site-packages/airflow/example_dags/example_short_circuit_operator.py
[2024-01-04 08:53:14,312] {processor.py:623} INFO - DAG(s) dict_keys(['example_short_circuit_operator']) retrieved from /home/airflow/.local/lib/python3.6/site-packages/airflow/example_dags/example_short_circuit_operator.py
[2024-01-04 08:53:14,393] {logging_mixin.py:109} INFO - [2024-01-04 08:53:14,393] {dag.py:1834} INFO - Sync 1 DAGs
[2024-01-04 08:53:14,469] {logging_mixin.py:109} INFO - [2024-01-04 08:53:14,469] {dag.py:2287} INFO - Setting next_dagrun for example_short_circuit_operator to 2024-01-02 00:00:00+00:00
[2024-01-04 08:53:14,508] {processor.py:170} INFO - Processing /home/airflow/.local/lib/python3.6/site-packages/airflow/example_dags/example_short_circuit_operator.py took 0.277 seconds
[2024-01-04 08:53:45,252] {processor.py:162} INFO - Started process (PID=460) to work on /home/airflow/.local/lib/python3.6/site-packages/airflow/example_dags/example_short_circuit_operator.py
[2024-01-04 08:53:45,253] {processor.py:613} INFO - Processing file /home/airflow/.local/lib/python3.6/site-packages/airflow/example_dags/example_short_circuit_operator.py for tasks to queue
[2024-01-04 08:53:45,254] {logging_mixin.py:109} INFO - [2024-01-04 08:53:45,254] {dagbag.py:496} INFO - Filling up the DagBag from /home/airflow/.local/lib/python3.6/site-packages/airflow/example_dags/example_short_circuit_operator.py
[2024-01-04 08:53:45,267] {processor.py:623} INFO - DAG(s) dict_keys(['example_short_circuit_operator']) retrieved from /home/airflow/.local/lib/python3.6/site-packages/airflow/example_dags/example_short_circuit_operator.py
[2024-01-04 08:53:45,293] {logging_mixin.py:109} INFO - [2024-01-04 08:53:45,293] {dag.py:1834} INFO - Sync 1 DAGs
[2024-01-04 08:53:45,307] {logging_mixin.py:109} INFO - [2024-01-04 08:53:45,307] {dag.py:2287} INFO - Setting next_dagrun for example_short_circuit_operator to 2024-01-02 00:00:00+00:00
[2024-01-04 08:53:45,320] {processor.py:170} INFO - Processing /home/airflow/.local/lib/python3.6/site-packages/airflow/example_dags/example_short_circuit_operator.py took 0.070 seconds
[2024-01-04 08:54:15,744] {processor.py:162} INFO - Started process (PID=740) to work on /home/airflow/.local/lib/python3.6/site-packages/airflow/example_dags/example_short_circuit_operator.py
[2024-01-04 08:54:15,746] {processor.py:613} INFO - Processing file /home/airflow/.local/lib/python3.6/site-packages/airflow/example_dags/example_short_circuit_operator.py for tasks to queue
[2024-01-04 08:54:15,747] {logging_mixin.py:109} INFO - [2024-01-04 08:54:15,746] {dagbag.py:496} INFO - Filling up the DagBag from /home/airflow/.local/lib/python3.6/site-packages/airflow/example_dags/example_short_circuit_operator.py
[2024-01-04 08:54:15,762] {processor.py:623} INFO - DAG(s) dict_keys(['example_short_circuit_operator']) retrieved from /home/airflow/.local/lib/python3.6/site-packages/airflow/example_dags/example_short_circuit_operator.py
[2024-01-04 08:54:15,798] {logging_mixin.py:109} INFO - [2024-01-04 08:54:15,797] {dag.py:1834} INFO - Sync 1 DAGs
[2024-01-04 08:54:15,816] {logging_mixin.py:109} INFO - [2024-01-04 08:54:15,816] {dag.py:2287} INFO - Setting next_dagrun for example_short_circuit_operator to 2024-01-02 00:00:00+00:00
[2024-01-04 08:54:15,833] {processor.py:170} INFO - Processing /home/airflow/.local/lib/python3.6/site-packages/airflow/example_dags/example_short_circuit_operator.py took 0.093 seconds
[2024-01-04 08:54:45,973] {processor.py:162} INFO - Started process (PID=935) to work on /home/airflow/.local/lib/python3.6/site-packages/airflow/example_dags/example_short_circuit_operator.py
[2024-01-04 08:54:45,988] {processor.py:613} INFO - Processing file /home/airflow/.local/lib/python3.6/site-packages/airflow/example_dags/example_short_circuit_operator.py for tasks to queue
[2024-01-04 08:54:45,989] {logging_mixin.py:109} INFO - [2024-01-04 08:54:45,989] {dagbag.py:496} INFO - Filling up the DagBag from /home/airflow/.local/lib/python3.6/site-packages/airflow/example_dags/example_short_circuit_operator.py
[2024-01-04 08:54:46,004] {processor.py:623} INFO - DAG(s) dict_keys(['example_short_circuit_operator']) retrieved from /home/airflow/.local/lib/python3.6/site-packages/airflow/example_dags/example_short_circuit_operator.py
[2024-01-04 08:54:46,033] {logging_mixin.py:109} INFO - [2024-01-04 08:54:46,032] {dag.py:1834} INFO - Sync 1 DAGs
[2024-01-04 08:54:46,053] {logging_mixin.py:109} INFO - [2024-01-04 08:54:46,052] {dag.py:2287} INFO - Setting next_dagrun for example_short_circuit_operator to 2024-01-02 00:00:00+00:00
[2024-01-04 08:54:46,102] {processor.py:170} INFO - Processing /home/airflow/.local/lib/python3.6/site-packages/airflow/example_dags/example_short_circuit_operator.py took 0.134 seconds
[2024-01-04 08:55:16,364] {processor.py:162} INFO - Started process (PID=1140) to work on /home/airflow/.local/lib/python3.6/site-packages/airflow/example_dags/example_short_circuit_operator.py
[2024-01-04 08:55:16,367] {processor.py:613} INFO - Processing file /home/airflow/.local/lib/python3.6/site-packages/airflow/example_dags/example_short_circuit_operator.py for tasks to queue
[2024-01-04 08:55:16,368] {logging_mixin.py:109} INFO - [2024-01-04 08:55:16,368] {dagbag.py:496} INFO - Filling up the DagBag from /home/airflow/.local/lib/python3.6/site-packages/airflow/example_dags/example_short_circuit_operator.py
[2024-01-04 08:55:16,392] {processor.py:623} INFO - DAG(s) dict_keys(['example_short_circuit_operator']) retrieved from /home/airflow/.local/lib/python3.6/site-packages/airflow/example_dags/example_short_circuit_operator.py
[2024-01-04 08:55:16,431] {logging_mixin.py:109} INFO - [2024-01-04 08:55:16,431] {dag.py:1834} INFO - Sync 1 DAGs
[2024-01-04 08:55:16,449] {logging_mixin.py:109} INFO - [2024-01-04 08:55:16,448] {dag.py:2287} INFO - Setting next_dagrun for example_short_circuit_operator to 2024-01-02 00:00:00+00:00
[2024-01-04 08:55:16,470] {processor.py:170} INFO - Processing /home/airflow/.local/lib/python3.6/site-packages/airflow/example_dags/example_short_circuit_operator.py took 0.111 seconds
[2024-01-04 08:55:46,688] {processor.py:162} INFO - Started process (PID=1333) to work on /home/airflow/.local/lib/python3.6/site-packages/airflow/example_dags/example_short_circuit_operator.py
[2024-01-04 08:55:46,690] {processor.py:613} INFO - Processing file /home/airflow/.local/lib/python3.6/site-packages/airflow/example_dags/example_short_circuit_operator.py for tasks to queue
[2024-01-04 08:55:46,691] {logging_mixin.py:109} INFO - [2024-01-04 08:55:46,691] {dagbag.py:496} INFO - Filling up the DagBag from /home/airflow/.local/lib/python3.6/site-packages/airflow/example_dags/example_short_circuit_operator.py
[2024-01-04 08:55:46,707] {processor.py:623} INFO - DAG(s) dict_keys(['example_short_circuit_operator']) retrieved from /home/airflow/.local/lib/python3.6/site-packages/airflow/example_dags/example_short_circuit_operator.py
[2024-01-04 08:55:46,743] {logging_mixin.py:109} INFO - [2024-01-04 08:55:46,743] {dag.py:1834} INFO - Sync 1 DAGs
[2024-01-04 08:55:46,763] {logging_mixin.py:109} INFO - [2024-01-04 08:55:46,763] {dag.py:2287} INFO - Setting next_dagrun for example_short_circuit_operator to 2024-01-02 00:00:00+00:00
[2024-01-04 08:55:46,781] {processor.py:170} INFO - Processing /home/airflow/.local/lib/python3.6/site-packages/airflow/example_dags/example_short_circuit_operator.py took 0.098 seconds
