[2024-01-04 07:52:54,901] {processor.py:162} INFO - Started process (PID=202) to work on /home/airflow/.local/lib/python3.6/site-packages/airflow/example_dags/example_branch_labels.py
[2024-01-04 07:52:54,902] {processor.py:613} INFO - Processing file /home/airflow/.local/lib/python3.6/site-packages/airflow/example_dags/example_branch_labels.py for tasks to queue
[2024-01-04 07:52:54,902] {logging_mixin.py:109} INFO - [2024-01-04 07:52:54,902] {dagbag.py:496} INFO - Filling up the DagBag from /home/airflow/.local/lib/python3.6/site-packages/airflow/example_dags/example_branch_labels.py
[2024-01-04 07:52:54,913] {processor.py:623} INFO - DAG(s) dict_keys(['example_branch_labels']) retrieved from /home/airflow/.local/lib/python3.6/site-packages/airflow/example_dags/example_branch_labels.py
[2024-01-04 07:52:55,080] {logging_mixin.py:109} INFO - [2024-01-04 07:52:55,080] {dag.py:1834} INFO - Sync 1 DAGs
[2024-01-04 07:52:55,092] {logging_mixin.py:109} INFO - [2024-01-04 07:52:55,092] {dag.py:2287} INFO - Setting next_dagrun for example_branch_labels to 2024-01-02 00:00:00+00:00
[2024-01-04 07:52:55,102] {processor.py:170} INFO - Processing /home/airflow/.local/lib/python3.6/site-packages/airflow/example_dags/example_branch_labels.py took 0.203 seconds
[2024-01-04 07:53:25,364] {processor.py:162} INFO - Started process (PID=389) to work on /home/airflow/.local/lib/python3.6/site-packages/airflow/example_dags/example_branch_labels.py
[2024-01-04 07:53:25,365] {processor.py:613} INFO - Processing file /home/airflow/.local/lib/python3.6/site-packages/airflow/example_dags/example_branch_labels.py for tasks to queue
[2024-01-04 07:53:25,366] {logging_mixin.py:109} INFO - [2024-01-04 07:53:25,366] {dagbag.py:496} INFO - Filling up the DagBag from /home/airflow/.local/lib/python3.6/site-packages/airflow/example_dags/example_branch_labels.py
[2024-01-04 07:53:25,374] {processor.py:623} INFO - DAG(s) dict_keys(['example_branch_labels']) retrieved from /home/airflow/.local/lib/python3.6/site-packages/airflow/example_dags/example_branch_labels.py
[2024-01-04 07:53:25,392] {logging_mixin.py:109} INFO - [2024-01-04 07:53:25,391] {dag.py:1834} INFO - Sync 1 DAGs
[2024-01-04 07:53:25,405] {logging_mixin.py:109} INFO - [2024-01-04 07:53:25,405] {dag.py:2287} INFO - Setting next_dagrun for example_branch_labels to 2024-01-02 00:00:00+00:00
[2024-01-04 07:53:25,412] {processor.py:170} INFO - Processing /home/airflow/.local/lib/python3.6/site-packages/airflow/example_dags/example_branch_labels.py took 0.050 seconds
[2024-01-04 07:53:55,465] {processor.py:162} INFO - Started process (PID=594) to work on /home/airflow/.local/lib/python3.6/site-packages/airflow/example_dags/example_branch_labels.py
[2024-01-04 07:53:55,466] {processor.py:613} INFO - Processing file /home/airflow/.local/lib/python3.6/site-packages/airflow/example_dags/example_branch_labels.py for tasks to queue
[2024-01-04 07:53:55,467] {logging_mixin.py:109} INFO - [2024-01-04 07:53:55,467] {dagbag.py:496} INFO - Filling up the DagBag from /home/airflow/.local/lib/python3.6/site-packages/airflow/example_dags/example_branch_labels.py
[2024-01-04 07:53:55,475] {processor.py:623} INFO - DAG(s) dict_keys(['example_branch_labels']) retrieved from /home/airflow/.local/lib/python3.6/site-packages/airflow/example_dags/example_branch_labels.py
[2024-01-04 07:53:55,490] {logging_mixin.py:109} INFO - [2024-01-04 07:53:55,490] {dag.py:1834} INFO - Sync 1 DAGs
[2024-01-04 07:53:55,503] {logging_mixin.py:109} INFO - [2024-01-04 07:53:55,503] {dag.py:2287} INFO - Setting next_dagrun for example_branch_labels to 2024-01-02 00:00:00+00:00
[2024-01-04 07:53:55,512] {processor.py:170} INFO - Processing /home/airflow/.local/lib/python3.6/site-packages/airflow/example_dags/example_branch_labels.py took 0.048 seconds
[2024-01-04 07:54:26,191] {processor.py:162} INFO - Started process (PID=923) to work on /home/airflow/.local/lib/python3.6/site-packages/airflow/example_dags/example_branch_labels.py
[2024-01-04 07:54:26,212] {processor.py:613} INFO - Processing file /home/airflow/.local/lib/python3.6/site-packages/airflow/example_dags/example_branch_labels.py for tasks to queue
[2024-01-04 07:54:26,213] {logging_mixin.py:109} INFO - [2024-01-04 07:54:26,213] {dagbag.py:496} INFO - Filling up the DagBag from /home/airflow/.local/lib/python3.6/site-packages/airflow/example_dags/example_branch_labels.py
[2024-01-04 07:54:26,223] {processor.py:623} INFO - DAG(s) dict_keys(['example_branch_labels']) retrieved from /home/airflow/.local/lib/python3.6/site-packages/airflow/example_dags/example_branch_labels.py
[2024-01-04 07:54:26,243] {logging_mixin.py:109} INFO - [2024-01-04 07:54:26,243] {dag.py:1834} INFO - Sync 1 DAGs
[2024-01-04 07:54:26,256] {logging_mixin.py:109} INFO - [2024-01-04 07:54:26,256] {dag.py:2287} INFO - Setting next_dagrun for example_branch_labels to 2024-01-02 00:00:00+00:00
[2024-01-04 07:54:26,276] {processor.py:170} INFO - Processing /home/airflow/.local/lib/python3.6/site-packages/airflow/example_dags/example_branch_labels.py took 0.087 seconds
[2024-01-04 07:54:57,059] {processor.py:162} INFO - Started process (PID=1130) to work on /home/airflow/.local/lib/python3.6/site-packages/airflow/example_dags/example_branch_labels.py
[2024-01-04 07:54:57,060] {processor.py:613} INFO - Processing file /home/airflow/.local/lib/python3.6/site-packages/airflow/example_dags/example_branch_labels.py for tasks to queue
[2024-01-04 07:54:57,061] {logging_mixin.py:109} INFO - [2024-01-04 07:54:57,061] {dagbag.py:496} INFO - Filling up the DagBag from /home/airflow/.local/lib/python3.6/site-packages/airflow/example_dags/example_branch_labels.py
[2024-01-04 07:54:57,068] {processor.py:623} INFO - DAG(s) dict_keys(['example_branch_labels']) retrieved from /home/airflow/.local/lib/python3.6/site-packages/airflow/example_dags/example_branch_labels.py
[2024-01-04 07:54:57,084] {logging_mixin.py:109} INFO - [2024-01-04 07:54:57,083] {dag.py:1834} INFO - Sync 1 DAGs
[2024-01-04 07:54:57,096] {logging_mixin.py:109} INFO - [2024-01-04 07:54:57,096] {dag.py:2287} INFO - Setting next_dagrun for example_branch_labels to 2024-01-02 00:00:00+00:00
[2024-01-04 07:54:57,104] {processor.py:170} INFO - Processing /home/airflow/.local/lib/python3.6/site-packages/airflow/example_dags/example_branch_labels.py took 0.047 seconds
[2024-01-04 07:55:27,603] {processor.py:162} INFO - Started process (PID=1322) to work on /home/airflow/.local/lib/python3.6/site-packages/airflow/example_dags/example_branch_labels.py
[2024-01-04 07:55:27,604] {processor.py:613} INFO - Processing file /home/airflow/.local/lib/python3.6/site-packages/airflow/example_dags/example_branch_labels.py for tasks to queue
[2024-01-04 07:55:27,605] {logging_mixin.py:109} INFO - [2024-01-04 07:55:27,605] {dagbag.py:496} INFO - Filling up the DagBag from /home/airflow/.local/lib/python3.6/site-packages/airflow/example_dags/example_branch_labels.py
[2024-01-04 07:55:27,613] {processor.py:623} INFO - DAG(s) dict_keys(['example_branch_labels']) retrieved from /home/airflow/.local/lib/python3.6/site-packages/airflow/example_dags/example_branch_labels.py
[2024-01-04 07:55:27,629] {logging_mixin.py:109} INFO - [2024-01-04 07:55:27,629] {dag.py:1834} INFO - Sync 1 DAGs
[2024-01-04 07:55:27,640] {logging_mixin.py:109} INFO - [2024-01-04 07:55:27,640] {dag.py:2287} INFO - Setting next_dagrun for example_branch_labels to 2024-01-02 00:00:00+00:00
[2024-01-04 07:55:27,649] {processor.py:170} INFO - Processing /home/airflow/.local/lib/python3.6/site-packages/airflow/example_dags/example_branch_labels.py took 0.049 seconds
[2024-01-04 08:53:15,879] {processor.py:162} INFO - Started process (PID=244) to work on /home/airflow/.local/lib/python3.6/site-packages/airflow/example_dags/example_branch_labels.py
[2024-01-04 08:53:15,882] {processor.py:613} INFO - Processing file /home/airflow/.local/lib/python3.6/site-packages/airflow/example_dags/example_branch_labels.py for tasks to queue
[2024-01-04 08:53:15,885] {logging_mixin.py:109} INFO - [2024-01-04 08:53:15,885] {dagbag.py:496} INFO - Filling up the DagBag from /home/airflow/.local/lib/python3.6/site-packages/airflow/example_dags/example_branch_labels.py
[2024-01-04 08:53:15,929] {processor.py:623} INFO - DAG(s) dict_keys(['example_branch_labels']) retrieved from /home/airflow/.local/lib/python3.6/site-packages/airflow/example_dags/example_branch_labels.py
[2024-01-04 08:53:16,389] {logging_mixin.py:109} INFO - [2024-01-04 08:53:16,388] {dag.py:1834} INFO - Sync 1 DAGs
[2024-01-04 08:53:16,658] {logging_mixin.py:109} INFO - [2024-01-04 08:53:16,658] {dag.py:2287} INFO - Setting next_dagrun for example_branch_labels to 2024-01-02 00:00:00+00:00
[2024-01-04 08:53:16,736] {processor.py:170} INFO - Processing /home/airflow/.local/lib/python3.6/site-packages/airflow/example_dags/example_branch_labels.py took 0.865 seconds
[2024-01-04 08:53:47,272] {processor.py:162} INFO - Started process (PID=475) to work on /home/airflow/.local/lib/python3.6/site-packages/airflow/example_dags/example_branch_labels.py
[2024-01-04 08:53:47,274] {processor.py:613} INFO - Processing file /home/airflow/.local/lib/python3.6/site-packages/airflow/example_dags/example_branch_labels.py for tasks to queue
[2024-01-04 08:53:47,274] {logging_mixin.py:109} INFO - [2024-01-04 08:53:47,274] {dagbag.py:496} INFO - Filling up the DagBag from /home/airflow/.local/lib/python3.6/site-packages/airflow/example_dags/example_branch_labels.py
[2024-01-04 08:53:47,287] {processor.py:623} INFO - DAG(s) dict_keys(['example_branch_labels']) retrieved from /home/airflow/.local/lib/python3.6/site-packages/airflow/example_dags/example_branch_labels.py
[2024-01-04 08:53:47,314] {logging_mixin.py:109} INFO - [2024-01-04 08:53:47,314] {dag.py:1834} INFO - Sync 1 DAGs
[2024-01-04 08:53:47,338] {logging_mixin.py:109} INFO - [2024-01-04 08:53:47,338] {dag.py:2287} INFO - Setting next_dagrun for example_branch_labels to 2024-01-02 00:00:00+00:00
[2024-01-04 08:53:47,353] {processor.py:170} INFO - Processing /home/airflow/.local/lib/python3.6/site-packages/airflow/example_dags/example_branch_labels.py took 0.083 seconds
[2024-01-04 08:54:17,879] {processor.py:162} INFO - Started process (PID=755) to work on /home/airflow/.local/lib/python3.6/site-packages/airflow/example_dags/example_branch_labels.py
[2024-01-04 08:54:17,881] {processor.py:613} INFO - Processing file /home/airflow/.local/lib/python3.6/site-packages/airflow/example_dags/example_branch_labels.py for tasks to queue
[2024-01-04 08:54:17,883] {logging_mixin.py:109} INFO - [2024-01-04 08:54:17,883] {dagbag.py:496} INFO - Filling up the DagBag from /home/airflow/.local/lib/python3.6/site-packages/airflow/example_dags/example_branch_labels.py
[2024-01-04 08:54:17,897] {processor.py:623} INFO - DAG(s) dict_keys(['example_branch_labels']) retrieved from /home/airflow/.local/lib/python3.6/site-packages/airflow/example_dags/example_branch_labels.py
[2024-01-04 08:54:17,926] {logging_mixin.py:109} INFO - [2024-01-04 08:54:17,925] {dag.py:1834} INFO - Sync 1 DAGs
[2024-01-04 08:54:17,947] {logging_mixin.py:109} INFO - [2024-01-04 08:54:17,947] {dag.py:2287} INFO - Setting next_dagrun for example_branch_labels to 2024-01-02 00:00:00+00:00
[2024-01-04 08:54:17,963] {processor.py:170} INFO - Processing /home/airflow/.local/lib/python3.6/site-packages/airflow/example_dags/example_branch_labels.py took 0.088 seconds
[2024-01-04 08:54:48,135] {processor.py:162} INFO - Started process (PID=959) to work on /home/airflow/.local/lib/python3.6/site-packages/airflow/example_dags/example_branch_labels.py
[2024-01-04 08:54:48,145] {processor.py:613} INFO - Processing file /home/airflow/.local/lib/python3.6/site-packages/airflow/example_dags/example_branch_labels.py for tasks to queue
[2024-01-04 08:54:48,146] {logging_mixin.py:109} INFO - [2024-01-04 08:54:48,146] {dagbag.py:496} INFO - Filling up the DagBag from /home/airflow/.local/lib/python3.6/site-packages/airflow/example_dags/example_branch_labels.py
[2024-01-04 08:54:48,158] {processor.py:623} INFO - DAG(s) dict_keys(['example_branch_labels']) retrieved from /home/airflow/.local/lib/python3.6/site-packages/airflow/example_dags/example_branch_labels.py
[2024-01-04 08:54:48,185] {logging_mixin.py:109} INFO - [2024-01-04 08:54:48,185] {dag.py:1834} INFO - Sync 1 DAGs
[2024-01-04 08:54:48,204] {logging_mixin.py:109} INFO - [2024-01-04 08:54:48,204] {dag.py:2287} INFO - Setting next_dagrun for example_branch_labels to 2024-01-02 00:00:00+00:00
[2024-01-04 08:54:48,308] {processor.py:170} INFO - Processing /home/airflow/.local/lib/python3.6/site-packages/airflow/example_dags/example_branch_labels.py took 0.175 seconds
[2024-01-04 08:55:18,788] {processor.py:162} INFO - Started process (PID=1153) to work on /home/airflow/.local/lib/python3.6/site-packages/airflow/example_dags/example_branch_labels.py
[2024-01-04 08:55:18,791] {processor.py:613} INFO - Processing file /home/airflow/.local/lib/python3.6/site-packages/airflow/example_dags/example_branch_labels.py for tasks to queue
[2024-01-04 08:55:18,792] {logging_mixin.py:109} INFO - [2024-01-04 08:55:18,792] {dagbag.py:496} INFO - Filling up the DagBag from /home/airflow/.local/lib/python3.6/site-packages/airflow/example_dags/example_branch_labels.py
[2024-01-04 08:55:18,817] {processor.py:623} INFO - DAG(s) dict_keys(['example_branch_labels']) retrieved from /home/airflow/.local/lib/python3.6/site-packages/airflow/example_dags/example_branch_labels.py
[2024-01-04 08:55:18,855] {logging_mixin.py:109} INFO - [2024-01-04 08:55:18,855] {dag.py:1834} INFO - Sync 1 DAGs
[2024-01-04 08:55:18,876] {logging_mixin.py:109} INFO - [2024-01-04 08:55:18,876] {dag.py:2287} INFO - Setting next_dagrun for example_branch_labels to 2024-01-02 00:00:00+00:00
[2024-01-04 08:55:18,893] {processor.py:170} INFO - Processing /home/airflow/.local/lib/python3.6/site-packages/airflow/example_dags/example_branch_labels.py took 0.110 seconds
[2024-01-04 08:55:48,954] {processor.py:162} INFO - Started process (PID=1347) to work on /home/airflow/.local/lib/python3.6/site-packages/airflow/example_dags/example_branch_labels.py
[2024-01-04 08:55:48,956] {processor.py:613} INFO - Processing file /home/airflow/.local/lib/python3.6/site-packages/airflow/example_dags/example_branch_labels.py for tasks to queue
[2024-01-04 08:55:48,957] {logging_mixin.py:109} INFO - [2024-01-04 08:55:48,957] {dagbag.py:496} INFO - Filling up the DagBag from /home/airflow/.local/lib/python3.6/site-packages/airflow/example_dags/example_branch_labels.py
[2024-01-04 08:55:48,968] {processor.py:623} INFO - DAG(s) dict_keys(['example_branch_labels']) retrieved from /home/airflow/.local/lib/python3.6/site-packages/airflow/example_dags/example_branch_labels.py
[2024-01-04 08:55:48,989] {logging_mixin.py:109} INFO - [2024-01-04 08:55:48,989] {dag.py:1834} INFO - Sync 1 DAGs
[2024-01-04 08:55:49,006] {logging_mixin.py:109} INFO - [2024-01-04 08:55:49,006] {dag.py:2287} INFO - Setting next_dagrun for example_branch_labels to 2024-01-02 00:00:00+00:00
[2024-01-04 08:55:49,018] {processor.py:170} INFO - Processing /home/airflow/.local/lib/python3.6/site-packages/airflow/example_dags/example_branch_labels.py took 0.066 seconds
