[2024-01-04 07:52:57,350] {processor.py:162} INFO - Started process (PID=307) to work on /home/airflow/.local/lib/python3.6/site-packages/airflow/example_dags/example_branch_python_dop_operator_3.py
[2024-01-04 07:52:57,351] {processor.py:613} INFO - Processing file /home/airflow/.local/lib/python3.6/site-packages/airflow/example_dags/example_branch_python_dop_operator_3.py for tasks to queue
[2024-01-04 07:52:57,352] {logging_mixin.py:109} INFO - [2024-01-04 07:52:57,352] {dagbag.py:496} INFO - Filling up the DagBag from /home/airflow/.local/lib/python3.6/site-packages/airflow/example_dags/example_branch_python_dop_operator_3.py
[2024-01-04 07:52:57,365] {processor.py:623} INFO - DAG(s) dict_keys(['example_branch_dop_operator_v3']) retrieved from /home/airflow/.local/lib/python3.6/site-packages/airflow/example_dags/example_branch_python_dop_operator_3.py
[2024-01-04 07:52:57,575] {logging_mixin.py:109} INFO - [2024-01-04 07:52:57,575] {dag.py:1834} INFO - Sync 1 DAGs
[2024-01-04 07:52:57,594] {logging_mixin.py:109} INFO - [2024-01-04 07:52:57,594] {dag.py:2287} INFO - Setting next_dagrun for example_branch_dop_operator_v3 to 2024-01-02 00:00:00+00:00
[2024-01-04 07:52:57,613] {processor.py:170} INFO - Processing /home/airflow/.local/lib/python3.6/site-packages/airflow/example_dags/example_branch_python_dop_operator_3.py took 0.265 seconds
[2024-01-04 07:53:27,751] {processor.py:162} INFO - Started process (PID=504) to work on /home/airflow/.local/lib/python3.6/site-packages/airflow/example_dags/example_branch_python_dop_operator_3.py
[2024-01-04 07:53:27,752] {processor.py:613} INFO - Processing file /home/airflow/.local/lib/python3.6/site-packages/airflow/example_dags/example_branch_python_dop_operator_3.py for tasks to queue
[2024-01-04 07:53:27,753] {logging_mixin.py:109} INFO - [2024-01-04 07:53:27,753] {dagbag.py:496} INFO - Filling up the DagBag from /home/airflow/.local/lib/python3.6/site-packages/airflow/example_dags/example_branch_python_dop_operator_3.py
[2024-01-04 07:53:27,761] {processor.py:623} INFO - DAG(s) dict_keys(['example_branch_dop_operator_v3']) retrieved from /home/airflow/.local/lib/python3.6/site-packages/airflow/example_dags/example_branch_python_dop_operator_3.py
[2024-01-04 07:53:27,778] {logging_mixin.py:109} INFO - [2024-01-04 07:53:27,778] {dag.py:1834} INFO - Sync 1 DAGs
[2024-01-04 07:53:27,794] {logging_mixin.py:109} INFO - [2024-01-04 07:53:27,794] {dag.py:2287} INFO - Setting next_dagrun for example_branch_dop_operator_v3 to 2024-01-02 00:00:00+00:00
[2024-01-04 07:53:27,804] {processor.py:170} INFO - Processing /home/airflow/.local/lib/python3.6/site-packages/airflow/example_dags/example_branch_python_dop_operator_3.py took 0.055 seconds
[2024-01-04 07:53:58,548] {processor.py:162} INFO - Started process (PID=711) to work on /home/airflow/.local/lib/python3.6/site-packages/airflow/example_dags/example_branch_python_dop_operator_3.py
[2024-01-04 07:53:58,549] {processor.py:613} INFO - Processing file /home/airflow/.local/lib/python3.6/site-packages/airflow/example_dags/example_branch_python_dop_operator_3.py for tasks to queue
[2024-01-04 07:53:58,550] {logging_mixin.py:109} INFO - [2024-01-04 07:53:58,550] {dagbag.py:496} INFO - Filling up the DagBag from /home/airflow/.local/lib/python3.6/site-packages/airflow/example_dags/example_branch_python_dop_operator_3.py
[2024-01-04 07:53:58,561] {processor.py:623} INFO - DAG(s) dict_keys(['example_branch_dop_operator_v3']) retrieved from /home/airflow/.local/lib/python3.6/site-packages/airflow/example_dags/example_branch_python_dop_operator_3.py
[2024-01-04 07:53:58,582] {logging_mixin.py:109} INFO - [2024-01-04 07:53:58,582] {dag.py:1834} INFO - Sync 1 DAGs
[2024-01-04 07:53:58,604] {logging_mixin.py:109} INFO - [2024-01-04 07:53:58,604] {dag.py:2287} INFO - Setting next_dagrun for example_branch_dop_operator_v3 to 2024-01-02 00:00:00+00:00
[2024-01-04 07:53:58,648] {processor.py:170} INFO - Processing /home/airflow/.local/lib/python3.6/site-packages/airflow/example_dags/example_branch_python_dop_operator_3.py took 0.102 seconds
[2024-01-04 07:54:29,491] {processor.py:162} INFO - Started process (PID=1038) to work on /home/airflow/.local/lib/python3.6/site-packages/airflow/example_dags/example_branch_python_dop_operator_3.py
[2024-01-04 07:54:29,492] {processor.py:613} INFO - Processing file /home/airflow/.local/lib/python3.6/site-packages/airflow/example_dags/example_branch_python_dop_operator_3.py for tasks to queue
[2024-01-04 07:54:29,493] {logging_mixin.py:109} INFO - [2024-01-04 07:54:29,493] {dagbag.py:496} INFO - Filling up the DagBag from /home/airflow/.local/lib/python3.6/site-packages/airflow/example_dags/example_branch_python_dop_operator_3.py
[2024-01-04 07:54:29,503] {processor.py:623} INFO - DAG(s) dict_keys(['example_branch_dop_operator_v3']) retrieved from /home/airflow/.local/lib/python3.6/site-packages/airflow/example_dags/example_branch_python_dop_operator_3.py
[2024-01-04 07:54:29,518] {logging_mixin.py:109} INFO - [2024-01-04 07:54:29,518] {dag.py:1834} INFO - Sync 1 DAGs
[2024-01-04 07:54:29,534] {logging_mixin.py:109} INFO - [2024-01-04 07:54:29,534] {dag.py:2287} INFO - Setting next_dagrun for example_branch_dop_operator_v3 to 2024-01-02 00:00:00+00:00
[2024-01-04 07:54:29,544] {processor.py:170} INFO - Processing /home/airflow/.local/lib/python3.6/site-packages/airflow/example_dags/example_branch_python_dop_operator_3.py took 0.055 seconds
[2024-01-04 07:55:00,078] {processor.py:162} INFO - Started process (PID=1238) to work on /home/airflow/.local/lib/python3.6/site-packages/airflow/example_dags/example_branch_python_dop_operator_3.py
[2024-01-04 07:55:00,079] {processor.py:613} INFO - Processing file /home/airflow/.local/lib/python3.6/site-packages/airflow/example_dags/example_branch_python_dop_operator_3.py for tasks to queue
[2024-01-04 07:55:00,080] {logging_mixin.py:109} INFO - [2024-01-04 07:55:00,079] {dagbag.py:496} INFO - Filling up the DagBag from /home/airflow/.local/lib/python3.6/site-packages/airflow/example_dags/example_branch_python_dop_operator_3.py
[2024-01-04 07:55:00,090] {processor.py:623} INFO - DAG(s) dict_keys(['example_branch_dop_operator_v3']) retrieved from /home/airflow/.local/lib/python3.6/site-packages/airflow/example_dags/example_branch_python_dop_operator_3.py
[2024-01-04 07:55:00,108] {logging_mixin.py:109} INFO - [2024-01-04 07:55:00,108] {dag.py:1834} INFO - Sync 1 DAGs
[2024-01-04 07:55:00,125] {logging_mixin.py:109} INFO - [2024-01-04 07:55:00,125] {dag.py:2287} INFO - Setting next_dagrun for example_branch_dop_operator_v3 to 2024-01-02 00:00:00+00:00
[2024-01-04 07:55:00,136] {processor.py:170} INFO - Processing /home/airflow/.local/lib/python3.6/site-packages/airflow/example_dags/example_branch_python_dop_operator_3.py took 0.061 seconds
[2024-01-04 07:55:30,648] {processor.py:162} INFO - Started process (PID=1448) to work on /home/airflow/.local/lib/python3.6/site-packages/airflow/example_dags/example_branch_python_dop_operator_3.py
[2024-01-04 07:55:30,649] {processor.py:613} INFO - Processing file /home/airflow/.local/lib/python3.6/site-packages/airflow/example_dags/example_branch_python_dop_operator_3.py for tasks to queue
[2024-01-04 07:55:30,650] {logging_mixin.py:109} INFO - [2024-01-04 07:55:30,650] {dagbag.py:496} INFO - Filling up the DagBag from /home/airflow/.local/lib/python3.6/site-packages/airflow/example_dags/example_branch_python_dop_operator_3.py
[2024-01-04 07:55:30,659] {processor.py:623} INFO - DAG(s) dict_keys(['example_branch_dop_operator_v3']) retrieved from /home/airflow/.local/lib/python3.6/site-packages/airflow/example_dags/example_branch_python_dop_operator_3.py
[2024-01-04 07:55:30,673] {logging_mixin.py:109} INFO - [2024-01-04 07:55:30,673] {dag.py:1834} INFO - Sync 1 DAGs
[2024-01-04 07:55:30,689] {logging_mixin.py:109} INFO - [2024-01-04 07:55:30,689] {dag.py:2287} INFO - Setting next_dagrun for example_branch_dop_operator_v3 to 2024-01-02 00:00:00+00:00
[2024-01-04 07:55:30,698] {processor.py:170} INFO - Processing /home/airflow/.local/lib/python3.6/site-packages/airflow/example_dags/example_branch_python_dop_operator_3.py took 0.052 seconds
[2024-01-04 08:53:21,130] {processor.py:162} INFO - Started process (PID=341) to work on /home/airflow/.local/lib/python3.6/site-packages/airflow/example_dags/example_branch_python_dop_operator_3.py
[2024-01-04 08:53:21,134] {processor.py:613} INFO - Processing file /home/airflow/.local/lib/python3.6/site-packages/airflow/example_dags/example_branch_python_dop_operator_3.py for tasks to queue
[2024-01-04 08:53:21,135] {logging_mixin.py:109} INFO - [2024-01-04 08:53:21,135] {dagbag.py:496} INFO - Filling up the DagBag from /home/airflow/.local/lib/python3.6/site-packages/airflow/example_dags/example_branch_python_dop_operator_3.py
[2024-01-04 08:53:21,154] {processor.py:623} INFO - DAG(s) dict_keys(['example_branch_dop_operator_v3']) retrieved from /home/airflow/.local/lib/python3.6/site-packages/airflow/example_dags/example_branch_python_dop_operator_3.py
[2024-01-04 08:53:21,190] {logging_mixin.py:109} INFO - [2024-01-04 08:53:21,190] {dag.py:1834} INFO - Sync 1 DAGs
[2024-01-04 08:53:21,214] {logging_mixin.py:109} INFO - [2024-01-04 08:53:21,213] {dag.py:2287} INFO - Setting next_dagrun for example_branch_dop_operator_v3 to 2024-01-02 00:00:00+00:00
[2024-01-04 08:53:21,225] {processor.py:170} INFO - Processing /home/airflow/.local/lib/python3.6/site-packages/airflow/example_dags/example_branch_python_dop_operator_3.py took 0.098 seconds
[2024-01-04 08:53:55,675] {processor.py:162} INFO - Started process (PID=598) to work on /home/airflow/.local/lib/python3.6/site-packages/airflow/example_dags/example_branch_python_dop_operator_3.py
[2024-01-04 08:53:55,679] {processor.py:613} INFO - Processing file /home/airflow/.local/lib/python3.6/site-packages/airflow/example_dags/example_branch_python_dop_operator_3.py for tasks to queue
[2024-01-04 08:53:55,681] {logging_mixin.py:109} INFO - [2024-01-04 08:53:55,680] {dagbag.py:496} INFO - Filling up the DagBag from /home/airflow/.local/lib/python3.6/site-packages/airflow/example_dags/example_branch_python_dop_operator_3.py
[2024-01-04 08:53:55,730] {processor.py:623} INFO - DAG(s) dict_keys(['example_branch_dop_operator_v3']) retrieved from /home/airflow/.local/lib/python3.6/site-packages/airflow/example_dags/example_branch_python_dop_operator_3.py
[2024-01-04 08:53:55,799] {logging_mixin.py:109} INFO - [2024-01-04 08:53:55,798] {dag.py:1834} INFO - Sync 1 DAGs
[2024-01-04 08:53:55,865] {logging_mixin.py:109} INFO - [2024-01-04 08:53:55,865] {dag.py:2287} INFO - Setting next_dagrun for example_branch_dop_operator_v3 to 2024-01-02 00:00:00+00:00
[2024-01-04 08:53:55,903] {processor.py:170} INFO - Processing /home/airflow/.local/lib/python3.6/site-packages/airflow/example_dags/example_branch_python_dop_operator_3.py took 0.236 seconds
[2024-01-04 08:54:26,638] {processor.py:162} INFO - Started process (PID=873) to work on /home/airflow/.local/lib/python3.6/site-packages/airflow/example_dags/example_branch_python_dop_operator_3.py
[2024-01-04 08:54:26,642] {processor.py:613} INFO - Processing file /home/airflow/.local/lib/python3.6/site-packages/airflow/example_dags/example_branch_python_dop_operator_3.py for tasks to queue
[2024-01-04 08:54:26,644] {logging_mixin.py:109} INFO - [2024-01-04 08:54:26,644] {dagbag.py:496} INFO - Filling up the DagBag from /home/airflow/.local/lib/python3.6/site-packages/airflow/example_dags/example_branch_python_dop_operator_3.py
[2024-01-04 08:54:26,707] {processor.py:623} INFO - DAG(s) dict_keys(['example_branch_dop_operator_v3']) retrieved from /home/airflow/.local/lib/python3.6/site-packages/airflow/example_dags/example_branch_python_dop_operator_3.py
[2024-01-04 08:54:26,778] {logging_mixin.py:109} INFO - [2024-01-04 08:54:26,777] {dag.py:1834} INFO - Sync 1 DAGs
[2024-01-04 08:54:26,833] {logging_mixin.py:109} INFO - [2024-01-04 08:54:26,832] {dag.py:2287} INFO - Setting next_dagrun for example_branch_dop_operator_v3 to 2024-01-02 00:00:00+00:00
[2024-01-04 08:54:26,859] {processor.py:170} INFO - Processing /home/airflow/.local/lib/python3.6/site-packages/airflow/example_dags/example_branch_python_dop_operator_3.py took 0.228 seconds
[2024-01-04 08:54:57,462] {processor.py:162} INFO - Started process (PID=1070) to work on /home/airflow/.local/lib/python3.6/site-packages/airflow/example_dags/example_branch_python_dop_operator_3.py
[2024-01-04 08:54:57,463] {processor.py:613} INFO - Processing file /home/airflow/.local/lib/python3.6/site-packages/airflow/example_dags/example_branch_python_dop_operator_3.py for tasks to queue
[2024-01-04 08:54:57,464] {logging_mixin.py:109} INFO - [2024-01-04 08:54:57,464] {dagbag.py:496} INFO - Filling up the DagBag from /home/airflow/.local/lib/python3.6/site-packages/airflow/example_dags/example_branch_python_dop_operator_3.py
[2024-01-04 08:54:57,482] {processor.py:623} INFO - DAG(s) dict_keys(['example_branch_dop_operator_v3']) retrieved from /home/airflow/.local/lib/python3.6/site-packages/airflow/example_dags/example_branch_python_dop_operator_3.py
[2024-01-04 08:54:57,515] {logging_mixin.py:109} INFO - [2024-01-04 08:54:57,514] {dag.py:1834} INFO - Sync 1 DAGs
[2024-01-04 08:54:57,543] {logging_mixin.py:109} INFO - [2024-01-04 08:54:57,543] {dag.py:2287} INFO - Setting next_dagrun for example_branch_dop_operator_v3 to 2024-01-02 00:00:00+00:00
[2024-01-04 08:54:57,560] {processor.py:170} INFO - Processing /home/airflow/.local/lib/python3.6/site-packages/airflow/example_dags/example_branch_python_dop_operator_3.py took 0.101 seconds
[2024-01-04 08:55:28,102] {processor.py:162} INFO - Started process (PID=1276) to work on /home/airflow/.local/lib/python3.6/site-packages/airflow/example_dags/example_branch_python_dop_operator_3.py
[2024-01-04 08:55:28,103] {processor.py:613} INFO - Processing file /home/airflow/.local/lib/python3.6/site-packages/airflow/example_dags/example_branch_python_dop_operator_3.py for tasks to queue
[2024-01-04 08:55:28,104] {logging_mixin.py:109} INFO - [2024-01-04 08:55:28,104] {dagbag.py:496} INFO - Filling up the DagBag from /home/airflow/.local/lib/python3.6/site-packages/airflow/example_dags/example_branch_python_dop_operator_3.py
[2024-01-04 08:55:28,119] {processor.py:623} INFO - DAG(s) dict_keys(['example_branch_dop_operator_v3']) retrieved from /home/airflow/.local/lib/python3.6/site-packages/airflow/example_dags/example_branch_python_dop_operator_3.py
[2024-01-04 08:55:28,146] {logging_mixin.py:109} INFO - [2024-01-04 08:55:28,146] {dag.py:1834} INFO - Sync 1 DAGs
[2024-01-04 08:55:28,172] {logging_mixin.py:109} INFO - [2024-01-04 08:55:28,172] {dag.py:2287} INFO - Setting next_dagrun for example_branch_dop_operator_v3 to 2024-01-02 00:00:00+00:00
[2024-01-04 08:55:28,186] {processor.py:170} INFO - Processing /home/airflow/.local/lib/python3.6/site-packages/airflow/example_dags/example_branch_python_dop_operator_3.py took 0.088 seconds
