[2024-01-04 07:52:55,260] {processor.py:162} INFO - Started process (PID=218) to work on /home/airflow/.local/lib/python3.6/site-packages/airflow/example_dags/example_task_group.py
[2024-01-04 07:52:55,261] {processor.py:613} INFO - Processing file /home/airflow/.local/lib/python3.6/site-packages/airflow/example_dags/example_task_group.py for tasks to queue
[2024-01-04 07:52:55,262] {logging_mixin.py:109} INFO - [2024-01-04 07:52:55,262] {dagbag.py:496} INFO - Filling up the DagBag from /home/airflow/.local/lib/python3.6/site-packages/airflow/example_dags/example_task_group.py
[2024-01-04 07:52:55,273] {processor.py:623} INFO - DAG(s) dict_keys(['example_task_group']) retrieved from /home/airflow/.local/lib/python3.6/site-packages/airflow/example_dags/example_task_group.py
[2024-01-04 07:52:55,448] {logging_mixin.py:109} INFO - [2024-01-04 07:52:55,447] {dag.py:1834} INFO - Sync 1 DAGs
[2024-01-04 07:52:55,457] {logging_mixin.py:109} INFO - [2024-01-04 07:52:55,457] {dag.py:2287} INFO - Setting next_dagrun for example_task_group to 2024-01-02 00:00:00+00:00
[2024-01-04 07:52:55,475] {processor.py:170} INFO - Processing /home/airflow/.local/lib/python3.6/site-packages/airflow/example_dags/example_task_group.py took 0.217 seconds
[2024-01-04 07:53:25,657] {processor.py:162} INFO - Started process (PID=417) to work on /home/airflow/.local/lib/python3.6/site-packages/airflow/example_dags/example_task_group.py
[2024-01-04 07:53:25,659] {processor.py:613} INFO - Processing file /home/airflow/.local/lib/python3.6/site-packages/airflow/example_dags/example_task_group.py for tasks to queue
[2024-01-04 07:53:25,659] {logging_mixin.py:109} INFO - [2024-01-04 07:53:25,659] {dagbag.py:496} INFO - Filling up the DagBag from /home/airflow/.local/lib/python3.6/site-packages/airflow/example_dags/example_task_group.py
[2024-01-04 07:53:25,669] {processor.py:623} INFO - DAG(s) dict_keys(['example_task_group']) retrieved from /home/airflow/.local/lib/python3.6/site-packages/airflow/example_dags/example_task_group.py
[2024-01-04 07:53:25,685] {logging_mixin.py:109} INFO - [2024-01-04 07:53:25,685] {dag.py:1834} INFO - Sync 1 DAGs
[2024-01-04 07:53:25,695] {logging_mixin.py:109} INFO - [2024-01-04 07:53:25,695] {dag.py:2287} INFO - Setting next_dagrun for example_task_group to 2024-01-02 00:00:00+00:00
[2024-01-04 07:53:25,704] {processor.py:170} INFO - Processing /home/airflow/.local/lib/python3.6/site-packages/airflow/example_dags/example_task_group.py took 0.049 seconds
[2024-01-04 07:53:56,699] {processor.py:162} INFO - Started process (PID=622) to work on /home/airflow/.local/lib/python3.6/site-packages/airflow/example_dags/example_task_group.py
[2024-01-04 07:53:56,701] {processor.py:613} INFO - Processing file /home/airflow/.local/lib/python3.6/site-packages/airflow/example_dags/example_task_group.py for tasks to queue
[2024-01-04 07:53:56,701] {logging_mixin.py:109} INFO - [2024-01-04 07:53:56,701] {dagbag.py:496} INFO - Filling up the DagBag from /home/airflow/.local/lib/python3.6/site-packages/airflow/example_dags/example_task_group.py
[2024-01-04 07:53:56,710] {processor.py:623} INFO - DAG(s) dict_keys(['example_task_group']) retrieved from /home/airflow/.local/lib/python3.6/site-packages/airflow/example_dags/example_task_group.py
[2024-01-04 07:53:56,729] {logging_mixin.py:109} INFO - [2024-01-04 07:53:56,729] {dag.py:1834} INFO - Sync 1 DAGs
[2024-01-04 07:53:56,739] {logging_mixin.py:109} INFO - [2024-01-04 07:53:56,739] {dag.py:2287} INFO - Setting next_dagrun for example_task_group to 2024-01-02 00:00:00+00:00
[2024-01-04 07:53:56,750] {processor.py:170} INFO - Processing /home/airflow/.local/lib/python3.6/site-packages/airflow/example_dags/example_task_group.py took 0.052 seconds
[2024-01-04 07:54:27,540] {processor.py:162} INFO - Started process (PID=953) to work on /home/airflow/.local/lib/python3.6/site-packages/airflow/example_dags/example_task_group.py
[2024-01-04 07:54:27,547] {processor.py:613} INFO - Processing file /home/airflow/.local/lib/python3.6/site-packages/airflow/example_dags/example_task_group.py for tasks to queue
[2024-01-04 07:54:27,548] {logging_mixin.py:109} INFO - [2024-01-04 07:54:27,547] {dagbag.py:496} INFO - Filling up the DagBag from /home/airflow/.local/lib/python3.6/site-packages/airflow/example_dags/example_task_group.py
[2024-01-04 07:54:27,557] {processor.py:623} INFO - DAG(s) dict_keys(['example_task_group']) retrieved from /home/airflow/.local/lib/python3.6/site-packages/airflow/example_dags/example_task_group.py
[2024-01-04 07:54:27,591] {logging_mixin.py:109} INFO - [2024-01-04 07:54:27,590] {dag.py:1834} INFO - Sync 1 DAGs
[2024-01-04 07:54:27,601] {logging_mixin.py:109} INFO - [2024-01-04 07:54:27,601] {dag.py:2287} INFO - Setting next_dagrun for example_task_group to 2024-01-02 00:00:00+00:00
[2024-01-04 07:54:27,635] {processor.py:170} INFO - Processing /home/airflow/.local/lib/python3.6/site-packages/airflow/example_dags/example_task_group.py took 0.097 seconds
[2024-01-04 07:54:58,307] {processor.py:162} INFO - Started process (PID=1158) to work on /home/airflow/.local/lib/python3.6/site-packages/airflow/example_dags/example_task_group.py
[2024-01-04 07:54:58,308] {processor.py:613} INFO - Processing file /home/airflow/.local/lib/python3.6/site-packages/airflow/example_dags/example_task_group.py for tasks to queue
[2024-01-04 07:54:58,309] {logging_mixin.py:109} INFO - [2024-01-04 07:54:58,309] {dagbag.py:496} INFO - Filling up the DagBag from /home/airflow/.local/lib/python3.6/site-packages/airflow/example_dags/example_task_group.py
[2024-01-04 07:54:58,319] {processor.py:623} INFO - DAG(s) dict_keys(['example_task_group']) retrieved from /home/airflow/.local/lib/python3.6/site-packages/airflow/example_dags/example_task_group.py
[2024-01-04 07:54:58,335] {logging_mixin.py:109} INFO - [2024-01-04 07:54:58,335] {dag.py:1834} INFO - Sync 1 DAGs
[2024-01-04 07:54:58,346] {logging_mixin.py:109} INFO - [2024-01-04 07:54:58,345] {dag.py:2287} INFO - Setting next_dagrun for example_task_group to 2024-01-02 00:00:00+00:00
[2024-01-04 07:54:58,356] {processor.py:170} INFO - Processing /home/airflow/.local/lib/python3.6/site-packages/airflow/example_dags/example_task_group.py took 0.050 seconds
[2024-01-04 07:55:28,832] {processor.py:162} INFO - Started process (PID=1353) to work on /home/airflow/.local/lib/python3.6/site-packages/airflow/example_dags/example_task_group.py
[2024-01-04 07:55:28,834] {processor.py:613} INFO - Processing file /home/airflow/.local/lib/python3.6/site-packages/airflow/example_dags/example_task_group.py for tasks to queue
[2024-01-04 07:55:28,834] {logging_mixin.py:109} INFO - [2024-01-04 07:55:28,834] {dagbag.py:496} INFO - Filling up the DagBag from /home/airflow/.local/lib/python3.6/site-packages/airflow/example_dags/example_task_group.py
[2024-01-04 07:55:28,844] {processor.py:623} INFO - DAG(s) dict_keys(['example_task_group']) retrieved from /home/airflow/.local/lib/python3.6/site-packages/airflow/example_dags/example_task_group.py
[2024-01-04 07:55:28,861] {logging_mixin.py:109} INFO - [2024-01-04 07:55:28,861] {dag.py:1834} INFO - Sync 1 DAGs
[2024-01-04 07:55:28,871] {logging_mixin.py:109} INFO - [2024-01-04 07:55:28,871] {dag.py:2287} INFO - Setting next_dagrun for example_task_group to 2024-01-02 00:00:00+00:00
[2024-01-04 07:55:28,883] {processor.py:170} INFO - Processing /home/airflow/.local/lib/python3.6/site-packages/airflow/example_dags/example_task_group.py took 0.052 seconds
[2024-01-04 08:53:18,845] {processor.py:162} INFO - Started process (PID=254) to work on /home/airflow/.local/lib/python3.6/site-packages/airflow/example_dags/example_task_group.py
[2024-01-04 08:53:18,847] {processor.py:613} INFO - Processing file /home/airflow/.local/lib/python3.6/site-packages/airflow/example_dags/example_task_group.py for tasks to queue
[2024-01-04 08:53:18,847] {logging_mixin.py:109} INFO - [2024-01-04 08:53:18,847] {dagbag.py:496} INFO - Filling up the DagBag from /home/airflow/.local/lib/python3.6/site-packages/airflow/example_dags/example_task_group.py
[2024-01-04 08:53:18,864] {processor.py:623} INFO - DAG(s) dict_keys(['example_task_group']) retrieved from /home/airflow/.local/lib/python3.6/site-packages/airflow/example_dags/example_task_group.py
[2024-01-04 08:53:18,889] {logging_mixin.py:109} INFO - [2024-01-04 08:53:18,888] {dag.py:1834} INFO - Sync 1 DAGs
[2024-01-04 08:53:18,935] {logging_mixin.py:109} INFO - [2024-01-04 08:53:18,935] {dag.py:2287} INFO - Setting next_dagrun for example_task_group to 2024-01-02 00:00:00+00:00
[2024-01-04 08:53:18,967] {processor.py:170} INFO - Processing /home/airflow/.local/lib/python3.6/site-packages/airflow/example_dags/example_task_group.py took 0.125 seconds
[2024-01-04 08:53:49,348] {processor.py:162} INFO - Started process (PID=483) to work on /home/airflow/.local/lib/python3.6/site-packages/airflow/example_dags/example_task_group.py
[2024-01-04 08:53:49,357] {processor.py:613} INFO - Processing file /home/airflow/.local/lib/python3.6/site-packages/airflow/example_dags/example_task_group.py for tasks to queue
[2024-01-04 08:53:49,359] {logging_mixin.py:109} INFO - [2024-01-04 08:53:49,358] {dagbag.py:496} INFO - Filling up the DagBag from /home/airflow/.local/lib/python3.6/site-packages/airflow/example_dags/example_task_group.py
[2024-01-04 08:53:49,423] {processor.py:623} INFO - DAG(s) dict_keys(['example_task_group']) retrieved from /home/airflow/.local/lib/python3.6/site-packages/airflow/example_dags/example_task_group.py
[2024-01-04 08:53:49,473] {logging_mixin.py:109} INFO - [2024-01-04 08:53:49,473] {dag.py:1834} INFO - Sync 1 DAGs
[2024-01-04 08:53:49,525] {logging_mixin.py:109} INFO - [2024-01-04 08:53:49,525] {dag.py:2287} INFO - Setting next_dagrun for example_task_group to 2024-01-02 00:00:00+00:00
[2024-01-04 08:53:49,909] {processor.py:170} INFO - Processing /home/airflow/.local/lib/python3.6/site-packages/airflow/example_dags/example_task_group.py took 0.565 seconds
[2024-01-04 08:54:20,000] {processor.py:162} INFO - Started process (PID=760) to work on /home/airflow/.local/lib/python3.6/site-packages/airflow/example_dags/example_task_group.py
[2024-01-04 08:54:20,002] {processor.py:613} INFO - Processing file /home/airflow/.local/lib/python3.6/site-packages/airflow/example_dags/example_task_group.py for tasks to queue
[2024-01-04 08:54:20,003] {logging_mixin.py:109} INFO - [2024-01-04 08:54:20,003] {dagbag.py:496} INFO - Filling up the DagBag from /home/airflow/.local/lib/python3.6/site-packages/airflow/example_dags/example_task_group.py
[2024-01-04 08:54:20,020] {processor.py:623} INFO - DAG(s) dict_keys(['example_task_group']) retrieved from /home/airflow/.local/lib/python3.6/site-packages/airflow/example_dags/example_task_group.py
[2024-01-04 08:54:20,049] {logging_mixin.py:109} INFO - [2024-01-04 08:54:20,048] {dag.py:1834} INFO - Sync 1 DAGs
[2024-01-04 08:54:20,067] {logging_mixin.py:109} INFO - [2024-01-04 08:54:20,067] {dag.py:2287} INFO - Setting next_dagrun for example_task_group to 2024-01-02 00:00:00+00:00
[2024-01-04 08:54:20,086] {processor.py:170} INFO - Processing /home/airflow/.local/lib/python3.6/site-packages/airflow/example_dags/example_task_group.py took 0.089 seconds
[2024-01-04 08:54:50,120] {processor.py:162} INFO - Started process (PID=965) to work on /home/airflow/.local/lib/python3.6/site-packages/airflow/example_dags/example_task_group.py
[2024-01-04 08:54:50,122] {processor.py:613} INFO - Processing file /home/airflow/.local/lib/python3.6/site-packages/airflow/example_dags/example_task_group.py for tasks to queue
[2024-01-04 08:54:50,123] {logging_mixin.py:109} INFO - [2024-01-04 08:54:50,122] {dagbag.py:496} INFO - Filling up the DagBag from /home/airflow/.local/lib/python3.6/site-packages/airflow/example_dags/example_task_group.py
[2024-01-04 08:54:50,137] {processor.py:623} INFO - DAG(s) dict_keys(['example_task_group']) retrieved from /home/airflow/.local/lib/python3.6/site-packages/airflow/example_dags/example_task_group.py
[2024-01-04 08:54:50,164] {logging_mixin.py:109} INFO - [2024-01-04 08:54:50,164] {dag.py:1834} INFO - Sync 1 DAGs
[2024-01-04 08:54:50,179] {logging_mixin.py:109} INFO - [2024-01-04 08:54:50,179] {dag.py:2287} INFO - Setting next_dagrun for example_task_group to 2024-01-02 00:00:00+00:00
[2024-01-04 08:54:50,193] {processor.py:170} INFO - Processing /home/airflow/.local/lib/python3.6/site-packages/airflow/example_dags/example_task_group.py took 0.075 seconds
[2024-01-04 08:55:20,938] {processor.py:162} INFO - Started process (PID=1160) to work on /home/airflow/.local/lib/python3.6/site-packages/airflow/example_dags/example_task_group.py
[2024-01-04 08:55:20,940] {processor.py:613} INFO - Processing file /home/airflow/.local/lib/python3.6/site-packages/airflow/example_dags/example_task_group.py for tasks to queue
[2024-01-04 08:55:20,942] {logging_mixin.py:109} INFO - [2024-01-04 08:55:20,942] {dagbag.py:496} INFO - Filling up the DagBag from /home/airflow/.local/lib/python3.6/site-packages/airflow/example_dags/example_task_group.py
[2024-01-04 08:55:20,958] {processor.py:623} INFO - DAG(s) dict_keys(['example_task_group']) retrieved from /home/airflow/.local/lib/python3.6/site-packages/airflow/example_dags/example_task_group.py
[2024-01-04 08:55:20,990] {logging_mixin.py:109} INFO - [2024-01-04 08:55:20,989] {dag.py:1834} INFO - Sync 1 DAGs
[2024-01-04 08:55:21,007] {logging_mixin.py:109} INFO - [2024-01-04 08:55:21,007] {dag.py:2287} INFO - Setting next_dagrun for example_task_group to 2024-01-02 00:00:00+00:00
[2024-01-04 08:55:21,021] {processor.py:170} INFO - Processing /home/airflow/.local/lib/python3.6/site-packages/airflow/example_dags/example_task_group.py took 0.089 seconds
[2024-01-04 08:55:51,049] {processor.py:162} INFO - Started process (PID=1355) to work on /home/airflow/.local/lib/python3.6/site-packages/airflow/example_dags/example_task_group.py
[2024-01-04 08:55:51,062] {processor.py:613} INFO - Processing file /home/airflow/.local/lib/python3.6/site-packages/airflow/example_dags/example_task_group.py for tasks to queue
[2024-01-04 08:55:51,063] {logging_mixin.py:109} INFO - [2024-01-04 08:55:51,063] {dagbag.py:496} INFO - Filling up the DagBag from /home/airflow/.local/lib/python3.6/site-packages/airflow/example_dags/example_task_group.py
[2024-01-04 08:55:51,080] {processor.py:623} INFO - DAG(s) dict_keys(['example_task_group']) retrieved from /home/airflow/.local/lib/python3.6/site-packages/airflow/example_dags/example_task_group.py
[2024-01-04 08:55:51,112] {logging_mixin.py:109} INFO - [2024-01-04 08:55:51,112] {dag.py:1834} INFO - Sync 1 DAGs
[2024-01-04 08:55:51,129] {logging_mixin.py:109} INFO - [2024-01-04 08:55:51,129] {dag.py:2287} INFO - Setting next_dagrun for example_task_group to 2024-01-02 00:00:00+00:00
[2024-01-04 08:55:51,148] {processor.py:170} INFO - Processing /home/airflow/.local/lib/python3.6/site-packages/airflow/example_dags/example_task_group.py took 0.102 seconds
