[2024-01-04 07:52:54,664] {processor.py:162} INFO - Started process (PID=197) to work on /home/airflow/.local/lib/python3.6/site-packages/airflow/example_dags/example_kubernetes_executor.py
[2024-01-04 07:52:54,664] {processor.py:613} INFO - Processing file /home/airflow/.local/lib/python3.6/site-packages/airflow/example_dags/example_kubernetes_executor.py for tasks to queue
[2024-01-04 07:52:54,665] {logging_mixin.py:109} INFO - [2024-01-04 07:52:54,665] {dagbag.py:496} INFO - Filling up the DagBag from /home/airflow/.local/lib/python3.6/site-packages/airflow/example_dags/example_kubernetes_executor.py
[2024-01-04 07:52:54,676] {processor.py:623} INFO - DAG(s) dict_keys(['example_kubernetes_executor']) retrieved from /home/airflow/.local/lib/python3.6/site-packages/airflow/example_dags/example_kubernetes_executor.py
[2024-01-04 07:52:54,863] {logging_mixin.py:109} INFO - [2024-01-04 07:52:54,862] {dag.py:1834} INFO - Sync 1 DAGs
[2024-01-04 07:52:54,874] {logging_mixin.py:109} INFO - [2024-01-04 07:52:54,874] {dag.py:2287} INFO - Setting next_dagrun for example_kubernetes_executor to None
[2024-01-04 07:52:54,885] {processor.py:170} INFO - Processing /home/airflow/.local/lib/python3.6/site-packages/airflow/example_dags/example_kubernetes_executor.py took 0.224 seconds
[2024-01-04 07:53:25,300] {processor.py:162} INFO - Started process (PID=384) to work on /home/airflow/.local/lib/python3.6/site-packages/airflow/example_dags/example_kubernetes_executor.py
[2024-01-04 07:53:25,302] {processor.py:613} INFO - Processing file /home/airflow/.local/lib/python3.6/site-packages/airflow/example_dags/example_kubernetes_executor.py for tasks to queue
[2024-01-04 07:53:25,303] {logging_mixin.py:109} INFO - [2024-01-04 07:53:25,303] {dagbag.py:496} INFO - Filling up the DagBag from /home/airflow/.local/lib/python3.6/site-packages/airflow/example_dags/example_kubernetes_executor.py
[2024-01-04 07:53:25,312] {processor.py:623} INFO - DAG(s) dict_keys(['example_kubernetes_executor']) retrieved from /home/airflow/.local/lib/python3.6/site-packages/airflow/example_dags/example_kubernetes_executor.py
[2024-01-04 07:53:25,328] {logging_mixin.py:109} INFO - [2024-01-04 07:53:25,328] {dag.py:1834} INFO - Sync 1 DAGs
[2024-01-04 07:53:25,338] {logging_mixin.py:109} INFO - [2024-01-04 07:53:25,338] {dag.py:2287} INFO - Setting next_dagrun for example_kubernetes_executor to None
[2024-01-04 07:53:25,348] {processor.py:170} INFO - Processing /home/airflow/.local/lib/python3.6/site-packages/airflow/example_dags/example_kubernetes_executor.py took 0.049 seconds
[2024-01-04 07:53:55,404] {processor.py:162} INFO - Started process (PID=588) to work on /home/airflow/.local/lib/python3.6/site-packages/airflow/example_dags/example_kubernetes_executor.py
[2024-01-04 07:53:55,405] {processor.py:613} INFO - Processing file /home/airflow/.local/lib/python3.6/site-packages/airflow/example_dags/example_kubernetes_executor.py for tasks to queue
[2024-01-04 07:53:55,406] {logging_mixin.py:109} INFO - [2024-01-04 07:53:55,406] {dagbag.py:496} INFO - Filling up the DagBag from /home/airflow/.local/lib/python3.6/site-packages/airflow/example_dags/example_kubernetes_executor.py
[2024-01-04 07:53:55,414] {processor.py:623} INFO - DAG(s) dict_keys(['example_kubernetes_executor']) retrieved from /home/airflow/.local/lib/python3.6/site-packages/airflow/example_dags/example_kubernetes_executor.py
[2024-01-04 07:53:55,431] {logging_mixin.py:109} INFO - [2024-01-04 07:53:55,431] {dag.py:1834} INFO - Sync 1 DAGs
[2024-01-04 07:53:55,440] {logging_mixin.py:109} INFO - [2024-01-04 07:53:55,440] {dag.py:2287} INFO - Setting next_dagrun for example_kubernetes_executor to None
[2024-01-04 07:53:55,450] {processor.py:170} INFO - Processing /home/airflow/.local/lib/python3.6/site-packages/airflow/example_dags/example_kubernetes_executor.py took 0.047 seconds
[2024-01-04 07:54:26,173] {processor.py:162} INFO - Started process (PID=918) to work on /home/airflow/.local/lib/python3.6/site-packages/airflow/example_dags/example_kubernetes_executor.py
[2024-01-04 07:54:26,184] {processor.py:613} INFO - Processing file /home/airflow/.local/lib/python3.6/site-packages/airflow/example_dags/example_kubernetes_executor.py for tasks to queue
[2024-01-04 07:54:26,184] {logging_mixin.py:109} INFO - [2024-01-04 07:54:26,184] {dagbag.py:496} INFO - Filling up the DagBag from /home/airflow/.local/lib/python3.6/site-packages/airflow/example_dags/example_kubernetes_executor.py
[2024-01-04 07:54:26,195] {processor.py:623} INFO - DAG(s) dict_keys(['example_kubernetes_executor']) retrieved from /home/airflow/.local/lib/python3.6/site-packages/airflow/example_dags/example_kubernetes_executor.py
[2024-01-04 07:54:26,214] {logging_mixin.py:109} INFO - [2024-01-04 07:54:26,214] {dag.py:1834} INFO - Sync 1 DAGs
[2024-01-04 07:54:26,226] {logging_mixin.py:109} INFO - [2024-01-04 07:54:26,225] {dag.py:2287} INFO - Setting next_dagrun for example_kubernetes_executor to None
[2024-01-04 07:54:26,245] {processor.py:170} INFO - Processing /home/airflow/.local/lib/python3.6/site-packages/airflow/example_dags/example_kubernetes_executor.py took 0.074 seconds
[2024-01-04 07:54:56,998] {processor.py:162} INFO - Started process (PID=1125) to work on /home/airflow/.local/lib/python3.6/site-packages/airflow/example_dags/example_kubernetes_executor.py
[2024-01-04 07:54:56,999] {processor.py:613} INFO - Processing file /home/airflow/.local/lib/python3.6/site-packages/airflow/example_dags/example_kubernetes_executor.py for tasks to queue
[2024-01-04 07:54:56,999] {logging_mixin.py:109} INFO - [2024-01-04 07:54:56,999] {dagbag.py:496} INFO - Filling up the DagBag from /home/airflow/.local/lib/python3.6/site-packages/airflow/example_dags/example_kubernetes_executor.py
[2024-01-04 07:54:57,008] {processor.py:623} INFO - DAG(s) dict_keys(['example_kubernetes_executor']) retrieved from /home/airflow/.local/lib/python3.6/site-packages/airflow/example_dags/example_kubernetes_executor.py
[2024-01-04 07:54:57,023] {logging_mixin.py:109} INFO - [2024-01-04 07:54:57,023] {dag.py:1834} INFO - Sync 1 DAGs
[2024-01-04 07:54:57,034] {logging_mixin.py:109} INFO - [2024-01-04 07:54:57,034] {dag.py:2287} INFO - Setting next_dagrun for example_kubernetes_executor to None
[2024-01-04 07:54:57,043] {processor.py:170} INFO - Processing /home/airflow/.local/lib/python3.6/site-packages/airflow/example_dags/example_kubernetes_executor.py took 0.048 seconds
[2024-01-04 07:55:27,600] {processor.py:162} INFO - Started process (PID=1320) to work on /home/airflow/.local/lib/python3.6/site-packages/airflow/example_dags/example_kubernetes_executor.py
[2024-01-04 07:55:27,602] {processor.py:613} INFO - Processing file /home/airflow/.local/lib/python3.6/site-packages/airflow/example_dags/example_kubernetes_executor.py for tasks to queue
[2024-01-04 07:55:27,602] {logging_mixin.py:109} INFO - [2024-01-04 07:55:27,602] {dagbag.py:496} INFO - Filling up the DagBag from /home/airflow/.local/lib/python3.6/site-packages/airflow/example_dags/example_kubernetes_executor.py
[2024-01-04 07:55:27,610] {processor.py:623} INFO - DAG(s) dict_keys(['example_kubernetes_executor']) retrieved from /home/airflow/.local/lib/python3.6/site-packages/airflow/example_dags/example_kubernetes_executor.py
[2024-01-04 07:55:27,627] {logging_mixin.py:109} INFO - [2024-01-04 07:55:27,627] {dag.py:1834} INFO - Sync 1 DAGs
[2024-01-04 07:55:27,637] {logging_mixin.py:109} INFO - [2024-01-04 07:55:27,637] {dag.py:2287} INFO - Setting next_dagrun for example_kubernetes_executor to None
[2024-01-04 07:55:27,647] {processor.py:170} INFO - Processing /home/airflow/.local/lib/python3.6/site-packages/airflow/example_dags/example_kubernetes_executor.py took 0.048 seconds
[2024-01-04 08:53:14,942] {processor.py:162} INFO - Started process (PID=224) to work on /home/airflow/.local/lib/python3.6/site-packages/airflow/example_dags/example_kubernetes_executor.py
[2024-01-04 08:53:14,945] {processor.py:613} INFO - Processing file /home/airflow/.local/lib/python3.6/site-packages/airflow/example_dags/example_kubernetes_executor.py for tasks to queue
[2024-01-04 08:53:14,947] {logging_mixin.py:109} INFO - [2024-01-04 08:53:14,947] {dagbag.py:496} INFO - Filling up the DagBag from /home/airflow/.local/lib/python3.6/site-packages/airflow/example_dags/example_kubernetes_executor.py
[2024-01-04 08:53:14,992] {processor.py:623} INFO - DAG(s) dict_keys(['example_kubernetes_executor']) retrieved from /home/airflow/.local/lib/python3.6/site-packages/airflow/example_dags/example_kubernetes_executor.py
[2024-01-04 08:53:15,441] {logging_mixin.py:109} INFO - [2024-01-04 08:53:15,440] {dag.py:1834} INFO - Sync 1 DAGs
[2024-01-04 08:53:15,690] {logging_mixin.py:109} INFO - [2024-01-04 08:53:15,688] {dag.py:2287} INFO - Setting next_dagrun for example_kubernetes_executor to None
[2024-01-04 08:53:15,809] {processor.py:170} INFO - Processing /home/airflow/.local/lib/python3.6/site-packages/airflow/example_dags/example_kubernetes_executor.py took 0.873 seconds
[2024-01-04 08:53:46,260] {processor.py:162} INFO - Started process (PID=470) to work on /home/airflow/.local/lib/python3.6/site-packages/airflow/example_dags/example_kubernetes_executor.py
[2024-01-04 08:53:46,261] {processor.py:613} INFO - Processing file /home/airflow/.local/lib/python3.6/site-packages/airflow/example_dags/example_kubernetes_executor.py for tasks to queue
[2024-01-04 08:53:46,261] {logging_mixin.py:109} INFO - [2024-01-04 08:53:46,261] {dagbag.py:496} INFO - Filling up the DagBag from /home/airflow/.local/lib/python3.6/site-packages/airflow/example_dags/example_kubernetes_executor.py
[2024-01-04 08:53:46,269] {processor.py:623} INFO - DAG(s) dict_keys(['example_kubernetes_executor']) retrieved from /home/airflow/.local/lib/python3.6/site-packages/airflow/example_dags/example_kubernetes_executor.py
[2024-01-04 08:53:46,286] {logging_mixin.py:109} INFO - [2024-01-04 08:53:46,286] {dag.py:1834} INFO - Sync 1 DAGs
[2024-01-04 08:53:46,297] {logging_mixin.py:109} INFO - [2024-01-04 08:53:46,297] {dag.py:2287} INFO - Setting next_dagrun for example_kubernetes_executor to None
[2024-01-04 08:53:46,307] {processor.py:170} INFO - Processing /home/airflow/.local/lib/python3.6/site-packages/airflow/example_dags/example_kubernetes_executor.py took 0.049 seconds
[2024-01-04 08:54:16,866] {processor.py:162} INFO - Started process (PID=750) to work on /home/airflow/.local/lib/python3.6/site-packages/airflow/example_dags/example_kubernetes_executor.py
[2024-01-04 08:54:16,869] {processor.py:613} INFO - Processing file /home/airflow/.local/lib/python3.6/site-packages/airflow/example_dags/example_kubernetes_executor.py for tasks to queue
[2024-01-04 08:54:16,870] {logging_mixin.py:109} INFO - [2024-01-04 08:54:16,870] {dagbag.py:496} INFO - Filling up the DagBag from /home/airflow/.local/lib/python3.6/site-packages/airflow/example_dags/example_kubernetes_executor.py
[2024-01-04 08:54:16,885] {processor.py:623} INFO - DAG(s) dict_keys(['example_kubernetes_executor']) retrieved from /home/airflow/.local/lib/python3.6/site-packages/airflow/example_dags/example_kubernetes_executor.py
[2024-01-04 08:54:16,916] {logging_mixin.py:109} INFO - [2024-01-04 08:54:16,915] {dag.py:1834} INFO - Sync 1 DAGs
[2024-01-04 08:54:16,935] {logging_mixin.py:109} INFO - [2024-01-04 08:54:16,934] {dag.py:2287} INFO - Setting next_dagrun for example_kubernetes_executor to None
[2024-01-04 08:54:16,955] {processor.py:170} INFO - Processing /home/airflow/.local/lib/python3.6/site-packages/airflow/example_dags/example_kubernetes_executor.py took 0.092 seconds
[2024-01-04 08:54:47,109] {processor.py:162} INFO - Started process (PID=945) to work on /home/airflow/.local/lib/python3.6/site-packages/airflow/example_dags/example_kubernetes_executor.py
[2024-01-04 08:54:47,207] {processor.py:613} INFO - Processing file /home/airflow/.local/lib/python3.6/site-packages/airflow/example_dags/example_kubernetes_executor.py for tasks to queue
[2024-01-04 08:54:47,209] {logging_mixin.py:109} INFO - [2024-01-04 08:54:47,208] {dagbag.py:496} INFO - Filling up the DagBag from /home/airflow/.local/lib/python3.6/site-packages/airflow/example_dags/example_kubernetes_executor.py
[2024-01-04 08:54:47,224] {processor.py:623} INFO - DAG(s) dict_keys(['example_kubernetes_executor']) retrieved from /home/airflow/.local/lib/python3.6/site-packages/airflow/example_dags/example_kubernetes_executor.py
[2024-01-04 08:54:47,252] {logging_mixin.py:109} INFO - [2024-01-04 08:54:47,251] {dag.py:1834} INFO - Sync 1 DAGs
[2024-01-04 08:54:47,269] {logging_mixin.py:109} INFO - [2024-01-04 08:54:47,268] {dag.py:2287} INFO - Setting next_dagrun for example_kubernetes_executor to None
[2024-01-04 08:54:47,491] {processor.py:170} INFO - Processing /home/airflow/.local/lib/python3.6/site-packages/airflow/example_dags/example_kubernetes_executor.py took 0.385 seconds
[2024-01-04 08:55:18,783] {processor.py:162} INFO - Started process (PID=1150) to work on /home/airflow/.local/lib/python3.6/site-packages/airflow/example_dags/example_kubernetes_executor.py
[2024-01-04 08:55:18,786] {processor.py:613} INFO - Processing file /home/airflow/.local/lib/python3.6/site-packages/airflow/example_dags/example_kubernetes_executor.py for tasks to queue
[2024-01-04 08:55:18,787] {logging_mixin.py:109} INFO - [2024-01-04 08:55:18,787] {dagbag.py:496} INFO - Filling up the DagBag from /home/airflow/.local/lib/python3.6/site-packages/airflow/example_dags/example_kubernetes_executor.py
[2024-01-04 08:55:18,813] {processor.py:623} INFO - DAG(s) dict_keys(['example_kubernetes_executor']) retrieved from /home/airflow/.local/lib/python3.6/site-packages/airflow/example_dags/example_kubernetes_executor.py
[2024-01-04 08:55:18,853] {logging_mixin.py:109} INFO - [2024-01-04 08:55:18,853] {dag.py:1834} INFO - Sync 1 DAGs
[2024-01-04 08:55:18,873] {logging_mixin.py:109} INFO - [2024-01-04 08:55:18,873] {dag.py:2287} INFO - Setting next_dagrun for example_kubernetes_executor to None
[2024-01-04 08:55:18,889] {processor.py:170} INFO - Processing /home/airflow/.local/lib/python3.6/site-packages/airflow/example_dags/example_kubernetes_executor.py took 0.111 seconds
[2024-01-04 08:55:48,949] {processor.py:162} INFO - Started process (PID=1345) to work on /home/airflow/.local/lib/python3.6/site-packages/airflow/example_dags/example_kubernetes_executor.py
[2024-01-04 08:55:48,951] {processor.py:613} INFO - Processing file /home/airflow/.local/lib/python3.6/site-packages/airflow/example_dags/example_kubernetes_executor.py for tasks to queue
[2024-01-04 08:55:48,952] {logging_mixin.py:109} INFO - [2024-01-04 08:55:48,952] {dagbag.py:496} INFO - Filling up the DagBag from /home/airflow/.local/lib/python3.6/site-packages/airflow/example_dags/example_kubernetes_executor.py
[2024-01-04 08:55:48,963] {processor.py:623} INFO - DAG(s) dict_keys(['example_kubernetes_executor']) retrieved from /home/airflow/.local/lib/python3.6/site-packages/airflow/example_dags/example_kubernetes_executor.py
[2024-01-04 08:55:48,987] {logging_mixin.py:109} INFO - [2024-01-04 08:55:48,986] {dag.py:1834} INFO - Sync 1 DAGs
[2024-01-04 08:55:49,001] {logging_mixin.py:109} INFO - [2024-01-04 08:55:49,000] {dag.py:2287} INFO - Setting next_dagrun for example_kubernetes_executor to None
[2024-01-04 08:55:49,013] {processor.py:170} INFO - Processing /home/airflow/.local/lib/python3.6/site-packages/airflow/example_dags/example_kubernetes_executor.py took 0.067 seconds
