[2024-01-04 07:52:56,856] {processor.py:162} INFO - Started process (PID=287) to work on /home/airflow/.local/lib/python3.6/site-packages/airflow/example_dags/example_nested_branch_dag.py
[2024-01-04 07:52:56,857] {processor.py:613} INFO - Processing file /home/airflow/.local/lib/python3.6/site-packages/airflow/example_dags/example_nested_branch_dag.py for tasks to queue
[2024-01-04 07:52:56,858] {logging_mixin.py:109} INFO - [2024-01-04 07:52:56,857] {dagbag.py:496} INFO - Filling up the DagBag from /home/airflow/.local/lib/python3.6/site-packages/airflow/example_dags/example_nested_branch_dag.py
[2024-01-04 07:52:56,868] {processor.py:623} INFO - DAG(s) dict_keys(['example_nested_branch_dag']) retrieved from /home/airflow/.local/lib/python3.6/site-packages/airflow/example_dags/example_nested_branch_dag.py
[2024-01-04 07:52:57,033] {logging_mixin.py:109} INFO - [2024-01-04 07:52:57,033] {dag.py:1834} INFO - Sync 1 DAGs
[2024-01-04 07:52:57,045] {logging_mixin.py:109} INFO - [2024-01-04 07:52:57,045] {dag.py:2287} INFO - Setting next_dagrun for example_nested_branch_dag to 2024-01-02 00:00:00+00:00
[2024-01-04 07:52:57,058] {processor.py:170} INFO - Processing /home/airflow/.local/lib/python3.6/site-packages/airflow/example_dags/example_nested_branch_dag.py took 0.204 seconds
[2024-01-04 07:53:27,331] {processor.py:162} INFO - Started process (PID=482) to work on /home/airflow/.local/lib/python3.6/site-packages/airflow/example_dags/example_nested_branch_dag.py
[2024-01-04 07:53:27,333] {processor.py:613} INFO - Processing file /home/airflow/.local/lib/python3.6/site-packages/airflow/example_dags/example_nested_branch_dag.py for tasks to queue
[2024-01-04 07:53:27,335] {logging_mixin.py:109} INFO - [2024-01-04 07:53:27,335] {dagbag.py:496} INFO - Filling up the DagBag from /home/airflow/.local/lib/python3.6/site-packages/airflow/example_dags/example_nested_branch_dag.py
[2024-01-04 07:53:27,359] {processor.py:623} INFO - DAG(s) dict_keys(['example_nested_branch_dag']) retrieved from /home/airflow/.local/lib/python3.6/site-packages/airflow/example_dags/example_nested_branch_dag.py
[2024-01-04 07:53:27,393] {logging_mixin.py:109} INFO - [2024-01-04 07:53:27,392] {dag.py:1834} INFO - Sync 1 DAGs
[2024-01-04 07:53:27,411] {logging_mixin.py:109} INFO - [2024-01-04 07:53:27,411] {dag.py:2287} INFO - Setting next_dagrun for example_nested_branch_dag to 2024-01-02 00:00:00+00:00
[2024-01-04 07:53:27,426] {processor.py:170} INFO - Processing /home/airflow/.local/lib/python3.6/site-packages/airflow/example_dags/example_nested_branch_dag.py took 0.100 seconds
[2024-01-04 07:53:58,313] {processor.py:162} INFO - Started process (PID=687) to work on /home/airflow/.local/lib/python3.6/site-packages/airflow/example_dags/example_nested_branch_dag.py
[2024-01-04 07:53:58,314] {processor.py:613} INFO - Processing file /home/airflow/.local/lib/python3.6/site-packages/airflow/example_dags/example_nested_branch_dag.py for tasks to queue
[2024-01-04 07:53:58,315] {logging_mixin.py:109} INFO - [2024-01-04 07:53:58,315] {dagbag.py:496} INFO - Filling up the DagBag from /home/airflow/.local/lib/python3.6/site-packages/airflow/example_dags/example_nested_branch_dag.py
[2024-01-04 07:53:58,329] {processor.py:623} INFO - DAG(s) dict_keys(['example_nested_branch_dag']) retrieved from /home/airflow/.local/lib/python3.6/site-packages/airflow/example_dags/example_nested_branch_dag.py
[2024-01-04 07:53:58,349] {logging_mixin.py:109} INFO - [2024-01-04 07:53:58,349] {dag.py:1834} INFO - Sync 1 DAGs
[2024-01-04 07:53:58,362] {logging_mixin.py:109} INFO - [2024-01-04 07:53:58,362] {dag.py:2287} INFO - Setting next_dagrun for example_nested_branch_dag to 2024-01-02 00:00:00+00:00
[2024-01-04 07:53:58,373] {processor.py:170} INFO - Processing /home/airflow/.local/lib/python3.6/site-packages/airflow/example_dags/example_nested_branch_dag.py took 0.063 seconds
[2024-01-04 07:54:29,295] {processor.py:162} INFO - Started process (PID=1018) to work on /home/airflow/.local/lib/python3.6/site-packages/airflow/example_dags/example_nested_branch_dag.py
[2024-01-04 07:54:29,296] {processor.py:613} INFO - Processing file /home/airflow/.local/lib/python3.6/site-packages/airflow/example_dags/example_nested_branch_dag.py for tasks to queue
[2024-01-04 07:54:29,296] {logging_mixin.py:109} INFO - [2024-01-04 07:54:29,296] {dagbag.py:496} INFO - Filling up the DagBag from /home/airflow/.local/lib/python3.6/site-packages/airflow/example_dags/example_nested_branch_dag.py
[2024-01-04 07:54:29,308] {processor.py:623} INFO - DAG(s) dict_keys(['example_nested_branch_dag']) retrieved from /home/airflow/.local/lib/python3.6/site-packages/airflow/example_dags/example_nested_branch_dag.py
[2024-01-04 07:54:29,325] {logging_mixin.py:109} INFO - [2024-01-04 07:54:29,325] {dag.py:1834} INFO - Sync 1 DAGs
[2024-01-04 07:54:29,338] {logging_mixin.py:109} INFO - [2024-01-04 07:54:29,338] {dag.py:2287} INFO - Setting next_dagrun for example_nested_branch_dag to 2024-01-02 00:00:00+00:00
[2024-01-04 07:54:29,347] {processor.py:170} INFO - Processing /home/airflow/.local/lib/python3.6/site-packages/airflow/example_dags/example_nested_branch_dag.py took 0.055 seconds
[2024-01-04 07:54:59,934] {processor.py:162} INFO - Started process (PID=1223) to work on /home/airflow/.local/lib/python3.6/site-packages/airflow/example_dags/example_nested_branch_dag.py
[2024-01-04 07:54:59,935] {processor.py:613} INFO - Processing file /home/airflow/.local/lib/python3.6/site-packages/airflow/example_dags/example_nested_branch_dag.py for tasks to queue
[2024-01-04 07:54:59,935] {logging_mixin.py:109} INFO - [2024-01-04 07:54:59,935] {dagbag.py:496} INFO - Filling up the DagBag from /home/airflow/.local/lib/python3.6/site-packages/airflow/example_dags/example_nested_branch_dag.py
[2024-01-04 07:54:59,945] {processor.py:623} INFO - DAG(s) dict_keys(['example_nested_branch_dag']) retrieved from /home/airflow/.local/lib/python3.6/site-packages/airflow/example_dags/example_nested_branch_dag.py
[2024-01-04 07:54:59,964] {logging_mixin.py:109} INFO - [2024-01-04 07:54:59,963] {dag.py:1834} INFO - Sync 1 DAGs
[2024-01-04 07:54:59,978] {logging_mixin.py:109} INFO - [2024-01-04 07:54:59,977] {dag.py:2287} INFO - Setting next_dagrun for example_nested_branch_dag to 2024-01-02 00:00:00+00:00
[2024-01-04 07:54:59,988] {processor.py:170} INFO - Processing /home/airflow/.local/lib/python3.6/site-packages/airflow/example_dags/example_nested_branch_dag.py took 0.056 seconds
[2024-01-04 07:55:30,449] {processor.py:162} INFO - Started process (PID=1428) to work on /home/airflow/.local/lib/python3.6/site-packages/airflow/example_dags/example_nested_branch_dag.py
[2024-01-04 07:55:30,451] {processor.py:613} INFO - Processing file /home/airflow/.local/lib/python3.6/site-packages/airflow/example_dags/example_nested_branch_dag.py for tasks to queue
[2024-01-04 07:55:30,451] {logging_mixin.py:109} INFO - [2024-01-04 07:55:30,451] {dagbag.py:496} INFO - Filling up the DagBag from /home/airflow/.local/lib/python3.6/site-packages/airflow/example_dags/example_nested_branch_dag.py
[2024-01-04 07:55:30,460] {processor.py:623} INFO - DAG(s) dict_keys(['example_nested_branch_dag']) retrieved from /home/airflow/.local/lib/python3.6/site-packages/airflow/example_dags/example_nested_branch_dag.py
[2024-01-04 07:55:30,479] {logging_mixin.py:109} INFO - [2024-01-04 07:55:30,478] {dag.py:1834} INFO - Sync 1 DAGs
[2024-01-04 07:55:30,491] {logging_mixin.py:109} INFO - [2024-01-04 07:55:30,491] {dag.py:2287} INFO - Setting next_dagrun for example_nested_branch_dag to 2024-01-02 00:00:00+00:00
[2024-01-04 07:55:30,504] {processor.py:170} INFO - Processing /home/airflow/.local/lib/python3.6/site-packages/airflow/example_dags/example_nested_branch_dag.py took 0.057 seconds
[2024-01-04 08:53:20,752] {processor.py:162} INFO - Started process (PID=321) to work on /home/airflow/.local/lib/python3.6/site-packages/airflow/example_dags/example_nested_branch_dag.py
[2024-01-04 08:53:20,755] {processor.py:613} INFO - Processing file /home/airflow/.local/lib/python3.6/site-packages/airflow/example_dags/example_nested_branch_dag.py for tasks to queue
[2024-01-04 08:53:20,757] {logging_mixin.py:109} INFO - [2024-01-04 08:53:20,756] {dagbag.py:496} INFO - Filling up the DagBag from /home/airflow/.local/lib/python3.6/site-packages/airflow/example_dags/example_nested_branch_dag.py
[2024-01-04 08:53:20,801] {processor.py:623} INFO - DAG(s) dict_keys(['example_nested_branch_dag']) retrieved from /home/airflow/.local/lib/python3.6/site-packages/airflow/example_dags/example_nested_branch_dag.py
[2024-01-04 08:53:20,856] {logging_mixin.py:109} INFO - [2024-01-04 08:53:20,856] {dag.py:1834} INFO - Sync 1 DAGs
[2024-01-04 08:53:20,880] {logging_mixin.py:109} INFO - [2024-01-04 08:53:20,880] {dag.py:2287} INFO - Setting next_dagrun for example_nested_branch_dag to 2024-01-02 00:00:00+00:00
[2024-01-04 08:53:20,903] {processor.py:170} INFO - Processing /home/airflow/.local/lib/python3.6/site-packages/airflow/example_dags/example_nested_branch_dag.py took 0.157 seconds
[2024-01-04 08:53:55,064] {processor.py:162} INFO - Started process (PID=578) to work on /home/airflow/.local/lib/python3.6/site-packages/airflow/example_dags/example_nested_branch_dag.py
[2024-01-04 08:53:55,067] {processor.py:613} INFO - Processing file /home/airflow/.local/lib/python3.6/site-packages/airflow/example_dags/example_nested_branch_dag.py for tasks to queue
[2024-01-04 08:53:55,069] {logging_mixin.py:109} INFO - [2024-01-04 08:53:55,068] {dagbag.py:496} INFO - Filling up the DagBag from /home/airflow/.local/lib/python3.6/site-packages/airflow/example_dags/example_nested_branch_dag.py
[2024-01-04 08:53:55,110] {processor.py:623} INFO - DAG(s) dict_keys(['example_nested_branch_dag']) retrieved from /home/airflow/.local/lib/python3.6/site-packages/airflow/example_dags/example_nested_branch_dag.py
[2024-01-04 08:53:55,173] {logging_mixin.py:109} INFO - [2024-01-04 08:53:55,173] {dag.py:1834} INFO - Sync 1 DAGs
[2024-01-04 08:53:55,214] {logging_mixin.py:109} INFO - [2024-01-04 08:53:55,214] {dag.py:2287} INFO - Setting next_dagrun for example_nested_branch_dag to 2024-01-02 00:00:00+00:00
[2024-01-04 08:53:55,247] {processor.py:170} INFO - Processing /home/airflow/.local/lib/python3.6/site-packages/airflow/example_dags/example_nested_branch_dag.py took 0.190 seconds
[2024-01-04 08:54:25,721] {processor.py:162} INFO - Started process (PID=853) to work on /home/airflow/.local/lib/python3.6/site-packages/airflow/example_dags/example_nested_branch_dag.py
[2024-01-04 08:54:25,726] {processor.py:613} INFO - Processing file /home/airflow/.local/lib/python3.6/site-packages/airflow/example_dags/example_nested_branch_dag.py for tasks to queue
[2024-01-04 08:54:25,730] {logging_mixin.py:109} INFO - [2024-01-04 08:54:25,729] {dagbag.py:496} INFO - Filling up the DagBag from /home/airflow/.local/lib/python3.6/site-packages/airflow/example_dags/example_nested_branch_dag.py
[2024-01-04 08:54:25,779] {processor.py:623} INFO - DAG(s) dict_keys(['example_nested_branch_dag']) retrieved from /home/airflow/.local/lib/python3.6/site-packages/airflow/example_dags/example_nested_branch_dag.py
[2024-01-04 08:54:25,862] {logging_mixin.py:109} INFO - [2024-01-04 08:54:25,861] {dag.py:1834} INFO - Sync 1 DAGs
[2024-01-04 08:54:25,914] {logging_mixin.py:109} INFO - [2024-01-04 08:54:25,914] {dag.py:2287} INFO - Setting next_dagrun for example_nested_branch_dag to 2024-01-02 00:00:00+00:00
[2024-01-04 08:54:25,951] {processor.py:170} INFO - Processing /home/airflow/.local/lib/python3.6/site-packages/airflow/example_dags/example_nested_branch_dag.py took 0.239 seconds
[2024-01-04 08:54:56,017] {processor.py:162} INFO - Started process (PID=1045) to work on /home/airflow/.local/lib/python3.6/site-packages/airflow/example_dags/example_nested_branch_dag.py
[2024-01-04 08:54:56,018] {processor.py:613} INFO - Processing file /home/airflow/.local/lib/python3.6/site-packages/airflow/example_dags/example_nested_branch_dag.py for tasks to queue
[2024-01-04 08:54:56,018] {logging_mixin.py:109} INFO - [2024-01-04 08:54:56,018] {dagbag.py:496} INFO - Filling up the DagBag from /home/airflow/.local/lib/python3.6/site-packages/airflow/example_dags/example_nested_branch_dag.py
[2024-01-04 08:54:56,032] {processor.py:623} INFO - DAG(s) dict_keys(['example_nested_branch_dag']) retrieved from /home/airflow/.local/lib/python3.6/site-packages/airflow/example_dags/example_nested_branch_dag.py
[2024-01-04 08:54:56,055] {logging_mixin.py:109} INFO - [2024-01-04 08:54:56,055] {dag.py:1834} INFO - Sync 1 DAGs
[2024-01-04 08:54:56,072] {logging_mixin.py:109} INFO - [2024-01-04 08:54:56,072] {dag.py:2287} INFO - Setting next_dagrun for example_nested_branch_dag to 2024-01-02 00:00:00+00:00
[2024-01-04 08:54:56,084] {processor.py:170} INFO - Processing /home/airflow/.local/lib/python3.6/site-packages/airflow/example_dags/example_nested_branch_dag.py took 0.070 seconds
[2024-01-04 08:55:26,944] {processor.py:162} INFO - Started process (PID=1238) to work on /home/airflow/.local/lib/python3.6/site-packages/airflow/example_dags/example_nested_branch_dag.py
[2024-01-04 08:55:26,947] {processor.py:613} INFO - Processing file /home/airflow/.local/lib/python3.6/site-packages/airflow/example_dags/example_nested_branch_dag.py for tasks to queue
[2024-01-04 08:55:26,948] {logging_mixin.py:109} INFO - [2024-01-04 08:55:26,948] {dagbag.py:496} INFO - Filling up the DagBag from /home/airflow/.local/lib/python3.6/site-packages/airflow/example_dags/example_nested_branch_dag.py
[2024-01-04 08:55:26,971] {processor.py:623} INFO - DAG(s) dict_keys(['example_nested_branch_dag']) retrieved from /home/airflow/.local/lib/python3.6/site-packages/airflow/example_dags/example_nested_branch_dag.py
[2024-01-04 08:55:27,011] {logging_mixin.py:109} INFO - [2024-01-04 08:55:27,010] {dag.py:1834} INFO - Sync 1 DAGs
[2024-01-04 08:55:27,035] {logging_mixin.py:109} INFO - [2024-01-04 08:55:27,035] {dag.py:2287} INFO - Setting next_dagrun for example_nested_branch_dag to 2024-01-02 00:00:00+00:00
[2024-01-04 08:55:27,053] {processor.py:170} INFO - Processing /home/airflow/.local/lib/python3.6/site-packages/airflow/example_dags/example_nested_branch_dag.py took 0.113 seconds
[2024-01-04 08:55:57,080] {processor.py:162} INFO - Started process (PID=1421) to work on /home/airflow/.local/lib/python3.6/site-packages/airflow/example_dags/example_nested_branch_dag.py
[2024-01-04 08:55:57,082] {processor.py:613} INFO - Processing file /home/airflow/.local/lib/python3.6/site-packages/airflow/example_dags/example_nested_branch_dag.py for tasks to queue
[2024-01-04 08:55:57,083] {logging_mixin.py:109} INFO - [2024-01-04 08:55:57,083] {dagbag.py:496} INFO - Filling up the DagBag from /home/airflow/.local/lib/python3.6/site-packages/airflow/example_dags/example_nested_branch_dag.py
[2024-01-04 08:55:57,097] {processor.py:623} INFO - DAG(s) dict_keys(['example_nested_branch_dag']) retrieved from /home/airflow/.local/lib/python3.6/site-packages/airflow/example_dags/example_nested_branch_dag.py
[2024-01-04 08:55:57,122] {logging_mixin.py:109} INFO - [2024-01-04 08:55:57,122] {dag.py:1834} INFO - Sync 1 DAGs
[2024-01-04 08:55:57,141] {logging_mixin.py:109} INFO - [2024-01-04 08:55:57,140] {dag.py:2287} INFO - Setting next_dagrun for example_nested_branch_dag to 2024-01-02 00:00:00+00:00
[2024-01-04 08:55:57,154] {processor.py:170} INFO - Processing /home/airflow/.local/lib/python3.6/site-packages/airflow/example_dags/example_nested_branch_dag.py took 0.077 seconds
