[2024-01-04 07:52:57,631] {processor.py:162} INFO - Started process (PID=317) to work on /home/airflow/.local/lib/python3.6/site-packages/airflow/example_dags/example_latest_only_with_trigger.py
[2024-01-04 07:52:57,631] {processor.py:613} INFO - Processing file /home/airflow/.local/lib/python3.6/site-packages/airflow/example_dags/example_latest_only_with_trigger.py for tasks to queue
[2024-01-04 07:52:57,632] {logging_mixin.py:109} INFO - [2024-01-04 07:52:57,632] {dagbag.py:496} INFO - Filling up the DagBag from /home/airflow/.local/lib/python3.6/site-packages/airflow/example_dags/example_latest_only_with_trigger.py
[2024-01-04 07:52:57,640] {processor.py:623} INFO - DAG(s) dict_keys(['latest_only_with_trigger']) retrieved from /home/airflow/.local/lib/python3.6/site-packages/airflow/example_dags/example_latest_only_with_trigger.py
[2024-01-04 07:52:57,797] {logging_mixin.py:109} INFO - [2024-01-04 07:52:57,797] {dag.py:1834} INFO - Sync 1 DAGs
[2024-01-04 07:52:57,807] {logging_mixin.py:109} INFO - [2024-01-04 07:52:57,807] {dag.py:2287} INFO - Setting next_dagrun for latest_only_with_trigger to 2024-01-02 00:00:00+00:00
[2024-01-04 07:52:57,819] {processor.py:170} INFO - Processing /home/airflow/.local/lib/python3.6/site-packages/airflow/example_dags/example_latest_only_with_trigger.py took 0.191 seconds
[2024-01-04 07:53:27,881] {processor.py:162} INFO - Started process (PID=514) to work on /home/airflow/.local/lib/python3.6/site-packages/airflow/example_dags/example_latest_only_with_trigger.py
[2024-01-04 07:53:27,883] {processor.py:613} INFO - Processing file /home/airflow/.local/lib/python3.6/site-packages/airflow/example_dags/example_latest_only_with_trigger.py for tasks to queue
[2024-01-04 07:53:27,883] {logging_mixin.py:109} INFO - [2024-01-04 07:53:27,883] {dagbag.py:496} INFO - Filling up the DagBag from /home/airflow/.local/lib/python3.6/site-packages/airflow/example_dags/example_latest_only_with_trigger.py
[2024-01-04 07:53:27,890] {processor.py:623} INFO - DAG(s) dict_keys(['latest_only_with_trigger']) retrieved from /home/airflow/.local/lib/python3.6/site-packages/airflow/example_dags/example_latest_only_with_trigger.py
[2024-01-04 07:53:27,908] {logging_mixin.py:109} INFO - [2024-01-04 07:53:27,908] {dag.py:1834} INFO - Sync 1 DAGs
[2024-01-04 07:53:27,919] {logging_mixin.py:109} INFO - [2024-01-04 07:53:27,919] {dag.py:2287} INFO - Setting next_dagrun for latest_only_with_trigger to 2024-01-02 00:00:00+00:00
[2024-01-04 07:53:27,929] {processor.py:170} INFO - Processing /home/airflow/.local/lib/python3.6/site-packages/airflow/example_dags/example_latest_only_with_trigger.py took 0.049 seconds
[2024-01-04 07:53:58,784] {processor.py:162} INFO - Started process (PID=781) to work on /home/airflow/.local/lib/python3.6/site-packages/airflow/example_dags/example_latest_only_with_trigger.py
[2024-01-04 07:53:58,785] {processor.py:613} INFO - Processing file /home/airflow/.local/lib/python3.6/site-packages/airflow/example_dags/example_latest_only_with_trigger.py for tasks to queue
[2024-01-04 07:53:58,785] {logging_mixin.py:109} INFO - [2024-01-04 07:53:58,785] {dagbag.py:496} INFO - Filling up the DagBag from /home/airflow/.local/lib/python3.6/site-packages/airflow/example_dags/example_latest_only_with_trigger.py
[2024-01-04 07:53:58,794] {processor.py:623} INFO - DAG(s) dict_keys(['latest_only_with_trigger']) retrieved from /home/airflow/.local/lib/python3.6/site-packages/airflow/example_dags/example_latest_only_with_trigger.py
[2024-01-04 07:53:58,815] {logging_mixin.py:109} INFO - [2024-01-04 07:53:58,815] {dag.py:1834} INFO - Sync 1 DAGs
[2024-01-04 07:53:58,827] {logging_mixin.py:109} INFO - [2024-01-04 07:53:58,827] {dag.py:2287} INFO - Setting next_dagrun for latest_only_with_trigger to 2024-01-02 00:00:00+00:00
[2024-01-04 07:53:58,837] {processor.py:170} INFO - Processing /home/airflow/.local/lib/python3.6/site-packages/airflow/example_dags/example_latest_only_with_trigger.py took 0.056 seconds
[2024-01-04 07:54:29,621] {processor.py:162} INFO - Started process (PID=1048) to work on /home/airflow/.local/lib/python3.6/site-packages/airflow/example_dags/example_latest_only_with_trigger.py
[2024-01-04 07:54:29,622] {processor.py:613} INFO - Processing file /home/airflow/.local/lib/python3.6/site-packages/airflow/example_dags/example_latest_only_with_trigger.py for tasks to queue
[2024-01-04 07:54:29,623] {logging_mixin.py:109} INFO - [2024-01-04 07:54:29,623] {dagbag.py:496} INFO - Filling up the DagBag from /home/airflow/.local/lib/python3.6/site-packages/airflow/example_dags/example_latest_only_with_trigger.py
[2024-01-04 07:54:29,633] {processor.py:623} INFO - DAG(s) dict_keys(['latest_only_with_trigger']) retrieved from /home/airflow/.local/lib/python3.6/site-packages/airflow/example_dags/example_latest_only_with_trigger.py
[2024-01-04 07:54:29,652] {logging_mixin.py:109} INFO - [2024-01-04 07:54:29,652] {dag.py:1834} INFO - Sync 1 DAGs
[2024-01-04 07:54:29,662] {logging_mixin.py:109} INFO - [2024-01-04 07:54:29,662] {dag.py:2287} INFO - Setting next_dagrun for latest_only_with_trigger to 2024-01-02 00:00:00+00:00
[2024-01-04 07:54:29,672] {processor.py:170} INFO - Processing /home/airflow/.local/lib/python3.6/site-packages/airflow/example_dags/example_latest_only_with_trigger.py took 0.053 seconds
[2024-01-04 07:55:00,218] {processor.py:162} INFO - Started process (PID=1253) to work on /home/airflow/.local/lib/python3.6/site-packages/airflow/example_dags/example_latest_only_with_trigger.py
[2024-01-04 07:55:00,220] {processor.py:613} INFO - Processing file /home/airflow/.local/lib/python3.6/site-packages/airflow/example_dags/example_latest_only_with_trigger.py for tasks to queue
[2024-01-04 07:55:00,220] {logging_mixin.py:109} INFO - [2024-01-04 07:55:00,220] {dagbag.py:496} INFO - Filling up the DagBag from /home/airflow/.local/lib/python3.6/site-packages/airflow/example_dags/example_latest_only_with_trigger.py
[2024-01-04 07:55:00,228] {processor.py:623} INFO - DAG(s) dict_keys(['latest_only_with_trigger']) retrieved from /home/airflow/.local/lib/python3.6/site-packages/airflow/example_dags/example_latest_only_with_trigger.py
[2024-01-04 07:55:00,246] {logging_mixin.py:109} INFO - [2024-01-04 07:55:00,246] {dag.py:1834} INFO - Sync 1 DAGs
[2024-01-04 07:55:00,258] {logging_mixin.py:109} INFO - [2024-01-04 07:55:00,258] {dag.py:2287} INFO - Setting next_dagrun for latest_only_with_trigger to 2024-01-02 00:00:00+00:00
[2024-01-04 07:55:00,268] {processor.py:170} INFO - Processing /home/airflow/.local/lib/python3.6/site-packages/airflow/example_dags/example_latest_only_with_trigger.py took 0.051 seconds
[2024-01-04 07:55:30,773] {processor.py:162} INFO - Started process (PID=1458) to work on /home/airflow/.local/lib/python3.6/site-packages/airflow/example_dags/example_latest_only_with_trigger.py
[2024-01-04 07:55:30,774] {processor.py:613} INFO - Processing file /home/airflow/.local/lib/python3.6/site-packages/airflow/example_dags/example_latest_only_with_trigger.py for tasks to queue
[2024-01-04 07:55:30,775] {logging_mixin.py:109} INFO - [2024-01-04 07:55:30,775] {dagbag.py:496} INFO - Filling up the DagBag from /home/airflow/.local/lib/python3.6/site-packages/airflow/example_dags/example_latest_only_with_trigger.py
[2024-01-04 07:55:30,783] {processor.py:623} INFO - DAG(s) dict_keys(['latest_only_with_trigger']) retrieved from /home/airflow/.local/lib/python3.6/site-packages/airflow/example_dags/example_latest_only_with_trigger.py
[2024-01-04 07:55:30,798] {logging_mixin.py:109} INFO - [2024-01-04 07:55:30,798] {dag.py:1834} INFO - Sync 1 DAGs
[2024-01-04 07:55:30,808] {logging_mixin.py:109} INFO - [2024-01-04 07:55:30,808] {dag.py:2287} INFO - Setting next_dagrun for latest_only_with_trigger to 2024-01-02 00:00:00+00:00
[2024-01-04 07:55:30,818] {processor.py:170} INFO - Processing /home/airflow/.local/lib/python3.6/site-packages/airflow/example_dags/example_latest_only_with_trigger.py took 0.048 seconds
[2024-01-04 08:53:21,426] {processor.py:162} INFO - Started process (PID=351) to work on /home/airflow/.local/lib/python3.6/site-packages/airflow/example_dags/example_latest_only_with_trigger.py
[2024-01-04 08:53:21,429] {processor.py:613} INFO - Processing file /home/airflow/.local/lib/python3.6/site-packages/airflow/example_dags/example_latest_only_with_trigger.py for tasks to queue
[2024-01-04 08:53:21,430] {logging_mixin.py:109} INFO - [2024-01-04 08:53:21,430] {dagbag.py:496} INFO - Filling up the DagBag from /home/airflow/.local/lib/python3.6/site-packages/airflow/example_dags/example_latest_only_with_trigger.py
[2024-01-04 08:53:21,453] {processor.py:623} INFO - DAG(s) dict_keys(['latest_only_with_trigger']) retrieved from /home/airflow/.local/lib/python3.6/site-packages/airflow/example_dags/example_latest_only_with_trigger.py
[2024-01-04 08:53:21,498] {logging_mixin.py:109} INFO - [2024-01-04 08:53:21,497] {dag.py:1834} INFO - Sync 1 DAGs
[2024-01-04 08:53:21,584] {logging_mixin.py:109} INFO - [2024-01-04 08:53:21,584] {dag.py:2287} INFO - Setting next_dagrun for latest_only_with_trigger to 2024-01-02 00:00:00+00:00
[2024-01-04 08:53:21,605] {processor.py:170} INFO - Processing /home/airflow/.local/lib/python3.6/site-packages/airflow/example_dags/example_latest_only_with_trigger.py took 0.183 seconds
[2024-01-04 08:53:56,255] {processor.py:162} INFO - Started process (PID=608) to work on /home/airflow/.local/lib/python3.6/site-packages/airflow/example_dags/example_latest_only_with_trigger.py
[2024-01-04 08:53:56,259] {processor.py:613} INFO - Processing file /home/airflow/.local/lib/python3.6/site-packages/airflow/example_dags/example_latest_only_with_trigger.py for tasks to queue
[2024-01-04 08:53:56,261] {logging_mixin.py:109} INFO - [2024-01-04 08:53:56,260] {dagbag.py:496} INFO - Filling up the DagBag from /home/airflow/.local/lib/python3.6/site-packages/airflow/example_dags/example_latest_only_with_trigger.py
[2024-01-04 08:53:56,296] {processor.py:623} INFO - DAG(s) dict_keys(['latest_only_with_trigger']) retrieved from /home/airflow/.local/lib/python3.6/site-packages/airflow/example_dags/example_latest_only_with_trigger.py
[2024-01-04 08:53:56,365] {logging_mixin.py:109} INFO - [2024-01-04 08:53:56,365] {dag.py:1834} INFO - Sync 1 DAGs
[2024-01-04 08:53:56,398] {logging_mixin.py:109} INFO - [2024-01-04 08:53:56,398] {dag.py:2287} INFO - Setting next_dagrun for latest_only_with_trigger to 2024-01-02 00:00:00+00:00
[2024-01-04 08:53:56,436] {processor.py:170} INFO - Processing /home/airflow/.local/lib/python3.6/site-packages/airflow/example_dags/example_latest_only_with_trigger.py took 0.191 seconds
[2024-01-04 08:54:27,003] {processor.py:162} INFO - Started process (PID=888) to work on /home/airflow/.local/lib/python3.6/site-packages/airflow/example_dags/example_latest_only_with_trigger.py
[2024-01-04 08:54:27,005] {processor.py:613} INFO - Processing file /home/airflow/.local/lib/python3.6/site-packages/airflow/example_dags/example_latest_only_with_trigger.py for tasks to queue
[2024-01-04 08:54:27,006] {logging_mixin.py:109} INFO - [2024-01-04 08:54:27,005] {dagbag.py:496} INFO - Filling up the DagBag from /home/airflow/.local/lib/python3.6/site-packages/airflow/example_dags/example_latest_only_with_trigger.py
[2024-01-04 08:54:27,021] {processor.py:623} INFO - DAG(s) dict_keys(['latest_only_with_trigger']) retrieved from /home/airflow/.local/lib/python3.6/site-packages/airflow/example_dags/example_latest_only_with_trigger.py
[2024-01-04 08:54:27,051] {logging_mixin.py:109} INFO - [2024-01-04 08:54:27,051] {dag.py:1834} INFO - Sync 1 DAGs
[2024-01-04 08:54:27,067] {logging_mixin.py:109} INFO - [2024-01-04 08:54:27,067] {dag.py:2287} INFO - Setting next_dagrun for latest_only_with_trigger to 2024-01-02 00:00:00+00:00
[2024-01-04 08:54:27,085] {processor.py:170} INFO - Processing /home/airflow/.local/lib/python3.6/site-packages/airflow/example_dags/example_latest_only_with_trigger.py took 0.086 seconds
[2024-01-04 08:54:57,927] {processor.py:162} INFO - Started process (PID=1085) to work on /home/airflow/.local/lib/python3.6/site-packages/airflow/example_dags/example_latest_only_with_trigger.py
[2024-01-04 08:54:57,928] {processor.py:613} INFO - Processing file /home/airflow/.local/lib/python3.6/site-packages/airflow/example_dags/example_latest_only_with_trigger.py for tasks to queue
[2024-01-04 08:54:57,929] {logging_mixin.py:109} INFO - [2024-01-04 08:54:57,929] {dagbag.py:496} INFO - Filling up the DagBag from /home/airflow/.local/lib/python3.6/site-packages/airflow/example_dags/example_latest_only_with_trigger.py
[2024-01-04 08:54:57,946] {processor.py:623} INFO - DAG(s) dict_keys(['latest_only_with_trigger']) retrieved from /home/airflow/.local/lib/python3.6/site-packages/airflow/example_dags/example_latest_only_with_trigger.py
[2024-01-04 08:54:57,978] {logging_mixin.py:109} INFO - [2024-01-04 08:54:57,978] {dag.py:1834} INFO - Sync 1 DAGs
[2024-01-04 08:54:57,997] {logging_mixin.py:109} INFO - [2024-01-04 08:54:57,997] {dag.py:2287} INFO - Setting next_dagrun for latest_only_with_trigger to 2024-01-02 00:00:00+00:00
[2024-01-04 08:54:58,015] {processor.py:170} INFO - Processing /home/airflow/.local/lib/python3.6/site-packages/airflow/example_dags/example_latest_only_with_trigger.py took 0.091 seconds
[2024-01-04 08:55:28,297] {processor.py:162} INFO - Started process (PID=1287) to work on /home/airflow/.local/lib/python3.6/site-packages/airflow/example_dags/example_latest_only_with_trigger.py
[2024-01-04 08:55:28,299] {processor.py:613} INFO - Processing file /home/airflow/.local/lib/python3.6/site-packages/airflow/example_dags/example_latest_only_with_trigger.py for tasks to queue
[2024-01-04 08:55:28,300] {logging_mixin.py:109} INFO - [2024-01-04 08:55:28,299] {dagbag.py:496} INFO - Filling up the DagBag from /home/airflow/.local/lib/python3.6/site-packages/airflow/example_dags/example_latest_only_with_trigger.py
[2024-01-04 08:55:28,311] {processor.py:623} INFO - DAG(s) dict_keys(['latest_only_with_trigger']) retrieved from /home/airflow/.local/lib/python3.6/site-packages/airflow/example_dags/example_latest_only_with_trigger.py
[2024-01-04 08:55:28,337] {logging_mixin.py:109} INFO - [2024-01-04 08:55:28,337] {dag.py:1834} INFO - Sync 1 DAGs
[2024-01-04 08:55:28,354] {logging_mixin.py:109} INFO - [2024-01-04 08:55:28,353] {dag.py:2287} INFO - Setting next_dagrun for latest_only_with_trigger to 2024-01-02 00:00:00+00:00
[2024-01-04 08:55:28,371] {processor.py:170} INFO - Processing /home/airflow/.local/lib/python3.6/site-packages/airflow/example_dags/example_latest_only_with_trigger.py took 0.076 seconds
