[2024-01-04 07:52:57,526] {processor.py:162} INFO - Started process (PID=312) to work on /home/airflow/.local/lib/python3.6/site-packages/airflow/example_dags/example_trigger_controller_dag.py
[2024-01-04 07:52:57,527] {processor.py:613} INFO - Processing file /home/airflow/.local/lib/python3.6/site-packages/airflow/example_dags/example_trigger_controller_dag.py for tasks to queue
[2024-01-04 07:52:57,528] {logging_mixin.py:109} INFO - [2024-01-04 07:52:57,528] {dagbag.py:496} INFO - Filling up the DagBag from /home/airflow/.local/lib/python3.6/site-packages/airflow/example_dags/example_trigger_controller_dag.py
[2024-01-04 07:52:57,545] {processor.py:623} INFO - DAG(s) dict_keys(['example_trigger_controller_dag']) retrieved from /home/airflow/.local/lib/python3.6/site-packages/airflow/example_dags/example_trigger_controller_dag.py
[2024-01-04 07:52:57,707] {logging_mixin.py:109} INFO - [2024-01-04 07:52:57,707] {dag.py:1834} INFO - Sync 1 DAGs
[2024-01-04 07:52:57,724] {logging_mixin.py:109} INFO - [2024-01-04 07:52:57,724] {dag.py:2287} INFO - Setting next_dagrun for example_trigger_controller_dag to 2024-01-02 00:00:00+00:00
[2024-01-04 07:52:57,742] {processor.py:170} INFO - Processing /home/airflow/.local/lib/python3.6/site-packages/airflow/example_dags/example_trigger_controller_dag.py took 0.218 seconds
[2024-01-04 07:53:27,821] {processor.py:162} INFO - Started process (PID=509) to work on /home/airflow/.local/lib/python3.6/site-packages/airflow/example_dags/example_trigger_controller_dag.py
[2024-01-04 07:53:27,823] {processor.py:613} INFO - Processing file /home/airflow/.local/lib/python3.6/site-packages/airflow/example_dags/example_trigger_controller_dag.py for tasks to queue
[2024-01-04 07:53:27,824] {logging_mixin.py:109} INFO - [2024-01-04 07:53:27,824] {dagbag.py:496} INFO - Filling up the DagBag from /home/airflow/.local/lib/python3.6/site-packages/airflow/example_dags/example_trigger_controller_dag.py
[2024-01-04 07:53:27,831] {processor.py:623} INFO - DAG(s) dict_keys(['example_trigger_controller_dag']) retrieved from /home/airflow/.local/lib/python3.6/site-packages/airflow/example_dags/example_trigger_controller_dag.py
[2024-01-04 07:53:27,847] {logging_mixin.py:109} INFO - [2024-01-04 07:53:27,847] {dag.py:1834} INFO - Sync 1 DAGs
[2024-01-04 07:53:27,856] {logging_mixin.py:109} INFO - [2024-01-04 07:53:27,856] {dag.py:2287} INFO - Setting next_dagrun for example_trigger_controller_dag to 2024-01-02 00:00:00+00:00
[2024-01-04 07:53:27,865] {processor.py:170} INFO - Processing /home/airflow/.local/lib/python3.6/site-packages/airflow/example_dags/example_trigger_controller_dag.py took 0.046 seconds
[2024-01-04 07:53:58,714] {processor.py:162} INFO - Started process (PID=776) to work on /home/airflow/.local/lib/python3.6/site-packages/airflow/example_dags/example_trigger_controller_dag.py
[2024-01-04 07:53:58,716] {processor.py:613} INFO - Processing file /home/airflow/.local/lib/python3.6/site-packages/airflow/example_dags/example_trigger_controller_dag.py for tasks to queue
[2024-01-04 07:53:58,716] {logging_mixin.py:109} INFO - [2024-01-04 07:53:58,716] {dagbag.py:496} INFO - Filling up the DagBag from /home/airflow/.local/lib/python3.6/site-packages/airflow/example_dags/example_trigger_controller_dag.py
[2024-01-04 07:53:58,725] {processor.py:623} INFO - DAG(s) dict_keys(['example_trigger_controller_dag']) retrieved from /home/airflow/.local/lib/python3.6/site-packages/airflow/example_dags/example_trigger_controller_dag.py
[2024-01-04 07:53:58,745] {logging_mixin.py:109} INFO - [2024-01-04 07:53:58,745] {dag.py:1834} INFO - Sync 1 DAGs
[2024-01-04 07:53:58,755] {logging_mixin.py:109} INFO - [2024-01-04 07:53:58,755] {dag.py:2287} INFO - Setting next_dagrun for example_trigger_controller_dag to 2024-01-02 00:00:00+00:00
[2024-01-04 07:53:58,766] {processor.py:170} INFO - Processing /home/airflow/.local/lib/python3.6/site-packages/airflow/example_dags/example_trigger_controller_dag.py took 0.055 seconds
[2024-01-04 07:54:29,559] {processor.py:162} INFO - Started process (PID=1043) to work on /home/airflow/.local/lib/python3.6/site-packages/airflow/example_dags/example_trigger_controller_dag.py
[2024-01-04 07:54:29,560] {processor.py:613} INFO - Processing file /home/airflow/.local/lib/python3.6/site-packages/airflow/example_dags/example_trigger_controller_dag.py for tasks to queue
[2024-01-04 07:54:29,561] {logging_mixin.py:109} INFO - [2024-01-04 07:54:29,561] {dagbag.py:496} INFO - Filling up the DagBag from /home/airflow/.local/lib/python3.6/site-packages/airflow/example_dags/example_trigger_controller_dag.py
[2024-01-04 07:54:29,568] {processor.py:623} INFO - DAG(s) dict_keys(['example_trigger_controller_dag']) retrieved from /home/airflow/.local/lib/python3.6/site-packages/airflow/example_dags/example_trigger_controller_dag.py
[2024-01-04 07:54:29,583] {logging_mixin.py:109} INFO - [2024-01-04 07:54:29,583] {dag.py:1834} INFO - Sync 1 DAGs
[2024-01-04 07:54:29,594] {logging_mixin.py:109} INFO - [2024-01-04 07:54:29,594] {dag.py:2287} INFO - Setting next_dagrun for example_trigger_controller_dag to 2024-01-02 00:00:00+00:00
[2024-01-04 07:54:29,604] {processor.py:170} INFO - Processing /home/airflow/.local/lib/python3.6/site-packages/airflow/example_dags/example_trigger_controller_dag.py took 0.047 seconds
[2024-01-04 07:55:00,153] {processor.py:162} INFO - Started process (PID=1248) to work on /home/airflow/.local/lib/python3.6/site-packages/airflow/example_dags/example_trigger_controller_dag.py
[2024-01-04 07:55:00,154] {processor.py:613} INFO - Processing file /home/airflow/.local/lib/python3.6/site-packages/airflow/example_dags/example_trigger_controller_dag.py for tasks to queue
[2024-01-04 07:55:00,155] {logging_mixin.py:109} INFO - [2024-01-04 07:55:00,155] {dagbag.py:496} INFO - Filling up the DagBag from /home/airflow/.local/lib/python3.6/site-packages/airflow/example_dags/example_trigger_controller_dag.py
[2024-01-04 07:55:00,162] {processor.py:623} INFO - DAG(s) dict_keys(['example_trigger_controller_dag']) retrieved from /home/airflow/.local/lib/python3.6/site-packages/airflow/example_dags/example_trigger_controller_dag.py
[2024-01-04 07:55:00,180] {logging_mixin.py:109} INFO - [2024-01-04 07:55:00,180] {dag.py:1834} INFO - Sync 1 DAGs
[2024-01-04 07:55:00,191] {logging_mixin.py:109} INFO - [2024-01-04 07:55:00,191] {dag.py:2287} INFO - Setting next_dagrun for example_trigger_controller_dag to 2024-01-02 00:00:00+00:00
[2024-01-04 07:55:00,202] {processor.py:170} INFO - Processing /home/airflow/.local/lib/python3.6/site-packages/airflow/example_dags/example_trigger_controller_dag.py took 0.050 seconds
[2024-01-04 07:55:30,712] {processor.py:162} INFO - Started process (PID=1453) to work on /home/airflow/.local/lib/python3.6/site-packages/airflow/example_dags/example_trigger_controller_dag.py
[2024-01-04 07:55:30,714] {processor.py:613} INFO - Processing file /home/airflow/.local/lib/python3.6/site-packages/airflow/example_dags/example_trigger_controller_dag.py for tasks to queue
[2024-01-04 07:55:30,714] {logging_mixin.py:109} INFO - [2024-01-04 07:55:30,714] {dagbag.py:496} INFO - Filling up the DagBag from /home/airflow/.local/lib/python3.6/site-packages/airflow/example_dags/example_trigger_controller_dag.py
[2024-01-04 07:55:30,721] {processor.py:623} INFO - DAG(s) dict_keys(['example_trigger_controller_dag']) retrieved from /home/airflow/.local/lib/python3.6/site-packages/airflow/example_dags/example_trigger_controller_dag.py
[2024-01-04 07:55:30,736] {logging_mixin.py:109} INFO - [2024-01-04 07:55:30,736] {dag.py:1834} INFO - Sync 1 DAGs
[2024-01-04 07:55:30,747] {logging_mixin.py:109} INFO - [2024-01-04 07:55:30,747] {dag.py:2287} INFO - Setting next_dagrun for example_trigger_controller_dag to 2024-01-02 00:00:00+00:00
[2024-01-04 07:55:30,757] {processor.py:170} INFO - Processing /home/airflow/.local/lib/python3.6/site-packages/airflow/example_dags/example_trigger_controller_dag.py took 0.046 seconds
[2024-01-04 08:53:21,248] {processor.py:162} INFO - Started process (PID=346) to work on /home/airflow/.local/lib/python3.6/site-packages/airflow/example_dags/example_trigger_controller_dag.py
[2024-01-04 08:53:21,250] {processor.py:613} INFO - Processing file /home/airflow/.local/lib/python3.6/site-packages/airflow/example_dags/example_trigger_controller_dag.py for tasks to queue
[2024-01-04 08:53:21,251] {logging_mixin.py:109} INFO - [2024-01-04 08:53:21,251] {dagbag.py:496} INFO - Filling up the DagBag from /home/airflow/.local/lib/python3.6/site-packages/airflow/example_dags/example_trigger_controller_dag.py
[2024-01-04 08:53:21,265] {processor.py:623} INFO - DAG(s) dict_keys(['example_trigger_controller_dag']) retrieved from /home/airflow/.local/lib/python3.6/site-packages/airflow/example_dags/example_trigger_controller_dag.py
[2024-01-04 08:53:21,300] {logging_mixin.py:109} INFO - [2024-01-04 08:53:21,299] {dag.py:1834} INFO - Sync 1 DAGs
[2024-01-04 08:53:21,350] {logging_mixin.py:109} INFO - [2024-01-04 08:53:21,349] {dag.py:2287} INFO - Setting next_dagrun for example_trigger_controller_dag to 2024-01-02 00:00:00+00:00
[2024-01-04 08:53:21,393] {processor.py:170} INFO - Processing /home/airflow/.local/lib/python3.6/site-packages/airflow/example_dags/example_trigger_controller_dag.py took 0.149 seconds
[2024-01-04 08:53:55,970] {processor.py:162} INFO - Started process (PID=603) to work on /home/airflow/.local/lib/python3.6/site-packages/airflow/example_dags/example_trigger_controller_dag.py
[2024-01-04 08:53:55,973] {processor.py:613} INFO - Processing file /home/airflow/.local/lib/python3.6/site-packages/airflow/example_dags/example_trigger_controller_dag.py for tasks to queue
[2024-01-04 08:53:55,975] {logging_mixin.py:109} INFO - [2024-01-04 08:53:55,975] {dagbag.py:496} INFO - Filling up the DagBag from /home/airflow/.local/lib/python3.6/site-packages/airflow/example_dags/example_trigger_controller_dag.py
[2024-01-04 08:53:56,010] {processor.py:623} INFO - DAG(s) dict_keys(['example_trigger_controller_dag']) retrieved from /home/airflow/.local/lib/python3.6/site-packages/airflow/example_dags/example_trigger_controller_dag.py
[2024-01-04 08:53:56,071] {logging_mixin.py:109} INFO - [2024-01-04 08:53:56,071] {dag.py:1834} INFO - Sync 1 DAGs
[2024-01-04 08:53:56,102] {logging_mixin.py:109} INFO - [2024-01-04 08:53:56,102] {dag.py:2287} INFO - Setting next_dagrun for example_trigger_controller_dag to 2024-01-02 00:00:00+00:00
[2024-01-04 08:53:56,201] {processor.py:170} INFO - Processing /home/airflow/.local/lib/python3.6/site-packages/airflow/example_dags/example_trigger_controller_dag.py took 0.240 seconds
[2024-01-04 08:54:26,899] {processor.py:162} INFO - Started process (PID=883) to work on /home/airflow/.local/lib/python3.6/site-packages/airflow/example_dags/example_trigger_controller_dag.py
[2024-01-04 08:54:26,901] {processor.py:613} INFO - Processing file /home/airflow/.local/lib/python3.6/site-packages/airflow/example_dags/example_trigger_controller_dag.py for tasks to queue
[2024-01-04 08:54:26,902] {logging_mixin.py:109} INFO - [2024-01-04 08:54:26,902] {dagbag.py:496} INFO - Filling up the DagBag from /home/airflow/.local/lib/python3.6/site-packages/airflow/example_dags/example_trigger_controller_dag.py
[2024-01-04 08:54:26,915] {processor.py:623} INFO - DAG(s) dict_keys(['example_trigger_controller_dag']) retrieved from /home/airflow/.local/lib/python3.6/site-packages/airflow/example_dags/example_trigger_controller_dag.py
[2024-01-04 08:54:26,942] {logging_mixin.py:109} INFO - [2024-01-04 08:54:26,942] {dag.py:1834} INFO - Sync 1 DAGs
[2024-01-04 08:54:26,961] {logging_mixin.py:109} INFO - [2024-01-04 08:54:26,961] {dag.py:2287} INFO - Setting next_dagrun for example_trigger_controller_dag to 2024-01-02 00:00:00+00:00
[2024-01-04 08:54:26,977] {processor.py:170} INFO - Processing /home/airflow/.local/lib/python3.6/site-packages/airflow/example_dags/example_trigger_controller_dag.py took 0.081 seconds
[2024-01-04 08:54:57,474] {processor.py:162} INFO - Started process (PID=1073) to work on /home/airflow/.local/lib/python3.6/site-packages/airflow/example_dags/example_trigger_controller_dag.py
[2024-01-04 08:54:57,475] {processor.py:613} INFO - Processing file /home/airflow/.local/lib/python3.6/site-packages/airflow/example_dags/example_trigger_controller_dag.py for tasks to queue
[2024-01-04 08:54:57,476] {logging_mixin.py:109} INFO - [2024-01-04 08:54:57,475] {dagbag.py:496} INFO - Filling up the DagBag from /home/airflow/.local/lib/python3.6/site-packages/airflow/example_dags/example_trigger_controller_dag.py
[2024-01-04 08:54:57,487] {processor.py:623} INFO - DAG(s) dict_keys(['example_trigger_controller_dag']) retrieved from /home/airflow/.local/lib/python3.6/site-packages/airflow/example_dags/example_trigger_controller_dag.py
[2024-01-04 08:54:57,519] {logging_mixin.py:109} INFO - [2024-01-04 08:54:57,519] {dag.py:1834} INFO - Sync 1 DAGs
[2024-01-04 08:54:57,539] {logging_mixin.py:109} INFO - [2024-01-04 08:54:57,538] {dag.py:2287} INFO - Setting next_dagrun for example_trigger_controller_dag to 2024-01-02 00:00:00+00:00
[2024-01-04 08:54:57,556] {processor.py:170} INFO - Processing /home/airflow/.local/lib/python3.6/site-packages/airflow/example_dags/example_trigger_controller_dag.py took 0.085 seconds
[2024-01-04 08:55:28,210] {processor.py:162} INFO - Started process (PID=1282) to work on /home/airflow/.local/lib/python3.6/site-packages/airflow/example_dags/example_trigger_controller_dag.py
[2024-01-04 08:55:28,212] {processor.py:613} INFO - Processing file /home/airflow/.local/lib/python3.6/site-packages/airflow/example_dags/example_trigger_controller_dag.py for tasks to queue
[2024-01-04 08:55:28,213] {logging_mixin.py:109} INFO - [2024-01-04 08:55:28,213] {dagbag.py:496} INFO - Filling up the DagBag from /home/airflow/.local/lib/python3.6/site-packages/airflow/example_dags/example_trigger_controller_dag.py
[2024-01-04 08:55:28,224] {processor.py:623} INFO - DAG(s) dict_keys(['example_trigger_controller_dag']) retrieved from /home/airflow/.local/lib/python3.6/site-packages/airflow/example_dags/example_trigger_controller_dag.py
[2024-01-04 08:55:28,249] {logging_mixin.py:109} INFO - [2024-01-04 08:55:28,248] {dag.py:1834} INFO - Sync 1 DAGs
[2024-01-04 08:55:28,263] {logging_mixin.py:109} INFO - [2024-01-04 08:55:28,263] {dag.py:2287} INFO - Setting next_dagrun for example_trigger_controller_dag to 2024-01-02 00:00:00+00:00
[2024-01-04 08:55:28,276] {processor.py:170} INFO - Processing /home/airflow/.local/lib/python3.6/site-packages/airflow/example_dags/example_trigger_controller_dag.py took 0.070 seconds
