[2024-01-04 07:52:56,984] {processor.py:162} INFO - Started process (PID=292) to work on /home/airflow/.local/lib/python3.6/site-packages/airflow/example_dags/example_bash_operator.py
[2024-01-04 07:52:56,985] {processor.py:613} INFO - Processing file /home/airflow/.local/lib/python3.6/site-packages/airflow/example_dags/example_bash_operator.py for tasks to queue
[2024-01-04 07:52:56,986] {logging_mixin.py:109} INFO - [2024-01-04 07:52:56,986] {dagbag.py:496} INFO - Filling up the DagBag from /home/airflow/.local/lib/python3.6/site-packages/airflow/example_dags/example_bash_operator.py
[2024-01-04 07:52:56,996] {processor.py:623} INFO - DAG(s) dict_keys(['example_bash_operator']) retrieved from /home/airflow/.local/lib/python3.6/site-packages/airflow/example_dags/example_bash_operator.py
[2024-01-04 07:52:57,184] {logging_mixin.py:109} INFO - [2024-01-04 07:52:57,184] {dag.py:1834} INFO - Sync 1 DAGs
[2024-01-04 07:52:57,198] {logging_mixin.py:109} INFO - [2024-01-04 07:52:57,197] {dag.py:2287} INFO - Setting next_dagrun for example_bash_operator to 2024-01-02 00:00:00+00:00
[2024-01-04 07:52:57,212] {processor.py:170} INFO - Processing /home/airflow/.local/lib/python3.6/site-packages/airflow/example_dags/example_bash_operator.py took 0.230 seconds
[2024-01-04 07:53:27,442] {processor.py:162} INFO - Started process (PID=487) to work on /home/airflow/.local/lib/python3.6/site-packages/airflow/example_dags/example_bash_operator.py
[2024-01-04 07:53:27,443] {processor.py:613} INFO - Processing file /home/airflow/.local/lib/python3.6/site-packages/airflow/example_dags/example_bash_operator.py for tasks to queue
[2024-01-04 07:53:27,444] {logging_mixin.py:109} INFO - [2024-01-04 07:53:27,444] {dagbag.py:496} INFO - Filling up the DagBag from /home/airflow/.local/lib/python3.6/site-packages/airflow/example_dags/example_bash_operator.py
[2024-01-04 07:53:27,457] {processor.py:623} INFO - DAG(s) dict_keys(['example_bash_operator']) retrieved from /home/airflow/.local/lib/python3.6/site-packages/airflow/example_dags/example_bash_operator.py
[2024-01-04 07:53:27,476] {logging_mixin.py:109} INFO - [2024-01-04 07:53:27,475] {dag.py:1834} INFO - Sync 1 DAGs
[2024-01-04 07:53:27,488] {logging_mixin.py:109} INFO - [2024-01-04 07:53:27,488] {dag.py:2287} INFO - Setting next_dagrun for example_bash_operator to 2024-01-02 00:00:00+00:00
[2024-01-04 07:53:27,498] {processor.py:170} INFO - Processing /home/airflow/.local/lib/python3.6/site-packages/airflow/example_dags/example_bash_operator.py took 0.057 seconds
[2024-01-04 07:53:58,396] {processor.py:162} INFO - Started process (PID=696) to work on /home/airflow/.local/lib/python3.6/site-packages/airflow/example_dags/example_bash_operator.py
[2024-01-04 07:53:58,398] {processor.py:613} INFO - Processing file /home/airflow/.local/lib/python3.6/site-packages/airflow/example_dags/example_bash_operator.py for tasks to queue
[2024-01-04 07:53:58,398] {logging_mixin.py:109} INFO - [2024-01-04 07:53:58,398] {dagbag.py:496} INFO - Filling up the DagBag from /home/airflow/.local/lib/python3.6/site-packages/airflow/example_dags/example_bash_operator.py
[2024-01-04 07:53:58,414] {processor.py:623} INFO - DAG(s) dict_keys(['example_bash_operator']) retrieved from /home/airflow/.local/lib/python3.6/site-packages/airflow/example_dags/example_bash_operator.py
[2024-01-04 07:53:58,435] {logging_mixin.py:109} INFO - [2024-01-04 07:53:58,435] {dag.py:1834} INFO - Sync 1 DAGs
[2024-01-04 07:53:58,450] {logging_mixin.py:109} INFO - [2024-01-04 07:53:58,450] {dag.py:2287} INFO - Setting next_dagrun for example_bash_operator to 2024-01-02 00:00:00+00:00
[2024-01-04 07:53:58,460] {processor.py:170} INFO - Processing /home/airflow/.local/lib/python3.6/site-packages/airflow/example_dags/example_bash_operator.py took 0.067 seconds
[2024-01-04 07:54:29,363] {processor.py:162} INFO - Started process (PID=1023) to work on /home/airflow/.local/lib/python3.6/site-packages/airflow/example_dags/example_bash_operator.py
[2024-01-04 07:54:29,365] {processor.py:613} INFO - Processing file /home/airflow/.local/lib/python3.6/site-packages/airflow/example_dags/example_bash_operator.py for tasks to queue
[2024-01-04 07:54:29,366] {logging_mixin.py:109} INFO - [2024-01-04 07:54:29,366] {dagbag.py:496} INFO - Filling up the DagBag from /home/airflow/.local/lib/python3.6/site-packages/airflow/example_dags/example_bash_operator.py
[2024-01-04 07:54:29,379] {processor.py:623} INFO - DAG(s) dict_keys(['example_bash_operator']) retrieved from /home/airflow/.local/lib/python3.6/site-packages/airflow/example_dags/example_bash_operator.py
[2024-01-04 07:54:29,403] {logging_mixin.py:109} INFO - [2024-01-04 07:54:29,403] {dag.py:1834} INFO - Sync 1 DAGs
[2024-01-04 07:54:29,424] {logging_mixin.py:109} INFO - [2024-01-04 07:54:29,423] {dag.py:2287} INFO - Setting next_dagrun for example_bash_operator to 2024-01-02 00:00:00+00:00
[2024-01-04 07:54:29,437] {processor.py:170} INFO - Processing /home/airflow/.local/lib/python3.6/site-packages/airflow/example_dags/example_bash_operator.py took 0.076 seconds
[2024-01-04 07:55:00,005] {processor.py:162} INFO - Started process (PID=1228) to work on /home/airflow/.local/lib/python3.6/site-packages/airflow/example_dags/example_bash_operator.py
[2024-01-04 07:55:00,006] {processor.py:613} INFO - Processing file /home/airflow/.local/lib/python3.6/site-packages/airflow/example_dags/example_bash_operator.py for tasks to queue
[2024-01-04 07:55:00,006] {logging_mixin.py:109} INFO - [2024-01-04 07:55:00,006] {dagbag.py:496} INFO - Filling up the DagBag from /home/airflow/.local/lib/python3.6/site-packages/airflow/example_dags/example_bash_operator.py
[2024-01-04 07:55:00,018] {processor.py:623} INFO - DAG(s) dict_keys(['example_bash_operator']) retrieved from /home/airflow/.local/lib/python3.6/site-packages/airflow/example_dags/example_bash_operator.py
[2024-01-04 07:55:00,037] {logging_mixin.py:109} INFO - [2024-01-04 07:55:00,037] {dag.py:1834} INFO - Sync 1 DAGs
[2024-01-04 07:55:00,050] {logging_mixin.py:109} INFO - [2024-01-04 07:55:00,050] {dag.py:2287} INFO - Setting next_dagrun for example_bash_operator to 2024-01-02 00:00:00+00:00
[2024-01-04 07:55:00,061] {processor.py:170} INFO - Processing /home/airflow/.local/lib/python3.6/site-packages/airflow/example_dags/example_bash_operator.py took 0.058 seconds
[2024-01-04 07:55:30,519] {processor.py:162} INFO - Started process (PID=1433) to work on /home/airflow/.local/lib/python3.6/site-packages/airflow/example_dags/example_bash_operator.py
[2024-01-04 07:55:30,521] {processor.py:613} INFO - Processing file /home/airflow/.local/lib/python3.6/site-packages/airflow/example_dags/example_bash_operator.py for tasks to queue
[2024-01-04 07:55:30,521] {logging_mixin.py:109} INFO - [2024-01-04 07:55:30,521] {dagbag.py:496} INFO - Filling up the DagBag from /home/airflow/.local/lib/python3.6/site-packages/airflow/example_dags/example_bash_operator.py
[2024-01-04 07:55:30,532] {processor.py:623} INFO - DAG(s) dict_keys(['example_bash_operator']) retrieved from /home/airflow/.local/lib/python3.6/site-packages/airflow/example_dags/example_bash_operator.py
[2024-01-04 07:55:30,550] {logging_mixin.py:109} INFO - [2024-01-04 07:55:30,550] {dag.py:1834} INFO - Sync 1 DAGs
[2024-01-04 07:55:30,567] {logging_mixin.py:109} INFO - [2024-01-04 07:55:30,567] {dag.py:2287} INFO - Setting next_dagrun for example_bash_operator to 2024-01-02 00:00:00+00:00
[2024-01-04 07:55:30,576] {processor.py:170} INFO - Processing /home/airflow/.local/lib/python3.6/site-packages/airflow/example_dags/example_bash_operator.py took 0.059 seconds
[2024-01-04 08:53:20,929] {processor.py:162} INFO - Started process (PID=326) to work on /home/airflow/.local/lib/python3.6/site-packages/airflow/example_dags/example_bash_operator.py
[2024-01-04 08:53:20,930] {processor.py:613} INFO - Processing file /home/airflow/.local/lib/python3.6/site-packages/airflow/example_dags/example_bash_operator.py for tasks to queue
[2024-01-04 08:53:20,932] {logging_mixin.py:109} INFO - [2024-01-04 08:53:20,932] {dagbag.py:496} INFO - Filling up the DagBag from /home/airflow/.local/lib/python3.6/site-packages/airflow/example_dags/example_bash_operator.py
[2024-01-04 08:53:20,948] {processor.py:623} INFO - DAG(s) dict_keys(['example_bash_operator']) retrieved from /home/airflow/.local/lib/python3.6/site-packages/airflow/example_dags/example_bash_operator.py
[2024-01-04 08:53:20,977] {logging_mixin.py:109} INFO - [2024-01-04 08:53:20,976] {dag.py:1834} INFO - Sync 1 DAGs
[2024-01-04 08:53:20,995] {logging_mixin.py:109} INFO - [2024-01-04 08:53:20,995] {dag.py:2287} INFO - Setting next_dagrun for example_bash_operator to 2024-01-02 00:00:00+00:00
[2024-01-04 08:53:21,025] {processor.py:170} INFO - Processing /home/airflow/.local/lib/python3.6/site-packages/airflow/example_dags/example_bash_operator.py took 0.100 seconds
[2024-01-04 08:53:55,294] {processor.py:162} INFO - Started process (PID=583) to work on /home/airflow/.local/lib/python3.6/site-packages/airflow/example_dags/example_bash_operator.py
[2024-01-04 08:53:55,298] {processor.py:613} INFO - Processing file /home/airflow/.local/lib/python3.6/site-packages/airflow/example_dags/example_bash_operator.py for tasks to queue
[2024-01-04 08:53:55,300] {logging_mixin.py:109} INFO - [2024-01-04 08:53:55,300] {dagbag.py:496} INFO - Filling up the DagBag from /home/airflow/.local/lib/python3.6/site-packages/airflow/example_dags/example_bash_operator.py
[2024-01-04 08:53:55,343] {processor.py:623} INFO - DAG(s) dict_keys(['example_bash_operator']) retrieved from /home/airflow/.local/lib/python3.6/site-packages/airflow/example_dags/example_bash_operator.py
[2024-01-04 08:53:55,409] {logging_mixin.py:109} INFO - [2024-01-04 08:53:55,408] {dag.py:1834} INFO - Sync 1 DAGs
[2024-01-04 08:53:55,459] {logging_mixin.py:109} INFO - [2024-01-04 08:53:55,458] {dag.py:2287} INFO - Setting next_dagrun for example_bash_operator to 2024-01-02 00:00:00+00:00
[2024-01-04 08:53:55,487] {processor.py:170} INFO - Processing /home/airflow/.local/lib/python3.6/site-packages/airflow/example_dags/example_bash_operator.py took 0.200 seconds
[2024-01-04 08:54:26,256] {processor.py:162} INFO - Started process (PID=863) to work on /home/airflow/.local/lib/python3.6/site-packages/airflow/example_dags/example_bash_operator.py
[2024-01-04 08:54:26,258] {processor.py:613} INFO - Processing file /home/airflow/.local/lib/python3.6/site-packages/airflow/example_dags/example_bash_operator.py for tasks to queue
[2024-01-04 08:54:26,259] {logging_mixin.py:109} INFO - [2024-01-04 08:54:26,258] {dagbag.py:496} INFO - Filling up the DagBag from /home/airflow/.local/lib/python3.6/site-packages/airflow/example_dags/example_bash_operator.py
[2024-01-04 08:54:26,277] {processor.py:623} INFO - DAG(s) dict_keys(['example_bash_operator']) retrieved from /home/airflow/.local/lib/python3.6/site-packages/airflow/example_dags/example_bash_operator.py
[2024-01-04 08:54:26,306] {logging_mixin.py:109} INFO - [2024-01-04 08:54:26,305] {dag.py:1834} INFO - Sync 1 DAGs
[2024-01-04 08:54:26,326] {logging_mixin.py:109} INFO - [2024-01-04 08:54:26,326] {dag.py:2287} INFO - Setting next_dagrun for example_bash_operator to 2024-01-02 00:00:00+00:00
[2024-01-04 08:54:26,348] {processor.py:170} INFO - Processing /home/airflow/.local/lib/python3.6/site-packages/airflow/example_dags/example_bash_operator.py took 0.095 seconds
[2024-01-04 08:54:57,348] {processor.py:162} INFO - Started process (PID=1060) to work on /home/airflow/.local/lib/python3.6/site-packages/airflow/example_dags/example_bash_operator.py
[2024-01-04 08:54:57,349] {processor.py:613} INFO - Processing file /home/airflow/.local/lib/python3.6/site-packages/airflow/example_dags/example_bash_operator.py for tasks to queue
[2024-01-04 08:54:57,350] {logging_mixin.py:109} INFO - [2024-01-04 08:54:57,350] {dagbag.py:496} INFO - Filling up the DagBag from /home/airflow/.local/lib/python3.6/site-packages/airflow/example_dags/example_bash_operator.py
[2024-01-04 08:54:57,367] {processor.py:623} INFO - DAG(s) dict_keys(['example_bash_operator']) retrieved from /home/airflow/.local/lib/python3.6/site-packages/airflow/example_dags/example_bash_operator.py
[2024-01-04 08:54:57,395] {logging_mixin.py:109} INFO - [2024-01-04 08:54:57,395] {dag.py:1834} INFO - Sync 1 DAGs
[2024-01-04 08:54:57,417] {logging_mixin.py:109} INFO - [2024-01-04 08:54:57,417] {dag.py:2287} INFO - Setting next_dagrun for example_bash_operator to 2024-01-02 00:00:00+00:00
[2024-01-04 08:54:57,435] {processor.py:170} INFO - Processing /home/airflow/.local/lib/python3.6/site-packages/airflow/example_dags/example_bash_operator.py took 0.090 seconds
[2024-01-04 08:55:27,896] {processor.py:162} INFO - Started process (PID=1262) to work on /home/airflow/.local/lib/python3.6/site-packages/airflow/example_dags/example_bash_operator.py
[2024-01-04 08:55:27,898] {processor.py:613} INFO - Processing file /home/airflow/.local/lib/python3.6/site-packages/airflow/example_dags/example_bash_operator.py for tasks to queue
[2024-01-04 08:55:27,899] {logging_mixin.py:109} INFO - [2024-01-04 08:55:27,898] {dagbag.py:496} INFO - Filling up the DagBag from /home/airflow/.local/lib/python3.6/site-packages/airflow/example_dags/example_bash_operator.py
[2024-01-04 08:55:27,915] {processor.py:623} INFO - DAG(s) dict_keys(['example_bash_operator']) retrieved from /home/airflow/.local/lib/python3.6/site-packages/airflow/example_dags/example_bash_operator.py
[2024-01-04 08:55:27,940] {logging_mixin.py:109} INFO - [2024-01-04 08:55:27,940] {dag.py:1834} INFO - Sync 1 DAGs
[2024-01-04 08:55:27,960] {logging_mixin.py:109} INFO - [2024-01-04 08:55:27,959] {dag.py:2287} INFO - Setting next_dagrun for example_bash_operator to 2024-01-02 00:00:00+00:00
[2024-01-04 08:55:27,974] {processor.py:170} INFO - Processing /home/airflow/.local/lib/python3.6/site-packages/airflow/example_dags/example_bash_operator.py took 0.081 seconds
