[2024-01-04 07:52:56,361] {processor.py:162} INFO - Started process (PID=267) to work on /home/airflow/.local/lib/python3.6/site-packages/airflow/example_dags/example_latest_only.py
[2024-01-04 07:52:56,362] {processor.py:613} INFO - Processing file /home/airflow/.local/lib/python3.6/site-packages/airflow/example_dags/example_latest_only.py for tasks to queue
[2024-01-04 07:52:56,363] {logging_mixin.py:109} INFO - [2024-01-04 07:52:56,363] {dagbag.py:496} INFO - Filling up the DagBag from /home/airflow/.local/lib/python3.6/site-packages/airflow/example_dags/example_latest_only.py
[2024-01-04 07:52:56,378] {processor.py:623} INFO - DAG(s) dict_keys(['latest_only']) retrieved from /home/airflow/.local/lib/python3.6/site-packages/airflow/example_dags/example_latest_only.py
[2024-01-04 07:52:56,551] {logging_mixin.py:109} INFO - [2024-01-04 07:52:56,551] {dag.py:1834} INFO - Sync 1 DAGs
[2024-01-04 07:52:56,568] {logging_mixin.py:109} INFO - [2024-01-04 07:52:56,568] {dag.py:2287} INFO - Setting next_dagrun for latest_only to 2024-01-02 00:00:00+00:00
[2024-01-04 07:52:56,582] {processor.py:170} INFO - Processing /home/airflow/.local/lib/python3.6/site-packages/airflow/example_dags/example_latest_only.py took 0.224 seconds
[2024-01-04 07:53:27,171] {processor.py:162} INFO - Started process (PID=462) to work on /home/airflow/.local/lib/python3.6/site-packages/airflow/example_dags/example_latest_only.py
[2024-01-04 07:53:27,172] {processor.py:613} INFO - Processing file /home/airflow/.local/lib/python3.6/site-packages/airflow/example_dags/example_latest_only.py for tasks to queue
[2024-01-04 07:53:27,173] {logging_mixin.py:109} INFO - [2024-01-04 07:53:27,173] {dagbag.py:496} INFO - Filling up the DagBag from /home/airflow/.local/lib/python3.6/site-packages/airflow/example_dags/example_latest_only.py
[2024-01-04 07:53:27,183] {processor.py:623} INFO - DAG(s) dict_keys(['latest_only']) retrieved from /home/airflow/.local/lib/python3.6/site-packages/airflow/example_dags/example_latest_only.py
[2024-01-04 07:53:27,204] {logging_mixin.py:109} INFO - [2024-01-04 07:53:27,203] {dag.py:1834} INFO - Sync 1 DAGs
[2024-01-04 07:53:27,215] {logging_mixin.py:109} INFO - [2024-01-04 07:53:27,215] {dag.py:2287} INFO - Setting next_dagrun for latest_only to 2024-01-02 00:00:00+00:00
[2024-01-04 07:53:27,225] {processor.py:170} INFO - Processing /home/airflow/.local/lib/python3.6/site-packages/airflow/example_dags/example_latest_only.py took 0.056 seconds
[2024-01-04 07:53:58,171] {processor.py:162} INFO - Started process (PID=667) to work on /home/airflow/.local/lib/python3.6/site-packages/airflow/example_dags/example_latest_only.py
[2024-01-04 07:53:58,172] {processor.py:613} INFO - Processing file /home/airflow/.local/lib/python3.6/site-packages/airflow/example_dags/example_latest_only.py for tasks to queue
[2024-01-04 07:53:58,173] {logging_mixin.py:109} INFO - [2024-01-04 07:53:58,173] {dagbag.py:496} INFO - Filling up the DagBag from /home/airflow/.local/lib/python3.6/site-packages/airflow/example_dags/example_latest_only.py
[2024-01-04 07:53:58,181] {processor.py:623} INFO - DAG(s) dict_keys(['latest_only']) retrieved from /home/airflow/.local/lib/python3.6/site-packages/airflow/example_dags/example_latest_only.py
[2024-01-04 07:53:58,198] {logging_mixin.py:109} INFO - [2024-01-04 07:53:58,197] {dag.py:1834} INFO - Sync 1 DAGs
[2024-01-04 07:53:58,208] {logging_mixin.py:109} INFO - [2024-01-04 07:53:58,208] {dag.py:2287} INFO - Setting next_dagrun for latest_only to 2024-01-02 00:00:00+00:00
[2024-01-04 07:53:58,218] {processor.py:170} INFO - Processing /home/airflow/.local/lib/python3.6/site-packages/airflow/example_dags/example_latest_only.py took 0.050 seconds
[2024-01-04 07:54:29,119] {processor.py:162} INFO - Started process (PID=998) to work on /home/airflow/.local/lib/python3.6/site-packages/airflow/example_dags/example_latest_only.py
[2024-01-04 07:54:29,120] {processor.py:613} INFO - Processing file /home/airflow/.local/lib/python3.6/site-packages/airflow/example_dags/example_latest_only.py for tasks to queue
[2024-01-04 07:54:29,121] {logging_mixin.py:109} INFO - [2024-01-04 07:54:29,120] {dagbag.py:496} INFO - Filling up the DagBag from /home/airflow/.local/lib/python3.6/site-packages/airflow/example_dags/example_latest_only.py
[2024-01-04 07:54:29,128] {processor.py:623} INFO - DAG(s) dict_keys(['latest_only']) retrieved from /home/airflow/.local/lib/python3.6/site-packages/airflow/example_dags/example_latest_only.py
[2024-01-04 07:54:29,144] {logging_mixin.py:109} INFO - [2024-01-04 07:54:29,144] {dag.py:1834} INFO - Sync 1 DAGs
[2024-01-04 07:54:29,155] {logging_mixin.py:109} INFO - [2024-01-04 07:54:29,155] {dag.py:2287} INFO - Setting next_dagrun for latest_only to 2024-01-02 00:00:00+00:00
[2024-01-04 07:54:29,165] {processor.py:170} INFO - Processing /home/airflow/.local/lib/python3.6/site-packages/airflow/example_dags/example_latest_only.py took 0.048 seconds
[2024-01-04 07:54:59,783] {processor.py:162} INFO - Started process (PID=1203) to work on /home/airflow/.local/lib/python3.6/site-packages/airflow/example_dags/example_latest_only.py
[2024-01-04 07:54:59,784] {processor.py:613} INFO - Processing file /home/airflow/.local/lib/python3.6/site-packages/airflow/example_dags/example_latest_only.py for tasks to queue
[2024-01-04 07:54:59,785] {logging_mixin.py:109} INFO - [2024-01-04 07:54:59,785] {dagbag.py:496} INFO - Filling up the DagBag from /home/airflow/.local/lib/python3.6/site-packages/airflow/example_dags/example_latest_only.py
[2024-01-04 07:54:59,792] {processor.py:623} INFO - DAG(s) dict_keys(['latest_only']) retrieved from /home/airflow/.local/lib/python3.6/site-packages/airflow/example_dags/example_latest_only.py
[2024-01-04 07:54:59,809] {logging_mixin.py:109} INFO - [2024-01-04 07:54:59,809] {dag.py:1834} INFO - Sync 1 DAGs
[2024-01-04 07:54:59,819] {logging_mixin.py:109} INFO - [2024-01-04 07:54:59,819] {dag.py:2287} INFO - Setting next_dagrun for latest_only to 2024-01-02 00:00:00+00:00
[2024-01-04 07:54:59,829] {processor.py:170} INFO - Processing /home/airflow/.local/lib/python3.6/site-packages/airflow/example_dags/example_latest_only.py took 0.048 seconds
[2024-01-04 07:55:30,309] {processor.py:162} INFO - Started process (PID=1410) to work on /home/airflow/.local/lib/python3.6/site-packages/airflow/example_dags/example_latest_only.py
[2024-01-04 07:55:30,311] {processor.py:613} INFO - Processing file /home/airflow/.local/lib/python3.6/site-packages/airflow/example_dags/example_latest_only.py for tasks to queue
[2024-01-04 07:55:30,311] {logging_mixin.py:109} INFO - [2024-01-04 07:55:30,311] {dagbag.py:496} INFO - Filling up the DagBag from /home/airflow/.local/lib/python3.6/site-packages/airflow/example_dags/example_latest_only.py
[2024-01-04 07:55:30,319] {processor.py:623} INFO - DAG(s) dict_keys(['latest_only']) retrieved from /home/airflow/.local/lib/python3.6/site-packages/airflow/example_dags/example_latest_only.py
[2024-01-04 07:55:30,335] {logging_mixin.py:109} INFO - [2024-01-04 07:55:30,335] {dag.py:1834} INFO - Sync 1 DAGs
[2024-01-04 07:55:30,345] {logging_mixin.py:109} INFO - [2024-01-04 07:55:30,345] {dag.py:2287} INFO - Setting next_dagrun for latest_only to 2024-01-02 00:00:00+00:00
[2024-01-04 07:55:30,355] {processor.py:170} INFO - Processing /home/airflow/.local/lib/python3.6/site-packages/airflow/example_dags/example_latest_only.py took 0.048 seconds
[2024-01-04 08:53:20,091] {processor.py:162} INFO - Started process (PID=301) to work on /home/airflow/.local/lib/python3.6/site-packages/airflow/example_dags/example_latest_only.py
[2024-01-04 08:53:20,093] {processor.py:613} INFO - Processing file /home/airflow/.local/lib/python3.6/site-packages/airflow/example_dags/example_latest_only.py for tasks to queue
[2024-01-04 08:53:20,095] {logging_mixin.py:109} INFO - [2024-01-04 08:53:20,095] {dagbag.py:496} INFO - Filling up the DagBag from /home/airflow/.local/lib/python3.6/site-packages/airflow/example_dags/example_latest_only.py
[2024-01-04 08:53:20,125] {processor.py:623} INFO - DAG(s) dict_keys(['latest_only']) retrieved from /home/airflow/.local/lib/python3.6/site-packages/airflow/example_dags/example_latest_only.py
[2024-01-04 08:53:20,219] {logging_mixin.py:109} INFO - [2024-01-04 08:53:20,218] {dag.py:1834} INFO - Sync 1 DAGs
[2024-01-04 08:53:20,328] {logging_mixin.py:109} INFO - [2024-01-04 08:53:20,328] {dag.py:2287} INFO - Setting next_dagrun for latest_only to 2024-01-02 00:00:00+00:00
[2024-01-04 08:53:20,362] {processor.py:170} INFO - Processing /home/airflow/.local/lib/python3.6/site-packages/airflow/example_dags/example_latest_only.py took 0.278 seconds
[2024-01-04 08:53:53,626] {processor.py:162} INFO - Started process (PID=557) to work on /home/airflow/.local/lib/python3.6/site-packages/airflow/example_dags/example_latest_only.py
[2024-01-04 08:53:53,633] {processor.py:613} INFO - Processing file /home/airflow/.local/lib/python3.6/site-packages/airflow/example_dags/example_latest_only.py for tasks to queue
[2024-01-04 08:53:53,635] {logging_mixin.py:109} INFO - [2024-01-04 08:53:53,635] {dagbag.py:496} INFO - Filling up the DagBag from /home/airflow/.local/lib/python3.6/site-packages/airflow/example_dags/example_latest_only.py
[2024-01-04 08:53:53,680] {processor.py:623} INFO - DAG(s) dict_keys(['latest_only']) retrieved from /home/airflow/.local/lib/python3.6/site-packages/airflow/example_dags/example_latest_only.py
[2024-01-04 08:53:53,775] {logging_mixin.py:109} INFO - [2024-01-04 08:53:53,773] {dag.py:1834} INFO - Sync 1 DAGs
[2024-01-04 08:53:53,848] {logging_mixin.py:109} INFO - [2024-01-04 08:53:53,848] {dag.py:2287} INFO - Setting next_dagrun for latest_only to 2024-01-02 00:00:00+00:00
[2024-01-04 08:53:53,891] {processor.py:170} INFO - Processing /home/airflow/.local/lib/python3.6/site-packages/airflow/example_dags/example_latest_only.py took 0.276 seconds
[2024-01-04 08:54:23,940] {processor.py:162} INFO - Started process (PID=833) to work on /home/airflow/.local/lib/python3.6/site-packages/airflow/example_dags/example_latest_only.py
[2024-01-04 08:54:23,941] {processor.py:613} INFO - Processing file /home/airflow/.local/lib/python3.6/site-packages/airflow/example_dags/example_latest_only.py for tasks to queue
[2024-01-04 08:54:23,942] {logging_mixin.py:109} INFO - [2024-01-04 08:54:23,942] {dagbag.py:496} INFO - Filling up the DagBag from /home/airflow/.local/lib/python3.6/site-packages/airflow/example_dags/example_latest_only.py
[2024-01-04 08:54:23,954] {processor.py:623} INFO - DAG(s) dict_keys(['latest_only']) retrieved from /home/airflow/.local/lib/python3.6/site-packages/airflow/example_dags/example_latest_only.py
[2024-01-04 08:54:23,985] {logging_mixin.py:109} INFO - [2024-01-04 08:54:23,985] {dag.py:1834} INFO - Sync 1 DAGs
[2024-01-04 08:54:24,010] {logging_mixin.py:109} INFO - [2024-01-04 08:54:24,010] {dag.py:2287} INFO - Setting next_dagrun for latest_only to 2024-01-02 00:00:00+00:00
[2024-01-04 08:54:24,029] {processor.py:170} INFO - Processing /home/airflow/.local/lib/python3.6/site-packages/airflow/example_dags/example_latest_only.py took 0.092 seconds
[2024-01-04 08:54:54,174] {processor.py:162} INFO - Started process (PID=1010) to work on /home/airflow/.local/lib/python3.6/site-packages/airflow/example_dags/example_latest_only.py
[2024-01-04 08:54:54,177] {processor.py:613} INFO - Processing file /home/airflow/.local/lib/python3.6/site-packages/airflow/example_dags/example_latest_only.py for tasks to queue
[2024-01-04 08:54:54,178] {logging_mixin.py:109} INFO - [2024-01-04 08:54:54,178] {dagbag.py:496} INFO - Filling up the DagBag from /home/airflow/.local/lib/python3.6/site-packages/airflow/example_dags/example_latest_only.py
[2024-01-04 08:54:54,190] {processor.py:623} INFO - DAG(s) dict_keys(['latest_only']) retrieved from /home/airflow/.local/lib/python3.6/site-packages/airflow/example_dags/example_latest_only.py
[2024-01-04 08:54:54,218] {logging_mixin.py:109} INFO - [2024-01-04 08:54:54,218] {dag.py:1834} INFO - Sync 1 DAGs
[2024-01-04 08:54:54,236] {logging_mixin.py:109} INFO - [2024-01-04 08:54:54,236] {dag.py:2287} INFO - Setting next_dagrun for latest_only to 2024-01-02 00:00:00+00:00
[2024-01-04 08:54:54,251] {processor.py:170} INFO - Processing /home/airflow/.local/lib/python3.6/site-packages/airflow/example_dags/example_latest_only.py took 0.080 seconds
[2024-01-04 08:55:24,722] {processor.py:162} INFO - Started process (PID=1205) to work on /home/airflow/.local/lib/python3.6/site-packages/airflow/example_dags/example_latest_only.py
[2024-01-04 08:55:24,725] {processor.py:613} INFO - Processing file /home/airflow/.local/lib/python3.6/site-packages/airflow/example_dags/example_latest_only.py for tasks to queue
[2024-01-04 08:55:24,726] {logging_mixin.py:109} INFO - [2024-01-04 08:55:24,726] {dagbag.py:496} INFO - Filling up the DagBag from /home/airflow/.local/lib/python3.6/site-packages/airflow/example_dags/example_latest_only.py
[2024-01-04 08:55:24,742] {processor.py:623} INFO - DAG(s) dict_keys(['latest_only']) retrieved from /home/airflow/.local/lib/python3.6/site-packages/airflow/example_dags/example_latest_only.py
[2024-01-04 08:55:24,778] {logging_mixin.py:109} INFO - [2024-01-04 08:55:24,777] {dag.py:1834} INFO - Sync 1 DAGs
[2024-01-04 08:55:24,800] {logging_mixin.py:109} INFO - [2024-01-04 08:55:24,800] {dag.py:2287} INFO - Setting next_dagrun for latest_only to 2024-01-02 00:00:00+00:00
[2024-01-04 08:55:24,820] {processor.py:170} INFO - Processing /home/airflow/.local/lib/python3.6/site-packages/airflow/example_dags/example_latest_only.py took 0.102 seconds
[2024-01-04 08:55:54,983] {processor.py:162} INFO - Started process (PID=1410) to work on /home/airflow/.local/lib/python3.6/site-packages/airflow/example_dags/example_latest_only.py
[2024-01-04 08:55:54,986] {processor.py:613} INFO - Processing file /home/airflow/.local/lib/python3.6/site-packages/airflow/example_dags/example_latest_only.py for tasks to queue
[2024-01-04 08:55:54,988] {logging_mixin.py:109} INFO - [2024-01-04 08:55:54,987] {dagbag.py:496} INFO - Filling up the DagBag from /home/airflow/.local/lib/python3.6/site-packages/airflow/example_dags/example_latest_only.py
[2024-01-04 08:55:55,007] {processor.py:623} INFO - DAG(s) dict_keys(['latest_only']) retrieved from /home/airflow/.local/lib/python3.6/site-packages/airflow/example_dags/example_latest_only.py
[2024-01-04 08:55:55,036] {logging_mixin.py:109} INFO - [2024-01-04 08:55:55,036] {dag.py:1834} INFO - Sync 1 DAGs
[2024-01-04 08:55:55,051] {logging_mixin.py:109} INFO - [2024-01-04 08:55:55,051] {dag.py:2287} INFO - Setting next_dagrun for latest_only to 2024-01-02 00:00:00+00:00
[2024-01-04 08:55:55,064] {processor.py:170} INFO - Processing /home/airflow/.local/lib/python3.6/site-packages/airflow/example_dags/example_latest_only.py took 0.086 seconds
