[2024-01-04 07:52:56,099] {processor.py:162} INFO - Started process (PID=257) to work on /home/airflow/.local/lib/python3.6/site-packages/airflow/example_dags/tutorial.py
[2024-01-04 07:52:56,100] {processor.py:613} INFO - Processing file /home/airflow/.local/lib/python3.6/site-packages/airflow/example_dags/tutorial.py for tasks to queue
[2024-01-04 07:52:56,101] {logging_mixin.py:109} INFO - [2024-01-04 07:52:56,101] {dagbag.py:496} INFO - Filling up the DagBag from /home/airflow/.local/lib/python3.6/site-packages/airflow/example_dags/tutorial.py
[2024-01-04 07:52:56,111] {processor.py:623} INFO - DAG(s) dict_keys(['tutorial']) retrieved from /home/airflow/.local/lib/python3.6/site-packages/airflow/example_dags/tutorial.py
[2024-01-04 07:52:56,314] {logging_mixin.py:109} INFO - [2024-01-04 07:52:56,313] {dag.py:1834} INFO - Sync 1 DAGs
[2024-01-04 07:52:56,326] {logging_mixin.py:109} INFO - [2024-01-04 07:52:56,326] {dag.py:2287} INFO - Setting next_dagrun for tutorial to 2024-01-02 00:00:00+00:00
[2024-01-04 07:52:56,339] {processor.py:170} INFO - Processing /home/airflow/.local/lib/python3.6/site-packages/airflow/example_dags/tutorial.py took 0.243 seconds
[2024-01-04 07:53:27,042] {processor.py:162} INFO - Started process (PID=452) to work on /home/airflow/.local/lib/python3.6/site-packages/airflow/example_dags/tutorial.py
[2024-01-04 07:53:27,043] {processor.py:613} INFO - Processing file /home/airflow/.local/lib/python3.6/site-packages/airflow/example_dags/tutorial.py for tasks to queue
[2024-01-04 07:53:27,043] {logging_mixin.py:109} INFO - [2024-01-04 07:53:27,043] {dagbag.py:496} INFO - Filling up the DagBag from /home/airflow/.local/lib/python3.6/site-packages/airflow/example_dags/tutorial.py
[2024-01-04 07:53:27,052] {processor.py:623} INFO - DAG(s) dict_keys(['tutorial']) retrieved from /home/airflow/.local/lib/python3.6/site-packages/airflow/example_dags/tutorial.py
[2024-01-04 07:53:27,070] {logging_mixin.py:109} INFO - [2024-01-04 07:53:27,070] {dag.py:1834} INFO - Sync 1 DAGs
[2024-01-04 07:53:27,080] {logging_mixin.py:109} INFO - [2024-01-04 07:53:27,080] {dag.py:2287} INFO - Setting next_dagrun for tutorial to 2024-01-02 00:00:00+00:00
[2024-01-04 07:53:27,090] {processor.py:170} INFO - Processing /home/airflow/.local/lib/python3.6/site-packages/airflow/example_dags/tutorial.py took 0.050 seconds
[2024-01-04 07:53:58,041] {processor.py:162} INFO - Started process (PID=657) to work on /home/airflow/.local/lib/python3.6/site-packages/airflow/example_dags/tutorial.py
[2024-01-04 07:53:58,042] {processor.py:613} INFO - Processing file /home/airflow/.local/lib/python3.6/site-packages/airflow/example_dags/tutorial.py for tasks to queue
[2024-01-04 07:53:58,042] {logging_mixin.py:109} INFO - [2024-01-04 07:53:58,042] {dagbag.py:496} INFO - Filling up the DagBag from /home/airflow/.local/lib/python3.6/site-packages/airflow/example_dags/tutorial.py
[2024-01-04 07:53:58,050] {processor.py:623} INFO - DAG(s) dict_keys(['tutorial']) retrieved from /home/airflow/.local/lib/python3.6/site-packages/airflow/example_dags/tutorial.py
[2024-01-04 07:53:58,068] {logging_mixin.py:109} INFO - [2024-01-04 07:53:58,068] {dag.py:1834} INFO - Sync 1 DAGs
[2024-01-04 07:53:58,078] {logging_mixin.py:109} INFO - [2024-01-04 07:53:58,078] {dag.py:2287} INFO - Setting next_dagrun for tutorial to 2024-01-02 00:00:00+00:00
[2024-01-04 07:53:58,089] {processor.py:170} INFO - Processing /home/airflow/.local/lib/python3.6/site-packages/airflow/example_dags/tutorial.py took 0.050 seconds
[2024-01-04 07:54:28,952] {processor.py:162} INFO - Started process (PID=988) to work on /home/airflow/.local/lib/python3.6/site-packages/airflow/example_dags/tutorial.py
[2024-01-04 07:54:28,978] {processor.py:613} INFO - Processing file /home/airflow/.local/lib/python3.6/site-packages/airflow/example_dags/tutorial.py for tasks to queue
[2024-01-04 07:54:28,979] {logging_mixin.py:109} INFO - [2024-01-04 07:54:28,978] {dagbag.py:496} INFO - Filling up the DagBag from /home/airflow/.local/lib/python3.6/site-packages/airflow/example_dags/tutorial.py
[2024-01-04 07:54:28,987] {processor.py:623} INFO - DAG(s) dict_keys(['tutorial']) retrieved from /home/airflow/.local/lib/python3.6/site-packages/airflow/example_dags/tutorial.py
[2024-01-04 07:54:29,004] {logging_mixin.py:109} INFO - [2024-01-04 07:54:29,004] {dag.py:1834} INFO - Sync 1 DAGs
[2024-01-04 07:54:29,014] {logging_mixin.py:109} INFO - [2024-01-04 07:54:29,014] {dag.py:2287} INFO - Setting next_dagrun for tutorial to 2024-01-02 00:00:00+00:00
[2024-01-04 07:54:29,048] {processor.py:170} INFO - Processing /home/airflow/.local/lib/python3.6/site-packages/airflow/example_dags/tutorial.py took 0.099 seconds
[2024-01-04 07:54:59,651] {processor.py:162} INFO - Started process (PID=1193) to work on /home/airflow/.local/lib/python3.6/site-packages/airflow/example_dags/tutorial.py
[2024-01-04 07:54:59,652] {processor.py:613} INFO - Processing file /home/airflow/.local/lib/python3.6/site-packages/airflow/example_dags/tutorial.py for tasks to queue
[2024-01-04 07:54:59,653] {logging_mixin.py:109} INFO - [2024-01-04 07:54:59,653] {dagbag.py:496} INFO - Filling up the DagBag from /home/airflow/.local/lib/python3.6/site-packages/airflow/example_dags/tutorial.py
[2024-01-04 07:54:59,661] {processor.py:623} INFO - DAG(s) dict_keys(['tutorial']) retrieved from /home/airflow/.local/lib/python3.6/site-packages/airflow/example_dags/tutorial.py
[2024-01-04 07:54:59,679] {logging_mixin.py:109} INFO - [2024-01-04 07:54:59,678] {dag.py:1834} INFO - Sync 1 DAGs
[2024-01-04 07:54:59,690] {logging_mixin.py:109} INFO - [2024-01-04 07:54:59,690] {dag.py:2287} INFO - Setting next_dagrun for tutorial to 2024-01-02 00:00:00+00:00
[2024-01-04 07:54:59,700] {processor.py:170} INFO - Processing /home/airflow/.local/lib/python3.6/site-packages/airflow/example_dags/tutorial.py took 0.051 seconds
[2024-01-04 07:55:30,180] {processor.py:162} INFO - Started process (PID=1398) to work on /home/airflow/.local/lib/python3.6/site-packages/airflow/example_dags/tutorial.py
[2024-01-04 07:55:30,181] {processor.py:613} INFO - Processing file /home/airflow/.local/lib/python3.6/site-packages/airflow/example_dags/tutorial.py for tasks to queue
[2024-01-04 07:55:30,182] {logging_mixin.py:109} INFO - [2024-01-04 07:55:30,182] {dagbag.py:496} INFO - Filling up the DagBag from /home/airflow/.local/lib/python3.6/site-packages/airflow/example_dags/tutorial.py
[2024-01-04 07:55:30,189] {processor.py:623} INFO - DAG(s) dict_keys(['tutorial']) retrieved from /home/airflow/.local/lib/python3.6/site-packages/airflow/example_dags/tutorial.py
[2024-01-04 07:55:30,207] {logging_mixin.py:109} INFO - [2024-01-04 07:55:30,207] {dag.py:1834} INFO - Sync 1 DAGs
[2024-01-04 07:55:30,217] {logging_mixin.py:109} INFO - [2024-01-04 07:55:30,217] {dag.py:2287} INFO - Setting next_dagrun for tutorial to 2024-01-02 00:00:00+00:00
[2024-01-04 07:55:30,230] {processor.py:170} INFO - Processing /home/airflow/.local/lib/python3.6/site-packages/airflow/example_dags/tutorial.py took 0.052 seconds
[2024-01-04 08:53:19,774] {processor.py:162} INFO - Started process (PID=289) to work on /home/airflow/.local/lib/python3.6/site-packages/airflow/example_dags/tutorial.py
[2024-01-04 08:53:19,777] {processor.py:613} INFO - Processing file /home/airflow/.local/lib/python3.6/site-packages/airflow/example_dags/tutorial.py for tasks to queue
[2024-01-04 08:53:19,778] {logging_mixin.py:109} INFO - [2024-01-04 08:53:19,778] {dagbag.py:496} INFO - Filling up the DagBag from /home/airflow/.local/lib/python3.6/site-packages/airflow/example_dags/tutorial.py
[2024-01-04 08:53:19,793] {processor.py:623} INFO - DAG(s) dict_keys(['tutorial']) retrieved from /home/airflow/.local/lib/python3.6/site-packages/airflow/example_dags/tutorial.py
[2024-01-04 08:53:19,823] {logging_mixin.py:109} INFO - [2024-01-04 08:53:19,823] {dag.py:1834} INFO - Sync 1 DAGs
[2024-01-04 08:53:19,840] {logging_mixin.py:109} INFO - [2024-01-04 08:53:19,840] {dag.py:2287} INFO - Setting next_dagrun for tutorial to 2024-01-02 00:00:00+00:00
[2024-01-04 08:53:19,854] {processor.py:170} INFO - Processing /home/airflow/.local/lib/python3.6/site-packages/airflow/example_dags/tutorial.py took 0.083 seconds
[2024-01-04 08:53:52,758] {processor.py:162} INFO - Started process (PID=542) to work on /home/airflow/.local/lib/python3.6/site-packages/airflow/example_dags/tutorial.py
[2024-01-04 08:53:52,761] {processor.py:613} INFO - Processing file /home/airflow/.local/lib/python3.6/site-packages/airflow/example_dags/tutorial.py for tasks to queue
[2024-01-04 08:53:52,764] {logging_mixin.py:109} INFO - [2024-01-04 08:53:52,763] {dagbag.py:496} INFO - Filling up the DagBag from /home/airflow/.local/lib/python3.6/site-packages/airflow/example_dags/tutorial.py
[2024-01-04 08:53:52,805] {processor.py:623} INFO - DAG(s) dict_keys(['tutorial']) retrieved from /home/airflow/.local/lib/python3.6/site-packages/airflow/example_dags/tutorial.py
[2024-01-04 08:53:52,866] {logging_mixin.py:109} INFO - [2024-01-04 08:53:52,866] {dag.py:1834} INFO - Sync 1 DAGs
[2024-01-04 08:53:52,909] {logging_mixin.py:109} INFO - [2024-01-04 08:53:52,909] {dag.py:2287} INFO - Setting next_dagrun for tutorial to 2024-01-02 00:00:00+00:00
[2024-01-04 08:53:52,965] {processor.py:170} INFO - Processing /home/airflow/.local/lib/python3.6/site-packages/airflow/example_dags/tutorial.py took 0.224 seconds
[2024-01-04 08:54:23,727] {processor.py:162} INFO - Started process (PID=823) to work on /home/airflow/.local/lib/python3.6/site-packages/airflow/example_dags/tutorial.py
[2024-01-04 08:54:23,728] {processor.py:613} INFO - Processing file /home/airflow/.local/lib/python3.6/site-packages/airflow/example_dags/tutorial.py for tasks to queue
[2024-01-04 08:54:23,730] {logging_mixin.py:109} INFO - [2024-01-04 08:54:23,729] {dagbag.py:496} INFO - Filling up the DagBag from /home/airflow/.local/lib/python3.6/site-packages/airflow/example_dags/tutorial.py
[2024-01-04 08:54:23,746] {processor.py:623} INFO - DAG(s) dict_keys(['tutorial']) retrieved from /home/airflow/.local/lib/python3.6/site-packages/airflow/example_dags/tutorial.py
[2024-01-04 08:54:23,784] {logging_mixin.py:109} INFO - [2024-01-04 08:54:23,783] {dag.py:1834} INFO - Sync 1 DAGs
[2024-01-04 08:54:23,800] {logging_mixin.py:109} INFO - [2024-01-04 08:54:23,800] {dag.py:2287} INFO - Setting next_dagrun for tutorial to 2024-01-02 00:00:00+00:00
[2024-01-04 08:54:23,814] {processor.py:170} INFO - Processing /home/airflow/.local/lib/python3.6/site-packages/airflow/example_dags/tutorial.py took 0.091 seconds
[2024-01-04 08:54:53,942] {processor.py:162} INFO - Started process (PID=998) to work on /home/airflow/.local/lib/python3.6/site-packages/airflow/example_dags/tutorial.py
[2024-01-04 08:54:53,944] {processor.py:613} INFO - Processing file /home/airflow/.local/lib/python3.6/site-packages/airflow/example_dags/tutorial.py for tasks to queue
[2024-01-04 08:54:53,945] {logging_mixin.py:109} INFO - [2024-01-04 08:54:53,945] {dagbag.py:496} INFO - Filling up the DagBag from /home/airflow/.local/lib/python3.6/site-packages/airflow/example_dags/tutorial.py
[2024-01-04 08:54:53,963] {processor.py:623} INFO - DAG(s) dict_keys(['tutorial']) retrieved from /home/airflow/.local/lib/python3.6/site-packages/airflow/example_dags/tutorial.py
[2024-01-04 08:54:53,995] {logging_mixin.py:109} INFO - [2024-01-04 08:54:53,994] {dag.py:1834} INFO - Sync 1 DAGs
[2024-01-04 08:54:54,015] {logging_mixin.py:109} INFO - [2024-01-04 08:54:54,014] {dag.py:2287} INFO - Setting next_dagrun for tutorial to 2024-01-02 00:00:00+00:00
[2024-01-04 08:54:54,035] {processor.py:170} INFO - Processing /home/airflow/.local/lib/python3.6/site-packages/airflow/example_dags/tutorial.py took 0.099 seconds
[2024-01-04 08:55:24,480] {processor.py:162} INFO - Started process (PID=1193) to work on /home/airflow/.local/lib/python3.6/site-packages/airflow/example_dags/tutorial.py
[2024-01-04 08:55:24,482] {processor.py:613} INFO - Processing file /home/airflow/.local/lib/python3.6/site-packages/airflow/example_dags/tutorial.py for tasks to queue
[2024-01-04 08:55:24,483] {logging_mixin.py:109} INFO - [2024-01-04 08:55:24,483] {dagbag.py:496} INFO - Filling up the DagBag from /home/airflow/.local/lib/python3.6/site-packages/airflow/example_dags/tutorial.py
[2024-01-04 08:55:24,498] {processor.py:623} INFO - DAG(s) dict_keys(['tutorial']) retrieved from /home/airflow/.local/lib/python3.6/site-packages/airflow/example_dags/tutorial.py
[2024-01-04 08:55:24,531] {logging_mixin.py:109} INFO - [2024-01-04 08:55:24,531] {dag.py:1834} INFO - Sync 1 DAGs
[2024-01-04 08:55:24,550] {logging_mixin.py:109} INFO - [2024-01-04 08:55:24,549] {dag.py:2287} INFO - Setting next_dagrun for tutorial to 2024-01-02 00:00:00+00:00
[2024-01-04 08:55:24,569] {processor.py:170} INFO - Processing /home/airflow/.local/lib/python3.6/site-packages/airflow/example_dags/tutorial.py took 0.093 seconds
[2024-01-04 08:55:54,605] {processor.py:162} INFO - Started process (PID=1397) to work on /home/airflow/.local/lib/python3.6/site-packages/airflow/example_dags/tutorial.py
[2024-01-04 08:55:54,607] {processor.py:613} INFO - Processing file /home/airflow/.local/lib/python3.6/site-packages/airflow/example_dags/tutorial.py for tasks to queue
[2024-01-04 08:55:54,608] {logging_mixin.py:109} INFO - [2024-01-04 08:55:54,608] {dagbag.py:496} INFO - Filling up the DagBag from /home/airflow/.local/lib/python3.6/site-packages/airflow/example_dags/tutorial.py
[2024-01-04 08:55:54,620] {processor.py:623} INFO - DAG(s) dict_keys(['tutorial']) retrieved from /home/airflow/.local/lib/python3.6/site-packages/airflow/example_dags/tutorial.py
[2024-01-04 08:55:54,649] {logging_mixin.py:109} INFO - [2024-01-04 08:55:54,648] {dag.py:1834} INFO - Sync 1 DAGs
[2024-01-04 08:55:54,672] {logging_mixin.py:109} INFO - [2024-01-04 08:55:54,671] {dag.py:2287} INFO - Setting next_dagrun for tutorial to 2024-01-02 00:00:00+00:00
[2024-01-04 08:55:54,697] {processor.py:170} INFO - Processing /home/airflow/.local/lib/python3.6/site-packages/airflow/example_dags/tutorial.py took 0.095 seconds
