[2024-03-09 02:57:27,911] {taskinstance.py:903} INFO - Dependencies all met for <TaskInstance: meeting_project492.fetch_answers 2024-03-09T02:57:26.279925+00:00 [queued]>
[2024-03-09 02:57:27,925] {taskinstance.py:903} INFO - Dependencies all met for <TaskInstance: meeting_project492.fetch_answers 2024-03-09T02:57:26.279925+00:00 [queued]>
[2024-03-09 02:57:27,925] {taskinstance.py:1095} INFO - 
--------------------------------------------------------------------------------
[2024-03-09 02:57:27,925] {taskinstance.py:1096} INFO - Starting attempt 1 of 1
[2024-03-09 02:57:27,925] {taskinstance.py:1097} INFO - 
--------------------------------------------------------------------------------
[2024-03-09 02:57:27,942] {taskinstance.py:1115} INFO - Executing <Task(PythonOperator): fetch_answers> on 2024-03-09T02:57:26.279925+00:00
[2024-03-09 02:57:27,947] {standard_task_runner.py:52} INFO - Started process 478 to run task
[2024-03-09 02:57:27,950] {standard_task_runner.py:76} INFO - Running: ['***', 'tasks', 'run', 'meeting_project492', 'fetch_answers', '2024-03-09T02:57:26.279925+00:00', '--job-id', '334', '--pool', 'default_pool', '--raw', '--subdir', 'DAGS_FOLDER/first_dag.py', '--cfg-path', '/tmp/tmp0esyvdwk', '--error-file', '/tmp/tmpsml5vb_w']
[2024-03-09 02:57:27,956] {standard_task_runner.py:77} INFO - Job 334: Subtask fetch_answers
[2024-03-09 02:57:28,003] {logging_mixin.py:109} INFO - Running <TaskInstance: meeting_project492.fetch_answers 2024-03-09T02:57:26.279925+00:00 [running]> on host 62b9685fb4d1
[2024-03-09 02:57:28,056] {taskinstance.py:1254} INFO - Exporting the following env vars:
AIRFLOW_CTX_DAG_OWNER=***
AIRFLOW_CTX_DAG_ID=meeting_project492
AIRFLOW_CTX_TASK_ID=fetch_answers
AIRFLOW_CTX_EXECUTION_DATE=2024-03-09T02:57:26.279925+00:00
AIRFLOW_CTX_DAG_RUN_ID=manual__2024-03-09T02:57:26.279925+00:00
[2024-03-09 02:57:32,504] {logging_mixin.py:109} INFO - Output to /home/tnanun/***-meet/data/data_ans.csv yoyoyoyoyoyo
[2024-03-09 02:57:32,504] {python.py:151} INFO - Done. Returned value was: None
[2024-03-09 02:57:32,517] {taskinstance.py:1219} INFO - Marking task as SUCCESS. dag_id=meeting_project492, task_id=fetch_answers, execution_date=20240309T025726, start_date=20240309T025727, end_date=20240309T025732
[2024-03-09 02:57:32,542] {local_task_job.py:151} INFO - Task exited with return code 0
[2024-03-09 02:57:32,566] {local_task_job.py:261} INFO - 1 downstream tasks scheduled from follow-on schedule check
