[2024-01-04 08:54:10,915] {taskinstance.py:903} INFO - Dependencies all met for <TaskInstance: meeting.clean_answers 2024-01-04T08:54:04.719676+00:00 [queued]>
[2024-01-04 08:54:10,929] {taskinstance.py:903} INFO - Dependencies all met for <TaskInstance: meeting.clean_answers 2024-01-04T08:54:04.719676+00:00 [queued]>
[2024-01-04 08:54:10,929] {taskinstance.py:1095} INFO - 
--------------------------------------------------------------------------------
[2024-01-04 08:54:10,929] {taskinstance.py:1096} INFO - Starting attempt 1 of 1
[2024-01-04 08:54:10,929] {taskinstance.py:1097} INFO - 
--------------------------------------------------------------------------------
[2024-01-04 08:54:10,948] {taskinstance.py:1115} INFO - Executing <Task(PythonOperator): clean_answers> on 2024-01-04T08:54:04.719676+00:00
[2024-01-04 08:54:10,953] {standard_task_runner.py:52} INFO - Started process 716 to run task
[2024-01-04 08:54:10,960] {standard_task_runner.py:76} INFO - Running: ['***', 'tasks', 'run', 'meeting', 'clean_answers', '2024-01-04T08:54:04.719676+00:00', '--job-id', '136', '--pool', 'default_pool', '--raw', '--subdir', 'DAGS_FOLDER/first_dag.py', '--cfg-path', '/tmp/tmpuh_4z3ln', '--error-file', '/tmp/tmp75_lshq6']
[2024-01-04 08:54:10,964] {standard_task_runner.py:77} INFO - Job 136: Subtask clean_answers
[2024-01-04 08:54:11,019] {logging_mixin.py:109} INFO - Running <TaskInstance: meeting.clean_answers 2024-01-04T08:54:04.719676+00:00 [running]> on host bd9da4259c23
[2024-01-04 08:54:11,087] {taskinstance.py:1254} INFO - Exporting the following env vars:
AIRFLOW_CTX_DAG_OWNER=***
AIRFLOW_CTX_DAG_ID=meeting
AIRFLOW_CTX_TASK_ID=clean_answers
AIRFLOW_CTX_EXECUTION_DATE=2024-01-04T08:54:04.719676+00:00
AIRFLOW_CTX_DAG_RUN_ID=manual__2024-01-04T08:54:04.719676+00:00
[2024-01-04 08:54:11,151] {logging_mixin.py:109} INFO - Output to /home/tnanun/***-meet/data/data_ans.csv yoyoyoyoyoyo
[2024-01-04 08:54:11,152] {python.py:151} INFO - Done. Returned value was: None
[2024-01-04 08:54:11,165] {taskinstance.py:1219} INFO - Marking task as SUCCESS. dag_id=meeting, task_id=clean_answers, execution_date=20240104T085404, start_date=20240104T085410, end_date=20240104T085411
[2024-01-04 08:54:11,213] {local_task_job.py:151} INFO - Task exited with return code 0
[2024-01-04 08:54:11,245] {local_task_job.py:261} INFO - 1 downstream tasks scheduled from follow-on schedule check
