[2024-03-05 10:21:30,304] {taskinstance.py:903} INFO - Dependencies all met for <TaskInstance: meeting_project.merge_data 2024-03-05T10:21:23.770885+00:00 [queued]>
[2024-03-05 10:21:30,320] {taskinstance.py:903} INFO - Dependencies all met for <TaskInstance: meeting_project.merge_data 2024-03-05T10:21:23.770885+00:00 [queued]>
[2024-03-05 10:21:30,320] {taskinstance.py:1095} INFO - 
--------------------------------------------------------------------------------
[2024-03-05 10:21:30,320] {taskinstance.py:1096} INFO - Starting attempt 1 of 1
[2024-03-05 10:21:30,320] {taskinstance.py:1097} INFO - 
--------------------------------------------------------------------------------
[2024-03-05 10:21:30,330] {taskinstance.py:1115} INFO - Executing <Task(PythonOperator): merge_data> on 2024-03-05T10:21:23.770885+00:00
[2024-03-05 10:21:30,334] {standard_task_runner.py:52} INFO - Started process 5393 to run task
[2024-03-05 10:21:30,336] {standard_task_runner.py:76} INFO - Running: ['***', 'tasks', 'run', 'meeting_project', 'merge_data', '2024-03-05T10:21:23.770885+00:00', '--job-id', '279', '--pool', 'default_pool', '--raw', '--subdir', 'DAGS_FOLDER/first_dag.py', '--cfg-path', '/tmp/tmpelljz3uh', '--error-file', '/tmp/tmpu26au5i9']
[2024-03-05 10:21:30,338] {standard_task_runner.py:77} INFO - Job 279: Subtask merge_data
[2024-03-05 10:21:30,372] {logging_mixin.py:109} INFO - Running <TaskInstance: meeting_project.merge_data 2024-03-05T10:21:23.770885+00:00 [running]> on host 4622d7b8f726
[2024-03-05 10:21:30,421] {taskinstance.py:1254} INFO - Exporting the following env vars:
AIRFLOW_CTX_DAG_OWNER=***
AIRFLOW_CTX_DAG_ID=meeting_project
AIRFLOW_CTX_TASK_ID=merge_data
AIRFLOW_CTX_EXECUTION_DATE=2024-03-05T10:21:23.770885+00:00
AIRFLOW_CTX_DAG_RUN_ID=manual__2024-03-05T10:21:23.770885+00:00
[2024-03-05 10:21:30,451] {python.py:151} INFO - Done. Returned value was: None
[2024-03-05 10:21:30,459] {taskinstance.py:1219} INFO - Marking task as SUCCESS. dag_id=meeting_project, task_id=merge_data, execution_date=20240305T102123, start_date=20240305T102130, end_date=20240305T102130
[2024-03-05 10:21:30,509] {local_task_job.py:151} INFO - Task exited with return code 0
[2024-03-05 10:21:30,530] {local_task_job.py:261} INFO - 0 downstream tasks scheduled from follow-on schedule check
