[2024-03-11 02:30:47,843] {taskinstance.py:903} INFO - Dependencies all met for <TaskInstance: meeting_project492.clean_comment 2024-03-11T02:30:43.192787+00:00 [queued]>
[2024-03-11 02:30:47,860] {taskinstance.py:903} INFO - Dependencies all met for <TaskInstance: meeting_project492.clean_comment 2024-03-11T02:30:43.192787+00:00 [queued]>
[2024-03-11 02:30:47,860] {taskinstance.py:1095} INFO - 
--------------------------------------------------------------------------------
[2024-03-11 02:30:47,860] {taskinstance.py:1096} INFO - Starting attempt 1 of 1
[2024-03-11 02:30:47,860] {taskinstance.py:1097} INFO - 
--------------------------------------------------------------------------------
[2024-03-11 02:30:47,870] {taskinstance.py:1115} INFO - Executing <Task(PythonOperator): clean_comment> on 2024-03-11T02:30:43.192787+00:00
[2024-03-11 02:30:47,874] {standard_task_runner.py:52} INFO - Started process 9628 to run task
[2024-03-11 02:30:47,877] {standard_task_runner.py:76} INFO - Running: ['***', 'tasks', 'run', 'meeting_project492', 'clean_comment', '2024-03-11T02:30:43.192787+00:00', '--job-id', '483', '--pool', 'default_pool', '--raw', '--subdir', 'DAGS_FOLDER/first_dag.py', '--cfg-path', '/tmp/tmp2j3gfcsc', '--error-file', '/tmp/tmps4fbtdfu']
[2024-03-11 02:30:47,880] {standard_task_runner.py:77} INFO - Job 483: Subtask clean_comment
[2024-03-11 02:30:47,920] {logging_mixin.py:109} INFO - Running <TaskInstance: meeting_project492.clean_comment 2024-03-11T02:30:43.192787+00:00 [running]> on host fe457b6d1f83
[2024-03-11 02:30:47,980] {taskinstance.py:1254} INFO - Exporting the following env vars:
AIRFLOW_CTX_DAG_OWNER=***
AIRFLOW_CTX_DAG_ID=meeting_project492
AIRFLOW_CTX_TASK_ID=clean_comment
AIRFLOW_CTX_EXECUTION_DATE=2024-03-11T02:30:43.192787+00:00
AIRFLOW_CTX_DAG_RUN_ID=manual__2024-03-11T02:30:43.192787+00:00
[2024-03-11 02:30:48,000] {logging_mixin.py:109} INFO - Output to /home/tnanun/***-meet/data/data_com.csv yoyoyoyoyoyo
[2024-03-11 02:30:48,000] {python.py:151} INFO - Done. Returned value was: None
[2024-03-11 02:30:48,013] {taskinstance.py:1219} INFO - Marking task as SUCCESS. dag_id=meeting_project492, task_id=clean_comment, execution_date=20240311T023043, start_date=20240311T023047, end_date=20240311T023048
[2024-03-11 02:30:48,049] {local_task_job.py:151} INFO - Task exited with return code 0
[2024-03-11 02:30:48,089] {local_task_job.py:261} INFO - 1 downstream tasks scheduled from follow-on schedule check
