[2023-12-06 07:46:08,072] {taskinstance.py:903} INFO - Dependencies all met for <TaskInstance: meeting.clean_answers 2023-12-03T15:00:00+00:00 [queued]>
[2023-12-06 07:46:08,084] {taskinstance.py:903} INFO - Dependencies all met for <TaskInstance: meeting.clean_answers 2023-12-03T15:00:00+00:00 [queued]>
[2023-12-06 07:46:08,084] {taskinstance.py:1095} INFO - 
--------------------------------------------------------------------------------
[2023-12-06 07:46:08,084] {taskinstance.py:1096} INFO - Starting attempt 1 of 1
[2023-12-06 07:46:08,084] {taskinstance.py:1097} INFO - 
--------------------------------------------------------------------------------
[2023-12-06 07:46:08,100] {taskinstance.py:1115} INFO - Executing <Task(PythonOperator): clean_answers> on 2023-12-03T15:00:00+00:00
[2023-12-06 07:46:08,105] {standard_task_runner.py:52} INFO - Started process 484 to run task
[2023-12-06 07:46:08,107] {standard_task_runner.py:76} INFO - Running: ['***', 'tasks', 'run', 'meeting', 'clean_answers', '2023-12-03T15:00:00+00:00', '--job-id', '89', '--pool', 'default_pool', '--raw', '--subdir', 'DAGS_FOLDER/first_dag.py', '--cfg-path', '/tmp/tmpqj94joq2', '--error-file', '/tmp/tmpucdun6ln']
[2023-12-06 07:46:08,110] {standard_task_runner.py:77} INFO - Job 89: Subtask clean_answers
[2023-12-06 07:46:08,146] {logging_mixin.py:109} INFO - Running <TaskInstance: meeting.clean_answers 2023-12-03T15:00:00+00:00 [running]> on host 290bde24ac9b
[2023-12-06 07:46:08,195] {taskinstance.py:1254} INFO - Exporting the following env vars:
AIRFLOW_CTX_DAG_OWNER=***
AIRFLOW_CTX_DAG_ID=meeting
AIRFLOW_CTX_TASK_ID=clean_answers
AIRFLOW_CTX_EXECUTION_DATE=2023-12-03T15:00:00+00:00
AIRFLOW_CTX_DAG_RUN_ID=scheduled__2023-12-03T15:00:00+00:00
[2023-12-06 07:46:08,234] {logging_mixin.py:109} INFO - Output to /home/tnanun/***-meet/data/data_ans.csv yoyoyoyoyoyo
[2023-12-06 07:46:08,235] {python.py:151} INFO - Done. Returned value was: None
[2023-12-06 07:46:08,245] {taskinstance.py:1219} INFO - Marking task as SUCCESS. dag_id=meeting, task_id=clean_answers, execution_date=20231203T150000, start_date=20231206T074608, end_date=20231206T074608
[2023-12-06 07:46:08,280] {local_task_job.py:151} INFO - Task exited with return code 0
[2023-12-06 07:46:08,310] {local_task_job.py:261} INFO - 0 downstream tasks scheduled from follow-on schedule check
