[2023-12-08 14:01:05,047] {processor.py:162} INFO - Started process (PID=397) to work on /home/airflow/.local/lib/python3.6/site-packages/airflow/example_dags/example_subdag_operator.py
[2023-12-08 14:01:05,048] {processor.py:613} INFO - Processing file /home/airflow/.local/lib/python3.6/site-packages/airflow/example_dags/example_subdag_operator.py for tasks to queue
[2023-12-08 14:01:05,048] {logging_mixin.py:109} INFO - [2023-12-08 14:01:05,048] {dagbag.py:496} INFO - Filling up the DagBag from /home/airflow/.local/lib/python3.6/site-packages/airflow/example_dags/example_subdag_operator.py
[2023-12-08 14:01:05,073] {processor.py:623} INFO - DAG(s) dict_keys(['example_subdag_operator.section-1', 'example_subdag_operator.section-2', 'example_subdag_operator']) retrieved from /home/airflow/.local/lib/python3.6/site-packages/airflow/example_dags/example_subdag_operator.py
[2023-12-08 14:01:05,234] {logging_mixin.py:109} INFO - [2023-12-08 14:01:05,233] {dag.py:1834} INFO - Sync 3 DAGs
[2023-12-08 14:01:05,245] {logging_mixin.py:109} INFO - [2023-12-08 14:01:05,245] {dag.py:2287} INFO - Setting next_dagrun for example_subdag_operator to 2023-12-06 00:00:00+00:00
[2023-12-08 14:01:05,246] {logging_mixin.py:109} INFO - [2023-12-08 14:01:05,246] {dag.py:2287} INFO - Setting next_dagrun for example_subdag_operator.section-1 to None
[2023-12-08 14:01:05,246] {logging_mixin.py:109} INFO - [2023-12-08 14:01:05,246] {dag.py:2287} INFO - Setting next_dagrun for example_subdag_operator.section-2 to None
[2023-12-08 14:01:05,259] {logging_mixin.py:109} INFO - [2023-12-08 14:01:05,258] {dag.py:1834} INFO - Sync 2 DAGs
[2023-12-08 14:01:05,264] {logging_mixin.py:109} INFO - [2023-12-08 14:01:05,264] {dag.py:2287} INFO - Setting next_dagrun for example_subdag_operator.section-1 to None
[2023-12-08 14:01:05,265] {logging_mixin.py:109} INFO - [2023-12-08 14:01:05,265] {dag.py:2287} INFO - Setting next_dagrun for example_subdag_operator.section-2 to None
[2023-12-08 14:01:05,273] {processor.py:170} INFO - Processing /home/airflow/.local/lib/python3.6/site-packages/airflow/example_dags/example_subdag_operator.py took 0.229 seconds
[2023-12-08 14:01:36,002] {processor.py:162} INFO - Started process (PID=677) to work on /home/airflow/.local/lib/python3.6/site-packages/airflow/example_dags/example_subdag_operator.py
[2023-12-08 14:01:36,003] {processor.py:613} INFO - Processing file /home/airflow/.local/lib/python3.6/site-packages/airflow/example_dags/example_subdag_operator.py for tasks to queue
[2023-12-08 14:01:36,004] {logging_mixin.py:109} INFO - [2023-12-08 14:01:36,003] {dagbag.py:496} INFO - Filling up the DagBag from /home/airflow/.local/lib/python3.6/site-packages/airflow/example_dags/example_subdag_operator.py
[2023-12-08 14:01:36,029] {processor.py:623} INFO - DAG(s) dict_keys(['example_subdag_operator.section-1', 'example_subdag_operator.section-2', 'example_subdag_operator']) retrieved from /home/airflow/.local/lib/python3.6/site-packages/airflow/example_dags/example_subdag_operator.py
[2023-12-08 14:01:36,039] {logging_mixin.py:109} INFO - [2023-12-08 14:01:36,039] {dag.py:1834} INFO - Sync 3 DAGs
[2023-12-08 14:01:36,051] {logging_mixin.py:109} INFO - [2023-12-08 14:01:36,051] {dag.py:2287} INFO - Setting next_dagrun for example_subdag_operator to 2023-12-06 00:00:00+00:00
[2023-12-08 14:01:36,052] {logging_mixin.py:109} INFO - [2023-12-08 14:01:36,052] {dag.py:2287} INFO - Setting next_dagrun for example_subdag_operator.section-1 to None
[2023-12-08 14:01:36,052] {logging_mixin.py:109} INFO - [2023-12-08 14:01:36,052] {dag.py:2287} INFO - Setting next_dagrun for example_subdag_operator.section-2 to None
[2023-12-08 14:01:36,060] {logging_mixin.py:109} INFO - [2023-12-08 14:01:36,059] {dag.py:1834} INFO - Sync 2 DAGs
[2023-12-08 14:01:36,065] {logging_mixin.py:109} INFO - [2023-12-08 14:01:36,065] {dag.py:2287} INFO - Setting next_dagrun for example_subdag_operator.section-1 to None
[2023-12-08 14:01:36,065] {logging_mixin.py:109} INFO - [2023-12-08 14:01:36,065] {dag.py:2287} INFO - Setting next_dagrun for example_subdag_operator.section-2 to None
[2023-12-08 14:01:36,073] {processor.py:170} INFO - Processing /home/airflow/.local/lib/python3.6/site-packages/airflow/example_dags/example_subdag_operator.py took 0.074 seconds
[2023-12-08 14:02:06,190] {processor.py:162} INFO - Started process (PID=882) to work on /home/airflow/.local/lib/python3.6/site-packages/airflow/example_dags/example_subdag_operator.py
[2023-12-08 14:02:06,191] {processor.py:613} INFO - Processing file /home/airflow/.local/lib/python3.6/site-packages/airflow/example_dags/example_subdag_operator.py for tasks to queue
[2023-12-08 14:02:06,192] {logging_mixin.py:109} INFO - [2023-12-08 14:02:06,192] {dagbag.py:496} INFO - Filling up the DagBag from /home/airflow/.local/lib/python3.6/site-packages/airflow/example_dags/example_subdag_operator.py
[2023-12-08 14:02:06,222] {processor.py:623} INFO - DAG(s) dict_keys(['example_subdag_operator.section-1', 'example_subdag_operator.section-2', 'example_subdag_operator']) retrieved from /home/airflow/.local/lib/python3.6/site-packages/airflow/example_dags/example_subdag_operator.py
[2023-12-08 14:02:06,236] {logging_mixin.py:109} INFO - [2023-12-08 14:02:06,236] {dag.py:1834} INFO - Sync 3 DAGs
[2023-12-08 14:02:06,251] {logging_mixin.py:109} INFO - [2023-12-08 14:02:06,250] {dag.py:2287} INFO - Setting next_dagrun for example_subdag_operator to 2023-12-06 00:00:00+00:00
[2023-12-08 14:02:06,251] {logging_mixin.py:109} INFO - [2023-12-08 14:02:06,251] {dag.py:2287} INFO - Setting next_dagrun for example_subdag_operator.section-1 to None
[2023-12-08 14:02:06,252] {logging_mixin.py:109} INFO - [2023-12-08 14:02:06,252] {dag.py:2287} INFO - Setting next_dagrun for example_subdag_operator.section-2 to None
[2023-12-08 14:02:06,261] {logging_mixin.py:109} INFO - [2023-12-08 14:02:06,261] {dag.py:1834} INFO - Sync 2 DAGs
[2023-12-08 14:02:06,267] {logging_mixin.py:109} INFO - [2023-12-08 14:02:06,267] {dag.py:2287} INFO - Setting next_dagrun for example_subdag_operator.section-1 to None
[2023-12-08 14:02:06,267] {logging_mixin.py:109} INFO - [2023-12-08 14:02:06,267] {dag.py:2287} INFO - Setting next_dagrun for example_subdag_operator.section-2 to None
[2023-12-08 14:02:06,277] {processor.py:170} INFO - Processing /home/airflow/.local/lib/python3.6/site-packages/airflow/example_dags/example_subdag_operator.py took 0.089 seconds
[2023-12-08 14:02:36,849] {processor.py:162} INFO - Started process (PID=1084) to work on /home/airflow/.local/lib/python3.6/site-packages/airflow/example_dags/example_subdag_operator.py
[2023-12-08 14:02:36,851] {processor.py:613} INFO - Processing file /home/airflow/.local/lib/python3.6/site-packages/airflow/example_dags/example_subdag_operator.py for tasks to queue
[2023-12-08 14:02:36,851] {logging_mixin.py:109} INFO - [2023-12-08 14:02:36,851] {dagbag.py:496} INFO - Filling up the DagBag from /home/airflow/.local/lib/python3.6/site-packages/airflow/example_dags/example_subdag_operator.py
[2023-12-08 14:02:36,877] {processor.py:623} INFO - DAG(s) dict_keys(['example_subdag_operator.section-1', 'example_subdag_operator.section-2', 'example_subdag_operator']) retrieved from /home/airflow/.local/lib/python3.6/site-packages/airflow/example_dags/example_subdag_operator.py
[2023-12-08 14:02:36,888] {logging_mixin.py:109} INFO - [2023-12-08 14:02:36,888] {dag.py:1834} INFO - Sync 3 DAGs
[2023-12-08 14:02:36,898] {logging_mixin.py:109} INFO - [2023-12-08 14:02:36,898] {dag.py:2287} INFO - Setting next_dagrun for example_subdag_operator to 2023-12-06 00:00:00+00:00
[2023-12-08 14:02:36,900] {logging_mixin.py:109} INFO - [2023-12-08 14:02:36,899] {dag.py:2287} INFO - Setting next_dagrun for example_subdag_operator.section-1 to None
[2023-12-08 14:02:36,900] {logging_mixin.py:109} INFO - [2023-12-08 14:02:36,900] {dag.py:2287} INFO - Setting next_dagrun for example_subdag_operator.section-2 to None
[2023-12-08 14:02:36,909] {logging_mixin.py:109} INFO - [2023-12-08 14:02:36,909] {dag.py:1834} INFO - Sync 2 DAGs
[2023-12-08 14:02:36,915] {logging_mixin.py:109} INFO - [2023-12-08 14:02:36,915] {dag.py:2287} INFO - Setting next_dagrun for example_subdag_operator.section-1 to None
[2023-12-08 14:02:36,915] {logging_mixin.py:109} INFO - [2023-12-08 14:02:36,915] {dag.py:2287} INFO - Setting next_dagrun for example_subdag_operator.section-2 to None
[2023-12-08 14:02:36,924] {processor.py:170} INFO - Processing /home/airflow/.local/lib/python3.6/site-packages/airflow/example_dags/example_subdag_operator.py took 0.076 seconds
