[2023-12-08 14:01:02,091] {processor.py:162} INFO - Started process (PID=283) to work on /home/airflow/.local/lib/python3.6/site-packages/airflow/example_dags/example_task_group.py
[2023-12-08 14:01:02,092] {processor.py:613} INFO - Processing file /home/airflow/.local/lib/python3.6/site-packages/airflow/example_dags/example_task_group.py for tasks to queue
[2023-12-08 14:01:02,093] {logging_mixin.py:109} INFO - [2023-12-08 14:01:02,092] {dagbag.py:496} INFO - Filling up the DagBag from /home/airflow/.local/lib/python3.6/site-packages/airflow/example_dags/example_task_group.py
[2023-12-08 14:01:02,113] {processor.py:623} INFO - DAG(s) dict_keys(['example_task_group']) retrieved from /home/airflow/.local/lib/python3.6/site-packages/airflow/example_dags/example_task_group.py
[2023-12-08 14:01:02,417] {logging_mixin.py:109} INFO - [2023-12-08 14:01:02,417] {dag.py:1834} INFO - Sync 1 DAGs
[2023-12-08 14:01:02,433] {logging_mixin.py:109} INFO - [2023-12-08 14:01:02,433] {dag.py:2287} INFO - Setting next_dagrun for example_task_group to 2023-12-06 00:00:00+00:00
[2023-12-08 14:01:02,448] {processor.py:170} INFO - Processing /home/airflow/.local/lib/python3.6/site-packages/airflow/example_dags/example_task_group.py took 0.362 seconds
[2023-12-08 14:01:33,359] {processor.py:162} INFO - Started process (PID=570) to work on /home/airflow/.local/lib/python3.6/site-packages/airflow/example_dags/example_task_group.py
[2023-12-08 14:01:33,514] {processor.py:613} INFO - Processing file /home/airflow/.local/lib/python3.6/site-packages/airflow/example_dags/example_task_group.py for tasks to queue
[2023-12-08 14:01:33,515] {logging_mixin.py:109} INFO - [2023-12-08 14:01:33,515] {dagbag.py:496} INFO - Filling up the DagBag from /home/airflow/.local/lib/python3.6/site-packages/airflow/example_dags/example_task_group.py
[2023-12-08 14:01:33,525] {processor.py:623} INFO - DAG(s) dict_keys(['example_task_group']) retrieved from /home/airflow/.local/lib/python3.6/site-packages/airflow/example_dags/example_task_group.py
[2023-12-08 14:01:33,542] {logging_mixin.py:109} INFO - [2023-12-08 14:01:33,542] {dag.py:1834} INFO - Sync 1 DAGs
[2023-12-08 14:01:33,553] {logging_mixin.py:109} INFO - [2023-12-08 14:01:33,553] {dag.py:2287} INFO - Setting next_dagrun for example_task_group to 2023-12-06 00:00:00+00:00
[2023-12-08 14:01:33,685] {processor.py:170} INFO - Processing /home/airflow/.local/lib/python3.6/site-packages/airflow/example_dags/example_task_group.py took 0.328 seconds
[2023-12-08 14:02:03,975] {processor.py:162} INFO - Started process (PID=774) to work on /home/airflow/.local/lib/python3.6/site-packages/airflow/example_dags/example_task_group.py
[2023-12-08 14:02:03,977] {processor.py:613} INFO - Processing file /home/airflow/.local/lib/python3.6/site-packages/airflow/example_dags/example_task_group.py for tasks to queue
[2023-12-08 14:02:03,978] {logging_mixin.py:109} INFO - [2023-12-08 14:02:03,978] {dagbag.py:496} INFO - Filling up the DagBag from /home/airflow/.local/lib/python3.6/site-packages/airflow/example_dags/example_task_group.py
[2023-12-08 14:02:03,989] {processor.py:623} INFO - DAG(s) dict_keys(['example_task_group']) retrieved from /home/airflow/.local/lib/python3.6/site-packages/airflow/example_dags/example_task_group.py
[2023-12-08 14:02:04,009] {logging_mixin.py:109} INFO - [2023-12-08 14:02:04,009] {dag.py:1834} INFO - Sync 1 DAGs
[2023-12-08 14:02:04,021] {logging_mixin.py:109} INFO - [2023-12-08 14:02:04,021] {dag.py:2287} INFO - Setting next_dagrun for example_task_group to 2023-12-06 00:00:00+00:00
[2023-12-08 14:02:04,031] {processor.py:170} INFO - Processing /home/airflow/.local/lib/python3.6/site-packages/airflow/example_dags/example_task_group.py took 0.058 seconds
[2023-12-08 14:02:34,830] {processor.py:162} INFO - Started process (PID=970) to work on /home/airflow/.local/lib/python3.6/site-packages/airflow/example_dags/example_task_group.py
[2023-12-08 14:02:34,831] {processor.py:613} INFO - Processing file /home/airflow/.local/lib/python3.6/site-packages/airflow/example_dags/example_task_group.py for tasks to queue
[2023-12-08 14:02:34,831] {logging_mixin.py:109} INFO - [2023-12-08 14:02:34,831] {dagbag.py:496} INFO - Filling up the DagBag from /home/airflow/.local/lib/python3.6/site-packages/airflow/example_dags/example_task_group.py
[2023-12-08 14:02:34,841] {processor.py:623} INFO - DAG(s) dict_keys(['example_task_group']) retrieved from /home/airflow/.local/lib/python3.6/site-packages/airflow/example_dags/example_task_group.py
[2023-12-08 14:02:34,859] {logging_mixin.py:109} INFO - [2023-12-08 14:02:34,858] {dag.py:1834} INFO - Sync 1 DAGs
[2023-12-08 14:02:34,870] {logging_mixin.py:109} INFO - [2023-12-08 14:02:34,870] {dag.py:2287} INFO - Setting next_dagrun for example_task_group to 2023-12-06 00:00:00+00:00
[2023-12-08 14:02:34,880] {processor.py:170} INFO - Processing /home/airflow/.local/lib/python3.6/site-packages/airflow/example_dags/example_task_group.py took 0.053 seconds
