[2023-12-08 14:01:04,357] {processor.py:162} INFO - Started process (PID=370) to work on /home/airflow/.local/lib/python3.6/site-packages/airflow/example_dags/example_task_group_decorator.py
[2023-12-08 14:01:04,358] {processor.py:613} INFO - Processing file /home/airflow/.local/lib/python3.6/site-packages/airflow/example_dags/example_task_group_decorator.py for tasks to queue
[2023-12-08 14:01:04,359] {logging_mixin.py:109} INFO - [2023-12-08 14:01:04,359] {dagbag.py:496} INFO - Filling up the DagBag from /home/airflow/.local/lib/python3.6/site-packages/airflow/example_dags/example_task_group_decorator.py
[2023-12-08 14:01:04,380] {processor.py:623} INFO - DAG(s) dict_keys(['example_task_group_decorator']) retrieved from /home/airflow/.local/lib/python3.6/site-packages/airflow/example_dags/example_task_group_decorator.py
[2023-12-08 14:01:04,550] {logging_mixin.py:109} INFO - [2023-12-08 14:01:04,550] {dag.py:1834} INFO - Sync 1 DAGs
[2023-12-08 14:01:04,562] {logging_mixin.py:109} INFO - [2023-12-08 14:01:04,562] {dag.py:2287} INFO - Setting next_dagrun for example_task_group_decorator to 2023-12-06 00:00:00+00:00
[2023-12-08 14:01:04,576] {processor.py:170} INFO - Processing /home/airflow/.local/lib/python3.6/site-packages/airflow/example_dags/example_task_group_decorator.py took 0.221 seconds
[2023-12-08 14:01:34,603] {processor.py:162} INFO - Started process (PID=650) to work on /home/airflow/.local/lib/python3.6/site-packages/airflow/example_dags/example_task_group_decorator.py
[2023-12-08 14:01:34,604] {processor.py:613} INFO - Processing file /home/airflow/.local/lib/python3.6/site-packages/airflow/example_dags/example_task_group_decorator.py for tasks to queue
[2023-12-08 14:01:34,605] {logging_mixin.py:109} INFO - [2023-12-08 14:01:34,605] {dagbag.py:496} INFO - Filling up the DagBag from /home/airflow/.local/lib/python3.6/site-packages/airflow/example_dags/example_task_group_decorator.py
[2023-12-08 14:01:34,625] {processor.py:623} INFO - DAG(s) dict_keys(['example_task_group_decorator']) retrieved from /home/airflow/.local/lib/python3.6/site-packages/airflow/example_dags/example_task_group_decorator.py
[2023-12-08 14:01:34,796] {logging_mixin.py:109} INFO - [2023-12-08 14:01:34,795] {dag.py:1834} INFO - Sync 1 DAGs
[2023-12-08 14:01:34,806] {logging_mixin.py:109} INFO - [2023-12-08 14:01:34,806] {dag.py:2287} INFO - Setting next_dagrun for example_task_group_decorator to 2023-12-06 00:00:00+00:00
[2023-12-08 14:01:34,819] {processor.py:170} INFO - Processing /home/airflow/.local/lib/python3.6/site-packages/airflow/example_dags/example_task_group_decorator.py took 0.219 seconds
[2023-12-08 14:02:04,849] {processor.py:162} INFO - Started process (PID=857) to work on /home/airflow/.local/lib/python3.6/site-packages/airflow/example_dags/example_task_group_decorator.py
[2023-12-08 14:02:04,850] {processor.py:613} INFO - Processing file /home/airflow/.local/lib/python3.6/site-packages/airflow/example_dags/example_task_group_decorator.py for tasks to queue
[2023-12-08 14:02:04,850] {logging_mixin.py:109} INFO - [2023-12-08 14:02:04,850] {dagbag.py:496} INFO - Filling up the DagBag from /home/airflow/.local/lib/python3.6/site-packages/airflow/example_dags/example_task_group_decorator.py
[2023-12-08 14:02:04,867] {processor.py:623} INFO - DAG(s) dict_keys(['example_task_group_decorator']) retrieved from /home/airflow/.local/lib/python3.6/site-packages/airflow/example_dags/example_task_group_decorator.py
[2023-12-08 14:02:05,013] {logging_mixin.py:109} INFO - [2023-12-08 14:02:05,013] {dag.py:1834} INFO - Sync 1 DAGs
[2023-12-08 14:02:05,023] {logging_mixin.py:109} INFO - [2023-12-08 14:02:05,023] {dag.py:2287} INFO - Setting next_dagrun for example_task_group_decorator to 2023-12-06 00:00:00+00:00
[2023-12-08 14:02:05,034] {processor.py:170} INFO - Processing /home/airflow/.local/lib/python3.6/site-packages/airflow/example_dags/example_task_group_decorator.py took 0.187 seconds
[2023-12-08 14:02:35,598] {processor.py:162} INFO - Started process (PID=1050) to work on /home/airflow/.local/lib/python3.6/site-packages/airflow/example_dags/example_task_group_decorator.py
[2023-12-08 14:02:35,599] {processor.py:613} INFO - Processing file /home/airflow/.local/lib/python3.6/site-packages/airflow/example_dags/example_task_group_decorator.py for tasks to queue
[2023-12-08 14:02:35,600] {logging_mixin.py:109} INFO - [2023-12-08 14:02:35,600] {dagbag.py:496} INFO - Filling up the DagBag from /home/airflow/.local/lib/python3.6/site-packages/airflow/example_dags/example_task_group_decorator.py
[2023-12-08 14:02:35,623] {processor.py:623} INFO - DAG(s) dict_keys(['example_task_group_decorator']) retrieved from /home/airflow/.local/lib/python3.6/site-packages/airflow/example_dags/example_task_group_decorator.py
[2023-12-08 14:02:35,798] {logging_mixin.py:109} INFO - [2023-12-08 14:02:35,798] {dag.py:1834} INFO - Sync 1 DAGs
[2023-12-08 14:02:35,808] {logging_mixin.py:109} INFO - [2023-12-08 14:02:35,808] {dag.py:2287} INFO - Setting next_dagrun for example_task_group_decorator to 2023-12-06 00:00:00+00:00
[2023-12-08 14:02:35,820] {processor.py:170} INFO - Processing /home/airflow/.local/lib/python3.6/site-packages/airflow/example_dags/example_task_group_decorator.py took 0.225 seconds
