[2023-12-08 14:01:02,467] {processor.py:162} INFO - Started process (PID=299) to work on /home/airflow/.local/lib/python3.6/site-packages/airflow/example_dags/example_kubernetes_executor_config.py
[2023-12-08 14:01:02,468] {processor.py:613} INFO - Processing file /home/airflow/.local/lib/python3.6/site-packages/airflow/example_dags/example_kubernetes_executor_config.py for tasks to queue
[2023-12-08 14:01:02,469] {logging_mixin.py:109} INFO - [2023-12-08 14:01:02,468] {dagbag.py:496} INFO - Filling up the DagBag from /home/airflow/.local/lib/python3.6/site-packages/airflow/example_dags/example_kubernetes_executor_config.py
[2023-12-08 14:01:02,481] {processor.py:623} INFO - DAG(s) dict_keys(['example_kubernetes_executor_config']) retrieved from /home/airflow/.local/lib/python3.6/site-packages/airflow/example_dags/example_kubernetes_executor_config.py
[2023-12-08 14:01:02,660] {logging_mixin.py:109} INFO - [2023-12-08 14:01:02,660] {dag.py:1834} INFO - Sync 1 DAGs
[2023-12-08 14:01:02,670] {logging_mixin.py:109} INFO - [2023-12-08 14:01:02,670] {dag.py:2287} INFO - Setting next_dagrun for example_kubernetes_executor_config to None
[2023-12-08 14:01:02,684] {processor.py:170} INFO - Processing /home/airflow/.local/lib/python3.6/site-packages/airflow/example_dags/example_kubernetes_executor_config.py took 0.219 seconds
[2023-12-08 14:01:33,710] {processor.py:162} INFO - Started process (PID=580) to work on /home/airflow/.local/lib/python3.6/site-packages/airflow/example_dags/example_kubernetes_executor_config.py
[2023-12-08 14:01:33,714] {processor.py:613} INFO - Processing file /home/airflow/.local/lib/python3.6/site-packages/airflow/example_dags/example_kubernetes_executor_config.py for tasks to queue
[2023-12-08 14:01:33,714] {logging_mixin.py:109} INFO - [2023-12-08 14:01:33,714] {dagbag.py:496} INFO - Filling up the DagBag from /home/airflow/.local/lib/python3.6/site-packages/airflow/example_dags/example_kubernetes_executor_config.py
[2023-12-08 14:01:33,730] {processor.py:623} INFO - DAG(s) dict_keys(['example_kubernetes_executor_config']) retrieved from /home/airflow/.local/lib/python3.6/site-packages/airflow/example_dags/example_kubernetes_executor_config.py
[2023-12-08 14:01:33,766] {logging_mixin.py:109} INFO - [2023-12-08 14:01:33,766] {dag.py:1834} INFO - Sync 1 DAGs
[2023-12-08 14:01:33,783] {logging_mixin.py:109} INFO - [2023-12-08 14:01:33,783] {dag.py:2287} INFO - Setting next_dagrun for example_kubernetes_executor_config to None
[2023-12-08 14:01:33,798] {processor.py:170} INFO - Processing /home/airflow/.local/lib/python3.6/site-packages/airflow/example_dags/example_kubernetes_executor_config.py took 0.091 seconds
[2023-12-08 14:02:04,126] {processor.py:162} INFO - Started process (PID=785) to work on /home/airflow/.local/lib/python3.6/site-packages/airflow/example_dags/example_kubernetes_executor_config.py
[2023-12-08 14:02:04,127] {processor.py:613} INFO - Processing file /home/airflow/.local/lib/python3.6/site-packages/airflow/example_dags/example_kubernetes_executor_config.py for tasks to queue
[2023-12-08 14:02:04,127] {logging_mixin.py:109} INFO - [2023-12-08 14:02:04,127] {dagbag.py:496} INFO - Filling up the DagBag from /home/airflow/.local/lib/python3.6/site-packages/airflow/example_dags/example_kubernetes_executor_config.py
[2023-12-08 14:02:04,137] {processor.py:623} INFO - DAG(s) dict_keys(['example_kubernetes_executor_config']) retrieved from /home/airflow/.local/lib/python3.6/site-packages/airflow/example_dags/example_kubernetes_executor_config.py
[2023-12-08 14:02:04,156] {logging_mixin.py:109} INFO - [2023-12-08 14:02:04,156] {dag.py:1834} INFO - Sync 1 DAGs
[2023-12-08 14:02:04,167] {logging_mixin.py:109} INFO - [2023-12-08 14:02:04,167] {dag.py:2287} INFO - Setting next_dagrun for example_kubernetes_executor_config to None
[2023-12-08 14:02:04,177] {processor.py:170} INFO - Processing /home/airflow/.local/lib/python3.6/site-packages/airflow/example_dags/example_kubernetes_executor_config.py took 0.053 seconds
[2023-12-08 14:02:34,973] {processor.py:162} INFO - Started process (PID=980) to work on /home/airflow/.local/lib/python3.6/site-packages/airflow/example_dags/example_kubernetes_executor_config.py
[2023-12-08 14:02:34,974] {processor.py:613} INFO - Processing file /home/airflow/.local/lib/python3.6/site-packages/airflow/example_dags/example_kubernetes_executor_config.py for tasks to queue
[2023-12-08 14:02:34,975] {logging_mixin.py:109} INFO - [2023-12-08 14:02:34,975] {dagbag.py:496} INFO - Filling up the DagBag from /home/airflow/.local/lib/python3.6/site-packages/airflow/example_dags/example_kubernetes_executor_config.py
[2023-12-08 14:02:34,985] {processor.py:623} INFO - DAG(s) dict_keys(['example_kubernetes_executor_config']) retrieved from /home/airflow/.local/lib/python3.6/site-packages/airflow/example_dags/example_kubernetes_executor_config.py
[2023-12-08 14:02:35,005] {logging_mixin.py:109} INFO - [2023-12-08 14:02:35,005] {dag.py:1834} INFO - Sync 1 DAGs
[2023-12-08 14:02:35,017] {logging_mixin.py:109} INFO - [2023-12-08 14:02:35,017] {dag.py:2287} INFO - Setting next_dagrun for example_kubernetes_executor_config to None
[2023-12-08 14:02:35,028] {processor.py:170} INFO - Processing /home/airflow/.local/lib/python3.6/site-packages/airflow/example_dags/example_kubernetes_executor_config.py took 0.057 seconds
