[2023-12-08 14:01:03,604] {processor.py:162} INFO - Started process (PID=340) to work on /home/airflow/.local/lib/python3.6/site-packages/airflow/example_dags/example_python_operator.py
[2023-12-08 14:01:03,605] {processor.py:613} INFO - Processing file /home/airflow/.local/lib/python3.6/site-packages/airflow/example_dags/example_python_operator.py for tasks to queue
[2023-12-08 14:01:03,605] {logging_mixin.py:109} INFO - [2023-12-08 14:01:03,605] {dagbag.py:496} INFO - Filling up the DagBag from /home/airflow/.local/lib/python3.6/site-packages/airflow/example_dags/example_python_operator.py
[2023-12-08 14:01:03,615] {processor.py:623} INFO - DAG(s) dict_keys(['example_python_operator']) retrieved from /home/airflow/.local/lib/python3.6/site-packages/airflow/example_dags/example_python_operator.py
[2023-12-08 14:01:03,797] {logging_mixin.py:109} INFO - [2023-12-08 14:01:03,797] {dag.py:1834} INFO - Sync 1 DAGs
[2023-12-08 14:01:03,810] {logging_mixin.py:109} INFO - [2023-12-08 14:01:03,809] {dag.py:2287} INFO - Setting next_dagrun for example_python_operator to None
[2023-12-08 14:01:03,824] {processor.py:170} INFO - Processing /home/airflow/.local/lib/python3.6/site-packages/airflow/example_dags/example_python_operator.py took 0.223 seconds
[2023-12-08 14:01:34,221] {processor.py:162} INFO - Started process (PID=620) to work on /home/airflow/.local/lib/python3.6/site-packages/airflow/example_dags/example_python_operator.py
[2023-12-08 14:01:34,223] {processor.py:613} INFO - Processing file /home/airflow/.local/lib/python3.6/site-packages/airflow/example_dags/example_python_operator.py for tasks to queue
[2023-12-08 14:01:34,224] {logging_mixin.py:109} INFO - [2023-12-08 14:01:34,224] {dagbag.py:496} INFO - Filling up the DagBag from /home/airflow/.local/lib/python3.6/site-packages/airflow/example_dags/example_python_operator.py
[2023-12-08 14:01:34,235] {processor.py:623} INFO - DAG(s) dict_keys(['example_python_operator']) retrieved from /home/airflow/.local/lib/python3.6/site-packages/airflow/example_dags/example_python_operator.py
[2023-12-08 14:01:34,261] {logging_mixin.py:109} INFO - [2023-12-08 14:01:34,261] {dag.py:1834} INFO - Sync 1 DAGs
[2023-12-08 14:01:34,274] {logging_mixin.py:109} INFO - [2023-12-08 14:01:34,274] {dag.py:2287} INFO - Setting next_dagrun for example_python_operator to None
[2023-12-08 14:01:34,285] {processor.py:170} INFO - Processing /home/airflow/.local/lib/python3.6/site-packages/airflow/example_dags/example_python_operator.py took 0.067 seconds
[2023-12-08 14:02:04,523] {processor.py:162} INFO - Started process (PID=825) to work on /home/airflow/.local/lib/python3.6/site-packages/airflow/example_dags/example_python_operator.py
[2023-12-08 14:02:04,524] {processor.py:613} INFO - Processing file /home/airflow/.local/lib/python3.6/site-packages/airflow/example_dags/example_python_operator.py for tasks to queue
[2023-12-08 14:02:04,525] {logging_mixin.py:109} INFO - [2023-12-08 14:02:04,525] {dagbag.py:496} INFO - Filling up the DagBag from /home/airflow/.local/lib/python3.6/site-packages/airflow/example_dags/example_python_operator.py
[2023-12-08 14:02:04,533] {processor.py:623} INFO - DAG(s) dict_keys(['example_python_operator']) retrieved from /home/airflow/.local/lib/python3.6/site-packages/airflow/example_dags/example_python_operator.py
[2023-12-08 14:02:04,552] {logging_mixin.py:109} INFO - [2023-12-08 14:02:04,552] {dag.py:1834} INFO - Sync 1 DAGs
[2023-12-08 14:02:04,565] {logging_mixin.py:109} INFO - [2023-12-08 14:02:04,564] {dag.py:2287} INFO - Setting next_dagrun for example_python_operator to None
[2023-12-08 14:02:04,575] {processor.py:170} INFO - Processing /home/airflow/.local/lib/python3.6/site-packages/airflow/example_dags/example_python_operator.py took 0.054 seconds
[2023-12-08 14:02:35,318] {processor.py:162} INFO - Started process (PID=1021) to work on /home/airflow/.local/lib/python3.6/site-packages/airflow/example_dags/example_python_operator.py
[2023-12-08 14:02:35,320] {processor.py:613} INFO - Processing file /home/airflow/.local/lib/python3.6/site-packages/airflow/example_dags/example_python_operator.py for tasks to queue
[2023-12-08 14:02:35,320] {logging_mixin.py:109} INFO - [2023-12-08 14:02:35,320] {dagbag.py:496} INFO - Filling up the DagBag from /home/airflow/.local/lib/python3.6/site-packages/airflow/example_dags/example_python_operator.py
[2023-12-08 14:02:35,330] {processor.py:623} INFO - DAG(s) dict_keys(['example_python_operator']) retrieved from /home/airflow/.local/lib/python3.6/site-packages/airflow/example_dags/example_python_operator.py
[2023-12-08 14:02:35,348] {logging_mixin.py:109} INFO - [2023-12-08 14:02:35,348] {dag.py:1834} INFO - Sync 1 DAGs
[2023-12-08 14:02:35,358] {logging_mixin.py:109} INFO - [2023-12-08 14:02:35,358] {dag.py:2287} INFO - Setting next_dagrun for example_python_operator to None
[2023-12-08 14:02:35,369] {processor.py:170} INFO - Processing /home/airflow/.local/lib/python3.6/site-packages/airflow/example_dags/example_python_operator.py took 0.052 seconds
