[2023-12-08 14:01:01,428] {processor.py:162} INFO - Started process (PID=261) to work on /home/airflow/.local/lib/python3.6/site-packages/airflow/example_dags/example_kubernetes_executor.py
[2023-12-08 14:01:01,430] {processor.py:613} INFO - Processing file /home/airflow/.local/lib/python3.6/site-packages/airflow/example_dags/example_kubernetes_executor.py for tasks to queue
[2023-12-08 14:01:01,431] {logging_mixin.py:109} INFO - [2023-12-08 14:01:01,431] {dagbag.py:496} INFO - Filling up the DagBag from /home/airflow/.local/lib/python3.6/site-packages/airflow/example_dags/example_kubernetes_executor.py
[2023-12-08 14:01:01,452] {processor.py:623} INFO - DAG(s) dict_keys(['example_kubernetes_executor']) retrieved from /home/airflow/.local/lib/python3.6/site-packages/airflow/example_dags/example_kubernetes_executor.py
[2023-12-08 14:01:01,687] {logging_mixin.py:109} INFO - [2023-12-08 14:01:01,687] {dag.py:1834} INFO - Sync 1 DAGs
[2023-12-08 14:01:01,700] {logging_mixin.py:109} INFO - [2023-12-08 14:01:01,700] {dag.py:2287} INFO - Setting next_dagrun for example_kubernetes_executor to None
[2023-12-08 14:01:01,715] {processor.py:170} INFO - Processing /home/airflow/.local/lib/python3.6/site-packages/airflow/example_dags/example_kubernetes_executor.py took 0.290 seconds
[2023-12-08 14:01:31,988] {processor.py:162} INFO - Started process (PID=537) to work on /home/airflow/.local/lib/python3.6/site-packages/airflow/example_dags/example_kubernetes_executor.py
[2023-12-08 14:01:32,014] {processor.py:613} INFO - Processing file /home/airflow/.local/lib/python3.6/site-packages/airflow/example_dags/example_kubernetes_executor.py for tasks to queue
[2023-12-08 14:01:32,015] {logging_mixin.py:109} INFO - [2023-12-08 14:01:32,015] {dagbag.py:496} INFO - Filling up the DagBag from /home/airflow/.local/lib/python3.6/site-packages/airflow/example_dags/example_kubernetes_executor.py
[2023-12-08 14:01:32,027] {processor.py:623} INFO - DAG(s) dict_keys(['example_kubernetes_executor']) retrieved from /home/airflow/.local/lib/python3.6/site-packages/airflow/example_dags/example_kubernetes_executor.py
[2023-12-08 14:01:32,051] {logging_mixin.py:109} INFO - [2023-12-08 14:01:32,051] {dag.py:1834} INFO - Sync 1 DAGs
[2023-12-08 14:01:32,064] {logging_mixin.py:109} INFO - [2023-12-08 14:01:32,063] {dag.py:2287} INFO - Setting next_dagrun for example_kubernetes_executor to None
[2023-12-08 14:01:32,160] {processor.py:170} INFO - Processing /home/airflow/.local/lib/python3.6/site-packages/airflow/example_dags/example_kubernetes_executor.py took 0.174 seconds
[2023-12-08 14:02:02,371] {processor.py:162} INFO - Started process (PID=740) to work on /home/airflow/.local/lib/python3.6/site-packages/airflow/example_dags/example_kubernetes_executor.py
[2023-12-08 14:02:02,373] {processor.py:613} INFO - Processing file /home/airflow/.local/lib/python3.6/site-packages/airflow/example_dags/example_kubernetes_executor.py for tasks to queue
[2023-12-08 14:02:02,373] {logging_mixin.py:109} INFO - [2023-12-08 14:02:02,373] {dagbag.py:496} INFO - Filling up the DagBag from /home/airflow/.local/lib/python3.6/site-packages/airflow/example_dags/example_kubernetes_executor.py
[2023-12-08 14:02:02,381] {processor.py:623} INFO - DAG(s) dict_keys(['example_kubernetes_executor']) retrieved from /home/airflow/.local/lib/python3.6/site-packages/airflow/example_dags/example_kubernetes_executor.py
[2023-12-08 14:02:02,398] {logging_mixin.py:109} INFO - [2023-12-08 14:02:02,398] {dag.py:1834} INFO - Sync 1 DAGs
[2023-12-08 14:02:02,409] {logging_mixin.py:109} INFO - [2023-12-08 14:02:02,409] {dag.py:2287} INFO - Setting next_dagrun for example_kubernetes_executor to None
[2023-12-08 14:02:02,418] {processor.py:170} INFO - Processing /home/airflow/.local/lib/python3.6/site-packages/airflow/example_dags/example_kubernetes_executor.py took 0.049 seconds
[2023-12-08 14:02:32,467] {processor.py:162} INFO - Started process (PID=935) to work on /home/airflow/.local/lib/python3.6/site-packages/airflow/example_dags/example_kubernetes_executor.py
[2023-12-08 14:02:32,468] {processor.py:613} INFO - Processing file /home/airflow/.local/lib/python3.6/site-packages/airflow/example_dags/example_kubernetes_executor.py for tasks to queue
[2023-12-08 14:02:32,469] {logging_mixin.py:109} INFO - [2023-12-08 14:02:32,469] {dagbag.py:496} INFO - Filling up the DagBag from /home/airflow/.local/lib/python3.6/site-packages/airflow/example_dags/example_kubernetes_executor.py
[2023-12-08 14:02:32,478] {processor.py:623} INFO - DAG(s) dict_keys(['example_kubernetes_executor']) retrieved from /home/airflow/.local/lib/python3.6/site-packages/airflow/example_dags/example_kubernetes_executor.py
[2023-12-08 14:02:32,496] {logging_mixin.py:109} INFO - [2023-12-08 14:02:32,495] {dag.py:1834} INFO - Sync 1 DAGs
[2023-12-08 14:02:32,506] {logging_mixin.py:109} INFO - [2023-12-08 14:02:32,506] {dag.py:2287} INFO - Setting next_dagrun for example_kubernetes_executor to None
[2023-12-08 14:02:32,516] {processor.py:170} INFO - Processing /home/airflow/.local/lib/python3.6/site-packages/airflow/example_dags/example_kubernetes_executor.py took 0.051 seconds
