[2023-12-08 14:01:02,440] {processor.py:162} INFO - Started process (PID=294) to work on /home/airflow/.local/lib/python3.6/site-packages/airflow/example_dags/example_complex.py
[2023-12-08 14:01:02,440] {processor.py:613} INFO - Processing file /home/airflow/.local/lib/python3.6/site-packages/airflow/example_dags/example_complex.py for tasks to queue
[2023-12-08 14:01:02,441] {logging_mixin.py:109} INFO - [2023-12-08 14:01:02,441] {dagbag.py:496} INFO - Filling up the DagBag from /home/airflow/.local/lib/python3.6/site-packages/airflow/example_dags/example_complex.py
[2023-12-08 14:01:02,459] {processor.py:623} INFO - DAG(s) dict_keys(['example_complex']) retrieved from /home/airflow/.local/lib/python3.6/site-packages/airflow/example_dags/example_complex.py
[2023-12-08 14:01:02,657] {logging_mixin.py:109} INFO - [2023-12-08 14:01:02,657] {dag.py:1834} INFO - Sync 1 DAGs
[2023-12-08 14:01:02,669] {logging_mixin.py:109} INFO - [2023-12-08 14:01:02,669] {dag.py:2287} INFO - Setting next_dagrun for example_complex to None
[2023-12-08 14:01:02,687] {processor.py:170} INFO - Processing /home/airflow/.local/lib/python3.6/site-packages/airflow/example_dags/example_complex.py took 0.250 seconds
[2023-12-08 14:01:33,667] {processor.py:162} INFO - Started process (PID=575) to work on /home/airflow/.local/lib/python3.6/site-packages/airflow/example_dags/example_complex.py
[2023-12-08 14:01:33,679] {processor.py:613} INFO - Processing file /home/airflow/.local/lib/python3.6/site-packages/airflow/example_dags/example_complex.py for tasks to queue
[2023-12-08 14:01:33,680] {logging_mixin.py:109} INFO - [2023-12-08 14:01:33,680] {dagbag.py:496} INFO - Filling up the DagBag from /home/airflow/.local/lib/python3.6/site-packages/airflow/example_dags/example_complex.py
[2023-12-08 14:01:33,708] {processor.py:623} INFO - DAG(s) dict_keys(['example_complex']) retrieved from /home/airflow/.local/lib/python3.6/site-packages/airflow/example_dags/example_complex.py
[2023-12-08 14:01:33,744] {logging_mixin.py:109} INFO - [2023-12-08 14:01:33,744] {dag.py:1834} INFO - Sync 1 DAGs
[2023-12-08 14:01:33,762] {logging_mixin.py:109} INFO - [2023-12-08 14:01:33,761] {dag.py:2287} INFO - Setting next_dagrun for example_complex to None
[2023-12-08 14:01:33,779] {processor.py:170} INFO - Processing /home/airflow/.local/lib/python3.6/site-packages/airflow/example_dags/example_complex.py took 0.114 seconds
[2023-12-08 14:02:04,049] {processor.py:162} INFO - Started process (PID=780) to work on /home/airflow/.local/lib/python3.6/site-packages/airflow/example_dags/example_complex.py
[2023-12-08 14:02:04,050] {processor.py:613} INFO - Processing file /home/airflow/.local/lib/python3.6/site-packages/airflow/example_dags/example_complex.py for tasks to queue
[2023-12-08 14:02:04,050] {logging_mixin.py:109} INFO - [2023-12-08 14:02:04,050] {dagbag.py:496} INFO - Filling up the DagBag from /home/airflow/.local/lib/python3.6/site-packages/airflow/example_dags/example_complex.py
[2023-12-08 14:02:04,066] {processor.py:623} INFO - DAG(s) dict_keys(['example_complex']) retrieved from /home/airflow/.local/lib/python3.6/site-packages/airflow/example_dags/example_complex.py
[2023-12-08 14:02:04,090] {logging_mixin.py:109} INFO - [2023-12-08 14:02:04,089] {dag.py:1834} INFO - Sync 1 DAGs
[2023-12-08 14:02:04,100] {logging_mixin.py:109} INFO - [2023-12-08 14:02:04,100] {dag.py:2287} INFO - Setting next_dagrun for example_complex to None
[2023-12-08 14:02:04,111] {processor.py:170} INFO - Processing /home/airflow/.local/lib/python3.6/site-packages/airflow/example_dags/example_complex.py took 0.064 seconds
[2023-12-08 14:02:34,897] {processor.py:162} INFO - Started process (PID=975) to work on /home/airflow/.local/lib/python3.6/site-packages/airflow/example_dags/example_complex.py
[2023-12-08 14:02:34,899] {processor.py:613} INFO - Processing file /home/airflow/.local/lib/python3.6/site-packages/airflow/example_dags/example_complex.py for tasks to queue
[2023-12-08 14:02:34,899] {logging_mixin.py:109} INFO - [2023-12-08 14:02:34,899] {dagbag.py:496} INFO - Filling up the DagBag from /home/airflow/.local/lib/python3.6/site-packages/airflow/example_dags/example_complex.py
[2023-12-08 14:02:34,915] {processor.py:623} INFO - DAG(s) dict_keys(['example_complex']) retrieved from /home/airflow/.local/lib/python3.6/site-packages/airflow/example_dags/example_complex.py
[2023-12-08 14:02:34,935] {logging_mixin.py:109} INFO - [2023-12-08 14:02:34,935] {dag.py:1834} INFO - Sync 1 DAGs
[2023-12-08 14:02:34,945] {logging_mixin.py:109} INFO - [2023-12-08 14:02:34,945] {dag.py:2287} INFO - Setting next_dagrun for example_complex to None
[2023-12-08 14:02:34,958] {processor.py:170} INFO - Processing /home/airflow/.local/lib/python3.6/site-packages/airflow/example_dags/example_complex.py took 0.063 seconds
