[2023-12-08 14:01:05,294] {processor.py:162} INFO - Started process (PID=405) to work on /home/airflow/.local/lib/python3.6/site-packages/airflow/example_dags/example_xcomargs.py
[2023-12-08 14:01:05,295] {processor.py:613} INFO - Processing file /home/airflow/.local/lib/python3.6/site-packages/airflow/example_dags/example_xcomargs.py for tasks to queue
[2023-12-08 14:01:05,296] {logging_mixin.py:109} INFO - [2023-12-08 14:01:05,296] {dagbag.py:496} INFO - Filling up the DagBag from /home/airflow/.local/lib/python3.6/site-packages/airflow/example_dags/example_xcomargs.py
[2023-12-08 14:01:05,312] {processor.py:623} INFO - DAG(s) dict_keys(['example_xcom_args', 'example_xcom_args_with_operators']) retrieved from /home/airflow/.local/lib/python3.6/site-packages/airflow/example_dags/example_xcomargs.py
[2023-12-08 14:01:05,498] {logging_mixin.py:109} INFO - [2023-12-08 14:01:05,498] {dag.py:1834} INFO - Sync 2 DAGs
[2023-12-08 14:01:05,509] {logging_mixin.py:109} INFO - [2023-12-08 14:01:05,509] {dag.py:2287} INFO - Setting next_dagrun for example_xcom_args to None
[2023-12-08 14:01:05,510] {logging_mixin.py:109} INFO - [2023-12-08 14:01:05,510] {dag.py:2287} INFO - Setting next_dagrun for example_xcom_args_with_operators to None
[2023-12-08 14:01:05,597] {processor.py:170} INFO - Processing /home/airflow/.local/lib/python3.6/site-packages/airflow/example_dags/example_xcomargs.py took 0.305 seconds
[2023-12-08 14:01:36,090] {processor.py:162} INFO - Started process (PID=685) to work on /home/airflow/.local/lib/python3.6/site-packages/airflow/example_dags/example_xcomargs.py
[2023-12-08 14:01:36,091] {processor.py:613} INFO - Processing file /home/airflow/.local/lib/python3.6/site-packages/airflow/example_dags/example_xcomargs.py for tasks to queue
[2023-12-08 14:01:36,091] {logging_mixin.py:109} INFO - [2023-12-08 14:01:36,091] {dagbag.py:496} INFO - Filling up the DagBag from /home/airflow/.local/lib/python3.6/site-packages/airflow/example_dags/example_xcomargs.py
[2023-12-08 14:01:36,105] {processor.py:623} INFO - DAG(s) dict_keys(['example_xcom_args', 'example_xcom_args_with_operators']) retrieved from /home/airflow/.local/lib/python3.6/site-packages/airflow/example_dags/example_xcomargs.py
[2023-12-08 14:01:36,281] {logging_mixin.py:109} INFO - [2023-12-08 14:01:36,281] {dag.py:1834} INFO - Sync 2 DAGs
[2023-12-08 14:01:36,293] {logging_mixin.py:109} INFO - [2023-12-08 14:01:36,293] {dag.py:2287} INFO - Setting next_dagrun for example_xcom_args to None
[2023-12-08 14:01:36,294] {logging_mixin.py:109} INFO - [2023-12-08 14:01:36,293] {dag.py:2287} INFO - Setting next_dagrun for example_xcom_args_with_operators to None
[2023-12-08 14:01:36,307] {processor.py:170} INFO - Processing /home/airflow/.local/lib/python3.6/site-packages/airflow/example_dags/example_xcomargs.py took 0.219 seconds
[2023-12-08 14:02:07,297] {processor.py:162} INFO - Started process (PID=897) to work on /home/airflow/.local/lib/python3.6/site-packages/airflow/example_dags/example_xcomargs.py
[2023-12-08 14:02:07,298] {processor.py:613} INFO - Processing file /home/airflow/.local/lib/python3.6/site-packages/airflow/example_dags/example_xcomargs.py for tasks to queue
[2023-12-08 14:02:07,299] {logging_mixin.py:109} INFO - [2023-12-08 14:02:07,299] {dagbag.py:496} INFO - Filling up the DagBag from /home/airflow/.local/lib/python3.6/site-packages/airflow/example_dags/example_xcomargs.py
[2023-12-08 14:02:07,313] {processor.py:623} INFO - DAG(s) dict_keys(['example_xcom_args', 'example_xcom_args_with_operators']) retrieved from /home/airflow/.local/lib/python3.6/site-packages/airflow/example_dags/example_xcomargs.py
[2023-12-08 14:02:07,460] {logging_mixin.py:109} INFO - [2023-12-08 14:02:07,460] {dag.py:1834} INFO - Sync 2 DAGs
[2023-12-08 14:02:07,470] {logging_mixin.py:109} INFO - [2023-12-08 14:02:07,470] {dag.py:2287} INFO - Setting next_dagrun for example_xcom_args to None
[2023-12-08 14:02:07,471] {logging_mixin.py:109} INFO - [2023-12-08 14:02:07,471] {dag.py:2287} INFO - Setting next_dagrun for example_xcom_args_with_operators to None
[2023-12-08 14:02:07,483] {processor.py:170} INFO - Processing /home/airflow/.local/lib/python3.6/site-packages/airflow/example_dags/example_xcomargs.py took 0.187 seconds
[2023-12-08 14:02:37,943] {processor.py:162} INFO - Started process (PID=1102) to work on /home/airflow/.local/lib/python3.6/site-packages/airflow/example_dags/example_xcomargs.py
[2023-12-08 14:02:37,944] {processor.py:613} INFO - Processing file /home/airflow/.local/lib/python3.6/site-packages/airflow/example_dags/example_xcomargs.py for tasks to queue
[2023-12-08 14:02:37,944] {logging_mixin.py:109} INFO - [2023-12-08 14:02:37,944] {dagbag.py:496} INFO - Filling up the DagBag from /home/airflow/.local/lib/python3.6/site-packages/airflow/example_dags/example_xcomargs.py
[2023-12-08 14:02:37,959] {processor.py:623} INFO - DAG(s) dict_keys(['example_xcom_args', 'example_xcom_args_with_operators']) retrieved from /home/airflow/.local/lib/python3.6/site-packages/airflow/example_dags/example_xcomargs.py
[2023-12-08 14:02:38,122] {logging_mixin.py:109} INFO - [2023-12-08 14:02:38,122] {dag.py:1834} INFO - Sync 2 DAGs
[2023-12-08 14:02:38,133] {logging_mixin.py:109} INFO - [2023-12-08 14:02:38,132] {dag.py:2287} INFO - Setting next_dagrun for example_xcom_args to None
[2023-12-08 14:02:38,134] {logging_mixin.py:109} INFO - [2023-12-08 14:02:38,134] {dag.py:2287} INFO - Setting next_dagrun for example_xcom_args_with_operators to None
[2023-12-08 14:02:38,145] {processor.py:170} INFO - Processing /home/airflow/.local/lib/python3.6/site-packages/airflow/example_dags/example_xcomargs.py took 0.204 seconds
