[2023-12-08 14:01:04,594] {processor.py:162} INFO - Started process (PID=380) to work on /home/airflow/.local/lib/python3.6/site-packages/airflow/example_dags/example_trigger_controller_dag.py
[2023-12-08 14:01:04,595] {processor.py:613} INFO - Processing file /home/airflow/.local/lib/python3.6/site-packages/airflow/example_dags/example_trigger_controller_dag.py for tasks to queue
[2023-12-08 14:01:04,596] {logging_mixin.py:109} INFO - [2023-12-08 14:01:04,596] {dagbag.py:496} INFO - Filling up the DagBag from /home/airflow/.local/lib/python3.6/site-packages/airflow/example_dags/example_trigger_controller_dag.py
[2023-12-08 14:01:04,604] {processor.py:623} INFO - DAG(s) dict_keys(['example_trigger_controller_dag']) retrieved from /home/airflow/.local/lib/python3.6/site-packages/airflow/example_dags/example_trigger_controller_dag.py
[2023-12-08 14:01:04,772] {logging_mixin.py:109} INFO - [2023-12-08 14:01:04,772] {dag.py:1834} INFO - Sync 1 DAGs
[2023-12-08 14:01:04,785] {logging_mixin.py:109} INFO - [2023-12-08 14:01:04,785] {dag.py:2287} INFO - Setting next_dagrun for example_trigger_controller_dag to 2023-12-06 00:00:00+00:00
[2023-12-08 14:01:04,797] {processor.py:170} INFO - Processing /home/airflow/.local/lib/python3.6/site-packages/airflow/example_dags/example_trigger_controller_dag.py took 0.206 seconds
[2023-12-08 14:01:34,836] {processor.py:162} INFO - Started process (PID=659) to work on /home/airflow/.local/lib/python3.6/site-packages/airflow/example_dags/example_trigger_controller_dag.py
[2023-12-08 14:01:34,838] {processor.py:613} INFO - Processing file /home/airflow/.local/lib/python3.6/site-packages/airflow/example_dags/example_trigger_controller_dag.py for tasks to queue
[2023-12-08 14:01:34,838] {logging_mixin.py:109} INFO - [2023-12-08 14:01:34,838] {dagbag.py:496} INFO - Filling up the DagBag from /home/airflow/.local/lib/python3.6/site-packages/airflow/example_dags/example_trigger_controller_dag.py
[2023-12-08 14:01:34,846] {processor.py:623} INFO - DAG(s) dict_keys(['example_trigger_controller_dag']) retrieved from /home/airflow/.local/lib/python3.6/site-packages/airflow/example_dags/example_trigger_controller_dag.py
[2023-12-08 14:01:34,863] {logging_mixin.py:109} INFO - [2023-12-08 14:01:34,863] {dag.py:1834} INFO - Sync 1 DAGs
[2023-12-08 14:01:34,875] {logging_mixin.py:109} INFO - [2023-12-08 14:01:34,874] {dag.py:2287} INFO - Setting next_dagrun for example_trigger_controller_dag to 2023-12-06 00:00:00+00:00
[2023-12-08 14:01:34,886] {processor.py:170} INFO - Processing /home/airflow/.local/lib/python3.6/site-packages/airflow/example_dags/example_trigger_controller_dag.py took 0.051 seconds
[2023-12-08 14:02:05,054] {processor.py:162} INFO - Started process (PID=864) to work on /home/airflow/.local/lib/python3.6/site-packages/airflow/example_dags/example_trigger_controller_dag.py
[2023-12-08 14:02:05,055] {processor.py:613} INFO - Processing file /home/airflow/.local/lib/python3.6/site-packages/airflow/example_dags/example_trigger_controller_dag.py for tasks to queue
[2023-12-08 14:02:05,055] {logging_mixin.py:109} INFO - [2023-12-08 14:02:05,055] {dagbag.py:496} INFO - Filling up the DagBag from /home/airflow/.local/lib/python3.6/site-packages/airflow/example_dags/example_trigger_controller_dag.py
[2023-12-08 14:02:05,062] {processor.py:623} INFO - DAG(s) dict_keys(['example_trigger_controller_dag']) retrieved from /home/airflow/.local/lib/python3.6/site-packages/airflow/example_dags/example_trigger_controller_dag.py
[2023-12-08 14:02:05,079] {logging_mixin.py:109} INFO - [2023-12-08 14:02:05,079] {dag.py:1834} INFO - Sync 1 DAGs
[2023-12-08 14:02:05,090] {logging_mixin.py:109} INFO - [2023-12-08 14:02:05,089] {dag.py:2287} INFO - Setting next_dagrun for example_trigger_controller_dag to 2023-12-06 00:00:00+00:00
[2023-12-08 14:02:05,099] {processor.py:170} INFO - Processing /home/airflow/.local/lib/python3.6/site-packages/airflow/example_dags/example_trigger_controller_dag.py took 0.047 seconds
[2023-12-08 14:02:35,716] {processor.py:162} INFO - Started process (PID=1060) to work on /home/airflow/.local/lib/python3.6/site-packages/airflow/example_dags/example_trigger_controller_dag.py
[2023-12-08 14:02:35,717] {processor.py:613} INFO - Processing file /home/airflow/.local/lib/python3.6/site-packages/airflow/example_dags/example_trigger_controller_dag.py for tasks to queue
[2023-12-08 14:02:35,718] {logging_mixin.py:109} INFO - [2023-12-08 14:02:35,718] {dagbag.py:496} INFO - Filling up the DagBag from /home/airflow/.local/lib/python3.6/site-packages/airflow/example_dags/example_trigger_controller_dag.py
[2023-12-08 14:02:35,725] {processor.py:623} INFO - DAG(s) dict_keys(['example_trigger_controller_dag']) retrieved from /home/airflow/.local/lib/python3.6/site-packages/airflow/example_dags/example_trigger_controller_dag.py
[2023-12-08 14:02:35,742] {logging_mixin.py:109} INFO - [2023-12-08 14:02:35,742] {dag.py:1834} INFO - Sync 1 DAGs
[2023-12-08 14:02:35,752] {logging_mixin.py:109} INFO - [2023-12-08 14:02:35,752] {dag.py:2287} INFO - Setting next_dagrun for example_trigger_controller_dag to 2023-12-06 00:00:00+00:00
[2023-12-08 14:02:35,764] {processor.py:170} INFO - Processing /home/airflow/.local/lib/python3.6/site-packages/airflow/example_dags/example_trigger_controller_dag.py took 0.049 seconds
