[2023-12-08 14:01:03,377] {processor.py:162} INFO - Started process (PID=329) to work on /home/airflow/.local/lib/python3.6/site-packages/airflow/example_dags/example_branch_day_of_week_operator.py
[2023-12-08 14:01:03,378] {processor.py:613} INFO - Processing file /home/airflow/.local/lib/python3.6/site-packages/airflow/example_dags/example_branch_day_of_week_operator.py for tasks to queue
[2023-12-08 14:01:03,378] {logging_mixin.py:109} INFO - [2023-12-08 14:01:03,378] {dagbag.py:496} INFO - Filling up the DagBag from /home/airflow/.local/lib/python3.6/site-packages/airflow/example_dags/example_branch_day_of_week_operator.py
[2023-12-08 14:01:03,387] {processor.py:623} INFO - DAG(s) dict_keys(['example_weekday_branch_operator']) retrieved from /home/airflow/.local/lib/python3.6/site-packages/airflow/example_dags/example_branch_day_of_week_operator.py
[2023-12-08 14:01:03,555] {logging_mixin.py:109} INFO - [2023-12-08 14:01:03,554] {dag.py:1834} INFO - Sync 1 DAGs
[2023-12-08 14:01:03,567] {logging_mixin.py:109} INFO - [2023-12-08 14:01:03,567] {dag.py:2287} INFO - Setting next_dagrun for example_weekday_branch_operator to 2023-12-06 00:00:00+00:00
[2023-12-08 14:01:03,580] {processor.py:170} INFO - Processing /home/airflow/.local/lib/python3.6/site-packages/airflow/example_dags/example_branch_day_of_week_operator.py took 0.205 seconds
[2023-12-08 14:01:34,102] {processor.py:162} INFO - Started process (PID=610) to work on /home/airflow/.local/lib/python3.6/site-packages/airflow/example_dags/example_branch_day_of_week_operator.py
[2023-12-08 14:01:34,105] {processor.py:613} INFO - Processing file /home/airflow/.local/lib/python3.6/site-packages/airflow/example_dags/example_branch_day_of_week_operator.py for tasks to queue
[2023-12-08 14:01:34,106] {logging_mixin.py:109} INFO - [2023-12-08 14:01:34,106] {dagbag.py:496} INFO - Filling up the DagBag from /home/airflow/.local/lib/python3.6/site-packages/airflow/example_dags/example_branch_day_of_week_operator.py
[2023-12-08 14:01:34,117] {processor.py:623} INFO - DAG(s) dict_keys(['example_weekday_branch_operator']) retrieved from /home/airflow/.local/lib/python3.6/site-packages/airflow/example_dags/example_branch_day_of_week_operator.py
[2023-12-08 14:01:34,136] {logging_mixin.py:109} INFO - [2023-12-08 14:01:34,136] {dag.py:1834} INFO - Sync 1 DAGs
[2023-12-08 14:01:34,153] {logging_mixin.py:109} INFO - [2023-12-08 14:01:34,153] {dag.py:2287} INFO - Setting next_dagrun for example_weekday_branch_operator to 2023-12-06 00:00:00+00:00
[2023-12-08 14:01:34,166] {processor.py:170} INFO - Processing /home/airflow/.local/lib/python3.6/site-packages/airflow/example_dags/example_branch_day_of_week_operator.py took 0.067 seconds
[2023-12-08 14:02:04,446] {processor.py:162} INFO - Started process (PID=815) to work on /home/airflow/.local/lib/python3.6/site-packages/airflow/example_dags/example_branch_day_of_week_operator.py
[2023-12-08 14:02:04,447] {processor.py:613} INFO - Processing file /home/airflow/.local/lib/python3.6/site-packages/airflow/example_dags/example_branch_day_of_week_operator.py for tasks to queue
[2023-12-08 14:02:04,447] {logging_mixin.py:109} INFO - [2023-12-08 14:02:04,447] {dagbag.py:496} INFO - Filling up the DagBag from /home/airflow/.local/lib/python3.6/site-packages/airflow/example_dags/example_branch_day_of_week_operator.py
[2023-12-08 14:02:04,455] {processor.py:623} INFO - DAG(s) dict_keys(['example_weekday_branch_operator']) retrieved from /home/airflow/.local/lib/python3.6/site-packages/airflow/example_dags/example_branch_day_of_week_operator.py
[2023-12-08 14:02:04,473] {logging_mixin.py:109} INFO - [2023-12-08 14:02:04,473] {dag.py:1834} INFO - Sync 1 DAGs
[2023-12-08 14:02:04,487] {logging_mixin.py:109} INFO - [2023-12-08 14:02:04,487] {dag.py:2287} INFO - Setting next_dagrun for example_weekday_branch_operator to 2023-12-06 00:00:00+00:00
[2023-12-08 14:02:04,496] {processor.py:170} INFO - Processing /home/airflow/.local/lib/python3.6/site-packages/airflow/example_dags/example_branch_day_of_week_operator.py took 0.053 seconds
[2023-12-08 14:02:35,194] {processor.py:162} INFO - Started process (PID=1010) to work on /home/airflow/.local/lib/python3.6/site-packages/airflow/example_dags/example_branch_day_of_week_operator.py
[2023-12-08 14:02:35,195] {processor.py:613} INFO - Processing file /home/airflow/.local/lib/python3.6/site-packages/airflow/example_dags/example_branch_day_of_week_operator.py for tasks to queue
[2023-12-08 14:02:35,196] {logging_mixin.py:109} INFO - [2023-12-08 14:02:35,196] {dagbag.py:496} INFO - Filling up the DagBag from /home/airflow/.local/lib/python3.6/site-packages/airflow/example_dags/example_branch_day_of_week_operator.py
[2023-12-08 14:02:35,206] {processor.py:623} INFO - DAG(s) dict_keys(['example_weekday_branch_operator']) retrieved from /home/airflow/.local/lib/python3.6/site-packages/airflow/example_dags/example_branch_day_of_week_operator.py
[2023-12-08 14:02:35,223] {logging_mixin.py:109} INFO - [2023-12-08 14:02:35,223] {dag.py:1834} INFO - Sync 1 DAGs
[2023-12-08 14:02:35,236] {logging_mixin.py:109} INFO - [2023-12-08 14:02:35,236] {dag.py:2287} INFO - Setting next_dagrun for example_weekday_branch_operator to 2023-12-06 00:00:00+00:00
[2023-12-08 14:02:35,247] {processor.py:170} INFO - Processing /home/airflow/.local/lib/python3.6/site-packages/airflow/example_dags/example_branch_day_of_week_operator.py took 0.055 seconds
