[2023-12-08 14:01:02,926] {processor.py:162} INFO - Started process (PID=311) to work on /home/airflow/.local/lib/python3.6/site-packages/airflow/example_dags/example_skip_dag.py
[2023-12-08 14:01:02,927] {processor.py:613} INFO - Processing file /home/airflow/.local/lib/python3.6/site-packages/airflow/example_dags/example_skip_dag.py for tasks to queue
[2023-12-08 14:01:02,928] {logging_mixin.py:109} INFO - [2023-12-08 14:01:02,928] {dagbag.py:496} INFO - Filling up the DagBag from /home/airflow/.local/lib/python3.6/site-packages/airflow/example_dags/example_skip_dag.py
[2023-12-08 14:01:02,937] {processor.py:623} INFO - DAG(s) dict_keys(['example_skip_dag']) retrieved from /home/airflow/.local/lib/python3.6/site-packages/airflow/example_dags/example_skip_dag.py
[2023-12-08 14:01:03,118] {logging_mixin.py:109} INFO - [2023-12-08 14:01:03,118] {dag.py:1834} INFO - Sync 1 DAGs
[2023-12-08 14:01:03,128] {logging_mixin.py:109} INFO - [2023-12-08 14:01:03,128] {dag.py:2287} INFO - Setting next_dagrun for example_skip_dag to 2023-12-06 00:00:00+00:00
[2023-12-08 14:01:03,142] {processor.py:170} INFO - Processing /home/airflow/.local/lib/python3.6/site-packages/airflow/example_dags/example_skip_dag.py took 0.218 seconds
[2023-12-08 14:01:33,825] {processor.py:162} INFO - Started process (PID=590) to work on /home/airflow/.local/lib/python3.6/site-packages/airflow/example_dags/example_skip_dag.py
[2023-12-08 14:01:33,827] {processor.py:613} INFO - Processing file /home/airflow/.local/lib/python3.6/site-packages/airflow/example_dags/example_skip_dag.py for tasks to queue
[2023-12-08 14:01:33,828] {logging_mixin.py:109} INFO - [2023-12-08 14:01:33,827] {dagbag.py:496} INFO - Filling up the DagBag from /home/airflow/.local/lib/python3.6/site-packages/airflow/example_dags/example_skip_dag.py
[2023-12-08 14:01:33,839] {processor.py:623} INFO - DAG(s) dict_keys(['example_skip_dag']) retrieved from /home/airflow/.local/lib/python3.6/site-packages/airflow/example_dags/example_skip_dag.py
[2023-12-08 14:01:33,870] {logging_mixin.py:109} INFO - [2023-12-08 14:01:33,870] {dag.py:1834} INFO - Sync 1 DAGs
[2023-12-08 14:01:33,889] {logging_mixin.py:109} INFO - [2023-12-08 14:01:33,889] {dag.py:2287} INFO - Setting next_dagrun for example_skip_dag to 2023-12-06 00:00:00+00:00
[2023-12-08 14:01:33,903] {processor.py:170} INFO - Processing /home/airflow/.local/lib/python3.6/site-packages/airflow/example_dags/example_skip_dag.py took 0.082 seconds
[2023-12-08 14:02:04,254] {processor.py:162} INFO - Started process (PID=797) to work on /home/airflow/.local/lib/python3.6/site-packages/airflow/example_dags/example_skip_dag.py
[2023-12-08 14:02:04,255] {processor.py:613} INFO - Processing file /home/airflow/.local/lib/python3.6/site-packages/airflow/example_dags/example_skip_dag.py for tasks to queue
[2023-12-08 14:02:04,256] {logging_mixin.py:109} INFO - [2023-12-08 14:02:04,256] {dagbag.py:496} INFO - Filling up the DagBag from /home/airflow/.local/lib/python3.6/site-packages/airflow/example_dags/example_skip_dag.py
[2023-12-08 14:02:04,264] {processor.py:623} INFO - DAG(s) dict_keys(['example_skip_dag']) retrieved from /home/airflow/.local/lib/python3.6/site-packages/airflow/example_dags/example_skip_dag.py
[2023-12-08 14:02:04,282] {logging_mixin.py:109} INFO - [2023-12-08 14:02:04,281] {dag.py:1834} INFO - Sync 1 DAGs
[2023-12-08 14:02:04,292] {logging_mixin.py:109} INFO - [2023-12-08 14:02:04,292] {dag.py:2287} INFO - Setting next_dagrun for example_skip_dag to 2023-12-06 00:00:00+00:00
[2023-12-08 14:02:04,303] {processor.py:170} INFO - Processing /home/airflow/.local/lib/python3.6/site-packages/airflow/example_dags/example_skip_dag.py took 0.050 seconds
[2023-12-08 14:02:35,044] {processor.py:162} INFO - Started process (PID=990) to work on /home/airflow/.local/lib/python3.6/site-packages/airflow/example_dags/example_skip_dag.py
[2023-12-08 14:02:35,045] {processor.py:613} INFO - Processing file /home/airflow/.local/lib/python3.6/site-packages/airflow/example_dags/example_skip_dag.py for tasks to queue
[2023-12-08 14:02:35,046] {logging_mixin.py:109} INFO - [2023-12-08 14:02:35,046] {dagbag.py:496} INFO - Filling up the DagBag from /home/airflow/.local/lib/python3.6/site-packages/airflow/example_dags/example_skip_dag.py
[2023-12-08 14:02:35,055] {processor.py:623} INFO - DAG(s) dict_keys(['example_skip_dag']) retrieved from /home/airflow/.local/lib/python3.6/site-packages/airflow/example_dags/example_skip_dag.py
[2023-12-08 14:02:35,073] {logging_mixin.py:109} INFO - [2023-12-08 14:02:35,073] {dag.py:1834} INFO - Sync 1 DAGs
[2023-12-08 14:02:35,084] {logging_mixin.py:109} INFO - [2023-12-08 14:02:35,084] {dag.py:2287} INFO - Setting next_dagrun for example_skip_dag to 2023-12-06 00:00:00+00:00
[2023-12-08 14:02:35,095] {processor.py:170} INFO - Processing /home/airflow/.local/lib/python3.6/site-packages/airflow/example_dags/example_skip_dag.py took 0.053 seconds
