[2023-12-08 14:01:04,821] {processor.py:162} INFO - Started process (PID=390) to work on /home/airflow/.local/lib/python3.6/site-packages/airflow/example_dags/example_trigger_target_dag.py
[2023-12-08 14:01:04,822] {processor.py:613} INFO - Processing file /home/airflow/.local/lib/python3.6/site-packages/airflow/example_dags/example_trigger_target_dag.py for tasks to queue
[2023-12-08 14:01:04,822] {logging_mixin.py:109} INFO - [2023-12-08 14:01:04,822] {dagbag.py:496} INFO - Filling up the DagBag from /home/airflow/.local/lib/python3.6/site-packages/airflow/example_dags/example_trigger_target_dag.py
[2023-12-08 14:01:04,832] {processor.py:623} INFO - DAG(s) dict_keys(['example_trigger_target_dag']) retrieved from /home/airflow/.local/lib/python3.6/site-packages/airflow/example_dags/example_trigger_target_dag.py
[2023-12-08 14:01:05,009] {logging_mixin.py:109} INFO - [2023-12-08 14:01:05,009] {dag.py:1834} INFO - Sync 1 DAGs
[2023-12-08 14:01:05,020] {logging_mixin.py:109} INFO - [2023-12-08 14:01:05,020] {dag.py:2287} INFO - Setting next_dagrun for example_trigger_target_dag to None
[2023-12-08 14:01:05,032] {processor.py:170} INFO - Processing /home/airflow/.local/lib/python3.6/site-packages/airflow/example_dags/example_trigger_target_dag.py took 0.213 seconds
[2023-12-08 14:01:35,916] {processor.py:162} INFO - Started process (PID=670) to work on /home/airflow/.local/lib/python3.6/site-packages/airflow/example_dags/example_trigger_target_dag.py
[2023-12-08 14:01:35,918] {processor.py:613} INFO - Processing file /home/airflow/.local/lib/python3.6/site-packages/airflow/example_dags/example_trigger_target_dag.py for tasks to queue
[2023-12-08 14:01:35,919] {logging_mixin.py:109} INFO - [2023-12-08 14:01:35,919] {dagbag.py:496} INFO - Filling up the DagBag from /home/airflow/.local/lib/python3.6/site-packages/airflow/example_dags/example_trigger_target_dag.py
[2023-12-08 14:01:35,932] {processor.py:623} INFO - DAG(s) dict_keys(['example_trigger_target_dag']) retrieved from /home/airflow/.local/lib/python3.6/site-packages/airflow/example_dags/example_trigger_target_dag.py
[2023-12-08 14:01:35,955] {logging_mixin.py:109} INFO - [2023-12-08 14:01:35,955] {dag.py:1834} INFO - Sync 1 DAGs
[2023-12-08 14:01:35,968] {logging_mixin.py:109} INFO - [2023-12-08 14:01:35,968] {dag.py:2287} INFO - Setting next_dagrun for example_trigger_target_dag to None
[2023-12-08 14:01:35,982] {processor.py:170} INFO - Processing /home/airflow/.local/lib/python3.6/site-packages/airflow/example_dags/example_trigger_target_dag.py took 0.071 seconds
[2023-12-08 14:02:06,120] {processor.py:162} INFO - Started process (PID=874) to work on /home/airflow/.local/lib/python3.6/site-packages/airflow/example_dags/example_trigger_target_dag.py
[2023-12-08 14:02:06,121] {processor.py:613} INFO - Processing file /home/airflow/.local/lib/python3.6/site-packages/airflow/example_dags/example_trigger_target_dag.py for tasks to queue
[2023-12-08 14:02:06,122] {logging_mixin.py:109} INFO - [2023-12-08 14:02:06,122] {dagbag.py:496} INFO - Filling up the DagBag from /home/airflow/.local/lib/python3.6/site-packages/airflow/example_dags/example_trigger_target_dag.py
[2023-12-08 14:02:06,131] {processor.py:623} INFO - DAG(s) dict_keys(['example_trigger_target_dag']) retrieved from /home/airflow/.local/lib/python3.6/site-packages/airflow/example_dags/example_trigger_target_dag.py
[2023-12-08 14:02:06,152] {logging_mixin.py:109} INFO - [2023-12-08 14:02:06,152] {dag.py:1834} INFO - Sync 1 DAGs
[2023-12-08 14:02:06,164] {logging_mixin.py:109} INFO - [2023-12-08 14:02:06,164] {dag.py:2287} INFO - Setting next_dagrun for example_trigger_target_dag to None
[2023-12-08 14:02:06,176] {processor.py:170} INFO - Processing /home/airflow/.local/lib/python3.6/site-packages/airflow/example_dags/example_trigger_target_dag.py took 0.057 seconds
[2023-12-08 14:02:36,786] {processor.py:162} INFO - Started process (PID=1076) to work on /home/airflow/.local/lib/python3.6/site-packages/airflow/example_dags/example_trigger_target_dag.py
[2023-12-08 14:02:36,787] {processor.py:613} INFO - Processing file /home/airflow/.local/lib/python3.6/site-packages/airflow/example_dags/example_trigger_target_dag.py for tasks to queue
[2023-12-08 14:02:36,788] {logging_mixin.py:109} INFO - [2023-12-08 14:02:36,787] {dagbag.py:496} INFO - Filling up the DagBag from /home/airflow/.local/lib/python3.6/site-packages/airflow/example_dags/example_trigger_target_dag.py
[2023-12-08 14:02:36,798] {processor.py:623} INFO - DAG(s) dict_keys(['example_trigger_target_dag']) retrieved from /home/airflow/.local/lib/python3.6/site-packages/airflow/example_dags/example_trigger_target_dag.py
[2023-12-08 14:02:36,816] {logging_mixin.py:109} INFO - [2023-12-08 14:02:36,816] {dag.py:1834} INFO - Sync 1 DAGs
[2023-12-08 14:02:36,827] {logging_mixin.py:109} INFO - [2023-12-08 14:02:36,826] {dag.py:2287} INFO - Setting next_dagrun for example_trigger_target_dag to None
[2023-12-08 14:02:36,837] {processor.py:170} INFO - Processing /home/airflow/.local/lib/python3.6/site-packages/airflow/example_dags/example_trigger_target_dag.py took 0.053 seconds
