[2023-12-08 14:01:04,572] {processor.py:162} INFO - Started process (PID=375) to work on /home/airflow/.local/lib/python3.6/site-packages/airflow/example_dags/example_branch_python_dop_operator_3.py
[2023-12-08 14:01:04,573] {processor.py:613} INFO - Processing file /home/airflow/.local/lib/python3.6/site-packages/airflow/example_dags/example_branch_python_dop_operator_3.py for tasks to queue
[2023-12-08 14:01:04,574] {logging_mixin.py:109} INFO - [2023-12-08 14:01:04,573] {dagbag.py:496} INFO - Filling up the DagBag from /home/airflow/.local/lib/python3.6/site-packages/airflow/example_dags/example_branch_python_dop_operator_3.py
[2023-12-08 14:01:04,583] {processor.py:623} INFO - DAG(s) dict_keys(['example_branch_dop_operator_v3']) retrieved from /home/airflow/.local/lib/python3.6/site-packages/airflow/example_dags/example_branch_python_dop_operator_3.py
[2023-12-08 14:01:04,771] {logging_mixin.py:109} INFO - [2023-12-08 14:01:04,771] {dag.py:1834} INFO - Sync 1 DAGs
[2023-12-08 14:01:04,790] {logging_mixin.py:109} INFO - [2023-12-08 14:01:04,790] {dag.py:2287} INFO - Setting next_dagrun for example_branch_dop_operator_v3 to 2023-12-06 00:00:00+00:00
[2023-12-08 14:01:04,801] {processor.py:170} INFO - Processing /home/airflow/.local/lib/python3.6/site-packages/airflow/example_dags/example_branch_python_dop_operator_3.py took 0.231 seconds
[2023-12-08 14:01:34,835] {processor.py:162} INFO - Started process (PID=657) to work on /home/airflow/.local/lib/python3.6/site-packages/airflow/example_dags/example_branch_python_dop_operator_3.py
[2023-12-08 14:01:34,836] {processor.py:613} INFO - Processing file /home/airflow/.local/lib/python3.6/site-packages/airflow/example_dags/example_branch_python_dop_operator_3.py for tasks to queue
[2023-12-08 14:01:34,837] {logging_mixin.py:109} INFO - [2023-12-08 14:01:34,837] {dagbag.py:496} INFO - Filling up the DagBag from /home/airflow/.local/lib/python3.6/site-packages/airflow/example_dags/example_branch_python_dop_operator_3.py
[2023-12-08 14:01:34,847] {processor.py:623} INFO - DAG(s) dict_keys(['example_branch_dop_operator_v3']) retrieved from /home/airflow/.local/lib/python3.6/site-packages/airflow/example_dags/example_branch_python_dop_operator_3.py
[2023-12-08 14:01:34,867] {logging_mixin.py:109} INFO - [2023-12-08 14:01:34,867] {dag.py:1834} INFO - Sync 1 DAGs
[2023-12-08 14:01:34,886] {logging_mixin.py:109} INFO - [2023-12-08 14:01:34,886] {dag.py:2287} INFO - Setting next_dagrun for example_branch_dop_operator_v3 to 2023-12-06 00:00:00+00:00
[2023-12-08 14:01:34,897] {processor.py:170} INFO - Processing /home/airflow/.local/lib/python3.6/site-packages/airflow/example_dags/example_branch_python_dop_operator_3.py took 0.064 seconds
[2023-12-08 14:02:05,051] {processor.py:162} INFO - Started process (PID=862) to work on /home/airflow/.local/lib/python3.6/site-packages/airflow/example_dags/example_branch_python_dop_operator_3.py
[2023-12-08 14:02:05,053] {processor.py:613} INFO - Processing file /home/airflow/.local/lib/python3.6/site-packages/airflow/example_dags/example_branch_python_dop_operator_3.py for tasks to queue
[2023-12-08 14:02:05,054] {logging_mixin.py:109} INFO - [2023-12-08 14:02:05,054] {dagbag.py:496} INFO - Filling up the DagBag from /home/airflow/.local/lib/python3.6/site-packages/airflow/example_dags/example_branch_python_dop_operator_3.py
[2023-12-08 14:02:05,063] {processor.py:623} INFO - DAG(s) dict_keys(['example_branch_dop_operator_v3']) retrieved from /home/airflow/.local/lib/python3.6/site-packages/airflow/example_dags/example_branch_python_dop_operator_3.py
[2023-12-08 14:02:05,082] {logging_mixin.py:109} INFO - [2023-12-08 14:02:05,081] {dag.py:1834} INFO - Sync 1 DAGs
[2023-12-08 14:02:05,098] {logging_mixin.py:109} INFO - [2023-12-08 14:02:05,098] {dag.py:2287} INFO - Setting next_dagrun for example_branch_dop_operator_v3 to 2023-12-06 00:00:00+00:00
[2023-12-08 14:02:05,109] {processor.py:170} INFO - Processing /home/airflow/.local/lib/python3.6/site-packages/airflow/example_dags/example_branch_python_dop_operator_3.py took 0.059 seconds
[2023-12-08 14:02:35,622] {processor.py:162} INFO - Started process (PID=1055) to work on /home/airflow/.local/lib/python3.6/site-packages/airflow/example_dags/example_branch_python_dop_operator_3.py
[2023-12-08 14:02:35,623] {processor.py:613} INFO - Processing file /home/airflow/.local/lib/python3.6/site-packages/airflow/example_dags/example_branch_python_dop_operator_3.py for tasks to queue
[2023-12-08 14:02:35,624] {logging_mixin.py:109} INFO - [2023-12-08 14:02:35,624] {dagbag.py:496} INFO - Filling up the DagBag from /home/airflow/.local/lib/python3.6/site-packages/airflow/example_dags/example_branch_python_dop_operator_3.py
[2023-12-08 14:02:35,643] {processor.py:623} INFO - DAG(s) dict_keys(['example_branch_dop_operator_v3']) retrieved from /home/airflow/.local/lib/python3.6/site-packages/airflow/example_dags/example_branch_python_dop_operator_3.py
[2023-12-08 14:02:35,671] {logging_mixin.py:109} INFO - [2023-12-08 14:02:35,671] {dag.py:1834} INFO - Sync 1 DAGs
[2023-12-08 14:02:35,690] {logging_mixin.py:109} INFO - [2023-12-08 14:02:35,690] {dag.py:2287} INFO - Setting next_dagrun for example_branch_dop_operator_v3 to 2023-12-06 00:00:00+00:00
[2023-12-08 14:02:35,701] {processor.py:170} INFO - Processing /home/airflow/.local/lib/python3.6/site-packages/airflow/example_dags/example_branch_python_dop_operator_3.py took 0.081 seconds
