[2023-12-08 14:01:04,343] {processor.py:162} INFO - Started process (PID=365) to work on /home/airflow/.local/lib/python3.6/site-packages/airflow/example_dags/example_branch_datetime_operator.py
[2023-12-08 14:01:04,344] {processor.py:613} INFO - Processing file /home/airflow/.local/lib/python3.6/site-packages/airflow/example_dags/example_branch_datetime_operator.py for tasks to queue
[2023-12-08 14:01:04,345] {logging_mixin.py:109} INFO - [2023-12-08 14:01:04,345] {dagbag.py:496} INFO - Filling up the DagBag from /home/airflow/.local/lib/python3.6/site-packages/airflow/example_dags/example_branch_datetime_operator.py
[2023-12-08 14:01:04,354] {processor.py:623} INFO - DAG(s) dict_keys(['example_branch_datetime_operator_2']) retrieved from /home/airflow/.local/lib/python3.6/site-packages/airflow/example_dags/example_branch_datetime_operator.py
[2023-12-08 14:01:04,529] {logging_mixin.py:109} INFO - [2023-12-08 14:01:04,529] {dag.py:1834} INFO - Sync 1 DAGs
[2023-12-08 14:01:04,541] {logging_mixin.py:109} INFO - [2023-12-08 14:01:04,541] {dag.py:2287} INFO - Setting next_dagrun for example_branch_datetime_operator_2 to 2023-12-06 00:00:00+00:00
[2023-12-08 14:01:04,554] {processor.py:170} INFO - Processing /home/airflow/.local/lib/python3.6/site-packages/airflow/example_dags/example_branch_datetime_operator.py took 0.213 seconds
[2023-12-08 14:01:34,592] {processor.py:162} INFO - Started process (PID=645) to work on /home/airflow/.local/lib/python3.6/site-packages/airflow/example_dags/example_branch_datetime_operator.py
[2023-12-08 14:01:34,593] {processor.py:613} INFO - Processing file /home/airflow/.local/lib/python3.6/site-packages/airflow/example_dags/example_branch_datetime_operator.py for tasks to queue
[2023-12-08 14:01:34,594] {logging_mixin.py:109} INFO - [2023-12-08 14:01:34,594] {dagbag.py:496} INFO - Filling up the DagBag from /home/airflow/.local/lib/python3.6/site-packages/airflow/example_dags/example_branch_datetime_operator.py
[2023-12-08 14:01:34,606] {processor.py:623} INFO - DAG(s) dict_keys(['example_branch_datetime_operator_2']) retrieved from /home/airflow/.local/lib/python3.6/site-packages/airflow/example_dags/example_branch_datetime_operator.py
[2023-12-08 14:01:34,626] {logging_mixin.py:109} INFO - [2023-12-08 14:01:34,626] {dag.py:1834} INFO - Sync 1 DAGs
[2023-12-08 14:01:34,639] {logging_mixin.py:109} INFO - [2023-12-08 14:01:34,639] {dag.py:2287} INFO - Setting next_dagrun for example_branch_datetime_operator_2 to 2023-12-06 00:00:00+00:00
[2023-12-08 14:01:34,650] {processor.py:170} INFO - Processing /home/airflow/.local/lib/python3.6/site-packages/airflow/example_dags/example_branch_datetime_operator.py took 0.061 seconds
[2023-12-08 14:02:04,729] {processor.py:162} INFO - Started process (PID=850) to work on /home/airflow/.local/lib/python3.6/site-packages/airflow/example_dags/example_branch_datetime_operator.py
[2023-12-08 14:02:04,730] {processor.py:613} INFO - Processing file /home/airflow/.local/lib/python3.6/site-packages/airflow/example_dags/example_branch_datetime_operator.py for tasks to queue
[2023-12-08 14:02:04,730] {logging_mixin.py:109} INFO - [2023-12-08 14:02:04,730] {dagbag.py:496} INFO - Filling up the DagBag from /home/airflow/.local/lib/python3.6/site-packages/airflow/example_dags/example_branch_datetime_operator.py
[2023-12-08 14:02:04,738] {processor.py:623} INFO - DAG(s) dict_keys(['example_branch_datetime_operator_2']) retrieved from /home/airflow/.local/lib/python3.6/site-packages/airflow/example_dags/example_branch_datetime_operator.py
[2023-12-08 14:02:04,754] {logging_mixin.py:109} INFO - [2023-12-08 14:02:04,754] {dag.py:1834} INFO - Sync 1 DAGs
[2023-12-08 14:02:04,768] {logging_mixin.py:109} INFO - [2023-12-08 14:02:04,768] {dag.py:2287} INFO - Setting next_dagrun for example_branch_datetime_operator_2 to 2023-12-06 00:00:00+00:00
[2023-12-08 14:02:04,777] {processor.py:170} INFO - Processing /home/airflow/.local/lib/python3.6/site-packages/airflow/example_dags/example_branch_datetime_operator.py took 0.051 seconds
[2023-12-08 14:02:35,549] {processor.py:162} INFO - Started process (PID=1045) to work on /home/airflow/.local/lib/python3.6/site-packages/airflow/example_dags/example_branch_datetime_operator.py
[2023-12-08 14:02:35,550] {processor.py:613} INFO - Processing file /home/airflow/.local/lib/python3.6/site-packages/airflow/example_dags/example_branch_datetime_operator.py for tasks to queue
[2023-12-08 14:02:35,551] {logging_mixin.py:109} INFO - [2023-12-08 14:02:35,551] {dagbag.py:496} INFO - Filling up the DagBag from /home/airflow/.local/lib/python3.6/site-packages/airflow/example_dags/example_branch_datetime_operator.py
[2023-12-08 14:02:35,559] {processor.py:623} INFO - DAG(s) dict_keys(['example_branch_datetime_operator_2']) retrieved from /home/airflow/.local/lib/python3.6/site-packages/airflow/example_dags/example_branch_datetime_operator.py
[2023-12-08 14:02:35,576] {logging_mixin.py:109} INFO - [2023-12-08 14:02:35,576] {dag.py:1834} INFO - Sync 1 DAGs
[2023-12-08 14:02:35,590] {logging_mixin.py:109} INFO - [2023-12-08 14:02:35,590] {dag.py:2287} INFO - Setting next_dagrun for example_branch_datetime_operator_2 to 2023-12-06 00:00:00+00:00
[2023-12-08 14:02:35,601] {processor.py:170} INFO - Processing /home/airflow/.local/lib/python3.6/site-packages/airflow/example_dags/example_branch_datetime_operator.py took 0.055 seconds
