[2023-12-08 14:01:03,843] {processor.py:162} INFO - Started process (PID=350) to work on /home/airflow/.local/lib/python3.6/site-packages/airflow/example_dags/example_branch_operator.py
[2023-12-08 14:01:03,844] {processor.py:613} INFO - Processing file /home/airflow/.local/lib/python3.6/site-packages/airflow/example_dags/example_branch_operator.py for tasks to queue
[2023-12-08 14:01:03,845] {logging_mixin.py:109} INFO - [2023-12-08 14:01:03,845] {dagbag.py:496} INFO - Filling up the DagBag from /home/airflow/.local/lib/python3.6/site-packages/airflow/example_dags/example_branch_operator.py
[2023-12-08 14:01:03,858] {processor.py:623} INFO - DAG(s) dict_keys(['example_branch_operator']) retrieved from /home/airflow/.local/lib/python3.6/site-packages/airflow/example_dags/example_branch_operator.py
[2023-12-08 14:01:04,044] {logging_mixin.py:109} INFO - [2023-12-08 14:01:04,044] {dag.py:1834} INFO - Sync 1 DAGs
[2023-12-08 14:01:04,058] {logging_mixin.py:109} INFO - [2023-12-08 14:01:04,058] {dag.py:2287} INFO - Setting next_dagrun for example_branch_operator to 2023-12-06 00:00:00+00:00
[2023-12-08 14:01:04,074] {processor.py:170} INFO - Processing /home/airflow/.local/lib/python3.6/site-packages/airflow/example_dags/example_branch_operator.py took 0.233 seconds
[2023-12-08 14:01:34,302] {processor.py:162} INFO - Started process (PID=630) to work on /home/airflow/.local/lib/python3.6/site-packages/airflow/example_dags/example_branch_operator.py
[2023-12-08 14:01:34,304] {processor.py:613} INFO - Processing file /home/airflow/.local/lib/python3.6/site-packages/airflow/example_dags/example_branch_operator.py for tasks to queue
[2023-12-08 14:01:34,305] {logging_mixin.py:109} INFO - [2023-12-08 14:01:34,305] {dagbag.py:496} INFO - Filling up the DagBag from /home/airflow/.local/lib/python3.6/site-packages/airflow/example_dags/example_branch_operator.py
[2023-12-08 14:01:34,321] {processor.py:623} INFO - DAG(s) dict_keys(['example_branch_operator']) retrieved from /home/airflow/.local/lib/python3.6/site-packages/airflow/example_dags/example_branch_operator.py
[2023-12-08 14:01:34,350] {logging_mixin.py:109} INFO - [2023-12-08 14:01:34,349] {dag.py:1834} INFO - Sync 1 DAGs
[2023-12-08 14:01:34,369] {logging_mixin.py:109} INFO - [2023-12-08 14:01:34,369] {dag.py:2287} INFO - Setting next_dagrun for example_branch_operator to 2023-12-06 00:00:00+00:00
[2023-12-08 14:01:34,388] {processor.py:170} INFO - Processing /home/airflow/.local/lib/python3.6/site-packages/airflow/example_dags/example_branch_operator.py took 0.088 seconds
[2023-12-08 14:02:04,576] {processor.py:162} INFO - Started process (PID=830) to work on /home/airflow/.local/lib/python3.6/site-packages/airflow/example_dags/example_branch_operator.py
[2023-12-08 14:02:04,577] {processor.py:613} INFO - Processing file /home/airflow/.local/lib/python3.6/site-packages/airflow/example_dags/example_branch_operator.py for tasks to queue
[2023-12-08 14:02:04,578] {logging_mixin.py:109} INFO - [2023-12-08 14:02:04,578] {dagbag.py:496} INFO - Filling up the DagBag from /home/airflow/.local/lib/python3.6/site-packages/airflow/example_dags/example_branch_operator.py
[2023-12-08 14:02:04,589] {processor.py:623} INFO - DAG(s) dict_keys(['example_branch_operator']) retrieved from /home/airflow/.local/lib/python3.6/site-packages/airflow/example_dags/example_branch_operator.py
[2023-12-08 14:02:04,607] {logging_mixin.py:109} INFO - [2023-12-08 14:02:04,607] {dag.py:1834} INFO - Sync 1 DAGs
[2023-12-08 14:02:04,622] {logging_mixin.py:109} INFO - [2023-12-08 14:02:04,621] {dag.py:2287} INFO - Setting next_dagrun for example_branch_operator to 2023-12-06 00:00:00+00:00
[2023-12-08 14:02:04,632] {processor.py:170} INFO - Processing /home/airflow/.local/lib/python3.6/site-packages/airflow/example_dags/example_branch_operator.py took 0.058 seconds
[2023-12-08 14:02:35,384] {processor.py:162} INFO - Started process (PID=1030) to work on /home/airflow/.local/lib/python3.6/site-packages/airflow/example_dags/example_branch_operator.py
[2023-12-08 14:02:35,386] {processor.py:613} INFO - Processing file /home/airflow/.local/lib/python3.6/site-packages/airflow/example_dags/example_branch_operator.py for tasks to queue
[2023-12-08 14:02:35,387] {logging_mixin.py:109} INFO - [2023-12-08 14:02:35,387] {dagbag.py:496} INFO - Filling up the DagBag from /home/airflow/.local/lib/python3.6/site-packages/airflow/example_dags/example_branch_operator.py
[2023-12-08 14:02:35,399] {processor.py:623} INFO - DAG(s) dict_keys(['example_branch_operator']) retrieved from /home/airflow/.local/lib/python3.6/site-packages/airflow/example_dags/example_branch_operator.py
[2023-12-08 14:02:35,420] {logging_mixin.py:109} INFO - [2023-12-08 14:02:35,420] {dag.py:1834} INFO - Sync 1 DAGs
[2023-12-08 14:02:35,433] {logging_mixin.py:109} INFO - [2023-12-08 14:02:35,433] {dag.py:2287} INFO - Setting next_dagrun for example_branch_operator to 2023-12-06 00:00:00+00:00
[2023-12-08 14:02:35,444] {processor.py:170} INFO - Processing /home/airflow/.local/lib/python3.6/site-packages/airflow/example_dags/example_branch_operator.py took 0.061 seconds
