[2023-12-08 14:01:01,113] {processor.py:162} INFO - Started process (PID=256) to work on /home/airflow/.local/lib/python3.6/site-packages/airflow/example_dags/example_xcom.py
[2023-12-08 14:01:01,114] {processor.py:613} INFO - Processing file /home/airflow/.local/lib/python3.6/site-packages/airflow/example_dags/example_xcom.py for tasks to queue
[2023-12-08 14:01:01,115] {logging_mixin.py:109} INFO - [2023-12-08 14:01:01,114] {dagbag.py:496} INFO - Filling up the DagBag from /home/airflow/.local/lib/python3.6/site-packages/airflow/example_dags/example_xcom.py
[2023-12-08 14:01:01,125] {processor.py:623} INFO - DAG(s) dict_keys(['example_xcom']) retrieved from /home/airflow/.local/lib/python3.6/site-packages/airflow/example_dags/example_xcom.py
[2023-12-08 14:01:01,376] {logging_mixin.py:109} INFO - [2023-12-08 14:01:01,376] {dag.py:1834} INFO - Sync 1 DAGs
[2023-12-08 14:01:01,389] {logging_mixin.py:109} INFO - [2023-12-08 14:01:01,389] {dag.py:2287} INFO - Setting next_dagrun for example_xcom to 2023-12-06 00:00:00+00:00
[2023-12-08 14:01:01,404] {processor.py:170} INFO - Processing /home/airflow/.local/lib/python3.6/site-packages/airflow/example_dags/example_xcom.py took 0.294 seconds
[2023-12-08 14:01:31,786] {processor.py:162} INFO - Started process (PID=532) to work on /home/airflow/.local/lib/python3.6/site-packages/airflow/example_dags/example_xcom.py
[2023-12-08 14:01:31,810] {processor.py:613} INFO - Processing file /home/airflow/.local/lib/python3.6/site-packages/airflow/example_dags/example_xcom.py for tasks to queue
[2023-12-08 14:01:31,811] {logging_mixin.py:109} INFO - [2023-12-08 14:01:31,811] {dagbag.py:496} INFO - Filling up the DagBag from /home/airflow/.local/lib/python3.6/site-packages/airflow/example_dags/example_xcom.py
[2023-12-08 14:01:31,820] {processor.py:623} INFO - DAG(s) dict_keys(['example_xcom']) retrieved from /home/airflow/.local/lib/python3.6/site-packages/airflow/example_dags/example_xcom.py
[2023-12-08 14:01:31,837] {logging_mixin.py:109} INFO - [2023-12-08 14:01:31,836] {dag.py:1834} INFO - Sync 1 DAGs
[2023-12-08 14:01:31,847] {logging_mixin.py:109} INFO - [2023-12-08 14:01:31,847] {dag.py:2287} INFO - Setting next_dagrun for example_xcom to 2023-12-06 00:00:00+00:00
[2023-12-08 14:01:31,972] {processor.py:170} INFO - Processing /home/airflow/.local/lib/python3.6/site-packages/airflow/example_dags/example_xcom.py took 0.188 seconds
[2023-12-08 14:02:02,362] {processor.py:162} INFO - Started process (PID=735) to work on /home/airflow/.local/lib/python3.6/site-packages/airflow/example_dags/example_xcom.py
[2023-12-08 14:02:02,363] {processor.py:613} INFO - Processing file /home/airflow/.local/lib/python3.6/site-packages/airflow/example_dags/example_xcom.py for tasks to queue
[2023-12-08 14:02:02,364] {logging_mixin.py:109} INFO - [2023-12-08 14:02:02,364] {dagbag.py:496} INFO - Filling up the DagBag from /home/airflow/.local/lib/python3.6/site-packages/airflow/example_dags/example_xcom.py
[2023-12-08 14:02:02,372] {processor.py:623} INFO - DAG(s) dict_keys(['example_xcom']) retrieved from /home/airflow/.local/lib/python3.6/site-packages/airflow/example_dags/example_xcom.py
[2023-12-08 14:02:02,388] {logging_mixin.py:109} INFO - [2023-12-08 14:02:02,388] {dag.py:1834} INFO - Sync 1 DAGs
[2023-12-08 14:02:02,399] {logging_mixin.py:109} INFO - [2023-12-08 14:02:02,399] {dag.py:2287} INFO - Setting next_dagrun for example_xcom to 2023-12-06 00:00:00+00:00
[2023-12-08 14:02:02,409] {processor.py:170} INFO - Processing /home/airflow/.local/lib/python3.6/site-packages/airflow/example_dags/example_xcom.py took 0.049 seconds
[2023-12-08 14:02:32,461] {processor.py:162} INFO - Started process (PID=932) to work on /home/airflow/.local/lib/python3.6/site-packages/airflow/example_dags/example_xcom.py
[2023-12-08 14:02:32,462] {processor.py:613} INFO - Processing file /home/airflow/.local/lib/python3.6/site-packages/airflow/example_dags/example_xcom.py for tasks to queue
[2023-12-08 14:02:32,463] {logging_mixin.py:109} INFO - [2023-12-08 14:02:32,463] {dagbag.py:496} INFO - Filling up the DagBag from /home/airflow/.local/lib/python3.6/site-packages/airflow/example_dags/example_xcom.py
[2023-12-08 14:02:32,471] {processor.py:623} INFO - DAG(s) dict_keys(['example_xcom']) retrieved from /home/airflow/.local/lib/python3.6/site-packages/airflow/example_dags/example_xcom.py
[2023-12-08 14:02:32,489] {logging_mixin.py:109} INFO - [2023-12-08 14:02:32,489] {dag.py:1834} INFO - Sync 1 DAGs
[2023-12-08 14:02:32,500] {logging_mixin.py:109} INFO - [2023-12-08 14:02:32,500] {dag.py:2287} INFO - Setting next_dagrun for example_xcom to 2023-12-06 00:00:00+00:00
[2023-12-08 14:02:32,509] {processor.py:170} INFO - Processing /home/airflow/.local/lib/python3.6/site-packages/airflow/example_dags/example_xcom.py took 0.050 seconds
