[2023-12-08 14:01:04,096] {processor.py:162} INFO - Started process (PID=360) to work on /home/airflow/.local/lib/python3.6/site-packages/airflow/example_dags/example_bash_operator.py
[2023-12-08 14:01:04,097] {processor.py:613} INFO - Processing file /home/airflow/.local/lib/python3.6/site-packages/airflow/example_dags/example_bash_operator.py for tasks to queue
[2023-12-08 14:01:04,098] {logging_mixin.py:109} INFO - [2023-12-08 14:01:04,098] {dagbag.py:496} INFO - Filling up the DagBag from /home/airflow/.local/lib/python3.6/site-packages/airflow/example_dags/example_bash_operator.py
[2023-12-08 14:01:04,110] {processor.py:623} INFO - DAG(s) dict_keys(['example_bash_operator']) retrieved from /home/airflow/.local/lib/python3.6/site-packages/airflow/example_dags/example_bash_operator.py
[2023-12-08 14:01:04,312] {logging_mixin.py:109} INFO - [2023-12-08 14:01:04,312] {dag.py:1834} INFO - Sync 1 DAGs
[2023-12-08 14:01:04,325] {logging_mixin.py:109} INFO - [2023-12-08 14:01:04,325] {dag.py:2287} INFO - Setting next_dagrun for example_bash_operator to 2023-12-06 00:00:00+00:00
[2023-12-08 14:01:04,340] {processor.py:170} INFO - Processing /home/airflow/.local/lib/python3.6/site-packages/airflow/example_dags/example_bash_operator.py took 0.247 seconds
[2023-12-08 14:01:34,518] {processor.py:162} INFO - Started process (PID=640) to work on /home/airflow/.local/lib/python3.6/site-packages/airflow/example_dags/example_bash_operator.py
[2023-12-08 14:01:34,519] {processor.py:613} INFO - Processing file /home/airflow/.local/lib/python3.6/site-packages/airflow/example_dags/example_bash_operator.py for tasks to queue
[2023-12-08 14:01:34,520] {logging_mixin.py:109} INFO - [2023-12-08 14:01:34,520] {dagbag.py:496} INFO - Filling up the DagBag from /home/airflow/.local/lib/python3.6/site-packages/airflow/example_dags/example_bash_operator.py
[2023-12-08 14:01:34,535] {processor.py:623} INFO - DAG(s) dict_keys(['example_bash_operator']) retrieved from /home/airflow/.local/lib/python3.6/site-packages/airflow/example_dags/example_bash_operator.py
[2023-12-08 14:01:34,557] {logging_mixin.py:109} INFO - [2023-12-08 14:01:34,557] {dag.py:1834} INFO - Sync 1 DAGs
[2023-12-08 14:01:34,571] {logging_mixin.py:109} INFO - [2023-12-08 14:01:34,571] {dag.py:2287} INFO - Setting next_dagrun for example_bash_operator to 2023-12-06 00:00:00+00:00
[2023-12-08 14:01:34,582] {processor.py:170} INFO - Processing /home/airflow/.local/lib/python3.6/site-packages/airflow/example_dags/example_bash_operator.py took 0.067 seconds
[2023-12-08 14:02:04,661] {processor.py:162} INFO - Started process (PID=845) to work on /home/airflow/.local/lib/python3.6/site-packages/airflow/example_dags/example_bash_operator.py
[2023-12-08 14:02:04,662] {processor.py:613} INFO - Processing file /home/airflow/.local/lib/python3.6/site-packages/airflow/example_dags/example_bash_operator.py for tasks to queue
[2023-12-08 14:02:04,663] {logging_mixin.py:109} INFO - [2023-12-08 14:02:04,663] {dagbag.py:496} INFO - Filling up the DagBag from /home/airflow/.local/lib/python3.6/site-packages/airflow/example_dags/example_bash_operator.py
[2023-12-08 14:02:04,674] {processor.py:623} INFO - DAG(s) dict_keys(['example_bash_operator']) retrieved from /home/airflow/.local/lib/python3.6/site-packages/airflow/example_dags/example_bash_operator.py
[2023-12-08 14:02:04,691] {logging_mixin.py:109} INFO - [2023-12-08 14:02:04,691] {dag.py:1834} INFO - Sync 1 DAGs
[2023-12-08 14:02:04,703] {logging_mixin.py:109} INFO - [2023-12-08 14:02:04,703] {dag.py:2287} INFO - Setting next_dagrun for example_bash_operator to 2023-12-06 00:00:00+00:00
[2023-12-08 14:02:04,713] {processor.py:170} INFO - Processing /home/airflow/.local/lib/python3.6/site-packages/airflow/example_dags/example_bash_operator.py took 0.054 seconds
[2023-12-08 14:02:35,531] {processor.py:162} INFO - Started process (PID=1040) to work on /home/airflow/.local/lib/python3.6/site-packages/airflow/example_dags/example_bash_operator.py
[2023-12-08 14:02:35,532] {processor.py:613} INFO - Processing file /home/airflow/.local/lib/python3.6/site-packages/airflow/example_dags/example_bash_operator.py for tasks to queue
[2023-12-08 14:02:35,533] {logging_mixin.py:109} INFO - [2023-12-08 14:02:35,533] {dagbag.py:496} INFO - Filling up the DagBag from /home/airflow/.local/lib/python3.6/site-packages/airflow/example_dags/example_bash_operator.py
[2023-12-08 14:02:35,543] {processor.py:623} INFO - DAG(s) dict_keys(['example_bash_operator']) retrieved from /home/airflow/.local/lib/python3.6/site-packages/airflow/example_dags/example_bash_operator.py
[2023-12-08 14:02:35,560] {logging_mixin.py:109} INFO - [2023-12-08 14:02:35,560] {dag.py:1834} INFO - Sync 1 DAGs
[2023-12-08 14:02:35,572] {logging_mixin.py:109} INFO - [2023-12-08 14:02:35,572] {dag.py:2287} INFO - Setting next_dagrun for example_bash_operator to 2023-12-06 00:00:00+00:00
[2023-12-08 14:02:35,582] {processor.py:170} INFO - Processing /home/airflow/.local/lib/python3.6/site-packages/airflow/example_dags/example_bash_operator.py took 0.053 seconds
