[2023-12-08 14:01:03,375] {processor.py:162} INFO - Started process (PID=327) to work on /home/airflow/.local/lib/python3.6/site-packages/airflow/example_dags/tutorial.py
[2023-12-08 14:01:03,375] {processor.py:613} INFO - Processing file /home/airflow/.local/lib/python3.6/site-packages/airflow/example_dags/tutorial.py for tasks to queue
[2023-12-08 14:01:03,376] {logging_mixin.py:109} INFO - [2023-12-08 14:01:03,376] {dagbag.py:496} INFO - Filling up the DagBag from /home/airflow/.local/lib/python3.6/site-packages/airflow/example_dags/tutorial.py
[2023-12-08 14:01:03,387] {processor.py:623} INFO - DAG(s) dict_keys(['tutorial']) retrieved from /home/airflow/.local/lib/python3.6/site-packages/airflow/example_dags/tutorial.py
[2023-12-08 14:01:03,557] {logging_mixin.py:109} INFO - [2023-12-08 14:01:03,557] {dag.py:1834} INFO - Sync 1 DAGs
[2023-12-08 14:01:03,569] {logging_mixin.py:109} INFO - [2023-12-08 14:01:03,569] {dag.py:2287} INFO - Setting next_dagrun for tutorial to 2023-12-06 00:00:00+00:00
[2023-12-08 14:01:03,584] {processor.py:170} INFO - Processing /home/airflow/.local/lib/python3.6/site-packages/airflow/example_dags/tutorial.py took 0.212 seconds
[2023-12-08 14:01:33,983] {processor.py:162} INFO - Started process (PID=605) to work on /home/airflow/.local/lib/python3.6/site-packages/airflow/example_dags/tutorial.py
[2023-12-08 14:01:33,984] {processor.py:613} INFO - Processing file /home/airflow/.local/lib/python3.6/site-packages/airflow/example_dags/tutorial.py for tasks to queue
[2023-12-08 14:01:33,985] {logging_mixin.py:109} INFO - [2023-12-08 14:01:33,985] {dagbag.py:496} INFO - Filling up the DagBag from /home/airflow/.local/lib/python3.6/site-packages/airflow/example_dags/tutorial.py
[2023-12-08 14:01:33,997] {processor.py:623} INFO - DAG(s) dict_keys(['tutorial']) retrieved from /home/airflow/.local/lib/python3.6/site-packages/airflow/example_dags/tutorial.py
[2023-12-08 14:01:34,027] {logging_mixin.py:109} INFO - [2023-12-08 14:01:34,027] {dag.py:1834} INFO - Sync 1 DAGs
[2023-12-08 14:01:34,051] {logging_mixin.py:109} INFO - [2023-12-08 14:01:34,051] {dag.py:2287} INFO - Setting next_dagrun for tutorial to 2023-12-06 00:00:00+00:00
[2023-12-08 14:01:34,069] {processor.py:170} INFO - Processing /home/airflow/.local/lib/python3.6/site-packages/airflow/example_dags/tutorial.py took 0.089 seconds
[2023-12-08 14:02:04,383] {processor.py:162} INFO - Started process (PID=810) to work on /home/airflow/.local/lib/python3.6/site-packages/airflow/example_dags/tutorial.py
[2023-12-08 14:02:04,384] {processor.py:613} INFO - Processing file /home/airflow/.local/lib/python3.6/site-packages/airflow/example_dags/tutorial.py for tasks to queue
[2023-12-08 14:02:04,385] {logging_mixin.py:109} INFO - [2023-12-08 14:02:04,385] {dagbag.py:496} INFO - Filling up the DagBag from /home/airflow/.local/lib/python3.6/site-packages/airflow/example_dags/tutorial.py
[2023-12-08 14:02:04,393] {processor.py:623} INFO - DAG(s) dict_keys(['tutorial']) retrieved from /home/airflow/.local/lib/python3.6/site-packages/airflow/example_dags/tutorial.py
[2023-12-08 14:02:04,409] {logging_mixin.py:109} INFO - [2023-12-08 14:02:04,409] {dag.py:1834} INFO - Sync 1 DAGs
[2023-12-08 14:02:04,419] {logging_mixin.py:109} INFO - [2023-12-08 14:02:04,419] {dag.py:2287} INFO - Setting next_dagrun for tutorial to 2023-12-06 00:00:00+00:00
[2023-12-08 14:02:04,430] {processor.py:170} INFO - Processing /home/airflow/.local/lib/python3.6/site-packages/airflow/example_dags/tutorial.py took 0.048 seconds
[2023-12-08 14:02:35,132] {processor.py:162} INFO - Started process (PID=1005) to work on /home/airflow/.local/lib/python3.6/site-packages/airflow/example_dags/tutorial.py
[2023-12-08 14:02:35,134] {processor.py:613} INFO - Processing file /home/airflow/.local/lib/python3.6/site-packages/airflow/example_dags/tutorial.py for tasks to queue
[2023-12-08 14:02:35,134] {logging_mixin.py:109} INFO - [2023-12-08 14:02:35,134] {dagbag.py:496} INFO - Filling up the DagBag from /home/airflow/.local/lib/python3.6/site-packages/airflow/example_dags/tutorial.py
[2023-12-08 14:02:35,143] {processor.py:623} INFO - DAG(s) dict_keys(['tutorial']) retrieved from /home/airflow/.local/lib/python3.6/site-packages/airflow/example_dags/tutorial.py
[2023-12-08 14:02:35,159] {logging_mixin.py:109} INFO - [2023-12-08 14:02:35,159] {dag.py:1834} INFO - Sync 1 DAGs
[2023-12-08 14:02:35,169] {logging_mixin.py:109} INFO - [2023-12-08 14:02:35,169] {dag.py:2287} INFO - Setting next_dagrun for tutorial to 2023-12-06 00:00:00+00:00
[2023-12-08 14:02:35,179] {processor.py:170} INFO - Processing /home/airflow/.local/lib/python3.6/site-packages/airflow/example_dags/tutorial.py took 0.049 seconds
