[2023-12-08 14:01:02,703] {processor.py:162} INFO - Started process (PID=306) to work on /home/airflow/.local/lib/python3.6/site-packages/airflow/example_dags/tutorial_etl_dag.py
[2023-12-08 14:01:02,703] {processor.py:613} INFO - Processing file /home/airflow/.local/lib/python3.6/site-packages/airflow/example_dags/tutorial_etl_dag.py for tasks to queue
[2023-12-08 14:01:02,704] {logging_mixin.py:109} INFO - [2023-12-08 14:01:02,704] {dagbag.py:496} INFO - Filling up the DagBag from /home/airflow/.local/lib/python3.6/site-packages/airflow/example_dags/tutorial_etl_dag.py
[2023-12-08 14:01:02,713] {processor.py:623} INFO - DAG(s) dict_keys(['tutorial_etl_dag']) retrieved from /home/airflow/.local/lib/python3.6/site-packages/airflow/example_dags/tutorial_etl_dag.py
[2023-12-08 14:01:02,883] {logging_mixin.py:109} INFO - [2023-12-08 14:01:02,883] {dag.py:1834} INFO - Sync 1 DAGs
[2023-12-08 14:01:02,896] {logging_mixin.py:109} INFO - [2023-12-08 14:01:02,896] {dag.py:2287} INFO - Setting next_dagrun for tutorial_etl_dag to None
[2023-12-08 14:01:02,908] {processor.py:170} INFO - Processing /home/airflow/.local/lib/python3.6/site-packages/airflow/example_dags/tutorial_etl_dag.py took 0.207 seconds
[2023-12-08 14:01:33,799] {processor.py:162} INFO - Started process (PID=585) to work on /home/airflow/.local/lib/python3.6/site-packages/airflow/example_dags/tutorial_etl_dag.py
[2023-12-08 14:01:33,801] {processor.py:613} INFO - Processing file /home/airflow/.local/lib/python3.6/site-packages/airflow/example_dags/tutorial_etl_dag.py for tasks to queue
[2023-12-08 14:01:33,801] {logging_mixin.py:109} INFO - [2023-12-08 14:01:33,801] {dagbag.py:496} INFO - Filling up the DagBag from /home/airflow/.local/lib/python3.6/site-packages/airflow/example_dags/tutorial_etl_dag.py
[2023-12-08 14:01:33,816] {processor.py:623} INFO - DAG(s) dict_keys(['tutorial_etl_dag']) retrieved from /home/airflow/.local/lib/python3.6/site-packages/airflow/example_dags/tutorial_etl_dag.py
[2023-12-08 14:01:33,843] {logging_mixin.py:109} INFO - [2023-12-08 14:01:33,843] {dag.py:1834} INFO - Sync 1 DAGs
[2023-12-08 14:01:33,860] {logging_mixin.py:109} INFO - [2023-12-08 14:01:33,860] {dag.py:2287} INFO - Setting next_dagrun for tutorial_etl_dag to None
[2023-12-08 14:01:33,878] {processor.py:170} INFO - Processing /home/airflow/.local/lib/python3.6/site-packages/airflow/example_dags/tutorial_etl_dag.py took 0.081 seconds
[2023-12-08 14:02:04,194] {processor.py:162} INFO - Started process (PID=792) to work on /home/airflow/.local/lib/python3.6/site-packages/airflow/example_dags/tutorial_etl_dag.py
[2023-12-08 14:02:04,195] {processor.py:613} INFO - Processing file /home/airflow/.local/lib/python3.6/site-packages/airflow/example_dags/tutorial_etl_dag.py for tasks to queue
[2023-12-08 14:02:04,196] {logging_mixin.py:109} INFO - [2023-12-08 14:02:04,195] {dagbag.py:496} INFO - Filling up the DagBag from /home/airflow/.local/lib/python3.6/site-packages/airflow/example_dags/tutorial_etl_dag.py
[2023-12-08 14:02:04,204] {processor.py:623} INFO - DAG(s) dict_keys(['tutorial_etl_dag']) retrieved from /home/airflow/.local/lib/python3.6/site-packages/airflow/example_dags/tutorial_etl_dag.py
[2023-12-08 14:02:04,220] {logging_mixin.py:109} INFO - [2023-12-08 14:02:04,220] {dag.py:1834} INFO - Sync 1 DAGs
[2023-12-08 14:02:04,230] {logging_mixin.py:109} INFO - [2023-12-08 14:02:04,230] {dag.py:2287} INFO - Setting next_dagrun for tutorial_etl_dag to None
[2023-12-08 14:02:04,239] {processor.py:170} INFO - Processing /home/airflow/.local/lib/python3.6/site-packages/airflow/example_dags/tutorial_etl_dag.py took 0.048 seconds
[2023-12-08 14:02:34,996] {processor.py:162} INFO - Started process (PID=985) to work on /home/airflow/.local/lib/python3.6/site-packages/airflow/example_dags/tutorial_etl_dag.py
[2023-12-08 14:02:34,997] {processor.py:613} INFO - Processing file /home/airflow/.local/lib/python3.6/site-packages/airflow/example_dags/tutorial_etl_dag.py for tasks to queue
[2023-12-08 14:02:34,998] {logging_mixin.py:109} INFO - [2023-12-08 14:02:34,998] {dagbag.py:496} INFO - Filling up the DagBag from /home/airflow/.local/lib/python3.6/site-packages/airflow/example_dags/tutorial_etl_dag.py
[2023-12-08 14:02:35,007] {processor.py:623} INFO - DAG(s) dict_keys(['tutorial_etl_dag']) retrieved from /home/airflow/.local/lib/python3.6/site-packages/airflow/example_dags/tutorial_etl_dag.py
[2023-12-08 14:02:35,027] {logging_mixin.py:109} INFO - [2023-12-08 14:02:35,027] {dag.py:1834} INFO - Sync 1 DAGs
[2023-12-08 14:02:35,039] {logging_mixin.py:109} INFO - [2023-12-08 14:02:35,039] {dag.py:2287} INFO - Setting next_dagrun for tutorial_etl_dag to None
[2023-12-08 14:02:35,050] {processor.py:170} INFO - Processing /home/airflow/.local/lib/python3.6/site-packages/airflow/example_dags/tutorial_etl_dag.py took 0.056 seconds
