[2023-12-08 14:01:03,155] {processor.py:162} INFO - Started process (PID=322) to work on /home/airflow/.local/lib/python3.6/site-packages/airflow/example_dags/tutorial_taskflow_api_etl.py
[2023-12-08 14:01:03,156] {processor.py:613} INFO - Processing file /home/airflow/.local/lib/python3.6/site-packages/airflow/example_dags/tutorial_taskflow_api_etl.py for tasks to queue
[2023-12-08 14:01:03,157] {logging_mixin.py:109} INFO - [2023-12-08 14:01:03,156] {dagbag.py:496} INFO - Filling up the DagBag from /home/airflow/.local/lib/python3.6/site-packages/airflow/example_dags/tutorial_taskflow_api_etl.py
[2023-12-08 14:01:03,169] {processor.py:623} INFO - DAG(s) dict_keys(['tutorial_taskflow_api_etl']) retrieved from /home/airflow/.local/lib/python3.6/site-packages/airflow/example_dags/tutorial_taskflow_api_etl.py
[2023-12-08 14:01:03,335] {logging_mixin.py:109} INFO - [2023-12-08 14:01:03,334] {dag.py:1834} INFO - Sync 1 DAGs
[2023-12-08 14:01:03,346] {logging_mixin.py:109} INFO - [2023-12-08 14:01:03,346] {dag.py:2287} INFO - Setting next_dagrun for tutorial_taskflow_api_etl to None
[2023-12-08 14:01:03,358] {processor.py:170} INFO - Processing /home/airflow/.local/lib/python3.6/site-packages/airflow/example_dags/tutorial_taskflow_api_etl.py took 0.205 seconds
[2023-12-08 14:01:33,922] {processor.py:162} INFO - Started process (PID=600) to work on /home/airflow/.local/lib/python3.6/site-packages/airflow/example_dags/tutorial_taskflow_api_etl.py
[2023-12-08 14:01:33,923] {processor.py:613} INFO - Processing file /home/airflow/.local/lib/python3.6/site-packages/airflow/example_dags/tutorial_taskflow_api_etl.py for tasks to queue
[2023-12-08 14:01:33,924] {logging_mixin.py:109} INFO - [2023-12-08 14:01:33,924] {dagbag.py:496} INFO - Filling up the DagBag from /home/airflow/.local/lib/python3.6/site-packages/airflow/example_dags/tutorial_taskflow_api_etl.py
[2023-12-08 14:01:33,939] {processor.py:623} INFO - DAG(s) dict_keys(['tutorial_taskflow_api_etl']) retrieved from /home/airflow/.local/lib/python3.6/site-packages/airflow/example_dags/tutorial_taskflow_api_etl.py
[2023-12-08 14:01:34,167] {logging_mixin.py:109} INFO - [2023-12-08 14:01:34,167] {dag.py:1834} INFO - Sync 1 DAGs
[2023-12-08 14:01:34,183] {logging_mixin.py:109} INFO - [2023-12-08 14:01:34,183] {dag.py:2287} INFO - Setting next_dagrun for tutorial_taskflow_api_etl to None
[2023-12-08 14:01:34,199] {processor.py:170} INFO - Processing /home/airflow/.local/lib/python3.6/site-packages/airflow/example_dags/tutorial_taskflow_api_etl.py took 0.280 seconds
[2023-12-08 14:02:04,321] {processor.py:162} INFO - Started process (PID=804) to work on /home/airflow/.local/lib/python3.6/site-packages/airflow/example_dags/tutorial_taskflow_api_etl.py
[2023-12-08 14:02:04,322] {processor.py:613} INFO - Processing file /home/airflow/.local/lib/python3.6/site-packages/airflow/example_dags/tutorial_taskflow_api_etl.py for tasks to queue
[2023-12-08 14:02:04,323] {logging_mixin.py:109} INFO - [2023-12-08 14:02:04,323] {dagbag.py:496} INFO - Filling up the DagBag from /home/airflow/.local/lib/python3.6/site-packages/airflow/example_dags/tutorial_taskflow_api_etl.py
[2023-12-08 14:02:04,334] {processor.py:623} INFO - DAG(s) dict_keys(['tutorial_taskflow_api_etl']) retrieved from /home/airflow/.local/lib/python3.6/site-packages/airflow/example_dags/tutorial_taskflow_api_etl.py
[2023-12-08 14:02:04,483] {logging_mixin.py:109} INFO - [2023-12-08 14:02:04,483] {dag.py:1834} INFO - Sync 1 DAGs
[2023-12-08 14:02:04,493] {logging_mixin.py:109} INFO - [2023-12-08 14:02:04,493] {dag.py:2287} INFO - Setting next_dagrun for tutorial_taskflow_api_etl to None
[2023-12-08 14:02:04,505] {processor.py:170} INFO - Processing /home/airflow/.local/lib/python3.6/site-packages/airflow/example_dags/tutorial_taskflow_api_etl.py took 0.186 seconds
[2023-12-08 14:02:35,112] {processor.py:162} INFO - Started process (PID=1000) to work on /home/airflow/.local/lib/python3.6/site-packages/airflow/example_dags/tutorial_taskflow_api_etl.py
[2023-12-08 14:02:35,113] {processor.py:613} INFO - Processing file /home/airflow/.local/lib/python3.6/site-packages/airflow/example_dags/tutorial_taskflow_api_etl.py for tasks to queue
[2023-12-08 14:02:35,113] {logging_mixin.py:109} INFO - [2023-12-08 14:02:35,113] {dagbag.py:496} INFO - Filling up the DagBag from /home/airflow/.local/lib/python3.6/site-packages/airflow/example_dags/tutorial_taskflow_api_etl.py
[2023-12-08 14:02:35,129] {processor.py:623} INFO - DAG(s) dict_keys(['tutorial_taskflow_api_etl']) retrieved from /home/airflow/.local/lib/python3.6/site-packages/airflow/example_dags/tutorial_taskflow_api_etl.py
[2023-12-08 14:02:35,282] {logging_mixin.py:109} INFO - [2023-12-08 14:02:35,282] {dag.py:1834} INFO - Sync 1 DAGs
[2023-12-08 14:02:35,292] {logging_mixin.py:109} INFO - [2023-12-08 14:02:35,292] {dag.py:2287} INFO - Setting next_dagrun for tutorial_taskflow_api_etl to None
[2023-12-08 14:02:35,302] {processor.py:170} INFO - Processing /home/airflow/.local/lib/python3.6/site-packages/airflow/example_dags/tutorial_taskflow_api_etl.py took 0.193 seconds
