[2024-03-11 02:56:08,673] {taskinstance.py:903} INFO - Dependencies all met for <TaskInstance: meeting_project492.clean_comment 2024-03-11T02:55:58.984315+00:00 [queued]>
[2024-03-11 02:56:08,692] {taskinstance.py:903} INFO - Dependencies all met for <TaskInstance: meeting_project492.clean_comment 2024-03-11T02:55:58.984315+00:00 [queued]>
[2024-03-11 02:56:08,692] {taskinstance.py:1095} INFO - 
--------------------------------------------------------------------------------
[2024-03-11 02:56:08,692] {taskinstance.py:1096} INFO - Starting attempt 1 of 1
[2024-03-11 02:56:08,692] {taskinstance.py:1097} INFO - 
--------------------------------------------------------------------------------
[2024-03-11 02:56:08,701] {taskinstance.py:1115} INFO - Executing <Task(PythonOperator): clean_comment> on 2024-03-11T02:55:58.984315+00:00
[2024-03-11 02:56:08,705] {standard_task_runner.py:52} INFO - Started process 20638 to run task
[2024-03-11 02:56:08,708] {standard_task_runner.py:76} INFO - Running: ['***', 'tasks', 'run', 'meeting_project492', 'clean_comment', '2024-03-11T02:55:58.984315+00:00', '--job-id', '512', '--pool', 'default_pool', '--raw', '--subdir', 'DAGS_FOLDER/first_dag.py', '--cfg-path', '/tmp/tmp9tmi7_je', '--error-file', '/tmp/tmp9kvn8gks']
[2024-03-11 02:56:08,710] {standard_task_runner.py:77} INFO - Job 512: Subtask clean_comment
[2024-03-11 02:56:08,744] {logging_mixin.py:109} INFO - Running <TaskInstance: meeting_project492.clean_comment 2024-03-11T02:55:58.984315+00:00 [running]> on host fe457b6d1f83
[2024-03-11 02:56:08,790] {taskinstance.py:1254} INFO - Exporting the following env vars:
AIRFLOW_CTX_DAG_OWNER=***
AIRFLOW_CTX_DAG_ID=meeting_project492
AIRFLOW_CTX_TASK_ID=clean_comment
AIRFLOW_CTX_EXECUTION_DATE=2024-03-11T02:55:58.984315+00:00
AIRFLOW_CTX_DAG_RUN_ID=manual__2024-03-11T02:55:58.984315+00:00
[2024-03-11 02:56:08,804] {logging_mixin.py:109} INFO - Output to /home/tnanun/***-meet/data/data_com.csv yoyoyoyoyoyo
[2024-03-11 02:56:08,804] {python.py:151} INFO - Done. Returned value was: None
[2024-03-11 02:56:08,813] {taskinstance.py:1219} INFO - Marking task as SUCCESS. dag_id=meeting_project492, task_id=clean_comment, execution_date=20240311T025558, start_date=20240311T025608, end_date=20240311T025608
[2024-03-11 02:56:08,840] {local_task_job.py:151} INFO - Task exited with return code 0
[2024-03-11 02:56:08,872] {local_task_job.py:261} INFO - 0 downstream tasks scheduled from follow-on schedule check
