[2024-03-10 16:21:22,665] {taskinstance.py:903} INFO - Dependencies all met for <TaskInstance: meeting_project492.clean_answers 2024-03-10T16:21:16.183430+00:00 [queued]>
[2024-03-10 16:21:22,676] {taskinstance.py:903} INFO - Dependencies all met for <TaskInstance: meeting_project492.clean_answers 2024-03-10T16:21:16.183430+00:00 [queued]>
[2024-03-10 16:21:22,677] {taskinstance.py:1095} INFO - 
--------------------------------------------------------------------------------
[2024-03-10 16:21:22,677] {taskinstance.py:1096} INFO - Starting attempt 1 of 1
[2024-03-10 16:21:22,677] {taskinstance.py:1097} INFO - 
--------------------------------------------------------------------------------
[2024-03-10 16:21:22,691] {taskinstance.py:1115} INFO - Executing <Task(PythonOperator): clean_answers> on 2024-03-10T16:21:16.183430+00:00
[2024-03-10 16:21:22,695] {standard_task_runner.py:52} INFO - Started process 3039 to run task
[2024-03-10 16:21:22,697] {standard_task_runner.py:76} INFO - Running: ['***', 'tasks', 'run', 'meeting_project492', 'clean_answers', '2024-03-10T16:21:16.183430+00:00', '--job-id', '424', '--pool', 'default_pool', '--raw', '--subdir', 'DAGS_FOLDER/first_dag.py', '--cfg-path', '/tmp/tmp2lo4imy_', '--error-file', '/tmp/tmp9tr9kd6g']
[2024-03-10 16:21:22,700] {standard_task_runner.py:77} INFO - Job 424: Subtask clean_answers
[2024-03-10 16:21:22,740] {logging_mixin.py:109} INFO - Running <TaskInstance: meeting_project492.clean_answers 2024-03-10T16:21:16.183430+00:00 [running]> on host 6053b7d19b63
[2024-03-10 16:21:22,789] {taskinstance.py:1254} INFO - Exporting the following env vars:
AIRFLOW_CTX_DAG_OWNER=***
AIRFLOW_CTX_DAG_ID=meeting_project492
AIRFLOW_CTX_TASK_ID=clean_answers
AIRFLOW_CTX_EXECUTION_DATE=2024-03-10T16:21:16.183430+00:00
AIRFLOW_CTX_DAG_RUN_ID=manual__2024-03-10T16:21:16.183430+00:00
[2024-03-10 16:21:22,816] {logging_mixin.py:109} INFO - Output to /home/tnanun/***-meet/data/data_ans.csv yoyoyoyoyoyo
[2024-03-10 16:21:22,817] {python.py:151} INFO - Done. Returned value was: None
[2024-03-10 16:21:22,827] {taskinstance.py:1219} INFO - Marking task as SUCCESS. dag_id=meeting_project492, task_id=clean_answers, execution_date=20240310T162116, start_date=20240310T162122, end_date=20240310T162122
[2024-03-10 16:21:22,870] {local_task_job.py:151} INFO - Task exited with return code 0
[2024-03-10 16:21:22,893] {local_task_job.py:261} INFO - 0 downstream tasks scheduled from follow-on schedule check
