[2024-03-09 03:03:33,903] {taskinstance.py:903} INFO - Dependencies all met for <TaskInstance: meeting_project492.clean_meet_obj 2024-03-09T03:03:28.987377+00:00 [queued]>
[2024-03-09 03:03:33,914] {taskinstance.py:903} INFO - Dependencies all met for <TaskInstance: meeting_project492.clean_meet_obj 2024-03-09T03:03:28.987377+00:00 [queued]>
[2024-03-09 03:03:33,914] {taskinstance.py:1095} INFO - 
--------------------------------------------------------------------------------
[2024-03-09 03:03:33,915] {taskinstance.py:1096} INFO - Starting attempt 1 of 1
[2024-03-09 03:03:33,915] {taskinstance.py:1097} INFO - 
--------------------------------------------------------------------------------
[2024-03-09 03:03:33,927] {taskinstance.py:1115} INFO - Executing <Task(PythonOperator): clean_meet_obj> on 2024-03-09T03:03:28.987377+00:00
[2024-03-09 03:03:33,932] {standard_task_runner.py:52} INFO - Started process 3742 to run task
[2024-03-09 03:03:33,934] {standard_task_runner.py:76} INFO - Running: ['***', 'tasks', 'run', 'meeting_project492', 'clean_meet_obj', '2024-03-09T03:03:28.987377+00:00', '--job-id', '374', '--pool', 'default_pool', '--raw', '--subdir', 'DAGS_FOLDER/first_dag.py', '--cfg-path', '/tmp/tmp8vmly904', '--error-file', '/tmp/tmp8k9asdre']
[2024-03-09 03:03:33,937] {standard_task_runner.py:77} INFO - Job 374: Subtask clean_meet_obj
[2024-03-09 03:03:33,973] {logging_mixin.py:109} INFO - Running <TaskInstance: meeting_project492.clean_meet_obj 2024-03-09T03:03:28.987377+00:00 [running]> on host 62b9685fb4d1
[2024-03-09 03:03:34,019] {taskinstance.py:1254} INFO - Exporting the following env vars:
AIRFLOW_CTX_DAG_OWNER=***
AIRFLOW_CTX_DAG_ID=meeting_project492
AIRFLOW_CTX_TASK_ID=clean_meet_obj
AIRFLOW_CTX_EXECUTION_DATE=2024-03-09T03:03:28.987377+00:00
AIRFLOW_CTX_DAG_RUN_ID=manual__2024-03-09T03:03:28.987377+00:00
[2024-03-09 03:03:34,035] {logging_mixin.py:109} INFO - Output to /home/tnanun/***-meet/data/data_com.csv yoyoyoyoyoyo
[2024-03-09 03:03:34,035] {python.py:151} INFO - Done. Returned value was: None
[2024-03-09 03:03:34,053] {taskinstance.py:1219} INFO - Marking task as SUCCESS. dag_id=meeting_project492, task_id=clean_meet_obj, execution_date=20240309T030328, start_date=20240309T030333, end_date=20240309T030334
[2024-03-09 03:03:34,106] {local_task_job.py:151} INFO - Task exited with return code 0
[2024-03-09 03:03:34,132] {local_task_job.py:261} INFO - 1 downstream tasks scheduled from follow-on schedule check
