[2024-03-11 04:34:02,696] {taskinstance.py:903} INFO - Dependencies all met for <TaskInstance: meeting_project492.clean_comment 2024-03-11T04:33:59.355517+00:00 [queued]>
[2024-03-11 04:34:02,710] {taskinstance.py:903} INFO - Dependencies all met for <TaskInstance: meeting_project492.clean_comment 2024-03-11T04:33:59.355517+00:00 [queued]>
[2024-03-11 04:34:02,710] {taskinstance.py:1095} INFO - 
--------------------------------------------------------------------------------
[2024-03-11 04:34:02,711] {taskinstance.py:1096} INFO - Starting attempt 1 of 1
[2024-03-11 04:34:02,711] {taskinstance.py:1097} INFO - 
--------------------------------------------------------------------------------
[2024-03-11 04:34:02,726] {taskinstance.py:1115} INFO - Executing <Task(PythonOperator): clean_comment> on 2024-03-11T04:33:59.355517+00:00
[2024-03-11 04:34:02,731] {standard_task_runner.py:52} INFO - Started process 4680 to run task
[2024-03-11 04:34:02,735] {standard_task_runner.py:76} INFO - Running: ['***', 'tasks', 'run', 'meeting_project492', 'clean_comment', '2024-03-11T04:33:59.355517+00:00', '--job-id', '625', '--pool', 'default_pool', '--raw', '--subdir', 'DAGS_FOLDER/first_dag.py', '--cfg-path', '/tmp/tmpu5zxpc8d', '--error-file', '/tmp/tmp3ujd9gau']
[2024-03-11 04:34:02,738] {standard_task_runner.py:77} INFO - Job 625: Subtask clean_comment
[2024-03-11 04:34:02,784] {logging_mixin.py:109} INFO - Running <TaskInstance: meeting_project492.clean_comment 2024-03-11T04:33:59.355517+00:00 [running]> on host 5fe9ddfe21b9
[2024-03-11 04:34:02,845] {taskinstance.py:1254} INFO - Exporting the following env vars:
AIRFLOW_CTX_DAG_OWNER=***
AIRFLOW_CTX_DAG_ID=meeting_project492
AIRFLOW_CTX_TASK_ID=clean_comment
AIRFLOW_CTX_EXECUTION_DATE=2024-03-11T04:33:59.355517+00:00
AIRFLOW_CTX_DAG_RUN_ID=manual__2024-03-11T04:33:59.355517+00:00
[2024-03-11 04:34:02,862] {logging_mixin.py:109} INFO - Output to /home/tnanun/***-meet/data/data_com.csv yoyoyoyoyoyo
[2024-03-11 04:34:02,863] {python.py:151} INFO - Done. Returned value was: None
[2024-03-11 04:34:02,875] {taskinstance.py:1219} INFO - Marking task as SUCCESS. dag_id=meeting_project492, task_id=clean_comment, execution_date=20240311T043359, start_date=20240311T043402, end_date=20240311T043402
[2024-03-11 04:34:02,907] {local_task_job.py:151} INFO - Task exited with return code 0
[2024-03-11 04:34:02,934] {local_task_job.py:261} INFO - 0 downstream tasks scheduled from follow-on schedule check
