[2024-03-10 16:16:02,462] {taskinstance.py:903} INFO - Dependencies all met for <TaskInstance: meeting_project492.clean_comment 2024-03-09T04:00:00+00:00 [queued]>
[2024-03-10 16:16:02,492] {taskinstance.py:903} INFO - Dependencies all met for <TaskInstance: meeting_project492.clean_comment 2024-03-09T04:00:00+00:00 [queued]>
[2024-03-10 16:16:02,492] {taskinstance.py:1095} INFO - 
--------------------------------------------------------------------------------
[2024-03-10 16:16:02,492] {taskinstance.py:1096} INFO - Starting attempt 1 of 1
[2024-03-10 16:16:02,492] {taskinstance.py:1097} INFO - 
--------------------------------------------------------------------------------
[2024-03-10 16:16:02,523] {taskinstance.py:1115} INFO - Executing <Task(PythonOperator): clean_comment> on 2024-03-09T04:00:00+00:00
[2024-03-10 16:16:02,537] {standard_task_runner.py:52} INFO - Started process 590 to run task
[2024-03-10 16:16:02,543] {standard_task_runner.py:76} INFO - Running: ['***', 'tasks', 'run', 'meeting_project492', 'clean_comment', '2024-03-09T04:00:00+00:00', '--job-id', '401', '--pool', 'default_pool', '--raw', '--subdir', 'DAGS_FOLDER/first_dag.py', '--cfg-path', '/tmp/tmptgh0x4qd', '--error-file', '/tmp/tmp1nrwrt5k']
[2024-03-10 16:16:02,550] {standard_task_runner.py:77} INFO - Job 401: Subtask clean_comment
[2024-03-10 16:16:02,618] {logging_mixin.py:109} INFO - Running <TaskInstance: meeting_project492.clean_comment 2024-03-09T04:00:00+00:00 [running]> on host 6053b7d19b63
[2024-03-10 16:16:02,708] {taskinstance.py:1254} INFO - Exporting the following env vars:
AIRFLOW_CTX_DAG_OWNER=***
AIRFLOW_CTX_DAG_ID=meeting_project492
AIRFLOW_CTX_TASK_ID=clean_comment
AIRFLOW_CTX_EXECUTION_DATE=2024-03-09T04:00:00+00:00
AIRFLOW_CTX_DAG_RUN_ID=scheduled__2024-03-09T04:00:00+00:00
[2024-03-10 16:16:02,736] {logging_mixin.py:109} INFO - Output to /home/tnanun/***-meet/data/data_com.csv yoyoyoyoyoyo
[2024-03-10 16:16:02,737] {python.py:151} INFO - Done. Returned value was: None
[2024-03-10 16:16:02,754] {taskinstance.py:1219} INFO - Marking task as SUCCESS. dag_id=meeting_project492, task_id=clean_comment, execution_date=20240309T040000, start_date=20240310T161602, end_date=20240310T161602
[2024-03-10 16:16:02,795] {local_task_job.py:151} INFO - Task exited with return code 0
[2024-03-10 16:16:02,833] {local_task_job.py:261} INFO - 0 downstream tasks scheduled from follow-on schedule check
