[2024-03-11 03:15:59,141] {taskinstance.py:903} INFO - Dependencies all met for <TaskInstance: meeting_project492.clean_comment 2024-03-11T03:15:51.696443+00:00 [queued]>
[2024-03-11 03:15:59,154] {taskinstance.py:903} INFO - Dependencies all met for <TaskInstance: meeting_project492.clean_comment 2024-03-11T03:15:51.696443+00:00 [queued]>
[2024-03-11 03:15:59,154] {taskinstance.py:1095} INFO - 
--------------------------------------------------------------------------------
[2024-03-11 03:15:59,154] {taskinstance.py:1096} INFO - Starting attempt 1 of 1
[2024-03-11 03:15:59,154] {taskinstance.py:1097} INFO - 
--------------------------------------------------------------------------------
[2024-03-11 03:15:59,168] {taskinstance.py:1115} INFO - Executing <Task(PythonOperator): clean_comment> on 2024-03-11T03:15:51.696443+00:00
[2024-03-11 03:15:59,172] {standard_task_runner.py:52} INFO - Started process 1320 to run task
[2024-03-11 03:15:59,175] {standard_task_runner.py:76} INFO - Running: ['***', 'tasks', 'run', 'meeting_project492', 'clean_comment', '2024-03-11T03:15:51.696443+00:00', '--job-id', '546', '--pool', 'default_pool', '--raw', '--subdir', 'DAGS_FOLDER/first_dag.py', '--cfg-path', '/tmp/tmpfv2f21_u', '--error-file', '/tmp/tmpkng9bbuw']
[2024-03-11 03:15:59,177] {standard_task_runner.py:77} INFO - Job 546: Subtask clean_comment
[2024-03-11 03:15:59,221] {logging_mixin.py:109} INFO - Running <TaskInstance: meeting_project492.clean_comment 2024-03-11T03:15:51.696443+00:00 [running]> on host 1e810f2a28a1
[2024-03-11 03:15:59,280] {taskinstance.py:1254} INFO - Exporting the following env vars:
AIRFLOW_CTX_DAG_OWNER=***
AIRFLOW_CTX_DAG_ID=meeting_project492
AIRFLOW_CTX_TASK_ID=clean_comment
AIRFLOW_CTX_EXECUTION_DATE=2024-03-11T03:15:51.696443+00:00
AIRFLOW_CTX_DAG_RUN_ID=manual__2024-03-11T03:15:51.696443+00:00
[2024-03-11 03:15:59,297] {logging_mixin.py:109} INFO - Output to /home/tnanun/***-meet/data/data_com.csv yoyoyoyoyoyo
[2024-03-11 03:15:59,298] {python.py:151} INFO - Done. Returned value was: None
[2024-03-11 03:15:59,307] {taskinstance.py:1219} INFO - Marking task as SUCCESS. dag_id=meeting_project492, task_id=clean_comment, execution_date=20240311T031551, start_date=20240311T031559, end_date=20240311T031559
[2024-03-11 03:15:59,347] {local_task_job.py:151} INFO - Task exited with return code 0
[2024-03-11 03:15:59,374] {local_task_job.py:261} INFO - 0 downstream tasks scheduled from follow-on schedule check
