[2024-03-11 04:40:29,949] {taskinstance.py:903} INFO - Dependencies all met for <TaskInstance: meeting_project492.clean_comment 2024-03-11T04:40:26.004033+00:00 [queued]>
[2024-03-11 04:40:29,968] {taskinstance.py:903} INFO - Dependencies all met for <TaskInstance: meeting_project492.clean_comment 2024-03-11T04:40:26.004033+00:00 [queued]>
[2024-03-11 04:40:29,968] {taskinstance.py:1095} INFO - 
--------------------------------------------------------------------------------
[2024-03-11 04:40:29,968] {taskinstance.py:1096} INFO - Starting attempt 1 of 1
[2024-03-11 04:40:29,968] {taskinstance.py:1097} INFO - 
--------------------------------------------------------------------------------
[2024-03-11 04:40:29,978] {taskinstance.py:1115} INFO - Executing <Task(PythonOperator): clean_comment> on 2024-03-11T04:40:26.004033+00:00
[2024-03-11 04:40:29,984] {standard_task_runner.py:52} INFO - Started process 672 to run task
[2024-03-11 04:40:29,987] {standard_task_runner.py:76} INFO - Running: ['***', 'tasks', 'run', 'meeting_project492', 'clean_comment', '2024-03-11T04:40:26.004033+00:00', '--job-id', '648', '--pool', 'default_pool', '--raw', '--subdir', 'DAGS_FOLDER/first_dag.py', '--cfg-path', '/tmp/tmpy_7iezim', '--error-file', '/tmp/tmp8wvbhf6v']
[2024-03-11 04:40:29,989] {standard_task_runner.py:77} INFO - Job 648: Subtask clean_comment
[2024-03-11 04:40:30,032] {logging_mixin.py:109} INFO - Running <TaskInstance: meeting_project492.clean_comment 2024-03-11T04:40:26.004033+00:00 [running]> on host a354bf513529
[2024-03-11 04:40:30,089] {taskinstance.py:1254} INFO - Exporting the following env vars:
AIRFLOW_CTX_DAG_OWNER=***
AIRFLOW_CTX_DAG_ID=meeting_project492
AIRFLOW_CTX_TASK_ID=clean_comment
AIRFLOW_CTX_EXECUTION_DATE=2024-03-11T04:40:26.004033+00:00
AIRFLOW_CTX_DAG_RUN_ID=manual__2024-03-11T04:40:26.004033+00:00
[2024-03-11 04:40:30,107] {logging_mixin.py:109} INFO - Output to /home/tnanun/***-meet/data/data_com.csv yoyoyoyoyoyo
[2024-03-11 04:40:30,107] {python.py:151} INFO - Done. Returned value was: None
[2024-03-11 04:40:30,117] {taskinstance.py:1219} INFO - Marking task as SUCCESS. dag_id=meeting_project492, task_id=clean_comment, execution_date=20240311T044026, start_date=20240311T044029, end_date=20240311T044030
[2024-03-11 04:40:30,159] {local_task_job.py:151} INFO - Task exited with return code 0
[2024-03-11 04:40:30,186] {local_task_job.py:261} INFO - 1 downstream tasks scheduled from follow-on schedule check
