[2023-12-03 08:55:22,476] {taskinstance.py:903} INFO - Dependencies all met for <TaskInstance: i_can_do_it_and_i_will_do.get_data 2023-12-03T08:55:19.017106+00:00 [queued]>
[2023-12-03 08:55:22,487] {taskinstance.py:903} INFO - Dependencies all met for <TaskInstance: i_can_do_it_and_i_will_do.get_data 2023-12-03T08:55:19.017106+00:00 [queued]>
[2023-12-03 08:55:22,487] {taskinstance.py:1095} INFO - 
--------------------------------------------------------------------------------
[2023-12-03 08:55:22,488] {taskinstance.py:1096} INFO - Starting attempt 1 of 1
[2023-12-03 08:55:22,488] {taskinstance.py:1097} INFO - 
--------------------------------------------------------------------------------
[2023-12-03 08:55:22,501] {taskinstance.py:1115} INFO - Executing <Task(PythonOperator): get_data> on 2023-12-03T08:55:19.017106+00:00
[2023-12-03 08:55:22,507] {standard_task_runner.py:52} INFO - Started process 765 to run task
[2023-12-03 08:55:22,511] {standard_task_runner.py:76} INFO - Running: ['***', 'tasks', 'run', 'i_can_do_it_and_i_will_do', 'get_data', '2023-12-03T08:55:19.017106+00:00', '--job-id', '35', '--pool', 'default_pool', '--raw', '--subdir', 'DAGS_FOLDER/first_dag.py', '--cfg-path', '/tmp/tmpdmkywv2r', '--error-file', '/tmp/tmpkr26d8ty']
[2023-12-03 08:55:22,514] {standard_task_runner.py:77} INFO - Job 35: Subtask get_data
[2023-12-03 08:55:22,560] {logging_mixin.py:109} INFO - Running <TaskInstance: i_can_do_it_and_i_will_do.get_data 2023-12-03T08:55:19.017106+00:00 [running]> on host 8c0965a55e6f
[2023-12-03 08:55:22,620] {taskinstance.py:1254} INFO - Exporting the following env vars:
AIRFLOW_CTX_DAG_OWNER=***
AIRFLOW_CTX_DAG_ID=i_can_do_it_and_i_will_do
AIRFLOW_CTX_TASK_ID=get_data
AIRFLOW_CTX_EXECUTION_DATE=2023-12-03T08:55:19.017106+00:00
AIRFLOW_CTX_DAG_RUN_ID=manual__2023-12-03T08:55:19.017106+00:00
[2023-12-03 08:55:28,612] {python.py:151} INFO - Done. Returned value was: None
[2023-12-03 08:55:28,622] {taskinstance.py:1219} INFO - Marking task as SUCCESS. dag_id=i_can_do_it_and_i_will_do, task_id=get_data, execution_date=20231203T085519, start_date=20231203T085522, end_date=20231203T085528
[2023-12-03 08:55:28,676] {local_task_job.py:151} INFO - Task exited with return code 0
[2023-12-03 08:55:28,701] {local_task_job.py:261} INFO - 0 downstream tasks scheduled from follow-on schedule check
