[2024-03-11 04:13:29,909] {taskinstance.py:903} INFO - Dependencies all met for <TaskInstance: meeting_project492.clean_answers 2024-03-11T03:00:00+00:00 [queued]>
[2024-03-11 04:13:29,926] {taskinstance.py:903} INFO - Dependencies all met for <TaskInstance: meeting_project492.clean_answers 2024-03-11T03:00:00+00:00 [queued]>
[2024-03-11 04:13:29,927] {taskinstance.py:1095} INFO - 
--------------------------------------------------------------------------------
[2024-03-11 04:13:29,927] {taskinstance.py:1096} INFO - Starting attempt 1 of 1
[2024-03-11 04:13:29,927] {taskinstance.py:1097} INFO - 
--------------------------------------------------------------------------------
[2024-03-11 04:13:29,937] {taskinstance.py:1115} INFO - Executing <Task(PythonOperator): clean_answers> on 2024-03-11T03:00:00+00:00
[2024-03-11 04:13:29,942] {standard_task_runner.py:52} INFO - Started process 500 to run task
[2024-03-11 04:13:29,944] {standard_task_runner.py:76} INFO - Running: ['***', 'tasks', 'run', 'meeting_project492', 'clean_answers', '2024-03-11T03:00:00+00:00', '--job-id', '556', '--pool', 'default_pool', '--raw', '--subdir', 'DAGS_FOLDER/first_dag.py', '--cfg-path', '/tmp/tmp9tpwignq', '--error-file', '/tmp/tmpm0_3d0ob']
[2024-03-11 04:13:29,947] {standard_task_runner.py:77} INFO - Job 556: Subtask clean_answers
[2024-03-11 04:13:29,985] {logging_mixin.py:109} INFO - Running <TaskInstance: meeting_project492.clean_answers 2024-03-11T03:00:00+00:00 [running]> on host 76207e23fd35
[2024-03-11 04:13:30,037] {taskinstance.py:1254} INFO - Exporting the following env vars:
AIRFLOW_CTX_DAG_OWNER=***
AIRFLOW_CTX_DAG_ID=meeting_project492
AIRFLOW_CTX_TASK_ID=clean_answers
AIRFLOW_CTX_EXECUTION_DATE=2024-03-11T03:00:00+00:00
AIRFLOW_CTX_DAG_RUN_ID=scheduled__2024-03-11T03:00:00+00:00
[2024-03-11 04:13:30,076] {logging_mixin.py:109} INFO - Output to /home/tnanun/***-meet/data/data_ans.csv yoyoyoyoyoyo
[2024-03-11 04:13:30,076] {python.py:151} INFO - Done. Returned value was: None
[2024-03-11 04:13:30,086] {taskinstance.py:1219} INFO - Marking task as SUCCESS. dag_id=meeting_project492, task_id=clean_answers, execution_date=20240311T030000, start_date=20240311T041329, end_date=20240311T041330
[2024-03-11 04:13:30,117] {local_task_job.py:151} INFO - Task exited with return code 0
[2024-03-11 04:13:30,143] {local_task_job.py:261} INFO - 0 downstream tasks scheduled from follow-on schedule check
