[2024-03-01 09:11:34,683] {taskinstance.py:903} INFO - Dependencies all met for <TaskInstance: meeting.clean_answers 2024-03-01T09:11:27.498526+00:00 [queued]>
[2024-03-01 09:11:34,699] {taskinstance.py:903} INFO - Dependencies all met for <TaskInstance: meeting.clean_answers 2024-03-01T09:11:27.498526+00:00 [queued]>
[2024-03-01 09:11:34,699] {taskinstance.py:1095} INFO - 
--------------------------------------------------------------------------------
[2024-03-01 09:11:34,699] {taskinstance.py:1096} INFO - Starting attempt 1 of 1
[2024-03-01 09:11:34,699] {taskinstance.py:1097} INFO - 
--------------------------------------------------------------------------------
[2024-03-01 09:11:34,709] {taskinstance.py:1115} INFO - Executing <Task(PythonOperator): clean_answers> on 2024-03-01T09:11:27.498526+00:00
[2024-03-01 09:11:34,714] {standard_task_runner.py:52} INFO - Started process 4005 to run task
[2024-03-01 09:11:34,717] {standard_task_runner.py:76} INFO - Running: ['***', 'tasks', 'run', 'meeting', 'clean_answers', '2024-03-01T09:11:27.498526+00:00', '--job-id', '168', '--pool', 'default_pool', '--raw', '--subdir', 'DAGS_FOLDER/first_dag.py', '--cfg-path', '/tmp/tmp8xmq6r4t', '--error-file', '/tmp/tmpv7rgfzv5']
[2024-03-01 09:11:34,719] {standard_task_runner.py:77} INFO - Job 168: Subtask clean_answers
[2024-03-01 09:11:34,754] {logging_mixin.py:109} INFO - Running <TaskInstance: meeting.clean_answers 2024-03-01T09:11:27.498526+00:00 [running]> on host 9deaaf5c1807
[2024-03-01 09:11:34,802] {taskinstance.py:1254} INFO - Exporting the following env vars:
AIRFLOW_CTX_DAG_OWNER=***
AIRFLOW_CTX_DAG_ID=meeting
AIRFLOW_CTX_TASK_ID=clean_answers
AIRFLOW_CTX_EXECUTION_DATE=2024-03-01T09:11:27.498526+00:00
AIRFLOW_CTX_DAG_RUN_ID=manual__2024-03-01T09:11:27.498526+00:00
[2024-03-01 09:11:34,840] {logging_mixin.py:109} INFO - Output to /home/tnanun/***-meet/data/data_ans.csv yoyoyoyoyoyo
[2024-03-01 09:11:34,840] {python.py:151} INFO - Done. Returned value was: None
[2024-03-01 09:11:34,853] {taskinstance.py:1219} INFO - Marking task as SUCCESS. dag_id=meeting, task_id=clean_answers, execution_date=20240301T091127, start_date=20240301T091134, end_date=20240301T091134
[2024-03-01 09:11:34,889] {local_task_job.py:151} INFO - Task exited with return code 0
[2024-03-01 09:11:34,916] {local_task_job.py:261} INFO - 0 downstream tasks scheduled from follow-on schedule check
