[2023-12-06 08:00:01,639] {taskinstance.py:903} INFO - Dependencies all met for <TaskInstance: meeting.fetch_answers 2023-12-06T07:00:00+00:00 [queued]>
[2023-12-06 08:00:01,648] {taskinstance.py:903} INFO - Dependencies all met for <TaskInstance: meeting.fetch_answers 2023-12-06T07:00:00+00:00 [queued]>
[2023-12-06 08:00:01,649] {taskinstance.py:1095} INFO - 
--------------------------------------------------------------------------------
[2023-12-06 08:00:01,649] {taskinstance.py:1096} INFO - Starting attempt 1 of 1
[2023-12-06 08:00:01,649] {taskinstance.py:1097} INFO - 
--------------------------------------------------------------------------------
[2023-12-06 08:00:01,664] {taskinstance.py:1115} INFO - Executing <Task(PythonOperator): fetch_answers> on 2023-12-06T07:00:00+00:00
[2023-12-06 08:00:01,668] {standard_task_runner.py:52} INFO - Started process 5972 to run task
[2023-12-06 08:00:01,670] {standard_task_runner.py:76} INFO - Running: ['***', 'tasks', 'run', 'meeting', 'fetch_answers', '2023-12-06T07:00:00+00:00', '--job-id', '93', '--pool', 'default_pool', '--raw', '--subdir', 'DAGS_FOLDER/first_dag.py', '--cfg-path', '/tmp/tmp6oyg5a4g', '--error-file', '/tmp/tmp7hom5bys']
[2023-12-06 08:00:01,674] {standard_task_runner.py:77} INFO - Job 93: Subtask fetch_answers
[2023-12-06 08:00:01,711] {logging_mixin.py:109} INFO - Running <TaskInstance: meeting.fetch_answers 2023-12-06T07:00:00+00:00 [running]> on host 290bde24ac9b
[2023-12-06 08:00:01,762] {taskinstance.py:1254} INFO - Exporting the following env vars:
AIRFLOW_CTX_DAG_OWNER=***
AIRFLOW_CTX_DAG_ID=meeting
AIRFLOW_CTX_TASK_ID=fetch_answers
AIRFLOW_CTX_EXECUTION_DATE=2023-12-06T07:00:00+00:00
AIRFLOW_CTX_DAG_RUN_ID=scheduled__2023-12-06T07:00:00+00:00
[2023-12-06 08:00:03,286] {logging_mixin.py:109} INFO - Output to /home/tnanun/***-meet/data/data_ans.csv yoyoyoyoyoyo
[2023-12-06 08:00:03,286] {python.py:151} INFO - Done. Returned value was: None
[2023-12-06 08:00:03,295] {taskinstance.py:1219} INFO - Marking task as SUCCESS. dag_id=meeting, task_id=fetch_answers, execution_date=20231206T070000, start_date=20231206T080001, end_date=20231206T080003
[2023-12-06 08:00:03,329] {local_task_job.py:151} INFO - Task exited with return code 0
[2023-12-06 08:00:03,352] {local_task_job.py:261} INFO - 1 downstream tasks scheduled from follow-on schedule check
