[2024-03-11 04:30:25,171] {taskinstance.py:903} INFO - Dependencies all met for <TaskInstance: meeting_project492.clean_answers 2024-03-11T04:30:18.774911+00:00 [queued]>
[2024-03-11 04:30:25,181] {taskinstance.py:903} INFO - Dependencies all met for <TaskInstance: meeting_project492.clean_answers 2024-03-11T04:30:18.774911+00:00 [queued]>
[2024-03-11 04:30:25,182] {taskinstance.py:1095} INFO - 
--------------------------------------------------------------------------------
[2024-03-11 04:30:25,182] {taskinstance.py:1096} INFO - Starting attempt 1 of 1
[2024-03-11 04:30:25,182] {taskinstance.py:1097} INFO - 
--------------------------------------------------------------------------------
[2024-03-11 04:30:25,203] {taskinstance.py:1115} INFO - Executing <Task(PythonOperator): clean_answers> on 2024-03-11T04:30:18.774911+00:00
[2024-03-11 04:30:25,209] {standard_task_runner.py:52} INFO - Started process 2960 to run task
[2024-03-11 04:30:25,214] {standard_task_runner.py:76} INFO - Running: ['***', 'tasks', 'run', 'meeting_project492', 'clean_answers', '2024-03-11T04:30:18.774911+00:00', '--job-id', '615', '--pool', 'default_pool', '--raw', '--subdir', 'DAGS_FOLDER/first_dag.py', '--cfg-path', '/tmp/tmpofh0pmmr', '--error-file', '/tmp/tmp4d58395y']
[2024-03-11 04:30:25,218] {standard_task_runner.py:77} INFO - Job 615: Subtask clean_answers
[2024-03-11 04:30:25,268] {logging_mixin.py:109} INFO - Running <TaskInstance: meeting_project492.clean_answers 2024-03-11T04:30:18.774911+00:00 [running]> on host 5fe9ddfe21b9
[2024-03-11 04:30:25,333] {taskinstance.py:1254} INFO - Exporting the following env vars:
AIRFLOW_CTX_DAG_OWNER=***
AIRFLOW_CTX_DAG_ID=meeting_project492
AIRFLOW_CTX_TASK_ID=clean_answers
AIRFLOW_CTX_EXECUTION_DATE=2024-03-11T04:30:18.774911+00:00
AIRFLOW_CTX_DAG_RUN_ID=manual__2024-03-11T04:30:18.774911+00:00
[2024-03-11 04:30:25,366] {logging_mixin.py:109} INFO - Output to /home/tnanun/***-meet/data/data_ans.csv yoyoyoyoyoyo
[2024-03-11 04:30:25,366] {python.py:151} INFO - Done. Returned value was: None
[2024-03-11 04:30:25,377] {taskinstance.py:1219} INFO - Marking task as SUCCESS. dag_id=meeting_project492, task_id=clean_answers, execution_date=20240311T043018, start_date=20240311T043025, end_date=20240311T043025
[2024-03-11 04:30:25,426] {local_task_job.py:151} INFO - Task exited with return code 0
[2024-03-11 04:30:25,455] {local_task_job.py:261} INFO - 1 downstream tasks scheduled from follow-on schedule check
