[2024-03-28 18:15:49,164] {processor.py:162} INFO - Started process (PID=163) to work on /opt/airflow/dags/first_dag.py
[2024-03-28 18:15:49,166] {processor.py:613} INFO - Processing file /opt/airflow/dags/first_dag.py for tasks to queue
[2024-03-28 18:15:49,166] {logging_mixin.py:109} INFO - [2024-03-28 18:15:49,166] {dagbag.py:496} INFO - Filling up the DagBag from /opt/airflow/dags/first_dag.py
[2024-03-28 18:15:52,189] {processor.py:623} INFO - DAG(s) dict_keys(['meeting_project492']) retrieved from /opt/airflow/dags/first_dag.py
[2024-03-28 18:15:52,707] {logging_mixin.py:109} INFO - [2024-03-28 18:15:52,707] {dag.py:1834} INFO - Sync 1 DAGs
[2024-03-28 18:15:52,737] {logging_mixin.py:109} INFO - [2024-03-28 18:15:52,737] {dag.py:2287} INFO - Setting next_dagrun for meeting_project492 to 2024-03-28T18:00:00+00:00
[2024-03-28 18:15:52,795] {processor.py:170} INFO - Processing /opt/airflow/dags/first_dag.py took 3.634 seconds
[2024-03-28 18:16:23,805] {processor.py:162} INFO - Started process (PID=699) to work on /opt/airflow/dags/first_dag.py
[2024-03-28 18:16:23,806] {processor.py:613} INFO - Processing file /opt/airflow/dags/first_dag.py for tasks to queue
[2024-03-28 18:16:23,807] {logging_mixin.py:109} INFO - [2024-03-28 18:16:23,807] {dagbag.py:496} INFO - Filling up the DagBag from /opt/airflow/dags/first_dag.py
[2024-03-28 18:16:24,534] {processor.py:623} INFO - DAG(s) dict_keys(['meeting_project492']) retrieved from /opt/airflow/dags/first_dag.py
[2024-03-28 18:16:24,559] {logging_mixin.py:109} INFO - [2024-03-28 18:16:24,558] {dag.py:1834} INFO - Sync 1 DAGs
[2024-03-28 18:16:24,578] {logging_mixin.py:109} INFO - [2024-03-28 18:16:24,577] {dag.py:2287} INFO - Setting next_dagrun for meeting_project492 to 2024-03-28T18:00:00+00:00
[2024-03-28 18:16:24,590] {processor.py:170} INFO - Processing /opt/airflow/dags/first_dag.py took 0.788 seconds
[2024-03-28 18:16:54,930] {processor.py:162} INFO - Started process (PID=904) to work on /opt/airflow/dags/first_dag.py
[2024-03-28 18:16:54,930] {processor.py:613} INFO - Processing file /opt/airflow/dags/first_dag.py for tasks to queue
[2024-03-28 18:16:54,931] {logging_mixin.py:109} INFO - [2024-03-28 18:16:54,931] {dagbag.py:496} INFO - Filling up the DagBag from /opt/airflow/dags/first_dag.py
[2024-03-28 18:16:55,357] {processor.py:623} INFO - DAG(s) dict_keys(['meeting_project492']) retrieved from /opt/airflow/dags/first_dag.py
[2024-03-28 18:16:55,376] {logging_mixin.py:109} INFO - [2024-03-28 18:16:55,376] {dag.py:1834} INFO - Sync 1 DAGs
[2024-03-28 18:16:55,390] {logging_mixin.py:109} INFO - [2024-03-28 18:16:55,390] {dag.py:2287} INFO - Setting next_dagrun for meeting_project492 to 2024-03-28T18:00:00+00:00
[2024-03-28 18:16:55,398] {processor.py:170} INFO - Processing /opt/airflow/dags/first_dag.py took 0.471 seconds
[2024-03-28 18:17:25,506] {processor.py:162} INFO - Started process (PID=1269) to work on /opt/airflow/dags/first_dag.py
[2024-03-28 18:17:25,507] {processor.py:613} INFO - Processing file /opt/airflow/dags/first_dag.py for tasks to queue
[2024-03-28 18:17:25,507] {logging_mixin.py:109} INFO - [2024-03-28 18:17:25,507] {dagbag.py:496} INFO - Filling up the DagBag from /opt/airflow/dags/first_dag.py
[2024-03-28 18:17:25,919] {processor.py:623} INFO - DAG(s) dict_keys(['meeting_project492']) retrieved from /opt/airflow/dags/first_dag.py
[2024-03-28 18:17:25,936] {logging_mixin.py:109} INFO - [2024-03-28 18:17:25,935] {dag.py:1834} INFO - Sync 1 DAGs
[2024-03-28 18:17:25,948] {logging_mixin.py:109} INFO - [2024-03-28 18:17:25,948] {dag.py:2287} INFO - Setting next_dagrun for meeting_project492 to 2024-03-28T18:00:00+00:00
[2024-03-28 18:17:25,957] {processor.py:170} INFO - Processing /opt/airflow/dags/first_dag.py took 0.453 seconds
