[2024-03-01 15:23:53,445] {taskinstance.py:903} INFO - Dependencies all met for <TaskInstance: meeting.fetch_meeting 2024-03-01T15:23:52.512558+00:00 [queued]>
[2024-03-01 15:23:53,460] {taskinstance.py:903} INFO - Dependencies all met for <TaskInstance: meeting.fetch_meeting 2024-03-01T15:23:52.512558+00:00 [queued]>
[2024-03-01 15:23:53,461] {taskinstance.py:1095} INFO - 
--------------------------------------------------------------------------------
[2024-03-01 15:23:53,461] {taskinstance.py:1096} INFO - Starting attempt 1 of 1
[2024-03-01 15:23:53,461] {taskinstance.py:1097} INFO - 
--------------------------------------------------------------------------------
[2024-03-01 15:23:53,469] {taskinstance.py:1115} INFO - Executing <Task(PythonOperator): fetch_meeting> on 2024-03-01T15:23:52.512558+00:00
[2024-03-01 15:23:53,473] {standard_task_runner.py:52} INFO - Started process 13977 to run task
[2024-03-01 15:23:53,475] {standard_task_runner.py:76} INFO - Running: ['***', 'tasks', 'run', 'meeting', 'fetch_meeting', '2024-03-01T15:23:52.512558+00:00', '--job-id', '217', '--pool', 'default_pool', '--raw', '--subdir', 'DAGS_FOLDER/first_dag.py', '--cfg-path', '/tmp/tmpri94ei9y', '--error-file', '/tmp/tmpuh_bd0qt']
[2024-03-01 15:23:53,478] {standard_task_runner.py:77} INFO - Job 217: Subtask fetch_meeting
[2024-03-01 15:23:53,510] {logging_mixin.py:109} INFO - Running <TaskInstance: meeting.fetch_meeting 2024-03-01T15:23:52.512558+00:00 [running]> on host b272d77a87bd
[2024-03-01 15:23:53,561] {taskinstance.py:1254} INFO - Exporting the following env vars:
AIRFLOW_CTX_DAG_OWNER=***
AIRFLOW_CTX_DAG_ID=meeting
AIRFLOW_CTX_TASK_ID=fetch_meeting
AIRFLOW_CTX_EXECUTION_DATE=2024-03-01T15:23:52.512558+00:00
AIRFLOW_CTX_DAG_RUN_ID=manual__2024-03-01T15:23:52.512558+00:00
[2024-03-01 15:23:54,654] {logging_mixin.py:109} INFO - Output to /home/tnanun/***-meet/data/data_meet.csv yoyoyoyoyoyo
[2024-03-01 15:23:54,654] {python.py:151} INFO - Done. Returned value was: None
[2024-03-01 15:23:54,663] {taskinstance.py:1219} INFO - Marking task as SUCCESS. dag_id=meeting, task_id=fetch_meeting, execution_date=20240301T152352, start_date=20240301T152353, end_date=20240301T152354
[2024-03-01 15:23:54,693] {local_task_job.py:151} INFO - Task exited with return code 0
[2024-03-01 15:23:54,717] {local_task_job.py:261} INFO - 1 downstream tasks scheduled from follow-on schedule check
