[2024-03-11 05:43:38,211] {taskinstance.py:903} INFO - Dependencies all met for <TaskInstance: meeting_project492.fetch_meet_object 2024-03-11T04:00:00+00:00 [queued]>
[2024-03-11 05:43:38,224] {taskinstance.py:903} INFO - Dependencies all met for <TaskInstance: meeting_project492.fetch_meet_object 2024-03-11T04:00:00+00:00 [queued]>
[2024-03-11 05:43:38,224] {taskinstance.py:1095} INFO - 
--------------------------------------------------------------------------------
[2024-03-11 05:43:38,224] {taskinstance.py:1096} INFO - Starting attempt 1 of 1
[2024-03-11 05:43:38,224] {taskinstance.py:1097} INFO - 
--------------------------------------------------------------------------------
[2024-03-11 05:43:38,247] {taskinstance.py:1115} INFO - Executing <Task(PythonOperator): fetch_meet_object> on 2024-03-11T04:00:00+00:00
[2024-03-11 05:43:38,254] {standard_task_runner.py:52} INFO - Started process 340 to run task
[2024-03-11 05:43:38,259] {standard_task_runner.py:76} INFO - Running: ['***', 'tasks', 'run', 'meeting_project492', 'fetch_meet_object', '2024-03-11T04:00:00+00:00', '--job-id', '675', '--pool', 'default_pool', '--raw', '--subdir', 'DAGS_FOLDER/first_dag.py', '--cfg-path', '/tmp/tmptzydjcuy', '--error-file', '/tmp/tmpvw9t0m3b']
[2024-03-11 05:43:38,263] {standard_task_runner.py:77} INFO - Job 675: Subtask fetch_meet_object
[2024-03-11 05:43:38,322] {logging_mixin.py:109} INFO - Running <TaskInstance: meeting_project492.fetch_meet_object 2024-03-11T04:00:00+00:00 [running]> on host 1c0f3566e916
[2024-03-11 05:43:38,404] {taskinstance.py:1254} INFO - Exporting the following env vars:
AIRFLOW_CTX_DAG_OWNER=***
AIRFLOW_CTX_DAG_ID=meeting_project492
AIRFLOW_CTX_TASK_ID=fetch_meet_object
AIRFLOW_CTX_EXECUTION_DATE=2024-03-11T04:00:00+00:00
AIRFLOW_CTX_DAG_RUN_ID=scheduled__2024-03-11T04:00:00+00:00
[2024-03-11 05:43:43,157] {logging_mixin.py:109} INFO - Output to /home/tnanun/***-meet/data/data_obj.csv yoyoyoyoyoyo
[2024-03-11 05:43:43,157] {python.py:151} INFO - Done. Returned value was: None
[2024-03-11 05:43:43,166] {taskinstance.py:1219} INFO - Marking task as SUCCESS. dag_id=meeting_project492, task_id=fetch_meet_object, execution_date=20240311T040000, start_date=20240311T054338, end_date=20240311T054343
[2024-03-11 05:43:43,210] {local_task_job.py:151} INFO - Task exited with return code 0
[2024-03-11 05:43:43,241] {local_task_job.py:261} INFO - 0 downstream tasks scheduled from follow-on schedule check
