[2024-03-11 03:00:01,234] {taskinstance.py:903} INFO - Dependencies all met for <TaskInstance: meeting_project492.fetch_meeting 2024-03-11T02:00:00+00:00 [queued]>
[2024-03-11 03:00:01,251] {taskinstance.py:903} INFO - Dependencies all met for <TaskInstance: meeting_project492.fetch_meeting 2024-03-11T02:00:00+00:00 [queued]>
[2024-03-11 03:00:01,251] {taskinstance.py:1095} INFO - 
--------------------------------------------------------------------------------
[2024-03-11 03:00:01,251] {taskinstance.py:1096} INFO - Starting attempt 1 of 1
[2024-03-11 03:00:01,251] {taskinstance.py:1097} INFO - 
--------------------------------------------------------------------------------
[2024-03-11 03:00:01,263] {taskinstance.py:1115} INFO - Executing <Task(PythonOperator): fetch_meeting> on 2024-03-11T02:00:00+00:00
[2024-03-11 03:00:01,268] {standard_task_runner.py:52} INFO - Started process 22365 to run task
[2024-03-11 03:00:01,271] {standard_task_runner.py:76} INFO - Running: ['***', 'tasks', 'run', 'meeting_project492', 'fetch_meeting', '2024-03-11T02:00:00+00:00', '--job-id', '517', '--pool', 'default_pool', '--raw', '--subdir', 'DAGS_FOLDER/first_dag.py', '--cfg-path', '/tmp/tmpgunw5z34', '--error-file', '/tmp/tmp3tmjaw_g']
[2024-03-11 03:00:01,273] {standard_task_runner.py:77} INFO - Job 517: Subtask fetch_meeting
[2024-03-11 03:00:01,318] {logging_mixin.py:109} INFO - Running <TaskInstance: meeting_project492.fetch_meeting 2024-03-11T02:00:00+00:00 [running]> on host fe457b6d1f83
[2024-03-11 03:00:01,393] {taskinstance.py:1254} INFO - Exporting the following env vars:
AIRFLOW_CTX_DAG_OWNER=***
AIRFLOW_CTX_DAG_ID=meeting_project492
AIRFLOW_CTX_TASK_ID=fetch_meeting
AIRFLOW_CTX_EXECUTION_DATE=2024-03-11T02:00:00+00:00
AIRFLOW_CTX_DAG_RUN_ID=scheduled__2024-03-11T02:00:00+00:00
[2024-03-11 03:00:04,001] {logging_mixin.py:109} INFO - Output to /home/tnanun/***-meet/data/data_meet.csv yoyoyoyoyoyo
[2024-03-11 03:00:04,001] {python.py:151} INFO - Done. Returned value was: None
[2024-03-11 03:00:04,009] {taskinstance.py:1219} INFO - Marking task as SUCCESS. dag_id=meeting_project492, task_id=fetch_meeting, execution_date=20240311T020000, start_date=20240311T030001, end_date=20240311T030004
[2024-03-11 03:00:04,054] {local_task_job.py:151} INFO - Task exited with return code 0
[2024-03-11 03:00:04,083] {local_task_job.py:261} INFO - 1 downstream tasks scheduled from follow-on schedule check
