[2024-03-11 04:47:16,984] {taskinstance.py:903} INFO - Dependencies all met for <TaskInstance: meeting_project492.fetch_answers 2024-03-11T04:47:16.011724+00:00 [queued]>
[2024-03-11 04:47:17,000] {taskinstance.py:903} INFO - Dependencies all met for <TaskInstance: meeting_project492.fetch_answers 2024-03-11T04:47:16.011724+00:00 [queued]>
[2024-03-11 04:47:17,000] {taskinstance.py:1095} INFO - 
--------------------------------------------------------------------------------
[2024-03-11 04:47:17,000] {taskinstance.py:1096} INFO - Starting attempt 1 of 1
[2024-03-11 04:47:17,001] {taskinstance.py:1097} INFO - 
--------------------------------------------------------------------------------
[2024-03-11 04:47:17,011] {taskinstance.py:1115} INFO - Executing <Task(PythonOperator): fetch_answers> on 2024-03-11T04:47:16.011724+00:00
[2024-03-11 04:47:17,016] {standard_task_runner.py:52} INFO - Started process 3836 to run task
[2024-03-11 04:47:17,019] {standard_task_runner.py:76} INFO - Running: ['***', 'tasks', 'run', 'meeting_project492', 'fetch_answers', '2024-03-11T04:47:16.011724+00:00', '--job-id', '660', '--pool', 'default_pool', '--raw', '--subdir', 'DAGS_FOLDER/first_dag.py', '--cfg-path', '/tmp/tmp7n3gtkts', '--error-file', '/tmp/tmp3id5dgio']
[2024-03-11 04:47:17,022] {standard_task_runner.py:77} INFO - Job 660: Subtask fetch_answers
[2024-03-11 04:47:17,066] {logging_mixin.py:109} INFO - Running <TaskInstance: meeting_project492.fetch_answers 2024-03-11T04:47:16.011724+00:00 [running]> on host a354bf513529
[2024-03-11 04:47:17,125] {taskinstance.py:1254} INFO - Exporting the following env vars:
AIRFLOW_CTX_DAG_OWNER=***
AIRFLOW_CTX_DAG_ID=meeting_project492
AIRFLOW_CTX_TASK_ID=fetch_answers
AIRFLOW_CTX_EXECUTION_DATE=2024-03-11T04:47:16.011724+00:00
AIRFLOW_CTX_DAG_RUN_ID=manual__2024-03-11T04:47:16.011724+00:00
[2024-03-11 04:47:18,339] {logging_mixin.py:109} INFO - Output to /home/tnanun/***-meet/data/data_ans.csv yoyoyoyoyoyo
[2024-03-11 04:47:18,339] {python.py:151} INFO - Done. Returned value was: None
[2024-03-11 04:47:18,353] {taskinstance.py:1219} INFO - Marking task as SUCCESS. dag_id=meeting_project492, task_id=fetch_answers, execution_date=20240311T044716, start_date=20240311T044716, end_date=20240311T044718
[2024-03-11 04:47:18,396] {local_task_job.py:151} INFO - Task exited with return code 0
[2024-03-11 04:47:18,430] {local_task_job.py:261} INFO - 1 downstream tasks scheduled from follow-on schedule check
