[2024-03-09 04:00:08,770] {taskinstance.py:903} INFO - Dependencies all met for <TaskInstance: meeting_project492.clean_answers 2024-03-09T03:00:00+00:00 [queued]>
[2024-03-09 04:00:08,781] {taskinstance.py:903} INFO - Dependencies all met for <TaskInstance: meeting_project492.clean_answers 2024-03-09T03:00:00+00:00 [queued]>
[2024-03-09 04:00:08,782] {taskinstance.py:1095} INFO - 
--------------------------------------------------------------------------------
[2024-03-09 04:00:08,782] {taskinstance.py:1096} INFO - Starting attempt 1 of 1
[2024-03-09 04:00:08,782] {taskinstance.py:1097} INFO - 
--------------------------------------------------------------------------------
[2024-03-09 04:00:08,797] {taskinstance.py:1115} INFO - Executing <Task(PythonOperator): clean_answers> on 2024-03-09T03:00:00+00:00
[2024-03-09 04:00:08,802] {standard_task_runner.py:52} INFO - Started process 26257 to run task
[2024-03-09 04:00:08,804] {standard_task_runner.py:76} INFO - Running: ['***', 'tasks', 'run', 'meeting_project492', 'clean_answers', '2024-03-09T03:00:00+00:00', '--job-id', '384', '--pool', 'default_pool', '--raw', '--subdir', 'DAGS_FOLDER/first_dag.py', '--cfg-path', '/tmp/tmp68xnt7kk', '--error-file', '/tmp/tmpr6uxz9sy']
[2024-03-09 04:00:08,807] {standard_task_runner.py:77} INFO - Job 384: Subtask clean_answers
[2024-03-09 04:00:08,847] {logging_mixin.py:109} INFO - Running <TaskInstance: meeting_project492.clean_answers 2024-03-09T03:00:00+00:00 [running]> on host 62b9685fb4d1
[2024-03-09 04:00:08,901] {taskinstance.py:1254} INFO - Exporting the following env vars:
AIRFLOW_CTX_DAG_OWNER=***
AIRFLOW_CTX_DAG_ID=meeting_project492
AIRFLOW_CTX_TASK_ID=clean_answers
AIRFLOW_CTX_EXECUTION_DATE=2024-03-09T03:00:00+00:00
AIRFLOW_CTX_DAG_RUN_ID=scheduled__2024-03-09T03:00:00+00:00
[2024-03-09 04:00:08,929] {logging_mixin.py:109} INFO - Output to /home/tnanun/***-meet/data/data_ans.csv yoyoyoyoyoyo
[2024-03-09 04:00:08,930] {python.py:151} INFO - Done. Returned value was: None
[2024-03-09 04:00:08,939] {taskinstance.py:1219} INFO - Marking task as SUCCESS. dag_id=meeting_project492, task_id=clean_answers, execution_date=20240309T030000, start_date=20240309T040008, end_date=20240309T040008
[2024-03-09 04:00:08,977] {local_task_job.py:151} INFO - Task exited with return code 0
[2024-03-09 04:00:09,011] {local_task_job.py:261} INFO - 0 downstream tasks scheduled from follow-on schedule check
