[2024-03-01 14:58:08,512] {taskinstance.py:903} INFO - Dependencies all met for <TaskInstance: meeting.clean_meeting 2024-03-01T14:58:04.514046+00:00 [queued]>
[2024-03-01 14:58:08,527] {taskinstance.py:903} INFO - Dependencies all met for <TaskInstance: meeting.clean_meeting 2024-03-01T14:58:04.514046+00:00 [queued]>
[2024-03-01 14:58:08,527] {taskinstance.py:1095} INFO - 
--------------------------------------------------------------------------------
[2024-03-01 14:58:08,527] {taskinstance.py:1096} INFO - Starting attempt 1 of 1
[2024-03-01 14:58:08,527] {taskinstance.py:1097} INFO - 
--------------------------------------------------------------------------------
[2024-03-01 14:58:08,535] {taskinstance.py:1115} INFO - Executing <Task(PythonOperator): clean_meeting> on 2024-03-01T14:58:04.514046+00:00
[2024-03-01 14:58:08,540] {standard_task_runner.py:52} INFO - Started process 3378 to run task
[2024-03-01 14:58:08,542] {standard_task_runner.py:76} INFO - Running: ['***', 'tasks', 'run', 'meeting', 'clean_meeting', '2024-03-01T14:58:04.514046+00:00', '--job-id', '193', '--pool', 'default_pool', '--raw', '--subdir', 'DAGS_FOLDER/first_dag.py', '--cfg-path', '/tmp/tmpdfdmkf_d', '--error-file', '/tmp/tmpi6w6xkqj']
[2024-03-01 14:58:08,545] {standard_task_runner.py:77} INFO - Job 193: Subtask clean_meeting
[2024-03-01 14:58:08,579] {logging_mixin.py:109} INFO - Running <TaskInstance: meeting.clean_meeting 2024-03-01T14:58:04.514046+00:00 [running]> on host b272d77a87bd
[2024-03-01 14:58:08,624] {taskinstance.py:1254} INFO - Exporting the following env vars:
AIRFLOW_CTX_DAG_OWNER=***
AIRFLOW_CTX_DAG_ID=meeting
AIRFLOW_CTX_TASK_ID=clean_meeting
AIRFLOW_CTX_EXECUTION_DATE=2024-03-01T14:58:04.514046+00:00
AIRFLOW_CTX_DAG_RUN_ID=manual__2024-03-01T14:58:04.514046+00:00
[2024-03-01 14:58:08,656] {logging_mixin.py:109} INFO - Output to /home/tnanun/***-meet/data/data_meet.csv yoyoyoyoyoyo
[2024-03-01 14:58:08,657] {python.py:151} INFO - Done. Returned value was: None
[2024-03-01 14:58:08,666] {taskinstance.py:1219} INFO - Marking task as SUCCESS. dag_id=meeting, task_id=clean_meeting, execution_date=20240301T145804, start_date=20240301T145808, end_date=20240301T145808
[2024-03-01 14:58:08,714] {local_task_job.py:151} INFO - Task exited with return code 0
[2024-03-01 14:58:08,736] {local_task_job.py:261} INFO - 1 downstream tasks scheduled from follow-on schedule check
