[2024-03-09 02:57:34,031] {taskinstance.py:903} INFO - Dependencies all met for <TaskInstance: meeting_project492.clean_comment 2024-03-09T02:57:26.279925+00:00 [queued]>
[2024-03-09 02:57:34,042] {taskinstance.py:903} INFO - Dependencies all met for <TaskInstance: meeting_project492.clean_comment 2024-03-09T02:57:26.279925+00:00 [queued]>
[2024-03-09 02:57:34,043] {taskinstance.py:1095} INFO - 
--------------------------------------------------------------------------------
[2024-03-09 02:57:34,043] {taskinstance.py:1096} INFO - Starting attempt 1 of 1
[2024-03-09 02:57:34,043] {taskinstance.py:1097} INFO - 
--------------------------------------------------------------------------------
[2024-03-09 02:57:34,055] {taskinstance.py:1115} INFO - Executing <Task(PythonOperator): clean_comment> on 2024-03-09T02:57:26.279925+00:00
[2024-03-09 02:57:34,061] {standard_task_runner.py:52} INFO - Started process 669 to run task
[2024-03-09 02:57:34,063] {standard_task_runner.py:76} INFO - Running: ['***', 'tasks', 'run', 'meeting_project492', 'clean_comment', '2024-03-09T02:57:26.279925+00:00', '--job-id', '336', '--pool', 'default_pool', '--raw', '--subdir', 'DAGS_FOLDER/first_dag.py', '--cfg-path', '/tmp/tmpaq_qvc35', '--error-file', '/tmp/tmp7xyis8_4']
[2024-03-09 02:57:34,066] {standard_task_runner.py:77} INFO - Job 336: Subtask clean_comment
[2024-03-09 02:57:34,102] {logging_mixin.py:109} INFO - Running <TaskInstance: meeting_project492.clean_comment 2024-03-09T02:57:26.279925+00:00 [running]> on host 62b9685fb4d1
[2024-03-09 02:57:34,149] {taskinstance.py:1254} INFO - Exporting the following env vars:
AIRFLOW_CTX_DAG_OWNER=***
AIRFLOW_CTX_DAG_ID=meeting_project492
AIRFLOW_CTX_TASK_ID=clean_comment
AIRFLOW_CTX_EXECUTION_DATE=2024-03-09T02:57:26.279925+00:00
AIRFLOW_CTX_DAG_RUN_ID=manual__2024-03-09T02:57:26.279925+00:00
[2024-03-09 02:57:34,164] {logging_mixin.py:109} INFO - Output to /home/tnanun/***-meet/data/data_com.csv yoyoyoyoyoyo
[2024-03-09 02:57:34,165] {python.py:151} INFO - Done. Returned value was: None
[2024-03-09 02:57:34,174] {taskinstance.py:1219} INFO - Marking task as SUCCESS. dag_id=meeting_project492, task_id=clean_comment, execution_date=20240309T025726, start_date=20240309T025734, end_date=20240309T025734
[2024-03-09 02:57:34,195] {local_task_job.py:151} INFO - Task exited with return code 0
[2024-03-09 02:57:34,220] {local_task_job.py:261} INFO - 0 downstream tasks scheduled from follow-on schedule check
