[2024-03-05 10:12:41,382] {taskinstance.py:903} INFO - Dependencies all met for <TaskInstance: meeting_project.fetch_answers 2024-03-05T10:11:01.543590+00:00 [queued]>
[2024-03-05 10:12:41,426] {taskinstance.py:903} INFO - Dependencies all met for <TaskInstance: meeting_project.fetch_answers 2024-03-05T10:11:01.543590+00:00 [queued]>
[2024-03-05 10:12:41,427] {taskinstance.py:1095} INFO - 
--------------------------------------------------------------------------------
[2024-03-05 10:12:41,427] {taskinstance.py:1096} INFO - Starting attempt 1 of 1
[2024-03-05 10:12:41,428] {taskinstance.py:1097} INFO - 
--------------------------------------------------------------------------------
[2024-03-05 10:12:41,466] {taskinstance.py:1115} INFO - Executing <Task(PythonOperator): fetch_answers> on 2024-03-05T10:11:01.543590+00:00
[2024-03-05 10:12:41,483] {standard_task_runner.py:52} INFO - Started process 1356 to run task
[2024-03-05 10:12:41,494] {standard_task_runner.py:76} INFO - Running: ['***', 'tasks', 'run', 'meeting_project', 'fetch_answers', '2024-03-05T10:11:01.543590+00:00', '--job-id', '245', '--pool', 'default_pool', '--raw', '--subdir', 'DAGS_FOLDER/first_dag.py', '--cfg-path', '/tmp/tmp2jsndadc', '--error-file', '/tmp/tmpfrw34ho9']
[2024-03-05 10:12:41,502] {standard_task_runner.py:77} INFO - Job 245: Subtask fetch_answers
[2024-03-05 10:12:41,666] {logging_mixin.py:109} INFO - Running <TaskInstance: meeting_project.fetch_answers 2024-03-05T10:11:01.543590+00:00 [running]> on host 4622d7b8f726
[2024-03-05 10:12:41,810] {taskinstance.py:1254} INFO - Exporting the following env vars:
AIRFLOW_CTX_DAG_OWNER=***
AIRFLOW_CTX_DAG_ID=meeting_project
AIRFLOW_CTX_TASK_ID=fetch_answers
AIRFLOW_CTX_EXECUTION_DATE=2024-03-05T10:11:01.543590+00:00
AIRFLOW_CTX_DAG_RUN_ID=manual__2024-03-05T10:11:01.543590+00:00
[2024-03-05 10:12:42,829] {logging_mixin.py:109} INFO - Output to /home/tnanun/***-meet/data/data_ans.csv yoyoyoyoyoyo
[2024-03-05 10:12:42,830] {python.py:151} INFO - Done. Returned value was: None
[2024-03-05 10:12:42,841] {taskinstance.py:1219} INFO - Marking task as SUCCESS. dag_id=meeting_project, task_id=fetch_answers, execution_date=20240305T101101, start_date=20240305T101241, end_date=20240305T101242
[2024-03-05 10:12:42,871] {local_task_job.py:151} INFO - Task exited with return code 0
[2024-03-05 10:12:42,909] {local_task_job.py:261} INFO - 1 downstream tasks scheduled from follow-on schedule check
