[2023-12-03 12:07:08,406] {taskinstance.py:903} INFO - Dependencies all met for <TaskInstance: meeting.clean_meeting 2023-12-03T12:07:04.016623+00:00 [queued]>
[2023-12-03 12:07:08,416] {taskinstance.py:903} INFO - Dependencies all met for <TaskInstance: meeting.clean_meeting 2023-12-03T12:07:04.016623+00:00 [queued]>
[2023-12-03 12:07:08,416] {taskinstance.py:1095} INFO - 
--------------------------------------------------------------------------------
[2023-12-03 12:07:08,417] {taskinstance.py:1096} INFO - Starting attempt 1 of 1
[2023-12-03 12:07:08,417] {taskinstance.py:1097} INFO - 
--------------------------------------------------------------------------------
[2023-12-03 12:07:08,429] {taskinstance.py:1115} INFO - Executing <Task(PythonOperator): clean_meeting> on 2023-12-03T12:07:04.016623+00:00
[2023-12-03 12:07:08,434] {standard_task_runner.py:52} INFO - Started process 815 to run task
[2023-12-03 12:07:08,437] {standard_task_runner.py:76} INFO - Running: ['***', 'tasks', 'run', 'meeting', 'clean_meeting', '2023-12-03T12:07:04.016623+00:00', '--job-id', '49', '--pool', 'default_pool', '--raw', '--subdir', 'DAGS_FOLDER/first_dag.py', '--cfg-path', '/tmp/tmpyc20k6ux', '--error-file', '/tmp/tmpuejw5fl6']
[2023-12-03 12:07:08,439] {standard_task_runner.py:77} INFO - Job 49: Subtask clean_meeting
[2023-12-03 12:07:08,477] {logging_mixin.py:109} INFO - Running <TaskInstance: meeting.clean_meeting 2023-12-03T12:07:04.016623+00:00 [running]> on host 9d53e6732d94
[2023-12-03 12:07:08,528] {taskinstance.py:1254} INFO - Exporting the following env vars:
AIRFLOW_CTX_DAG_OWNER=***
AIRFLOW_CTX_DAG_ID=meeting
AIRFLOW_CTX_TASK_ID=clean_meeting
AIRFLOW_CTX_EXECUTION_DATE=2023-12-03T12:07:04.016623+00:00
AIRFLOW_CTX_DAG_RUN_ID=manual__2023-12-03T12:07:04.016623+00:00
[2023-12-03 12:07:08,566] {logging_mixin.py:109} INFO - Output to /home/tnanun/***-meet/data/data_meet.csv yoyoyoyoyoyo
[2023-12-03 12:07:08,566] {python.py:151} INFO - Done. Returned value was: None
[2023-12-03 12:07:08,576] {taskinstance.py:1219} INFO - Marking task as SUCCESS. dag_id=meeting, task_id=clean_meeting, execution_date=20231203T120704, start_date=20231203T120708, end_date=20231203T120708
[2023-12-03 12:07:08,609] {local_task_job.py:151} INFO - Task exited with return code 0
[2023-12-03 12:07:08,633] {local_task_job.py:261} INFO - 0 downstream tasks scheduled from follow-on schedule check
