[2024-03-28 18:15:52,744] {taskinstance.py:903} INFO - Dependencies all met for <TaskInstance: meeting_project492.fetch_comment 2024-03-28T17:00:00+00:00 [queued]>
[2024-03-28 18:15:52,774] {taskinstance.py:903} INFO - Dependencies all met for <TaskInstance: meeting_project492.fetch_comment 2024-03-28T17:00:00+00:00 [queued]>
[2024-03-28 18:15:52,774] {taskinstance.py:1095} INFO - 
--------------------------------------------------------------------------------
[2024-03-28 18:15:52,774] {taskinstance.py:1096} INFO - Starting attempt 1 of 1
[2024-03-28 18:15:52,774] {taskinstance.py:1097} INFO - 
--------------------------------------------------------------------------------
[2024-03-28 18:15:52,815] {taskinstance.py:1115} INFO - Executing <Task(PythonOperator): fetch_comment> on 2024-03-28T17:00:00+00:00
[2024-03-28 18:15:52,829] {standard_task_runner.py:52} INFO - Started process 384 to run task
[2024-03-28 18:15:52,837] {standard_task_runner.py:76} INFO - Running: ['***', 'tasks', 'run', 'meeting_project492', 'fetch_comment', '2024-03-28T17:00:00+00:00', '--job-id', '705', '--pool', 'default_pool', '--raw', '--subdir', 'DAGS_FOLDER/first_dag.py', '--cfg-path', '/tmp/tmp0chmb6ly', '--error-file', '/tmp/tmp6t_sn5h4']
[2024-03-28 18:15:52,846] {standard_task_runner.py:77} INFO - Job 705: Subtask fetch_comment
[2024-03-28 18:15:52,983] {logging_mixin.py:109} INFO - Running <TaskInstance: meeting_project492.fetch_comment 2024-03-28T17:00:00+00:00 [running]> on host 322f1435f697
[2024-03-28 18:15:53,169] {taskinstance.py:1254} INFO - Exporting the following env vars:
AIRFLOW_CTX_DAG_OWNER=***
AIRFLOW_CTX_DAG_ID=meeting_project492
AIRFLOW_CTX_TASK_ID=fetch_comment
AIRFLOW_CTX_EXECUTION_DATE=2024-03-28T17:00:00+00:00
AIRFLOW_CTX_DAG_RUN_ID=scheduled__2024-03-28T17:00:00+00:00
[2024-03-28 18:15:59,046] {logging_mixin.py:109} INFO - Output to /home/tnanun/***-meet/data/data_com.csv yoyoyoyoyoyo
[2024-03-28 18:15:59,046] {python.py:151} INFO - Done. Returned value was: None
[2024-03-28 18:15:59,058] {taskinstance.py:1219} INFO - Marking task as SUCCESS. dag_id=meeting_project492, task_id=fetch_comment, execution_date=20240328T170000, start_date=20240328T181552, end_date=20240328T181559
[2024-03-28 18:15:59,131] {local_task_job.py:151} INFO - Task exited with return code 0
[2024-03-28 18:15:59,223] {local_task_job.py:261} INFO - 1 downstream tasks scheduled from follow-on schedule check
