[2024-03-11 04:13:25,046] {taskinstance.py:903} INFO - Dependencies all met for <TaskInstance: meeting_project492.fetch_comment 2024-03-11T03:00:00+00:00 [queued]>
[2024-03-11 04:13:25,069] {taskinstance.py:903} INFO - Dependencies all met for <TaskInstance: meeting_project492.fetch_comment 2024-03-11T03:00:00+00:00 [queued]>
[2024-03-11 04:13:25,070] {taskinstance.py:1095} INFO - 
--------------------------------------------------------------------------------
[2024-03-11 04:13:25,070] {taskinstance.py:1096} INFO - Starting attempt 1 of 1
[2024-03-11 04:13:25,070] {taskinstance.py:1097} INFO - 
--------------------------------------------------------------------------------
[2024-03-11 04:13:25,083] {taskinstance.py:1115} INFO - Executing <Task(PythonOperator): fetch_comment> on 2024-03-11T03:00:00+00:00
[2024-03-11 04:13:25,090] {standard_task_runner.py:52} INFO - Started process 347 to run task
[2024-03-11 04:13:25,099] {standard_task_runner.py:76} INFO - Running: ['***', 'tasks', 'run', 'meeting_project492', 'fetch_comment', '2024-03-11T03:00:00+00:00', '--job-id', '553', '--pool', 'default_pool', '--raw', '--subdir', 'DAGS_FOLDER/first_dag.py', '--cfg-path', '/tmp/tmp9yhvnz33', '--error-file', '/tmp/tmpmtkdz4dz']
[2024-03-11 04:13:25,103] {standard_task_runner.py:77} INFO - Job 553: Subtask fetch_comment
[2024-03-11 04:13:25,160] {logging_mixin.py:109} INFO - Running <TaskInstance: meeting_project492.fetch_comment 2024-03-11T03:00:00+00:00 [running]> on host 76207e23fd35
[2024-03-11 04:13:25,241] {taskinstance.py:1254} INFO - Exporting the following env vars:
AIRFLOW_CTX_DAG_OWNER=***
AIRFLOW_CTX_DAG_ID=meeting_project492
AIRFLOW_CTX_TASK_ID=fetch_comment
AIRFLOW_CTX_EXECUTION_DATE=2024-03-11T03:00:00+00:00
AIRFLOW_CTX_DAG_RUN_ID=scheduled__2024-03-11T03:00:00+00:00
[2024-03-11 04:13:28,691] {logging_mixin.py:109} INFO - Output to /home/tnanun/***-meet/data/data_com.csv yoyoyoyoyoyo
[2024-03-11 04:13:28,691] {python.py:151} INFO - Done. Returned value was: None
[2024-03-11 04:13:28,702] {taskinstance.py:1219} INFO - Marking task as SUCCESS. dag_id=meeting_project492, task_id=fetch_comment, execution_date=20240311T030000, start_date=20240311T041325, end_date=20240311T041328
[2024-03-11 04:13:28,760] {local_task_job.py:151} INFO - Task exited with return code 0
[2024-03-11 04:13:28,789] {local_task_job.py:261} INFO - 1 downstream tasks scheduled from follow-on schedule check
