[2024-03-11 06:00:02,555] {taskinstance.py:903} INFO - Dependencies all met for <TaskInstance: meeting_project492.fetch_answers 2024-03-11T05:00:00+00:00 [queued]>
[2024-03-11 06:00:02,583] {taskinstance.py:903} INFO - Dependencies all met for <TaskInstance: meeting_project492.fetch_answers 2024-03-11T05:00:00+00:00 [queued]>
[2024-03-11 06:00:02,584] {taskinstance.py:1095} INFO - 
--------------------------------------------------------------------------------
[2024-03-11 06:00:02,584] {taskinstance.py:1096} INFO - Starting attempt 1 of 1
[2024-03-11 06:00:02,585] {taskinstance.py:1097} INFO - 
--------------------------------------------------------------------------------
[2024-03-11 06:00:02,633] {taskinstance.py:1115} INFO - Executing <Task(PythonOperator): fetch_answers> on 2024-03-11T05:00:00+00:00
[2024-03-11 06:00:02,648] {standard_task_runner.py:52} INFO - Started process 7181 to run task
[2024-03-11 06:00:02,672] {standard_task_runner.py:76} INFO - Running: ['***', 'tasks', 'run', 'meeting_project492', 'fetch_answers', '2024-03-11T05:00:00+00:00', '--job-id', '692', '--pool', 'default_pool', '--raw', '--subdir', 'DAGS_FOLDER/first_dag.py', '--cfg-path', '/tmp/tmp91g81ldo', '--error-file', '/tmp/tmpejzysxh3']
[2024-03-11 06:00:02,683] {standard_task_runner.py:77} INFO - Job 692: Subtask fetch_answers
[2024-03-11 06:00:02,802] {logging_mixin.py:109} INFO - Running <TaskInstance: meeting_project492.fetch_answers 2024-03-11T05:00:00+00:00 [running]> on host 1c0f3566e916
[2024-03-11 06:00:02,996] {taskinstance.py:1254} INFO - Exporting the following env vars:
AIRFLOW_CTX_DAG_OWNER=***
AIRFLOW_CTX_DAG_ID=meeting_project492
AIRFLOW_CTX_TASK_ID=fetch_answers
AIRFLOW_CTX_EXECUTION_DATE=2024-03-11T05:00:00+00:00
AIRFLOW_CTX_DAG_RUN_ID=scheduled__2024-03-11T05:00:00+00:00
[2024-03-11 06:00:05,460] {logging_mixin.py:109} INFO - Output to /home/tnanun/***-meet/data/data_ans.csv yoyoyoyoyoyo
[2024-03-11 06:00:05,461] {python.py:151} INFO - Done. Returned value was: None
[2024-03-11 06:00:05,475] {taskinstance.py:1219} INFO - Marking task as SUCCESS. dag_id=meeting_project492, task_id=fetch_answers, execution_date=20240311T050000, start_date=20240311T060002, end_date=20240311T060005
[2024-03-11 06:00:05,526] {local_task_job.py:151} INFO - Task exited with return code 0
[2024-03-11 06:00:05,565] {local_task_job.py:261} INFO - 1 downstream tasks scheduled from follow-on schedule check
