[2023-12-06 07:46:02,453] {taskinstance.py:903} INFO - Dependencies all met for <TaskInstance: meeting.fetch_meeting 2023-12-06T06:00:00+00:00 [queued]>
[2023-12-06 07:46:02,470] {taskinstance.py:903} INFO - Dependencies all met for <TaskInstance: meeting.fetch_meeting 2023-12-06T06:00:00+00:00 [queued]>
[2023-12-06 07:46:02,470] {taskinstance.py:1095} INFO - 
--------------------------------------------------------------------------------
[2023-12-06 07:46:02,470] {taskinstance.py:1096} INFO - Starting attempt 1 of 1
[2023-12-06 07:46:02,471] {taskinstance.py:1097} INFO - 
--------------------------------------------------------------------------------
[2023-12-06 07:46:02,492] {taskinstance.py:1115} INFO - Executing <Task(PythonOperator): fetch_meeting> on 2023-12-06T06:00:00+00:00
[2023-12-06 07:46:02,499] {standard_task_runner.py:52} INFO - Started process 290 to run task
[2023-12-06 07:46:02,503] {standard_task_runner.py:76} INFO - Running: ['***', 'tasks', 'run', 'meeting', 'fetch_meeting', '2023-12-06T06:00:00+00:00', '--job-id', '86', '--pool', 'default_pool', '--raw', '--subdir', 'DAGS_FOLDER/first_dag.py', '--cfg-path', '/tmp/tmpy76isty5', '--error-file', '/tmp/tmpr38lvviu']
[2023-12-06 07:46:02,508] {standard_task_runner.py:77} INFO - Job 86: Subtask fetch_meeting
[2023-12-06 07:46:02,571] {logging_mixin.py:109} INFO - Running <TaskInstance: meeting.fetch_meeting 2023-12-06T06:00:00+00:00 [running]> on host 290bde24ac9b
[2023-12-06 07:46:02,648] {taskinstance.py:1254} INFO - Exporting the following env vars:
AIRFLOW_CTX_DAG_OWNER=***
AIRFLOW_CTX_DAG_ID=meeting
AIRFLOW_CTX_TASK_ID=fetch_meeting
AIRFLOW_CTX_EXECUTION_DATE=2023-12-06T06:00:00+00:00
AIRFLOW_CTX_DAG_RUN_ID=scheduled__2023-12-06T06:00:00+00:00
[2023-12-06 07:46:07,065] {logging_mixin.py:109} INFO - Output to /home/tnanun/***-meet/data/data_meet.csv yoyoyoyoyoyo
[2023-12-06 07:46:07,065] {python.py:151} INFO - Done. Returned value was: None
[2023-12-06 07:46:07,074] {taskinstance.py:1219} INFO - Marking task as SUCCESS. dag_id=meeting, task_id=fetch_meeting, execution_date=20231206T060000, start_date=20231206T074602, end_date=20231206T074607
[2023-12-06 07:46:07,093] {local_task_job.py:151} INFO - Task exited with return code 0
[2023-12-06 07:46:07,121] {local_task_job.py:261} INFO - 1 downstream tasks scheduled from follow-on schedule check
