[2023-12-27 14:17:02,731] {taskinstance.py:903} INFO - Dependencies all met for <TaskInstance: meeting.clean_meeting 2023-12-27T14:16:53.720586+00:00 [queued]>
[2023-12-27 14:17:02,745] {taskinstance.py:903} INFO - Dependencies all met for <TaskInstance: meeting.clean_meeting 2023-12-27T14:16:53.720586+00:00 [queued]>
[2023-12-27 14:17:02,746] {taskinstance.py:1095} INFO - 
--------------------------------------------------------------------------------
[2023-12-27 14:17:02,746] {taskinstance.py:1096} INFO - Starting attempt 1 of 1
[2023-12-27 14:17:02,746] {taskinstance.py:1097} INFO - 
--------------------------------------------------------------------------------
[2023-12-27 14:17:02,754] {taskinstance.py:1115} INFO - Executing <Task(PythonOperator): clean_meeting> on 2023-12-27T14:16:53.720586+00:00
[2023-12-27 14:17:02,759] {standard_task_runner.py:52} INFO - Started process 1038 to run task
[2023-12-27 14:17:02,762] {standard_task_runner.py:76} INFO - Running: ['***', 'tasks', 'run', 'meeting', 'clean_meeting', '2023-12-27T14:16:53.720586+00:00', '--job-id', '115', '--pool', 'default_pool', '--raw', '--subdir', 'DAGS_FOLDER/first_dag.py', '--cfg-path', '/tmp/tmpyjgloiid', '--error-file', '/tmp/tmpo2xi8jr0']
[2023-12-27 14:17:02,764] {standard_task_runner.py:77} INFO - Job 115: Subtask clean_meeting
[2023-12-27 14:17:02,801] {logging_mixin.py:109} INFO - Running <TaskInstance: meeting.clean_meeting 2023-12-27T14:16:53.720586+00:00 [running]> on host 6fcf1040ed70
[2023-12-27 14:17:02,849] {taskinstance.py:1254} INFO - Exporting the following env vars:
AIRFLOW_CTX_DAG_OWNER=***
AIRFLOW_CTX_DAG_ID=meeting
AIRFLOW_CTX_TASK_ID=clean_meeting
AIRFLOW_CTX_EXECUTION_DATE=2023-12-27T14:16:53.720586+00:00
AIRFLOW_CTX_DAG_RUN_ID=manual__2023-12-27T14:16:53.720586+00:00
[2023-12-27 14:17:02,881] {logging_mixin.py:109} INFO - Output to /home/tnanun/***-meet/data/data_meet.csv yoyoyoyoyoyo
[2023-12-27 14:17:02,881] {python.py:151} INFO - Done. Returned value was: None
[2023-12-27 14:17:02,891] {taskinstance.py:1219} INFO - Marking task as SUCCESS. dag_id=meeting, task_id=clean_meeting, execution_date=20231227T141653, start_date=20231227T141702, end_date=20231227T141702
[2023-12-27 14:17:02,934] {local_task_job.py:151} INFO - Task exited with return code 0
[2023-12-27 14:17:02,957] {local_task_job.py:261} INFO - 1 downstream tasks scheduled from follow-on schedule check
