[2024-03-28 18:17:20,199] {taskinstance.py:903} INFO - Dependencies all met for <TaskInstance: meeting_project492.clean_meeting 2024-03-28T18:17:11.529376+00:00 [queued]>
[2024-03-28 18:17:20,212] {taskinstance.py:903} INFO - Dependencies all met for <TaskInstance: meeting_project492.clean_meeting 2024-03-28T18:17:11.529376+00:00 [queued]>
[2024-03-28 18:17:20,213] {taskinstance.py:1095} INFO - 
--------------------------------------------------------------------------------
[2024-03-28 18:17:20,213] {taskinstance.py:1096} INFO - Starting attempt 1 of 1
[2024-03-28 18:17:20,213] {taskinstance.py:1097} INFO - 
--------------------------------------------------------------------------------
[2024-03-28 18:17:20,229] {taskinstance.py:1115} INFO - Executing <Task(PythonOperator): clean_meeting> on 2024-03-28T18:17:11.529376+00:00
[2024-03-28 18:17:20,234] {standard_task_runner.py:52} INFO - Started process 1223 to run task
[2024-03-28 18:17:20,239] {standard_task_runner.py:76} INFO - Running: ['***', 'tasks', 'run', 'meeting_project492', 'clean_meeting', '2024-03-28T18:17:11.529376+00:00', '--job-id', '725', '--pool', 'default_pool', '--raw', '--subdir', 'DAGS_FOLDER/first_dag.py', '--cfg-path', '/tmp/tmpf5od9cdb', '--error-file', '/tmp/tmphwds64vu']
[2024-03-28 18:17:20,243] {standard_task_runner.py:77} INFO - Job 725: Subtask clean_meeting
[2024-03-28 18:17:20,289] {logging_mixin.py:109} INFO - Running <TaskInstance: meeting_project492.clean_meeting 2024-03-28T18:17:11.529376+00:00 [running]> on host 322f1435f697
[2024-03-28 18:17:20,362] {taskinstance.py:1254} INFO - Exporting the following env vars:
AIRFLOW_CTX_DAG_OWNER=***
AIRFLOW_CTX_DAG_ID=meeting_project492
AIRFLOW_CTX_TASK_ID=clean_meeting
AIRFLOW_CTX_EXECUTION_DATE=2024-03-28T18:17:11.529376+00:00
AIRFLOW_CTX_DAG_RUN_ID=manual__2024-03-28T18:17:11.529376+00:00
[2024-03-28 18:17:20,439] {logging_mixin.py:109} INFO - Output to /home/tnanun/***-meet/data/data_meet.csv yoyoyoyoyoyo
[2024-03-28 18:17:20,440] {python.py:151} INFO - Done. Returned value was: None
[2024-03-28 18:17:20,450] {taskinstance.py:1219} INFO - Marking task as SUCCESS. dag_id=meeting_project492, task_id=clean_meeting, execution_date=20240328T181711, start_date=20240328T181720, end_date=20240328T181720
[2024-03-28 18:17:20,490] {local_task_job.py:151} INFO - Task exited with return code 0
[2024-03-28 18:17:20,524] {local_task_job.py:261} INFO - 0 downstream tasks scheduled from follow-on schedule check
