[2024-03-01 15:00:01,596] {taskinstance.py:903} INFO - Dependencies all met for <TaskInstance: meeting.fetch_meeting 2024-03-01T14:00:00+00:00 [queued]>
[2024-03-01 15:00:01,615] {taskinstance.py:903} INFO - Dependencies all met for <TaskInstance: meeting.fetch_meeting 2024-03-01T14:00:00+00:00 [queued]>
[2024-03-01 15:00:01,616] {taskinstance.py:1095} INFO - 
--------------------------------------------------------------------------------
[2024-03-01 15:00:01,616] {taskinstance.py:1096} INFO - Starting attempt 1 of 1
[2024-03-01 15:00:01,616] {taskinstance.py:1097} INFO - 
--------------------------------------------------------------------------------
[2024-03-01 15:00:01,629] {taskinstance.py:1115} INFO - Executing <Task(PythonOperator): fetch_meeting> on 2024-03-01T14:00:00+00:00
[2024-03-01 15:00:01,634] {standard_task_runner.py:52} INFO - Started process 4220 to run task
[2024-03-01 15:00:01,636] {standard_task_runner.py:76} INFO - Running: ['***', 'tasks', 'run', 'meeting', 'fetch_meeting', '2024-03-01T14:00:00+00:00', '--job-id', '196', '--pool', 'default_pool', '--raw', '--subdir', 'DAGS_FOLDER/first_dag.py', '--cfg-path', '/tmp/tmp390nytb5', '--error-file', '/tmp/tmp8izofahj']
[2024-03-01 15:00:01,639] {standard_task_runner.py:77} INFO - Job 196: Subtask fetch_meeting
[2024-03-01 15:00:01,674] {logging_mixin.py:109} INFO - Running <TaskInstance: meeting.fetch_meeting 2024-03-01T14:00:00+00:00 [running]> on host b272d77a87bd
[2024-03-01 15:00:01,728] {taskinstance.py:1254} INFO - Exporting the following env vars:
AIRFLOW_CTX_DAG_OWNER=***
AIRFLOW_CTX_DAG_ID=meeting
AIRFLOW_CTX_TASK_ID=fetch_meeting
AIRFLOW_CTX_EXECUTION_DATE=2024-03-01T14:00:00+00:00
AIRFLOW_CTX_DAG_RUN_ID=scheduled__2024-03-01T14:00:00+00:00
[2024-03-01 15:00:04,463] {logging_mixin.py:109} INFO - Output to /home/tnanun/***-meet/data/data_meet.csv yoyoyoyoyoyo
[2024-03-01 15:00:04,464] {python.py:151} INFO - Done. Returned value was: None
[2024-03-01 15:00:04,483] {taskinstance.py:1219} INFO - Marking task as SUCCESS. dag_id=meeting, task_id=fetch_meeting, execution_date=20240301T140000, start_date=20240301T150001, end_date=20240301T150004
[2024-03-01 15:00:04,621] {local_task_job.py:151} INFO - Task exited with return code 0
[2024-03-01 15:00:04,657] {local_task_job.py:261} INFO - 1 downstream tasks scheduled from follow-on schedule check
