[2024-03-05 09:53:33,401] {taskinstance.py:903} INFO - Dependencies all met for <TaskInstance: meeting.fetch_answers 2024-03-05T09:53:31.781192+00:00 [queued]>
[2024-03-05 09:53:33,412] {taskinstance.py:903} INFO - Dependencies all met for <TaskInstance: meeting.fetch_answers 2024-03-05T09:53:31.781192+00:00 [queued]>
[2024-03-05 09:53:33,412] {taskinstance.py:1095} INFO - 
--------------------------------------------------------------------------------
[2024-03-05 09:53:33,412] {taskinstance.py:1096} INFO - Starting attempt 1 of 1
[2024-03-05 09:53:33,412] {taskinstance.py:1097} INFO - 
--------------------------------------------------------------------------------
[2024-03-05 09:53:33,426] {taskinstance.py:1115} INFO - Executing <Task(PythonOperator): fetch_answers> on 2024-03-05T09:53:31.781192+00:00
[2024-03-05 09:53:33,431] {standard_task_runner.py:52} INFO - Started process 8152 to run task
[2024-03-05 09:53:33,436] {standard_task_runner.py:76} INFO - Running: ['***', 'tasks', 'run', 'meeting', 'fetch_answers', '2024-03-05T09:53:31.781192+00:00', '--job-id', '235', '--pool', 'default_pool', '--raw', '--subdir', 'DAGS_FOLDER/first_dag.py', '--cfg-path', '/tmp/tmpy78gc_9k', '--error-file', '/tmp/tmpf83o4is6']
[2024-03-05 09:53:33,439] {standard_task_runner.py:77} INFO - Job 235: Subtask fetch_answers
[2024-03-05 09:53:33,478] {logging_mixin.py:109} INFO - Running <TaskInstance: meeting.fetch_answers 2024-03-05T09:53:31.781192+00:00 [running]> on host bd28ac0ade46
[2024-03-05 09:53:33,532] {taskinstance.py:1254} INFO - Exporting the following env vars:
AIRFLOW_CTX_DAG_OWNER=***
AIRFLOW_CTX_DAG_ID=meeting
AIRFLOW_CTX_TASK_ID=fetch_answers
AIRFLOW_CTX_EXECUTION_DATE=2024-03-05T09:53:31.781192+00:00
AIRFLOW_CTX_DAG_RUN_ID=manual__2024-03-05T09:53:31.781192+00:00
[2024-03-05 09:53:38,585] {logging_mixin.py:109} INFO - Output to /home/tnanun/***-meet/data/data_ans.csv yoyoyoyoyoyo
[2024-03-05 09:53:38,585] {python.py:151} INFO - Done. Returned value was: None
[2024-03-05 09:53:38,595] {taskinstance.py:1219} INFO - Marking task as SUCCESS. dag_id=meeting, task_id=fetch_answers, execution_date=20240305T095331, start_date=20240305T095333, end_date=20240305T095338
[2024-03-05 09:53:38,635] {local_task_job.py:151} INFO - Task exited with return code 0
[2024-03-05 09:53:38,659] {local_task_job.py:261} INFO - 1 downstream tasks scheduled from follow-on schedule check
