[2023-12-08 14:01:02,050] {taskinstance.py:903} INFO - Dependencies all met for <TaskInstance: meeting.fetch_answers 2023-12-06T08:00:00+00:00 [queued]>
[2023-12-08 14:01:02,072] {taskinstance.py:903} INFO - Dependencies all met for <TaskInstance: meeting.fetch_answers 2023-12-06T08:00:00+00:00 [queued]>
[2023-12-08 14:01:02,073] {taskinstance.py:1095} INFO - 
--------------------------------------------------------------------------------
[2023-12-08 14:01:02,073] {taskinstance.py:1096} INFO - Starting attempt 1 of 1
[2023-12-08 14:01:02,073] {taskinstance.py:1097} INFO - 
--------------------------------------------------------------------------------
[2023-12-08 14:01:02,089] {taskinstance.py:1115} INFO - Executing <Task(PythonOperator): fetch_answers> on 2023-12-06T08:00:00+00:00
[2023-12-08 14:01:02,096] {standard_task_runner.py:52} INFO - Started process 289 to run task
[2023-12-08 14:01:02,100] {standard_task_runner.py:76} INFO - Running: ['***', 'tasks', 'run', 'meeting', 'fetch_answers', '2023-12-06T08:00:00+00:00', '--job-id', '100', '--pool', 'default_pool', '--raw', '--subdir', 'DAGS_FOLDER/first_dag.py', '--cfg-path', '/tmp/tmp6f7rd6v_', '--error-file', '/tmp/tmps19t822h']
[2023-12-08 14:01:02,104] {standard_task_runner.py:77} INFO - Job 100: Subtask fetch_answers
[2023-12-08 14:01:02,166] {logging_mixin.py:109} INFO - Running <TaskInstance: meeting.fetch_answers 2023-12-06T08:00:00+00:00 [running]> on host b4ba454d0948
[2023-12-08 14:01:02,266] {taskinstance.py:1254} INFO - Exporting the following env vars:
AIRFLOW_CTX_DAG_OWNER=***
AIRFLOW_CTX_DAG_ID=meeting
AIRFLOW_CTX_TASK_ID=fetch_answers
AIRFLOW_CTX_EXECUTION_DATE=2023-12-06T08:00:00+00:00
AIRFLOW_CTX_DAG_RUN_ID=scheduled__2023-12-06T08:00:00+00:00
[2023-12-08 14:01:06,045] {logging_mixin.py:109} INFO - Output to /home/tnanun/***-meet/data/data_ans.csv yoyoyoyoyoyo
[2023-12-08 14:01:06,046] {python.py:151} INFO - Done. Returned value was: None
[2023-12-08 14:01:06,063] {taskinstance.py:1219} INFO - Marking task as SUCCESS. dag_id=meeting, task_id=fetch_answers, execution_date=20231206T080000, start_date=20231208T140102, end_date=20231208T140106
[2023-12-08 14:01:06,125] {local_task_job.py:151} INFO - Task exited with return code 0
[2023-12-08 14:01:06,183] {local_task_job.py:261} INFO - 1 downstream tasks scheduled from follow-on schedule check
