[2024-03-11 03:00:05,554] {taskinstance.py:903} INFO - Dependencies all met for <TaskInstance: meeting_project492.clean_meet_obj 2024-03-11T02:00:00+00:00 [queued]>
[2024-03-11 03:00:05,573] {taskinstance.py:903} INFO - Dependencies all met for <TaskInstance: meeting_project492.clean_meet_obj 2024-03-11T02:00:00+00:00 [queued]>
[2024-03-11 03:00:05,573] {taskinstance.py:1095} INFO - 
--------------------------------------------------------------------------------
[2024-03-11 03:00:05,574] {taskinstance.py:1096} INFO - Starting attempt 1 of 1
[2024-03-11 03:00:05,574] {taskinstance.py:1097} INFO - 
--------------------------------------------------------------------------------
[2024-03-11 03:00:05,583] {taskinstance.py:1115} INFO - Executing <Task(PythonOperator): clean_meet_obj> on 2024-03-11T02:00:00+00:00
[2024-03-11 03:00:05,588] {standard_task_runner.py:52} INFO - Started process 22442 to run task
[2024-03-11 03:00:05,591] {standard_task_runner.py:76} INFO - Running: ['***', 'tasks', 'run', 'meeting_project492', 'clean_meet_obj', '2024-03-11T02:00:00+00:00', '--job-id', '525', '--pool', 'default_pool', '--raw', '--subdir', 'DAGS_FOLDER/first_dag.py', '--cfg-path', '/tmp/tmpdsb6tf1l', '--error-file', '/tmp/tmpvt779vh2']
[2024-03-11 03:00:05,594] {standard_task_runner.py:77} INFO - Job 525: Subtask clean_meet_obj
[2024-03-11 03:00:05,633] {logging_mixin.py:109} INFO - Running <TaskInstance: meeting_project492.clean_meet_obj 2024-03-11T02:00:00+00:00 [running]> on host fe457b6d1f83
[2024-03-11 03:00:05,681] {taskinstance.py:1254} INFO - Exporting the following env vars:
AIRFLOW_CTX_DAG_OWNER=***
AIRFLOW_CTX_DAG_ID=meeting_project492
AIRFLOW_CTX_TASK_ID=clean_meet_obj
AIRFLOW_CTX_EXECUTION_DATE=2024-03-11T02:00:00+00:00
AIRFLOW_CTX_DAG_RUN_ID=scheduled__2024-03-11T02:00:00+00:00
[2024-03-11 03:00:05,695] {logging_mixin.py:109} INFO - Output to /home/tnanun/***-meet/data/data_com.csv yoyoyoyoyoyo
[2024-03-11 03:00:05,696] {python.py:151} INFO - Done. Returned value was: None
[2024-03-11 03:00:05,704] {taskinstance.py:1219} INFO - Marking task as SUCCESS. dag_id=meeting_project492, task_id=clean_meet_obj, execution_date=20240311T020000, start_date=20240311T030005, end_date=20240311T030005
[2024-03-11 03:00:05,723] {local_task_job.py:151} INFO - Task exited with return code 0
[2024-03-11 03:00:05,749] {local_task_job.py:261} INFO - 0 downstream tasks scheduled from follow-on schedule check
