[2024-03-10 17:00:01,566] {taskinstance.py:903} INFO - Dependencies all met for <TaskInstance: meeting_project492.fetch_comment 2024-03-10T16:00:00+00:00 [queued]>
[2024-03-10 17:00:01,579] {taskinstance.py:903} INFO - Dependencies all met for <TaskInstance: meeting_project492.fetch_comment 2024-03-10T16:00:00+00:00 [queued]>
[2024-03-10 17:00:01,579] {taskinstance.py:1095} INFO - 
--------------------------------------------------------------------------------
[2024-03-10 17:00:01,580] {taskinstance.py:1096} INFO - Starting attempt 1 of 1
[2024-03-10 17:00:01,580] {taskinstance.py:1097} INFO - 
--------------------------------------------------------------------------------
[2024-03-10 17:00:01,596] {taskinstance.py:1115} INFO - Executing <Task(PythonOperator): fetch_comment> on 2024-03-10T16:00:00+00:00
[2024-03-10 17:00:01,601] {standard_task_runner.py:52} INFO - Started process 18406 to run task
[2024-03-10 17:00:01,605] {standard_task_runner.py:76} INFO - Running: ['***', 'tasks', 'run', 'meeting_project492', 'fetch_comment', '2024-03-10T16:00:00+00:00', '--job-id', '428', '--pool', 'default_pool', '--raw', '--subdir', 'DAGS_FOLDER/first_dag.py', '--cfg-path', '/tmp/tmp8o9jjd0n', '--error-file', '/tmp/tmp_hgzz90y']
[2024-03-10 17:00:01,611] {standard_task_runner.py:77} INFO - Job 428: Subtask fetch_comment
[2024-03-10 17:00:01,665] {logging_mixin.py:109} INFO - Running <TaskInstance: meeting_project492.fetch_comment 2024-03-10T16:00:00+00:00 [running]> on host 6053b7d19b63
[2024-03-10 17:00:01,734] {taskinstance.py:1254} INFO - Exporting the following env vars:
AIRFLOW_CTX_DAG_OWNER=***
AIRFLOW_CTX_DAG_ID=meeting_project492
AIRFLOW_CTX_TASK_ID=fetch_comment
AIRFLOW_CTX_EXECUTION_DATE=2024-03-10T16:00:00+00:00
AIRFLOW_CTX_DAG_RUN_ID=scheduled__2024-03-10T16:00:00+00:00
[2024-03-10 17:00:03,320] {logging_mixin.py:109} INFO - Output to /home/tnanun/***-meet/data/data_com.csv yoyoyoyoyoyo
[2024-03-10 17:00:03,320] {python.py:151} INFO - Done. Returned value was: None
[2024-03-10 17:00:03,331] {taskinstance.py:1219} INFO - Marking task as SUCCESS. dag_id=meeting_project492, task_id=fetch_comment, execution_date=20240310T160000, start_date=20240310T170001, end_date=20240310T170003
[2024-03-10 17:00:03,384] {local_task_job.py:151} INFO - Task exited with return code 0
[2024-03-10 17:00:03,410] {local_task_job.py:261} INFO - 1 downstream tasks scheduled from follow-on schedule check
