[2024-03-05 10:35:25,688] {taskinstance.py:903} INFO - Dependencies all met for <TaskInstance: meeting_project.clean_comment 2024-03-05T10:35:21.366355+00:00 [queued]>
[2024-03-05 10:35:25,706] {taskinstance.py:903} INFO - Dependencies all met for <TaskInstance: meeting_project.clean_comment 2024-03-05T10:35:21.366355+00:00 [queued]>
[2024-03-05 10:35:25,706] {taskinstance.py:1095} INFO - 
--------------------------------------------------------------------------------
[2024-03-05 10:35:25,706] {taskinstance.py:1096} INFO - Starting attempt 1 of 1
[2024-03-05 10:35:25,706] {taskinstance.py:1097} INFO - 
--------------------------------------------------------------------------------
[2024-03-05 10:35:25,716] {taskinstance.py:1115} INFO - Executing <Task(PythonOperator): clean_comment> on 2024-03-05T10:35:21.366355+00:00
[2024-03-05 10:35:25,720] {standard_task_runner.py:52} INFO - Started process 12083 to run task
[2024-03-05 10:35:25,723] {standard_task_runner.py:76} INFO - Running: ['***', 'tasks', 'run', 'meeting_project', 'clean_comment', '2024-03-05T10:35:21.366355+00:00', '--job-id', '285', '--pool', 'default_pool', '--raw', '--subdir', 'DAGS_FOLDER/first_dag.py', '--cfg-path', '/tmp/tmpfc_h9icb', '--error-file', '/tmp/tmpm9b_qcso']
[2024-03-05 10:35:25,726] {standard_task_runner.py:77} INFO - Job 285: Subtask clean_comment
[2024-03-05 10:35:25,761] {logging_mixin.py:109} INFO - Running <TaskInstance: meeting_project.clean_comment 2024-03-05T10:35:21.366355+00:00 [running]> on host 4622d7b8f726
[2024-03-05 10:35:25,813] {taskinstance.py:1254} INFO - Exporting the following env vars:
AIRFLOW_CTX_DAG_OWNER=***
AIRFLOW_CTX_DAG_ID=meeting_project
AIRFLOW_CTX_TASK_ID=clean_comment
AIRFLOW_CTX_EXECUTION_DATE=2024-03-05T10:35:21.366355+00:00
AIRFLOW_CTX_DAG_RUN_ID=manual__2024-03-05T10:35:21.366355+00:00
[2024-03-05 10:35:25,828] {logging_mixin.py:109} INFO - Output to /home/tnanun/***-meet/data/data_com.csv yoyoyoyoyoyo
[2024-03-05 10:35:25,829] {python.py:151} INFO - Done. Returned value was: None
[2024-03-05 10:35:25,839] {taskinstance.py:1219} INFO - Marking task as SUCCESS. dag_id=meeting_project, task_id=clean_comment, execution_date=20240305T103521, start_date=20240305T103525, end_date=20240305T103525
[2024-03-05 10:35:25,896] {local_task_job.py:151} INFO - Task exited with return code 0
[2024-03-05 10:35:25,923] {local_task_job.py:261} INFO - 0 downstream tasks scheduled from follow-on schedule check
