[2024-03-05 10:21:28,537] {taskinstance.py:903} INFO - Dependencies all met for <TaskInstance: meeting_project.clean_answers 2024-03-05T10:21:23.770885+00:00 [queued]>
[2024-03-05 10:21:28,552] {taskinstance.py:903} INFO - Dependencies all met for <TaskInstance: meeting_project.clean_answers 2024-03-05T10:21:23.770885+00:00 [queued]>
[2024-03-05 10:21:28,552] {taskinstance.py:1095} INFO - 
--------------------------------------------------------------------------------
[2024-03-05 10:21:28,552] {taskinstance.py:1096} INFO - Starting attempt 1 of 1
[2024-03-05 10:21:28,552] {taskinstance.py:1097} INFO - 
--------------------------------------------------------------------------------
[2024-03-05 10:21:28,561] {taskinstance.py:1115} INFO - Executing <Task(PythonOperator): clean_answers> on 2024-03-05T10:21:23.770885+00:00
[2024-03-05 10:21:28,566] {standard_task_runner.py:52} INFO - Started process 5376 to run task
[2024-03-05 10:21:28,568] {standard_task_runner.py:76} INFO - Running: ['***', 'tasks', 'run', 'meeting_project', 'clean_answers', '2024-03-05T10:21:23.770885+00:00', '--job-id', '278', '--pool', 'default_pool', '--raw', '--subdir', 'DAGS_FOLDER/first_dag.py', '--cfg-path', '/tmp/tmpudcbk_v5', '--error-file', '/tmp/tmp2q2_1byf']
[2024-03-05 10:21:28,570] {standard_task_runner.py:77} INFO - Job 278: Subtask clean_answers
[2024-03-05 10:21:28,607] {logging_mixin.py:109} INFO - Running <TaskInstance: meeting_project.clean_answers 2024-03-05T10:21:23.770885+00:00 [running]> on host 4622d7b8f726
[2024-03-05 10:21:28,657] {taskinstance.py:1254} INFO - Exporting the following env vars:
AIRFLOW_CTX_DAG_OWNER=***
AIRFLOW_CTX_DAG_ID=meeting_project
AIRFLOW_CTX_TASK_ID=clean_answers
AIRFLOW_CTX_EXECUTION_DATE=2024-03-05T10:21:23.770885+00:00
AIRFLOW_CTX_DAG_RUN_ID=manual__2024-03-05T10:21:23.770885+00:00
[2024-03-05 10:21:28,680] {logging_mixin.py:109} INFO - Output to /home/tnanun/***-meet/data/data_ans.csv yoyoyoyoyoyo
[2024-03-05 10:21:28,680] {python.py:151} INFO - Done. Returned value was: None
[2024-03-05 10:21:28,691] {taskinstance.py:1219} INFO - Marking task as SUCCESS. dag_id=meeting_project, task_id=clean_answers, execution_date=20240305T102123, start_date=20240305T102128, end_date=20240305T102128
[2024-03-05 10:21:28,741] {local_task_job.py:151} INFO - Task exited with return code 0
[2024-03-05 10:21:28,764] {local_task_job.py:261} INFO - 0 downstream tasks scheduled from follow-on schedule check
