[2024-03-11 04:27:04,386] {taskinstance.py:903} INFO - Dependencies all met for <TaskInstance: meeting_project492.clean_meet_obj 2024-03-11T04:26:59.718737+00:00 [queued]>
[2024-03-11 04:27:04,398] {taskinstance.py:903} INFO - Dependencies all met for <TaskInstance: meeting_project492.clean_meet_obj 2024-03-11T04:26:59.718737+00:00 [queued]>
[2024-03-11 04:27:04,398] {taskinstance.py:1095} INFO - 
--------------------------------------------------------------------------------
[2024-03-11 04:27:04,398] {taskinstance.py:1096} INFO - Starting attempt 1 of 1
[2024-03-11 04:27:04,398] {taskinstance.py:1097} INFO - 
--------------------------------------------------------------------------------
[2024-03-11 04:27:04,412] {taskinstance.py:1115} INFO - Executing <Task(PythonOperator): clean_meet_obj> on 2024-03-11T04:26:59.718737+00:00
[2024-03-11 04:27:04,417] {standard_task_runner.py:52} INFO - Started process 1299 to run task
[2024-03-11 04:27:04,420] {standard_task_runner.py:76} INFO - Running: ['***', 'tasks', 'run', 'meeting_project492', 'clean_meet_obj', '2024-03-11T04:26:59.718737+00:00', '--job-id', '596', '--pool', 'default_pool', '--raw', '--subdir', 'DAGS_FOLDER/first_dag.py', '--cfg-path', '/tmp/tmpn7zv63zl', '--error-file', '/tmp/tmp_pantkwg']
[2024-03-11 04:27:04,422] {standard_task_runner.py:77} INFO - Job 596: Subtask clean_meet_obj
[2024-03-11 04:27:04,460] {logging_mixin.py:109} INFO - Running <TaskInstance: meeting_project492.clean_meet_obj 2024-03-11T04:26:59.718737+00:00 [running]> on host 5fe9ddfe21b9
[2024-03-11 04:27:04,508] {taskinstance.py:1254} INFO - Exporting the following env vars:
AIRFLOW_CTX_DAG_OWNER=***
AIRFLOW_CTX_DAG_ID=meeting_project492
AIRFLOW_CTX_TASK_ID=clean_meet_obj
AIRFLOW_CTX_EXECUTION_DATE=2024-03-11T04:26:59.718737+00:00
AIRFLOW_CTX_DAG_RUN_ID=manual__2024-03-11T04:26:59.718737+00:00
[2024-03-11 04:27:04,522] {logging_mixin.py:109} INFO - Output to /home/tnanun/***-meet/data/data_com.csv yoyoyoyoyoyo
[2024-03-11 04:27:04,522] {python.py:151} INFO - Done. Returned value was: None
[2024-03-11 04:27:04,532] {taskinstance.py:1219} INFO - Marking task as SUCCESS. dag_id=meeting_project492, task_id=clean_meet_obj, execution_date=20240311T042659, start_date=20240311T042704, end_date=20240311T042704
[2024-03-11 04:27:04,552] {local_task_job.py:151} INFO - Task exited with return code 0
[2024-03-11 04:27:04,576] {local_task_job.py:261} INFO - 0 downstream tasks scheduled from follow-on schedule check
