[2024-03-11 03:15:53,129] {taskinstance.py:903} INFO - Dependencies all met for <TaskInstance: meeting_project492.fetch_meeting 2024-03-11T03:15:51.696443+00:00 [queued]>
[2024-03-11 03:15:53,146] {taskinstance.py:903} INFO - Dependencies all met for <TaskInstance: meeting_project492.fetch_meeting 2024-03-11T03:15:51.696443+00:00 [queued]>
[2024-03-11 03:15:53,146] {taskinstance.py:1095} INFO - 
--------------------------------------------------------------------------------
[2024-03-11 03:15:53,146] {taskinstance.py:1096} INFO - Starting attempt 1 of 1
[2024-03-11 03:15:53,146] {taskinstance.py:1097} INFO - 
--------------------------------------------------------------------------------
[2024-03-11 03:15:53,157] {taskinstance.py:1115} INFO - Executing <Task(PythonOperator): fetch_meeting> on 2024-03-11T03:15:51.696443+00:00
[2024-03-11 03:15:53,161] {standard_task_runner.py:52} INFO - Started process 1241 to run task
[2024-03-11 03:15:53,166] {standard_task_runner.py:76} INFO - Running: ['***', 'tasks', 'run', 'meeting_project492', 'fetch_meeting', '2024-03-11T03:15:51.696443+00:00', '--job-id', '540', '--pool', 'default_pool', '--raw', '--subdir', 'DAGS_FOLDER/first_dag.py', '--cfg-path', '/tmp/tmp6s2eeruh', '--error-file', '/tmp/tmp4du6krt_']
[2024-03-11 03:15:53,169] {standard_task_runner.py:77} INFO - Job 540: Subtask fetch_meeting
[2024-03-11 03:15:53,215] {logging_mixin.py:109} INFO - Running <TaskInstance: meeting_project492.fetch_meeting 2024-03-11T03:15:51.696443+00:00 [running]> on host 1e810f2a28a1
[2024-03-11 03:15:53,272] {taskinstance.py:1254} INFO - Exporting the following env vars:
AIRFLOW_CTX_DAG_OWNER=***
AIRFLOW_CTX_DAG_ID=meeting_project492
AIRFLOW_CTX_TASK_ID=fetch_meeting
AIRFLOW_CTX_EXECUTION_DATE=2024-03-11T03:15:51.696443+00:00
AIRFLOW_CTX_DAG_RUN_ID=manual__2024-03-11T03:15:51.696443+00:00
[2024-03-11 03:15:57,741] {logging_mixin.py:109} INFO - Output to /home/tnanun/***-meet/data/data_meet.csv yoyoyoyoyoyo
[2024-03-11 03:15:57,741] {python.py:151} INFO - Done. Returned value was: None
[2024-03-11 03:15:57,751] {taskinstance.py:1219} INFO - Marking task as SUCCESS. dag_id=meeting_project492, task_id=fetch_meeting, execution_date=20240311T031551, start_date=20240311T031553, end_date=20240311T031557
[2024-03-11 03:15:57,799] {local_task_job.py:151} INFO - Task exited with return code 0
[2024-03-11 03:15:57,822] {local_task_job.py:261} INFO - 1 downstream tasks scheduled from follow-on schedule check
