[2023-12-03 14:27:29,091] {taskinstance.py:903} INFO - Dependencies all met for <TaskInstance: meeting.fetch_answers 2023-12-03T14:27:28.080287+00:00 [queued]>
[2023-12-03 14:27:29,102] {taskinstance.py:903} INFO - Dependencies all met for <TaskInstance: meeting.fetch_answers 2023-12-03T14:27:28.080287+00:00 [queued]>
[2023-12-03 14:27:29,102] {taskinstance.py:1095} INFO - 
--------------------------------------------------------------------------------
[2023-12-03 14:27:29,103] {taskinstance.py:1096} INFO - Starting attempt 1 of 1
[2023-12-03 14:27:29,103] {taskinstance.py:1097} INFO - 
--------------------------------------------------------------------------------
[2023-12-03 14:27:29,117] {taskinstance.py:1115} INFO - Executing <Task(PythonOperator): fetch_answers> on 2023-12-03T14:27:28.080287+00:00
[2023-12-03 14:27:29,121] {standard_task_runner.py:52} INFO - Started process 653 to run task
[2023-12-03 14:27:29,124] {standard_task_runner.py:76} INFO - Running: ['***', 'tasks', 'run', 'meeting', 'fetch_answers', '2023-12-03T14:27:28.080287+00:00', '--job-id', '53', '--pool', 'default_pool', '--raw', '--subdir', 'DAGS_FOLDER/first_dag.py', '--cfg-path', '/tmp/tmpenfzuig3', '--error-file', '/tmp/tmp2ebgnjn3']
[2023-12-03 14:27:29,129] {standard_task_runner.py:77} INFO - Job 53: Subtask fetch_answers
[2023-12-03 14:27:29,184] {logging_mixin.py:109} INFO - Running <TaskInstance: meeting.fetch_answers 2023-12-03T14:27:28.080287+00:00 [running]> on host 9d53e6732d94
[2023-12-03 14:27:29,235] {taskinstance.py:1254} INFO - Exporting the following env vars:
AIRFLOW_CTX_DAG_OWNER=***
AIRFLOW_CTX_DAG_ID=meeting
AIRFLOW_CTX_TASK_ID=fetch_answers
AIRFLOW_CTX_EXECUTION_DATE=2023-12-03T14:27:28.080287+00:00
AIRFLOW_CTX_DAG_RUN_ID=manual__2023-12-03T14:27:28.080287+00:00
[2023-12-03 14:27:30,914] {taskinstance.py:1463} ERROR - Task failed with exception
Traceback (most recent call last):
  File "/home/airflow/.local/lib/python3.6/site-packages/airflow/models/taskinstance.py", line 1165, in _run_raw_task
    self._prepare_and_execute_task_with_callbacks(context, task)
  File "/home/airflow/.local/lib/python3.6/site-packages/airflow/models/taskinstance.py", line 1283, in _prepare_and_execute_task_with_callbacks
    result = self._execute_task(context, task_copy)
  File "/home/airflow/.local/lib/python3.6/site-packages/airflow/models/taskinstance.py", line 1313, in _execute_task
    result = task_copy.execute(context=context)
  File "/home/airflow/.local/lib/python3.6/site-packages/airflow/operators/python.py", line 150, in execute
    return_value = self.execute_callable()
  File "/home/airflow/.local/lib/python3.6/site-packages/airflow/operators/python.py", line 161, in execute_callable
    return self.python_callable(*self.op_args, **self.op_kwargs)
  File "/opt/airflow/dags/first_dag.py", line 17, in fetch_data
    df = df[df.meetStatus == True]
  File "/home/airflow/.local/lib/python3.6/site-packages/pandas/core/generic.py", line 5141, in __getattr__
    return object.__getattribute__(self, name)
AttributeError: 'DataFrame' object has no attribute 'meetStatus'
[2023-12-03 14:27:30,921] {taskinstance.py:1513} INFO - Marking task as FAILED. dag_id=meeting, task_id=fetch_answers, execution_date=20231203T142728, start_date=20231203T142729, end_date=20231203T142730
[2023-12-03 14:27:30,983] {local_task_job.py:151} INFO - Task exited with return code 1
[2023-12-03 14:27:31,010] {local_task_job.py:261} INFO - 0 downstream tasks scheduled from follow-on schedule check
