[2024-03-01 15:03:11,961] {taskinstance.py:903} INFO - Dependencies all met for <TaskInstance: meeting.merge_data 2024-03-01T15:03:07.458278+00:00 [queued]>
[2024-03-01 15:03:11,976] {taskinstance.py:903} INFO - Dependencies all met for <TaskInstance: meeting.merge_data 2024-03-01T15:03:07.458278+00:00 [queued]>
[2024-03-01 15:03:11,976] {taskinstance.py:1095} INFO - 
--------------------------------------------------------------------------------
[2024-03-01 15:03:11,976] {taskinstance.py:1096} INFO - Starting attempt 1 of 1
[2024-03-01 15:03:11,976] {taskinstance.py:1097} INFO - 
--------------------------------------------------------------------------------
[2024-03-01 15:03:11,986] {taskinstance.py:1115} INFO - Executing <Task(PythonOperator): merge_data> on 2024-03-01T15:03:07.458278+00:00
[2024-03-01 15:03:11,990] {standard_task_runner.py:52} INFO - Started process 5576 to run task
[2024-03-01 15:03:11,993] {standard_task_runner.py:76} INFO - Running: ['***', 'tasks', 'run', 'meeting', 'merge_data', '2024-03-01T15:03:07.458278+00:00', '--job-id', '205', '--pool', 'default_pool', '--raw', '--subdir', 'DAGS_FOLDER/first_dag.py', '--cfg-path', '/tmp/tmp2dv7wanh', '--error-file', '/tmp/tmpffbz00fc']
[2024-03-01 15:03:11,995] {standard_task_runner.py:77} INFO - Job 205: Subtask merge_data
[2024-03-01 15:03:12,029] {logging_mixin.py:109} INFO - Running <TaskInstance: meeting.merge_data 2024-03-01T15:03:07.458278+00:00 [running]> on host b272d77a87bd
[2024-03-01 15:03:12,075] {taskinstance.py:1254} INFO - Exporting the following env vars:
AIRFLOW_CTX_DAG_OWNER=***
AIRFLOW_CTX_DAG_ID=meeting
AIRFLOW_CTX_TASK_ID=merge_data
AIRFLOW_CTX_EXECUTION_DATE=2024-03-01T15:03:07.458278+00:00
AIRFLOW_CTX_DAG_RUN_ID=manual__2024-03-01T15:03:07.458278+00:00
[2024-03-01 15:03:12,094] {python.py:151} INFO - Done. Returned value was: None
[2024-03-01 15:03:12,103] {taskinstance.py:1219} INFO - Marking task as SUCCESS. dag_id=meeting, task_id=merge_data, execution_date=20240301T150307, start_date=20240301T150311, end_date=20240301T150312
[2024-03-01 15:03:12,125] {local_task_job.py:151} INFO - Task exited with return code 0
[2024-03-01 15:03:12,146] {local_task_job.py:261} INFO - 0 downstream tasks scheduled from follow-on schedule check
