[2024-03-05 10:12:41,029] {taskinstance.py:903} INFO - Dependencies all met for <TaskInstance: meeting_project.fetch_folders 2024-03-05T10:12:18.222818+00:00 [queued]>
[2024-03-05 10:12:41,075] {taskinstance.py:903} INFO - Dependencies all met for <TaskInstance: meeting_project.fetch_folders 2024-03-05T10:12:18.222818+00:00 [queued]>
[2024-03-05 10:12:41,075] {taskinstance.py:1095} INFO - 
--------------------------------------------------------------------------------
[2024-03-05 10:12:41,076] {taskinstance.py:1096} INFO - Starting attempt 1 of 1
[2024-03-05 10:12:41,076] {taskinstance.py:1097} INFO - 
--------------------------------------------------------------------------------
[2024-03-05 10:12:41,111] {taskinstance.py:1115} INFO - Executing <Task(PythonOperator): fetch_folders> on 2024-03-05T10:12:18.222818+00:00
[2024-03-05 10:12:41,128] {standard_task_runner.py:52} INFO - Started process 1353 to run task
[2024-03-05 10:12:41,133] {standard_task_runner.py:76} INFO - Running: ['***', 'tasks', 'run', 'meeting_project', 'fetch_folders', '2024-03-05T10:12:18.222818+00:00', '--job-id', '242', '--pool', 'default_pool', '--raw', '--subdir', 'DAGS_FOLDER/first_dag.py', '--cfg-path', '/tmp/tmpse3sgibe', '--error-file', '/tmp/tmp3rmbsnhn']
[2024-03-05 10:12:41,148] {standard_task_runner.py:77} INFO - Job 242: Subtask fetch_folders
[2024-03-05 10:12:41,271] {logging_mixin.py:109} INFO - Running <TaskInstance: meeting_project.fetch_folders 2024-03-05T10:12:18.222818+00:00 [running]> on host 4622d7b8f726
[2024-03-05 10:12:41,485] {taskinstance.py:1254} INFO - Exporting the following env vars:
AIRFLOW_CTX_DAG_OWNER=***
AIRFLOW_CTX_DAG_ID=meeting_project
AIRFLOW_CTX_TASK_ID=fetch_folders
AIRFLOW_CTX_EXECUTION_DATE=2024-03-05T10:12:18.222818+00:00
AIRFLOW_CTX_DAG_RUN_ID=manual__2024-03-05T10:12:18.222818+00:00
[2024-03-05 10:12:42,655] {logging_mixin.py:109} INFO - Output to /home/tnanun/***-meet/data/data_folder.csv yoyoyoyoyoyo
[2024-03-05 10:12:42,655] {python.py:151} INFO - Done. Returned value was: None
[2024-03-05 10:12:42,664] {taskinstance.py:1219} INFO - Marking task as SUCCESS. dag_id=meeting_project, task_id=fetch_folders, execution_date=20240305T101218, start_date=20240305T101241, end_date=20240305T101242
[2024-03-05 10:12:42,694] {local_task_job.py:151} INFO - Task exited with return code 0
[2024-03-05 10:12:42,723] {local_task_job.py:261} INFO - 0 downstream tasks scheduled from follow-on schedule check
