[2024-03-09 02:51:08,329] {taskinstance.py:903} INFO - Dependencies all met for <TaskInstance: meeting_project492.fetch_comment 2024-03-09T02:51:07.113908+00:00 [queued]>
[2024-03-09 02:51:08,346] {taskinstance.py:903} INFO - Dependencies all met for <TaskInstance: meeting_project492.fetch_comment 2024-03-09T02:51:07.113908+00:00 [queued]>
[2024-03-09 02:51:08,346] {taskinstance.py:1095} INFO - 
--------------------------------------------------------------------------------
[2024-03-09 02:51:08,346] {taskinstance.py:1096} INFO - Starting attempt 1 of 1
[2024-03-09 02:51:08,346] {taskinstance.py:1097} INFO - 
--------------------------------------------------------------------------------
[2024-03-09 02:51:08,356] {taskinstance.py:1115} INFO - Executing <Task(PythonOperator): fetch_comment> on 2024-03-09T02:51:07.113908+00:00
[2024-03-09 02:51:08,361] {standard_task_runner.py:52} INFO - Started process 2140 to run task
[2024-03-09 02:51:08,364] {standard_task_runner.py:76} INFO - Running: ['***', 'tasks', 'run', 'meeting_project492', 'fetch_comment', '2024-03-09T02:51:07.113908+00:00', '--job-id', '322', '--pool', 'default_pool', '--raw', '--subdir', 'DAGS_FOLDER/first_dag.py', '--cfg-path', '/tmp/tmpik902lq5', '--error-file', '/tmp/tmpqso5q9my']
[2024-03-09 02:51:08,369] {standard_task_runner.py:77} INFO - Job 322: Subtask fetch_comment
[2024-03-09 02:51:08,428] {logging_mixin.py:109} INFO - Running <TaskInstance: meeting_project492.fetch_comment 2024-03-09T02:51:07.113908+00:00 [running]> on host 25a7f942cb44
[2024-03-09 02:51:08,499] {taskinstance.py:1254} INFO - Exporting the following env vars:
AIRFLOW_CTX_DAG_OWNER=***
AIRFLOW_CTX_DAG_ID=meeting_project492
AIRFLOW_CTX_TASK_ID=fetch_comment
AIRFLOW_CTX_EXECUTION_DATE=2024-03-09T02:51:07.113908+00:00
AIRFLOW_CTX_DAG_RUN_ID=manual__2024-03-09T02:51:07.113908+00:00
[2024-03-09 02:51:11,761] {logging_mixin.py:109} INFO - Output to /home/tnanun/***-meet/data/data_com.csv yoyoyoyoyoyo
[2024-03-09 02:51:11,762] {python.py:151} INFO - Done. Returned value was: None
[2024-03-09 02:51:11,777] {taskinstance.py:1219} INFO - Marking task as SUCCESS. dag_id=meeting_project492, task_id=fetch_comment, execution_date=20240309T025107, start_date=20240309T025108, end_date=20240309T025111
[2024-03-09 02:51:11,829] {local_task_job.py:151} INFO - Task exited with return code 0
[2024-03-09 02:51:11,857] {local_task_job.py:261} INFO - 1 downstream tasks scheduled from follow-on schedule check
