[2024-03-11 02:30:44,790] {taskinstance.py:903} INFO - Dependencies all met for <TaskInstance: meeting_project492.fetch_comment 2024-03-11T02:30:43.192787+00:00 [queued]>
[2024-03-11 02:30:44,809] {taskinstance.py:903} INFO - Dependencies all met for <TaskInstance: meeting_project492.fetch_comment 2024-03-11T02:30:43.192787+00:00 [queued]>
[2024-03-11 02:30:44,809] {taskinstance.py:1095} INFO - 
--------------------------------------------------------------------------------
[2024-03-11 02:30:44,810] {taskinstance.py:1096} INFO - Starting attempt 1 of 1
[2024-03-11 02:30:44,810] {taskinstance.py:1097} INFO - 
--------------------------------------------------------------------------------
[2024-03-11 02:30:44,823] {taskinstance.py:1115} INFO - Executing <Task(PythonOperator): fetch_comment> on 2024-03-11T02:30:43.192787+00:00
[2024-03-11 02:30:44,827] {standard_task_runner.py:52} INFO - Started process 9560 to run task
[2024-03-11 02:30:44,832] {standard_task_runner.py:76} INFO - Running: ['***', 'tasks', 'run', 'meeting_project492', 'fetch_comment', '2024-03-11T02:30:43.192787+00:00', '--job-id', '479', '--pool', 'default_pool', '--raw', '--subdir', 'DAGS_FOLDER/first_dag.py', '--cfg-path', '/tmp/tmpvmbx6d74', '--error-file', '/tmp/tmphzpwrceb']
[2024-03-11 02:30:44,836] {standard_task_runner.py:77} INFO - Job 479: Subtask fetch_comment
[2024-03-11 02:30:44,885] {logging_mixin.py:109} INFO - Running <TaskInstance: meeting_project492.fetch_comment 2024-03-11T02:30:43.192787+00:00 [running]> on host fe457b6d1f83
[2024-03-11 02:30:44,948] {taskinstance.py:1254} INFO - Exporting the following env vars:
AIRFLOW_CTX_DAG_OWNER=***
AIRFLOW_CTX_DAG_ID=meeting_project492
AIRFLOW_CTX_TASK_ID=fetch_comment
AIRFLOW_CTX_EXECUTION_DATE=2024-03-11T02:30:43.192787+00:00
AIRFLOW_CTX_DAG_RUN_ID=manual__2024-03-11T02:30:43.192787+00:00
[2024-03-11 02:30:46,977] {logging_mixin.py:109} INFO - Output to /home/tnanun/***-meet/data/data_com.csv yoyoyoyoyoyo
[2024-03-11 02:30:46,977] {python.py:151} INFO - Done. Returned value was: None
[2024-03-11 02:30:46,986] {taskinstance.py:1219} INFO - Marking task as SUCCESS. dag_id=meeting_project492, task_id=fetch_comment, execution_date=20240311T023043, start_date=20240311T023044, end_date=20240311T023046
[2024-03-11 02:30:47,011] {local_task_job.py:151} INFO - Task exited with return code 0
[2024-03-11 02:30:47,037] {local_task_job.py:261} INFO - 1 downstream tasks scheduled from follow-on schedule check
