[2024-03-11 05:43:38,212] {taskinstance.py:903} INFO - Dependencies all met for <TaskInstance: meeting_project492.fetch_comment 2024-03-11T04:00:00+00:00 [queued]>
[2024-03-11 05:43:38,225] {taskinstance.py:903} INFO - Dependencies all met for <TaskInstance: meeting_project492.fetch_comment 2024-03-11T04:00:00+00:00 [queued]>
[2024-03-11 05:43:38,226] {taskinstance.py:1095} INFO - 
--------------------------------------------------------------------------------
[2024-03-11 05:43:38,226] {taskinstance.py:1096} INFO - Starting attempt 1 of 1
[2024-03-11 05:43:38,226] {taskinstance.py:1097} INFO - 
--------------------------------------------------------------------------------
[2024-03-11 05:43:38,249] {taskinstance.py:1115} INFO - Executing <Task(PythonOperator): fetch_comment> on 2024-03-11T04:00:00+00:00
[2024-03-11 05:43:38,256] {standard_task_runner.py:52} INFO - Started process 341 to run task
[2024-03-11 05:43:38,262] {standard_task_runner.py:76} INFO - Running: ['***', 'tasks', 'run', 'meeting_project492', 'fetch_comment', '2024-03-11T04:00:00+00:00', '--job-id', '671', '--pool', 'default_pool', '--raw', '--subdir', 'DAGS_FOLDER/first_dag.py', '--cfg-path', '/tmp/tmpyh9d9py1', '--error-file', '/tmp/tmp368ujs0h']
[2024-03-11 05:43:38,266] {standard_task_runner.py:77} INFO - Job 671: Subtask fetch_comment
[2024-03-11 05:43:38,320] {logging_mixin.py:109} INFO - Running <TaskInstance: meeting_project492.fetch_comment 2024-03-11T04:00:00+00:00 [running]> on host 1c0f3566e916
[2024-03-11 05:43:38,408] {taskinstance.py:1254} INFO - Exporting the following env vars:
AIRFLOW_CTX_DAG_OWNER=***
AIRFLOW_CTX_DAG_ID=meeting_project492
AIRFLOW_CTX_TASK_ID=fetch_comment
AIRFLOW_CTX_EXECUTION_DATE=2024-03-11T04:00:00+00:00
AIRFLOW_CTX_DAG_RUN_ID=scheduled__2024-03-11T04:00:00+00:00
[2024-03-11 05:43:43,153] {logging_mixin.py:109} INFO - Output to /home/tnanun/***-meet/data/data_com.csv yoyoyoyoyoyo
[2024-03-11 05:43:43,154] {python.py:151} INFO - Done. Returned value was: None
[2024-03-11 05:43:43,164] {taskinstance.py:1219} INFO - Marking task as SUCCESS. dag_id=meeting_project492, task_id=fetch_comment, execution_date=20240311T040000, start_date=20240311T054338, end_date=20240311T054343
[2024-03-11 05:43:43,211] {local_task_job.py:151} INFO - Task exited with return code 0
[2024-03-11 05:43:43,252] {local_task_job.py:261} INFO - 0 downstream tasks scheduled from follow-on schedule check
