[2024-01-28 07:51:45,182] {processor.py:162} INFO - Started process (PID=171) to work on /opt/airflow/dags/first_dag.py
[2024-01-28 07:51:45,183] {processor.py:613} INFO - Processing file /opt/airflow/dags/first_dag.py for tasks to queue
[2024-01-28 07:51:45,184] {logging_mixin.py:109} INFO - [2024-01-28 07:51:45,183] {dagbag.py:496} INFO - Filling up the DagBag from /opt/airflow/dags/first_dag.py
[2024-01-28 07:51:46,606] {processor.py:623} INFO - DAG(s) dict_keys(['meeting']) retrieved from /opt/airflow/dags/first_dag.py
[2024-01-28 07:51:46,785] {logging_mixin.py:109} INFO - [2024-01-28 07:51:46,785] {dag.py:1834} INFO - Sync 1 DAGs
[2024-01-28 07:51:46,799] {logging_mixin.py:109} INFO - [2024-01-28 07:51:46,799] {dag.py:2287} INFO - Setting next_dagrun for meeting to 2024-01-28T06:00:00+00:00
[2024-01-28 07:51:46,812] {processor.py:170} INFO - Processing /opt/airflow/dags/first_dag.py took 1.634 seconds
[2024-01-28 07:52:17,759] {processor.py:162} INFO - Started process (PID=394) to work on /opt/airflow/dags/first_dag.py
[2024-01-28 07:52:17,760] {processor.py:613} INFO - Processing file /opt/airflow/dags/first_dag.py for tasks to queue
[2024-01-28 07:52:17,761] {logging_mixin.py:109} INFO - [2024-01-28 07:52:17,761] {dagbag.py:496} INFO - Filling up the DagBag from /opt/airflow/dags/first_dag.py
[2024-01-28 07:52:18,207] {processor.py:623} INFO - DAG(s) dict_keys(['meeting']) retrieved from /opt/airflow/dags/first_dag.py
[2024-01-28 07:52:18,229] {logging_mixin.py:109} INFO - [2024-01-28 07:52:18,229] {dag.py:1834} INFO - Sync 1 DAGs
[2024-01-28 07:52:18,245] {logging_mixin.py:109} INFO - [2024-01-28 07:52:18,245] {dag.py:2287} INFO - Setting next_dagrun for meeting to 2024-01-28T06:00:00+00:00
[2024-01-28 07:52:18,258] {processor.py:170} INFO - Processing /opt/airflow/dags/first_dag.py took 0.501 seconds
[2024-01-28 07:52:48,672] {processor.py:162} INFO - Started process (PID=600) to work on /opt/airflow/dags/first_dag.py
[2024-01-28 07:52:48,674] {processor.py:613} INFO - Processing file /opt/airflow/dags/first_dag.py for tasks to queue
[2024-01-28 07:52:48,675] {logging_mixin.py:109} INFO - [2024-01-28 07:52:48,675] {dagbag.py:496} INFO - Filling up the DagBag from /opt/airflow/dags/first_dag.py
[2024-01-28 07:52:49,052] {processor.py:623} INFO - DAG(s) dict_keys(['meeting']) retrieved from /opt/airflow/dags/first_dag.py
[2024-01-28 07:52:49,068] {logging_mixin.py:109} INFO - [2024-01-28 07:52:49,068] {dag.py:1834} INFO - Sync 1 DAGs
[2024-01-28 07:52:49,080] {logging_mixin.py:109} INFO - [2024-01-28 07:52:49,080] {dag.py:2287} INFO - Setting next_dagrun for meeting to 2024-01-28T06:00:00+00:00
[2024-01-28 07:52:49,088] {processor.py:170} INFO - Processing /opt/airflow/dags/first_dag.py took 0.417 seconds
[2024-01-28 07:53:19,154] {processor.py:162} INFO - Started process (PID=795) to work on /opt/airflow/dags/first_dag.py
[2024-01-28 07:53:19,155] {processor.py:613} INFO - Processing file /opt/airflow/dags/first_dag.py for tasks to queue
[2024-01-28 07:53:19,155] {logging_mixin.py:109} INFO - [2024-01-28 07:53:19,155] {dagbag.py:496} INFO - Filling up the DagBag from /opt/airflow/dags/first_dag.py
[2024-01-28 07:53:19,534] {processor.py:623} INFO - DAG(s) dict_keys(['meeting']) retrieved from /opt/airflow/dags/first_dag.py
[2024-01-28 07:53:19,557] {logging_mixin.py:109} INFO - [2024-01-28 07:53:19,557] {dag.py:1834} INFO - Sync 1 DAGs
[2024-01-28 07:53:19,573] {logging_mixin.py:109} INFO - [2024-01-28 07:53:19,573] {dag.py:2287} INFO - Setting next_dagrun for meeting to 2024-01-28T06:00:00+00:00
[2024-01-28 07:53:19,581] {processor.py:170} INFO - Processing /opt/airflow/dags/first_dag.py took 0.429 seconds
[2024-01-28 07:53:49,764] {processor.py:162} INFO - Started process (PID=1001) to work on /opt/airflow/dags/first_dag.py
[2024-01-28 07:53:49,766] {processor.py:613} INFO - Processing file /opt/airflow/dags/first_dag.py for tasks to queue
[2024-01-28 07:53:49,767] {logging_mixin.py:109} INFO - [2024-01-28 07:53:49,767] {dagbag.py:496} INFO - Filling up the DagBag from /opt/airflow/dags/first_dag.py
[2024-01-28 07:53:50,165] {processor.py:623} INFO - DAG(s) dict_keys(['meeting']) retrieved from /opt/airflow/dags/first_dag.py
[2024-01-28 07:53:50,182] {logging_mixin.py:109} INFO - [2024-01-28 07:53:50,182] {dag.py:1834} INFO - Sync 1 DAGs
[2024-01-28 07:53:50,194] {logging_mixin.py:109} INFO - [2024-01-28 07:53:50,194] {dag.py:2287} INFO - Setting next_dagrun for meeting to 2024-01-28T06:00:00+00:00
[2024-01-28 07:53:50,202] {processor.py:170} INFO - Processing /opt/airflow/dags/first_dag.py took 0.440 seconds
[2024-01-28 07:54:20,391] {processor.py:162} INFO - Started process (PID=1206) to work on /opt/airflow/dags/first_dag.py
[2024-01-28 07:54:20,392] {processor.py:613} INFO - Processing file /opt/airflow/dags/first_dag.py for tasks to queue
[2024-01-28 07:54:20,393] {logging_mixin.py:109} INFO - [2024-01-28 07:54:20,392] {dagbag.py:496} INFO - Filling up the DagBag from /opt/airflow/dags/first_dag.py
[2024-01-28 07:54:20,842] {processor.py:623} INFO - DAG(s) dict_keys(['meeting']) retrieved from /opt/airflow/dags/first_dag.py
[2024-01-28 07:54:20,861] {logging_mixin.py:109} INFO - [2024-01-28 07:54:20,861] {dag.py:1834} INFO - Sync 1 DAGs
[2024-01-28 07:54:20,875] {logging_mixin.py:109} INFO - [2024-01-28 07:54:20,875] {dag.py:2287} INFO - Setting next_dagrun for meeting to 2024-01-28T06:00:00+00:00
[2024-01-28 07:54:20,885] {processor.py:170} INFO - Processing /opt/airflow/dags/first_dag.py took 0.495 seconds
[2024-01-28 07:54:50,991] {processor.py:162} INFO - Started process (PID=1516) to work on /opt/airflow/dags/first_dag.py
[2024-01-28 07:54:50,992] {processor.py:613} INFO - Processing file /opt/airflow/dags/first_dag.py for tasks to queue
[2024-01-28 07:54:50,992] {logging_mixin.py:109} INFO - [2024-01-28 07:54:50,992] {dagbag.py:496} INFO - Filling up the DagBag from /opt/airflow/dags/first_dag.py
[2024-01-28 07:54:51,416] {processor.py:623} INFO - DAG(s) dict_keys(['meeting']) retrieved from /opt/airflow/dags/first_dag.py
[2024-01-28 07:54:51,433] {logging_mixin.py:109} INFO - [2024-01-28 07:54:51,432] {dag.py:1834} INFO - Sync 1 DAGs
[2024-01-28 07:54:51,445] {logging_mixin.py:109} INFO - [2024-01-28 07:54:51,445] {dag.py:2287} INFO - Setting next_dagrun for meeting to 2024-01-28T07:00:00+00:00
[2024-01-28 07:54:51,453] {processor.py:170} INFO - Processing /opt/airflow/dags/first_dag.py took 0.464 seconds
[2024-01-28 07:55:21,575] {processor.py:162} INFO - Started process (PID=1912) to work on /opt/airflow/dags/first_dag.py
[2024-01-28 07:55:21,576] {processor.py:613} INFO - Processing file /opt/airflow/dags/first_dag.py for tasks to queue
[2024-01-28 07:55:21,577] {logging_mixin.py:109} INFO - [2024-01-28 07:55:21,576] {dagbag.py:496} INFO - Filling up the DagBag from /opt/airflow/dags/first_dag.py
[2024-01-28 07:55:21,985] {processor.py:623} INFO - DAG(s) dict_keys(['meeting']) retrieved from /opt/airflow/dags/first_dag.py
[2024-01-28 07:55:22,000] {logging_mixin.py:109} INFO - [2024-01-28 07:55:22,000] {dag.py:1834} INFO - Sync 1 DAGs
[2024-01-28 07:55:22,013] {logging_mixin.py:109} INFO - [2024-01-28 07:55:22,012] {dag.py:2287} INFO - Setting next_dagrun for meeting to 2024-01-28T07:00:00+00:00
[2024-01-28 07:55:22,021] {processor.py:170} INFO - Processing /opt/airflow/dags/first_dag.py took 0.448 seconds
