[2024-03-11 04:47:17,019] {taskinstance.py:903} INFO - Dependencies all met for <TaskInstance: meeting_project492.fetch_meet_object 2024-03-11T04:47:16.011724+00:00 [queued]>
[2024-03-11 04:47:17,037] {taskinstance.py:903} INFO - Dependencies all met for <TaskInstance: meeting_project492.fetch_meet_object 2024-03-11T04:47:16.011724+00:00 [queued]>
[2024-03-11 04:47:17,037] {taskinstance.py:1095} INFO - 
--------------------------------------------------------------------------------
[2024-03-11 04:47:17,037] {taskinstance.py:1096} INFO - Starting attempt 1 of 1
[2024-03-11 04:47:17,037] {taskinstance.py:1097} INFO - 
--------------------------------------------------------------------------------
[2024-03-11 04:47:17,047] {taskinstance.py:1115} INFO - Executing <Task(PythonOperator): fetch_meet_object> on 2024-03-11T04:47:16.011724+00:00
[2024-03-11 04:47:17,052] {standard_task_runner.py:52} INFO - Started process 3839 to run task
[2024-03-11 04:47:17,056] {standard_task_runner.py:76} INFO - Running: ['***', 'tasks', 'run', 'meeting_project492', 'fetch_meet_object', '2024-03-11T04:47:16.011724+00:00', '--job-id', '663', '--pool', 'default_pool', '--raw', '--subdir', 'DAGS_FOLDER/first_dag.py', '--cfg-path', '/tmp/tmpzins5isr', '--error-file', '/tmp/tmpth2ymb_x']
[2024-03-11 04:47:17,060] {standard_task_runner.py:77} INFO - Job 663: Subtask fetch_meet_object
[2024-03-11 04:47:17,104] {logging_mixin.py:109} INFO - Running <TaskInstance: meeting_project492.fetch_meet_object 2024-03-11T04:47:16.011724+00:00 [running]> on host a354bf513529
[2024-03-11 04:47:17,167] {taskinstance.py:1254} INFO - Exporting the following env vars:
AIRFLOW_CTX_DAG_OWNER=***
AIRFLOW_CTX_DAG_ID=meeting_project492
AIRFLOW_CTX_TASK_ID=fetch_meet_object
AIRFLOW_CTX_EXECUTION_DATE=2024-03-11T04:47:16.011724+00:00
AIRFLOW_CTX_DAG_RUN_ID=manual__2024-03-11T04:47:16.011724+00:00
[2024-03-11 04:47:18,345] {logging_mixin.py:109} INFO - Output to /home/tnanun/***-meet/data/data_obj.csv yoyoyoyoyoyo
[2024-03-11 04:47:18,345] {python.py:151} INFO - Done. Returned value was: None
[2024-03-11 04:47:18,356] {taskinstance.py:1219} INFO - Marking task as SUCCESS. dag_id=meeting_project492, task_id=fetch_meet_object, execution_date=20240311T044716, start_date=20240311T044717, end_date=20240311T044718
[2024-03-11 04:47:18,392] {local_task_job.py:151} INFO - Task exited with return code 0
[2024-03-11 04:47:18,418] {local_task_job.py:261} INFO - 1 downstream tasks scheduled from follow-on schedule check
