[2023-12-03 15:06:30,693] {taskinstance.py:903} INFO - Dependencies all met for <TaskInstance: meeting.clean_meeting 2023-12-03T14:00:00+00:00 [queued]>
[2023-12-03 15:06:30,704] {taskinstance.py:903} INFO - Dependencies all met for <TaskInstance: meeting.clean_meeting 2023-12-03T14:00:00+00:00 [queued]>
[2023-12-03 15:06:30,705] {taskinstance.py:1095} INFO - 
--------------------------------------------------------------------------------
[2023-12-03 15:06:30,705] {taskinstance.py:1096} INFO - Starting attempt 1 of 1
[2023-12-03 15:06:30,705] {taskinstance.py:1097} INFO - 
--------------------------------------------------------------------------------
[2023-12-03 15:06:30,717] {taskinstance.py:1115} INFO - Executing <Task(PythonOperator): clean_meeting> on 2023-12-03T14:00:00+00:00
[2023-12-03 15:06:30,722] {standard_task_runner.py:52} INFO - Started process 17193 to run task
[2023-12-03 15:06:30,724] {standard_task_runner.py:76} INFO - Running: ['***', 'tasks', 'run', 'meeting', 'clean_meeting', '2023-12-03T14:00:00+00:00', '--job-id', '79', '--pool', 'default_pool', '--raw', '--subdir', 'DAGS_FOLDER/first_dag.py', '--cfg-path', '/tmp/tmpz85o22i8', '--error-file', '/tmp/tmpq8flf01f']
[2023-12-03 15:06:30,727] {standard_task_runner.py:77} INFO - Job 79: Subtask clean_meeting
[2023-12-03 15:06:30,763] {logging_mixin.py:109} INFO - Running <TaskInstance: meeting.clean_meeting 2023-12-03T14:00:00+00:00 [running]> on host 9d53e6732d94
[2023-12-03 15:06:30,813] {taskinstance.py:1254} INFO - Exporting the following env vars:
AIRFLOW_CTX_DAG_OWNER=***
AIRFLOW_CTX_DAG_ID=meeting
AIRFLOW_CTX_TASK_ID=clean_meeting
AIRFLOW_CTX_EXECUTION_DATE=2023-12-03T14:00:00+00:00
AIRFLOW_CTX_DAG_RUN_ID=scheduled__2023-12-03T14:00:00+00:00
[2023-12-03 15:06:30,844] {logging_mixin.py:109} INFO - Output to /home/tnanun/***-meet/data/data_meet.csv yoyoyoyoyoyo
[2023-12-03 15:06:30,845] {python.py:151} INFO - Done. Returned value was: None
[2023-12-03 15:06:30,854] {taskinstance.py:1219} INFO - Marking task as SUCCESS. dag_id=meeting, task_id=clean_meeting, execution_date=20231203T140000, start_date=20231203T150630, end_date=20231203T150630
[2023-12-03 15:06:30,896] {local_task_job.py:151} INFO - Task exited with return code 0
[2023-12-03 15:06:30,920] {local_task_job.py:261} INFO - 0 downstream tasks scheduled from follow-on schedule check
