[2024-03-09 04:00:01,634] {taskinstance.py:903} INFO - Dependencies all met for <TaskInstance: meeting_project492.fetch_comment 2024-03-09T03:00:00+00:00 [queued]>
[2024-03-09 04:00:01,646] {taskinstance.py:903} INFO - Dependencies all met for <TaskInstance: meeting_project492.fetch_comment 2024-03-09T03:00:00+00:00 [queued]>
[2024-03-09 04:00:01,647] {taskinstance.py:1095} INFO - 
--------------------------------------------------------------------------------
[2024-03-09 04:00:01,647] {taskinstance.py:1096} INFO - Starting attempt 1 of 1
[2024-03-09 04:00:01,647] {taskinstance.py:1097} INFO - 
--------------------------------------------------------------------------------
[2024-03-09 04:00:01,661] {taskinstance.py:1115} INFO - Executing <Task(PythonOperator): fetch_comment> on 2024-03-09T03:00:00+00:00
[2024-03-09 04:00:01,666] {standard_task_runner.py:52} INFO - Started process 26122 to run task
[2024-03-09 04:00:01,670] {standard_task_runner.py:76} INFO - Running: ['***', 'tasks', 'run', 'meeting_project492', 'fetch_comment', '2024-03-09T03:00:00+00:00', '--job-id', '378', '--pool', 'default_pool', '--raw', '--subdir', 'DAGS_FOLDER/first_dag.py', '--cfg-path', '/tmp/tmpw8avoum9', '--error-file', '/tmp/tmpep6a5dlm']
[2024-03-09 04:00:01,674] {standard_task_runner.py:77} INFO - Job 378: Subtask fetch_comment
[2024-03-09 04:00:01,728] {logging_mixin.py:109} INFO - Running <TaskInstance: meeting_project492.fetch_comment 2024-03-09T03:00:00+00:00 [running]> on host 62b9685fb4d1
[2024-03-09 04:00:01,788] {taskinstance.py:1254} INFO - Exporting the following env vars:
AIRFLOW_CTX_DAG_OWNER=***
AIRFLOW_CTX_DAG_ID=meeting_project492
AIRFLOW_CTX_TASK_ID=fetch_comment
AIRFLOW_CTX_EXECUTION_DATE=2024-03-09T03:00:00+00:00
AIRFLOW_CTX_DAG_RUN_ID=scheduled__2024-03-09T03:00:00+00:00
[2024-03-09 04:00:07,479] {logging_mixin.py:109} INFO - Output to /home/tnanun/***-meet/data/data_com.csv yoyoyoyoyoyo
[2024-03-09 04:00:07,479] {python.py:151} INFO - Done. Returned value was: None
[2024-03-09 04:00:07,488] {taskinstance.py:1219} INFO - Marking task as SUCCESS. dag_id=meeting_project492, task_id=fetch_comment, execution_date=20240309T030000, start_date=20240309T040001, end_date=20240309T040007
[2024-03-09 04:00:07,506] {local_task_job.py:151} INFO - Task exited with return code 0
[2024-03-09 04:00:07,543] {local_task_job.py:261} INFO - 1 downstream tasks scheduled from follow-on schedule check
