[2024-03-11 04:29:04,421] {taskinstance.py:903} INFO - Dependencies all met for <TaskInstance: meeting_project492.fetch_meet_object 2024-03-11T04:29:02.470307+00:00 [queued]>
[2024-03-11 04:29:04,436] {taskinstance.py:903} INFO - Dependencies all met for <TaskInstance: meeting_project492.fetch_meet_object 2024-03-11T04:29:02.470307+00:00 [queued]>
[2024-03-11 04:29:04,437] {taskinstance.py:1095} INFO - 
--------------------------------------------------------------------------------
[2024-03-11 04:29:04,437] {taskinstance.py:1096} INFO - Starting attempt 1 of 1
[2024-03-11 04:29:04,437] {taskinstance.py:1097} INFO - 
--------------------------------------------------------------------------------
[2024-03-11 04:29:04,455] {taskinstance.py:1115} INFO - Executing <Task(PythonOperator): fetch_meet_object> on 2024-03-11T04:29:02.470307+00:00
[2024-03-11 04:29:04,460] {standard_task_runner.py:52} INFO - Started process 2146 to run task
[2024-03-11 04:29:04,464] {standard_task_runner.py:76} INFO - Running: ['***', 'tasks', 'run', 'meeting_project492', 'fetch_meet_object', '2024-03-11T04:29:02.470307+00:00', '--job-id', '604', '--pool', 'default_pool', '--raw', '--subdir', 'DAGS_FOLDER/first_dag.py', '--cfg-path', '/tmp/tmpl6tv42g3', '--error-file', '/tmp/tmpmug_mn3_']
[2024-03-11 04:29:04,467] {standard_task_runner.py:77} INFO - Job 604: Subtask fetch_meet_object
[2024-03-11 04:29:04,510] {logging_mixin.py:109} INFO - Running <TaskInstance: meeting_project492.fetch_meet_object 2024-03-11T04:29:02.470307+00:00 [running]> on host 5fe9ddfe21b9
[2024-03-11 04:29:04,559] {taskinstance.py:1254} INFO - Exporting the following env vars:
AIRFLOW_CTX_DAG_OWNER=***
AIRFLOW_CTX_DAG_ID=meeting_project492
AIRFLOW_CTX_TASK_ID=fetch_meet_object
AIRFLOW_CTX_EXECUTION_DATE=2024-03-11T04:29:02.470307+00:00
AIRFLOW_CTX_DAG_RUN_ID=manual__2024-03-11T04:29:02.470307+00:00
[2024-03-11 04:29:05,591] {logging_mixin.py:109} INFO - Output to /home/tnanun/***-meet/data/data_obj.csv yoyoyoyoyoyo
[2024-03-11 04:29:05,592] {python.py:151} INFO - Done. Returned value was: None
[2024-03-11 04:29:05,603] {taskinstance.py:1219} INFO - Marking task as SUCCESS. dag_id=meeting_project492, task_id=fetch_meet_object, execution_date=20240311T042902, start_date=20240311T042904, end_date=20240311T042905
[2024-03-11 04:29:05,639] {local_task_job.py:151} INFO - Task exited with return code 0
[2024-03-11 04:29:05,688] {local_task_job.py:261} INFO - 1 downstream tasks scheduled from follow-on schedule check
