[2024-03-11 04:34:02,701] {taskinstance.py:903} INFO - Dependencies all met for <TaskInstance: meeting_project492.clean_meeting 2024-03-11T04:33:59.355517+00:00 [queued]>
[2024-03-11 04:34:02,714] {taskinstance.py:903} INFO - Dependencies all met for <TaskInstance: meeting_project492.clean_meeting 2024-03-11T04:33:59.355517+00:00 [queued]>
[2024-03-11 04:34:02,715] {taskinstance.py:1095} INFO - 
--------------------------------------------------------------------------------
[2024-03-11 04:34:02,715] {taskinstance.py:1096} INFO - Starting attempt 1 of 1
[2024-03-11 04:34:02,715] {taskinstance.py:1097} INFO - 
--------------------------------------------------------------------------------
[2024-03-11 04:34:02,730] {taskinstance.py:1115} INFO - Executing <Task(PythonOperator): clean_meeting> on 2024-03-11T04:33:59.355517+00:00
[2024-03-11 04:34:02,737] {standard_task_runner.py:52} INFO - Started process 4681 to run task
[2024-03-11 04:34:02,740] {standard_task_runner.py:76} INFO - Running: ['***', 'tasks', 'run', 'meeting_project492', 'clean_meeting', '2024-03-11T04:33:59.355517+00:00', '--job-id', '626', '--pool', 'default_pool', '--raw', '--subdir', 'DAGS_FOLDER/first_dag.py', '--cfg-path', '/tmp/tmpxbjtti8g', '--error-file', '/tmp/tmpvjogvb_a']
[2024-03-11 04:34:02,742] {standard_task_runner.py:77} INFO - Job 626: Subtask clean_meeting
[2024-03-11 04:34:02,789] {logging_mixin.py:109} INFO - Running <TaskInstance: meeting_project492.clean_meeting 2024-03-11T04:33:59.355517+00:00 [running]> on host 5fe9ddfe21b9
[2024-03-11 04:34:02,850] {taskinstance.py:1254} INFO - Exporting the following env vars:
AIRFLOW_CTX_DAG_OWNER=***
AIRFLOW_CTX_DAG_ID=meeting_project492
AIRFLOW_CTX_TASK_ID=clean_meeting
AIRFLOW_CTX_EXECUTION_DATE=2024-03-11T04:33:59.355517+00:00
AIRFLOW_CTX_DAG_RUN_ID=manual__2024-03-11T04:33:59.355517+00:00
[2024-03-11 04:34:02,900] {logging_mixin.py:109} INFO - Output to /home/tnanun/***-meet/data/data_meet.csv yoyoyoyoyoyo
[2024-03-11 04:34:02,901] {python.py:151} INFO - Done. Returned value was: None
[2024-03-11 04:34:02,910] {taskinstance.py:1219} INFO - Marking task as SUCCESS. dag_id=meeting_project492, task_id=clean_meeting, execution_date=20240311T043359, start_date=20240311T043402, end_date=20240311T043402
[2024-03-11 04:34:02,952] {local_task_job.py:151} INFO - Task exited with return code 0
[2024-03-11 04:34:02,979] {local_task_job.py:261} INFO - 0 downstream tasks scheduled from follow-on schedule check
