[2023-12-03 10:00:01,363] {taskinstance.py:903} INFO - Dependencies all met for <TaskInstance: meeting.fetch_answers 2023-12-03T10:00:00.448350+00:00 [queued]>
[2023-12-03 10:00:01,382] {taskinstance.py:903} INFO - Dependencies all met for <TaskInstance: meeting.fetch_answers 2023-12-03T10:00:00.448350+00:00 [queued]>
[2023-12-03 10:00:01,382] {taskinstance.py:1095} INFO - 
--------------------------------------------------------------------------------
[2023-12-03 10:00:01,383] {taskinstance.py:1096} INFO - Starting attempt 1 of 1
[2023-12-03 10:00:01,383] {taskinstance.py:1097} INFO - 
--------------------------------------------------------------------------------
[2023-12-03 10:00:01,393] {taskinstance.py:1115} INFO - Executing <Task(PythonOperator): fetch_answers> on 2023-12-03T10:00:00.448350+00:00
[2023-12-03 10:00:01,397] {standard_task_runner.py:52} INFO - Started process 1107 to run task
[2023-12-03 10:00:01,399] {standard_task_runner.py:76} INFO - Running: ['***', 'tasks', 'run', 'meeting', 'fetch_answers', '2023-12-03T10:00:00.448350+00:00', '--job-id', '43', '--pool', 'default_pool', '--raw', '--subdir', 'DAGS_FOLDER/first_dag.py', '--cfg-path', '/tmp/tmp9w04icmv', '--error-file', '/tmp/tmp1zp3p_bt']
[2023-12-03 10:00:01,401] {standard_task_runner.py:77} INFO - Job 43: Subtask fetch_answers
[2023-12-03 10:00:01,439] {logging_mixin.py:109} INFO - Running <TaskInstance: meeting.fetch_answers 2023-12-03T10:00:00.448350+00:00 [running]> on host 2dc0f840af49
[2023-12-03 10:00:01,485] {taskinstance.py:1254} INFO - Exporting the following env vars:
AIRFLOW_CTX_DAG_OWNER=***
AIRFLOW_CTX_DAG_ID=meeting
AIRFLOW_CTX_TASK_ID=fetch_answers
AIRFLOW_CTX_EXECUTION_DATE=2023-12-03T10:00:00.448350+00:00
AIRFLOW_CTX_DAG_RUN_ID=manual__2023-12-03T10:00:00.448350+00:00
[2023-12-03 10:00:06,363] {logging_mixin.py:109} INFO - Output to /home/tnanun/***-meet/data/data_ans.csv yoyoyoyoyoyo
[2023-12-03 10:00:06,363] {python.py:151} INFO - Done. Returned value was: None
[2023-12-03 10:00:06,374] {taskinstance.py:1219} INFO - Marking task as SUCCESS. dag_id=meeting, task_id=fetch_answers, execution_date=20231203T100000, start_date=20231203T100001, end_date=20231203T100006
[2023-12-03 10:00:06,395] {local_task_job.py:151} INFO - Task exited with return code 0
[2023-12-03 10:00:06,423] {local_task_job.py:261} INFO - 1 downstream tasks scheduled from follow-on schedule check
