[2023-12-03 14:33:04,354] {taskinstance.py:903} INFO - Dependencies all met for <TaskInstance: meeting.clean_meeting 2023-12-03T14:32:56.624140+00:00 [queued]>
[2023-12-03 14:33:04,364] {taskinstance.py:903} INFO - Dependencies all met for <TaskInstance: meeting.clean_meeting 2023-12-03T14:32:56.624140+00:00 [queued]>
[2023-12-03 14:33:04,364] {taskinstance.py:1095} INFO - 
--------------------------------------------------------------------------------
[2023-12-03 14:33:04,364] {taskinstance.py:1096} INFO - Starting attempt 1 of 1
[2023-12-03 14:33:04,364] {taskinstance.py:1097} INFO - 
--------------------------------------------------------------------------------
[2023-12-03 14:33:04,378] {taskinstance.py:1115} INFO - Executing <Task(PythonOperator): clean_meeting> on 2023-12-03T14:32:56.624140+00:00
[2023-12-03 14:33:04,383] {standard_task_runner.py:52} INFO - Started process 3207 to run task
[2023-12-03 14:33:04,386] {standard_task_runner.py:76} INFO - Running: ['***', 'tasks', 'run', 'meeting', 'clean_meeting', '2023-12-03T14:32:56.624140+00:00', '--job-id', '65', '--pool', 'default_pool', '--raw', '--subdir', 'DAGS_FOLDER/first_dag.py', '--cfg-path', '/tmp/tmpop3_wgw_', '--error-file', '/tmp/tmpf8fyfo6h']
[2023-12-03 14:33:04,388] {standard_task_runner.py:77} INFO - Job 65: Subtask clean_meeting
[2023-12-03 14:33:04,425] {logging_mixin.py:109} INFO - Running <TaskInstance: meeting.clean_meeting 2023-12-03T14:32:56.624140+00:00 [running]> on host 9d53e6732d94
[2023-12-03 14:33:04,471] {taskinstance.py:1254} INFO - Exporting the following env vars:
AIRFLOW_CTX_DAG_OWNER=***
AIRFLOW_CTX_DAG_ID=meeting
AIRFLOW_CTX_TASK_ID=clean_meeting
AIRFLOW_CTX_EXECUTION_DATE=2023-12-03T14:32:56.624140+00:00
AIRFLOW_CTX_DAG_RUN_ID=manual__2023-12-03T14:32:56.624140+00:00
[2023-12-03 14:33:04,502] {logging_mixin.py:109} INFO - Output to /home/tnanun/***-meet/data/data_meet.csv yoyoyoyoyoyo
[2023-12-03 14:33:04,502] {python.py:151} INFO - Done. Returned value was: None
[2023-12-03 14:33:04,511] {taskinstance.py:1219} INFO - Marking task as SUCCESS. dag_id=meeting, task_id=clean_meeting, execution_date=20231203T143256, start_date=20231203T143304, end_date=20231203T143304
[2023-12-03 14:33:04,559] {local_task_job.py:151} INFO - Task exited with return code 0
[2023-12-03 14:33:04,581] {local_task_job.py:261} INFO - 0 downstream tasks scheduled from follow-on schedule check
