[2023-12-08 14:01:07,216] {taskinstance.py:903} INFO - Dependencies all met for <TaskInstance: meeting.clean_answers 2023-12-08T13:00:00+00:00 [queued]>
[2023-12-08 14:01:07,234] {taskinstance.py:903} INFO - Dependencies all met for <TaskInstance: meeting.clean_answers 2023-12-08T13:00:00+00:00 [queued]>
[2023-12-08 14:01:07,234] {taskinstance.py:1095} INFO - 
--------------------------------------------------------------------------------
[2023-12-08 14:01:07,234] {taskinstance.py:1096} INFO - Starting attempt 1 of 1
[2023-12-08 14:01:07,234] {taskinstance.py:1097} INFO - 
--------------------------------------------------------------------------------
[2023-12-08 14:01:07,243] {taskinstance.py:1115} INFO - Executing <Task(PythonOperator): clean_answers> on 2023-12-08T13:00:00+00:00
[2023-12-08 14:01:07,249] {standard_task_runner.py:52} INFO - Started process 481 to run task
[2023-12-08 14:01:07,252] {standard_task_runner.py:76} INFO - Running: ['***', 'tasks', 'run', 'meeting', 'clean_answers', '2023-12-08T13:00:00+00:00', '--job-id', '102', '--pool', 'default_pool', '--raw', '--subdir', 'DAGS_FOLDER/first_dag.py', '--cfg-path', '/tmp/tmpkw894iz5', '--error-file', '/tmp/tmp_pdthsey']
[2023-12-08 14:01:07,254] {standard_task_runner.py:77} INFO - Job 102: Subtask clean_answers
[2023-12-08 14:01:07,294] {logging_mixin.py:109} INFO - Running <TaskInstance: meeting.clean_answers 2023-12-08T13:00:00+00:00 [running]> on host b4ba454d0948
[2023-12-08 14:01:07,346] {taskinstance.py:1254} INFO - Exporting the following env vars:
AIRFLOW_CTX_DAG_OWNER=***
AIRFLOW_CTX_DAG_ID=meeting
AIRFLOW_CTX_TASK_ID=clean_answers
AIRFLOW_CTX_EXECUTION_DATE=2023-12-08T13:00:00+00:00
AIRFLOW_CTX_DAG_RUN_ID=scheduled__2023-12-08T13:00:00+00:00
[2023-12-08 14:01:07,386] {logging_mixin.py:109} INFO - Output to /home/tnanun/***-meet/data/data_ans.csv yoyoyoyoyoyo
[2023-12-08 14:01:07,386] {python.py:151} INFO - Done. Returned value was: None
[2023-12-08 14:01:07,396] {taskinstance.py:1219} INFO - Marking task as SUCCESS. dag_id=meeting, task_id=clean_answers, execution_date=20231208T130000, start_date=20231208T140107, end_date=20231208T140107
[2023-12-08 14:01:07,424] {local_task_job.py:151} INFO - Task exited with return code 0
[2023-12-08 14:01:07,449] {local_task_job.py:261} INFO - 1 downstream tasks scheduled from follow-on schedule check
