[2024-01-28 07:55:08,826] {taskinstance.py:903} INFO - Dependencies all met for <TaskInstance: meeting.fetch_answers 2024-01-28T07:55:07.924342+00:00 [queued]>
[2024-01-28 07:55:08,842] {taskinstance.py:903} INFO - Dependencies all met for <TaskInstance: meeting.fetch_answers 2024-01-28T07:55:07.924342+00:00 [queued]>
[2024-01-28 07:55:08,842] {taskinstance.py:1095} INFO - 
--------------------------------------------------------------------------------
[2024-01-28 07:55:08,842] {taskinstance.py:1096} INFO - Starting attempt 1 of 1
[2024-01-28 07:55:08,842] {taskinstance.py:1097} INFO - 
--------------------------------------------------------------------------------
[2024-01-28 07:55:08,851] {taskinstance.py:1115} INFO - Executing <Task(PythonOperator): fetch_answers> on 2024-01-28T07:55:07.924342+00:00
[2024-01-28 07:55:08,856] {standard_task_runner.py:52} INFO - Started process 1825 to run task
[2024-01-28 07:55:08,858] {standard_task_runner.py:76} INFO - Running: ['***', 'tasks', 'run', 'meeting', 'fetch_answers', '2024-01-28T07:55:07.924342+00:00', '--job-id', '154', '--pool', 'default_pool', '--raw', '--subdir', 'DAGS_FOLDER/first_dag.py', '--cfg-path', '/tmp/tmpb1j58xkn', '--error-file', '/tmp/tmpp78lk9y6']
[2024-01-28 07:55:08,860] {standard_task_runner.py:77} INFO - Job 154: Subtask fetch_answers
[2024-01-28 07:55:08,895] {logging_mixin.py:109} INFO - Running <TaskInstance: meeting.fetch_answers 2024-01-28T07:55:07.924342+00:00 [running]> on host b3b11241a43d
[2024-01-28 07:55:08,944] {taskinstance.py:1254} INFO - Exporting the following env vars:
AIRFLOW_CTX_DAG_OWNER=***
AIRFLOW_CTX_DAG_ID=meeting
AIRFLOW_CTX_TASK_ID=fetch_answers
AIRFLOW_CTX_EXECUTION_DATE=2024-01-28T07:55:07.924342+00:00
AIRFLOW_CTX_DAG_RUN_ID=manual__2024-01-28T07:55:07.924342+00:00
[2024-01-28 07:55:11,057] {logging_mixin.py:109} INFO - Output to /home/tnanun/***-meet/data/data_ans.csv yoyoyoyoyoyo
[2024-01-28 07:55:11,058] {python.py:151} INFO - Done. Returned value was: None
[2024-01-28 07:55:11,066] {taskinstance.py:1219} INFO - Marking task as SUCCESS. dag_id=meeting, task_id=fetch_answers, execution_date=20240128T075507, start_date=20240128T075508, end_date=20240128T075511
[2024-01-28 07:55:11,121] {local_task_job.py:151} INFO - Task exited with return code 0
[2024-01-28 07:55:11,146] {local_task_job.py:261} INFO - 1 downstream tasks scheduled from follow-on schedule check
