[2024-03-10 16:16:02,494] {taskinstance.py:903} INFO - Dependencies all met for <TaskInstance: meeting_project492.clean_meeting 2024-03-10T15:00:00+00:00 [queued]>
[2024-03-10 16:16:02,515] {taskinstance.py:903} INFO - Dependencies all met for <TaskInstance: meeting_project492.clean_meeting 2024-03-10T15:00:00+00:00 [queued]>
[2024-03-10 16:16:02,515] {taskinstance.py:1095} INFO - 
--------------------------------------------------------------------------------
[2024-03-10 16:16:02,516] {taskinstance.py:1096} INFO - Starting attempt 1 of 1
[2024-03-10 16:16:02,516] {taskinstance.py:1097} INFO - 
--------------------------------------------------------------------------------
[2024-03-10 16:16:02,544] {taskinstance.py:1115} INFO - Executing <Task(PythonOperator): clean_meeting> on 2024-03-10T15:00:00+00:00
[2024-03-10 16:16:02,554] {standard_task_runner.py:52} INFO - Started process 591 to run task
[2024-03-10 16:16:02,559] {standard_task_runner.py:76} INFO - Running: ['***', 'tasks', 'run', 'meeting_project492', 'clean_meeting', '2024-03-10T15:00:00+00:00', '--job-id', '404', '--pool', 'default_pool', '--raw', '--subdir', 'DAGS_FOLDER/first_dag.py', '--cfg-path', '/tmp/tmpk_qs8hgc', '--error-file', '/tmp/tmphbd6vkz4']
[2024-03-10 16:16:02,565] {standard_task_runner.py:77} INFO - Job 404: Subtask clean_meeting
[2024-03-10 16:16:02,631] {logging_mixin.py:109} INFO - Running <TaskInstance: meeting_project492.clean_meeting 2024-03-10T15:00:00+00:00 [running]> on host 6053b7d19b63
[2024-03-10 16:16:02,732] {taskinstance.py:1254} INFO - Exporting the following env vars:
AIRFLOW_CTX_DAG_OWNER=***
AIRFLOW_CTX_DAG_ID=meeting_project492
AIRFLOW_CTX_TASK_ID=clean_meeting
AIRFLOW_CTX_EXECUTION_DATE=2024-03-10T15:00:00+00:00
AIRFLOW_CTX_DAG_RUN_ID=scheduled__2024-03-10T15:00:00+00:00
[2024-03-10 16:16:02,812] {logging_mixin.py:109} INFO - Output to /home/tnanun/***-meet/data/data_meet.csv yoyoyoyoyoyo
[2024-03-10 16:16:02,812] {python.py:151} INFO - Done. Returned value was: None
[2024-03-10 16:16:02,828] {taskinstance.py:1219} INFO - Marking task as SUCCESS. dag_id=meeting_project492, task_id=clean_meeting, execution_date=20240310T150000, start_date=20240310T161602, end_date=20240310T161602
[2024-03-10 16:16:02,893] {local_task_job.py:151} INFO - Task exited with return code 0
[2024-03-10 16:16:02,931] {local_task_job.py:261} INFO - 0 downstream tasks scheduled from follow-on schedule check
