[2024-03-11 02:30:47,850] {taskinstance.py:903} INFO - Dependencies all met for <TaskInstance: meeting_project492.clean_answers 2024-03-11T02:30:43.192787+00:00 [queued]>
[2024-03-11 02:30:47,865] {taskinstance.py:903} INFO - Dependencies all met for <TaskInstance: meeting_project492.clean_answers 2024-03-11T02:30:43.192787+00:00 [queued]>
[2024-03-11 02:30:47,865] {taskinstance.py:1095} INFO - 
--------------------------------------------------------------------------------
[2024-03-11 02:30:47,865] {taskinstance.py:1096} INFO - Starting attempt 1 of 1
[2024-03-11 02:30:47,865] {taskinstance.py:1097} INFO - 
--------------------------------------------------------------------------------
[2024-03-11 02:30:47,875] {taskinstance.py:1115} INFO - Executing <Task(PythonOperator): clean_answers> on 2024-03-11T02:30:43.192787+00:00
[2024-03-11 02:30:47,880] {standard_task_runner.py:52} INFO - Started process 9629 to run task
[2024-03-11 02:30:47,883] {standard_task_runner.py:76} INFO - Running: ['***', 'tasks', 'run', 'meeting_project492', 'clean_answers', '2024-03-11T02:30:43.192787+00:00', '--job-id', '484', '--pool', 'default_pool', '--raw', '--subdir', 'DAGS_FOLDER/first_dag.py', '--cfg-path', '/tmp/tmpg8nqlxtt', '--error-file', '/tmp/tmp00_ki1p6']
[2024-03-11 02:30:47,886] {standard_task_runner.py:77} INFO - Job 484: Subtask clean_answers
[2024-03-11 02:30:47,927] {logging_mixin.py:109} INFO - Running <TaskInstance: meeting_project492.clean_answers 2024-03-11T02:30:43.192787+00:00 [running]> on host fe457b6d1f83
[2024-03-11 02:30:47,986] {taskinstance.py:1254} INFO - Exporting the following env vars:
AIRFLOW_CTX_DAG_OWNER=***
AIRFLOW_CTX_DAG_ID=meeting_project492
AIRFLOW_CTX_TASK_ID=clean_answers
AIRFLOW_CTX_EXECUTION_DATE=2024-03-11T02:30:43.192787+00:00
AIRFLOW_CTX_DAG_RUN_ID=manual__2024-03-11T02:30:43.192787+00:00
[2024-03-11 02:30:48,026] {logging_mixin.py:109} INFO - Output to /home/tnanun/***-meet/data/data_ans.csv yoyoyoyoyoyo
[2024-03-11 02:30:48,026] {python.py:151} INFO - Done. Returned value was: None
[2024-03-11 02:30:48,036] {taskinstance.py:1219} INFO - Marking task as SUCCESS. dag_id=meeting_project492, task_id=clean_answers, execution_date=20240311T023043, start_date=20240311T023047, end_date=20240311T023048
[2024-03-11 02:30:48,055] {local_task_job.py:151} INFO - Task exited with return code 0
[2024-03-11 02:30:48,099] {local_task_job.py:261} INFO - 0 downstream tasks scheduled from follow-on schedule check
