[2024-03-11 02:42:18,158] {taskinstance.py:903} INFO - Dependencies all met for <TaskInstance: meeting_project492.clean_comment 2024-03-11T02:42:13.795950+00:00 [queued]>
[2024-03-11 02:42:18,180] {taskinstance.py:903} INFO - Dependencies all met for <TaskInstance: meeting_project492.clean_comment 2024-03-11T02:42:13.795950+00:00 [queued]>
[2024-03-11 02:42:18,180] {taskinstance.py:1095} INFO - 
--------------------------------------------------------------------------------
[2024-03-11 02:42:18,180] {taskinstance.py:1096} INFO - Starting attempt 1 of 1
[2024-03-11 02:42:18,180] {taskinstance.py:1097} INFO - 
--------------------------------------------------------------------------------
[2024-03-11 02:42:18,192] {taskinstance.py:1115} INFO - Executing <Task(PythonOperator): clean_comment> on 2024-03-11T02:42:13.795950+00:00
[2024-03-11 02:42:18,198] {standard_task_runner.py:52} INFO - Started process 14414 to run task
[2024-03-11 02:42:18,201] {standard_task_runner.py:76} INFO - Running: ['***', 'tasks', 'run', 'meeting_project492', 'clean_comment', '2024-03-11T02:42:13.795950+00:00', '--job-id', '495', '--pool', 'default_pool', '--raw', '--subdir', 'DAGS_FOLDER/first_dag.py', '--cfg-path', '/tmp/tmphrbqo7po', '--error-file', '/tmp/tmpjsvwpxb8']
[2024-03-11 02:42:18,204] {standard_task_runner.py:77} INFO - Job 495: Subtask clean_comment
[2024-03-11 02:42:18,245] {logging_mixin.py:109} INFO - Running <TaskInstance: meeting_project492.clean_comment 2024-03-11T02:42:13.795950+00:00 [running]> on host fe457b6d1f83
[2024-03-11 02:42:18,296] {taskinstance.py:1254} INFO - Exporting the following env vars:
AIRFLOW_CTX_DAG_OWNER=***
AIRFLOW_CTX_DAG_ID=meeting_project492
AIRFLOW_CTX_TASK_ID=clean_comment
AIRFLOW_CTX_EXECUTION_DATE=2024-03-11T02:42:13.795950+00:00
AIRFLOW_CTX_DAG_RUN_ID=manual__2024-03-11T02:42:13.795950+00:00
[2024-03-11 02:42:18,311] {logging_mixin.py:109} INFO - Output to /home/tnanun/***-meet/data/data_com.csv yoyoyoyoyoyo
[2024-03-11 02:42:18,311] {python.py:151} INFO - Done. Returned value was: None
[2024-03-11 02:42:18,321] {taskinstance.py:1219} INFO - Marking task as SUCCESS. dag_id=meeting_project492, task_id=clean_comment, execution_date=20240311T024213, start_date=20240311T024218, end_date=20240311T024218
[2024-03-11 02:42:18,373] {local_task_job.py:151} INFO - Task exited with return code 0
[2024-03-11 02:42:18,427] {local_task_job.py:261} INFO - 0 downstream tasks scheduled from follow-on schedule check
