[2024-03-09 03:03:30,030] {taskinstance.py:903} INFO - Dependencies all met for <TaskInstance: meeting_project492.fetch_comment 2024-03-09T03:03:28.987377+00:00 [queued]>
[2024-03-09 03:03:30,042] {taskinstance.py:903} INFO - Dependencies all met for <TaskInstance: meeting_project492.fetch_comment 2024-03-09T03:03:28.987377+00:00 [queued]>
[2024-03-09 03:03:30,042] {taskinstance.py:1095} INFO - 
--------------------------------------------------------------------------------
[2024-03-09 03:03:30,042] {taskinstance.py:1096} INFO - Starting attempt 1 of 1
[2024-03-09 03:03:30,042] {taskinstance.py:1097} INFO - 
--------------------------------------------------------------------------------
[2024-03-09 03:03:30,055] {taskinstance.py:1115} INFO - Executing <Task(PythonOperator): fetch_comment> on 2024-03-09T03:03:28.987377+00:00
[2024-03-09 03:03:30,059] {standard_task_runner.py:52} INFO - Started process 3647 to run task
[2024-03-09 03:03:30,062] {standard_task_runner.py:76} INFO - Running: ['***', 'tasks', 'run', 'meeting_project492', 'fetch_comment', '2024-03-09T03:03:28.987377+00:00', '--job-id', '368', '--pool', 'default_pool', '--raw', '--subdir', 'DAGS_FOLDER/first_dag.py', '--cfg-path', '/tmp/tmpfb8scznb', '--error-file', '/tmp/tmpda7m4k_a']
[2024-03-09 03:03:30,066] {standard_task_runner.py:77} INFO - Job 368: Subtask fetch_comment
[2024-03-09 03:03:30,107] {logging_mixin.py:109} INFO - Running <TaskInstance: meeting_project492.fetch_comment 2024-03-09T03:03:28.987377+00:00 [running]> on host 62b9685fb4d1
[2024-03-09 03:03:30,163] {taskinstance.py:1254} INFO - Exporting the following env vars:
AIRFLOW_CTX_DAG_OWNER=***
AIRFLOW_CTX_DAG_ID=meeting_project492
AIRFLOW_CTX_TASK_ID=fetch_comment
AIRFLOW_CTX_EXECUTION_DATE=2024-03-09T03:03:28.987377+00:00
AIRFLOW_CTX_DAG_RUN_ID=manual__2024-03-09T03:03:28.987377+00:00
[2024-03-09 03:03:32,513] {logging_mixin.py:109} INFO - Output to /home/tnanun/***-meet/data/data_com.csv yoyoyoyoyoyo
[2024-03-09 03:03:32,513] {python.py:151} INFO - Done. Returned value was: None
[2024-03-09 03:03:32,522] {taskinstance.py:1219} INFO - Marking task as SUCCESS. dag_id=meeting_project492, task_id=fetch_comment, execution_date=20240309T030328, start_date=20240309T030330, end_date=20240309T030332
[2024-03-09 03:03:32,565] {local_task_job.py:151} INFO - Task exited with return code 0
[2024-03-09 03:03:32,589] {local_task_job.py:261} INFO - 1 downstream tasks scheduled from follow-on schedule check
