[2024-03-10 16:19:13,917] {taskinstance.py:903} INFO - Dependencies all met for <TaskInstance: meeting_project492.clean_answers 2024-03-10T16:19:08.089573+00:00 [queued]>
[2024-03-10 16:19:13,930] {taskinstance.py:903} INFO - Dependencies all met for <TaskInstance: meeting_project492.clean_answers 2024-03-10T16:19:08.089573+00:00 [queued]>
[2024-03-10 16:19:13,930] {taskinstance.py:1095} INFO - 
--------------------------------------------------------------------------------
[2024-03-10 16:19:13,931] {taskinstance.py:1096} INFO - Starting attempt 1 of 1
[2024-03-10 16:19:13,931] {taskinstance.py:1097} INFO - 
--------------------------------------------------------------------------------
[2024-03-10 16:19:13,946] {taskinstance.py:1115} INFO - Executing <Task(PythonOperator): clean_answers> on 2024-03-10T16:19:08.089573+00:00
[2024-03-10 16:19:13,951] {standard_task_runner.py:52} INFO - Started process 2033 to run task
[2024-03-10 16:19:13,953] {standard_task_runner.py:76} INFO - Running: ['***', 'tasks', 'run', 'meeting_project492', 'clean_answers', '2024-03-10T16:19:08.089573+00:00', '--job-id', '415', '--pool', 'default_pool', '--raw', '--subdir', 'DAGS_FOLDER/first_dag.py', '--cfg-path', '/tmp/tmp_6v01gxr', '--error-file', '/tmp/tmp_tg6y24y']
[2024-03-10 16:19:13,956] {standard_task_runner.py:77} INFO - Job 415: Subtask clean_answers
[2024-03-10 16:19:13,993] {logging_mixin.py:109} INFO - Running <TaskInstance: meeting_project492.clean_answers 2024-03-10T16:19:08.089573+00:00 [running]> on host 6053b7d19b63
[2024-03-10 16:19:14,042] {taskinstance.py:1254} INFO - Exporting the following env vars:
AIRFLOW_CTX_DAG_OWNER=***
AIRFLOW_CTX_DAG_ID=meeting_project492
AIRFLOW_CTX_TASK_ID=clean_answers
AIRFLOW_CTX_EXECUTION_DATE=2024-03-10T16:19:08.089573+00:00
AIRFLOW_CTX_DAG_RUN_ID=manual__2024-03-10T16:19:08.089573+00:00
[2024-03-10 16:19:14,071] {logging_mixin.py:109} INFO - Output to /home/tnanun/***-meet/data/data_ans.csv yoyoyoyoyoyo
[2024-03-10 16:19:14,071] {python.py:151} INFO - Done. Returned value was: None
[2024-03-10 16:19:14,081] {taskinstance.py:1219} INFO - Marking task as SUCCESS. dag_id=meeting_project492, task_id=clean_answers, execution_date=20240310T161908, start_date=20240310T161913, end_date=20240310T161914
[2024-03-10 16:19:14,126] {local_task_job.py:151} INFO - Task exited with return code 0
[2024-03-10 16:19:14,149] {local_task_job.py:261} INFO - 0 downstream tasks scheduled from follow-on schedule check
