[2024-03-11 04:29:08,263] {taskinstance.py:903} INFO - Dependencies all met for <TaskInstance: meeting_project492.merge_data 2024-03-11T04:29:02.470307+00:00 [queued]>
[2024-03-11 04:29:08,278] {taskinstance.py:903} INFO - Dependencies all met for <TaskInstance: meeting_project492.merge_data 2024-03-11T04:29:02.470307+00:00 [queued]>
[2024-03-11 04:29:08,278] {taskinstance.py:1095} INFO - 
--------------------------------------------------------------------------------
[2024-03-11 04:29:08,278] {taskinstance.py:1096} INFO - Starting attempt 1 of 1
[2024-03-11 04:29:08,278] {taskinstance.py:1097} INFO - 
--------------------------------------------------------------------------------
[2024-03-11 04:29:08,299] {taskinstance.py:1115} INFO - Executing <Task(PythonOperator): merge_data> on 2024-03-11T04:29:02.470307+00:00
[2024-03-11 04:29:08,306] {standard_task_runner.py:52} INFO - Started process 2359 to run task
[2024-03-11 04:29:08,311] {standard_task_runner.py:76} INFO - Running: ['***', 'tasks', 'run', 'meeting_project492', 'merge_data', '2024-03-11T04:29:02.470307+00:00', '--job-id', '609', '--pool', 'default_pool', '--raw', '--subdir', 'DAGS_FOLDER/first_dag.py', '--cfg-path', '/tmp/tmpsb_c13gs', '--error-file', '/tmp/tmpc_svg9ty']
[2024-03-11 04:29:08,316] {standard_task_runner.py:77} INFO - Job 609: Subtask merge_data
[2024-03-11 04:29:08,377] {logging_mixin.py:109} INFO - Running <TaskInstance: meeting_project492.merge_data 2024-03-11T04:29:02.470307+00:00 [running]> on host 5fe9ddfe21b9
[2024-03-11 04:29:08,449] {taskinstance.py:1254} INFO - Exporting the following env vars:
AIRFLOW_CTX_DAG_OWNER=***
AIRFLOW_CTX_DAG_ID=meeting_project492
AIRFLOW_CTX_TASK_ID=merge_data
AIRFLOW_CTX_EXECUTION_DATE=2024-03-11T04:29:02.470307+00:00
AIRFLOW_CTX_DAG_RUN_ID=manual__2024-03-11T04:29:02.470307+00:00
[2024-03-11 04:29:08,512] {python.py:151} INFO - Done. Returned value was: None
[2024-03-11 04:29:08,522] {taskinstance.py:1219} INFO - Marking task as SUCCESS. dag_id=meeting_project492, task_id=merge_data, execution_date=20240311T042902, start_date=20240311T042908, end_date=20240311T042908
[2024-03-11 04:29:08,564] {local_task_job.py:151} INFO - Task exited with return code 0
[2024-03-11 04:29:08,589] {local_task_job.py:261} INFO - 0 downstream tasks scheduled from follow-on schedule check
