[2024-03-11 02:09:04,077] {taskinstance.py:903} INFO - Dependencies all met for <TaskInstance: meeting_project492.clean_answers 2024-03-10T17:00:00+00:00 [queued]>
[2024-03-11 02:09:04,098] {taskinstance.py:903} INFO - Dependencies all met for <TaskInstance: meeting_project492.clean_answers 2024-03-10T17:00:00+00:00 [queued]>
[2024-03-11 02:09:04,098] {taskinstance.py:1095} INFO - 
--------------------------------------------------------------------------------
[2024-03-11 02:09:04,098] {taskinstance.py:1096} INFO - Starting attempt 1 of 1
[2024-03-11 02:09:04,098] {taskinstance.py:1097} INFO - 
--------------------------------------------------------------------------------
[2024-03-11 02:09:04,111] {taskinstance.py:1115} INFO - Executing <Task(PythonOperator): clean_answers> on 2024-03-10T17:00:00+00:00
[2024-03-11 02:09:04,118] {standard_task_runner.py:52} INFO - Started process 632 to run task
[2024-03-11 02:09:04,121] {standard_task_runner.py:76} INFO - Running: ['***', 'tasks', 'run', 'meeting_project492', 'clean_answers', '2024-03-10T17:00:00+00:00', '--job-id', '450', '--pool', 'default_pool', '--raw', '--subdir', 'DAGS_FOLDER/first_dag.py', '--cfg-path', '/tmp/tmp_lktfcuy', '--error-file', '/tmp/tmp61vh0uxg']
[2024-03-11 02:09:04,124] {standard_task_runner.py:77} INFO - Job 450: Subtask clean_answers
[2024-03-11 02:09:04,179] {logging_mixin.py:109} INFO - Running <TaskInstance: meeting_project492.clean_answers 2024-03-10T17:00:00+00:00 [running]> on host fe457b6d1f83
[2024-03-11 02:09:04,248] {taskinstance.py:1254} INFO - Exporting the following env vars:
AIRFLOW_CTX_DAG_OWNER=***
AIRFLOW_CTX_DAG_ID=meeting_project492
AIRFLOW_CTX_TASK_ID=clean_answers
AIRFLOW_CTX_EXECUTION_DATE=2024-03-10T17:00:00+00:00
AIRFLOW_CTX_DAG_RUN_ID=scheduled__2024-03-10T17:00:00+00:00
[2024-03-11 02:09:04,315] {logging_mixin.py:109} INFO - Output to /home/tnanun/***-meet/data/data_ans.csv yoyoyoyoyoyo
[2024-03-11 02:09:04,316] {python.py:151} INFO - Done. Returned value was: None
[2024-03-11 02:09:04,335] {taskinstance.py:1219} INFO - Marking task as SUCCESS. dag_id=meeting_project492, task_id=clean_answers, execution_date=20240310T170000, start_date=20240311T020904, end_date=20240311T020904
[2024-03-11 02:09:04,373] {local_task_job.py:151} INFO - Task exited with return code 0
[2024-03-11 02:09:04,408] {local_task_job.py:261} INFO - 0 downstream tasks scheduled from follow-on schedule check
