[2024-03-11 05:44:32,330] {taskinstance.py:903} INFO - Dependencies all met for <TaskInstance: meeting_project492.clean_meeting 2024-03-11T05:44:27.509782+00:00 [queued]>
[2024-03-11 05:44:32,342] {taskinstance.py:903} INFO - Dependencies all met for <TaskInstance: meeting_project492.clean_meeting 2024-03-11T05:44:27.509782+00:00 [queued]>
[2024-03-11 05:44:32,342] {taskinstance.py:1095} INFO - 
--------------------------------------------------------------------------------
[2024-03-11 05:44:32,342] {taskinstance.py:1096} INFO - Starting attempt 1 of 1
[2024-03-11 05:44:32,342] {taskinstance.py:1097} INFO - 
--------------------------------------------------------------------------------
[2024-03-11 05:44:32,357] {taskinstance.py:1115} INFO - Executing <Task(PythonOperator): clean_meeting> on 2024-03-11T05:44:27.509782+00:00
[2024-03-11 05:44:32,361] {standard_task_runner.py:52} INFO - Started process 883 to run task
[2024-03-11 05:44:32,365] {standard_task_runner.py:76} INFO - Running: ['***', 'tasks', 'run', 'meeting_project492', 'clean_meeting', '2024-03-11T05:44:27.509782+00:00', '--job-id', '686', '--pool', 'default_pool', '--raw', '--subdir', 'DAGS_FOLDER/first_dag.py', '--cfg-path', '/tmp/tmp7yjfnhra', '--error-file', '/tmp/tmpdah_eu8m']
[2024-03-11 05:44:32,368] {standard_task_runner.py:77} INFO - Job 686: Subtask clean_meeting
[2024-03-11 05:44:32,409] {logging_mixin.py:109} INFO - Running <TaskInstance: meeting_project492.clean_meeting 2024-03-11T05:44:27.509782+00:00 [running]> on host 1c0f3566e916
[2024-03-11 05:44:32,465] {taskinstance.py:1254} INFO - Exporting the following env vars:
AIRFLOW_CTX_DAG_OWNER=***
AIRFLOW_CTX_DAG_ID=meeting_project492
AIRFLOW_CTX_TASK_ID=clean_meeting
AIRFLOW_CTX_EXECUTION_DATE=2024-03-11T05:44:27.509782+00:00
AIRFLOW_CTX_DAG_RUN_ID=manual__2024-03-11T05:44:27.509782+00:00
[2024-03-11 05:44:32,536] {logging_mixin.py:109} INFO - Output to /home/tnanun/***-meet/data/data_meet.csv yoyoyoyoyoyo
[2024-03-11 05:44:32,536] {python.py:151} INFO - Done. Returned value was: None
[2024-03-11 05:44:32,548] {taskinstance.py:1219} INFO - Marking task as SUCCESS. dag_id=meeting_project492, task_id=clean_meeting, execution_date=20240311T054427, start_date=20240311T054432, end_date=20240311T054432
[2024-03-11 05:44:32,577] {local_task_job.py:151} INFO - Task exited with return code 0
[2024-03-11 05:44:32,598] {local_task_job.py:261} INFO - 0 downstream tasks scheduled from follow-on schedule check
