[2024-03-05 10:12:41,482] {taskinstance.py:903} INFO - Dependencies all met for <TaskInstance: meeting_project.fetch_answers 2024-03-05T09:00:00+00:00 [queued]>
[2024-03-05 10:12:41,525] {taskinstance.py:903} INFO - Dependencies all met for <TaskInstance: meeting_project.fetch_answers 2024-03-05T09:00:00+00:00 [queued]>
[2024-03-05 10:12:41,526] {taskinstance.py:1095} INFO - 
--------------------------------------------------------------------------------
[2024-03-05 10:12:41,526] {taskinstance.py:1096} INFO - Starting attempt 1 of 1
[2024-03-05 10:12:41,527] {taskinstance.py:1097} INFO - 
--------------------------------------------------------------------------------
[2024-03-05 10:12:41,580] {taskinstance.py:1115} INFO - Executing <Task(PythonOperator): fetch_answers> on 2024-03-05T09:00:00+00:00
[2024-03-05 10:12:41,605] {standard_task_runner.py:52} INFO - Started process 1362 to run task
[2024-03-05 10:12:41,629] {standard_task_runner.py:76} INFO - Running: ['***', 'tasks', 'run', 'meeting_project', 'fetch_answers', '2024-03-05T09:00:00+00:00', '--job-id', '250', '--pool', 'default_pool', '--raw', '--subdir', 'DAGS_FOLDER/first_dag.py', '--cfg-path', '/tmp/tmp9avvo0gm', '--error-file', '/tmp/tmpd1bm29y_']
[2024-03-05 10:12:41,643] {standard_task_runner.py:77} INFO - Job 250: Subtask fetch_answers
[2024-03-05 10:12:41,779] {logging_mixin.py:109} INFO - Running <TaskInstance: meeting_project.fetch_answers 2024-03-05T09:00:00+00:00 [running]> on host 4622d7b8f726
[2024-03-05 10:12:41,872] {taskinstance.py:1254} INFO - Exporting the following env vars:
AIRFLOW_CTX_DAG_OWNER=***
AIRFLOW_CTX_DAG_ID=meeting_project
AIRFLOW_CTX_TASK_ID=fetch_answers
AIRFLOW_CTX_EXECUTION_DATE=2024-03-05T09:00:00+00:00
AIRFLOW_CTX_DAG_RUN_ID=scheduled__2024-03-05T09:00:00+00:00
[2024-03-05 10:12:42,923] {logging_mixin.py:109} INFO - Output to /home/tnanun/***-meet/data/data_ans.csv yoyoyoyoyoyo
[2024-03-05 10:12:42,923] {python.py:151} INFO - Done. Returned value was: None
[2024-03-05 10:12:42,938] {taskinstance.py:1219} INFO - Marking task as SUCCESS. dag_id=meeting_project, task_id=fetch_answers, execution_date=20240305T090000, start_date=20240305T101241, end_date=20240305T101242
[2024-03-05 10:12:42,998] {local_task_job.py:151} INFO - Task exited with return code 0
[2024-03-05 10:12:43,060] {local_task_job.py:261} INFO - 0 downstream tasks scheduled from follow-on schedule check
