[2023-12-03 14:41:35,936] {taskinstance.py:903} INFO - Dependencies all met for <TaskInstance: meeting.clean_answers 2023-12-03T14:41:32.169835+00:00 [queued]>
[2023-12-03 14:41:35,947] {taskinstance.py:903} INFO - Dependencies all met for <TaskInstance: meeting.clean_answers 2023-12-03T14:41:32.169835+00:00 [queued]>
[2023-12-03 14:41:35,948] {taskinstance.py:1095} INFO - 
--------------------------------------------------------------------------------
[2023-12-03 14:41:35,948] {taskinstance.py:1096} INFO - Starting attempt 1 of 1
[2023-12-03 14:41:35,948] {taskinstance.py:1097} INFO - 
--------------------------------------------------------------------------------
[2023-12-03 14:41:35,961] {taskinstance.py:1115} INFO - Executing <Task(PythonOperator): clean_answers> on 2023-12-03T14:41:32.169835+00:00
[2023-12-03 14:41:35,965] {standard_task_runner.py:52} INFO - Started process 7212 to run task
[2023-12-03 14:41:35,967] {standard_task_runner.py:76} INFO - Running: ['***', 'tasks', 'run', 'meeting', 'clean_answers', '2023-12-03T14:41:32.169835+00:00', '--job-id', '74', '--pool', 'default_pool', '--raw', '--subdir', 'DAGS_FOLDER/first_dag.py', '--cfg-path', '/tmp/tmpeqgeda3f', '--error-file', '/tmp/tmp5wdblk7l']
[2023-12-03 14:41:35,969] {standard_task_runner.py:77} INFO - Job 74: Subtask clean_answers
[2023-12-03 14:41:36,005] {logging_mixin.py:109} INFO - Running <TaskInstance: meeting.clean_answers 2023-12-03T14:41:32.169835+00:00 [running]> on host 9d53e6732d94
[2023-12-03 14:41:36,051] {taskinstance.py:1254} INFO - Exporting the following env vars:
AIRFLOW_CTX_DAG_OWNER=***
AIRFLOW_CTX_DAG_ID=meeting
AIRFLOW_CTX_TASK_ID=clean_answers
AIRFLOW_CTX_EXECUTION_DATE=2023-12-03T14:41:32.169835+00:00
AIRFLOW_CTX_DAG_RUN_ID=manual__2023-12-03T14:41:32.169835+00:00
[2023-12-03 14:41:36,081] {logging_mixin.py:109} INFO - Output to /home/tnanun/***-meet/data/data_ans.csv yoyoyoyoyoyo
[2023-12-03 14:41:36,081] {python.py:151} INFO - Done. Returned value was: None
[2023-12-03 14:41:36,091] {taskinstance.py:1219} INFO - Marking task as SUCCESS. dag_id=meeting, task_id=clean_answers, execution_date=20231203T144132, start_date=20231203T144135, end_date=20231203T144136
[2023-12-03 14:41:36,139] {local_task_job.py:151} INFO - Task exited with return code 0
[2023-12-03 14:41:36,170] {local_task_job.py:261} INFO - 0 downstream tasks scheduled from follow-on schedule check
