[2023-12-03 14:27:29,085] {taskinstance.py:903} INFO - Dependencies all met for <TaskInstance: meeting.fetch_meeting 2023-12-03T14:27:28.080287+00:00 [queued]>
[2023-12-03 14:27:29,096] {taskinstance.py:903} INFO - Dependencies all met for <TaskInstance: meeting.fetch_meeting 2023-12-03T14:27:28.080287+00:00 [queued]>
[2023-12-03 14:27:29,097] {taskinstance.py:1095} INFO - 
--------------------------------------------------------------------------------
[2023-12-03 14:27:29,097] {taskinstance.py:1096} INFO - Starting attempt 1 of 1
[2023-12-03 14:27:29,097] {taskinstance.py:1097} INFO - 
--------------------------------------------------------------------------------
[2023-12-03 14:27:29,110] {taskinstance.py:1115} INFO - Executing <Task(PythonOperator): fetch_meeting> on 2023-12-03T14:27:28.080287+00:00
[2023-12-03 14:27:29,113] {standard_task_runner.py:52} INFO - Started process 652 to run task
[2023-12-03 14:27:29,116] {standard_task_runner.py:76} INFO - Running: ['***', 'tasks', 'run', 'meeting', 'fetch_meeting', '2023-12-03T14:27:28.080287+00:00', '--job-id', '52', '--pool', 'default_pool', '--raw', '--subdir', 'DAGS_FOLDER/first_dag.py', '--cfg-path', '/tmp/tmpewp_ofhx', '--error-file', '/tmp/tmpnv4ruwly']
[2023-12-03 14:27:29,120] {standard_task_runner.py:77} INFO - Job 52: Subtask fetch_meeting
[2023-12-03 14:27:29,176] {logging_mixin.py:109} INFO - Running <TaskInstance: meeting.fetch_meeting 2023-12-03T14:27:28.080287+00:00 [running]> on host 9d53e6732d94
[2023-12-03 14:27:29,229] {taskinstance.py:1254} INFO - Exporting the following env vars:
AIRFLOW_CTX_DAG_OWNER=***
AIRFLOW_CTX_DAG_ID=meeting
AIRFLOW_CTX_TASK_ID=fetch_meeting
AIRFLOW_CTX_EXECUTION_DATE=2023-12-03T14:27:28.080287+00:00
AIRFLOW_CTX_DAG_RUN_ID=manual__2023-12-03T14:27:28.080287+00:00
[2023-12-03 14:27:30,892] {logging_mixin.py:109} INFO - Output to /home/tnanun/***-meet/data/data_meet.csv yoyoyoyoyoyo
[2023-12-03 14:27:30,892] {python.py:151} INFO - Done. Returned value was: None
[2023-12-03 14:27:30,901] {taskinstance.py:1219} INFO - Marking task as SUCCESS. dag_id=meeting, task_id=fetch_meeting, execution_date=20231203T142728, start_date=20231203T142729, end_date=20231203T142730
[2023-12-03 14:27:30,936] {local_task_job.py:151} INFO - Task exited with return code 0
[2023-12-03 14:27:30,962] {local_task_job.py:261} INFO - 1 downstream tasks scheduled from follow-on schedule check
