[2024-03-11 04:27:01,315] {taskinstance.py:903} INFO - Dependencies all met for <TaskInstance: meeting_project492.fetch_answers 2024-03-11T04:26:59.718737+00:00 [queued]>
[2024-03-11 04:27:01,328] {taskinstance.py:903} INFO - Dependencies all met for <TaskInstance: meeting_project492.fetch_answers 2024-03-11T04:26:59.718737+00:00 [queued]>
[2024-03-11 04:27:01,329] {taskinstance.py:1095} INFO - 
--------------------------------------------------------------------------------
[2024-03-11 04:27:01,329] {taskinstance.py:1096} INFO - Starting attempt 1 of 1
[2024-03-11 04:27:01,329] {taskinstance.py:1097} INFO - 
--------------------------------------------------------------------------------
[2024-03-11 04:27:01,344] {taskinstance.py:1115} INFO - Executing <Task(PythonOperator): fetch_answers> on 2024-03-11T04:26:59.718737+00:00
[2024-03-11 04:27:01,349] {standard_task_runner.py:52} INFO - Started process 1081 to run task
[2024-03-11 04:27:01,355] {standard_task_runner.py:76} INFO - Running: ['***', 'tasks', 'run', 'meeting_project492', 'fetch_answers', '2024-03-11T04:26:59.718737+00:00', '--job-id', '592', '--pool', 'default_pool', '--raw', '--subdir', 'DAGS_FOLDER/first_dag.py', '--cfg-path', '/tmp/tmpvzsefead', '--error-file', '/tmp/tmp7kg53qfq']
[2024-03-11 04:27:01,361] {standard_task_runner.py:77} INFO - Job 592: Subtask fetch_answers
[2024-03-11 04:27:01,416] {logging_mixin.py:109} INFO - Running <TaskInstance: meeting_project492.fetch_answers 2024-03-11T04:26:59.718737+00:00 [running]> on host 5fe9ddfe21b9
[2024-03-11 04:27:01,469] {taskinstance.py:1254} INFO - Exporting the following env vars:
AIRFLOW_CTX_DAG_OWNER=***
AIRFLOW_CTX_DAG_ID=meeting_project492
AIRFLOW_CTX_TASK_ID=fetch_answers
AIRFLOW_CTX_EXECUTION_DATE=2024-03-11T04:26:59.718737+00:00
AIRFLOW_CTX_DAG_RUN_ID=manual__2024-03-11T04:26:59.718737+00:00
[2024-03-11 04:27:03,011] {logging_mixin.py:109} INFO - Output to /home/tnanun/***-meet/data/data_ans.csv yoyoyoyoyoyo
[2024-03-11 04:27:03,012] {python.py:151} INFO - Done. Returned value was: None
[2024-03-11 04:27:03,021] {taskinstance.py:1219} INFO - Marking task as SUCCESS. dag_id=meeting_project492, task_id=fetch_answers, execution_date=20240311T042659, start_date=20240311T042701, end_date=20240311T042703
[2024-03-11 04:27:03,053] {local_task_job.py:151} INFO - Task exited with return code 0
[2024-03-11 04:27:03,081] {local_task_job.py:261} INFO - 1 downstream tasks scheduled from follow-on schedule check
