[2024-03-11 02:08:56,623] {taskinstance.py:903} INFO - Dependencies all met for <TaskInstance: meeting_project492.fetch_meet_object 2024-03-10T17:00:00+00:00 [queued]>
[2024-03-11 02:08:56,658] {taskinstance.py:903} INFO - Dependencies all met for <TaskInstance: meeting_project492.fetch_meet_object 2024-03-10T17:00:00+00:00 [queued]>
[2024-03-11 02:08:56,658] {taskinstance.py:1095} INFO - 
--------------------------------------------------------------------------------
[2024-03-11 02:08:56,659] {taskinstance.py:1096} INFO - Starting attempt 1 of 1
[2024-03-11 02:08:56,659] {taskinstance.py:1097} INFO - 
--------------------------------------------------------------------------------
[2024-03-11 02:08:56,686] {taskinstance.py:1115} INFO - Executing <Task(PythonOperator): fetch_meet_object> on 2024-03-10T17:00:00+00:00
[2024-03-11 02:08:56,698] {standard_task_runner.py:52} INFO - Started process 391 to run task
[2024-03-11 02:08:56,705] {standard_task_runner.py:76} INFO - Running: ['***', 'tasks', 'run', 'meeting_project492', 'fetch_meet_object', '2024-03-10T17:00:00+00:00', '--job-id', '445', '--pool', 'default_pool', '--raw', '--subdir', 'DAGS_FOLDER/first_dag.py', '--cfg-path', '/tmp/tmpdzcpzh5e', '--error-file', '/tmp/tmp1hu8epty']
[2024-03-11 02:08:56,711] {standard_task_runner.py:77} INFO - Job 445: Subtask fetch_meet_object
[2024-03-11 02:08:56,810] {logging_mixin.py:109} INFO - Running <TaskInstance: meeting_project492.fetch_meet_object 2024-03-10T17:00:00+00:00 [running]> on host fe457b6d1f83
[2024-03-11 02:08:56,956] {taskinstance.py:1254} INFO - Exporting the following env vars:
AIRFLOW_CTX_DAG_OWNER=***
AIRFLOW_CTX_DAG_ID=meeting_project492
AIRFLOW_CTX_TASK_ID=fetch_meet_object
AIRFLOW_CTX_EXECUTION_DATE=2024-03-10T17:00:00+00:00
AIRFLOW_CTX_DAG_RUN_ID=scheduled__2024-03-10T17:00:00+00:00
[2024-03-11 02:09:02,968] {logging_mixin.py:109} INFO - Output to /home/tnanun/***-meet/data/data_obj.csv yoyoyoyoyoyo
[2024-03-11 02:09:02,969] {python.py:151} INFO - Done. Returned value was: None
[2024-03-11 02:09:02,981] {taskinstance.py:1219} INFO - Marking task as SUCCESS. dag_id=meeting_project492, task_id=fetch_meet_object, execution_date=20240310T170000, start_date=20240311T020856, end_date=20240311T020902
[2024-03-11 02:09:03,022] {local_task_job.py:151} INFO - Task exited with return code 0
[2024-03-11 02:09:03,050] {local_task_job.py:261} INFO - 0 downstream tasks scheduled from follow-on schedule check
