[2024-01-28 07:54:53,711] {taskinstance.py:903} INFO - Dependencies all met for <TaskInstance: meeting.clean_answers 2024-01-28T06:00:00+00:00 [queued]>
[2024-01-28 07:54:53,726] {taskinstance.py:903} INFO - Dependencies all met for <TaskInstance: meeting.clean_answers 2024-01-28T06:00:00+00:00 [queued]>
[2024-01-28 07:54:53,727] {taskinstance.py:1095} INFO - 
--------------------------------------------------------------------------------
[2024-01-28 07:54:53,727] {taskinstance.py:1096} INFO - Starting attempt 1 of 1
[2024-01-28 07:54:53,727] {taskinstance.py:1097} INFO - 
--------------------------------------------------------------------------------
[2024-01-28 07:54:53,735] {taskinstance.py:1115} INFO - Executing <Task(PythonOperator): clean_answers> on 2024-01-28T06:00:00+00:00
[2024-01-28 07:54:53,740] {standard_task_runner.py:52} INFO - Started process 1695 to run task
[2024-01-28 07:54:53,743] {standard_task_runner.py:76} INFO - Running: ['***', 'tasks', 'run', 'meeting', 'clean_answers', '2024-01-28T06:00:00+00:00', '--job-id', '147', '--pool', 'default_pool', '--raw', '--subdir', 'DAGS_FOLDER/first_dag.py', '--cfg-path', '/tmp/tmp95xn05vx', '--error-file', '/tmp/tmpxtfc82f3']
[2024-01-28 07:54:53,745] {standard_task_runner.py:77} INFO - Job 147: Subtask clean_answers
[2024-01-28 07:54:53,780] {logging_mixin.py:109} INFO - Running <TaskInstance: meeting.clean_answers 2024-01-28T06:00:00+00:00 [running]> on host b3b11241a43d
[2024-01-28 07:54:53,828] {taskinstance.py:1254} INFO - Exporting the following env vars:
AIRFLOW_CTX_DAG_OWNER=***
AIRFLOW_CTX_DAG_ID=meeting
AIRFLOW_CTX_TASK_ID=clean_answers
AIRFLOW_CTX_EXECUTION_DATE=2024-01-28T06:00:00+00:00
AIRFLOW_CTX_DAG_RUN_ID=scheduled__2024-01-28T06:00:00+00:00
[2024-01-28 07:54:53,862] {logging_mixin.py:109} INFO - Output to /home/tnanun/***-meet/data/data_ans.csv yoyoyoyoyoyo
[2024-01-28 07:54:53,862] {python.py:151} INFO - Done. Returned value was: None
[2024-01-28 07:54:53,872] {taskinstance.py:1219} INFO - Marking task as SUCCESS. dag_id=meeting, task_id=clean_answers, execution_date=20240128T060000, start_date=20240128T075453, end_date=20240128T075453
[2024-01-28 07:54:53,915] {local_task_job.py:151} INFO - Task exited with return code 0
[2024-01-28 07:54:53,939] {local_task_job.py:261} INFO - 0 downstream tasks scheduled from follow-on schedule check
