[2023-12-03 15:06:31,806] {taskinstance.py:903} INFO - Dependencies all met for <TaskInstance: meeting.clean_answers 2023-12-03T14:00:00+00:00 [queued]>
[2023-12-03 15:06:31,816] {taskinstance.py:903} INFO - Dependencies all met for <TaskInstance: meeting.clean_answers 2023-12-03T14:00:00+00:00 [queued]>
[2023-12-03 15:06:31,816] {taskinstance.py:1095} INFO - 
--------------------------------------------------------------------------------
[2023-12-03 15:06:31,816] {taskinstance.py:1096} INFO - Starting attempt 1 of 1
[2023-12-03 15:06:31,817] {taskinstance.py:1097} INFO - 
--------------------------------------------------------------------------------
[2023-12-03 15:06:31,829] {taskinstance.py:1115} INFO - Executing <Task(PythonOperator): clean_answers> on 2023-12-03T14:00:00+00:00
[2023-12-03 15:06:31,833] {standard_task_runner.py:52} INFO - Started process 17210 to run task
[2023-12-03 15:06:31,835] {standard_task_runner.py:76} INFO - Running: ['***', 'tasks', 'run', 'meeting', 'clean_answers', '2023-12-03T14:00:00+00:00', '--job-id', '80', '--pool', 'default_pool', '--raw', '--subdir', 'DAGS_FOLDER/first_dag.py', '--cfg-path', '/tmp/tmpcys6nnje', '--error-file', '/tmp/tmplf8jcadc']
[2023-12-03 15:06:31,837] {standard_task_runner.py:77} INFO - Job 80: Subtask clean_answers
[2023-12-03 15:06:31,873] {logging_mixin.py:109} INFO - Running <TaskInstance: meeting.clean_answers 2023-12-03T14:00:00+00:00 [running]> on host 9d53e6732d94
[2023-12-03 15:06:31,923] {taskinstance.py:1254} INFO - Exporting the following env vars:
AIRFLOW_CTX_DAG_OWNER=***
AIRFLOW_CTX_DAG_ID=meeting
AIRFLOW_CTX_TASK_ID=clean_answers
AIRFLOW_CTX_EXECUTION_DATE=2023-12-03T14:00:00+00:00
AIRFLOW_CTX_DAG_RUN_ID=scheduled__2023-12-03T14:00:00+00:00
[2023-12-03 15:06:31,947] {logging_mixin.py:109} INFO - Output to /home/tnanun/***-meet/data/data_ans.csv yoyoyoyoyoyo
[2023-12-03 15:06:31,947] {python.py:151} INFO - Done. Returned value was: None
[2023-12-03 15:06:31,958] {taskinstance.py:1219} INFO - Marking task as SUCCESS. dag_id=meeting, task_id=clean_answers, execution_date=20231203T140000, start_date=20231203T150631, end_date=20231203T150631
[2023-12-03 15:06:32,007] {local_task_job.py:151} INFO - Task exited with return code 0
[2023-12-03 15:06:32,033] {local_task_job.py:261} INFO - 1 downstream tasks scheduled from follow-on schedule check
