[2024-03-11 05:43:45,042] {taskinstance.py:903} INFO - Dependencies all met for <TaskInstance: meeting_project492.merge_data 2024-03-11T04:00:00+00:00 [queued]>
[2024-03-11 05:43:45,054] {taskinstance.py:903} INFO - Dependencies all met for <TaskInstance: meeting_project492.merge_data 2024-03-11T04:00:00+00:00 [queued]>
[2024-03-11 05:43:45,054] {taskinstance.py:1095} INFO - 
--------------------------------------------------------------------------------
[2024-03-11 05:43:45,054] {taskinstance.py:1096} INFO - Starting attempt 1 of 1
[2024-03-11 05:43:45,054] {taskinstance.py:1097} INFO - 
--------------------------------------------------------------------------------
[2024-03-11 05:43:45,068] {taskinstance.py:1115} INFO - Executing <Task(PythonOperator): merge_data> on 2024-03-11T04:00:00+00:00
[2024-03-11 05:43:45,073] {standard_task_runner.py:52} INFO - Started process 518 to run task
[2024-03-11 05:43:45,075] {standard_task_runner.py:76} INFO - Running: ['***', 'tasks', 'run', 'meeting_project492', 'merge_data', '2024-03-11T04:00:00+00:00', '--job-id', '680', '--pool', 'default_pool', '--raw', '--subdir', 'DAGS_FOLDER/first_dag.py', '--cfg-path', '/tmp/tmpuyslm0im', '--error-file', '/tmp/tmptv3fb_uq']
[2024-03-11 05:43:45,078] {standard_task_runner.py:77} INFO - Job 680: Subtask merge_data
[2024-03-11 05:43:45,113] {logging_mixin.py:109} INFO - Running <TaskInstance: meeting_project492.merge_data 2024-03-11T04:00:00+00:00 [running]> on host 1c0f3566e916
[2024-03-11 05:43:45,160] {taskinstance.py:1254} INFO - Exporting the following env vars:
AIRFLOW_CTX_DAG_OWNER=***
AIRFLOW_CTX_DAG_ID=meeting_project492
AIRFLOW_CTX_TASK_ID=merge_data
AIRFLOW_CTX_EXECUTION_DATE=2024-03-11T04:00:00+00:00
AIRFLOW_CTX_DAG_RUN_ID=scheduled__2024-03-11T04:00:00+00:00
[2024-03-11 05:43:45,203] {python.py:151} INFO - Done. Returned value was: None
[2024-03-11 05:43:45,213] {taskinstance.py:1219} INFO - Marking task as SUCCESS. dag_id=meeting_project492, task_id=merge_data, execution_date=20240311T040000, start_date=20240311T054345, end_date=20240311T054345
[2024-03-11 05:43:45,248] {local_task_job.py:151} INFO - Task exited with return code 0
[2024-03-11 05:43:45,268] {local_task_job.py:261} INFO - 0 downstream tasks scheduled from follow-on schedule check
