[2023-12-03 14:41:37,769] {taskinstance.py:903} INFO - Dependencies all met for <TaskInstance: meeting.merge_data 2023-12-03T14:41:32.169835+00:00 [queued]>
[2023-12-03 14:41:37,780] {taskinstance.py:903} INFO - Dependencies all met for <TaskInstance: meeting.merge_data 2023-12-03T14:41:32.169835+00:00 [queued]>
[2023-12-03 14:41:37,780] {taskinstance.py:1095} INFO - 
--------------------------------------------------------------------------------
[2023-12-03 14:41:37,780] {taskinstance.py:1096} INFO - Starting attempt 1 of 1
[2023-12-03 14:41:37,780] {taskinstance.py:1097} INFO - 
--------------------------------------------------------------------------------
[2023-12-03 14:41:37,794] {taskinstance.py:1115} INFO - Executing <Task(PythonOperator): merge_data> on 2023-12-03T14:41:32.169835+00:00
[2023-12-03 14:41:37,798] {standard_task_runner.py:52} INFO - Started process 7239 to run task
[2023-12-03 14:41:37,801] {standard_task_runner.py:76} INFO - Running: ['***', 'tasks', 'run', 'meeting', 'merge_data', '2023-12-03T14:41:32.169835+00:00', '--job-id', '76', '--pool', 'default_pool', '--raw', '--subdir', 'DAGS_FOLDER/first_dag.py', '--cfg-path', '/tmp/tmp1i70k833', '--error-file', '/tmp/tmp9e3v_eqt']
[2023-12-03 14:41:37,803] {standard_task_runner.py:77} INFO - Job 76: Subtask merge_data
[2023-12-03 14:41:37,838] {logging_mixin.py:109} INFO - Running <TaskInstance: meeting.merge_data 2023-12-03T14:41:32.169835+00:00 [running]> on host 9d53e6732d94
[2023-12-03 14:41:37,885] {taskinstance.py:1254} INFO - Exporting the following env vars:
AIRFLOW_CTX_DAG_OWNER=***
AIRFLOW_CTX_DAG_ID=meeting
AIRFLOW_CTX_TASK_ID=merge_data
AIRFLOW_CTX_EXECUTION_DATE=2023-12-03T14:41:32.169835+00:00
AIRFLOW_CTX_DAG_RUN_ID=manual__2023-12-03T14:41:32.169835+00:00
[2023-12-03 14:41:37,906] {python.py:151} INFO - Done. Returned value was: None
[2023-12-03 14:41:37,915] {taskinstance.py:1219} INFO - Marking task as SUCCESS. dag_id=meeting, task_id=merge_data, execution_date=20231203T144132, start_date=20231203T144137, end_date=20231203T144137
[2023-12-03 14:41:37,933] {local_task_job.py:151} INFO - Task exited with return code 0
[2023-12-03 14:41:37,953] {local_task_job.py:261} INFO - 0 downstream tasks scheduled from follow-on schedule check
