[2024-03-09 04:00:01,644] {taskinstance.py:903} INFO - Dependencies all met for <TaskInstance: meeting_project492.fetch_meet_object 2024-03-09T03:00:00+00:00 [queued]>
[2024-03-09 04:00:01,657] {taskinstance.py:903} INFO - Dependencies all met for <TaskInstance: meeting_project492.fetch_meet_object 2024-03-09T03:00:00+00:00 [queued]>
[2024-03-09 04:00:01,657] {taskinstance.py:1095} INFO - 
--------------------------------------------------------------------------------
[2024-03-09 04:00:01,657] {taskinstance.py:1096} INFO - Starting attempt 1 of 1
[2024-03-09 04:00:01,657] {taskinstance.py:1097} INFO - 
--------------------------------------------------------------------------------
[2024-03-09 04:00:01,672] {taskinstance.py:1115} INFO - Executing <Task(PythonOperator): fetch_meet_object> on 2024-03-09T03:00:00+00:00
[2024-03-09 04:00:01,677] {standard_task_runner.py:52} INFO - Started process 26123 to run task
[2024-03-09 04:00:01,681] {standard_task_runner.py:76} INFO - Running: ['***', 'tasks', 'run', 'meeting_project492', 'fetch_meet_object', '2024-03-09T03:00:00+00:00', '--job-id', '379', '--pool', 'default_pool', '--raw', '--subdir', 'DAGS_FOLDER/first_dag.py', '--cfg-path', '/tmp/tmpr94ull_7', '--error-file', '/tmp/tmp_sz0e21_']
[2024-03-09 04:00:01,685] {standard_task_runner.py:77} INFO - Job 379: Subtask fetch_meet_object
[2024-03-09 04:00:01,736] {logging_mixin.py:109} INFO - Running <TaskInstance: meeting_project492.fetch_meet_object 2024-03-09T03:00:00+00:00 [running]> on host 62b9685fb4d1
[2024-03-09 04:00:01,793] {taskinstance.py:1254} INFO - Exporting the following env vars:
AIRFLOW_CTX_DAG_OWNER=***
AIRFLOW_CTX_DAG_ID=meeting_project492
AIRFLOW_CTX_TASK_ID=fetch_meet_object
AIRFLOW_CTX_EXECUTION_DATE=2024-03-09T03:00:00+00:00
AIRFLOW_CTX_DAG_RUN_ID=scheduled__2024-03-09T03:00:00+00:00
[2024-03-09 04:00:07,636] {logging_mixin.py:109} INFO - Output to /home/tnanun/***-meet/data/data_obj.csv yoyoyoyoyoyo
[2024-03-09 04:00:07,636] {python.py:151} INFO - Done. Returned value was: None
[2024-03-09 04:00:07,645] {taskinstance.py:1219} INFO - Marking task as SUCCESS. dag_id=meeting_project492, task_id=fetch_meet_object, execution_date=20240309T030000, start_date=20240309T040001, end_date=20240309T040007
[2024-03-09 04:00:07,679] {local_task_job.py:151} INFO - Task exited with return code 0
[2024-03-09 04:00:07,703] {local_task_job.py:261} INFO - 1 downstream tasks scheduled from follow-on schedule check
