[2024-03-05 10:53:08,041] {taskinstance.py:903} INFO - Dependencies all met for <TaskInstance: meeting_project.fetch_meeting 2024-03-05T10:53:05.342628+00:00 [queued]>
[2024-03-05 10:53:08,095] {taskinstance.py:903} INFO - Dependencies all met for <TaskInstance: meeting_project.fetch_meeting 2024-03-05T10:53:05.342628+00:00 [queued]>
[2024-03-05 10:53:08,096] {taskinstance.py:1095} INFO - 
--------------------------------------------------------------------------------
[2024-03-05 10:53:08,096] {taskinstance.py:1096} INFO - Starting attempt 1 of 1
[2024-03-05 10:53:08,096] {taskinstance.py:1097} INFO - 
--------------------------------------------------------------------------------
[2024-03-05 10:53:08,157] {taskinstance.py:1115} INFO - Executing <Task(PythonOperator): fetch_meeting> on 2024-03-05T10:53:05.342628+00:00
[2024-03-05 10:53:08,161] {standard_task_runner.py:52} INFO - Started process 630 to run task
[2024-03-05 10:53:08,165] {standard_task_runner.py:76} INFO - Running: ['***', 'tasks', 'run', 'meeting_project', 'fetch_meeting', '2024-03-05T10:53:05.342628+00:00', '--job-id', '305', '--pool', 'default_pool', '--raw', '--subdir', 'DAGS_FOLDER/first_dag.py', '--cfg-path', '/tmp/tmpf0muv725', '--error-file', '/tmp/tmpk_jcaigx']
[2024-03-05 10:53:08,168] {standard_task_runner.py:77} INFO - Job 305: Subtask fetch_meeting
[2024-03-05 10:53:08,275] {logging_mixin.py:109} INFO - Running <TaskInstance: meeting_project.fetch_meeting 2024-03-05T10:53:05.342628+00:00 [running]> on host 97901b9aca65
[2024-03-05 10:53:08,486] {taskinstance.py:1254} INFO - Exporting the following env vars:
AIRFLOW_CTX_DAG_OWNER=***
AIRFLOW_CTX_DAG_ID=meeting_project
AIRFLOW_CTX_TASK_ID=fetch_meeting
AIRFLOW_CTX_EXECUTION_DATE=2024-03-05T10:53:05.342628+00:00
AIRFLOW_CTX_DAG_RUN_ID=manual__2024-03-05T10:53:05.342628+00:00
[2024-03-05 10:53:12,773] {logging_mixin.py:109} INFO - Output to /home/tnanun/***-meet/data/data_meet.csv yoyoyoyoyoyo
[2024-03-05 10:53:12,773] {python.py:151} INFO - Done. Returned value was: None
[2024-03-05 10:53:12,785] {taskinstance.py:1219} INFO - Marking task as SUCCESS. dag_id=meeting_project, task_id=fetch_meeting, execution_date=20240305T105305, start_date=20240305T105308, end_date=20240305T105312
[2024-03-05 10:53:12,837] {local_task_job.py:151} INFO - Task exited with return code 0
[2024-03-05 10:53:12,887] {local_task_job.py:261} INFO - 1 downstream tasks scheduled from follow-on schedule check
