[2024-01-04 08:54:06,718] {taskinstance.py:903} INFO - Dependencies all met for <TaskInstance: meeting.fetch_answers 2024-01-04T08:54:04.719676+00:00 [queued]>
[2024-01-04 08:54:06,729] {taskinstance.py:903} INFO - Dependencies all met for <TaskInstance: meeting.fetch_answers 2024-01-04T08:54:04.719676+00:00 [queued]>
[2024-01-04 08:54:06,729] {taskinstance.py:1095} INFO - 
--------------------------------------------------------------------------------
[2024-01-04 08:54:06,729] {taskinstance.py:1096} INFO - Starting attempt 1 of 1
[2024-01-04 08:54:06,729] {taskinstance.py:1097} INFO - 
--------------------------------------------------------------------------------
[2024-01-04 08:54:06,744] {taskinstance.py:1115} INFO - Executing <Task(PythonOperator): fetch_answers> on 2024-01-04T08:54:04.719676+00:00
[2024-01-04 08:54:06,749] {standard_task_runner.py:52} INFO - Started process 673 to run task
[2024-01-04 08:54:06,754] {standard_task_runner.py:76} INFO - Running: ['***', 'tasks', 'run', 'meeting', 'fetch_answers', '2024-01-04T08:54:04.719676+00:00', '--job-id', '135', '--pool', 'default_pool', '--raw', '--subdir', 'DAGS_FOLDER/first_dag.py', '--cfg-path', '/tmp/tmppk6qahr6', '--error-file', '/tmp/tmpegkx4b58']
[2024-01-04 08:54:06,759] {standard_task_runner.py:77} INFO - Job 135: Subtask fetch_answers
[2024-01-04 08:54:06,806] {logging_mixin.py:109} INFO - Running <TaskInstance: meeting.fetch_answers 2024-01-04T08:54:04.719676+00:00 [running]> on host bd9da4259c23
[2024-01-04 08:54:06,863] {taskinstance.py:1254} INFO - Exporting the following env vars:
AIRFLOW_CTX_DAG_OWNER=***
AIRFLOW_CTX_DAG_ID=meeting
AIRFLOW_CTX_TASK_ID=fetch_answers
AIRFLOW_CTX_EXECUTION_DATE=2024-01-04T08:54:04.719676+00:00
AIRFLOW_CTX_DAG_RUN_ID=manual__2024-01-04T08:54:04.719676+00:00
[2024-01-04 08:54:08,992] {logging_mixin.py:109} INFO - Output to /home/tnanun/***-meet/data/data_ans.csv yoyoyoyoyoyo
[2024-01-04 08:54:08,993] {python.py:151} INFO - Done. Returned value was: None
[2024-01-04 08:54:09,004] {taskinstance.py:1219} INFO - Marking task as SUCCESS. dag_id=meeting, task_id=fetch_answers, execution_date=20240104T085404, start_date=20240104T085406, end_date=20240104T085409
[2024-01-04 08:54:09,059] {local_task_job.py:151} INFO - Task exited with return code 0
[2024-01-04 08:54:09,094] {local_task_job.py:261} INFO - 1 downstream tasks scheduled from follow-on schedule check
