[2024-03-11 05:44:28,556] {taskinstance.py:903} INFO - Dependencies all met for <TaskInstance: meeting_project492.fetch_folders 2024-03-11T05:44:27.509782+00:00 [queued]>
[2024-03-11 05:44:28,571] {taskinstance.py:903} INFO - Dependencies all met for <TaskInstance: meeting_project492.fetch_folders 2024-03-11T05:44:27.509782+00:00 [queued]>
[2024-03-11 05:44:28,571] {taskinstance.py:1095} INFO - 
--------------------------------------------------------------------------------
[2024-03-11 05:44:28,571] {taskinstance.py:1096} INFO - Starting attempt 1 of 1
[2024-03-11 05:44:28,571] {taskinstance.py:1097} INFO - 
--------------------------------------------------------------------------------
[2024-03-11 05:44:28,587] {taskinstance.py:1115} INFO - Executing <Task(PythonOperator): fetch_folders> on 2024-03-11T05:44:27.509782+00:00
[2024-03-11 05:44:28,592] {standard_task_runner.py:52} INFO - Started process 816 to run task
[2024-03-11 05:44:28,596] {standard_task_runner.py:76} INFO - Running: ['***', 'tasks', 'run', 'meeting_project492', 'fetch_folders', '2024-03-11T05:44:27.509782+00:00', '--job-id', '683', '--pool', 'default_pool', '--raw', '--subdir', 'DAGS_FOLDER/first_dag.py', '--cfg-path', '/tmp/tmp_y4613hn', '--error-file', '/tmp/tmp6r4267za']
[2024-03-11 05:44:28,600] {standard_task_runner.py:77} INFO - Job 683: Subtask fetch_folders
[2024-03-11 05:44:28,647] {logging_mixin.py:109} INFO - Running <TaskInstance: meeting_project492.fetch_folders 2024-03-11T05:44:27.509782+00:00 [running]> on host 1c0f3566e916
[2024-03-11 05:44:28,705] {taskinstance.py:1254} INFO - Exporting the following env vars:
AIRFLOW_CTX_DAG_OWNER=***
AIRFLOW_CTX_DAG_ID=meeting_project492
AIRFLOW_CTX_TASK_ID=fetch_folders
AIRFLOW_CTX_EXECUTION_DATE=2024-03-11T05:44:27.509782+00:00
AIRFLOW_CTX_DAG_RUN_ID=manual__2024-03-11T05:44:27.509782+00:00
[2024-03-11 05:44:30,779] {logging_mixin.py:109} INFO - Output to /home/tnanun/***-meet/data/data_folder.csv yoyoyoyoyoyo
[2024-03-11 05:44:30,780] {python.py:151} INFO - Done. Returned value was: None
[2024-03-11 05:44:30,790] {taskinstance.py:1219} INFO - Marking task as SUCCESS. dag_id=meeting_project492, task_id=fetch_folders, execution_date=20240311T054427, start_date=20240311T054428, end_date=20240311T054430
[2024-03-11 05:44:30,817] {local_task_job.py:151} INFO - Task exited with return code 0
[2024-03-11 05:44:30,844] {local_task_job.py:261} INFO - 0 downstream tasks scheduled from follow-on schedule check
