[2024-03-11 03:15:53,149] {taskinstance.py:903} INFO - Dependencies all met for <TaskInstance: meeting_project492.fetch_comment 2024-03-11T03:15:51.696443+00:00 [queued]>
[2024-03-11 03:15:53,169] {taskinstance.py:903} INFO - Dependencies all met for <TaskInstance: meeting_project492.fetch_comment 2024-03-11T03:15:51.696443+00:00 [queued]>
[2024-03-11 03:15:53,169] {taskinstance.py:1095} INFO - 
--------------------------------------------------------------------------------
[2024-03-11 03:15:53,169] {taskinstance.py:1096} INFO - Starting attempt 1 of 1
[2024-03-11 03:15:53,170] {taskinstance.py:1097} INFO - 
--------------------------------------------------------------------------------
[2024-03-11 03:15:53,179] {taskinstance.py:1115} INFO - Executing <Task(PythonOperator): fetch_comment> on 2024-03-11T03:15:51.696443+00:00
[2024-03-11 03:15:53,184] {standard_task_runner.py:52} INFO - Started process 1243 to run task
[2024-03-11 03:15:53,188] {standard_task_runner.py:76} INFO - Running: ['***', 'tasks', 'run', 'meeting_project492', 'fetch_comment', '2024-03-11T03:15:51.696443+00:00', '--job-id', '542', '--pool', 'default_pool', '--raw', '--subdir', 'DAGS_FOLDER/first_dag.py', '--cfg-path', '/tmp/tmpswgwwxxe', '--error-file', '/tmp/tmp7o2choy4']
[2024-03-11 03:15:53,192] {standard_task_runner.py:77} INFO - Job 542: Subtask fetch_comment
[2024-03-11 03:15:53,236] {logging_mixin.py:109} INFO - Running <TaskInstance: meeting_project492.fetch_comment 2024-03-11T03:15:51.696443+00:00 [running]> on host 1e810f2a28a1
[2024-03-11 03:15:53,288] {taskinstance.py:1254} INFO - Exporting the following env vars:
AIRFLOW_CTX_DAG_OWNER=***
AIRFLOW_CTX_DAG_ID=meeting_project492
AIRFLOW_CTX_TASK_ID=fetch_comment
AIRFLOW_CTX_EXECUTION_DATE=2024-03-11T03:15:51.696443+00:00
AIRFLOW_CTX_DAG_RUN_ID=manual__2024-03-11T03:15:51.696443+00:00
[2024-03-11 03:15:57,356] {logging_mixin.py:109} INFO - Output to /home/tnanun/***-meet/data/data_com.csv yoyoyoyoyoyo
[2024-03-11 03:15:57,356] {python.py:151} INFO - Done. Returned value was: None
[2024-03-11 03:15:57,366] {taskinstance.py:1219} INFO - Marking task as SUCCESS. dag_id=meeting_project492, task_id=fetch_comment, execution_date=20240311T031551, start_date=20240311T031553, end_date=20240311T031557
[2024-03-11 03:15:57,418] {local_task_job.py:151} INFO - Task exited with return code 0
[2024-03-11 03:15:57,442] {local_task_job.py:261} INFO - 1 downstream tasks scheduled from follow-on schedule check
