[2024-03-01 15:22:44,000] {taskinstance.py:903} INFO - Dependencies all met for <TaskInstance: meeting.fetch_answers 2024-03-01T15:22:42.819847+00:00 [queued]>
[2024-03-01 15:22:44,015] {taskinstance.py:903} INFO - Dependencies all met for <TaskInstance: meeting.fetch_answers 2024-03-01T15:22:42.819847+00:00 [queued]>
[2024-03-01 15:22:44,016] {taskinstance.py:1095} INFO - 
--------------------------------------------------------------------------------
[2024-03-01 15:22:44,016] {taskinstance.py:1096} INFO - Starting attempt 1 of 1
[2024-03-01 15:22:44,016] {taskinstance.py:1097} INFO - 
--------------------------------------------------------------------------------
[2024-03-01 15:22:44,025] {taskinstance.py:1115} INFO - Executing <Task(PythonOperator): fetch_answers> on 2024-03-01T15:22:42.819847+00:00
[2024-03-01 15:22:44,030] {standard_task_runner.py:52} INFO - Started process 13432 to run task
[2024-03-01 15:22:44,032] {standard_task_runner.py:76} INFO - Running: ['***', 'tasks', 'run', 'meeting', 'fetch_answers', '2024-03-01T15:22:42.819847+00:00', '--job-id', '212', '--pool', 'default_pool', '--raw', '--subdir', 'DAGS_FOLDER/first_dag.py', '--cfg-path', '/tmp/tmph3sr17u2', '--error-file', '/tmp/tmpktipckap']
[2024-03-01 15:22:44,042] {standard_task_runner.py:77} INFO - Job 212: Subtask fetch_answers
[2024-03-01 15:22:44,086] {logging_mixin.py:109} INFO - Running <TaskInstance: meeting.fetch_answers 2024-03-01T15:22:42.819847+00:00 [running]> on host b272d77a87bd
[2024-03-01 15:22:44,147] {taskinstance.py:1254} INFO - Exporting the following env vars:
AIRFLOW_CTX_DAG_OWNER=***
AIRFLOW_CTX_DAG_ID=meeting
AIRFLOW_CTX_TASK_ID=fetch_answers
AIRFLOW_CTX_EXECUTION_DATE=2024-03-01T15:22:42.819847+00:00
AIRFLOW_CTX_DAG_RUN_ID=manual__2024-03-01T15:22:42.819847+00:00
[2024-03-01 15:22:45,274] {logging_mixin.py:109} INFO - Output to /home/tnanun/***-meet/data/data_ans.csv yoyoyoyoyoyo
[2024-03-01 15:22:45,274] {python.py:151} INFO - Done. Returned value was: None
[2024-03-01 15:22:45,287] {taskinstance.py:1219} INFO - Marking task as SUCCESS. dag_id=meeting, task_id=fetch_answers, execution_date=20240301T152242, start_date=20240301T152244, end_date=20240301T152245
[2024-03-01 15:22:45,337] {local_task_job.py:151} INFO - Task exited with return code 0
[2024-03-01 15:22:45,363] {local_task_job.py:261} INFO - 1 downstream tasks scheduled from follow-on schedule check
