[2024-03-05 09:49:24,366] {taskinstance.py:903} INFO - Dependencies all met for <TaskInstance: meeting.fetch_meeting 2024-03-05T09:49:22.998071+00:00 [queued]>
[2024-03-05 09:49:24,378] {taskinstance.py:903} INFO - Dependencies all met for <TaskInstance: meeting.fetch_meeting 2024-03-05T09:49:22.998071+00:00 [queued]>
[2024-03-05 09:49:24,379] {taskinstance.py:1095} INFO - 
--------------------------------------------------------------------------------
[2024-03-05 09:49:24,379] {taskinstance.py:1096} INFO - Starting attempt 1 of 1
[2024-03-05 09:49:24,379] {taskinstance.py:1097} INFO - 
--------------------------------------------------------------------------------
[2024-03-05 09:49:24,392] {taskinstance.py:1115} INFO - Executing <Task(PythonOperator): fetch_meeting> on 2024-03-05T09:49:22.998071+00:00
[2024-03-05 09:49:24,398] {standard_task_runner.py:52} INFO - Started process 6442 to run task
[2024-03-05 09:49:24,401] {standard_task_runner.py:76} INFO - Running: ['***', 'tasks', 'run', 'meeting', 'fetch_meeting', '2024-03-05T09:49:22.998071+00:00', '--job-id', '231', '--pool', 'default_pool', '--raw', '--subdir', 'DAGS_FOLDER/first_dag.py', '--cfg-path', '/tmp/tmp5amzp77n', '--error-file', '/tmp/tmph5eyf604']
[2024-03-05 09:49:24,403] {standard_task_runner.py:77} INFO - Job 231: Subtask fetch_meeting
[2024-03-05 09:49:24,437] {logging_mixin.py:109} INFO - Running <TaskInstance: meeting.fetch_meeting 2024-03-05T09:49:22.998071+00:00 [running]> on host bd28ac0ade46
[2024-03-05 09:49:24,489] {taskinstance.py:1254} INFO - Exporting the following env vars:
AIRFLOW_CTX_DAG_OWNER=***
AIRFLOW_CTX_DAG_ID=meeting
AIRFLOW_CTX_TASK_ID=fetch_meeting
AIRFLOW_CTX_EXECUTION_DATE=2024-03-05T09:49:22.998071+00:00
AIRFLOW_CTX_DAG_RUN_ID=manual__2024-03-05T09:49:22.998071+00:00
[2024-03-05 09:49:30,868] {logging_mixin.py:109} INFO - Output to /home/tnanun/***-meet/data/data_meet.csv yoyoyoyoyoyo
[2024-03-05 09:49:30,868] {python.py:151} INFO - Done. Returned value was: None
[2024-03-05 09:49:30,877] {taskinstance.py:1219} INFO - Marking task as SUCCESS. dag_id=meeting, task_id=fetch_meeting, execution_date=20240305T094922, start_date=20240305T094924, end_date=20240305T094930
[2024-03-05 09:49:30,918] {local_task_job.py:151} INFO - Task exited with return code 0
[2024-03-05 09:49:30,943] {local_task_job.py:261} INFO - 1 downstream tasks scheduled from follow-on schedule check
