[2023-11-21 09:42:46,424] {processor.py:162} INFO - Started process (PID=316) to work on /home/airflow/.local/lib/python3.6/site-packages/airflow/example_dags/example_latest_only_with_trigger.py
[2023-11-21 09:42:46,425] {processor.py:613} INFO - Processing file /home/airflow/.local/lib/python3.6/site-packages/airflow/example_dags/example_latest_only_with_trigger.py for tasks to queue
[2023-11-21 09:42:46,425] {logging_mixin.py:109} INFO - [2023-11-21 09:42:46,425] {dagbag.py:496} INFO - Filling up the DagBag from /home/airflow/.local/lib/python3.6/site-packages/airflow/example_dags/example_latest_only_with_trigger.py
[2023-11-21 09:42:46,433] {processor.py:623} INFO - DAG(s) dict_keys(['latest_only_with_trigger']) retrieved from /home/airflow/.local/lib/python3.6/site-packages/airflow/example_dags/example_latest_only_with_trigger.py
[2023-11-21 09:42:46,453] {logging_mixin.py:109} INFO - [2023-11-21 09:42:46,452] {dag.py:1834} INFO - Sync 1 DAGs
[2023-11-21 09:42:46,463] {logging_mixin.py:109} INFO - [2023-11-21 09:42:46,463] {dag.py:2287} INFO - Setting next_dagrun for latest_only_with_trigger to 2023-11-19 00:00:00+00:00
[2023-11-21 09:42:46,587] {processor.py:170} INFO - Processing /home/airflow/.local/lib/python3.6/site-packages/airflow/example_dags/example_latest_only_with_trigger.py took 0.165 seconds
[2023-11-21 09:43:16,632] {processor.py:162} INFO - Started process (PID=491) to work on /home/airflow/.local/lib/python3.6/site-packages/airflow/example_dags/example_latest_only_with_trigger.py
[2023-11-21 09:43:16,632] {processor.py:613} INFO - Processing file /home/airflow/.local/lib/python3.6/site-packages/airflow/example_dags/example_latest_only_with_trigger.py for tasks to queue
[2023-11-21 09:43:16,633] {logging_mixin.py:109} INFO - [2023-11-21 09:43:16,633] {dagbag.py:496} INFO - Filling up the DagBag from /home/airflow/.local/lib/python3.6/site-packages/airflow/example_dags/example_latest_only_with_trigger.py
[2023-11-21 09:43:16,641] {processor.py:623} INFO - DAG(s) dict_keys(['latest_only_with_trigger']) retrieved from /home/airflow/.local/lib/python3.6/site-packages/airflow/example_dags/example_latest_only_with_trigger.py
[2023-11-21 09:43:16,686] {logging_mixin.py:109} INFO - [2023-11-21 09:43:16,686] {dag.py:1834} INFO - Sync 1 DAGs
[2023-11-21 09:43:16,697] {logging_mixin.py:109} INFO - [2023-11-21 09:43:16,697] {dag.py:2287} INFO - Setting next_dagrun for latest_only_with_trigger to 2023-11-19 00:00:00+00:00
[2023-11-21 09:43:16,916] {processor.py:170} INFO - Processing /home/airflow/.local/lib/python3.6/site-packages/airflow/example_dags/example_latest_only_with_trigger.py took 0.287 seconds
[2023-11-21 09:43:47,602] {processor.py:162} INFO - Started process (PID=682) to work on /home/airflow/.local/lib/python3.6/site-packages/airflow/example_dags/example_latest_only_with_trigger.py
[2023-11-21 09:43:47,603] {processor.py:613} INFO - Processing file /home/airflow/.local/lib/python3.6/site-packages/airflow/example_dags/example_latest_only_with_trigger.py for tasks to queue
[2023-11-21 09:43:47,604] {logging_mixin.py:109} INFO - [2023-11-21 09:43:47,604] {dagbag.py:496} INFO - Filling up the DagBag from /home/airflow/.local/lib/python3.6/site-packages/airflow/example_dags/example_latest_only_with_trigger.py
[2023-11-21 09:43:47,614] {processor.py:623} INFO - DAG(s) dict_keys(['latest_only_with_trigger']) retrieved from /home/airflow/.local/lib/python3.6/site-packages/airflow/example_dags/example_latest_only_with_trigger.py
[2023-11-21 09:43:47,638] {logging_mixin.py:109} INFO - [2023-11-21 09:43:47,638] {dag.py:1834} INFO - Sync 1 DAGs
[2023-11-21 09:43:47,653] {logging_mixin.py:109} INFO - [2023-11-21 09:43:47,653] {dag.py:2287} INFO - Setting next_dagrun for latest_only_with_trigger to 2023-11-19 00:00:00+00:00
[2023-11-21 09:43:47,667] {processor.py:170} INFO - Processing /home/airflow/.local/lib/python3.6/site-packages/airflow/example_dags/example_latest_only_with_trigger.py took 0.072 seconds
[2023-11-21 09:44:18,142] {processor.py:162} INFO - Started process (PID=864) to work on /home/airflow/.local/lib/python3.6/site-packages/airflow/example_dags/example_latest_only_with_trigger.py
[2023-11-21 09:44:18,143] {processor.py:613} INFO - Processing file /home/airflow/.local/lib/python3.6/site-packages/airflow/example_dags/example_latest_only_with_trigger.py for tasks to queue
[2023-11-21 09:44:18,143] {logging_mixin.py:109} INFO - [2023-11-21 09:44:18,143] {dagbag.py:496} INFO - Filling up the DagBag from /home/airflow/.local/lib/python3.6/site-packages/airflow/example_dags/example_latest_only_with_trigger.py
[2023-11-21 09:44:18,155] {processor.py:623} INFO - DAG(s) dict_keys(['latest_only_with_trigger']) retrieved from /home/airflow/.local/lib/python3.6/site-packages/airflow/example_dags/example_latest_only_with_trigger.py
[2023-11-21 09:44:18,175] {logging_mixin.py:109} INFO - [2023-11-21 09:44:18,175] {dag.py:1834} INFO - Sync 1 DAGs
[2023-11-21 09:44:18,189] {logging_mixin.py:109} INFO - [2023-11-21 09:44:18,189] {dag.py:2287} INFO - Setting next_dagrun for latest_only_with_trigger to 2023-11-19 00:00:00+00:00
[2023-11-21 09:44:18,200] {processor.py:170} INFO - Processing /home/airflow/.local/lib/python3.6/site-packages/airflow/example_dags/example_latest_only_with_trigger.py took 0.061 seconds
[2023-11-21 09:44:48,452] {processor.py:162} INFO - Started process (PID=1054) to work on /home/airflow/.local/lib/python3.6/site-packages/airflow/example_dags/example_latest_only_with_trigger.py
[2023-11-21 09:44:48,453] {processor.py:613} INFO - Processing file /home/airflow/.local/lib/python3.6/site-packages/airflow/example_dags/example_latest_only_with_trigger.py for tasks to queue
[2023-11-21 09:44:48,453] {logging_mixin.py:109} INFO - [2023-11-21 09:44:48,453] {dagbag.py:496} INFO - Filling up the DagBag from /home/airflow/.local/lib/python3.6/site-packages/airflow/example_dags/example_latest_only_with_trigger.py
[2023-11-21 09:44:48,462] {processor.py:623} INFO - DAG(s) dict_keys(['latest_only_with_trigger']) retrieved from /home/airflow/.local/lib/python3.6/site-packages/airflow/example_dags/example_latest_only_with_trigger.py
[2023-11-21 09:44:48,480] {logging_mixin.py:109} INFO - [2023-11-21 09:44:48,480] {dag.py:1834} INFO - Sync 1 DAGs
[2023-11-21 09:44:48,491] {logging_mixin.py:109} INFO - [2023-11-21 09:44:48,491] {dag.py:2287} INFO - Setting next_dagrun for latest_only_with_trigger to 2023-11-19 00:00:00+00:00
[2023-11-21 09:44:48,501] {processor.py:170} INFO - Processing /home/airflow/.local/lib/python3.6/site-packages/airflow/example_dags/example_latest_only_with_trigger.py took 0.052 seconds
[2023-11-21 09:45:18,803] {processor.py:162} INFO - Started process (PID=1242) to work on /home/airflow/.local/lib/python3.6/site-packages/airflow/example_dags/example_latest_only_with_trigger.py
[2023-11-21 09:45:18,804] {processor.py:613} INFO - Processing file /home/airflow/.local/lib/python3.6/site-packages/airflow/example_dags/example_latest_only_with_trigger.py for tasks to queue
[2023-11-21 09:45:18,805] {logging_mixin.py:109} INFO - [2023-11-21 09:45:18,805] {dagbag.py:496} INFO - Filling up the DagBag from /home/airflow/.local/lib/python3.6/site-packages/airflow/example_dags/example_latest_only_with_trigger.py
[2023-11-21 09:45:18,813] {processor.py:623} INFO - DAG(s) dict_keys(['latest_only_with_trigger']) retrieved from /home/airflow/.local/lib/python3.6/site-packages/airflow/example_dags/example_latest_only_with_trigger.py
[2023-11-21 09:45:18,830] {logging_mixin.py:109} INFO - [2023-11-21 09:45:18,830] {dag.py:1834} INFO - Sync 1 DAGs
[2023-11-21 09:45:18,842] {logging_mixin.py:109} INFO - [2023-11-21 09:45:18,842] {dag.py:2287} INFO - Setting next_dagrun for latest_only_with_trigger to 2023-11-19 00:00:00+00:00
[2023-11-21 09:45:18,852] {processor.py:170} INFO - Processing /home/airflow/.local/lib/python3.6/site-packages/airflow/example_dags/example_latest_only_with_trigger.py took 0.051 seconds
[2023-11-21 09:46:18,881] {processor.py:162} INFO - Started process (PID=316) to work on /home/airflow/.local/lib/python3.6/site-packages/airflow/example_dags/example_latest_only_with_trigger.py
[2023-11-21 09:46:18,893] {processor.py:613} INFO - Processing file /home/airflow/.local/lib/python3.6/site-packages/airflow/example_dags/example_latest_only_with_trigger.py for tasks to queue
[2023-11-21 09:46:18,894] {logging_mixin.py:109} INFO - [2023-11-21 09:46:18,893] {dagbag.py:496} INFO - Filling up the DagBag from /home/airflow/.local/lib/python3.6/site-packages/airflow/example_dags/example_latest_only_with_trigger.py
[2023-11-21 09:46:18,902] {processor.py:623} INFO - DAG(s) dict_keys(['latest_only_with_trigger']) retrieved from /home/airflow/.local/lib/python3.6/site-packages/airflow/example_dags/example_latest_only_with_trigger.py
[2023-11-21 09:46:18,922] {logging_mixin.py:109} INFO - [2023-11-21 09:46:18,922] {dag.py:1834} INFO - Sync 1 DAGs
[2023-11-21 09:46:18,943] {logging_mixin.py:109} INFO - [2023-11-21 09:46:18,943] {dag.py:2287} INFO - Setting next_dagrun for latest_only_with_trigger to 2023-11-19 00:00:00+00:00
[2023-11-21 09:46:18,965] {processor.py:170} INFO - Processing /home/airflow/.local/lib/python3.6/site-packages/airflow/example_dags/example_latest_only_with_trigger.py took 0.087 seconds
[2023-11-21 09:46:49,537] {processor.py:162} INFO - Started process (PID=495) to work on /home/airflow/.local/lib/python3.6/site-packages/airflow/example_dags/example_latest_only_with_trigger.py
[2023-11-21 09:46:49,538] {processor.py:613} INFO - Processing file /home/airflow/.local/lib/python3.6/site-packages/airflow/example_dags/example_latest_only_with_trigger.py for tasks to queue
[2023-11-21 09:46:49,538] {logging_mixin.py:109} INFO - [2023-11-21 09:46:49,538] {dagbag.py:496} INFO - Filling up the DagBag from /home/airflow/.local/lib/python3.6/site-packages/airflow/example_dags/example_latest_only_with_trigger.py
[2023-11-21 09:46:49,552] {processor.py:623} INFO - DAG(s) dict_keys(['latest_only_with_trigger']) retrieved from /home/airflow/.local/lib/python3.6/site-packages/airflow/example_dags/example_latest_only_with_trigger.py
[2023-11-21 09:46:49,578] {logging_mixin.py:109} INFO - [2023-11-21 09:46:49,578] {dag.py:1834} INFO - Sync 1 DAGs
[2023-11-21 09:46:49,593] {logging_mixin.py:109} INFO - [2023-11-21 09:46:49,593] {dag.py:2287} INFO - Setting next_dagrun for latest_only_with_trigger to 2023-11-19 00:00:00+00:00
[2023-11-21 09:46:49,607] {processor.py:170} INFO - Processing /home/airflow/.local/lib/python3.6/site-packages/airflow/example_dags/example_latest_only_with_trigger.py took 0.071 seconds
[2023-11-21 09:47:20,185] {processor.py:162} INFO - Started process (PID=684) to work on /home/airflow/.local/lib/python3.6/site-packages/airflow/example_dags/example_latest_only_with_trigger.py
[2023-11-21 09:47:20,186] {processor.py:613} INFO - Processing file /home/airflow/.local/lib/python3.6/site-packages/airflow/example_dags/example_latest_only_with_trigger.py for tasks to queue
[2023-11-21 09:47:20,186] {logging_mixin.py:109} INFO - [2023-11-21 09:47:20,186] {dagbag.py:496} INFO - Filling up the DagBag from /home/airflow/.local/lib/python3.6/site-packages/airflow/example_dags/example_latest_only_with_trigger.py
[2023-11-21 09:47:20,194] {processor.py:623} INFO - DAG(s) dict_keys(['latest_only_with_trigger']) retrieved from /home/airflow/.local/lib/python3.6/site-packages/airflow/example_dags/example_latest_only_with_trigger.py
[2023-11-21 09:47:20,212] {logging_mixin.py:109} INFO - [2023-11-21 09:47:20,212] {dag.py:1834} INFO - Sync 1 DAGs
[2023-11-21 09:47:20,222] {logging_mixin.py:109} INFO - [2023-11-21 09:47:20,222] {dag.py:2287} INFO - Setting next_dagrun for latest_only_with_trigger to 2023-11-19 00:00:00+00:00
[2023-11-21 09:47:20,232] {processor.py:170} INFO - Processing /home/airflow/.local/lib/python3.6/site-packages/airflow/example_dags/example_latest_only_with_trigger.py took 0.049 seconds
[2023-11-21 09:47:50,763] {processor.py:162} INFO - Started process (PID=866) to work on /home/airflow/.local/lib/python3.6/site-packages/airflow/example_dags/example_latest_only_with_trigger.py
[2023-11-21 09:47:50,764] {processor.py:613} INFO - Processing file /home/airflow/.local/lib/python3.6/site-packages/airflow/example_dags/example_latest_only_with_trigger.py for tasks to queue
[2023-11-21 09:47:50,765] {logging_mixin.py:109} INFO - [2023-11-21 09:47:50,765] {dagbag.py:496} INFO - Filling up the DagBag from /home/airflow/.local/lib/python3.6/site-packages/airflow/example_dags/example_latest_only_with_trigger.py
[2023-11-21 09:47:50,773] {processor.py:623} INFO - DAG(s) dict_keys(['latest_only_with_trigger']) retrieved from /home/airflow/.local/lib/python3.6/site-packages/airflow/example_dags/example_latest_only_with_trigger.py
[2023-11-21 09:47:50,791] {logging_mixin.py:109} INFO - [2023-11-21 09:47:50,791] {dag.py:1834} INFO - Sync 1 DAGs
[2023-11-21 09:47:50,802] {logging_mixin.py:109} INFO - [2023-11-21 09:47:50,802] {dag.py:2287} INFO - Setting next_dagrun for latest_only_with_trigger to 2023-11-19 00:00:00+00:00
[2023-11-21 09:47:50,813] {processor.py:170} INFO - Processing /home/airflow/.local/lib/python3.6/site-packages/airflow/example_dags/example_latest_only_with_trigger.py took 0.052 seconds
