[2023-11-21 09:42:43,969] {processor.py:162} INFO - Started process (PID=241) to work on /home/airflow/.local/lib/python3.6/site-packages/airflow/example_dags/example_skip_dag.py
[2023-11-21 09:42:43,970] {processor.py:613} INFO - Processing file /home/airflow/.local/lib/python3.6/site-packages/airflow/example_dags/example_skip_dag.py for tasks to queue
[2023-11-21 09:42:43,971] {logging_mixin.py:109} INFO - [2023-11-21 09:42:43,971] {dagbag.py:496} INFO - Filling up the DagBag from /home/airflow/.local/lib/python3.6/site-packages/airflow/example_dags/example_skip_dag.py
[2023-11-21 09:42:43,979] {processor.py:623} INFO - DAG(s) dict_keys(['example_skip_dag']) retrieved from /home/airflow/.local/lib/python3.6/site-packages/airflow/example_dags/example_skip_dag.py
[2023-11-21 09:42:43,995] {logging_mixin.py:109} INFO - [2023-11-21 09:42:43,995] {dag.py:1834} INFO - Sync 1 DAGs
[2023-11-21 09:42:44,006] {logging_mixin.py:109} INFO - [2023-11-21 09:42:44,006] {dag.py:2287} INFO - Setting next_dagrun for example_skip_dag to 2023-11-19 00:00:00+00:00
[2023-11-21 09:42:44,127] {processor.py:170} INFO - Processing /home/airflow/.local/lib/python3.6/site-packages/airflow/example_dags/example_skip_dag.py took 0.160 seconds
[2023-11-21 09:43:14,981] {processor.py:162} INFO - Started process (PID=419) to work on /home/airflow/.local/lib/python3.6/site-packages/airflow/example_dags/example_skip_dag.py
[2023-11-21 09:43:14,982] {processor.py:613} INFO - Processing file /home/airflow/.local/lib/python3.6/site-packages/airflow/example_dags/example_skip_dag.py for tasks to queue
[2023-11-21 09:43:14,982] {logging_mixin.py:109} INFO - [2023-11-21 09:43:14,982] {dagbag.py:496} INFO - Filling up the DagBag from /home/airflow/.local/lib/python3.6/site-packages/airflow/example_dags/example_skip_dag.py
[2023-11-21 09:43:14,990] {processor.py:623} INFO - DAG(s) dict_keys(['example_skip_dag']) retrieved from /home/airflow/.local/lib/python3.6/site-packages/airflow/example_dags/example_skip_dag.py
[2023-11-21 09:43:15,019] {logging_mixin.py:109} INFO - [2023-11-21 09:43:15,019] {dag.py:1834} INFO - Sync 1 DAGs
[2023-11-21 09:43:15,031] {logging_mixin.py:109} INFO - [2023-11-21 09:43:15,031] {dag.py:2287} INFO - Setting next_dagrun for example_skip_dag to 2023-11-19 00:00:00+00:00
[2023-11-21 09:43:15,270] {processor.py:170} INFO - Processing /home/airflow/.local/lib/python3.6/site-packages/airflow/example_dags/example_skip_dag.py took 0.291 seconds
[2023-11-21 09:43:45,738] {processor.py:162} INFO - Started process (PID=609) to work on /home/airflow/.local/lib/python3.6/site-packages/airflow/example_dags/example_skip_dag.py
[2023-11-21 09:43:45,739] {processor.py:613} INFO - Processing file /home/airflow/.local/lib/python3.6/site-packages/airflow/example_dags/example_skip_dag.py for tasks to queue
[2023-11-21 09:43:45,739] {logging_mixin.py:109} INFO - [2023-11-21 09:43:45,739] {dagbag.py:496} INFO - Filling up the DagBag from /home/airflow/.local/lib/python3.6/site-packages/airflow/example_dags/example_skip_dag.py
[2023-11-21 09:43:45,748] {processor.py:623} INFO - DAG(s) dict_keys(['example_skip_dag']) retrieved from /home/airflow/.local/lib/python3.6/site-packages/airflow/example_dags/example_skip_dag.py
[2023-11-21 09:43:45,768] {logging_mixin.py:109} INFO - [2023-11-21 09:43:45,768] {dag.py:1834} INFO - Sync 1 DAGs
[2023-11-21 09:43:45,785] {logging_mixin.py:109} INFO - [2023-11-21 09:43:45,784] {dag.py:2287} INFO - Setting next_dagrun for example_skip_dag to 2023-11-19 00:00:00+00:00
[2023-11-21 09:43:45,798] {processor.py:170} INFO - Processing /home/airflow/.local/lib/python3.6/site-packages/airflow/example_dags/example_skip_dag.py took 0.062 seconds
[2023-11-21 09:44:16,264] {processor.py:162} INFO - Started process (PID=789) to work on /home/airflow/.local/lib/python3.6/site-packages/airflow/example_dags/example_skip_dag.py
[2023-11-21 09:44:16,265] {processor.py:613} INFO - Processing file /home/airflow/.local/lib/python3.6/site-packages/airflow/example_dags/example_skip_dag.py for tasks to queue
[2023-11-21 09:44:16,266] {logging_mixin.py:109} INFO - [2023-11-21 09:44:16,265] {dagbag.py:496} INFO - Filling up the DagBag from /home/airflow/.local/lib/python3.6/site-packages/airflow/example_dags/example_skip_dag.py
[2023-11-21 09:44:16,275] {processor.py:623} INFO - DAG(s) dict_keys(['example_skip_dag']) retrieved from /home/airflow/.local/lib/python3.6/site-packages/airflow/example_dags/example_skip_dag.py
[2023-11-21 09:44:16,294] {logging_mixin.py:109} INFO - [2023-11-21 09:44:16,294] {dag.py:1834} INFO - Sync 1 DAGs
[2023-11-21 09:44:16,307] {logging_mixin.py:109} INFO - [2023-11-21 09:44:16,307] {dag.py:2287} INFO - Setting next_dagrun for example_skip_dag to 2023-11-19 00:00:00+00:00
[2023-11-21 09:44:16,318] {processor.py:170} INFO - Processing /home/airflow/.local/lib/python3.6/site-packages/airflow/example_dags/example_skip_dag.py took 0.057 seconds
[2023-11-21 09:44:46,744] {processor.py:162} INFO - Started process (PID=979) to work on /home/airflow/.local/lib/python3.6/site-packages/airflow/example_dags/example_skip_dag.py
[2023-11-21 09:44:46,745] {processor.py:613} INFO - Processing file /home/airflow/.local/lib/python3.6/site-packages/airflow/example_dags/example_skip_dag.py for tasks to queue
[2023-11-21 09:44:46,745] {logging_mixin.py:109} INFO - [2023-11-21 09:44:46,745] {dagbag.py:496} INFO - Filling up the DagBag from /home/airflow/.local/lib/python3.6/site-packages/airflow/example_dags/example_skip_dag.py
[2023-11-21 09:44:46,754] {processor.py:623} INFO - DAG(s) dict_keys(['example_skip_dag']) retrieved from /home/airflow/.local/lib/python3.6/site-packages/airflow/example_dags/example_skip_dag.py
[2023-11-21 09:44:46,772] {logging_mixin.py:109} INFO - [2023-11-21 09:44:46,772] {dag.py:1834} INFO - Sync 1 DAGs
[2023-11-21 09:44:46,782] {logging_mixin.py:109} INFO - [2023-11-21 09:44:46,782] {dag.py:2287} INFO - Setting next_dagrun for example_skip_dag to 2023-11-19 00:00:00+00:00
[2023-11-21 09:44:46,793] {processor.py:170} INFO - Processing /home/airflow/.local/lib/python3.6/site-packages/airflow/example_dags/example_skip_dag.py took 0.051 seconds
[2023-11-21 09:45:17,150] {processor.py:162} INFO - Started process (PID=1159) to work on /home/airflow/.local/lib/python3.6/site-packages/airflow/example_dags/example_skip_dag.py
[2023-11-21 09:45:17,153] {processor.py:613} INFO - Processing file /home/airflow/.local/lib/python3.6/site-packages/airflow/example_dags/example_skip_dag.py for tasks to queue
[2023-11-21 09:45:17,154] {logging_mixin.py:109} INFO - [2023-11-21 09:45:17,154] {dagbag.py:496} INFO - Filling up the DagBag from /home/airflow/.local/lib/python3.6/site-packages/airflow/example_dags/example_skip_dag.py
[2023-11-21 09:45:17,161] {processor.py:623} INFO - DAG(s) dict_keys(['example_skip_dag']) retrieved from /home/airflow/.local/lib/python3.6/site-packages/airflow/example_dags/example_skip_dag.py
[2023-11-21 09:45:17,180] {logging_mixin.py:109} INFO - [2023-11-21 09:45:17,180] {dag.py:1834} INFO - Sync 1 DAGs
[2023-11-21 09:45:17,191] {logging_mixin.py:109} INFO - [2023-11-21 09:45:17,191] {dag.py:2287} INFO - Setting next_dagrun for example_skip_dag to 2023-11-19 00:00:00+00:00
[2023-11-21 09:45:17,202] {processor.py:170} INFO - Processing /home/airflow/.local/lib/python3.6/site-packages/airflow/example_dags/example_skip_dag.py took 0.053 seconds
[2023-11-21 09:46:16,649] {processor.py:162} INFO - Started process (PID=232) to work on /home/airflow/.local/lib/python3.6/site-packages/airflow/example_dags/example_skip_dag.py
[2023-11-21 09:46:16,650] {processor.py:613} INFO - Processing file /home/airflow/.local/lib/python3.6/site-packages/airflow/example_dags/example_skip_dag.py for tasks to queue
[2023-11-21 09:46:16,650] {logging_mixin.py:109} INFO - [2023-11-21 09:46:16,650] {dagbag.py:496} INFO - Filling up the DagBag from /home/airflow/.local/lib/python3.6/site-packages/airflow/example_dags/example_skip_dag.py
[2023-11-21 09:46:16,662] {processor.py:623} INFO - DAG(s) dict_keys(['example_skip_dag']) retrieved from /home/airflow/.local/lib/python3.6/site-packages/airflow/example_dags/example_skip_dag.py
[2023-11-21 09:46:16,694] {logging_mixin.py:109} INFO - [2023-11-21 09:46:16,694] {dag.py:1834} INFO - Sync 1 DAGs
[2023-11-21 09:46:16,713] {logging_mixin.py:109} INFO - [2023-11-21 09:46:16,713] {dag.py:2287} INFO - Setting next_dagrun for example_skip_dag to 2023-11-19 00:00:00+00:00
[2023-11-21 09:46:16,731] {processor.py:170} INFO - Processing /home/airflow/.local/lib/python3.6/site-packages/airflow/example_dags/example_skip_dag.py took 0.086 seconds
[2023-11-21 09:46:47,438] {processor.py:162} INFO - Started process (PID=420) to work on /home/airflow/.local/lib/python3.6/site-packages/airflow/example_dags/example_skip_dag.py
[2023-11-21 09:46:47,439] {processor.py:613} INFO - Processing file /home/airflow/.local/lib/python3.6/site-packages/airflow/example_dags/example_skip_dag.py for tasks to queue
[2023-11-21 09:46:47,440] {logging_mixin.py:109} INFO - [2023-11-21 09:46:47,440] {dagbag.py:496} INFO - Filling up the DagBag from /home/airflow/.local/lib/python3.6/site-packages/airflow/example_dags/example_skip_dag.py
[2023-11-21 09:46:47,448] {processor.py:623} INFO - DAG(s) dict_keys(['example_skip_dag']) retrieved from /home/airflow/.local/lib/python3.6/site-packages/airflow/example_dags/example_skip_dag.py
[2023-11-21 09:46:47,466] {logging_mixin.py:109} INFO - [2023-11-21 09:46:47,466] {dag.py:1834} INFO - Sync 1 DAGs
[2023-11-21 09:46:47,476] {logging_mixin.py:109} INFO - [2023-11-21 09:46:47,476] {dag.py:2287} INFO - Setting next_dagrun for example_skip_dag to 2023-11-19 00:00:00+00:00
[2023-11-21 09:46:47,487] {processor.py:170} INFO - Processing /home/airflow/.local/lib/python3.6/site-packages/airflow/example_dags/example_skip_dag.py took 0.051 seconds
[2023-11-21 09:47:17,546] {processor.py:162} INFO - Started process (PID=601) to work on /home/airflow/.local/lib/python3.6/site-packages/airflow/example_dags/example_skip_dag.py
[2023-11-21 09:47:17,547] {processor.py:613} INFO - Processing file /home/airflow/.local/lib/python3.6/site-packages/airflow/example_dags/example_skip_dag.py for tasks to queue
[2023-11-21 09:47:17,548] {logging_mixin.py:109} INFO - [2023-11-21 09:47:17,547] {dagbag.py:496} INFO - Filling up the DagBag from /home/airflow/.local/lib/python3.6/site-packages/airflow/example_dags/example_skip_dag.py
[2023-11-21 09:47:17,555] {processor.py:623} INFO - DAG(s) dict_keys(['example_skip_dag']) retrieved from /home/airflow/.local/lib/python3.6/site-packages/airflow/example_dags/example_skip_dag.py
[2023-11-21 09:47:17,574] {logging_mixin.py:109} INFO - [2023-11-21 09:47:17,573] {dag.py:1834} INFO - Sync 1 DAGs
[2023-11-21 09:47:17,583] {logging_mixin.py:109} INFO - [2023-11-21 09:47:17,583] {dag.py:2287} INFO - Setting next_dagrun for example_skip_dag to 2023-11-19 00:00:00+00:00
[2023-11-21 09:47:17,592] {processor.py:170} INFO - Processing /home/airflow/.local/lib/python3.6/site-packages/airflow/example_dags/example_skip_dag.py took 0.048 seconds
[2023-11-21 09:47:47,871] {processor.py:162} INFO - Started process (PID=789) to work on /home/airflow/.local/lib/python3.6/site-packages/airflow/example_dags/example_skip_dag.py
[2023-11-21 09:47:47,872] {processor.py:613} INFO - Processing file /home/airflow/.local/lib/python3.6/site-packages/airflow/example_dags/example_skip_dag.py for tasks to queue
[2023-11-21 09:47:47,873] {logging_mixin.py:109} INFO - [2023-11-21 09:47:47,872] {dagbag.py:496} INFO - Filling up the DagBag from /home/airflow/.local/lib/python3.6/site-packages/airflow/example_dags/example_skip_dag.py
[2023-11-21 09:47:47,880] {processor.py:623} INFO - DAG(s) dict_keys(['example_skip_dag']) retrieved from /home/airflow/.local/lib/python3.6/site-packages/airflow/example_dags/example_skip_dag.py
[2023-11-21 09:47:47,898] {logging_mixin.py:109} INFO - [2023-11-21 09:47:47,898] {dag.py:1834} INFO - Sync 1 DAGs
[2023-11-21 09:47:47,908] {logging_mixin.py:109} INFO - [2023-11-21 09:47:47,908] {dag.py:2287} INFO - Setting next_dagrun for example_skip_dag to 2023-11-19 00:00:00+00:00
[2023-11-21 09:47:47,919] {processor.py:170} INFO - Processing /home/airflow/.local/lib/python3.6/site-packages/airflow/example_dags/example_skip_dag.py took 0.049 seconds
