[2023-11-21 09:42:40,661] {processor.py:162} INFO - Started process (PID=191) to work on /home/airflow/.local/lib/python3.6/site-packages/airflow/example_dags/example_kubernetes_executor.py
[2023-11-21 09:42:40,662] {processor.py:613} INFO - Processing file /home/airflow/.local/lib/python3.6/site-packages/airflow/example_dags/example_kubernetes_executor.py for tasks to queue
[2023-11-21 09:42:40,663] {logging_mixin.py:109} INFO - [2023-11-21 09:42:40,662] {dagbag.py:496} INFO - Filling up the DagBag from /home/airflow/.local/lib/python3.6/site-packages/airflow/example_dags/example_kubernetes_executor.py
[2023-11-21 09:42:40,770] {processor.py:623} INFO - DAG(s) dict_keys(['example_kubernetes_executor']) retrieved from /home/airflow/.local/lib/python3.6/site-packages/airflow/example_dags/example_kubernetes_executor.py
[2023-11-21 09:42:40,815] {logging_mixin.py:109} INFO - [2023-11-21 09:42:40,815] {dag.py:1834} INFO - Sync 1 DAGs
[2023-11-21 09:42:40,913] {logging_mixin.py:109} INFO - [2023-11-21 09:42:40,913] {dag.py:2287} INFO - Setting next_dagrun for example_kubernetes_executor to None
[2023-11-21 09:42:41,014] {processor.py:170} INFO - Processing /home/airflow/.local/lib/python3.6/site-packages/airflow/example_dags/example_kubernetes_executor.py took 0.529 seconds
[2023-11-21 09:43:11,185] {processor.py:162} INFO - Started process (PID=381) to work on /home/airflow/.local/lib/python3.6/site-packages/airflow/example_dags/example_kubernetes_executor.py
[2023-11-21 09:43:11,186] {processor.py:613} INFO - Processing file /home/airflow/.local/lib/python3.6/site-packages/airflow/example_dags/example_kubernetes_executor.py for tasks to queue
[2023-11-21 09:43:11,186] {logging_mixin.py:109} INFO - [2023-11-21 09:43:11,186] {dagbag.py:496} INFO - Filling up the DagBag from /home/airflow/.local/lib/python3.6/site-packages/airflow/example_dags/example_kubernetes_executor.py
[2023-11-21 09:43:11,194] {processor.py:623} INFO - DAG(s) dict_keys(['example_kubernetes_executor']) retrieved from /home/airflow/.local/lib/python3.6/site-packages/airflow/example_dags/example_kubernetes_executor.py
[2023-11-21 09:43:11,212] {logging_mixin.py:109} INFO - [2023-11-21 09:43:11,212] {dag.py:1834} INFO - Sync 1 DAGs
[2023-11-21 09:43:11,223] {logging_mixin.py:109} INFO - [2023-11-21 09:43:11,223] {dag.py:2287} INFO - Setting next_dagrun for example_kubernetes_executor to None
[2023-11-21 09:43:11,474] {processor.py:170} INFO - Processing /home/airflow/.local/lib/python3.6/site-packages/airflow/example_dags/example_kubernetes_executor.py took 0.291 seconds
[2023-11-21 09:43:42,436] {processor.py:162} INFO - Started process (PID=571) to work on /home/airflow/.local/lib/python3.6/site-packages/airflow/example_dags/example_kubernetes_executor.py
[2023-11-21 09:43:42,437] {processor.py:613} INFO - Processing file /home/airflow/.local/lib/python3.6/site-packages/airflow/example_dags/example_kubernetes_executor.py for tasks to queue
[2023-11-21 09:43:42,438] {logging_mixin.py:109} INFO - [2023-11-21 09:43:42,437] {dagbag.py:496} INFO - Filling up the DagBag from /home/airflow/.local/lib/python3.6/site-packages/airflow/example_dags/example_kubernetes_executor.py
[2023-11-21 09:43:42,447] {processor.py:623} INFO - DAG(s) dict_keys(['example_kubernetes_executor']) retrieved from /home/airflow/.local/lib/python3.6/site-packages/airflow/example_dags/example_kubernetes_executor.py
[2023-11-21 09:43:42,467] {logging_mixin.py:109} INFO - [2023-11-21 09:43:42,467] {dag.py:1834} INFO - Sync 1 DAGs
[2023-11-21 09:43:42,480] {logging_mixin.py:109} INFO - [2023-11-21 09:43:42,480] {dag.py:2287} INFO - Setting next_dagrun for example_kubernetes_executor to None
[2023-11-21 09:43:42,493] {processor.py:170} INFO - Processing /home/airflow/.local/lib/python3.6/site-packages/airflow/example_dags/example_kubernetes_executor.py took 0.060 seconds
[2023-11-21 09:44:12,966] {processor.py:162} INFO - Started process (PID=752) to work on /home/airflow/.local/lib/python3.6/site-packages/airflow/example_dags/example_kubernetes_executor.py
[2023-11-21 09:44:12,966] {processor.py:613} INFO - Processing file /home/airflow/.local/lib/python3.6/site-packages/airflow/example_dags/example_kubernetes_executor.py for tasks to queue
[2023-11-21 09:44:12,967] {logging_mixin.py:109} INFO - [2023-11-21 09:44:12,966] {dagbag.py:496} INFO - Filling up the DagBag from /home/airflow/.local/lib/python3.6/site-packages/airflow/example_dags/example_kubernetes_executor.py
[2023-11-21 09:44:12,975] {processor.py:623} INFO - DAG(s) dict_keys(['example_kubernetes_executor']) retrieved from /home/airflow/.local/lib/python3.6/site-packages/airflow/example_dags/example_kubernetes_executor.py
[2023-11-21 09:44:12,992] {logging_mixin.py:109} INFO - [2023-11-21 09:44:12,992] {dag.py:1834} INFO - Sync 1 DAGs
[2023-11-21 09:44:13,003] {logging_mixin.py:109} INFO - [2023-11-21 09:44:13,003] {dag.py:2287} INFO - Setting next_dagrun for example_kubernetes_executor to None
[2023-11-21 09:44:13,014] {processor.py:170} INFO - Processing /home/airflow/.local/lib/python3.6/site-packages/airflow/example_dags/example_kubernetes_executor.py took 0.050 seconds
[2023-11-21 09:44:43,509] {processor.py:162} INFO - Started process (PID=941) to work on /home/airflow/.local/lib/python3.6/site-packages/airflow/example_dags/example_kubernetes_executor.py
[2023-11-21 09:44:43,510] {processor.py:613} INFO - Processing file /home/airflow/.local/lib/python3.6/site-packages/airflow/example_dags/example_kubernetes_executor.py for tasks to queue
[2023-11-21 09:44:43,510] {logging_mixin.py:109} INFO - [2023-11-21 09:44:43,510] {dagbag.py:496} INFO - Filling up the DagBag from /home/airflow/.local/lib/python3.6/site-packages/airflow/example_dags/example_kubernetes_executor.py
[2023-11-21 09:44:43,520] {processor.py:623} INFO - DAG(s) dict_keys(['example_kubernetes_executor']) retrieved from /home/airflow/.local/lib/python3.6/site-packages/airflow/example_dags/example_kubernetes_executor.py
[2023-11-21 09:44:43,540] {logging_mixin.py:109} INFO - [2023-11-21 09:44:43,540] {dag.py:1834} INFO - Sync 1 DAGs
[2023-11-21 09:44:43,552] {logging_mixin.py:109} INFO - [2023-11-21 09:44:43,551] {dag.py:2287} INFO - Setting next_dagrun for example_kubernetes_executor to None
[2023-11-21 09:44:43,564] {processor.py:170} INFO - Processing /home/airflow/.local/lib/python3.6/site-packages/airflow/example_dags/example_kubernetes_executor.py took 0.058 seconds
[2023-11-21 09:45:13,791] {processor.py:162} INFO - Started process (PID=1121) to work on /home/airflow/.local/lib/python3.6/site-packages/airflow/example_dags/example_kubernetes_executor.py
[2023-11-21 09:45:13,792] {processor.py:613} INFO - Processing file /home/airflow/.local/lib/python3.6/site-packages/airflow/example_dags/example_kubernetes_executor.py for tasks to queue
[2023-11-21 09:45:13,792] {logging_mixin.py:109} INFO - [2023-11-21 09:45:13,792] {dagbag.py:496} INFO - Filling up the DagBag from /home/airflow/.local/lib/python3.6/site-packages/airflow/example_dags/example_kubernetes_executor.py
[2023-11-21 09:45:13,802] {processor.py:623} INFO - DAG(s) dict_keys(['example_kubernetes_executor']) retrieved from /home/airflow/.local/lib/python3.6/site-packages/airflow/example_dags/example_kubernetes_executor.py
[2023-11-21 09:45:13,823] {logging_mixin.py:109} INFO - [2023-11-21 09:45:13,823] {dag.py:1834} INFO - Sync 1 DAGs
[2023-11-21 09:45:13,836] {logging_mixin.py:109} INFO - [2023-11-21 09:45:13,836] {dag.py:2287} INFO - Setting next_dagrun for example_kubernetes_executor to None
[2023-11-21 09:45:13,849] {processor.py:170} INFO - Processing /home/airflow/.local/lib/python3.6/site-packages/airflow/example_dags/example_kubernetes_executor.py took 0.061 seconds
[2023-11-21 09:46:15,927] {processor.py:162} INFO - Started process (PID=182) to work on /home/airflow/.local/lib/python3.6/site-packages/airflow/example_dags/example_kubernetes_executor.py
[2023-11-21 09:46:15,927] {processor.py:613} INFO - Processing file /home/airflow/.local/lib/python3.6/site-packages/airflow/example_dags/example_kubernetes_executor.py for tasks to queue
[2023-11-21 09:46:15,928] {logging_mixin.py:109} INFO - [2023-11-21 09:46:15,928] {dagbag.py:496} INFO - Filling up the DagBag from /home/airflow/.local/lib/python3.6/site-packages/airflow/example_dags/example_kubernetes_executor.py
[2023-11-21 09:46:15,937] {processor.py:623} INFO - DAG(s) dict_keys(['example_kubernetes_executor']) retrieved from /home/airflow/.local/lib/python3.6/site-packages/airflow/example_dags/example_kubernetes_executor.py
[2023-11-21 09:46:15,955] {logging_mixin.py:109} INFO - [2023-11-21 09:46:15,955] {dag.py:1834} INFO - Sync 1 DAGs
[2023-11-21 09:46:15,967] {logging_mixin.py:109} INFO - [2023-11-21 09:46:15,967] {dag.py:2287} INFO - Setting next_dagrun for example_kubernetes_executor to None
[2023-11-21 09:46:15,980] {processor.py:170} INFO - Processing /home/airflow/.local/lib/python3.6/site-packages/airflow/example_dags/example_kubernetes_executor.py took 0.055 seconds
[2023-11-21 09:46:46,031] {processor.py:162} INFO - Started process (PID=385) to work on /home/airflow/.local/lib/python3.6/site-packages/airflow/example_dags/example_kubernetes_executor.py
[2023-11-21 09:46:46,032] {processor.py:613} INFO - Processing file /home/airflow/.local/lib/python3.6/site-packages/airflow/example_dags/example_kubernetes_executor.py for tasks to queue
[2023-11-21 09:46:46,032] {logging_mixin.py:109} INFO - [2023-11-21 09:46:46,032] {dagbag.py:496} INFO - Filling up the DagBag from /home/airflow/.local/lib/python3.6/site-packages/airflow/example_dags/example_kubernetes_executor.py
[2023-11-21 09:46:46,041] {processor.py:623} INFO - DAG(s) dict_keys(['example_kubernetes_executor']) retrieved from /home/airflow/.local/lib/python3.6/site-packages/airflow/example_dags/example_kubernetes_executor.py
[2023-11-21 09:46:46,058] {logging_mixin.py:109} INFO - [2023-11-21 09:46:46,057] {dag.py:1834} INFO - Sync 1 DAGs
[2023-11-21 09:46:46,068] {logging_mixin.py:109} INFO - [2023-11-21 09:46:46,068] {dag.py:2287} INFO - Setting next_dagrun for example_kubernetes_executor to None
[2023-11-21 09:46:46,139] {processor.py:170} INFO - Processing /home/airflow/.local/lib/python3.6/site-packages/airflow/example_dags/example_kubernetes_executor.py took 0.110 seconds
[2023-11-21 09:47:16,206] {processor.py:162} INFO - Started process (PID=566) to work on /home/airflow/.local/lib/python3.6/site-packages/airflow/example_dags/example_kubernetes_executor.py
[2023-11-21 09:47:16,206] {processor.py:613} INFO - Processing file /home/airflow/.local/lib/python3.6/site-packages/airflow/example_dags/example_kubernetes_executor.py for tasks to queue
[2023-11-21 09:47:16,207] {logging_mixin.py:109} INFO - [2023-11-21 09:47:16,207] {dagbag.py:496} INFO - Filling up the DagBag from /home/airflow/.local/lib/python3.6/site-packages/airflow/example_dags/example_kubernetes_executor.py
[2023-11-21 09:47:16,215] {processor.py:623} INFO - DAG(s) dict_keys(['example_kubernetes_executor']) retrieved from /home/airflow/.local/lib/python3.6/site-packages/airflow/example_dags/example_kubernetes_executor.py
[2023-11-21 09:47:16,233] {logging_mixin.py:109} INFO - [2023-11-21 09:47:16,233] {dag.py:1834} INFO - Sync 1 DAGs
[2023-11-21 09:47:16,243] {logging_mixin.py:109} INFO - [2023-11-21 09:47:16,243] {dag.py:2287} INFO - Setting next_dagrun for example_kubernetes_executor to None
[2023-11-21 09:47:16,252] {processor.py:170} INFO - Processing /home/airflow/.local/lib/python3.6/site-packages/airflow/example_dags/example_kubernetes_executor.py took 0.049 seconds
[2023-11-21 09:47:46,584] {processor.py:162} INFO - Started process (PID=754) to work on /home/airflow/.local/lib/python3.6/site-packages/airflow/example_dags/example_kubernetes_executor.py
[2023-11-21 09:47:46,585] {processor.py:613} INFO - Processing file /home/airflow/.local/lib/python3.6/site-packages/airflow/example_dags/example_kubernetes_executor.py for tasks to queue
[2023-11-21 09:47:46,585] {logging_mixin.py:109} INFO - [2023-11-21 09:47:46,585] {dagbag.py:496} INFO - Filling up the DagBag from /home/airflow/.local/lib/python3.6/site-packages/airflow/example_dags/example_kubernetes_executor.py
[2023-11-21 09:47:46,594] {processor.py:623} INFO - DAG(s) dict_keys(['example_kubernetes_executor']) retrieved from /home/airflow/.local/lib/python3.6/site-packages/airflow/example_dags/example_kubernetes_executor.py
[2023-11-21 09:47:46,611] {logging_mixin.py:109} INFO - [2023-11-21 09:47:46,611] {dag.py:1834} INFO - Sync 1 DAGs
[2023-11-21 09:47:46,622] {logging_mixin.py:109} INFO - [2023-11-21 09:47:46,622] {dag.py:2287} INFO - Setting next_dagrun for example_kubernetes_executor to None
[2023-11-21 09:47:46,633] {processor.py:170} INFO - Processing /home/airflow/.local/lib/python3.6/site-packages/airflow/example_dags/example_kubernetes_executor.py took 0.051 seconds
