[2023-11-21 09:42:45,563] {processor.py:162} INFO - Started process (PID=296) to work on /home/airflow/.local/lib/python3.6/site-packages/airflow/example_dags/example_branch_datetime_operator.py
[2023-11-21 09:42:45,563] {processor.py:613} INFO - Processing file /home/airflow/.local/lib/python3.6/site-packages/airflow/example_dags/example_branch_datetime_operator.py for tasks to queue
[2023-11-21 09:42:45,564] {logging_mixin.py:109} INFO - [2023-11-21 09:42:45,564] {dagbag.py:496} INFO - Filling up the DagBag from /home/airflow/.local/lib/python3.6/site-packages/airflow/example_dags/example_branch_datetime_operator.py
[2023-11-21 09:42:45,582] {processor.py:623} INFO - DAG(s) dict_keys(['example_branch_datetime_operator_2']) retrieved from /home/airflow/.local/lib/python3.6/site-packages/airflow/example_dags/example_branch_datetime_operator.py
[2023-11-21 09:42:45,599] {logging_mixin.py:109} INFO - [2023-11-21 09:42:45,599] {dag.py:1834} INFO - Sync 1 DAGs
[2023-11-21 09:42:45,613] {logging_mixin.py:109} INFO - [2023-11-21 09:42:45,613] {dag.py:2287} INFO - Setting next_dagrun for example_branch_datetime_operator_2 to 2023-11-19 00:00:00+00:00
[2023-11-21 09:42:45,632] {processor.py:170} INFO - Processing /home/airflow/.local/lib/python3.6/site-packages/airflow/example_dags/example_branch_datetime_operator.py took 0.072 seconds
[2023-11-21 09:43:15,965] {processor.py:162} INFO - Started process (PID=472) to work on /home/airflow/.local/lib/python3.6/site-packages/airflow/example_dags/example_branch_datetime_operator.py
[2023-11-21 09:43:15,965] {processor.py:613} INFO - Processing file /home/airflow/.local/lib/python3.6/site-packages/airflow/example_dags/example_branch_datetime_operator.py for tasks to queue
[2023-11-21 09:43:15,966] {logging_mixin.py:109} INFO - [2023-11-21 09:43:15,966] {dagbag.py:496} INFO - Filling up the DagBag from /home/airflow/.local/lib/python3.6/site-packages/airflow/example_dags/example_branch_datetime_operator.py
[2023-11-21 09:43:15,976] {processor.py:623} INFO - DAG(s) dict_keys(['example_branch_datetime_operator_2']) retrieved from /home/airflow/.local/lib/python3.6/site-packages/airflow/example_dags/example_branch_datetime_operator.py
[2023-11-21 09:43:15,993] {logging_mixin.py:109} INFO - [2023-11-21 09:43:15,993] {dag.py:1834} INFO - Sync 1 DAGs
[2023-11-21 09:43:16,006] {logging_mixin.py:109} INFO - [2023-11-21 09:43:16,006] {dag.py:2287} INFO - Setting next_dagrun for example_branch_datetime_operator_2 to 2023-11-19 00:00:00+00:00
[2023-11-21 09:43:16,063] {processor.py:170} INFO - Processing /home/airflow/.local/lib/python3.6/site-packages/airflow/example_dags/example_branch_datetime_operator.py took 0.101 seconds
[2023-11-21 09:43:46,443] {processor.py:162} INFO - Started process (PID=664) to work on /home/airflow/.local/lib/python3.6/site-packages/airflow/example_dags/example_branch_datetime_operator.py
[2023-11-21 09:43:46,444] {processor.py:613} INFO - Processing file /home/airflow/.local/lib/python3.6/site-packages/airflow/example_dags/example_branch_datetime_operator.py for tasks to queue
[2023-11-21 09:43:46,445] {logging_mixin.py:109} INFO - [2023-11-21 09:43:46,445] {dagbag.py:496} INFO - Filling up the DagBag from /home/airflow/.local/lib/python3.6/site-packages/airflow/example_dags/example_branch_datetime_operator.py
[2023-11-21 09:43:46,460] {processor.py:623} INFO - DAG(s) dict_keys(['example_branch_datetime_operator_2']) retrieved from /home/airflow/.local/lib/python3.6/site-packages/airflow/example_dags/example_branch_datetime_operator.py
[2023-11-21 09:43:46,480] {logging_mixin.py:109} INFO - [2023-11-21 09:43:46,480] {dag.py:1834} INFO - Sync 1 DAGs
[2023-11-21 09:43:46,493] {logging_mixin.py:109} INFO - [2023-11-21 09:43:46,493] {dag.py:2287} INFO - Setting next_dagrun for example_branch_datetime_operator_2 to 2023-11-19 00:00:00+00:00
[2023-11-21 09:43:46,504] {processor.py:170} INFO - Processing /home/airflow/.local/lib/python3.6/site-packages/airflow/example_dags/example_branch_datetime_operator.py took 0.063 seconds
[2023-11-21 09:44:16,992] {processor.py:162} INFO - Started process (PID=844) to work on /home/airflow/.local/lib/python3.6/site-packages/airflow/example_dags/example_branch_datetime_operator.py
[2023-11-21 09:44:16,993] {processor.py:613} INFO - Processing file /home/airflow/.local/lib/python3.6/site-packages/airflow/example_dags/example_branch_datetime_operator.py for tasks to queue
[2023-11-21 09:44:16,993] {logging_mixin.py:109} INFO - [2023-11-21 09:44:16,993] {dagbag.py:496} INFO - Filling up the DagBag from /home/airflow/.local/lib/python3.6/site-packages/airflow/example_dags/example_branch_datetime_operator.py
[2023-11-21 09:44:17,002] {processor.py:623} INFO - DAG(s) dict_keys(['example_branch_datetime_operator_2']) retrieved from /home/airflow/.local/lib/python3.6/site-packages/airflow/example_dags/example_branch_datetime_operator.py
[2023-11-21 09:44:17,020] {logging_mixin.py:109} INFO - [2023-11-21 09:44:17,020] {dag.py:1834} INFO - Sync 1 DAGs
[2023-11-21 09:44:17,033] {logging_mixin.py:109} INFO - [2023-11-21 09:44:17,033] {dag.py:2287} INFO - Setting next_dagrun for example_branch_datetime_operator_2 to 2023-11-19 00:00:00+00:00
[2023-11-21 09:44:17,043] {processor.py:170} INFO - Processing /home/airflow/.local/lib/python3.6/site-packages/airflow/example_dags/example_branch_datetime_operator.py took 0.053 seconds
[2023-11-21 09:44:47,305] {processor.py:162} INFO - Started process (PID=1034) to work on /home/airflow/.local/lib/python3.6/site-packages/airflow/example_dags/example_branch_datetime_operator.py
[2023-11-21 09:44:47,307] {processor.py:613} INFO - Processing file /home/airflow/.local/lib/python3.6/site-packages/airflow/example_dags/example_branch_datetime_operator.py for tasks to queue
[2023-11-21 09:44:47,307] {logging_mixin.py:109} INFO - [2023-11-21 09:44:47,307] {dagbag.py:496} INFO - Filling up the DagBag from /home/airflow/.local/lib/python3.6/site-packages/airflow/example_dags/example_branch_datetime_operator.py
[2023-11-21 09:44:47,316] {processor.py:623} INFO - DAG(s) dict_keys(['example_branch_datetime_operator_2']) retrieved from /home/airflow/.local/lib/python3.6/site-packages/airflow/example_dags/example_branch_datetime_operator.py
[2023-11-21 09:44:47,335] {logging_mixin.py:109} INFO - [2023-11-21 09:44:47,335] {dag.py:1834} INFO - Sync 1 DAGs
[2023-11-21 09:44:47,349] {logging_mixin.py:109} INFO - [2023-11-21 09:44:47,348] {dag.py:2287} INFO - Setting next_dagrun for example_branch_datetime_operator_2 to 2023-11-19 00:00:00+00:00
[2023-11-21 09:44:47,361] {processor.py:170} INFO - Processing /home/airflow/.local/lib/python3.6/site-packages/airflow/example_dags/example_branch_datetime_operator.py took 0.058 seconds
[2023-11-21 09:45:17,656] {processor.py:162} INFO - Started process (PID=1221) to work on /home/airflow/.local/lib/python3.6/site-packages/airflow/example_dags/example_branch_datetime_operator.py
[2023-11-21 09:45:17,657] {processor.py:613} INFO - Processing file /home/airflow/.local/lib/python3.6/site-packages/airflow/example_dags/example_branch_datetime_operator.py for tasks to queue
[2023-11-21 09:45:17,657] {logging_mixin.py:109} INFO - [2023-11-21 09:45:17,657] {dagbag.py:496} INFO - Filling up the DagBag from /home/airflow/.local/lib/python3.6/site-packages/airflow/example_dags/example_branch_datetime_operator.py
[2023-11-21 09:45:17,667] {processor.py:623} INFO - DAG(s) dict_keys(['example_branch_datetime_operator_2']) retrieved from /home/airflow/.local/lib/python3.6/site-packages/airflow/example_dags/example_branch_datetime_operator.py
[2023-11-21 09:45:17,686] {logging_mixin.py:109} INFO - [2023-11-21 09:45:17,686] {dag.py:1834} INFO - Sync 1 DAGs
[2023-11-21 09:45:17,700] {logging_mixin.py:109} INFO - [2023-11-21 09:45:17,700] {dag.py:2287} INFO - Setting next_dagrun for example_branch_datetime_operator_2 to 2023-11-19 00:00:00+00:00
[2023-11-21 09:45:17,713] {processor.py:170} INFO - Processing /home/airflow/.local/lib/python3.6/site-packages/airflow/example_dags/example_branch_datetime_operator.py took 0.059 seconds
[2023-11-21 09:46:18,281] {processor.py:162} INFO - Started process (PID=294) to work on /home/airflow/.local/lib/python3.6/site-packages/airflow/example_dags/example_branch_datetime_operator.py
[2023-11-21 09:46:18,282] {processor.py:613} INFO - Processing file /home/airflow/.local/lib/python3.6/site-packages/airflow/example_dags/example_branch_datetime_operator.py for tasks to queue
[2023-11-21 09:46:18,284] {logging_mixin.py:109} INFO - [2023-11-21 09:46:18,283] {dagbag.py:496} INFO - Filling up the DagBag from /home/airflow/.local/lib/python3.6/site-packages/airflow/example_dags/example_branch_datetime_operator.py
[2023-11-21 09:46:18,302] {processor.py:623} INFO - DAG(s) dict_keys(['example_branch_datetime_operator_2']) retrieved from /home/airflow/.local/lib/python3.6/site-packages/airflow/example_dags/example_branch_datetime_operator.py
[2023-11-21 09:46:18,327] {logging_mixin.py:109} INFO - [2023-11-21 09:46:18,327] {dag.py:1834} INFO - Sync 1 DAGs
[2023-11-21 09:46:18,348] {logging_mixin.py:109} INFO - [2023-11-21 09:46:18,348] {dag.py:2287} INFO - Setting next_dagrun for example_branch_datetime_operator_2 to 2023-11-19 00:00:00+00:00
[2023-11-21 09:46:18,360] {processor.py:170} INFO - Processing /home/airflow/.local/lib/python3.6/site-packages/airflow/example_dags/example_branch_datetime_operator.py took 0.081 seconds
[2023-11-21 09:46:49,195] {processor.py:162} INFO - Started process (PID=472) to work on /home/airflow/.local/lib/python3.6/site-packages/airflow/example_dags/example_branch_datetime_operator.py
[2023-11-21 09:46:49,197] {processor.py:613} INFO - Processing file /home/airflow/.local/lib/python3.6/site-packages/airflow/example_dags/example_branch_datetime_operator.py for tasks to queue
[2023-11-21 09:46:49,197] {logging_mixin.py:109} INFO - [2023-11-21 09:46:49,197] {dagbag.py:496} INFO - Filling up the DagBag from /home/airflow/.local/lib/python3.6/site-packages/airflow/example_dags/example_branch_datetime_operator.py
[2023-11-21 09:46:49,206] {processor.py:623} INFO - DAG(s) dict_keys(['example_branch_datetime_operator_2']) retrieved from /home/airflow/.local/lib/python3.6/site-packages/airflow/example_dags/example_branch_datetime_operator.py
[2023-11-21 09:46:49,225] {logging_mixin.py:109} INFO - [2023-11-21 09:46:49,224] {dag.py:1834} INFO - Sync 1 DAGs
[2023-11-21 09:46:49,237] {logging_mixin.py:109} INFO - [2023-11-21 09:46:49,236] {dag.py:2287} INFO - Setting next_dagrun for example_branch_datetime_operator_2 to 2023-11-19 00:00:00+00:00
[2023-11-21 09:46:49,247] {processor.py:170} INFO - Processing /home/airflow/.local/lib/python3.6/site-packages/airflow/example_dags/example_branch_datetime_operator.py took 0.054 seconds
[2023-11-21 09:47:19,978] {processor.py:162} INFO - Started process (PID=663) to work on /home/airflow/.local/lib/python3.6/site-packages/airflow/example_dags/example_branch_datetime_operator.py
[2023-11-21 09:47:19,978] {processor.py:613} INFO - Processing file /home/airflow/.local/lib/python3.6/site-packages/airflow/example_dags/example_branch_datetime_operator.py for tasks to queue
[2023-11-21 09:47:19,979] {logging_mixin.py:109} INFO - [2023-11-21 09:47:19,979] {dagbag.py:496} INFO - Filling up the DagBag from /home/airflow/.local/lib/python3.6/site-packages/airflow/example_dags/example_branch_datetime_operator.py
[2023-11-21 09:47:19,987] {processor.py:623} INFO - DAG(s) dict_keys(['example_branch_datetime_operator_2']) retrieved from /home/airflow/.local/lib/python3.6/site-packages/airflow/example_dags/example_branch_datetime_operator.py
[2023-11-21 09:47:20,003] {logging_mixin.py:109} INFO - [2023-11-21 09:47:20,003] {dag.py:1834} INFO - Sync 1 DAGs
[2023-11-21 09:47:20,016] {logging_mixin.py:109} INFO - [2023-11-21 09:47:20,016] {dag.py:2287} INFO - Setting next_dagrun for example_branch_datetime_operator_2 to 2023-11-19 00:00:00+00:00
[2023-11-21 09:47:20,029] {processor.py:170} INFO - Processing /home/airflow/.local/lib/python3.6/site-packages/airflow/example_dags/example_branch_datetime_operator.py took 0.053 seconds
[2023-11-21 09:47:50,353] {processor.py:162} INFO - Started process (PID=844) to work on /home/airflow/.local/lib/python3.6/site-packages/airflow/example_dags/example_branch_datetime_operator.py
[2023-11-21 09:47:50,354] {processor.py:613} INFO - Processing file /home/airflow/.local/lib/python3.6/site-packages/airflow/example_dags/example_branch_datetime_operator.py for tasks to queue
[2023-11-21 09:47:50,354] {logging_mixin.py:109} INFO - [2023-11-21 09:47:50,354] {dagbag.py:496} INFO - Filling up the DagBag from /home/airflow/.local/lib/python3.6/site-packages/airflow/example_dags/example_branch_datetime_operator.py
[2023-11-21 09:47:50,364] {processor.py:623} INFO - DAG(s) dict_keys(['example_branch_datetime_operator_2']) retrieved from /home/airflow/.local/lib/python3.6/site-packages/airflow/example_dags/example_branch_datetime_operator.py
[2023-11-21 09:47:50,384] {logging_mixin.py:109} INFO - [2023-11-21 09:47:50,384] {dag.py:1834} INFO - Sync 1 DAGs
[2023-11-21 09:47:50,399] {logging_mixin.py:109} INFO - [2023-11-21 09:47:50,399] {dag.py:2287} INFO - Setting next_dagrun for example_branch_datetime_operator_2 to 2023-11-19 00:00:00+00:00
[2023-11-21 09:47:50,410] {processor.py:170} INFO - Processing /home/airflow/.local/lib/python3.6/site-packages/airflow/example_dags/example_branch_datetime_operator.py took 0.060 seconds
