[2023-11-21 09:42:45,221] {processor.py:162} INFO - Started process (PID=281) to work on /home/airflow/.local/lib/python3.6/site-packages/airflow/example_dags/example_branch_operator.py
[2023-11-21 09:42:45,222] {processor.py:613} INFO - Processing file /home/airflow/.local/lib/python3.6/site-packages/airflow/example_dags/example_branch_operator.py for tasks to queue
[2023-11-21 09:42:45,223] {logging_mixin.py:109} INFO - [2023-11-21 09:42:45,223] {dagbag.py:496} INFO - Filling up the DagBag from /home/airflow/.local/lib/python3.6/site-packages/airflow/example_dags/example_branch_operator.py
[2023-11-21 09:42:45,236] {processor.py:623} INFO - DAG(s) dict_keys(['example_branch_operator']) retrieved from /home/airflow/.local/lib/python3.6/site-packages/airflow/example_dags/example_branch_operator.py
[2023-11-21 09:42:45,256] {logging_mixin.py:109} INFO - [2023-11-21 09:42:45,256] {dag.py:1834} INFO - Sync 1 DAGs
[2023-11-21 09:42:45,270] {logging_mixin.py:109} INFO - [2023-11-21 09:42:45,269] {dag.py:2287} INFO - Setting next_dagrun for example_branch_operator to 2023-11-19 00:00:00+00:00
[2023-11-21 09:42:45,319] {processor.py:170} INFO - Processing /home/airflow/.local/lib/python3.6/site-packages/airflow/example_dags/example_branch_operator.py took 0.102 seconds
[2023-11-21 09:43:15,628] {processor.py:162} INFO - Started process (PID=457) to work on /home/airflow/.local/lib/python3.6/site-packages/airflow/example_dags/example_branch_operator.py
[2023-11-21 09:43:15,640] {processor.py:613} INFO - Processing file /home/airflow/.local/lib/python3.6/site-packages/airflow/example_dags/example_branch_operator.py for tasks to queue
[2023-11-21 09:43:15,641] {logging_mixin.py:109} INFO - [2023-11-21 09:43:15,640] {dagbag.py:496} INFO - Filling up the DagBag from /home/airflow/.local/lib/python3.6/site-packages/airflow/example_dags/example_branch_operator.py
[2023-11-21 09:43:15,652] {processor.py:623} INFO - DAG(s) dict_keys(['example_branch_operator']) retrieved from /home/airflow/.local/lib/python3.6/site-packages/airflow/example_dags/example_branch_operator.py
[2023-11-21 09:43:15,672] {logging_mixin.py:109} INFO - [2023-11-21 09:43:15,672] {dag.py:1834} INFO - Sync 1 DAGs
[2023-11-21 09:43:15,686] {logging_mixin.py:109} INFO - [2023-11-21 09:43:15,686] {dag.py:2287} INFO - Setting next_dagrun for example_branch_operator to 2023-11-19 00:00:00+00:00
[2023-11-21 09:43:15,765] {processor.py:170} INFO - Processing /home/airflow/.local/lib/python3.6/site-packages/airflow/example_dags/example_branch_operator.py took 0.139 seconds
[2023-11-21 09:43:46,284] {processor.py:162} INFO - Started process (PID=649) to work on /home/airflow/.local/lib/python3.6/site-packages/airflow/example_dags/example_branch_operator.py
[2023-11-21 09:43:46,285] {processor.py:613} INFO - Processing file /home/airflow/.local/lib/python3.6/site-packages/airflow/example_dags/example_branch_operator.py for tasks to queue
[2023-11-21 09:43:46,285] {logging_mixin.py:109} INFO - [2023-11-21 09:43:46,285] {dagbag.py:496} INFO - Filling up the DagBag from /home/airflow/.local/lib/python3.6/site-packages/airflow/example_dags/example_branch_operator.py
[2023-11-21 09:43:46,298] {processor.py:623} INFO - DAG(s) dict_keys(['example_branch_operator']) retrieved from /home/airflow/.local/lib/python3.6/site-packages/airflow/example_dags/example_branch_operator.py
[2023-11-21 09:43:46,320] {logging_mixin.py:109} INFO - [2023-11-21 09:43:46,320] {dag.py:1834} INFO - Sync 1 DAGs
[2023-11-21 09:43:46,332] {logging_mixin.py:109} INFO - [2023-11-21 09:43:46,332] {dag.py:2287} INFO - Setting next_dagrun for example_branch_operator to 2023-11-19 00:00:00+00:00
[2023-11-21 09:43:46,345] {processor.py:170} INFO - Processing /home/airflow/.local/lib/python3.6/site-packages/airflow/example_dags/example_branch_operator.py took 0.063 seconds
[2023-11-21 09:44:16,768] {processor.py:162} INFO - Started process (PID=827) to work on /home/airflow/.local/lib/python3.6/site-packages/airflow/example_dags/example_branch_operator.py
[2023-11-21 09:44:16,769] {processor.py:613} INFO - Processing file /home/airflow/.local/lib/python3.6/site-packages/airflow/example_dags/example_branch_operator.py for tasks to queue
[2023-11-21 09:44:16,770] {logging_mixin.py:109} INFO - [2023-11-21 09:44:16,770] {dagbag.py:496} INFO - Filling up the DagBag from /home/airflow/.local/lib/python3.6/site-packages/airflow/example_dags/example_branch_operator.py
[2023-11-21 09:44:16,782] {processor.py:623} INFO - DAG(s) dict_keys(['example_branch_operator']) retrieved from /home/airflow/.local/lib/python3.6/site-packages/airflow/example_dags/example_branch_operator.py
[2023-11-21 09:44:16,803] {logging_mixin.py:109} INFO - [2023-11-21 09:44:16,803] {dag.py:1834} INFO - Sync 1 DAGs
[2023-11-21 09:44:16,818] {logging_mixin.py:109} INFO - [2023-11-21 09:44:16,818] {dag.py:2287} INFO - Setting next_dagrun for example_branch_operator to 2023-11-19 00:00:00+00:00
[2023-11-21 09:44:16,829] {processor.py:170} INFO - Processing /home/airflow/.local/lib/python3.6/site-packages/airflow/example_dags/example_branch_operator.py took 0.063 seconds
[2023-11-21 09:44:47,085] {processor.py:162} INFO - Started process (PID=1017) to work on /home/airflow/.local/lib/python3.6/site-packages/airflow/example_dags/example_branch_operator.py
[2023-11-21 09:44:47,085] {processor.py:613} INFO - Processing file /home/airflow/.local/lib/python3.6/site-packages/airflow/example_dags/example_branch_operator.py for tasks to queue
[2023-11-21 09:44:47,086] {logging_mixin.py:109} INFO - [2023-11-21 09:44:47,086] {dagbag.py:496} INFO - Filling up the DagBag from /home/airflow/.local/lib/python3.6/site-packages/airflow/example_dags/example_branch_operator.py
[2023-11-21 09:44:47,097] {processor.py:623} INFO - DAG(s) dict_keys(['example_branch_operator']) retrieved from /home/airflow/.local/lib/python3.6/site-packages/airflow/example_dags/example_branch_operator.py
[2023-11-21 09:44:47,115] {logging_mixin.py:109} INFO - [2023-11-21 09:44:47,115] {dag.py:1834} INFO - Sync 1 DAGs
[2023-11-21 09:44:47,128] {logging_mixin.py:109} INFO - [2023-11-21 09:44:47,128] {dag.py:2287} INFO - Setting next_dagrun for example_branch_operator to 2023-11-19 00:00:00+00:00
[2023-11-21 09:44:47,139] {processor.py:170} INFO - Processing /home/airflow/.local/lib/python3.6/site-packages/airflow/example_dags/example_branch_operator.py took 0.057 seconds
[2023-11-21 09:45:17,492] {processor.py:162} INFO - Started process (PID=1204) to work on /home/airflow/.local/lib/python3.6/site-packages/airflow/example_dags/example_branch_operator.py
[2023-11-21 09:45:17,494] {processor.py:613} INFO - Processing file /home/airflow/.local/lib/python3.6/site-packages/airflow/example_dags/example_branch_operator.py for tasks to queue
[2023-11-21 09:45:17,495] {logging_mixin.py:109} INFO - [2023-11-21 09:45:17,494] {dagbag.py:496} INFO - Filling up the DagBag from /home/airflow/.local/lib/python3.6/site-packages/airflow/example_dags/example_branch_operator.py
[2023-11-21 09:45:17,506] {processor.py:623} INFO - DAG(s) dict_keys(['example_branch_operator']) retrieved from /home/airflow/.local/lib/python3.6/site-packages/airflow/example_dags/example_branch_operator.py
[2023-11-21 09:45:17,529] {logging_mixin.py:109} INFO - [2023-11-21 09:45:17,529] {dag.py:1834} INFO - Sync 1 DAGs
[2023-11-21 09:45:17,544] {logging_mixin.py:109} INFO - [2023-11-21 09:45:17,544] {dag.py:2287} INFO - Setting next_dagrun for example_branch_operator to 2023-11-19 00:00:00+00:00
[2023-11-21 09:45:17,556] {processor.py:170} INFO - Processing /home/airflow/.local/lib/python3.6/site-packages/airflow/example_dags/example_branch_operator.py took 0.066 seconds
[2023-11-21 09:46:17,906] {processor.py:162} INFO - Started process (PID=272) to work on /home/airflow/.local/lib/python3.6/site-packages/airflow/example_dags/example_branch_operator.py
[2023-11-21 09:46:17,931] {processor.py:613} INFO - Processing file /home/airflow/.local/lib/python3.6/site-packages/airflow/example_dags/example_branch_operator.py for tasks to queue
[2023-11-21 09:46:17,932] {logging_mixin.py:109} INFO - [2023-11-21 09:46:17,931] {dagbag.py:496} INFO - Filling up the DagBag from /home/airflow/.local/lib/python3.6/site-packages/airflow/example_dags/example_branch_operator.py
[2023-11-21 09:46:17,944] {processor.py:623} INFO - DAG(s) dict_keys(['example_branch_operator']) retrieved from /home/airflow/.local/lib/python3.6/site-packages/airflow/example_dags/example_branch_operator.py
[2023-11-21 09:46:17,965] {logging_mixin.py:109} INFO - [2023-11-21 09:46:17,964] {dag.py:1834} INFO - Sync 1 DAGs
[2023-11-21 09:46:17,979] {logging_mixin.py:109} INFO - [2023-11-21 09:46:17,979] {dag.py:2287} INFO - Setting next_dagrun for example_branch_operator to 2023-11-19 00:00:00+00:00
[2023-11-21 09:46:18,046] {processor.py:170} INFO - Processing /home/airflow/.local/lib/python3.6/site-packages/airflow/example_dags/example_branch_operator.py took 0.143 seconds
[2023-11-21 09:46:48,118] {processor.py:162} INFO - Started process (PID=460) to work on /home/airflow/.local/lib/python3.6/site-packages/airflow/example_dags/example_branch_operator.py
[2023-11-21 09:46:48,120] {processor.py:613} INFO - Processing file /home/airflow/.local/lib/python3.6/site-packages/airflow/example_dags/example_branch_operator.py for tasks to queue
[2023-11-21 09:46:48,120] {logging_mixin.py:109} INFO - [2023-11-21 09:46:48,120] {dagbag.py:496} INFO - Filling up the DagBag from /home/airflow/.local/lib/python3.6/site-packages/airflow/example_dags/example_branch_operator.py
[2023-11-21 09:46:48,130] {processor.py:623} INFO - DAG(s) dict_keys(['example_branch_operator']) retrieved from /home/airflow/.local/lib/python3.6/site-packages/airflow/example_dags/example_branch_operator.py
[2023-11-21 09:46:48,147] {logging_mixin.py:109} INFO - [2023-11-21 09:46:48,147] {dag.py:1834} INFO - Sync 1 DAGs
[2023-11-21 09:46:48,159] {logging_mixin.py:109} INFO - [2023-11-21 09:46:48,159] {dag.py:2287} INFO - Setting next_dagrun for example_branch_operator to 2023-11-19 00:00:00+00:00
[2023-11-21 09:46:48,169] {processor.py:170} INFO - Processing /home/airflow/.local/lib/python3.6/site-packages/airflow/example_dags/example_branch_operator.py took 0.053 seconds
[2023-11-21 09:47:18,895] {processor.py:162} INFO - Started process (PID=649) to work on /home/airflow/.local/lib/python3.6/site-packages/airflow/example_dags/example_branch_operator.py
[2023-11-21 09:47:18,896] {processor.py:613} INFO - Processing file /home/airflow/.local/lib/python3.6/site-packages/airflow/example_dags/example_branch_operator.py for tasks to queue
[2023-11-21 09:47:18,896] {logging_mixin.py:109} INFO - [2023-11-21 09:47:18,896] {dagbag.py:496} INFO - Filling up the DagBag from /home/airflow/.local/lib/python3.6/site-packages/airflow/example_dags/example_branch_operator.py
[2023-11-21 09:47:18,907] {processor.py:623} INFO - DAG(s) dict_keys(['example_branch_operator']) retrieved from /home/airflow/.local/lib/python3.6/site-packages/airflow/example_dags/example_branch_operator.py
[2023-11-21 09:47:18,927] {logging_mixin.py:109} INFO - [2023-11-21 09:47:18,927] {dag.py:1834} INFO - Sync 1 DAGs
[2023-11-21 09:47:18,941] {logging_mixin.py:109} INFO - [2023-11-21 09:47:18,941] {dag.py:2287} INFO - Setting next_dagrun for example_branch_operator to 2023-11-19 00:00:00+00:00
[2023-11-21 09:47:18,953] {processor.py:170} INFO - Processing /home/airflow/.local/lib/python3.6/site-packages/airflow/example_dags/example_branch_operator.py took 0.060 seconds
[2023-11-21 09:47:49,206] {processor.py:162} INFO - Started process (PID=829) to work on /home/airflow/.local/lib/python3.6/site-packages/airflow/example_dags/example_branch_operator.py
[2023-11-21 09:47:49,208] {processor.py:613} INFO - Processing file /home/airflow/.local/lib/python3.6/site-packages/airflow/example_dags/example_branch_operator.py for tasks to queue
[2023-11-21 09:47:49,209] {logging_mixin.py:109} INFO - [2023-11-21 09:47:49,208] {dagbag.py:496} INFO - Filling up the DagBag from /home/airflow/.local/lib/python3.6/site-packages/airflow/example_dags/example_branch_operator.py
[2023-11-21 09:47:49,219] {processor.py:623} INFO - DAG(s) dict_keys(['example_branch_operator']) retrieved from /home/airflow/.local/lib/python3.6/site-packages/airflow/example_dags/example_branch_operator.py
[2023-11-21 09:47:49,238] {logging_mixin.py:109} INFO - [2023-11-21 09:47:49,238] {dag.py:1834} INFO - Sync 1 DAGs
[2023-11-21 09:47:49,250] {logging_mixin.py:109} INFO - [2023-11-21 09:47:49,249] {dag.py:2287} INFO - Setting next_dagrun for example_branch_operator to 2023-11-19 00:00:00+00:00
[2023-11-21 09:47:49,260] {processor.py:170} INFO - Processing /home/airflow/.local/lib/python3.6/site-packages/airflow/example_dags/example_branch_operator.py took 0.056 seconds
