[2023-11-21 09:42:46,172] {processor.py:162} INFO - Started process (PID=311) to work on /home/airflow/.local/lib/python3.6/site-packages/airflow/example_dags/example_trigger_controller_dag.py
[2023-11-21 09:42:46,173] {processor.py:613} INFO - Processing file /home/airflow/.local/lib/python3.6/site-packages/airflow/example_dags/example_trigger_controller_dag.py for tasks to queue
[2023-11-21 09:42:46,173] {logging_mixin.py:109} INFO - [2023-11-21 09:42:46,173] {dagbag.py:496} INFO - Filling up the DagBag from /home/airflow/.local/lib/python3.6/site-packages/airflow/example_dags/example_trigger_controller_dag.py
[2023-11-21 09:42:46,218] {processor.py:623} INFO - DAG(s) dict_keys(['example_trigger_controller_dag']) retrieved from /home/airflow/.local/lib/python3.6/site-packages/airflow/example_dags/example_trigger_controller_dag.py
[2023-11-21 09:42:46,240] {logging_mixin.py:109} INFO - [2023-11-21 09:42:46,240] {dag.py:1834} INFO - Sync 1 DAGs
[2023-11-21 09:42:46,252] {logging_mixin.py:109} INFO - [2023-11-21 09:42:46,252] {dag.py:2287} INFO - Setting next_dagrun for example_trigger_controller_dag to 2023-11-19 00:00:00+00:00
[2023-11-21 09:42:46,406] {processor.py:170} INFO - Processing /home/airflow/.local/lib/python3.6/site-packages/airflow/example_dags/example_trigger_controller_dag.py took 0.236 seconds
[2023-11-21 09:43:16,629] {processor.py:162} INFO - Started process (PID=489) to work on /home/airflow/.local/lib/python3.6/site-packages/airflow/example_dags/example_trigger_controller_dag.py
[2023-11-21 09:43:16,629] {processor.py:613} INFO - Processing file /home/airflow/.local/lib/python3.6/site-packages/airflow/example_dags/example_trigger_controller_dag.py for tasks to queue
[2023-11-21 09:43:16,630] {logging_mixin.py:109} INFO - [2023-11-21 09:43:16,630] {dagbag.py:496} INFO - Filling up the DagBag from /home/airflow/.local/lib/python3.6/site-packages/airflow/example_dags/example_trigger_controller_dag.py
[2023-11-21 09:43:16,637] {processor.py:623} INFO - DAG(s) dict_keys(['example_trigger_controller_dag']) retrieved from /home/airflow/.local/lib/python3.6/site-packages/airflow/example_dags/example_trigger_controller_dag.py
[2023-11-21 09:43:16,654] {logging_mixin.py:109} INFO - [2023-11-21 09:43:16,654] {dag.py:1834} INFO - Sync 1 DAGs
[2023-11-21 09:43:16,664] {logging_mixin.py:109} INFO - [2023-11-21 09:43:16,664] {dag.py:2287} INFO - Setting next_dagrun for example_trigger_controller_dag to 2023-11-19 00:00:00+00:00
[2023-11-21 09:43:16,771] {processor.py:170} INFO - Processing /home/airflow/.local/lib/python3.6/site-packages/airflow/example_dags/example_trigger_controller_dag.py took 0.144 seconds
[2023-11-21 09:43:47,531] {processor.py:162} INFO - Started process (PID=677) to work on /home/airflow/.local/lib/python3.6/site-packages/airflow/example_dags/example_trigger_controller_dag.py
[2023-11-21 09:43:47,532] {processor.py:613} INFO - Processing file /home/airflow/.local/lib/python3.6/site-packages/airflow/example_dags/example_trigger_controller_dag.py for tasks to queue
[2023-11-21 09:43:47,533] {logging_mixin.py:109} INFO - [2023-11-21 09:43:47,532] {dagbag.py:496} INFO - Filling up the DagBag from /home/airflow/.local/lib/python3.6/site-packages/airflow/example_dags/example_trigger_controller_dag.py
[2023-11-21 09:43:47,541] {processor.py:623} INFO - DAG(s) dict_keys(['example_trigger_controller_dag']) retrieved from /home/airflow/.local/lib/python3.6/site-packages/airflow/example_dags/example_trigger_controller_dag.py
[2023-11-21 09:43:47,560] {logging_mixin.py:109} INFO - [2023-11-21 09:43:47,559] {dag.py:1834} INFO - Sync 1 DAGs
[2023-11-21 09:43:47,570] {logging_mixin.py:109} INFO - [2023-11-21 09:43:47,570] {dag.py:2287} INFO - Setting next_dagrun for example_trigger_controller_dag to 2023-11-19 00:00:00+00:00
[2023-11-21 09:43:47,579] {processor.py:170} INFO - Processing /home/airflow/.local/lib/python3.6/site-packages/airflow/example_dags/example_trigger_controller_dag.py took 0.050 seconds
[2023-11-21 09:44:18,070] {processor.py:162} INFO - Started process (PID=857) to work on /home/airflow/.local/lib/python3.6/site-packages/airflow/example_dags/example_trigger_controller_dag.py
[2023-11-21 09:44:18,070] {processor.py:613} INFO - Processing file /home/airflow/.local/lib/python3.6/site-packages/airflow/example_dags/example_trigger_controller_dag.py for tasks to queue
[2023-11-21 09:44:18,071] {logging_mixin.py:109} INFO - [2023-11-21 09:44:18,071] {dagbag.py:496} INFO - Filling up the DagBag from /home/airflow/.local/lib/python3.6/site-packages/airflow/example_dags/example_trigger_controller_dag.py
[2023-11-21 09:44:18,079] {processor.py:623} INFO - DAG(s) dict_keys(['example_trigger_controller_dag']) retrieved from /home/airflow/.local/lib/python3.6/site-packages/airflow/example_dags/example_trigger_controller_dag.py
[2023-11-21 09:44:18,099] {logging_mixin.py:109} INFO - [2023-11-21 09:44:18,099] {dag.py:1834} INFO - Sync 1 DAGs
[2023-11-21 09:44:18,112] {logging_mixin.py:109} INFO - [2023-11-21 09:44:18,112] {dag.py:2287} INFO - Setting next_dagrun for example_trigger_controller_dag to 2023-11-19 00:00:00+00:00
[2023-11-21 09:44:18,124] {processor.py:170} INFO - Processing /home/airflow/.local/lib/python3.6/site-packages/airflow/example_dags/example_trigger_controller_dag.py took 0.057 seconds
[2023-11-21 09:44:48,388] {processor.py:162} INFO - Started process (PID=1047) to work on /home/airflow/.local/lib/python3.6/site-packages/airflow/example_dags/example_trigger_controller_dag.py
[2023-11-21 09:44:48,389] {processor.py:613} INFO - Processing file /home/airflow/.local/lib/python3.6/site-packages/airflow/example_dags/example_trigger_controller_dag.py for tasks to queue
[2023-11-21 09:44:48,389] {logging_mixin.py:109} INFO - [2023-11-21 09:44:48,389] {dagbag.py:496} INFO - Filling up the DagBag from /home/airflow/.local/lib/python3.6/site-packages/airflow/example_dags/example_trigger_controller_dag.py
[2023-11-21 09:44:48,397] {processor.py:623} INFO - DAG(s) dict_keys(['example_trigger_controller_dag']) retrieved from /home/airflow/.local/lib/python3.6/site-packages/airflow/example_dags/example_trigger_controller_dag.py
[2023-11-21 09:44:48,414] {logging_mixin.py:109} INFO - [2023-11-21 09:44:48,413] {dag.py:1834} INFO - Sync 1 DAGs
[2023-11-21 09:44:48,424] {logging_mixin.py:109} INFO - [2023-11-21 09:44:48,424] {dag.py:2287} INFO - Setting next_dagrun for example_trigger_controller_dag to 2023-11-19 00:00:00+00:00
[2023-11-21 09:44:48,434] {processor.py:170} INFO - Processing /home/airflow/.local/lib/python3.6/site-packages/airflow/example_dags/example_trigger_controller_dag.py took 0.049 seconds
[2023-11-21 09:45:18,737] {processor.py:162} INFO - Started process (PID=1236) to work on /home/airflow/.local/lib/python3.6/site-packages/airflow/example_dags/example_trigger_controller_dag.py
[2023-11-21 09:45:18,738] {processor.py:613} INFO - Processing file /home/airflow/.local/lib/python3.6/site-packages/airflow/example_dags/example_trigger_controller_dag.py for tasks to queue
[2023-11-21 09:45:18,739] {logging_mixin.py:109} INFO - [2023-11-21 09:45:18,739] {dagbag.py:496} INFO - Filling up the DagBag from /home/airflow/.local/lib/python3.6/site-packages/airflow/example_dags/example_trigger_controller_dag.py
[2023-11-21 09:45:18,745] {processor.py:623} INFO - DAG(s) dict_keys(['example_trigger_controller_dag']) retrieved from /home/airflow/.local/lib/python3.6/site-packages/airflow/example_dags/example_trigger_controller_dag.py
[2023-11-21 09:45:18,763] {logging_mixin.py:109} INFO - [2023-11-21 09:45:18,763] {dag.py:1834} INFO - Sync 1 DAGs
[2023-11-21 09:45:18,774] {logging_mixin.py:109} INFO - [2023-11-21 09:45:18,774] {dag.py:2287} INFO - Setting next_dagrun for example_trigger_controller_dag to 2023-11-19 00:00:00+00:00
[2023-11-21 09:45:18,785] {processor.py:170} INFO - Processing /home/airflow/.local/lib/python3.6/site-packages/airflow/example_dags/example_trigger_controller_dag.py took 0.049 seconds
[2023-11-21 09:46:18,778] {processor.py:162} INFO - Started process (PID=311) to work on /home/airflow/.local/lib/python3.6/site-packages/airflow/example_dags/example_trigger_controller_dag.py
[2023-11-21 09:46:18,790] {processor.py:613} INFO - Processing file /home/airflow/.local/lib/python3.6/site-packages/airflow/example_dags/example_trigger_controller_dag.py for tasks to queue
[2023-11-21 09:46:18,790] {logging_mixin.py:109} INFO - [2023-11-21 09:46:18,790] {dagbag.py:496} INFO - Filling up the DagBag from /home/airflow/.local/lib/python3.6/site-packages/airflow/example_dags/example_trigger_controller_dag.py
[2023-11-21 09:46:18,801] {processor.py:623} INFO - DAG(s) dict_keys(['example_trigger_controller_dag']) retrieved from /home/airflow/.local/lib/python3.6/site-packages/airflow/example_dags/example_trigger_controller_dag.py
[2023-11-21 09:46:18,821] {logging_mixin.py:109} INFO - [2023-11-21 09:46:18,821] {dag.py:1834} INFO - Sync 1 DAGs
[2023-11-21 09:46:18,832] {logging_mixin.py:109} INFO - [2023-11-21 09:46:18,832] {dag.py:2287} INFO - Setting next_dagrun for example_trigger_controller_dag to 2023-11-19 00:00:00+00:00
[2023-11-21 09:46:18,864] {processor.py:170} INFO - Processing /home/airflow/.local/lib/python3.6/site-packages/airflow/example_dags/example_trigger_controller_dag.py took 0.089 seconds
[2023-11-21 09:46:49,472] {processor.py:162} INFO - Started process (PID=487) to work on /home/airflow/.local/lib/python3.6/site-packages/airflow/example_dags/example_trigger_controller_dag.py
[2023-11-21 09:46:49,473] {processor.py:613} INFO - Processing file /home/airflow/.local/lib/python3.6/site-packages/airflow/example_dags/example_trigger_controller_dag.py for tasks to queue
[2023-11-21 09:46:49,473] {logging_mixin.py:109} INFO - [2023-11-21 09:46:49,473] {dagbag.py:496} INFO - Filling up the DagBag from /home/airflow/.local/lib/python3.6/site-packages/airflow/example_dags/example_trigger_controller_dag.py
[2023-11-21 09:46:49,480] {processor.py:623} INFO - DAG(s) dict_keys(['example_trigger_controller_dag']) retrieved from /home/airflow/.local/lib/python3.6/site-packages/airflow/example_dags/example_trigger_controller_dag.py
[2023-11-21 09:46:49,498] {logging_mixin.py:109} INFO - [2023-11-21 09:46:49,498] {dag.py:1834} INFO - Sync 1 DAGs
[2023-11-21 09:46:49,508] {logging_mixin.py:109} INFO - [2023-11-21 09:46:49,508] {dag.py:2287} INFO - Setting next_dagrun for example_trigger_controller_dag to 2023-11-19 00:00:00+00:00
[2023-11-21 09:46:49,522] {processor.py:170} INFO - Processing /home/airflow/.local/lib/python3.6/site-packages/airflow/example_dags/example_trigger_controller_dag.py took 0.052 seconds
[2023-11-21 09:47:20,125] {processor.py:162} INFO - Started process (PID=678) to work on /home/airflow/.local/lib/python3.6/site-packages/airflow/example_dags/example_trigger_controller_dag.py
[2023-11-21 09:47:20,125] {processor.py:613} INFO - Processing file /home/airflow/.local/lib/python3.6/site-packages/airflow/example_dags/example_trigger_controller_dag.py for tasks to queue
[2023-11-21 09:47:20,126] {logging_mixin.py:109} INFO - [2023-11-21 09:47:20,126] {dagbag.py:496} INFO - Filling up the DagBag from /home/airflow/.local/lib/python3.6/site-packages/airflow/example_dags/example_trigger_controller_dag.py
[2023-11-21 09:47:20,133] {processor.py:623} INFO - DAG(s) dict_keys(['example_trigger_controller_dag']) retrieved from /home/airflow/.local/lib/python3.6/site-packages/airflow/example_dags/example_trigger_controller_dag.py
[2023-11-21 09:47:20,149] {logging_mixin.py:109} INFO - [2023-11-21 09:47:20,149] {dag.py:1834} INFO - Sync 1 DAGs
[2023-11-21 09:47:20,160] {logging_mixin.py:109} INFO - [2023-11-21 09:47:20,160] {dag.py:2287} INFO - Setting next_dagrun for example_trigger_controller_dag to 2023-11-19 00:00:00+00:00
[2023-11-21 09:47:20,169] {processor.py:170} INFO - Processing /home/airflow/.local/lib/python3.6/site-packages/airflow/example_dags/example_trigger_controller_dag.py took 0.047 seconds
[2023-11-21 09:47:50,656] {processor.py:162} INFO - Started process (PID=859) to work on /home/airflow/.local/lib/python3.6/site-packages/airflow/example_dags/example_trigger_controller_dag.py
[2023-11-21 09:47:50,657] {processor.py:613} INFO - Processing file /home/airflow/.local/lib/python3.6/site-packages/airflow/example_dags/example_trigger_controller_dag.py for tasks to queue
[2023-11-21 09:47:50,658] {logging_mixin.py:109} INFO - [2023-11-21 09:47:50,658] {dagbag.py:496} INFO - Filling up the DagBag from /home/airflow/.local/lib/python3.6/site-packages/airflow/example_dags/example_trigger_controller_dag.py
[2023-11-21 09:47:50,667] {processor.py:623} INFO - DAG(s) dict_keys(['example_trigger_controller_dag']) retrieved from /home/airflow/.local/lib/python3.6/site-packages/airflow/example_dags/example_trigger_controller_dag.py
[2023-11-21 09:47:50,691] {logging_mixin.py:109} INFO - [2023-11-21 09:47:50,689] {dag.py:1834} INFO - Sync 1 DAGs
[2023-11-21 09:47:50,737] {logging_mixin.py:109} INFO - [2023-11-21 09:47:50,737] {dag.py:2287} INFO - Setting next_dagrun for example_trigger_controller_dag to 2023-11-19 00:00:00+00:00
[2023-11-21 09:47:50,747] {processor.py:170} INFO - Processing /home/airflow/.local/lib/python3.6/site-packages/airflow/example_dags/example_trigger_controller_dag.py took 0.092 seconds
