[2023-11-21 09:42:41,584] {processor.py:162} INFO - Started process (PID=201) to work on /home/airflow/.local/lib/python3.6/site-packages/airflow/example_dags/example_dag_decorator.py
[2023-11-21 09:42:41,587] {processor.py:613} INFO - Processing file /home/airflow/.local/lib/python3.6/site-packages/airflow/example_dags/example_dag_decorator.py for tasks to queue
[2023-11-21 09:42:41,589] {logging_mixin.py:109} INFO - [2023-11-21 09:42:41,588] {dagbag.py:496} INFO - Filling up the DagBag from /home/airflow/.local/lib/python3.6/site-packages/airflow/example_dags/example_dag_decorator.py
[2023-11-21 09:42:41,806] {processor.py:623} INFO - DAG(s) dict_keys(['example_dag_decorator']) retrieved from /home/airflow/.local/lib/python3.6/site-packages/airflow/example_dags/example_dag_decorator.py
[2023-11-21 09:42:43,168] {logging_mixin.py:109} INFO - [2023-11-21 09:42:43,167] {dag.py:1834} INFO - Sync 1 DAGs
[2023-11-21 09:42:43,179] {logging_mixin.py:109} INFO - [2023-11-21 09:42:43,179] {dag.py:2287} INFO - Setting next_dagrun for example_dag_decorator to None
[2023-11-21 09:42:43,283] {processor.py:170} INFO - Processing /home/airflow/.local/lib/python3.6/site-packages/airflow/example_dags/example_dag_decorator.py took 1.791 seconds
[2023-11-21 09:43:13,502] {processor.py:162} INFO - Started process (PID=394) to work on /home/airflow/.local/lib/python3.6/site-packages/airflow/example_dags/example_dag_decorator.py
[2023-11-21 09:43:13,503] {processor.py:613} INFO - Processing file /home/airflow/.local/lib/python3.6/site-packages/airflow/example_dags/example_dag_decorator.py for tasks to queue
[2023-11-21 09:43:13,503] {logging_mixin.py:109} INFO - [2023-11-21 09:43:13,503] {dagbag.py:496} INFO - Filling up the DagBag from /home/airflow/.local/lib/python3.6/site-packages/airflow/example_dags/example_dag_decorator.py
[2023-11-21 09:43:13,518] {processor.py:623} INFO - DAG(s) dict_keys(['example_dag_decorator']) retrieved from /home/airflow/.local/lib/python3.6/site-packages/airflow/example_dags/example_dag_decorator.py
[2023-11-21 09:43:13,671] {logging_mixin.py:109} INFO - [2023-11-21 09:43:13,671] {dag.py:1834} INFO - Sync 1 DAGs
[2023-11-21 09:43:13,682] {logging_mixin.py:109} INFO - [2023-11-21 09:43:13,682] {dag.py:2287} INFO - Setting next_dagrun for example_dag_decorator to None
[2023-11-21 09:43:13,712] {processor.py:170} INFO - Processing /home/airflow/.local/lib/python3.6/site-packages/airflow/example_dags/example_dag_decorator.py took 0.212 seconds
[2023-11-21 09:43:44,517] {processor.py:162} INFO - Started process (PID=584) to work on /home/airflow/.local/lib/python3.6/site-packages/airflow/example_dags/example_dag_decorator.py
[2023-11-21 09:43:44,551] {processor.py:613} INFO - Processing file /home/airflow/.local/lib/python3.6/site-packages/airflow/example_dags/example_dag_decorator.py for tasks to queue
[2023-11-21 09:43:44,551] {logging_mixin.py:109} INFO - [2023-11-21 09:43:44,551] {dagbag.py:496} INFO - Filling up the DagBag from /home/airflow/.local/lib/python3.6/site-packages/airflow/example_dags/example_dag_decorator.py
[2023-11-21 09:43:44,569] {processor.py:623} INFO - DAG(s) dict_keys(['example_dag_decorator']) retrieved from /home/airflow/.local/lib/python3.6/site-packages/airflow/example_dags/example_dag_decorator.py
[2023-11-21 09:43:44,598] {logging_mixin.py:109} INFO - [2023-11-21 09:43:44,597] {dag.py:1834} INFO - Sync 1 DAGs
[2023-11-21 09:43:44,610] {logging_mixin.py:109} INFO - [2023-11-21 09:43:44,610] {dag.py:2287} INFO - Setting next_dagrun for example_dag_decorator to None
[2023-11-21 09:43:44,624] {processor.py:170} INFO - Processing /home/airflow/.local/lib/python3.6/site-packages/airflow/example_dags/example_dag_decorator.py took 0.108 seconds
[2023-11-21 09:44:15,038] {processor.py:162} INFO - Started process (PID=764) to work on /home/airflow/.local/lib/python3.6/site-packages/airflow/example_dags/example_dag_decorator.py
[2023-11-21 09:44:15,039] {processor.py:613} INFO - Processing file /home/airflow/.local/lib/python3.6/site-packages/airflow/example_dags/example_dag_decorator.py for tasks to queue
[2023-11-21 09:44:15,040] {logging_mixin.py:109} INFO - [2023-11-21 09:44:15,040] {dagbag.py:496} INFO - Filling up the DagBag from /home/airflow/.local/lib/python3.6/site-packages/airflow/example_dags/example_dag_decorator.py
[2023-11-21 09:44:15,056] {processor.py:623} INFO - DAG(s) dict_keys(['example_dag_decorator']) retrieved from /home/airflow/.local/lib/python3.6/site-packages/airflow/example_dags/example_dag_decorator.py
[2023-11-21 09:44:15,216] {logging_mixin.py:109} INFO - [2023-11-21 09:44:15,216] {dag.py:1834} INFO - Sync 1 DAGs
[2023-11-21 09:44:15,226] {logging_mixin.py:109} INFO - [2023-11-21 09:44:15,226] {dag.py:2287} INFO - Setting next_dagrun for example_dag_decorator to None
[2023-11-21 09:44:15,237] {processor.py:170} INFO - Processing /home/airflow/.local/lib/python3.6/site-packages/airflow/example_dags/example_dag_decorator.py took 0.201 seconds
[2023-11-21 09:44:45,589] {processor.py:162} INFO - Started process (PID=954) to work on /home/airflow/.local/lib/python3.6/site-packages/airflow/example_dags/example_dag_decorator.py
[2023-11-21 09:44:45,591] {processor.py:613} INFO - Processing file /home/airflow/.local/lib/python3.6/site-packages/airflow/example_dags/example_dag_decorator.py for tasks to queue
[2023-11-21 09:44:45,592] {logging_mixin.py:109} INFO - [2023-11-21 09:44:45,592] {dagbag.py:496} INFO - Filling up the DagBag from /home/airflow/.local/lib/python3.6/site-packages/airflow/example_dags/example_dag_decorator.py
[2023-11-21 09:44:45,606] {processor.py:623} INFO - DAG(s) dict_keys(['example_dag_decorator']) retrieved from /home/airflow/.local/lib/python3.6/site-packages/airflow/example_dags/example_dag_decorator.py
[2023-11-21 09:44:45,624] {logging_mixin.py:109} INFO - [2023-11-21 09:44:45,623] {dag.py:1834} INFO - Sync 1 DAGs
[2023-11-21 09:44:45,634] {logging_mixin.py:109} INFO - [2023-11-21 09:44:45,634] {dag.py:2287} INFO - Setting next_dagrun for example_dag_decorator to None
[2023-11-21 09:44:45,644] {processor.py:170} INFO - Processing /home/airflow/.local/lib/python3.6/site-packages/airflow/example_dags/example_dag_decorator.py took 0.056 seconds
[2023-11-21 09:45:15,878] {processor.py:162} INFO - Started process (PID=1134) to work on /home/airflow/.local/lib/python3.6/site-packages/airflow/example_dags/example_dag_decorator.py
[2023-11-21 09:45:15,879] {processor.py:613} INFO - Processing file /home/airflow/.local/lib/python3.6/site-packages/airflow/example_dags/example_dag_decorator.py for tasks to queue
[2023-11-21 09:45:15,880] {logging_mixin.py:109} INFO - [2023-11-21 09:45:15,880] {dagbag.py:496} INFO - Filling up the DagBag from /home/airflow/.local/lib/python3.6/site-packages/airflow/example_dags/example_dag_decorator.py
[2023-11-21 09:45:15,896] {processor.py:623} INFO - DAG(s) dict_keys(['example_dag_decorator']) retrieved from /home/airflow/.local/lib/python3.6/site-packages/airflow/example_dags/example_dag_decorator.py
[2023-11-21 09:45:16,100] {logging_mixin.py:109} INFO - [2023-11-21 09:45:16,100] {dag.py:1834} INFO - Sync 1 DAGs
[2023-11-21 09:45:16,111] {logging_mixin.py:109} INFO - [2023-11-21 09:45:16,111] {dag.py:2287} INFO - Setting next_dagrun for example_dag_decorator to None
[2023-11-21 09:45:16,125] {processor.py:170} INFO - Processing /home/airflow/.local/lib/python3.6/site-packages/airflow/example_dags/example_dag_decorator.py took 0.249 seconds
[2023-11-21 09:46:16,062] {processor.py:162} INFO - Started process (PID=192) to work on /home/airflow/.local/lib/python3.6/site-packages/airflow/example_dags/example_dag_decorator.py
[2023-11-21 09:46:16,063] {processor.py:613} INFO - Processing file /home/airflow/.local/lib/python3.6/site-packages/airflow/example_dags/example_dag_decorator.py for tasks to queue
[2023-11-21 09:46:16,063] {logging_mixin.py:109} INFO - [2023-11-21 09:46:16,063] {dagbag.py:496} INFO - Filling up the DagBag from /home/airflow/.local/lib/python3.6/site-packages/airflow/example_dags/example_dag_decorator.py
[2023-11-21 09:46:16,083] {processor.py:623} INFO - DAG(s) dict_keys(['example_dag_decorator']) retrieved from /home/airflow/.local/lib/python3.6/site-packages/airflow/example_dags/example_dag_decorator.py
[2023-11-21 09:46:16,275] {logging_mixin.py:109} INFO - [2023-11-21 09:46:16,275] {dag.py:1834} INFO - Sync 1 DAGs
[2023-11-21 09:46:16,288] {logging_mixin.py:109} INFO - [2023-11-21 09:46:16,288] {dag.py:2287} INFO - Setting next_dagrun for example_dag_decorator to None
[2023-11-21 09:46:16,307] {processor.py:170} INFO - Processing /home/airflow/.local/lib/python3.6/site-packages/airflow/example_dags/example_dag_decorator.py took 0.247 seconds
[2023-11-21 09:46:47,162] {processor.py:162} INFO - Started process (PID=395) to work on /home/airflow/.local/lib/python3.6/site-packages/airflow/example_dags/example_dag_decorator.py
[2023-11-21 09:46:47,164] {processor.py:613} INFO - Processing file /home/airflow/.local/lib/python3.6/site-packages/airflow/example_dags/example_dag_decorator.py for tasks to queue
[2023-11-21 09:46:47,164] {logging_mixin.py:109} INFO - [2023-11-21 09:46:47,164] {dagbag.py:496} INFO - Filling up the DagBag from /home/airflow/.local/lib/python3.6/site-packages/airflow/example_dags/example_dag_decorator.py
[2023-11-21 09:46:47,179] {processor.py:623} INFO - DAG(s) dict_keys(['example_dag_decorator']) retrieved from /home/airflow/.local/lib/python3.6/site-packages/airflow/example_dags/example_dag_decorator.py
[2023-11-21 09:46:47,330] {logging_mixin.py:109} INFO - [2023-11-21 09:46:47,330] {dag.py:1834} INFO - Sync 1 DAGs
[2023-11-21 09:46:47,342] {logging_mixin.py:109} INFO - [2023-11-21 09:46:47,342] {dag.py:2287} INFO - Setting next_dagrun for example_dag_decorator to None
[2023-11-21 09:46:47,355] {processor.py:170} INFO - Processing /home/airflow/.local/lib/python3.6/site-packages/airflow/example_dags/example_dag_decorator.py took 0.195 seconds
[2023-11-21 09:47:17,414] {processor.py:162} INFO - Started process (PID=586) to work on /home/airflow/.local/lib/python3.6/site-packages/airflow/example_dags/example_dag_decorator.py
[2023-11-21 09:47:17,414] {processor.py:613} INFO - Processing file /home/airflow/.local/lib/python3.6/site-packages/airflow/example_dags/example_dag_decorator.py for tasks to queue
[2023-11-21 09:47:17,415] {logging_mixin.py:109} INFO - [2023-11-21 09:47:17,415] {dagbag.py:496} INFO - Filling up the DagBag from /home/airflow/.local/lib/python3.6/site-packages/airflow/example_dags/example_dag_decorator.py
[2023-11-21 09:47:17,428] {processor.py:623} INFO - DAG(s) dict_keys(['example_dag_decorator']) retrieved from /home/airflow/.local/lib/python3.6/site-packages/airflow/example_dags/example_dag_decorator.py
[2023-11-21 09:47:17,446] {logging_mixin.py:109} INFO - [2023-11-21 09:47:17,446] {dag.py:1834} INFO - Sync 1 DAGs
[2023-11-21 09:47:17,455] {logging_mixin.py:109} INFO - [2023-11-21 09:47:17,455] {dag.py:2287} INFO - Setting next_dagrun for example_dag_decorator to None
[2023-11-21 09:47:17,467] {processor.py:170} INFO - Processing /home/airflow/.local/lib/python3.6/site-packages/airflow/example_dags/example_dag_decorator.py took 0.055 seconds
[2023-11-21 09:47:47,657] {processor.py:162} INFO - Started process (PID=766) to work on /home/airflow/.local/lib/python3.6/site-packages/airflow/example_dags/example_dag_decorator.py
[2023-11-21 09:47:47,659] {processor.py:613} INFO - Processing file /home/airflow/.local/lib/python3.6/site-packages/airflow/example_dags/example_dag_decorator.py for tasks to queue
[2023-11-21 09:47:47,660] {logging_mixin.py:109} INFO - [2023-11-21 09:47:47,659] {dagbag.py:496} INFO - Filling up the DagBag from /home/airflow/.local/lib/python3.6/site-packages/airflow/example_dags/example_dag_decorator.py
[2023-11-21 09:47:47,677] {processor.py:623} INFO - DAG(s) dict_keys(['example_dag_decorator']) retrieved from /home/airflow/.local/lib/python3.6/site-packages/airflow/example_dags/example_dag_decorator.py
[2023-11-21 09:47:47,828] {logging_mixin.py:109} INFO - [2023-11-21 09:47:47,827] {dag.py:1834} INFO - Sync 1 DAGs
[2023-11-21 09:47:47,837] {logging_mixin.py:109} INFO - [2023-11-21 09:47:47,837] {dag.py:2287} INFO - Setting next_dagrun for example_dag_decorator to None
[2023-11-21 09:47:47,848] {processor.py:170} INFO - Processing /home/airflow/.local/lib/python3.6/site-packages/airflow/example_dags/example_dag_decorator.py took 0.195 seconds
