[2023-11-21 09:42:46,608] {processor.py:162} INFO - Started process (PID=321) to work on /home/airflow/.local/lib/python3.6/site-packages/airflow/example_dags/example_trigger_target_dag.py
[2023-11-21 09:42:46,609] {processor.py:613} INFO - Processing file /home/airflow/.local/lib/python3.6/site-packages/airflow/example_dags/example_trigger_target_dag.py for tasks to queue
[2023-11-21 09:42:46,610] {logging_mixin.py:109} INFO - [2023-11-21 09:42:46,610] {dagbag.py:496} INFO - Filling up the DagBag from /home/airflow/.local/lib/python3.6/site-packages/airflow/example_dags/example_trigger_target_dag.py
[2023-11-21 09:42:46,622] {processor.py:623} INFO - DAG(s) dict_keys(['example_trigger_target_dag']) retrieved from /home/airflow/.local/lib/python3.6/site-packages/airflow/example_dags/example_trigger_target_dag.py
[2023-11-21 09:42:46,642] {logging_mixin.py:109} INFO - [2023-11-21 09:42:46,642] {dag.py:1834} INFO - Sync 1 DAGs
[2023-11-21 09:42:46,655] {logging_mixin.py:109} INFO - [2023-11-21 09:42:46,655] {dag.py:2287} INFO - Setting next_dagrun for example_trigger_target_dag to None
[2023-11-21 09:42:46,716] {processor.py:170} INFO - Processing /home/airflow/.local/lib/python3.6/site-packages/airflow/example_dags/example_trigger_target_dag.py took 0.111 seconds
[2023-11-21 09:43:16,788] {processor.py:162} INFO - Started process (PID=497) to work on /home/airflow/.local/lib/python3.6/site-packages/airflow/example_dags/example_trigger_target_dag.py
[2023-11-21 09:43:16,789] {processor.py:613} INFO - Processing file /home/airflow/.local/lib/python3.6/site-packages/airflow/example_dags/example_trigger_target_dag.py for tasks to queue
[2023-11-21 09:43:16,790] {logging_mixin.py:109} INFO - [2023-11-21 09:43:16,789] {dagbag.py:496} INFO - Filling up the DagBag from /home/airflow/.local/lib/python3.6/site-packages/airflow/example_dags/example_trigger_target_dag.py
[2023-11-21 09:43:16,799] {processor.py:623} INFO - DAG(s) dict_keys(['example_trigger_target_dag']) retrieved from /home/airflow/.local/lib/python3.6/site-packages/airflow/example_dags/example_trigger_target_dag.py
[2023-11-21 09:43:16,817] {logging_mixin.py:109} INFO - [2023-11-21 09:43:16,817] {dag.py:1834} INFO - Sync 1 DAGs
[2023-11-21 09:43:16,829] {logging_mixin.py:109} INFO - [2023-11-21 09:43:16,829] {dag.py:2287} INFO - Setting next_dagrun for example_trigger_target_dag to None
[2023-11-21 09:43:16,979] {processor.py:170} INFO - Processing /home/airflow/.local/lib/python3.6/site-packages/airflow/example_dags/example_trigger_target_dag.py took 0.192 seconds
[2023-11-21 09:43:47,614] {processor.py:162} INFO - Started process (PID=687) to work on /home/airflow/.local/lib/python3.6/site-packages/airflow/example_dags/example_trigger_target_dag.py
[2023-11-21 09:43:47,615] {processor.py:613} INFO - Processing file /home/airflow/.local/lib/python3.6/site-packages/airflow/example_dags/example_trigger_target_dag.py for tasks to queue
[2023-11-21 09:43:47,616] {logging_mixin.py:109} INFO - [2023-11-21 09:43:47,616] {dagbag.py:496} INFO - Filling up the DagBag from /home/airflow/.local/lib/python3.6/site-packages/airflow/example_dags/example_trigger_target_dag.py
[2023-11-21 09:43:47,629] {processor.py:623} INFO - DAG(s) dict_keys(['example_trigger_target_dag']) retrieved from /home/airflow/.local/lib/python3.6/site-packages/airflow/example_dags/example_trigger_target_dag.py
[2023-11-21 09:43:47,648] {logging_mixin.py:109} INFO - [2023-11-21 09:43:47,648] {dag.py:1834} INFO - Sync 1 DAGs
[2023-11-21 09:43:47,662] {logging_mixin.py:109} INFO - [2023-11-21 09:43:47,662] {dag.py:2287} INFO - Setting next_dagrun for example_trigger_target_dag to None
[2023-11-21 09:43:47,673] {processor.py:170} INFO - Processing /home/airflow/.local/lib/python3.6/site-packages/airflow/example_dags/example_trigger_target_dag.py took 0.061 seconds
[2023-11-21 09:44:18,149] {processor.py:162} INFO - Started process (PID=867) to work on /home/airflow/.local/lib/python3.6/site-packages/airflow/example_dags/example_trigger_target_dag.py
[2023-11-21 09:44:18,149] {processor.py:613} INFO - Processing file /home/airflow/.local/lib/python3.6/site-packages/airflow/example_dags/example_trigger_target_dag.py for tasks to queue
[2023-11-21 09:44:18,150] {logging_mixin.py:109} INFO - [2023-11-21 09:44:18,150] {dagbag.py:496} INFO - Filling up the DagBag from /home/airflow/.local/lib/python3.6/site-packages/airflow/example_dags/example_trigger_target_dag.py
[2023-11-21 09:44:18,162] {processor.py:623} INFO - DAG(s) dict_keys(['example_trigger_target_dag']) retrieved from /home/airflow/.local/lib/python3.6/site-packages/airflow/example_dags/example_trigger_target_dag.py
[2023-11-21 09:44:18,182] {logging_mixin.py:109} INFO - [2023-11-21 09:44:18,181] {dag.py:1834} INFO - Sync 1 DAGs
[2023-11-21 09:44:18,193] {logging_mixin.py:109} INFO - [2023-11-21 09:44:18,193] {dag.py:2287} INFO - Setting next_dagrun for example_trigger_target_dag to None
[2023-11-21 09:44:18,202] {processor.py:170} INFO - Processing /home/airflow/.local/lib/python3.6/site-packages/airflow/example_dags/example_trigger_target_dag.py took 0.056 seconds
[2023-11-21 09:44:48,457] {processor.py:162} INFO - Started process (PID=1057) to work on /home/airflow/.local/lib/python3.6/site-packages/airflow/example_dags/example_trigger_target_dag.py
[2023-11-21 09:44:48,458] {processor.py:613} INFO - Processing file /home/airflow/.local/lib/python3.6/site-packages/airflow/example_dags/example_trigger_target_dag.py for tasks to queue
[2023-11-21 09:44:48,458] {logging_mixin.py:109} INFO - [2023-11-21 09:44:48,458] {dagbag.py:496} INFO - Filling up the DagBag from /home/airflow/.local/lib/python3.6/site-packages/airflow/example_dags/example_trigger_target_dag.py
[2023-11-21 09:44:48,469] {processor.py:623} INFO - DAG(s) dict_keys(['example_trigger_target_dag']) retrieved from /home/airflow/.local/lib/python3.6/site-packages/airflow/example_dags/example_trigger_target_dag.py
[2023-11-21 09:44:48,487] {logging_mixin.py:109} INFO - [2023-11-21 09:44:48,486] {dag.py:1834} INFO - Sync 1 DAGs
[2023-11-21 09:44:48,496] {logging_mixin.py:109} INFO - [2023-11-21 09:44:48,496] {dag.py:2287} INFO - Setting next_dagrun for example_trigger_target_dag to None
[2023-11-21 09:44:48,507] {processor.py:170} INFO - Processing /home/airflow/.local/lib/python3.6/site-packages/airflow/example_dags/example_trigger_target_dag.py took 0.052 seconds
[2023-11-21 09:45:18,815] {processor.py:162} INFO - Started process (PID=1247) to work on /home/airflow/.local/lib/python3.6/site-packages/airflow/example_dags/example_trigger_target_dag.py
[2023-11-21 09:45:18,816] {processor.py:613} INFO - Processing file /home/airflow/.local/lib/python3.6/site-packages/airflow/example_dags/example_trigger_target_dag.py for tasks to queue
[2023-11-21 09:45:18,816] {logging_mixin.py:109} INFO - [2023-11-21 09:45:18,816] {dagbag.py:496} INFO - Filling up the DagBag from /home/airflow/.local/lib/python3.6/site-packages/airflow/example_dags/example_trigger_target_dag.py
[2023-11-21 09:45:18,826] {processor.py:623} INFO - DAG(s) dict_keys(['example_trigger_target_dag']) retrieved from /home/airflow/.local/lib/python3.6/site-packages/airflow/example_dags/example_trigger_target_dag.py
[2023-11-21 09:45:18,843] {logging_mixin.py:109} INFO - [2023-11-21 09:45:18,843] {dag.py:1834} INFO - Sync 1 DAGs
[2023-11-21 09:45:18,854] {logging_mixin.py:109} INFO - [2023-11-21 09:45:18,854] {dag.py:2287} INFO - Setting next_dagrun for example_trigger_target_dag to None
[2023-11-21 09:45:18,864] {processor.py:170} INFO - Processing /home/airflow/.local/lib/python3.6/site-packages/airflow/example_dags/example_trigger_target_dag.py took 0.052 seconds
[2023-11-21 09:46:18,986] {processor.py:162} INFO - Started process (PID=321) to work on /home/airflow/.local/lib/python3.6/site-packages/airflow/example_dags/example_trigger_target_dag.py
[2023-11-21 09:46:18,989] {processor.py:613} INFO - Processing file /home/airflow/.local/lib/python3.6/site-packages/airflow/example_dags/example_trigger_target_dag.py for tasks to queue
[2023-11-21 09:46:18,990] {logging_mixin.py:109} INFO - [2023-11-21 09:46:18,990] {dagbag.py:496} INFO - Filling up the DagBag from /home/airflow/.local/lib/python3.6/site-packages/airflow/example_dags/example_trigger_target_dag.py
[2023-11-21 09:46:19,002] {processor.py:623} INFO - DAG(s) dict_keys(['example_trigger_target_dag']) retrieved from /home/airflow/.local/lib/python3.6/site-packages/airflow/example_dags/example_trigger_target_dag.py
[2023-11-21 09:46:19,024] {logging_mixin.py:109} INFO - [2023-11-21 09:46:19,024] {dag.py:1834} INFO - Sync 1 DAGs
[2023-11-21 09:46:19,037] {logging_mixin.py:109} INFO - [2023-11-21 09:46:19,037] {dag.py:2287} INFO - Setting next_dagrun for example_trigger_target_dag to None
[2023-11-21 09:46:19,086] {processor.py:170} INFO - Processing /home/airflow/.local/lib/python3.6/site-packages/airflow/example_dags/example_trigger_target_dag.py took 0.102 seconds
[2023-11-21 09:46:49,542] {processor.py:162} INFO - Started process (PID=498) to work on /home/airflow/.local/lib/python3.6/site-packages/airflow/example_dags/example_trigger_target_dag.py
[2023-11-21 09:46:49,544] {processor.py:613} INFO - Processing file /home/airflow/.local/lib/python3.6/site-packages/airflow/example_dags/example_trigger_target_dag.py for tasks to queue
[2023-11-21 09:46:49,545] {logging_mixin.py:109} INFO - [2023-11-21 09:46:49,544] {dagbag.py:496} INFO - Filling up the DagBag from /home/airflow/.local/lib/python3.6/site-packages/airflow/example_dags/example_trigger_target_dag.py
[2023-11-21 09:46:49,564] {processor.py:623} INFO - DAG(s) dict_keys(['example_trigger_target_dag']) retrieved from /home/airflow/.local/lib/python3.6/site-packages/airflow/example_dags/example_trigger_target_dag.py
[2023-11-21 09:46:49,587] {logging_mixin.py:109} INFO - [2023-11-21 09:46:49,587] {dag.py:1834} INFO - Sync 1 DAGs
[2023-11-21 09:46:49,603] {logging_mixin.py:109} INFO - [2023-11-21 09:46:49,603] {dag.py:2287} INFO - Setting next_dagrun for example_trigger_target_dag to None
[2023-11-21 09:46:49,618] {processor.py:170} INFO - Processing /home/airflow/.local/lib/python3.6/site-packages/airflow/example_dags/example_trigger_target_dag.py took 0.079 seconds
[2023-11-21 09:47:20,196] {processor.py:162} INFO - Started process (PID=689) to work on /home/airflow/.local/lib/python3.6/site-packages/airflow/example_dags/example_trigger_target_dag.py
[2023-11-21 09:47:20,197] {processor.py:613} INFO - Processing file /home/airflow/.local/lib/python3.6/site-packages/airflow/example_dags/example_trigger_target_dag.py for tasks to queue
[2023-11-21 09:47:20,197] {logging_mixin.py:109} INFO - [2023-11-21 09:47:20,197] {dagbag.py:496} INFO - Filling up the DagBag from /home/airflow/.local/lib/python3.6/site-packages/airflow/example_dags/example_trigger_target_dag.py
[2023-11-21 09:47:20,207] {processor.py:623} INFO - DAG(s) dict_keys(['example_trigger_target_dag']) retrieved from /home/airflow/.local/lib/python3.6/site-packages/airflow/example_dags/example_trigger_target_dag.py
[2023-11-21 09:47:20,224] {logging_mixin.py:109} INFO - [2023-11-21 09:47:20,224] {dag.py:1834} INFO - Sync 1 DAGs
[2023-11-21 09:47:20,235] {logging_mixin.py:109} INFO - [2023-11-21 09:47:20,235] {dag.py:2287} INFO - Setting next_dagrun for example_trigger_target_dag to None
[2023-11-21 09:47:20,246] {processor.py:170} INFO - Processing /home/airflow/.local/lib/python3.6/site-packages/airflow/example_dags/example_trigger_target_dag.py took 0.052 seconds
[2023-11-21 09:47:50,768] {processor.py:162} INFO - Started process (PID=869) to work on /home/airflow/.local/lib/python3.6/site-packages/airflow/example_dags/example_trigger_target_dag.py
[2023-11-21 09:47:50,769] {processor.py:613} INFO - Processing file /home/airflow/.local/lib/python3.6/site-packages/airflow/example_dags/example_trigger_target_dag.py for tasks to queue
[2023-11-21 09:47:50,770] {logging_mixin.py:109} INFO - [2023-11-21 09:47:50,770] {dagbag.py:496} INFO - Filling up the DagBag from /home/airflow/.local/lib/python3.6/site-packages/airflow/example_dags/example_trigger_target_dag.py
[2023-11-21 09:47:50,780] {processor.py:623} INFO - DAG(s) dict_keys(['example_trigger_target_dag']) retrieved from /home/airflow/.local/lib/python3.6/site-packages/airflow/example_dags/example_trigger_target_dag.py
[2023-11-21 09:47:50,797] {logging_mixin.py:109} INFO - [2023-11-21 09:47:50,797] {dag.py:1834} INFO - Sync 1 DAGs
[2023-11-21 09:47:50,808] {logging_mixin.py:109} INFO - [2023-11-21 09:47:50,808] {dag.py:2287} INFO - Setting next_dagrun for example_trigger_target_dag to None
[2023-11-21 09:47:50,818] {processor.py:170} INFO - Processing /home/airflow/.local/lib/python3.6/site-packages/airflow/example_dags/example_trigger_target_dag.py took 0.051 seconds
