[2023-11-21 09:42:45,448] {processor.py:162} INFO - Started process (PID=291) to work on /home/airflow/.local/lib/python3.6/site-packages/airflow/example_dags/example_bash_operator.py
[2023-11-21 09:42:45,448] {processor.py:613} INFO - Processing file /home/airflow/.local/lib/python3.6/site-packages/airflow/example_dags/example_bash_operator.py for tasks to queue
[2023-11-21 09:42:45,449] {logging_mixin.py:109} INFO - [2023-11-21 09:42:45,449] {dagbag.py:496} INFO - Filling up the DagBag from /home/airflow/.local/lib/python3.6/site-packages/airflow/example_dags/example_bash_operator.py
[2023-11-21 09:42:45,459] {processor.py:623} INFO - DAG(s) dict_keys(['example_bash_operator']) retrieved from /home/airflow/.local/lib/python3.6/site-packages/airflow/example_dags/example_bash_operator.py
[2023-11-21 09:42:45,479] {logging_mixin.py:109} INFO - [2023-11-21 09:42:45,479] {dag.py:1834} INFO - Sync 1 DAGs
[2023-11-21 09:42:45,492] {logging_mixin.py:109} INFO - [2023-11-21 09:42:45,492] {dag.py:2287} INFO - Setting next_dagrun for example_bash_operator to 2023-11-19 00:00:00+00:00
[2023-11-21 09:42:45,545] {processor.py:170} INFO - Processing /home/airflow/.local/lib/python3.6/site-packages/airflow/example_dags/example_bash_operator.py took 0.100 seconds
[2023-11-21 09:43:15,846] {processor.py:162} INFO - Started process (PID=467) to work on /home/airflow/.local/lib/python3.6/site-packages/airflow/example_dags/example_bash_operator.py
[2023-11-21 09:43:15,847] {processor.py:613} INFO - Processing file /home/airflow/.local/lib/python3.6/site-packages/airflow/example_dags/example_bash_operator.py for tasks to queue
[2023-11-21 09:43:15,847] {logging_mixin.py:109} INFO - [2023-11-21 09:43:15,847] {dagbag.py:496} INFO - Filling up the DagBag from /home/airflow/.local/lib/python3.6/site-packages/airflow/example_dags/example_bash_operator.py
[2023-11-21 09:43:15,857] {processor.py:623} INFO - DAG(s) dict_keys(['example_bash_operator']) retrieved from /home/airflow/.local/lib/python3.6/site-packages/airflow/example_dags/example_bash_operator.py
[2023-11-21 09:43:15,875] {logging_mixin.py:109} INFO - [2023-11-21 09:43:15,875] {dag.py:1834} INFO - Sync 1 DAGs
[2023-11-21 09:43:15,887] {logging_mixin.py:109} INFO - [2023-11-21 09:43:15,887] {dag.py:2287} INFO - Setting next_dagrun for example_bash_operator to 2023-11-19 00:00:00+00:00
[2023-11-21 09:43:16,004] {processor.py:170} INFO - Processing /home/airflow/.local/lib/python3.6/site-packages/airflow/example_dags/example_bash_operator.py took 0.160 seconds
[2023-11-21 09:43:46,363] {processor.py:162} INFO - Started process (PID=659) to work on /home/airflow/.local/lib/python3.6/site-packages/airflow/example_dags/example_bash_operator.py
[2023-11-21 09:43:46,364] {processor.py:613} INFO - Processing file /home/airflow/.local/lib/python3.6/site-packages/airflow/example_dags/example_bash_operator.py for tasks to queue
[2023-11-21 09:43:46,365] {logging_mixin.py:109} INFO - [2023-11-21 09:43:46,364] {dagbag.py:496} INFO - Filling up the DagBag from /home/airflow/.local/lib/python3.6/site-packages/airflow/example_dags/example_bash_operator.py
[2023-11-21 09:43:46,376] {processor.py:623} INFO - DAG(s) dict_keys(['example_bash_operator']) retrieved from /home/airflow/.local/lib/python3.6/site-packages/airflow/example_dags/example_bash_operator.py
[2023-11-21 09:43:46,397] {logging_mixin.py:109} INFO - [2023-11-21 09:43:46,396] {dag.py:1834} INFO - Sync 1 DAGs
[2023-11-21 09:43:46,412] {logging_mixin.py:109} INFO - [2023-11-21 09:43:46,412] {dag.py:2287} INFO - Setting next_dagrun for example_bash_operator to 2023-11-19 00:00:00+00:00
[2023-11-21 09:43:46,425] {processor.py:170} INFO - Processing /home/airflow/.local/lib/python3.6/site-packages/airflow/example_dags/example_bash_operator.py took 0.064 seconds
[2023-11-21 09:44:16,926] {processor.py:162} INFO - Started process (PID=837) to work on /home/airflow/.local/lib/python3.6/site-packages/airflow/example_dags/example_bash_operator.py
[2023-11-21 09:44:16,927] {processor.py:613} INFO - Processing file /home/airflow/.local/lib/python3.6/site-packages/airflow/example_dags/example_bash_operator.py for tasks to queue
[2023-11-21 09:44:16,927] {logging_mixin.py:109} INFO - [2023-11-21 09:44:16,927] {dagbag.py:496} INFO - Filling up the DagBag from /home/airflow/.local/lib/python3.6/site-packages/airflow/example_dags/example_bash_operator.py
[2023-11-21 09:44:16,938] {processor.py:623} INFO - DAG(s) dict_keys(['example_bash_operator']) retrieved from /home/airflow/.local/lib/python3.6/site-packages/airflow/example_dags/example_bash_operator.py
[2023-11-21 09:44:16,956] {logging_mixin.py:109} INFO - [2023-11-21 09:44:16,956] {dag.py:1834} INFO - Sync 1 DAGs
[2023-11-21 09:44:16,969] {logging_mixin.py:109} INFO - [2023-11-21 09:44:16,969] {dag.py:2287} INFO - Setting next_dagrun for example_bash_operator to 2023-11-19 00:00:00+00:00
[2023-11-21 09:44:16,979] {processor.py:170} INFO - Processing /home/airflow/.local/lib/python3.6/site-packages/airflow/example_dags/example_bash_operator.py took 0.055 seconds
[2023-11-21 09:44:47,232] {processor.py:162} INFO - Started process (PID=1029) to work on /home/airflow/.local/lib/python3.6/site-packages/airflow/example_dags/example_bash_operator.py
[2023-11-21 09:44:47,233] {processor.py:613} INFO - Processing file /home/airflow/.local/lib/python3.6/site-packages/airflow/example_dags/example_bash_operator.py for tasks to queue
[2023-11-21 09:44:47,234] {logging_mixin.py:109} INFO - [2023-11-21 09:44:47,234] {dagbag.py:496} INFO - Filling up the DagBag from /home/airflow/.local/lib/python3.6/site-packages/airflow/example_dags/example_bash_operator.py
[2023-11-21 09:44:47,245] {processor.py:623} INFO - DAG(s) dict_keys(['example_bash_operator']) retrieved from /home/airflow/.local/lib/python3.6/site-packages/airflow/example_dags/example_bash_operator.py
[2023-11-21 09:44:47,263] {logging_mixin.py:109} INFO - [2023-11-21 09:44:47,263] {dag.py:1834} INFO - Sync 1 DAGs
[2023-11-21 09:44:47,277] {logging_mixin.py:109} INFO - [2023-11-21 09:44:47,277] {dag.py:2287} INFO - Setting next_dagrun for example_bash_operator to 2023-11-19 00:00:00+00:00
[2023-11-21 09:44:47,287] {processor.py:170} INFO - Processing /home/airflow/.local/lib/python3.6/site-packages/airflow/example_dags/example_bash_operator.py took 0.057 seconds
[2023-11-21 09:45:17,650] {processor.py:162} INFO - Started process (PID=1218) to work on /home/airflow/.local/lib/python3.6/site-packages/airflow/example_dags/example_bash_operator.py
[2023-11-21 09:45:17,652] {processor.py:613} INFO - Processing file /home/airflow/.local/lib/python3.6/site-packages/airflow/example_dags/example_bash_operator.py for tasks to queue
[2023-11-21 09:45:17,652] {logging_mixin.py:109} INFO - [2023-11-21 09:45:17,652] {dagbag.py:496} INFO - Filling up the DagBag from /home/airflow/.local/lib/python3.6/site-packages/airflow/example_dags/example_bash_operator.py
[2023-11-21 09:45:17,663] {processor.py:623} INFO - DAG(s) dict_keys(['example_bash_operator']) retrieved from /home/airflow/.local/lib/python3.6/site-packages/airflow/example_dags/example_bash_operator.py
[2023-11-21 09:45:17,683] {logging_mixin.py:109} INFO - [2023-11-21 09:45:17,682] {dag.py:1834} INFO - Sync 1 DAGs
[2023-11-21 09:45:17,696] {logging_mixin.py:109} INFO - [2023-11-21 09:45:17,696] {dag.py:2287} INFO - Setting next_dagrun for example_bash_operator to 2023-11-19 00:00:00+00:00
[2023-11-21 09:45:17,710] {processor.py:170} INFO - Processing /home/airflow/.local/lib/python3.6/site-packages/airflow/example_dags/example_bash_operator.py took 0.062 seconds
[2023-11-21 09:46:18,179] {processor.py:162} INFO - Started process (PID=282) to work on /home/airflow/.local/lib/python3.6/site-packages/airflow/example_dags/example_bash_operator.py
[2023-11-21 09:46:18,189] {processor.py:613} INFO - Processing file /home/airflow/.local/lib/python3.6/site-packages/airflow/example_dags/example_bash_operator.py for tasks to queue
[2023-11-21 09:46:18,190] {logging_mixin.py:109} INFO - [2023-11-21 09:46:18,189] {dagbag.py:496} INFO - Filling up the DagBag from /home/airflow/.local/lib/python3.6/site-packages/airflow/example_dags/example_bash_operator.py
[2023-11-21 09:46:18,201] {processor.py:623} INFO - DAG(s) dict_keys(['example_bash_operator']) retrieved from /home/airflow/.local/lib/python3.6/site-packages/airflow/example_dags/example_bash_operator.py
[2023-11-21 09:46:18,224] {logging_mixin.py:109} INFO - [2023-11-21 09:46:18,224] {dag.py:1834} INFO - Sync 1 DAGs
[2023-11-21 09:46:18,249] {logging_mixin.py:109} INFO - [2023-11-21 09:46:18,249] {dag.py:2287} INFO - Setting next_dagrun for example_bash_operator to 2023-11-19 00:00:00+00:00
[2023-11-21 09:46:18,262] {processor.py:170} INFO - Processing /home/airflow/.local/lib/python3.6/site-packages/airflow/example_dags/example_bash_operator.py took 0.086 seconds
[2023-11-21 09:46:49,192] {processor.py:162} INFO - Started process (PID=470) to work on /home/airflow/.local/lib/python3.6/site-packages/airflow/example_dags/example_bash_operator.py
[2023-11-21 09:46:49,194] {processor.py:613} INFO - Processing file /home/airflow/.local/lib/python3.6/site-packages/airflow/example_dags/example_bash_operator.py for tasks to queue
[2023-11-21 09:46:49,194] {logging_mixin.py:109} INFO - [2023-11-21 09:46:49,194] {dagbag.py:496} INFO - Filling up the DagBag from /home/airflow/.local/lib/python3.6/site-packages/airflow/example_dags/example_bash_operator.py
[2023-11-21 09:46:49,204] {processor.py:623} INFO - DAG(s) dict_keys(['example_bash_operator']) retrieved from /home/airflow/.local/lib/python3.6/site-packages/airflow/example_dags/example_bash_operator.py
[2023-11-21 09:46:49,222] {logging_mixin.py:109} INFO - [2023-11-21 09:46:49,222] {dag.py:1834} INFO - Sync 1 DAGs
[2023-11-21 09:46:49,234] {logging_mixin.py:109} INFO - [2023-11-21 09:46:49,234] {dag.py:2287} INFO - Setting next_dagrun for example_bash_operator to 2023-11-19 00:00:00+00:00
[2023-11-21 09:46:49,244] {processor.py:170} INFO - Processing /home/airflow/.local/lib/python3.6/site-packages/airflow/example_dags/example_bash_operator.py took 0.054 seconds
[2023-11-21 09:47:19,976] {processor.py:162} INFO - Started process (PID=661) to work on /home/airflow/.local/lib/python3.6/site-packages/airflow/example_dags/example_bash_operator.py
[2023-11-21 09:47:19,977] {processor.py:613} INFO - Processing file /home/airflow/.local/lib/python3.6/site-packages/airflow/example_dags/example_bash_operator.py for tasks to queue
[2023-11-21 09:47:19,978] {logging_mixin.py:109} INFO - [2023-11-21 09:47:19,977] {dagbag.py:496} INFO - Filling up the DagBag from /home/airflow/.local/lib/python3.6/site-packages/airflow/example_dags/example_bash_operator.py
[2023-11-21 09:47:19,987] {processor.py:623} INFO - DAG(s) dict_keys(['example_bash_operator']) retrieved from /home/airflow/.local/lib/python3.6/site-packages/airflow/example_dags/example_bash_operator.py
[2023-11-21 09:47:20,004] {logging_mixin.py:109} INFO - [2023-11-21 09:47:20,004] {dag.py:1834} INFO - Sync 1 DAGs
[2023-11-21 09:47:20,016] {logging_mixin.py:109} INFO - [2023-11-21 09:47:20,016] {dag.py:2287} INFO - Setting next_dagrun for example_bash_operator to 2023-11-19 00:00:00+00:00
[2023-11-21 09:47:20,026] {processor.py:170} INFO - Processing /home/airflow/.local/lib/python3.6/site-packages/airflow/example_dags/example_bash_operator.py took 0.052 seconds
[2023-11-21 09:47:50,348] {processor.py:162} INFO - Started process (PID=841) to work on /home/airflow/.local/lib/python3.6/site-packages/airflow/example_dags/example_bash_operator.py
[2023-11-21 09:47:50,349] {processor.py:613} INFO - Processing file /home/airflow/.local/lib/python3.6/site-packages/airflow/example_dags/example_bash_operator.py for tasks to queue
[2023-11-21 09:47:50,350] {logging_mixin.py:109} INFO - [2023-11-21 09:47:50,350] {dagbag.py:496} INFO - Filling up the DagBag from /home/airflow/.local/lib/python3.6/site-packages/airflow/example_dags/example_bash_operator.py
[2023-11-21 09:47:50,362] {processor.py:623} INFO - DAG(s) dict_keys(['example_bash_operator']) retrieved from /home/airflow/.local/lib/python3.6/site-packages/airflow/example_dags/example_bash_operator.py
[2023-11-21 09:47:50,382] {logging_mixin.py:109} INFO - [2023-11-21 09:47:50,382] {dag.py:1834} INFO - Sync 1 DAGs
[2023-11-21 09:47:50,397] {logging_mixin.py:109} INFO - [2023-11-21 09:47:50,397] {dag.py:2287} INFO - Setting next_dagrun for example_bash_operator to 2023-11-19 00:00:00+00:00
[2023-11-21 09:47:50,408] {processor.py:170} INFO - Processing /home/airflow/.local/lib/python3.6/site-packages/airflow/example_dags/example_bash_operator.py took 0.063 seconds
