[2023-11-21 09:42:45,968] {processor.py:162} INFO - Started process (PID=306) to work on /home/airflow/.local/lib/python3.6/site-packages/airflow/example_dags/example_branch_python_dop_operator_3.py
[2023-11-21 09:42:45,969] {processor.py:613} INFO - Processing file /home/airflow/.local/lib/python3.6/site-packages/airflow/example_dags/example_branch_python_dop_operator_3.py for tasks to queue
[2023-11-21 09:42:45,969] {logging_mixin.py:109} INFO - [2023-11-21 09:42:45,969] {dagbag.py:496} INFO - Filling up the DagBag from /home/airflow/.local/lib/python3.6/site-packages/airflow/example_dags/example_branch_python_dop_operator_3.py
[2023-11-21 09:42:45,980] {processor.py:623} INFO - DAG(s) dict_keys(['example_branch_dop_operator_v3']) retrieved from /home/airflow/.local/lib/python3.6/site-packages/airflow/example_dags/example_branch_python_dop_operator_3.py
[2023-11-21 09:42:45,997] {logging_mixin.py:109} INFO - [2023-11-21 09:42:45,997] {dag.py:1834} INFO - Sync 1 DAGs
[2023-11-21 09:42:46,015] {logging_mixin.py:109} INFO - [2023-11-21 09:42:46,015] {dag.py:2287} INFO - Setting next_dagrun for example_branch_dop_operator_v3 to 2023-11-19 00:00:00+00:00
[2023-11-21 09:42:46,154] {processor.py:170} INFO - Processing /home/airflow/.local/lib/python3.6/site-packages/airflow/example_dags/example_branch_python_dop_operator_3.py took 0.189 seconds
[2023-11-21 09:43:16,356] {processor.py:162} INFO - Started process (PID=484) to work on /home/airflow/.local/lib/python3.6/site-packages/airflow/example_dags/example_branch_python_dop_operator_3.py
[2023-11-21 09:43:16,357] {processor.py:613} INFO - Processing file /home/airflow/.local/lib/python3.6/site-packages/airflow/example_dags/example_branch_python_dop_operator_3.py for tasks to queue
[2023-11-21 09:43:16,357] {logging_mixin.py:109} INFO - [2023-11-21 09:43:16,357] {dagbag.py:496} INFO - Filling up the DagBag from /home/airflow/.local/lib/python3.6/site-packages/airflow/example_dags/example_branch_python_dop_operator_3.py
[2023-11-21 09:43:16,371] {processor.py:623} INFO - DAG(s) dict_keys(['example_branch_dop_operator_v3']) retrieved from /home/airflow/.local/lib/python3.6/site-packages/airflow/example_dags/example_branch_python_dop_operator_3.py
[2023-11-21 09:43:16,394] {logging_mixin.py:109} INFO - [2023-11-21 09:43:16,394] {dag.py:1834} INFO - Sync 1 DAGs
[2023-11-21 09:43:16,412] {logging_mixin.py:109} INFO - [2023-11-21 09:43:16,411] {dag.py:2287} INFO - Setting next_dagrun for example_branch_dop_operator_v3 to 2023-11-19 00:00:00+00:00
[2023-11-21 09:43:16,611] {processor.py:170} INFO - Processing /home/airflow/.local/lib/python3.6/site-packages/airflow/example_dags/example_branch_python_dop_operator_3.py took 0.257 seconds
[2023-11-21 09:43:47,528] {processor.py:162} INFO - Started process (PID=674) to work on /home/airflow/.local/lib/python3.6/site-packages/airflow/example_dags/example_branch_python_dop_operator_3.py
[2023-11-21 09:43:47,529] {processor.py:613} INFO - Processing file /home/airflow/.local/lib/python3.6/site-packages/airflow/example_dags/example_branch_python_dop_operator_3.py for tasks to queue
[2023-11-21 09:43:47,530] {logging_mixin.py:109} INFO - [2023-11-21 09:43:47,530] {dagbag.py:496} INFO - Filling up the DagBag from /home/airflow/.local/lib/python3.6/site-packages/airflow/example_dags/example_branch_python_dop_operator_3.py
[2023-11-21 09:43:47,542] {processor.py:623} INFO - DAG(s) dict_keys(['example_branch_dop_operator_v3']) retrieved from /home/airflow/.local/lib/python3.6/site-packages/airflow/example_dags/example_branch_python_dop_operator_3.py
[2023-11-21 09:43:47,563] {logging_mixin.py:109} INFO - [2023-11-21 09:43:47,563] {dag.py:1834} INFO - Sync 1 DAGs
[2023-11-21 09:43:47,581] {logging_mixin.py:109} INFO - [2023-11-21 09:43:47,581] {dag.py:2287} INFO - Setting next_dagrun for example_branch_dop_operator_v3 to 2023-11-19 00:00:00+00:00
[2023-11-21 09:43:47,593] {processor.py:170} INFO - Processing /home/airflow/.local/lib/python3.6/site-packages/airflow/example_dags/example_branch_python_dop_operator_3.py took 0.067 seconds
[2023-11-21 09:44:18,065] {processor.py:162} INFO - Started process (PID=854) to work on /home/airflow/.local/lib/python3.6/site-packages/airflow/example_dags/example_branch_python_dop_operator_3.py
[2023-11-21 09:44:18,066] {processor.py:613} INFO - Processing file /home/airflow/.local/lib/python3.6/site-packages/airflow/example_dags/example_branch_python_dop_operator_3.py for tasks to queue
[2023-11-21 09:44:18,066] {logging_mixin.py:109} INFO - [2023-11-21 09:44:18,066] {dagbag.py:496} INFO - Filling up the DagBag from /home/airflow/.local/lib/python3.6/site-packages/airflow/example_dags/example_branch_python_dop_operator_3.py
[2023-11-21 09:44:18,078] {processor.py:623} INFO - DAG(s) dict_keys(['example_branch_dop_operator_v3']) retrieved from /home/airflow/.local/lib/python3.6/site-packages/airflow/example_dags/example_branch_python_dop_operator_3.py
[2023-11-21 09:44:18,098] {logging_mixin.py:109} INFO - [2023-11-21 09:44:18,098] {dag.py:1834} INFO - Sync 1 DAGs
[2023-11-21 09:44:18,118] {logging_mixin.py:109} INFO - [2023-11-21 09:44:18,118] {dag.py:2287} INFO - Setting next_dagrun for example_branch_dop_operator_v3 to 2023-11-19 00:00:00+00:00
[2023-11-21 09:44:18,129] {processor.py:170} INFO - Processing /home/airflow/.local/lib/python3.6/site-packages/airflow/example_dags/example_branch_python_dop_operator_3.py took 0.066 seconds
[2023-11-21 09:44:48,384] {processor.py:162} INFO - Started process (PID=1044) to work on /home/airflow/.local/lib/python3.6/site-packages/airflow/example_dags/example_branch_python_dop_operator_3.py
[2023-11-21 09:44:48,385] {processor.py:613} INFO - Processing file /home/airflow/.local/lib/python3.6/site-packages/airflow/example_dags/example_branch_python_dop_operator_3.py for tasks to queue
[2023-11-21 09:44:48,386] {logging_mixin.py:109} INFO - [2023-11-21 09:44:48,385] {dagbag.py:496} INFO - Filling up the DagBag from /home/airflow/.local/lib/python3.6/site-packages/airflow/example_dags/example_branch_python_dop_operator_3.py
[2023-11-21 09:44:48,395] {processor.py:623} INFO - DAG(s) dict_keys(['example_branch_dop_operator_v3']) retrieved from /home/airflow/.local/lib/python3.6/site-packages/airflow/example_dags/example_branch_python_dop_operator_3.py
[2023-11-21 09:44:48,413] {logging_mixin.py:109} INFO - [2023-11-21 09:44:48,413] {dag.py:1834} INFO - Sync 1 DAGs
[2023-11-21 09:44:48,430] {logging_mixin.py:109} INFO - [2023-11-21 09:44:48,430] {dag.py:2287} INFO - Setting next_dagrun for example_branch_dop_operator_v3 to 2023-11-19 00:00:00+00:00
[2023-11-21 09:44:48,440] {processor.py:170} INFO - Processing /home/airflow/.local/lib/python3.6/site-packages/airflow/example_dags/example_branch_python_dop_operator_3.py took 0.058 seconds
[2023-11-21 09:45:18,735] {processor.py:162} INFO - Started process (PID=1234) to work on /home/airflow/.local/lib/python3.6/site-packages/airflow/example_dags/example_branch_python_dop_operator_3.py
[2023-11-21 09:45:18,736] {processor.py:613} INFO - Processing file /home/airflow/.local/lib/python3.6/site-packages/airflow/example_dags/example_branch_python_dop_operator_3.py for tasks to queue
[2023-11-21 09:45:18,736] {logging_mixin.py:109} INFO - [2023-11-21 09:45:18,736] {dagbag.py:496} INFO - Filling up the DagBag from /home/airflow/.local/lib/python3.6/site-packages/airflow/example_dags/example_branch_python_dop_operator_3.py
[2023-11-21 09:45:18,745] {processor.py:623} INFO - DAG(s) dict_keys(['example_branch_dop_operator_v3']) retrieved from /home/airflow/.local/lib/python3.6/site-packages/airflow/example_dags/example_branch_python_dop_operator_3.py
[2023-11-21 09:45:18,766] {logging_mixin.py:109} INFO - [2023-11-21 09:45:18,765] {dag.py:1834} INFO - Sync 1 DAGs
[2023-11-21 09:45:18,784] {logging_mixin.py:109} INFO - [2023-11-21 09:45:18,784] {dag.py:2287} INFO - Setting next_dagrun for example_branch_dop_operator_v3 to 2023-11-19 00:00:00+00:00
[2023-11-21 09:45:18,796] {processor.py:170} INFO - Processing /home/airflow/.local/lib/python3.6/site-packages/airflow/example_dags/example_branch_python_dop_operator_3.py took 0.063 seconds
[2023-11-21 09:46:18,690] {processor.py:162} INFO - Started process (PID=306) to work on /home/airflow/.local/lib/python3.6/site-packages/airflow/example_dags/example_branch_python_dop_operator_3.py
[2023-11-21 09:46:18,692] {processor.py:613} INFO - Processing file /home/airflow/.local/lib/python3.6/site-packages/airflow/example_dags/example_branch_python_dop_operator_3.py for tasks to queue
[2023-11-21 09:46:18,693] {logging_mixin.py:109} INFO - [2023-11-21 09:46:18,692] {dagbag.py:496} INFO - Filling up the DagBag from /home/airflow/.local/lib/python3.6/site-packages/airflow/example_dags/example_branch_python_dop_operator_3.py
[2023-11-21 09:46:18,705] {processor.py:623} INFO - DAG(s) dict_keys(['example_branch_dop_operator_v3']) retrieved from /home/airflow/.local/lib/python3.6/site-packages/airflow/example_dags/example_branch_python_dop_operator_3.py
[2023-11-21 09:46:18,725] {logging_mixin.py:109} INFO - [2023-11-21 09:46:18,725] {dag.py:1834} INFO - Sync 1 DAGs
[2023-11-21 09:46:18,743] {logging_mixin.py:109} INFO - [2023-11-21 09:46:18,743] {dag.py:2287} INFO - Setting next_dagrun for example_branch_dop_operator_v3 to 2023-11-19 00:00:00+00:00
[2023-11-21 09:46:18,761] {processor.py:170} INFO - Processing /home/airflow/.local/lib/python3.6/site-packages/airflow/example_dags/example_branch_python_dop_operator_3.py took 0.074 seconds
[2023-11-21 09:46:49,469] {processor.py:162} INFO - Started process (PID=485) to work on /home/airflow/.local/lib/python3.6/site-packages/airflow/example_dags/example_branch_python_dop_operator_3.py
[2023-11-21 09:46:49,471] {processor.py:613} INFO - Processing file /home/airflow/.local/lib/python3.6/site-packages/airflow/example_dags/example_branch_python_dop_operator_3.py for tasks to queue
[2023-11-21 09:46:49,471] {logging_mixin.py:109} INFO - [2023-11-21 09:46:49,471] {dagbag.py:496} INFO - Filling up the DagBag from /home/airflow/.local/lib/python3.6/site-packages/airflow/example_dags/example_branch_python_dop_operator_3.py
[2023-11-21 09:46:49,480] {processor.py:623} INFO - DAG(s) dict_keys(['example_branch_dop_operator_v3']) retrieved from /home/airflow/.local/lib/python3.6/site-packages/airflow/example_dags/example_branch_python_dop_operator_3.py
[2023-11-21 09:46:49,498] {logging_mixin.py:109} INFO - [2023-11-21 09:46:49,498] {dag.py:1834} INFO - Sync 1 DAGs
[2023-11-21 09:46:49,515] {logging_mixin.py:109} INFO - [2023-11-21 09:46:49,515] {dag.py:2287} INFO - Setting next_dagrun for example_branch_dop_operator_v3 to 2023-11-19 00:00:00+00:00
[2023-11-21 09:46:49,525] {processor.py:170} INFO - Processing /home/airflow/.local/lib/python3.6/site-packages/airflow/example_dags/example_branch_python_dop_operator_3.py took 0.057 seconds
[2023-11-21 09:47:20,124] {processor.py:162} INFO - Started process (PID=676) to work on /home/airflow/.local/lib/python3.6/site-packages/airflow/example_dags/example_branch_python_dop_operator_3.py
[2023-11-21 09:47:20,125] {processor.py:613} INFO - Processing file /home/airflow/.local/lib/python3.6/site-packages/airflow/example_dags/example_branch_python_dop_operator_3.py for tasks to queue
[2023-11-21 09:47:20,126] {logging_mixin.py:109} INFO - [2023-11-21 09:47:20,126] {dagbag.py:496} INFO - Filling up the DagBag from /home/airflow/.local/lib/python3.6/site-packages/airflow/example_dags/example_branch_python_dop_operator_3.py
[2023-11-21 09:47:20,134] {processor.py:623} INFO - DAG(s) dict_keys(['example_branch_dop_operator_v3']) retrieved from /home/airflow/.local/lib/python3.6/site-packages/airflow/example_dags/example_branch_python_dop_operator_3.py
[2023-11-21 09:47:20,153] {logging_mixin.py:109} INFO - [2023-11-21 09:47:20,152] {dag.py:1834} INFO - Sync 1 DAGs
[2023-11-21 09:47:20,169] {logging_mixin.py:109} INFO - [2023-11-21 09:47:20,169] {dag.py:2287} INFO - Setting next_dagrun for example_branch_dop_operator_v3 to 2023-11-19 00:00:00+00:00
[2023-11-21 09:47:20,179] {processor.py:170} INFO - Processing /home/airflow/.local/lib/python3.6/site-packages/airflow/example_dags/example_branch_python_dop_operator_3.py took 0.056 seconds
[2023-11-21 09:47:50,652] {processor.py:162} INFO - Started process (PID=856) to work on /home/airflow/.local/lib/python3.6/site-packages/airflow/example_dags/example_branch_python_dop_operator_3.py
[2023-11-21 09:47:50,654] {processor.py:613} INFO - Processing file /home/airflow/.local/lib/python3.6/site-packages/airflow/example_dags/example_branch_python_dop_operator_3.py for tasks to queue
[2023-11-21 09:47:50,654] {logging_mixin.py:109} INFO - [2023-11-21 09:47:50,654] {dagbag.py:496} INFO - Filling up the DagBag from /home/airflow/.local/lib/python3.6/site-packages/airflow/example_dags/example_branch_python_dop_operator_3.py
[2023-11-21 09:47:50,664] {processor.py:623} INFO - DAG(s) dict_keys(['example_branch_dop_operator_v3']) retrieved from /home/airflow/.local/lib/python3.6/site-packages/airflow/example_dags/example_branch_python_dop_operator_3.py
[2023-11-21 09:47:50,684] {logging_mixin.py:109} INFO - [2023-11-21 09:47:50,684] {dag.py:1834} INFO - Sync 1 DAGs
[2023-11-21 09:47:50,740] {logging_mixin.py:109} INFO - [2023-11-21 09:47:50,740] {dag.py:2287} INFO - Setting next_dagrun for example_branch_dop_operator_v3 to 2023-11-19 00:00:00+00:00
[2023-11-21 09:47:50,752] {processor.py:170} INFO - Processing /home/airflow/.local/lib/python3.6/site-packages/airflow/example_dags/example_branch_python_dop_operator_3.py took 0.102 seconds
