[2023-11-21 09:42:41,050] {processor.py:162} INFO - Started process (PID=196) to work on /home/airflow/.local/lib/python3.6/site-packages/airflow/example_dags/example_branch_labels.py
[2023-11-21 09:42:41,051] {processor.py:613} INFO - Processing file /home/airflow/.local/lib/python3.6/site-packages/airflow/example_dags/example_branch_labels.py for tasks to queue
[2023-11-21 09:42:41,051] {logging_mixin.py:109} INFO - [2023-11-21 09:42:41,051] {dagbag.py:496} INFO - Filling up the DagBag from /home/airflow/.local/lib/python3.6/site-packages/airflow/example_dags/example_branch_labels.py
[2023-11-21 09:42:41,062] {processor.py:623} INFO - DAG(s) dict_keys(['example_branch_labels']) retrieved from /home/airflow/.local/lib/python3.6/site-packages/airflow/example_dags/example_branch_labels.py
[2023-11-21 09:42:41,167] {logging_mixin.py:109} INFO - [2023-11-21 09:42:41,167] {dag.py:1834} INFO - Sync 1 DAGs
[2023-11-21 09:42:41,183] {logging_mixin.py:109} INFO - [2023-11-21 09:42:41,183] {dag.py:2287} INFO - Setting next_dagrun for example_branch_labels to 2023-11-19 00:00:00+00:00
[2023-11-21 09:42:41,376] {processor.py:170} INFO - Processing /home/airflow/.local/lib/python3.6/site-packages/airflow/example_dags/example_branch_labels.py took 0.345 seconds
[2023-11-21 09:43:11,494] {processor.py:162} INFO - Started process (PID=389) to work on /home/airflow/.local/lib/python3.6/site-packages/airflow/example_dags/example_branch_labels.py
[2023-11-21 09:43:11,494] {processor.py:613} INFO - Processing file /home/airflow/.local/lib/python3.6/site-packages/airflow/example_dags/example_branch_labels.py for tasks to queue
[2023-11-21 09:43:11,495] {logging_mixin.py:109} INFO - [2023-11-21 09:43:11,495] {dagbag.py:496} INFO - Filling up the DagBag from /home/airflow/.local/lib/python3.6/site-packages/airflow/example_dags/example_branch_labels.py
[2023-11-21 09:43:11,504] {processor.py:623} INFO - DAG(s) dict_keys(['example_branch_labels']) retrieved from /home/airflow/.local/lib/python3.6/site-packages/airflow/example_dags/example_branch_labels.py
[2023-11-21 09:43:11,523] {logging_mixin.py:109} INFO - [2023-11-21 09:43:11,523] {dag.py:1834} INFO - Sync 1 DAGs
[2023-11-21 09:43:11,538] {logging_mixin.py:109} INFO - [2023-11-21 09:43:11,538] {dag.py:2287} INFO - Setting next_dagrun for example_branch_labels to 2023-11-19 00:00:00+00:00
[2023-11-21 09:43:11,668] {processor.py:170} INFO - Processing /home/airflow/.local/lib/python3.6/site-packages/airflow/example_dags/example_branch_labels.py took 0.176 seconds
[2023-11-21 09:43:42,502] {processor.py:162} INFO - Started process (PID=577) to work on /home/airflow/.local/lib/python3.6/site-packages/airflow/example_dags/example_branch_labels.py
[2023-11-21 09:43:42,503] {processor.py:613} INFO - Processing file /home/airflow/.local/lib/python3.6/site-packages/airflow/example_dags/example_branch_labels.py for tasks to queue
[2023-11-21 09:43:42,503] {logging_mixin.py:109} INFO - [2023-11-21 09:43:42,503] {dagbag.py:496} INFO - Filling up the DagBag from /home/airflow/.local/lib/python3.6/site-packages/airflow/example_dags/example_branch_labels.py
[2023-11-21 09:43:42,511] {processor.py:623} INFO - DAG(s) dict_keys(['example_branch_labels']) retrieved from /home/airflow/.local/lib/python3.6/site-packages/airflow/example_dags/example_branch_labels.py
[2023-11-21 09:43:42,535] {logging_mixin.py:109} INFO - [2023-11-21 09:43:42,535] {dag.py:1834} INFO - Sync 1 DAGs
[2023-11-21 09:43:42,551] {logging_mixin.py:109} INFO - [2023-11-21 09:43:42,551] {dag.py:2287} INFO - Setting next_dagrun for example_branch_labels to 2023-11-19 00:00:00+00:00
[2023-11-21 09:43:42,561] {processor.py:170} INFO - Processing /home/airflow/.local/lib/python3.6/site-packages/airflow/example_dags/example_branch_labels.py took 0.061 seconds
[2023-11-21 09:44:13,026] {processor.py:162} INFO - Started process (PID=759) to work on /home/airflow/.local/lib/python3.6/site-packages/airflow/example_dags/example_branch_labels.py
[2023-11-21 09:44:13,027] {processor.py:613} INFO - Processing file /home/airflow/.local/lib/python3.6/site-packages/airflow/example_dags/example_branch_labels.py for tasks to queue
[2023-11-21 09:44:13,027] {logging_mixin.py:109} INFO - [2023-11-21 09:44:13,027] {dagbag.py:496} INFO - Filling up the DagBag from /home/airflow/.local/lib/python3.6/site-packages/airflow/example_dags/example_branch_labels.py
[2023-11-21 09:44:13,035] {processor.py:623} INFO - DAG(s) dict_keys(['example_branch_labels']) retrieved from /home/airflow/.local/lib/python3.6/site-packages/airflow/example_dags/example_branch_labels.py
[2023-11-21 09:44:13,053] {logging_mixin.py:109} INFO - [2023-11-21 09:44:13,053] {dag.py:1834} INFO - Sync 1 DAGs
[2023-11-21 09:44:13,066] {logging_mixin.py:109} INFO - [2023-11-21 09:44:13,066] {dag.py:2287} INFO - Setting next_dagrun for example_branch_labels to 2023-11-19 00:00:00+00:00
[2023-11-21 09:44:13,075] {processor.py:170} INFO - Processing /home/airflow/.local/lib/python3.6/site-packages/airflow/example_dags/example_branch_labels.py took 0.050 seconds
[2023-11-21 09:44:43,578] {processor.py:162} INFO - Started process (PID=949) to work on /home/airflow/.local/lib/python3.6/site-packages/airflow/example_dags/example_branch_labels.py
[2023-11-21 09:44:43,579] {processor.py:613} INFO - Processing file /home/airflow/.local/lib/python3.6/site-packages/airflow/example_dags/example_branch_labels.py for tasks to queue
[2023-11-21 09:44:43,580] {logging_mixin.py:109} INFO - [2023-11-21 09:44:43,580] {dagbag.py:496} INFO - Filling up the DagBag from /home/airflow/.local/lib/python3.6/site-packages/airflow/example_dags/example_branch_labels.py
[2023-11-21 09:44:43,588] {processor.py:623} INFO - DAG(s) dict_keys(['example_branch_labels']) retrieved from /home/airflow/.local/lib/python3.6/site-packages/airflow/example_dags/example_branch_labels.py
[2023-11-21 09:44:43,607] {logging_mixin.py:109} INFO - [2023-11-21 09:44:43,607] {dag.py:1834} INFO - Sync 1 DAGs
[2023-11-21 09:44:43,621] {logging_mixin.py:109} INFO - [2023-11-21 09:44:43,621] {dag.py:2287} INFO - Setting next_dagrun for example_branch_labels to 2023-11-19 00:00:00+00:00
[2023-11-21 09:44:43,631] {processor.py:170} INFO - Processing /home/airflow/.local/lib/python3.6/site-packages/airflow/example_dags/example_branch_labels.py took 0.054 seconds
[2023-11-21 09:45:13,862] {processor.py:162} INFO - Started process (PID=1129) to work on /home/airflow/.local/lib/python3.6/site-packages/airflow/example_dags/example_branch_labels.py
[2023-11-21 09:45:13,863] {processor.py:613} INFO - Processing file /home/airflow/.local/lib/python3.6/site-packages/airflow/example_dags/example_branch_labels.py for tasks to queue
[2023-11-21 09:45:13,864] {logging_mixin.py:109} INFO - [2023-11-21 09:45:13,864] {dagbag.py:496} INFO - Filling up the DagBag from /home/airflow/.local/lib/python3.6/site-packages/airflow/example_dags/example_branch_labels.py
[2023-11-21 09:45:13,876] {processor.py:623} INFO - DAG(s) dict_keys(['example_branch_labels']) retrieved from /home/airflow/.local/lib/python3.6/site-packages/airflow/example_dags/example_branch_labels.py
[2023-11-21 09:45:13,897] {logging_mixin.py:109} INFO - [2023-11-21 09:45:13,897] {dag.py:1834} INFO - Sync 1 DAGs
[2023-11-21 09:45:13,910] {logging_mixin.py:109} INFO - [2023-11-21 09:45:13,910] {dag.py:2287} INFO - Setting next_dagrun for example_branch_labels to 2023-11-19 00:00:00+00:00
[2023-11-21 09:45:13,920] {processor.py:170} INFO - Processing /home/airflow/.local/lib/python3.6/site-packages/airflow/example_dags/example_branch_labels.py took 0.060 seconds
[2023-11-21 09:46:15,996] {processor.py:162} INFO - Started process (PID=187) to work on /home/airflow/.local/lib/python3.6/site-packages/airflow/example_dags/example_branch_labels.py
[2023-11-21 09:46:15,997] {processor.py:613} INFO - Processing file /home/airflow/.local/lib/python3.6/site-packages/airflow/example_dags/example_branch_labels.py for tasks to queue
[2023-11-21 09:46:15,997] {logging_mixin.py:109} INFO - [2023-11-21 09:46:15,997] {dagbag.py:496} INFO - Filling up the DagBag from /home/airflow/.local/lib/python3.6/site-packages/airflow/example_dags/example_branch_labels.py
[2023-11-21 09:46:16,006] {processor.py:623} INFO - DAG(s) dict_keys(['example_branch_labels']) retrieved from /home/airflow/.local/lib/python3.6/site-packages/airflow/example_dags/example_branch_labels.py
[2023-11-21 09:46:16,024] {logging_mixin.py:109} INFO - [2023-11-21 09:46:16,024] {dag.py:1834} INFO - Sync 1 DAGs
[2023-11-21 09:46:16,037] {logging_mixin.py:109} INFO - [2023-11-21 09:46:16,037] {dag.py:2287} INFO - Setting next_dagrun for example_branch_labels to 2023-11-19 00:00:00+00:00
[2023-11-21 09:46:16,048] {processor.py:170} INFO - Processing /home/airflow/.local/lib/python3.6/site-packages/airflow/example_dags/example_branch_labels.py took 0.054 seconds
[2023-11-21 09:46:46,155] {processor.py:162} INFO - Started process (PID=390) to work on /home/airflow/.local/lib/python3.6/site-packages/airflow/example_dags/example_branch_labels.py
[2023-11-21 09:46:46,156] {processor.py:613} INFO - Processing file /home/airflow/.local/lib/python3.6/site-packages/airflow/example_dags/example_branch_labels.py for tasks to queue
[2023-11-21 09:46:46,157] {logging_mixin.py:109} INFO - [2023-11-21 09:46:46,157] {dagbag.py:496} INFO - Filling up the DagBag from /home/airflow/.local/lib/python3.6/site-packages/airflow/example_dags/example_branch_labels.py
[2023-11-21 09:46:46,165] {processor.py:623} INFO - DAG(s) dict_keys(['example_branch_labels']) retrieved from /home/airflow/.local/lib/python3.6/site-packages/airflow/example_dags/example_branch_labels.py
[2023-11-21 09:46:46,182] {logging_mixin.py:109} INFO - [2023-11-21 09:46:46,182] {dag.py:1834} INFO - Sync 1 DAGs
[2023-11-21 09:46:46,194] {logging_mixin.py:109} INFO - [2023-11-21 09:46:46,194] {dag.py:2287} INFO - Setting next_dagrun for example_branch_labels to 2023-11-19 00:00:00+00:00
[2023-11-21 09:46:46,202] {processor.py:170} INFO - Processing /home/airflow/.local/lib/python3.6/site-packages/airflow/example_dags/example_branch_labels.py took 0.049 seconds
[2023-11-21 09:47:16,270] {processor.py:162} INFO - Started process (PID=571) to work on /home/airflow/.local/lib/python3.6/site-packages/airflow/example_dags/example_branch_labels.py
[2023-11-21 09:47:16,270] {processor.py:613} INFO - Processing file /home/airflow/.local/lib/python3.6/site-packages/airflow/example_dags/example_branch_labels.py for tasks to queue
[2023-11-21 09:47:16,271] {logging_mixin.py:109} INFO - [2023-11-21 09:47:16,271] {dagbag.py:496} INFO - Filling up the DagBag from /home/airflow/.local/lib/python3.6/site-packages/airflow/example_dags/example_branch_labels.py
[2023-11-21 09:47:16,278] {processor.py:623} INFO - DAG(s) dict_keys(['example_branch_labels']) retrieved from /home/airflow/.local/lib/python3.6/site-packages/airflow/example_dags/example_branch_labels.py
[2023-11-21 09:47:16,296] {logging_mixin.py:109} INFO - [2023-11-21 09:47:16,296] {dag.py:1834} INFO - Sync 1 DAGs
[2023-11-21 09:47:16,308] {logging_mixin.py:109} INFO - [2023-11-21 09:47:16,308] {dag.py:2287} INFO - Setting next_dagrun for example_branch_labels to 2023-11-19 00:00:00+00:00
[2023-11-21 09:47:16,317] {processor.py:170} INFO - Processing /home/airflow/.local/lib/python3.6/site-packages/airflow/example_dags/example_branch_labels.py took 0.049 seconds
[2023-11-21 09:47:46,641] {processor.py:162} INFO - Started process (PID=759) to work on /home/airflow/.local/lib/python3.6/site-packages/airflow/example_dags/example_branch_labels.py
[2023-11-21 09:47:46,642] {processor.py:613} INFO - Processing file /home/airflow/.local/lib/python3.6/site-packages/airflow/example_dags/example_branch_labels.py for tasks to queue
[2023-11-21 09:47:46,643] {logging_mixin.py:109} INFO - [2023-11-21 09:47:46,643] {dagbag.py:496} INFO - Filling up the DagBag from /home/airflow/.local/lib/python3.6/site-packages/airflow/example_dags/example_branch_labels.py
[2023-11-21 09:47:46,651] {processor.py:623} INFO - DAG(s) dict_keys(['example_branch_labels']) retrieved from /home/airflow/.local/lib/python3.6/site-packages/airflow/example_dags/example_branch_labels.py
[2023-11-21 09:47:46,668] {logging_mixin.py:109} INFO - [2023-11-21 09:47:46,668] {dag.py:1834} INFO - Sync 1 DAGs
[2023-11-21 09:47:46,679] {logging_mixin.py:109} INFO - [2023-11-21 09:47:46,679] {dag.py:2287} INFO - Setting next_dagrun for example_branch_labels to 2023-11-19 00:00:00+00:00
[2023-11-21 09:47:46,689] {processor.py:170} INFO - Processing /home/airflow/.local/lib/python3.6/site-packages/airflow/example_dags/example_branch_labels.py took 0.050 seconds
