[2023-11-21 09:42:44,685] {processor.py:162} INFO - Started process (PID=266) to work on /home/airflow/.local/lib/python3.6/site-packages/airflow/example_dags/example_latest_only.py
[2023-11-21 09:42:44,685] {processor.py:613} INFO - Processing file /home/airflow/.local/lib/python3.6/site-packages/airflow/example_dags/example_latest_only.py for tasks to queue
[2023-11-21 09:42:44,686] {logging_mixin.py:109} INFO - [2023-11-21 09:42:44,686] {dagbag.py:496} INFO - Filling up the DagBag from /home/airflow/.local/lib/python3.6/site-packages/airflow/example_dags/example_latest_only.py
[2023-11-21 09:42:44,708] {processor.py:623} INFO - DAG(s) dict_keys(['latest_only']) retrieved from /home/airflow/.local/lib/python3.6/site-packages/airflow/example_dags/example_latest_only.py
[2023-11-21 09:42:44,728] {logging_mixin.py:109} INFO - [2023-11-21 09:42:44,727] {dag.py:1834} INFO - Sync 1 DAGs
[2023-11-21 09:42:44,740] {logging_mixin.py:109} INFO - [2023-11-21 09:42:44,739] {dag.py:2287} INFO - Setting next_dagrun for latest_only to 2023-11-19 00:00:00+00:00
[2023-11-21 09:42:44,799] {processor.py:170} INFO - Processing /home/airflow/.local/lib/python3.6/site-packages/airflow/example_dags/example_latest_only.py took 0.116 seconds
[2023-11-21 09:43:15,412] {processor.py:162} INFO - Started process (PID=442) to work on /home/airflow/.local/lib/python3.6/site-packages/airflow/example_dags/example_latest_only.py
[2023-11-21 09:43:15,423] {processor.py:613} INFO - Processing file /home/airflow/.local/lib/python3.6/site-packages/airflow/example_dags/example_latest_only.py for tasks to queue
[2023-11-21 09:43:15,424] {logging_mixin.py:109} INFO - [2023-11-21 09:43:15,424] {dagbag.py:496} INFO - Filling up the DagBag from /home/airflow/.local/lib/python3.6/site-packages/airflow/example_dags/example_latest_only.py
[2023-11-21 09:43:15,432] {processor.py:623} INFO - DAG(s) dict_keys(['latest_only']) retrieved from /home/airflow/.local/lib/python3.6/site-packages/airflow/example_dags/example_latest_only.py
[2023-11-21 09:43:15,450] {logging_mixin.py:109} INFO - [2023-11-21 09:43:15,450] {dag.py:1834} INFO - Sync 1 DAGs
[2023-11-21 09:43:15,462] {logging_mixin.py:109} INFO - [2023-11-21 09:43:15,462] {dag.py:2287} INFO - Setting next_dagrun for latest_only to 2023-11-19 00:00:00+00:00
[2023-11-21 09:43:15,516] {processor.py:170} INFO - Processing /home/airflow/.local/lib/python3.6/site-packages/airflow/example_dags/example_latest_only.py took 0.106 seconds
[2023-11-21 09:43:45,967] {processor.py:162} INFO - Started process (PID=634) to work on /home/airflow/.local/lib/python3.6/site-packages/airflow/example_dags/example_latest_only.py
[2023-11-21 09:43:45,970] {processor.py:613} INFO - Processing file /home/airflow/.local/lib/python3.6/site-packages/airflow/example_dags/example_latest_only.py for tasks to queue
[2023-11-21 09:43:45,970] {logging_mixin.py:109} INFO - [2023-11-21 09:43:45,970] {dagbag.py:496} INFO - Filling up the DagBag from /home/airflow/.local/lib/python3.6/site-packages/airflow/example_dags/example_latest_only.py
[2023-11-21 09:43:45,981] {processor.py:623} INFO - DAG(s) dict_keys(['latest_only']) retrieved from /home/airflow/.local/lib/python3.6/site-packages/airflow/example_dags/example_latest_only.py
[2023-11-21 09:43:46,002] {logging_mixin.py:109} INFO - [2023-11-21 09:43:46,002] {dag.py:1834} INFO - Sync 1 DAGs
[2023-11-21 09:43:46,014] {logging_mixin.py:109} INFO - [2023-11-21 09:43:46,014] {dag.py:2287} INFO - Setting next_dagrun for latest_only to 2023-11-19 00:00:00+00:00
[2023-11-21 09:43:46,025] {processor.py:170} INFO - Processing /home/airflow/.local/lib/python3.6/site-packages/airflow/example_dags/example_latest_only.py took 0.061 seconds
[2023-11-21 09:44:16,631] {processor.py:162} INFO - Started process (PID=814) to work on /home/airflow/.local/lib/python3.6/site-packages/airflow/example_dags/example_latest_only.py
[2023-11-21 09:44:16,632] {processor.py:613} INFO - Processing file /home/airflow/.local/lib/python3.6/site-packages/airflow/example_dags/example_latest_only.py for tasks to queue
[2023-11-21 09:44:16,632] {logging_mixin.py:109} INFO - [2023-11-21 09:44:16,632] {dagbag.py:496} INFO - Filling up the DagBag from /home/airflow/.local/lib/python3.6/site-packages/airflow/example_dags/example_latest_only.py
[2023-11-21 09:44:16,640] {processor.py:623} INFO - DAG(s) dict_keys(['latest_only']) retrieved from /home/airflow/.local/lib/python3.6/site-packages/airflow/example_dags/example_latest_only.py
[2023-11-21 09:44:16,660] {logging_mixin.py:109} INFO - [2023-11-21 09:44:16,660] {dag.py:1834} INFO - Sync 1 DAGs
[2023-11-21 09:44:16,671] {logging_mixin.py:109} INFO - [2023-11-21 09:44:16,671] {dag.py:2287} INFO - Setting next_dagrun for latest_only to 2023-11-19 00:00:00+00:00
[2023-11-21 09:44:16,681] {processor.py:170} INFO - Processing /home/airflow/.local/lib/python3.6/site-packages/airflow/example_dags/example_latest_only.py took 0.052 seconds
[2023-11-21 09:44:46,948] {processor.py:162} INFO - Started process (PID=1002) to work on /home/airflow/.local/lib/python3.6/site-packages/airflow/example_dags/example_latest_only.py
[2023-11-21 09:44:46,949] {processor.py:613} INFO - Processing file /home/airflow/.local/lib/python3.6/site-packages/airflow/example_dags/example_latest_only.py for tasks to queue
[2023-11-21 09:44:46,949] {logging_mixin.py:109} INFO - [2023-11-21 09:44:46,949] {dagbag.py:496} INFO - Filling up the DagBag from /home/airflow/.local/lib/python3.6/site-packages/airflow/example_dags/example_latest_only.py
[2023-11-21 09:44:46,957] {processor.py:623} INFO - DAG(s) dict_keys(['latest_only']) retrieved from /home/airflow/.local/lib/python3.6/site-packages/airflow/example_dags/example_latest_only.py
[2023-11-21 09:44:46,975] {logging_mixin.py:109} INFO - [2023-11-21 09:44:46,975] {dag.py:1834} INFO - Sync 1 DAGs
[2023-11-21 09:44:46,985] {logging_mixin.py:109} INFO - [2023-11-21 09:44:46,985] {dag.py:2287} INFO - Setting next_dagrun for latest_only to 2023-11-19 00:00:00+00:00
[2023-11-21 09:44:46,995] {processor.py:170} INFO - Processing /home/airflow/.local/lib/python3.6/site-packages/airflow/example_dags/example_latest_only.py took 0.050 seconds
[2023-11-21 09:45:17,348] {processor.py:162} INFO - Started process (PID=1182) to work on /home/airflow/.local/lib/python3.6/site-packages/airflow/example_dags/example_latest_only.py
[2023-11-21 09:45:17,349] {processor.py:613} INFO - Processing file /home/airflow/.local/lib/python3.6/site-packages/airflow/example_dags/example_latest_only.py for tasks to queue
[2023-11-21 09:45:17,350] {logging_mixin.py:109} INFO - [2023-11-21 09:45:17,350] {dagbag.py:496} INFO - Filling up the DagBag from /home/airflow/.local/lib/python3.6/site-packages/airflow/example_dags/example_latest_only.py
[2023-11-21 09:45:17,361] {processor.py:623} INFO - DAG(s) dict_keys(['latest_only']) retrieved from /home/airflow/.local/lib/python3.6/site-packages/airflow/example_dags/example_latest_only.py
[2023-11-21 09:45:17,385] {logging_mixin.py:109} INFO - [2023-11-21 09:45:17,385] {dag.py:1834} INFO - Sync 1 DAGs
[2023-11-21 09:45:17,396] {logging_mixin.py:109} INFO - [2023-11-21 09:45:17,395] {dag.py:2287} INFO - Setting next_dagrun for latest_only to 2023-11-19 00:00:00+00:00
[2023-11-21 09:45:17,406] {processor.py:170} INFO - Processing /home/airflow/.local/lib/python3.6/site-packages/airflow/example_dags/example_latest_only.py took 0.060 seconds
[2023-11-21 09:46:17,457] {processor.py:162} INFO - Started process (PID=257) to work on /home/airflow/.local/lib/python3.6/site-packages/airflow/example_dags/example_latest_only.py
[2023-11-21 09:46:17,458] {processor.py:613} INFO - Processing file /home/airflow/.local/lib/python3.6/site-packages/airflow/example_dags/example_latest_only.py for tasks to queue
[2023-11-21 09:46:17,458] {logging_mixin.py:109} INFO - [2023-11-21 09:46:17,458] {dagbag.py:496} INFO - Filling up the DagBag from /home/airflow/.local/lib/python3.6/site-packages/airflow/example_dags/example_latest_only.py
[2023-11-21 09:46:17,468] {processor.py:623} INFO - DAG(s) dict_keys(['latest_only']) retrieved from /home/airflow/.local/lib/python3.6/site-packages/airflow/example_dags/example_latest_only.py
[2023-11-21 09:46:17,486] {logging_mixin.py:109} INFO - [2023-11-21 09:46:17,486] {dag.py:1834} INFO - Sync 1 DAGs
[2023-11-21 09:46:17,501] {logging_mixin.py:109} INFO - [2023-11-21 09:46:17,500] {dag.py:2287} INFO - Setting next_dagrun for latest_only to 2023-11-19 00:00:00+00:00
[2023-11-21 09:46:17,556] {processor.py:170} INFO - Processing /home/airflow/.local/lib/python3.6/site-packages/airflow/example_dags/example_latest_only.py took 0.101 seconds
[2023-11-21 09:46:47,784] {processor.py:162} INFO - Started process (PID=445) to work on /home/airflow/.local/lib/python3.6/site-packages/airflow/example_dags/example_latest_only.py
[2023-11-21 09:46:47,788] {processor.py:613} INFO - Processing file /home/airflow/.local/lib/python3.6/site-packages/airflow/example_dags/example_latest_only.py for tasks to queue
[2023-11-21 09:46:47,789] {logging_mixin.py:109} INFO - [2023-11-21 09:46:47,789] {dagbag.py:496} INFO - Filling up the DagBag from /home/airflow/.local/lib/python3.6/site-packages/airflow/example_dags/example_latest_only.py
[2023-11-21 09:46:47,796] {processor.py:623} INFO - DAG(s) dict_keys(['latest_only']) retrieved from /home/airflow/.local/lib/python3.6/site-packages/airflow/example_dags/example_latest_only.py
[2023-11-21 09:46:47,814] {logging_mixin.py:109} INFO - [2023-11-21 09:46:47,814] {dag.py:1834} INFO - Sync 1 DAGs
[2023-11-21 09:46:47,825] {logging_mixin.py:109} INFO - [2023-11-21 09:46:47,825] {dag.py:2287} INFO - Setting next_dagrun for latest_only to 2023-11-19 00:00:00+00:00
[2023-11-21 09:46:47,837] {processor.py:170} INFO - Processing /home/airflow/.local/lib/python3.6/site-packages/airflow/example_dags/example_latest_only.py took 0.054 seconds
[2023-11-21 09:47:18,759] {processor.py:162} INFO - Started process (PID=634) to work on /home/airflow/.local/lib/python3.6/site-packages/airflow/example_dags/example_latest_only.py
[2023-11-21 09:47:18,760] {processor.py:613} INFO - Processing file /home/airflow/.local/lib/python3.6/site-packages/airflow/example_dags/example_latest_only.py for tasks to queue
[2023-11-21 09:47:18,761] {logging_mixin.py:109} INFO - [2023-11-21 09:47:18,761] {dagbag.py:496} INFO - Filling up the DagBag from /home/airflow/.local/lib/python3.6/site-packages/airflow/example_dags/example_latest_only.py
[2023-11-21 09:47:18,768] {processor.py:623} INFO - DAG(s) dict_keys(['latest_only']) retrieved from /home/airflow/.local/lib/python3.6/site-packages/airflow/example_dags/example_latest_only.py
[2023-11-21 09:47:18,785] {logging_mixin.py:109} INFO - [2023-11-21 09:47:18,785] {dag.py:1834} INFO - Sync 1 DAGs
[2023-11-21 09:47:18,798] {logging_mixin.py:109} INFO - [2023-11-21 09:47:18,798] {dag.py:2287} INFO - Setting next_dagrun for latest_only to 2023-11-19 00:00:00+00:00
[2023-11-21 09:47:18,808] {processor.py:170} INFO - Processing /home/airflow/.local/lib/python3.6/site-packages/airflow/example_dags/example_latest_only.py took 0.051 seconds
[2023-11-21 09:47:49,075] {processor.py:162} INFO - Started process (PID=814) to work on /home/airflow/.local/lib/python3.6/site-packages/airflow/example_dags/example_latest_only.py
[2023-11-21 09:47:49,076] {processor.py:613} INFO - Processing file /home/airflow/.local/lib/python3.6/site-packages/airflow/example_dags/example_latest_only.py for tasks to queue
[2023-11-21 09:47:49,077] {logging_mixin.py:109} INFO - [2023-11-21 09:47:49,077] {dagbag.py:496} INFO - Filling up the DagBag from /home/airflow/.local/lib/python3.6/site-packages/airflow/example_dags/example_latest_only.py
[2023-11-21 09:47:49,086] {processor.py:623} INFO - DAG(s) dict_keys(['latest_only']) retrieved from /home/airflow/.local/lib/python3.6/site-packages/airflow/example_dags/example_latest_only.py
[2023-11-21 09:47:49,103] {logging_mixin.py:109} INFO - [2023-11-21 09:47:49,103] {dag.py:1834} INFO - Sync 1 DAGs
[2023-11-21 09:47:49,114] {logging_mixin.py:109} INFO - [2023-11-21 09:47:49,114] {dag.py:2287} INFO - Setting next_dagrun for latest_only to 2023-11-19 00:00:00+00:00
[2023-11-21 09:47:49,124] {processor.py:170} INFO - Processing /home/airflow/.local/lib/python3.6/site-packages/airflow/example_dags/example_latest_only.py took 0.051 seconds
