[2023-11-21 09:42:44,581] {processor.py:162} INFO - Started process (PID=261) to work on /home/airflow/.local/lib/python3.6/site-packages/airflow/example_dags/example_branch_day_of_week_operator.py
[2023-11-21 09:42:44,582] {processor.py:613} INFO - Processing file /home/airflow/.local/lib/python3.6/site-packages/airflow/example_dags/example_branch_day_of_week_operator.py for tasks to queue
[2023-11-21 09:42:44,582] {logging_mixin.py:109} INFO - [2023-11-21 09:42:44,582] {dagbag.py:496} INFO - Filling up the DagBag from /home/airflow/.local/lib/python3.6/site-packages/airflow/example_dags/example_branch_day_of_week_operator.py
[2023-11-21 09:42:44,609] {processor.py:623} INFO - DAG(s) dict_keys(['example_weekday_branch_operator']) retrieved from /home/airflow/.local/lib/python3.6/site-packages/airflow/example_dags/example_branch_day_of_week_operator.py
[2023-11-21 09:42:44,629] {logging_mixin.py:109} INFO - [2023-11-21 09:42:44,629] {dag.py:1834} INFO - Sync 1 DAGs
[2023-11-21 09:42:44,642] {logging_mixin.py:109} INFO - [2023-11-21 09:42:44,642] {dag.py:2287} INFO - Setting next_dagrun for example_weekday_branch_operator to 2023-11-19 00:00:00+00:00
[2023-11-21 09:42:44,667] {processor.py:170} INFO - Processing /home/airflow/.local/lib/python3.6/site-packages/airflow/example_dags/example_branch_day_of_week_operator.py took 0.089 seconds
[2023-11-21 09:43:15,384] {processor.py:162} INFO - Started process (PID=437) to work on /home/airflow/.local/lib/python3.6/site-packages/airflow/example_dags/example_branch_day_of_week_operator.py
[2023-11-21 09:43:15,391] {processor.py:613} INFO - Processing file /home/airflow/.local/lib/python3.6/site-packages/airflow/example_dags/example_branch_day_of_week_operator.py for tasks to queue
[2023-11-21 09:43:15,392] {logging_mixin.py:109} INFO - [2023-11-21 09:43:15,392] {dagbag.py:496} INFO - Filling up the DagBag from /home/airflow/.local/lib/python3.6/site-packages/airflow/example_dags/example_branch_day_of_week_operator.py
[2023-11-21 09:43:15,400] {processor.py:623} INFO - DAG(s) dict_keys(['example_weekday_branch_operator']) retrieved from /home/airflow/.local/lib/python3.6/site-packages/airflow/example_dags/example_branch_day_of_week_operator.py
[2023-11-21 09:43:15,418] {logging_mixin.py:109} INFO - [2023-11-21 09:43:15,418] {dag.py:1834} INFO - Sync 1 DAGs
[2023-11-21 09:43:15,430] {logging_mixin.py:109} INFO - [2023-11-21 09:43:15,430] {dag.py:2287} INFO - Setting next_dagrun for example_weekday_branch_operator to 2023-11-19 00:00:00+00:00
[2023-11-21 09:43:15,456] {processor.py:170} INFO - Processing /home/airflow/.local/lib/python3.6/site-packages/airflow/example_dags/example_branch_day_of_week_operator.py took 0.074 seconds
[2023-11-21 09:43:45,893] {processor.py:162} INFO - Started process (PID=629) to work on /home/airflow/.local/lib/python3.6/site-packages/airflow/example_dags/example_branch_day_of_week_operator.py
[2023-11-21 09:43:45,894] {processor.py:613} INFO - Processing file /home/airflow/.local/lib/python3.6/site-packages/airflow/example_dags/example_branch_day_of_week_operator.py for tasks to queue
[2023-11-21 09:43:45,895] {logging_mixin.py:109} INFO - [2023-11-21 09:43:45,895] {dagbag.py:496} INFO - Filling up the DagBag from /home/airflow/.local/lib/python3.6/site-packages/airflow/example_dags/example_branch_day_of_week_operator.py
[2023-11-21 09:43:45,905] {processor.py:623} INFO - DAG(s) dict_keys(['example_weekday_branch_operator']) retrieved from /home/airflow/.local/lib/python3.6/site-packages/airflow/example_dags/example_branch_day_of_week_operator.py
[2023-11-21 09:43:45,926] {logging_mixin.py:109} INFO - [2023-11-21 09:43:45,926] {dag.py:1834} INFO - Sync 1 DAGs
[2023-11-21 09:43:45,938] {logging_mixin.py:109} INFO - [2023-11-21 09:43:45,938] {dag.py:2287} INFO - Setting next_dagrun for example_weekday_branch_operator to 2023-11-19 00:00:00+00:00
[2023-11-21 09:43:45,948] {processor.py:170} INFO - Processing /home/airflow/.local/lib/python3.6/site-packages/airflow/example_dags/example_branch_day_of_week_operator.py took 0.057 seconds
[2023-11-21 09:44:16,566] {processor.py:162} INFO - Started process (PID=806) to work on /home/airflow/.local/lib/python3.6/site-packages/airflow/example_dags/example_branch_day_of_week_operator.py
[2023-11-21 09:44:16,567] {processor.py:613} INFO - Processing file /home/airflow/.local/lib/python3.6/site-packages/airflow/example_dags/example_branch_day_of_week_operator.py for tasks to queue
[2023-11-21 09:44:16,567] {logging_mixin.py:109} INFO - [2023-11-21 09:44:16,567] {dagbag.py:496} INFO - Filling up the DagBag from /home/airflow/.local/lib/python3.6/site-packages/airflow/example_dags/example_branch_day_of_week_operator.py
[2023-11-21 09:44:16,575] {processor.py:623} INFO - DAG(s) dict_keys(['example_weekday_branch_operator']) retrieved from /home/airflow/.local/lib/python3.6/site-packages/airflow/example_dags/example_branch_day_of_week_operator.py
[2023-11-21 09:44:16,593] {logging_mixin.py:109} INFO - [2023-11-21 09:44:16,593] {dag.py:1834} INFO - Sync 1 DAGs
[2023-11-21 09:44:16,605] {logging_mixin.py:109} INFO - [2023-11-21 09:44:16,605] {dag.py:2287} INFO - Setting next_dagrun for example_weekday_branch_operator to 2023-11-19 00:00:00+00:00
[2023-11-21 09:44:16,616] {processor.py:170} INFO - Processing /home/airflow/.local/lib/python3.6/site-packages/airflow/example_dags/example_branch_day_of_week_operator.py took 0.052 seconds
[2023-11-21 09:44:46,879] {processor.py:162} INFO - Started process (PID=997) to work on /home/airflow/.local/lib/python3.6/site-packages/airflow/example_dags/example_branch_day_of_week_operator.py
[2023-11-21 09:44:46,880] {processor.py:613} INFO - Processing file /home/airflow/.local/lib/python3.6/site-packages/airflow/example_dags/example_branch_day_of_week_operator.py for tasks to queue
[2023-11-21 09:44:46,880] {logging_mixin.py:109} INFO - [2023-11-21 09:44:46,880] {dagbag.py:496} INFO - Filling up the DagBag from /home/airflow/.local/lib/python3.6/site-packages/airflow/example_dags/example_branch_day_of_week_operator.py
[2023-11-21 09:44:46,889] {processor.py:623} INFO - DAG(s) dict_keys(['example_weekday_branch_operator']) retrieved from /home/airflow/.local/lib/python3.6/site-packages/airflow/example_dags/example_branch_day_of_week_operator.py
[2023-11-21 09:44:46,906] {logging_mixin.py:109} INFO - [2023-11-21 09:44:46,906] {dag.py:1834} INFO - Sync 1 DAGs
[2023-11-21 09:44:46,920] {logging_mixin.py:109} INFO - [2023-11-21 09:44:46,920] {dag.py:2287} INFO - Setting next_dagrun for example_weekday_branch_operator to 2023-11-19 00:00:00+00:00
[2023-11-21 09:44:46,930] {processor.py:170} INFO - Processing /home/airflow/.local/lib/python3.6/site-packages/airflow/example_dags/example_branch_day_of_week_operator.py took 0.053 seconds
[2023-11-21 09:45:17,283] {processor.py:162} INFO - Started process (PID=1177) to work on /home/airflow/.local/lib/python3.6/site-packages/airflow/example_dags/example_branch_day_of_week_operator.py
[2023-11-21 09:45:17,284] {processor.py:613} INFO - Processing file /home/airflow/.local/lib/python3.6/site-packages/airflow/example_dags/example_branch_day_of_week_operator.py for tasks to queue
[2023-11-21 09:45:17,285] {logging_mixin.py:109} INFO - [2023-11-21 09:45:17,284] {dagbag.py:496} INFO - Filling up the DagBag from /home/airflow/.local/lib/python3.6/site-packages/airflow/example_dags/example_branch_day_of_week_operator.py
[2023-11-21 09:45:17,292] {processor.py:623} INFO - DAG(s) dict_keys(['example_weekday_branch_operator']) retrieved from /home/airflow/.local/lib/python3.6/site-packages/airflow/example_dags/example_branch_day_of_week_operator.py
[2023-11-21 09:45:17,310] {logging_mixin.py:109} INFO - [2023-11-21 09:45:17,309] {dag.py:1834} INFO - Sync 1 DAGs
[2023-11-21 09:45:17,322] {logging_mixin.py:109} INFO - [2023-11-21 09:45:17,322] {dag.py:2287} INFO - Setting next_dagrun for example_weekday_branch_operator to 2023-11-19 00:00:00+00:00
[2023-11-21 09:45:17,332] {processor.py:170} INFO - Processing /home/airflow/.local/lib/python3.6/site-packages/airflow/example_dags/example_branch_day_of_week_operator.py took 0.052 seconds
[2023-11-21 09:46:17,351] {processor.py:162} INFO - Started process (PID=252) to work on /home/airflow/.local/lib/python3.6/site-packages/airflow/example_dags/example_branch_day_of_week_operator.py
[2023-11-21 09:46:17,352] {processor.py:613} INFO - Processing file /home/airflow/.local/lib/python3.6/site-packages/airflow/example_dags/example_branch_day_of_week_operator.py for tasks to queue
[2023-11-21 09:46:17,353] {logging_mixin.py:109} INFO - [2023-11-21 09:46:17,353] {dagbag.py:496} INFO - Filling up the DagBag from /home/airflow/.local/lib/python3.6/site-packages/airflow/example_dags/example_branch_day_of_week_operator.py
[2023-11-21 09:46:17,365] {processor.py:623} INFO - DAG(s) dict_keys(['example_weekday_branch_operator']) retrieved from /home/airflow/.local/lib/python3.6/site-packages/airflow/example_dags/example_branch_day_of_week_operator.py
[2023-11-21 09:46:17,388] {logging_mixin.py:109} INFO - [2023-11-21 09:46:17,388] {dag.py:1834} INFO - Sync 1 DAGs
[2023-11-21 09:46:17,407] {logging_mixin.py:109} INFO - [2023-11-21 09:46:17,407] {dag.py:2287} INFO - Setting next_dagrun for example_weekday_branch_operator to 2023-11-19 00:00:00+00:00
[2023-11-21 09:46:17,439] {processor.py:170} INFO - Processing /home/airflow/.local/lib/python3.6/site-packages/airflow/example_dags/example_branch_day_of_week_operator.py took 0.091 seconds
[2023-11-21 09:46:47,719] {processor.py:162} INFO - Started process (PID=437) to work on /home/airflow/.local/lib/python3.6/site-packages/airflow/example_dags/example_branch_day_of_week_operator.py
[2023-11-21 09:46:47,720] {processor.py:613} INFO - Processing file /home/airflow/.local/lib/python3.6/site-packages/airflow/example_dags/example_branch_day_of_week_operator.py for tasks to queue
[2023-11-21 09:46:47,721] {logging_mixin.py:109} INFO - [2023-11-21 09:46:47,721] {dagbag.py:496} INFO - Filling up the DagBag from /home/airflow/.local/lib/python3.6/site-packages/airflow/example_dags/example_branch_day_of_week_operator.py
[2023-11-21 09:46:47,729] {processor.py:623} INFO - DAG(s) dict_keys(['example_weekday_branch_operator']) retrieved from /home/airflow/.local/lib/python3.6/site-packages/airflow/example_dags/example_branch_day_of_week_operator.py
[2023-11-21 09:46:47,747] {logging_mixin.py:109} INFO - [2023-11-21 09:46:47,747] {dag.py:1834} INFO - Sync 1 DAGs
[2023-11-21 09:46:47,760] {logging_mixin.py:109} INFO - [2023-11-21 09:46:47,759] {dag.py:2287} INFO - Setting next_dagrun for example_weekday_branch_operator to 2023-11-19 00:00:00+00:00
[2023-11-21 09:46:47,770] {processor.py:170} INFO - Processing /home/airflow/.local/lib/python3.6/site-packages/airflow/example_dags/example_branch_day_of_week_operator.py took 0.053 seconds
[2023-11-21 09:47:18,691] {processor.py:162} INFO - Started process (PID=629) to work on /home/airflow/.local/lib/python3.6/site-packages/airflow/example_dags/example_branch_day_of_week_operator.py
[2023-11-21 09:47:18,692] {processor.py:613} INFO - Processing file /home/airflow/.local/lib/python3.6/site-packages/airflow/example_dags/example_branch_day_of_week_operator.py for tasks to queue
[2023-11-21 09:47:18,692] {logging_mixin.py:109} INFO - [2023-11-21 09:47:18,692] {dagbag.py:496} INFO - Filling up the DagBag from /home/airflow/.local/lib/python3.6/site-packages/airflow/example_dags/example_branch_day_of_week_operator.py
[2023-11-21 09:47:18,701] {processor.py:623} INFO - DAG(s) dict_keys(['example_weekday_branch_operator']) retrieved from /home/airflow/.local/lib/python3.6/site-packages/airflow/example_dags/example_branch_day_of_week_operator.py
[2023-11-21 09:47:18,720] {logging_mixin.py:109} INFO - [2023-11-21 09:47:18,720] {dag.py:1834} INFO - Sync 1 DAGs
[2023-11-21 09:47:18,734] {logging_mixin.py:109} INFO - [2023-11-21 09:47:18,734] {dag.py:2287} INFO - Setting next_dagrun for example_weekday_branch_operator to 2023-11-19 00:00:00+00:00
[2023-11-21 09:47:18,744] {processor.py:170} INFO - Processing /home/airflow/.local/lib/python3.6/site-packages/airflow/example_dags/example_branch_day_of_week_operator.py took 0.055 seconds
[2023-11-21 09:47:49,008] {processor.py:162} INFO - Started process (PID=809) to work on /home/airflow/.local/lib/python3.6/site-packages/airflow/example_dags/example_branch_day_of_week_operator.py
[2023-11-21 09:47:49,010] {processor.py:613} INFO - Processing file /home/airflow/.local/lib/python3.6/site-packages/airflow/example_dags/example_branch_day_of_week_operator.py for tasks to queue
[2023-11-21 09:47:49,010] {logging_mixin.py:109} INFO - [2023-11-21 09:47:49,010] {dagbag.py:496} INFO - Filling up the DagBag from /home/airflow/.local/lib/python3.6/site-packages/airflow/example_dags/example_branch_day_of_week_operator.py
[2023-11-21 09:47:49,018] {processor.py:623} INFO - DAG(s) dict_keys(['example_weekday_branch_operator']) retrieved from /home/airflow/.local/lib/python3.6/site-packages/airflow/example_dags/example_branch_day_of_week_operator.py
[2023-11-21 09:47:49,035] {logging_mixin.py:109} INFO - [2023-11-21 09:47:49,035] {dag.py:1834} INFO - Sync 1 DAGs
[2023-11-21 09:47:49,049] {logging_mixin.py:109} INFO - [2023-11-21 09:47:49,048] {dag.py:2287} INFO - Setting next_dagrun for example_weekday_branch_operator to 2023-11-19 00:00:00+00:00
[2023-11-21 09:47:49,058] {processor.py:170} INFO - Processing /home/airflow/.local/lib/python3.6/site-packages/airflow/example_dags/example_branch_day_of_week_operator.py took 0.053 seconds
