[2023-11-21 09:42:43,817] {processor.py:162} INFO - Started process (PID=221) to work on /home/airflow/.local/lib/python3.6/site-packages/airflow/example_dags/tutorial_etl_dag.py
[2023-11-21 09:42:43,818] {processor.py:613} INFO - Processing file /home/airflow/.local/lib/python3.6/site-packages/airflow/example_dags/tutorial_etl_dag.py for tasks to queue
[2023-11-21 09:42:43,819] {logging_mixin.py:109} INFO - [2023-11-21 09:42:43,819] {dagbag.py:496} INFO - Filling up the DagBag from /home/airflow/.local/lib/python3.6/site-packages/airflow/example_dags/tutorial_etl_dag.py
[2023-11-21 09:42:43,828] {processor.py:623} INFO - DAG(s) dict_keys(['tutorial_etl_dag']) retrieved from /home/airflow/.local/lib/python3.6/site-packages/airflow/example_dags/tutorial_etl_dag.py
[2023-11-21 09:42:43,852] {logging_mixin.py:109} INFO - [2023-11-21 09:42:43,852] {dag.py:1834} INFO - Sync 1 DAGs
[2023-11-21 09:42:43,884] {logging_mixin.py:109} INFO - [2023-11-21 09:42:43,883] {dag.py:2287} INFO - Setting next_dagrun for tutorial_etl_dag to None
[2023-11-21 09:42:43,952] {processor.py:170} INFO - Processing /home/airflow/.local/lib/python3.6/site-packages/airflow/example_dags/tutorial_etl_dag.py took 0.137 seconds
[2023-11-21 09:43:13,975] {processor.py:162} INFO - Started process (PID=414) to work on /home/airflow/.local/lib/python3.6/site-packages/airflow/example_dags/tutorial_etl_dag.py
[2023-11-21 09:43:13,976] {processor.py:613} INFO - Processing file /home/airflow/.local/lib/python3.6/site-packages/airflow/example_dags/tutorial_etl_dag.py for tasks to queue
[2023-11-21 09:43:13,976] {logging_mixin.py:109} INFO - [2023-11-21 09:43:13,976] {dagbag.py:496} INFO - Filling up the DagBag from /home/airflow/.local/lib/python3.6/site-packages/airflow/example_dags/tutorial_etl_dag.py
[2023-11-21 09:43:13,986] {processor.py:623} INFO - DAG(s) dict_keys(['tutorial_etl_dag']) retrieved from /home/airflow/.local/lib/python3.6/site-packages/airflow/example_dags/tutorial_etl_dag.py
[2023-11-21 09:43:14,001] {logging_mixin.py:109} INFO - [2023-11-21 09:43:14,001] {dag.py:1834} INFO - Sync 1 DAGs
[2023-11-21 09:43:14,011] {logging_mixin.py:109} INFO - [2023-11-21 09:43:14,011] {dag.py:2287} INFO - Setting next_dagrun for tutorial_etl_dag to None
[2023-11-21 09:43:14,120] {processor.py:170} INFO - Processing /home/airflow/.local/lib/python3.6/site-packages/airflow/example_dags/tutorial_etl_dag.py took 0.147 seconds
[2023-11-21 09:43:44,723] {processor.py:162} INFO - Started process (PID=602) to work on /home/airflow/.local/lib/python3.6/site-packages/airflow/example_dags/tutorial_etl_dag.py
[2023-11-21 09:43:44,724] {processor.py:613} INFO - Processing file /home/airflow/.local/lib/python3.6/site-packages/airflow/example_dags/tutorial_etl_dag.py for tasks to queue
[2023-11-21 09:43:44,725] {logging_mixin.py:109} INFO - [2023-11-21 09:43:44,725] {dagbag.py:496} INFO - Filling up the DagBag from /home/airflow/.local/lib/python3.6/site-packages/airflow/example_dags/tutorial_etl_dag.py
[2023-11-21 09:43:44,734] {processor.py:623} INFO - DAG(s) dict_keys(['tutorial_etl_dag']) retrieved from /home/airflow/.local/lib/python3.6/site-packages/airflow/example_dags/tutorial_etl_dag.py
[2023-11-21 09:43:44,752] {logging_mixin.py:109} INFO - [2023-11-21 09:43:44,752] {dag.py:1834} INFO - Sync 1 DAGs
[2023-11-21 09:43:44,763] {logging_mixin.py:109} INFO - [2023-11-21 09:43:44,763] {dag.py:2287} INFO - Setting next_dagrun for tutorial_etl_dag to None
[2023-11-21 09:43:44,774] {processor.py:170} INFO - Processing /home/airflow/.local/lib/python3.6/site-packages/airflow/example_dags/tutorial_etl_dag.py took 0.054 seconds
[2023-11-21 09:44:15,255] {processor.py:162} INFO - Started process (PID=784) to work on /home/airflow/.local/lib/python3.6/site-packages/airflow/example_dags/tutorial_etl_dag.py
[2023-11-21 09:44:15,255] {processor.py:613} INFO - Processing file /home/airflow/.local/lib/python3.6/site-packages/airflow/example_dags/tutorial_etl_dag.py for tasks to queue
[2023-11-21 09:44:15,256] {logging_mixin.py:109} INFO - [2023-11-21 09:44:15,256] {dagbag.py:496} INFO - Filling up the DagBag from /home/airflow/.local/lib/python3.6/site-packages/airflow/example_dags/tutorial_etl_dag.py
[2023-11-21 09:44:15,264] {processor.py:623} INFO - DAG(s) dict_keys(['tutorial_etl_dag']) retrieved from /home/airflow/.local/lib/python3.6/site-packages/airflow/example_dags/tutorial_etl_dag.py
[2023-11-21 09:44:15,281] {logging_mixin.py:109} INFO - [2023-11-21 09:44:15,280] {dag.py:1834} INFO - Sync 1 DAGs
[2023-11-21 09:44:15,291] {logging_mixin.py:109} INFO - [2023-11-21 09:44:15,291] {dag.py:2287} INFO - Setting next_dagrun for tutorial_etl_dag to None
[2023-11-21 09:44:15,301] {processor.py:170} INFO - Processing /home/airflow/.local/lib/python3.6/site-packages/airflow/example_dags/tutorial_etl_dag.py took 0.049 seconds
[2023-11-21 09:44:45,734] {processor.py:162} INFO - Started process (PID=974) to work on /home/airflow/.local/lib/python3.6/site-packages/airflow/example_dags/tutorial_etl_dag.py
[2023-11-21 09:44:45,735] {processor.py:613} INFO - Processing file /home/airflow/.local/lib/python3.6/site-packages/airflow/example_dags/tutorial_etl_dag.py for tasks to queue
[2023-11-21 09:44:45,736] {logging_mixin.py:109} INFO - [2023-11-21 09:44:45,735] {dagbag.py:496} INFO - Filling up the DagBag from /home/airflow/.local/lib/python3.6/site-packages/airflow/example_dags/tutorial_etl_dag.py
[2023-11-21 09:44:45,745] {processor.py:623} INFO - DAG(s) dict_keys(['tutorial_etl_dag']) retrieved from /home/airflow/.local/lib/python3.6/site-packages/airflow/example_dags/tutorial_etl_dag.py
[2023-11-21 09:44:45,771] {logging_mixin.py:109} INFO - [2023-11-21 09:44:45,771] {dag.py:1834} INFO - Sync 1 DAGs
[2023-11-21 09:44:45,782] {logging_mixin.py:109} INFO - [2023-11-21 09:44:45,781] {dag.py:2287} INFO - Setting next_dagrun for tutorial_etl_dag to None
[2023-11-21 09:44:45,795] {processor.py:170} INFO - Processing /home/airflow/.local/lib/python3.6/site-packages/airflow/example_dags/tutorial_etl_dag.py took 0.063 seconds
[2023-11-21 09:45:16,143] {processor.py:162} INFO - Started process (PID=1154) to work on /home/airflow/.local/lib/python3.6/site-packages/airflow/example_dags/tutorial_etl_dag.py
[2023-11-21 09:45:16,144] {processor.py:613} INFO - Processing file /home/airflow/.local/lib/python3.6/site-packages/airflow/example_dags/tutorial_etl_dag.py for tasks to queue
[2023-11-21 09:45:16,145] {logging_mixin.py:109} INFO - [2023-11-21 09:45:16,145] {dagbag.py:496} INFO - Filling up the DagBag from /home/airflow/.local/lib/python3.6/site-packages/airflow/example_dags/tutorial_etl_dag.py
[2023-11-21 09:45:16,154] {processor.py:623} INFO - DAG(s) dict_keys(['tutorial_etl_dag']) retrieved from /home/airflow/.local/lib/python3.6/site-packages/airflow/example_dags/tutorial_etl_dag.py
[2023-11-21 09:45:16,175] {logging_mixin.py:109} INFO - [2023-11-21 09:45:16,175] {dag.py:1834} INFO - Sync 1 DAGs
[2023-11-21 09:45:16,186] {logging_mixin.py:109} INFO - [2023-11-21 09:45:16,186] {dag.py:2287} INFO - Setting next_dagrun for tutorial_etl_dag to None
[2023-11-21 09:45:16,197] {processor.py:170} INFO - Processing /home/airflow/.local/lib/python3.6/site-packages/airflow/example_dags/tutorial_etl_dag.py took 0.056 seconds
[2023-11-21 09:46:16,562] {processor.py:162} INFO - Started process (PID=227) to work on /home/airflow/.local/lib/python3.6/site-packages/airflow/example_dags/tutorial_etl_dag.py
[2023-11-21 09:46:16,564] {processor.py:613} INFO - Processing file /home/airflow/.local/lib/python3.6/site-packages/airflow/example_dags/tutorial_etl_dag.py for tasks to queue
[2023-11-21 09:46:16,564] {logging_mixin.py:109} INFO - [2023-11-21 09:46:16,564] {dagbag.py:496} INFO - Filling up the DagBag from /home/airflow/.local/lib/python3.6/site-packages/airflow/example_dags/tutorial_etl_dag.py
[2023-11-21 09:46:16,575] {processor.py:623} INFO - DAG(s) dict_keys(['tutorial_etl_dag']) retrieved from /home/airflow/.local/lib/python3.6/site-packages/airflow/example_dags/tutorial_etl_dag.py
[2023-11-21 09:46:16,598] {logging_mixin.py:109} INFO - [2023-11-21 09:46:16,598] {dag.py:1834} INFO - Sync 1 DAGs
[2023-11-21 09:46:16,612] {logging_mixin.py:109} INFO - [2023-11-21 09:46:16,612] {dag.py:2287} INFO - Setting next_dagrun for tutorial_etl_dag to None
[2023-11-21 09:46:16,627] {processor.py:170} INFO - Processing /home/airflow/.local/lib/python3.6/site-packages/airflow/example_dags/tutorial_etl_dag.py took 0.067 seconds
[2023-11-21 09:46:47,372] {processor.py:162} INFO - Started process (PID=415) to work on /home/airflow/.local/lib/python3.6/site-packages/airflow/example_dags/tutorial_etl_dag.py
[2023-11-21 09:46:47,375] {processor.py:613} INFO - Processing file /home/airflow/.local/lib/python3.6/site-packages/airflow/example_dags/tutorial_etl_dag.py for tasks to queue
[2023-11-21 09:46:47,376] {logging_mixin.py:109} INFO - [2023-11-21 09:46:47,376] {dagbag.py:496} INFO - Filling up the DagBag from /home/airflow/.local/lib/python3.6/site-packages/airflow/example_dags/tutorial_etl_dag.py
[2023-11-21 09:46:47,384] {processor.py:623} INFO - DAG(s) dict_keys(['tutorial_etl_dag']) retrieved from /home/airflow/.local/lib/python3.6/site-packages/airflow/example_dags/tutorial_etl_dag.py
[2023-11-21 09:46:47,402] {logging_mixin.py:109} INFO - [2023-11-21 09:46:47,402] {dag.py:1834} INFO - Sync 1 DAGs
[2023-11-21 09:46:47,412] {logging_mixin.py:109} INFO - [2023-11-21 09:46:47,412] {dag.py:2287} INFO - Setting next_dagrun for tutorial_etl_dag to None
[2023-11-21 09:46:47,423] {processor.py:170} INFO - Processing /home/airflow/.local/lib/python3.6/site-packages/airflow/example_dags/tutorial_etl_dag.py took 0.053 seconds
[2023-11-21 09:47:17,481] {processor.py:162} INFO - Started process (PID=596) to work on /home/airflow/.local/lib/python3.6/site-packages/airflow/example_dags/tutorial_etl_dag.py
[2023-11-21 09:47:17,482] {processor.py:613} INFO - Processing file /home/airflow/.local/lib/python3.6/site-packages/airflow/example_dags/tutorial_etl_dag.py for tasks to queue
[2023-11-21 09:47:17,483] {logging_mixin.py:109} INFO - [2023-11-21 09:47:17,483] {dagbag.py:496} INFO - Filling up the DagBag from /home/airflow/.local/lib/python3.6/site-packages/airflow/example_dags/tutorial_etl_dag.py
[2023-11-21 09:47:17,491] {processor.py:623} INFO - DAG(s) dict_keys(['tutorial_etl_dag']) retrieved from /home/airflow/.local/lib/python3.6/site-packages/airflow/example_dags/tutorial_etl_dag.py
[2023-11-21 09:47:17,509] {logging_mixin.py:109} INFO - [2023-11-21 09:47:17,509] {dag.py:1834} INFO - Sync 1 DAGs
[2023-11-21 09:47:17,519] {logging_mixin.py:109} INFO - [2023-11-21 09:47:17,519] {dag.py:2287} INFO - Setting next_dagrun for tutorial_etl_dag to None
[2023-11-21 09:47:17,530] {processor.py:170} INFO - Processing /home/airflow/.local/lib/python3.6/site-packages/airflow/example_dags/tutorial_etl_dag.py took 0.051 seconds
[2023-11-21 09:47:47,865] {processor.py:162} INFO - Started process (PID=786) to work on /home/airflow/.local/lib/python3.6/site-packages/airflow/example_dags/tutorial_etl_dag.py
[2023-11-21 09:47:47,866] {processor.py:613} INFO - Processing file /home/airflow/.local/lib/python3.6/site-packages/airflow/example_dags/tutorial_etl_dag.py for tasks to queue
[2023-11-21 09:47:47,866] {logging_mixin.py:109} INFO - [2023-11-21 09:47:47,866] {dagbag.py:496} INFO - Filling up the DagBag from /home/airflow/.local/lib/python3.6/site-packages/airflow/example_dags/tutorial_etl_dag.py
[2023-11-21 09:47:47,875] {processor.py:623} INFO - DAG(s) dict_keys(['tutorial_etl_dag']) retrieved from /home/airflow/.local/lib/python3.6/site-packages/airflow/example_dags/tutorial_etl_dag.py
[2023-11-21 09:47:47,894] {logging_mixin.py:109} INFO - [2023-11-21 09:47:47,894] {dag.py:1834} INFO - Sync 1 DAGs
[2023-11-21 09:47:47,905] {logging_mixin.py:109} INFO - [2023-11-21 09:47:47,904] {dag.py:2287} INFO - Setting next_dagrun for tutorial_etl_dag to None
[2023-11-21 09:47:47,915] {processor.py:170} INFO - Processing /home/airflow/.local/lib/python3.6/site-packages/airflow/example_dags/tutorial_etl_dag.py took 0.052 seconds
