[2023-11-21 09:42:44,243] {processor.py:162} INFO - Started process (PID=251) to work on /home/airflow/.local/lib/python3.6/site-packages/airflow/example_dags/tutorial_taskflow_api_etl.py
[2023-11-21 09:42:44,244] {processor.py:613} INFO - Processing file /home/airflow/.local/lib/python3.6/site-packages/airflow/example_dags/tutorial_taskflow_api_etl.py for tasks to queue
[2023-11-21 09:42:44,245] {logging_mixin.py:109} INFO - [2023-11-21 09:42:44,244] {dagbag.py:496} INFO - Filling up the DagBag from /home/airflow/.local/lib/python3.6/site-packages/airflow/example_dags/tutorial_taskflow_api_etl.py
[2023-11-21 09:42:44,259] {processor.py:623} INFO - DAG(s) dict_keys(['tutorial_taskflow_api_etl']) retrieved from /home/airflow/.local/lib/python3.6/site-packages/airflow/example_dags/tutorial_taskflow_api_etl.py
[2023-11-21 09:42:44,454] {logging_mixin.py:109} INFO - [2023-11-21 09:42:44,453] {dag.py:1834} INFO - Sync 1 DAGs
[2023-11-21 09:42:44,466] {logging_mixin.py:109} INFO - [2023-11-21 09:42:44,465] {dag.py:2287} INFO - Setting next_dagrun for tutorial_taskflow_api_etl to None
[2023-11-21 09:42:44,481] {processor.py:170} INFO - Processing /home/airflow/.local/lib/python3.6/site-packages/airflow/example_dags/tutorial_taskflow_api_etl.py took 0.240 seconds
[2023-11-21 09:43:15,129] {processor.py:162} INFO - Started process (PID=427) to work on /home/airflow/.local/lib/python3.6/site-packages/airflow/example_dags/tutorial_taskflow_api_etl.py
[2023-11-21 09:43:15,130] {processor.py:613} INFO - Processing file /home/airflow/.local/lib/python3.6/site-packages/airflow/example_dags/tutorial_taskflow_api_etl.py for tasks to queue
[2023-11-21 09:43:15,131] {logging_mixin.py:109} INFO - [2023-11-21 09:43:15,130] {dagbag.py:496} INFO - Filling up the DagBag from /home/airflow/.local/lib/python3.6/site-packages/airflow/example_dags/tutorial_taskflow_api_etl.py
[2023-11-21 09:43:15,142] {processor.py:623} INFO - DAG(s) dict_keys(['tutorial_taskflow_api_etl']) retrieved from /home/airflow/.local/lib/python3.6/site-packages/airflow/example_dags/tutorial_taskflow_api_etl.py
[2023-11-21 09:43:15,287] {logging_mixin.py:109} INFO - [2023-11-21 09:43:15,287] {dag.py:1834} INFO - Sync 1 DAGs
[2023-11-21 09:43:15,296] {logging_mixin.py:109} INFO - [2023-11-21 09:43:15,296] {dag.py:2287} INFO - Setting next_dagrun for tutorial_taskflow_api_etl to None
[2023-11-21 09:43:15,366] {processor.py:170} INFO - Processing /home/airflow/.local/lib/python3.6/site-packages/airflow/example_dags/tutorial_taskflow_api_etl.py took 0.239 seconds
[2023-11-21 09:43:45,816] {processor.py:162} INFO - Started process (PID=619) to work on /home/airflow/.local/lib/python3.6/site-packages/airflow/example_dags/tutorial_taskflow_api_etl.py
[2023-11-21 09:43:45,818] {processor.py:613} INFO - Processing file /home/airflow/.local/lib/python3.6/site-packages/airflow/example_dags/tutorial_taskflow_api_etl.py for tasks to queue
[2023-11-21 09:43:45,819] {logging_mixin.py:109} INFO - [2023-11-21 09:43:45,818] {dagbag.py:496} INFO - Filling up the DagBag from /home/airflow/.local/lib/python3.6/site-packages/airflow/example_dags/tutorial_taskflow_api_etl.py
[2023-11-21 09:43:45,833] {processor.py:623} INFO - DAG(s) dict_keys(['tutorial_taskflow_api_etl']) retrieved from /home/airflow/.local/lib/python3.6/site-packages/airflow/example_dags/tutorial_taskflow_api_etl.py
[2023-11-21 09:43:45,853] {logging_mixin.py:109} INFO - [2023-11-21 09:43:45,852] {dag.py:1834} INFO - Sync 1 DAGs
[2023-11-21 09:43:45,863] {logging_mixin.py:109} INFO - [2023-11-21 09:43:45,863] {dag.py:2287} INFO - Setting next_dagrun for tutorial_taskflow_api_etl to None
[2023-11-21 09:43:45,874] {processor.py:170} INFO - Processing /home/airflow/.local/lib/python3.6/site-packages/airflow/example_dags/tutorial_taskflow_api_etl.py took 0.060 seconds
[2023-11-21 09:44:16,336] {processor.py:162} INFO - Started process (PID=799) to work on /home/airflow/.local/lib/python3.6/site-packages/airflow/example_dags/tutorial_taskflow_api_etl.py
[2023-11-21 09:44:16,336] {processor.py:613} INFO - Processing file /home/airflow/.local/lib/python3.6/site-packages/airflow/example_dags/tutorial_taskflow_api_etl.py for tasks to queue
[2023-11-21 09:44:16,337] {logging_mixin.py:109} INFO - [2023-11-21 09:44:16,337] {dagbag.py:496} INFO - Filling up the DagBag from /home/airflow/.local/lib/python3.6/site-packages/airflow/example_dags/tutorial_taskflow_api_etl.py
[2023-11-21 09:44:16,349] {processor.py:623} INFO - DAG(s) dict_keys(['tutorial_taskflow_api_etl']) retrieved from /home/airflow/.local/lib/python3.6/site-packages/airflow/example_dags/tutorial_taskflow_api_etl.py
[2023-11-21 09:44:16,524] {logging_mixin.py:109} INFO - [2023-11-21 09:44:16,523] {dag.py:1834} INFO - Sync 1 DAGs
[2023-11-21 09:44:16,535] {logging_mixin.py:109} INFO - [2023-11-21 09:44:16,535] {dag.py:2287} INFO - Setting next_dagrun for tutorial_taskflow_api_etl to None
[2023-11-21 09:44:16,547] {processor.py:170} INFO - Processing /home/airflow/.local/lib/python3.6/site-packages/airflow/example_dags/tutorial_taskflow_api_etl.py took 0.213 seconds
[2023-11-21 09:44:46,811] {processor.py:162} INFO - Started process (PID=989) to work on /home/airflow/.local/lib/python3.6/site-packages/airflow/example_dags/tutorial_taskflow_api_etl.py
[2023-11-21 09:44:46,813] {processor.py:613} INFO - Processing file /home/airflow/.local/lib/python3.6/site-packages/airflow/example_dags/tutorial_taskflow_api_etl.py for tasks to queue
[2023-11-21 09:44:46,813] {logging_mixin.py:109} INFO - [2023-11-21 09:44:46,813] {dagbag.py:496} INFO - Filling up the DagBag from /home/airflow/.local/lib/python3.6/site-packages/airflow/example_dags/tutorial_taskflow_api_etl.py
[2023-11-21 09:44:46,824] {processor.py:623} INFO - DAG(s) dict_keys(['tutorial_taskflow_api_etl']) retrieved from /home/airflow/.local/lib/python3.6/site-packages/airflow/example_dags/tutorial_taskflow_api_etl.py
[2023-11-21 09:44:46,980] {logging_mixin.py:109} INFO - [2023-11-21 09:44:46,980] {dag.py:1834} INFO - Sync 1 DAGs
[2023-11-21 09:44:46,990] {logging_mixin.py:109} INFO - [2023-11-21 09:44:46,990] {dag.py:2287} INFO - Setting next_dagrun for tutorial_taskflow_api_etl to None
[2023-11-21 09:44:47,003] {processor.py:170} INFO - Processing /home/airflow/.local/lib/python3.6/site-packages/airflow/example_dags/tutorial_taskflow_api_etl.py took 0.193 seconds
[2023-11-21 09:45:17,215] {processor.py:162} INFO - Started process (PID=1169) to work on /home/airflow/.local/lib/python3.6/site-packages/airflow/example_dags/tutorial_taskflow_api_etl.py
[2023-11-21 09:45:17,216] {processor.py:613} INFO - Processing file /home/airflow/.local/lib/python3.6/site-packages/airflow/example_dags/tutorial_taskflow_api_etl.py for tasks to queue
[2023-11-21 09:45:17,216] {logging_mixin.py:109} INFO - [2023-11-21 09:45:17,216] {dagbag.py:496} INFO - Filling up the DagBag from /home/airflow/.local/lib/python3.6/site-packages/airflow/example_dags/tutorial_taskflow_api_etl.py
[2023-11-21 09:45:17,228] {processor.py:623} INFO - DAG(s) dict_keys(['tutorial_taskflow_api_etl']) retrieved from /home/airflow/.local/lib/python3.6/site-packages/airflow/example_dags/tutorial_taskflow_api_etl.py
[2023-11-21 09:45:17,392] {logging_mixin.py:109} INFO - [2023-11-21 09:45:17,392] {dag.py:1834} INFO - Sync 1 DAGs
[2023-11-21 09:45:17,401] {logging_mixin.py:109} INFO - [2023-11-21 09:45:17,401] {dag.py:2287} INFO - Setting next_dagrun for tutorial_taskflow_api_etl to None
[2023-11-21 09:45:17,414] {processor.py:170} INFO - Processing /home/airflow/.local/lib/python3.6/site-packages/airflow/example_dags/tutorial_taskflow_api_etl.py took 0.201 seconds
[2023-11-21 09:46:16,871] {processor.py:162} INFO - Started process (PID=242) to work on /home/airflow/.local/lib/python3.6/site-packages/airflow/example_dags/tutorial_taskflow_api_etl.py
[2023-11-21 09:46:16,872] {processor.py:613} INFO - Processing file /home/airflow/.local/lib/python3.6/site-packages/airflow/example_dags/tutorial_taskflow_api_etl.py for tasks to queue
[2023-11-21 09:46:16,873] {logging_mixin.py:109} INFO - [2023-11-21 09:46:16,873] {dagbag.py:496} INFO - Filling up the DagBag from /home/airflow/.local/lib/python3.6/site-packages/airflow/example_dags/tutorial_taskflow_api_etl.py
[2023-11-21 09:46:16,893] {processor.py:623} INFO - DAG(s) dict_keys(['tutorial_taskflow_api_etl']) retrieved from /home/airflow/.local/lib/python3.6/site-packages/airflow/example_dags/tutorial_taskflow_api_etl.py
[2023-11-21 09:46:17,198] {logging_mixin.py:109} INFO - [2023-11-21 09:46:17,198] {dag.py:1834} INFO - Sync 1 DAGs
[2023-11-21 09:46:17,215] {logging_mixin.py:109} INFO - [2023-11-21 09:46:17,215] {dag.py:2287} INFO - Setting next_dagrun for tutorial_taskflow_api_etl to None
[2023-11-21 09:46:17,232] {processor.py:170} INFO - Processing /home/airflow/.local/lib/python3.6/site-packages/airflow/example_dags/tutorial_taskflow_api_etl.py took 0.365 seconds
[2023-11-21 09:46:47,514] {processor.py:162} INFO - Started process (PID=430) to work on /home/airflow/.local/lib/python3.6/site-packages/airflow/example_dags/tutorial_taskflow_api_etl.py
[2023-11-21 09:46:47,517] {processor.py:613} INFO - Processing file /home/airflow/.local/lib/python3.6/site-packages/airflow/example_dags/tutorial_taskflow_api_etl.py for tasks to queue
[2023-11-21 09:46:47,517] {logging_mixin.py:109} INFO - [2023-11-21 09:46:47,517] {dagbag.py:496} INFO - Filling up the DagBag from /home/airflow/.local/lib/python3.6/site-packages/airflow/example_dags/tutorial_taskflow_api_etl.py
[2023-11-21 09:46:47,529] {processor.py:623} INFO - DAG(s) dict_keys(['tutorial_taskflow_api_etl']) retrieved from /home/airflow/.local/lib/python3.6/site-packages/airflow/example_dags/tutorial_taskflow_api_etl.py
[2023-11-21 09:46:47,678] {logging_mixin.py:109} INFO - [2023-11-21 09:46:47,678] {dag.py:1834} INFO - Sync 1 DAGs
[2023-11-21 09:46:47,688] {logging_mixin.py:109} INFO - [2023-11-21 09:46:47,688] {dag.py:2287} INFO - Setting next_dagrun for tutorial_taskflow_api_etl to None
[2023-11-21 09:46:47,700] {processor.py:170} INFO - Processing /home/airflow/.local/lib/python3.6/site-packages/airflow/example_dags/tutorial_taskflow_api_etl.py took 0.192 seconds
[2023-11-21 09:47:18,618] {processor.py:162} INFO - Started process (PID=621) to work on /home/airflow/.local/lib/python3.6/site-packages/airflow/example_dags/tutorial_taskflow_api_etl.py
[2023-11-21 09:47:18,619] {processor.py:613} INFO - Processing file /home/airflow/.local/lib/python3.6/site-packages/airflow/example_dags/tutorial_taskflow_api_etl.py for tasks to queue
[2023-11-21 09:47:18,620] {logging_mixin.py:109} INFO - [2023-11-21 09:47:18,620] {dagbag.py:496} INFO - Filling up the DagBag from /home/airflow/.local/lib/python3.6/site-packages/airflow/example_dags/tutorial_taskflow_api_etl.py
[2023-11-21 09:47:18,636] {processor.py:623} INFO - DAG(s) dict_keys(['tutorial_taskflow_api_etl']) retrieved from /home/airflow/.local/lib/python3.6/site-packages/airflow/example_dags/tutorial_taskflow_api_etl.py
[2023-11-21 09:47:18,793] {logging_mixin.py:109} INFO - [2023-11-21 09:47:18,793] {dag.py:1834} INFO - Sync 1 DAGs
[2023-11-21 09:47:18,804] {logging_mixin.py:109} INFO - [2023-11-21 09:47:18,804] {dag.py:2287} INFO - Setting next_dagrun for tutorial_taskflow_api_etl to None
[2023-11-21 09:47:18,818] {processor.py:170} INFO - Processing /home/airflow/.local/lib/python3.6/site-packages/airflow/example_dags/tutorial_taskflow_api_etl.py took 0.204 seconds
[2023-11-21 09:47:48,939] {processor.py:162} INFO - Started process (PID=801) to work on /home/airflow/.local/lib/python3.6/site-packages/airflow/example_dags/tutorial_taskflow_api_etl.py
[2023-11-21 09:47:48,940] {processor.py:613} INFO - Processing file /home/airflow/.local/lib/python3.6/site-packages/airflow/example_dags/tutorial_taskflow_api_etl.py for tasks to queue
[2023-11-21 09:47:48,941] {logging_mixin.py:109} INFO - [2023-11-21 09:47:48,940] {dagbag.py:496} INFO - Filling up the DagBag from /home/airflow/.local/lib/python3.6/site-packages/airflow/example_dags/tutorial_taskflow_api_etl.py
[2023-11-21 09:47:48,952] {processor.py:623} INFO - DAG(s) dict_keys(['tutorial_taskflow_api_etl']) retrieved from /home/airflow/.local/lib/python3.6/site-packages/airflow/example_dags/tutorial_taskflow_api_etl.py
[2023-11-21 09:47:49,107] {logging_mixin.py:109} INFO - [2023-11-21 09:47:49,107] {dag.py:1834} INFO - Sync 1 DAGs
[2023-11-21 09:47:49,117] {logging_mixin.py:109} INFO - [2023-11-21 09:47:49,117] {dag.py:2287} INFO - Setting next_dagrun for tutorial_taskflow_api_etl to None
[2023-11-21 09:47:49,129] {processor.py:170} INFO - Processing /home/airflow/.local/lib/python3.6/site-packages/airflow/example_dags/tutorial_taskflow_api_etl.py took 0.191 seconds
