[2023-11-21 09:42:44,975] {processor.py:162} INFO - Started process (PID=276) to work on /home/airflow/.local/lib/python3.6/site-packages/airflow/example_dags/tutorial_taskflow_api_etl_virtualenv.py
[2023-11-21 09:42:44,976] {processor.py:613} INFO - Processing file /home/airflow/.local/lib/python3.6/site-packages/airflow/example_dags/tutorial_taskflow_api_etl_virtualenv.py for tasks to queue
[2023-11-21 09:42:44,976] {logging_mixin.py:109} INFO - [2023-11-21 09:42:44,976] {dagbag.py:496} INFO - Filling up the DagBag from /home/airflow/.local/lib/python3.6/site-packages/airflow/example_dags/tutorial_taskflow_api_etl_virtualenv.py
[2023-11-21 09:42:44,988] {processor.py:623} INFO - DAG(s) dict_keys(['tutorial_taskflow_api_etl_virtualenv']) retrieved from /home/airflow/.local/lib/python3.6/site-packages/airflow/example_dags/tutorial_taskflow_api_etl_virtualenv.py
[2023-11-21 09:42:45,145] {logging_mixin.py:109} INFO - [2023-11-21 09:42:45,144] {dag.py:1834} INFO - Sync 1 DAGs
[2023-11-21 09:42:45,156] {logging_mixin.py:109} INFO - [2023-11-21 09:42:45,155] {dag.py:2287} INFO - Setting next_dagrun for tutorial_taskflow_api_etl_virtualenv to None
[2023-11-21 09:42:45,199] {processor.py:170} INFO - Processing /home/airflow/.local/lib/python3.6/site-packages/airflow/example_dags/tutorial_taskflow_api_etl_virtualenv.py took 0.226 seconds
[2023-11-21 09:43:15,533] {processor.py:162} INFO - Started process (PID=452) to work on /home/airflow/.local/lib/python3.6/site-packages/airflow/example_dags/tutorial_taskflow_api_etl_virtualenv.py
[2023-11-21 09:43:15,543] {processor.py:613} INFO - Processing file /home/airflow/.local/lib/python3.6/site-packages/airflow/example_dags/tutorial_taskflow_api_etl_virtualenv.py for tasks to queue
[2023-11-21 09:43:15,544] {logging_mixin.py:109} INFO - [2023-11-21 09:43:15,544] {dagbag.py:496} INFO - Filling up the DagBag from /home/airflow/.local/lib/python3.6/site-packages/airflow/example_dags/tutorial_taskflow_api_etl_virtualenv.py
[2023-11-21 09:43:15,556] {processor.py:623} INFO - DAG(s) dict_keys(['tutorial_taskflow_api_etl_virtualenv']) retrieved from /home/airflow/.local/lib/python3.6/site-packages/airflow/example_dags/tutorial_taskflow_api_etl_virtualenv.py
[2023-11-21 09:43:15,710] {logging_mixin.py:109} INFO - [2023-11-21 09:43:15,710] {dag.py:1834} INFO - Sync 1 DAGs
[2023-11-21 09:43:15,720] {logging_mixin.py:109} INFO - [2023-11-21 09:43:15,720] {dag.py:2287} INFO - Setting next_dagrun for tutorial_taskflow_api_etl_virtualenv to None
[2023-11-21 09:43:15,827] {processor.py:170} INFO - Processing /home/airflow/.local/lib/python3.6/site-packages/airflow/example_dags/tutorial_taskflow_api_etl_virtualenv.py took 0.296 seconds
[2023-11-21 09:43:46,045] {processor.py:162} INFO - Started process (PID=644) to work on /home/airflow/.local/lib/python3.6/site-packages/airflow/example_dags/tutorial_taskflow_api_etl_virtualenv.py
[2023-11-21 09:43:46,046] {processor.py:613} INFO - Processing file /home/airflow/.local/lib/python3.6/site-packages/airflow/example_dags/tutorial_taskflow_api_etl_virtualenv.py for tasks to queue
[2023-11-21 09:43:46,047] {logging_mixin.py:109} INFO - [2023-11-21 09:43:46,046] {dagbag.py:496} INFO - Filling up the DagBag from /home/airflow/.local/lib/python3.6/site-packages/airflow/example_dags/tutorial_taskflow_api_etl_virtualenv.py
[2023-11-21 09:43:46,062] {processor.py:623} INFO - DAG(s) dict_keys(['tutorial_taskflow_api_etl_virtualenv']) retrieved from /home/airflow/.local/lib/python3.6/site-packages/airflow/example_dags/tutorial_taskflow_api_etl_virtualenv.py
[2023-11-21 09:43:46,238] {logging_mixin.py:109} INFO - [2023-11-21 09:43:46,237] {dag.py:1834} INFO - Sync 1 DAGs
[2023-11-21 09:43:46,251] {logging_mixin.py:109} INFO - [2023-11-21 09:43:46,251] {dag.py:2287} INFO - Setting next_dagrun for tutorial_taskflow_api_etl_virtualenv to None
[2023-11-21 09:43:46,265] {processor.py:170} INFO - Processing /home/airflow/.local/lib/python3.6/site-packages/airflow/example_dags/tutorial_taskflow_api_etl_virtualenv.py took 0.222 seconds
[2023-11-21 09:44:16,765] {processor.py:162} INFO - Started process (PID=824) to work on /home/airflow/.local/lib/python3.6/site-packages/airflow/example_dags/tutorial_taskflow_api_etl_virtualenv.py
[2023-11-21 09:44:16,766] {processor.py:613} INFO - Processing file /home/airflow/.local/lib/python3.6/site-packages/airflow/example_dags/tutorial_taskflow_api_etl_virtualenv.py for tasks to queue
[2023-11-21 09:44:16,766] {logging_mixin.py:109} INFO - [2023-11-21 09:44:16,766] {dagbag.py:496} INFO - Filling up the DagBag from /home/airflow/.local/lib/python3.6/site-packages/airflow/example_dags/tutorial_taskflow_api_etl_virtualenv.py
[2023-11-21 09:44:16,779] {processor.py:623} INFO - DAG(s) dict_keys(['tutorial_taskflow_api_etl_virtualenv']) retrieved from /home/airflow/.local/lib/python3.6/site-packages/airflow/example_dags/tutorial_taskflow_api_etl_virtualenv.py
[2023-11-21 09:44:16,951] {logging_mixin.py:109} INFO - [2023-11-21 09:44:16,951] {dag.py:1834} INFO - Sync 1 DAGs
[2023-11-21 09:44:16,962] {logging_mixin.py:109} INFO - [2023-11-21 09:44:16,962] {dag.py:2287} INFO - Setting next_dagrun for tutorial_taskflow_api_etl_virtualenv to None
[2023-11-21 09:44:16,974] {processor.py:170} INFO - Processing /home/airflow/.local/lib/python3.6/site-packages/airflow/example_dags/tutorial_taskflow_api_etl_virtualenv.py took 0.211 seconds
[2023-11-21 09:44:47,021] {processor.py:162} INFO - Started process (PID=1012) to work on /home/airflow/.local/lib/python3.6/site-packages/airflow/example_dags/tutorial_taskflow_api_etl_virtualenv.py
[2023-11-21 09:44:47,022] {processor.py:613} INFO - Processing file /home/airflow/.local/lib/python3.6/site-packages/airflow/example_dags/tutorial_taskflow_api_etl_virtualenv.py for tasks to queue
[2023-11-21 09:44:47,023] {logging_mixin.py:109} INFO - [2023-11-21 09:44:47,023] {dagbag.py:496} INFO - Filling up the DagBag from /home/airflow/.local/lib/python3.6/site-packages/airflow/example_dags/tutorial_taskflow_api_etl_virtualenv.py
[2023-11-21 09:44:47,035] {processor.py:623} INFO - DAG(s) dict_keys(['tutorial_taskflow_api_etl_virtualenv']) retrieved from /home/airflow/.local/lib/python3.6/site-packages/airflow/example_dags/tutorial_taskflow_api_etl_virtualenv.py
[2023-11-21 09:44:47,194] {logging_mixin.py:109} INFO - [2023-11-21 09:44:47,194] {dag.py:1834} INFO - Sync 1 DAGs
[2023-11-21 09:44:47,205] {logging_mixin.py:109} INFO - [2023-11-21 09:44:47,204] {dag.py:2287} INFO - Setting next_dagrun for tutorial_taskflow_api_etl_virtualenv to None
[2023-11-21 09:44:47,217] {processor.py:170} INFO - Processing /home/airflow/.local/lib/python3.6/site-packages/airflow/example_dags/tutorial_taskflow_api_etl_virtualenv.py took 0.199 seconds
[2023-11-21 09:45:17,434] {processor.py:162} INFO - Started process (PID=1199) to work on /home/airflow/.local/lib/python3.6/site-packages/airflow/example_dags/tutorial_taskflow_api_etl_virtualenv.py
[2023-11-21 09:45:17,435] {processor.py:613} INFO - Processing file /home/airflow/.local/lib/python3.6/site-packages/airflow/example_dags/tutorial_taskflow_api_etl_virtualenv.py for tasks to queue
[2023-11-21 09:45:17,435] {logging_mixin.py:109} INFO - [2023-11-21 09:45:17,435] {dagbag.py:496} INFO - Filling up the DagBag from /home/airflow/.local/lib/python3.6/site-packages/airflow/example_dags/tutorial_taskflow_api_etl_virtualenv.py
[2023-11-21 09:45:17,449] {processor.py:623} INFO - DAG(s) dict_keys(['tutorial_taskflow_api_etl_virtualenv']) retrieved from /home/airflow/.local/lib/python3.6/site-packages/airflow/example_dags/tutorial_taskflow_api_etl_virtualenv.py
[2023-11-21 09:45:17,613] {logging_mixin.py:109} INFO - [2023-11-21 09:45:17,613] {dag.py:1834} INFO - Sync 1 DAGs
[2023-11-21 09:45:17,623] {logging_mixin.py:109} INFO - [2023-11-21 09:45:17,623] {dag.py:2287} INFO - Setting next_dagrun for tutorial_taskflow_api_etl_virtualenv to None
[2023-11-21 09:45:17,636] {processor.py:170} INFO - Processing /home/airflow/.local/lib/python3.6/site-packages/airflow/example_dags/tutorial_taskflow_api_etl_virtualenv.py took 0.205 seconds
[2023-11-21 09:46:17,658] {processor.py:162} INFO - Started process (PID=267) to work on /home/airflow/.local/lib/python3.6/site-packages/airflow/example_dags/tutorial_taskflow_api_etl_virtualenv.py
[2023-11-21 09:46:17,660] {processor.py:613} INFO - Processing file /home/airflow/.local/lib/python3.6/site-packages/airflow/example_dags/tutorial_taskflow_api_etl_virtualenv.py for tasks to queue
[2023-11-21 09:46:17,660] {logging_mixin.py:109} INFO - [2023-11-21 09:46:17,660] {dagbag.py:496} INFO - Filling up the DagBag from /home/airflow/.local/lib/python3.6/site-packages/airflow/example_dags/tutorial_taskflow_api_etl_virtualenv.py
[2023-11-21 09:46:17,674] {processor.py:623} INFO - DAG(s) dict_keys(['tutorial_taskflow_api_etl_virtualenv']) retrieved from /home/airflow/.local/lib/python3.6/site-packages/airflow/example_dags/tutorial_taskflow_api_etl_virtualenv.py
[2023-11-21 09:46:17,860] {logging_mixin.py:109} INFO - [2023-11-21 09:46:17,859] {dag.py:1834} INFO - Sync 1 DAGs
[2023-11-21 09:46:17,874] {logging_mixin.py:109} INFO - [2023-11-21 09:46:17,874] {dag.py:2287} INFO - Setting next_dagrun for tutorial_taskflow_api_etl_virtualenv to None
[2023-11-21 09:46:17,888] {processor.py:170} INFO - Processing /home/airflow/.local/lib/python3.6/site-packages/airflow/example_dags/tutorial_taskflow_api_etl_virtualenv.py took 0.233 seconds
[2023-11-21 09:46:47,917] {processor.py:162} INFO - Started process (PID=455) to work on /home/airflow/.local/lib/python3.6/site-packages/airflow/example_dags/tutorial_taskflow_api_etl_virtualenv.py
[2023-11-21 09:46:47,921] {processor.py:613} INFO - Processing file /home/airflow/.local/lib/python3.6/site-packages/airflow/example_dags/tutorial_taskflow_api_etl_virtualenv.py for tasks to queue
[2023-11-21 09:46:47,921] {logging_mixin.py:109} INFO - [2023-11-21 09:46:47,921] {dagbag.py:496} INFO - Filling up the DagBag from /home/airflow/.local/lib/python3.6/site-packages/airflow/example_dags/tutorial_taskflow_api_etl_virtualenv.py
[2023-11-21 09:46:47,933] {processor.py:623} INFO - DAG(s) dict_keys(['tutorial_taskflow_api_etl_virtualenv']) retrieved from /home/airflow/.local/lib/python3.6/site-packages/airflow/example_dags/tutorial_taskflow_api_etl_virtualenv.py
[2023-11-21 09:46:48,079] {logging_mixin.py:109} INFO - [2023-11-21 09:46:48,079] {dag.py:1834} INFO - Sync 1 DAGs
[2023-11-21 09:46:48,089] {logging_mixin.py:109} INFO - [2023-11-21 09:46:48,088] {dag.py:2287} INFO - Setting next_dagrun for tutorial_taskflow_api_etl_virtualenv to None
[2023-11-21 09:46:48,100] {processor.py:170} INFO - Processing /home/airflow/.local/lib/python3.6/site-packages/airflow/example_dags/tutorial_taskflow_api_etl_virtualenv.py took 0.185 seconds
[2023-11-21 09:47:18,835] {processor.py:162} INFO - Started process (PID=644) to work on /home/airflow/.local/lib/python3.6/site-packages/airflow/example_dags/tutorial_taskflow_api_etl_virtualenv.py
[2023-11-21 09:47:18,836] {processor.py:613} INFO - Processing file /home/airflow/.local/lib/python3.6/site-packages/airflow/example_dags/tutorial_taskflow_api_etl_virtualenv.py for tasks to queue
[2023-11-21 09:47:18,836] {logging_mixin.py:109} INFO - [2023-11-21 09:47:18,836] {dagbag.py:496} INFO - Filling up the DagBag from /home/airflow/.local/lib/python3.6/site-packages/airflow/example_dags/tutorial_taskflow_api_etl_virtualenv.py
[2023-11-21 09:47:18,849] {processor.py:623} INFO - DAG(s) dict_keys(['tutorial_taskflow_api_etl_virtualenv']) retrieved from /home/airflow/.local/lib/python3.6/site-packages/airflow/example_dags/tutorial_taskflow_api_etl_virtualenv.py
[2023-11-21 09:47:19,006] {logging_mixin.py:109} INFO - [2023-11-21 09:47:19,006] {dag.py:1834} INFO - Sync 1 DAGs
[2023-11-21 09:47:19,016] {logging_mixin.py:109} INFO - [2023-11-21 09:47:19,016] {dag.py:2287} INFO - Setting next_dagrun for tutorial_taskflow_api_etl_virtualenv to None
[2023-11-21 09:47:19,027] {processor.py:170} INFO - Processing /home/airflow/.local/lib/python3.6/site-packages/airflow/example_dags/tutorial_taskflow_api_etl_virtualenv.py took 0.194 seconds
[2023-11-21 09:47:49,148] {processor.py:162} INFO - Started process (PID=824) to work on /home/airflow/.local/lib/python3.6/site-packages/airflow/example_dags/tutorial_taskflow_api_etl_virtualenv.py
[2023-11-21 09:47:49,149] {processor.py:613} INFO - Processing file /home/airflow/.local/lib/python3.6/site-packages/airflow/example_dags/tutorial_taskflow_api_etl_virtualenv.py for tasks to queue
[2023-11-21 09:47:49,150] {logging_mixin.py:109} INFO - [2023-11-21 09:47:49,150] {dagbag.py:496} INFO - Filling up the DagBag from /home/airflow/.local/lib/python3.6/site-packages/airflow/example_dags/tutorial_taskflow_api_etl_virtualenv.py
[2023-11-21 09:47:49,161] {processor.py:623} INFO - DAG(s) dict_keys(['tutorial_taskflow_api_etl_virtualenv']) retrieved from /home/airflow/.local/lib/python3.6/site-packages/airflow/example_dags/tutorial_taskflow_api_etl_virtualenv.py
[2023-11-21 09:47:49,306] {logging_mixin.py:109} INFO - [2023-11-21 09:47:49,306] {dag.py:1834} INFO - Sync 1 DAGs
[2023-11-21 09:47:49,315] {logging_mixin.py:109} INFO - [2023-11-21 09:47:49,315] {dag.py:2287} INFO - Setting next_dagrun for tutorial_taskflow_api_etl_virtualenv to None
[2023-11-21 09:47:49,329] {processor.py:170} INFO - Processing /home/airflow/.local/lib/python3.6/site-packages/airflow/example_dags/tutorial_taskflow_api_etl_virtualenv.py took 0.183 seconds
