[2024-01-04 07:53:59,280] {taskinstance.py:903} INFO - Dependencies all met for <TaskInstance: meeting.fetch_meeting 2024-01-04T07:53:33.082454+00:00 [queued]>
[2024-01-04 07:53:59,301] {taskinstance.py:903} INFO - Dependencies all met for <TaskInstance: meeting.fetch_meeting 2024-01-04T07:53:33.082454+00:00 [queued]>
[2024-01-04 07:53:59,301] {taskinstance.py:1095} INFO - 
--------------------------------------------------------------------------------
[2024-01-04 07:53:59,301] {taskinstance.py:1096} INFO - Starting attempt 1 of 1
[2024-01-04 07:53:59,301] {taskinstance.py:1097} INFO - 
--------------------------------------------------------------------------------
[2024-01-04 07:53:59,313] {taskinstance.py:1115} INFO - Executing <Task(PythonOperator): fetch_meeting> on 2024-01-04T07:53:33.082454+00:00
[2024-01-04 07:53:59,319] {standard_task_runner.py:52} INFO - Started process 789 to run task
[2024-01-04 07:53:59,323] {standard_task_runner.py:76} INFO - Running: ['***', 'tasks', 'run', 'meeting', 'fetch_meeting', '2024-01-04T07:53:33.082454+00:00', '--job-id', '121', '--pool', 'default_pool', '--raw', '--subdir', 'DAGS_FOLDER/first_dag.py', '--cfg-path', '/tmp/tmp1ihcpeb6', '--error-file', '/tmp/tmpsbny0i1s']
[2024-01-04 07:53:59,327] {standard_task_runner.py:77} INFO - Job 121: Subtask fetch_meeting
[2024-01-04 07:53:59,383] {logging_mixin.py:109} INFO - Running <TaskInstance: meeting.fetch_meeting 2024-01-04T07:53:33.082454+00:00 [running]> on host d9caa4907196
[2024-01-04 07:53:59,456] {taskinstance.py:1254} INFO - Exporting the following env vars:
AIRFLOW_CTX_DAG_OWNER=***
AIRFLOW_CTX_DAG_ID=meeting
AIRFLOW_CTX_TASK_ID=fetch_meeting
AIRFLOW_CTX_EXECUTION_DATE=2024-01-04T07:53:33.082454+00:00
AIRFLOW_CTX_DAG_RUN_ID=manual__2024-01-04T07:53:33.082454+00:00
[2024-01-04 07:54:05,779] {logging_mixin.py:109} INFO - Output to /home/tnanun/***-meet/data/data_meet.csv yoyoyoyoyoyo
[2024-01-04 07:54:05,779] {python.py:151} INFO - Done. Returned value was: None
[2024-01-04 07:54:05,872] {taskinstance.py:1219} INFO - Marking task as SUCCESS. dag_id=meeting, task_id=fetch_meeting, execution_date=20240104T075333, start_date=20240104T075359, end_date=20240104T075405
[2024-01-04 07:54:05,925] {local_task_job.py:151} INFO - Task exited with return code 0
[2024-01-04 07:54:05,996] {local_task_job.py:261} INFO - 1 downstream tasks scheduled from follow-on schedule check
