[2024-03-09 02:57:35,080] {taskinstance.py:903} INFO - Dependencies all met for <TaskInstance: meeting_project492.clean_meeting 2024-03-09T02:57:26.279925+00:00 [queued]>
[2024-03-09 02:57:35,094] {taskinstance.py:903} INFO - Dependencies all met for <TaskInstance: meeting_project492.clean_meeting 2024-03-09T02:57:26.279925+00:00 [queued]>
[2024-03-09 02:57:35,094] {taskinstance.py:1095} INFO - 
--------------------------------------------------------------------------------
[2024-03-09 02:57:35,094] {taskinstance.py:1096} INFO - Starting attempt 1 of 1
[2024-03-09 02:57:35,094] {taskinstance.py:1097} INFO - 
--------------------------------------------------------------------------------
[2024-03-09 02:57:35,111] {taskinstance.py:1115} INFO - Executing <Task(PythonOperator): clean_meeting> on 2024-03-09T02:57:26.279925+00:00
[2024-03-09 02:57:35,117] {standard_task_runner.py:52} INFO - Started process 689 to run task
[2024-03-09 02:57:35,120] {standard_task_runner.py:76} INFO - Running: ['***', 'tasks', 'run', 'meeting_project492', 'clean_meeting', '2024-03-09T02:57:26.279925+00:00', '--job-id', '337', '--pool', 'default_pool', '--raw', '--subdir', 'DAGS_FOLDER/first_dag.py', '--cfg-path', '/tmp/tmpb1bq09sj', '--error-file', '/tmp/tmpwy95v7v4']
[2024-03-09 02:57:35,123] {standard_task_runner.py:77} INFO - Job 337: Subtask clean_meeting
[2024-03-09 02:57:35,167] {logging_mixin.py:109} INFO - Running <TaskInstance: meeting_project492.clean_meeting 2024-03-09T02:57:26.279925+00:00 [running]> on host 62b9685fb4d1
[2024-03-09 02:57:35,219] {taskinstance.py:1254} INFO - Exporting the following env vars:
AIRFLOW_CTX_DAG_OWNER=***
AIRFLOW_CTX_DAG_ID=meeting_project492
AIRFLOW_CTX_TASK_ID=clean_meeting
AIRFLOW_CTX_EXECUTION_DATE=2024-03-09T02:57:26.279925+00:00
AIRFLOW_CTX_DAG_RUN_ID=manual__2024-03-09T02:57:26.279925+00:00
[2024-03-09 02:57:35,276] {logging_mixin.py:109} INFO - Output to /home/tnanun/***-meet/data/data_meet.csv yoyoyoyoyoyo
[2024-03-09 02:57:35,277] {python.py:151} INFO - Done. Returned value was: None
[2024-03-09 02:57:35,287] {taskinstance.py:1219} INFO - Marking task as SUCCESS. dag_id=meeting_project492, task_id=clean_meeting, execution_date=20240309T025726, start_date=20240309T025735, end_date=20240309T025735
[2024-03-09 02:57:35,333] {local_task_job.py:151} INFO - Task exited with return code 0
[2024-03-09 02:57:35,370] {local_task_job.py:261} INFO - 0 downstream tasks scheduled from follow-on schedule check
