[2024-01-04 08:54:10,932] {taskinstance.py:903} INFO - Dependencies all met for <TaskInstance: meeting.clean_meeting 2024-01-04T08:54:04.719676+00:00 [queued]>
[2024-01-04 08:54:10,946] {taskinstance.py:903} INFO - Dependencies all met for <TaskInstance: meeting.clean_meeting 2024-01-04T08:54:04.719676+00:00 [queued]>
[2024-01-04 08:54:10,946] {taskinstance.py:1095} INFO - 
--------------------------------------------------------------------------------
[2024-01-04 08:54:10,946] {taskinstance.py:1096} INFO - Starting attempt 1 of 1
[2024-01-04 08:54:10,946] {taskinstance.py:1097} INFO - 
--------------------------------------------------------------------------------
[2024-01-04 08:54:10,966] {taskinstance.py:1115} INFO - Executing <Task(PythonOperator): clean_meeting> on 2024-01-04T08:54:04.719676+00:00
[2024-01-04 08:54:10,972] {standard_task_runner.py:52} INFO - Started process 717 to run task
[2024-01-04 08:54:10,977] {standard_task_runner.py:76} INFO - Running: ['***', 'tasks', 'run', 'meeting', 'clean_meeting', '2024-01-04T08:54:04.719676+00:00', '--job-id', '137', '--pool', 'default_pool', '--raw', '--subdir', 'DAGS_FOLDER/first_dag.py', '--cfg-path', '/tmp/tmp6w8xjeoo', '--error-file', '/tmp/tmp63esefus']
[2024-01-04 08:54:10,982] {standard_task_runner.py:77} INFO - Job 137: Subtask clean_meeting
[2024-01-04 08:54:11,036] {logging_mixin.py:109} INFO - Running <TaskInstance: meeting.clean_meeting 2024-01-04T08:54:04.719676+00:00 [running]> on host bd9da4259c23
[2024-01-04 08:54:11,107] {taskinstance.py:1254} INFO - Exporting the following env vars:
AIRFLOW_CTX_DAG_OWNER=***
AIRFLOW_CTX_DAG_ID=meeting
AIRFLOW_CTX_TASK_ID=clean_meeting
AIRFLOW_CTX_EXECUTION_DATE=2024-01-04T08:54:04.719676+00:00
AIRFLOW_CTX_DAG_RUN_ID=manual__2024-01-04T08:54:04.719676+00:00
[2024-01-04 08:54:11,167] {logging_mixin.py:109} INFO - Output to /home/tnanun/***-meet/data/data_meet.csv yoyoyoyoyoyo
[2024-01-04 08:54:11,167] {python.py:151} INFO - Done. Returned value was: None
[2024-01-04 08:54:11,181] {taskinstance.py:1219} INFO - Marking task as SUCCESS. dag_id=meeting, task_id=clean_meeting, execution_date=20240104T085404, start_date=20240104T085410, end_date=20240104T085411
[2024-01-04 08:54:11,230] {local_task_job.py:151} INFO - Task exited with return code 0
[2024-01-04 08:54:11,263] {local_task_job.py:261} INFO - 0 downstream tasks scheduled from follow-on schedule check
