[2024-03-11 02:47:14,700] {taskinstance.py:903} INFO - Dependencies all met for <TaskInstance: meeting_project492.merge_data 2024-03-11T02:47:05.248696+00:00 [queued]>
[2024-03-11 02:47:14,719] {taskinstance.py:903} INFO - Dependencies all met for <TaskInstance: meeting_project492.merge_data 2024-03-11T02:47:05.248696+00:00 [queued]>
[2024-03-11 02:47:14,719] {taskinstance.py:1095} INFO - 
--------------------------------------------------------------------------------
[2024-03-11 02:47:14,719] {taskinstance.py:1096} INFO - Starting attempt 1 of 1
[2024-03-11 02:47:14,719] {taskinstance.py:1097} INFO - 
--------------------------------------------------------------------------------
[2024-03-11 02:47:14,728] {taskinstance.py:1115} INFO - Executing <Task(PythonOperator): merge_data> on 2024-03-11T02:47:05.248696+00:00
[2024-03-11 02:47:14,733] {standard_task_runner.py:52} INFO - Started process 16704 to run task
[2024-03-11 02:47:14,736] {standard_task_runner.py:76} INFO - Running: ['***', 'tasks', 'run', 'meeting_project492', 'merge_data', '2024-03-11T02:47:05.248696+00:00', '--job-id', '506', '--pool', 'default_pool', '--raw', '--subdir', 'DAGS_FOLDER/first_dag.py', '--cfg-path', '/tmp/tmp2w3qa_1b', '--error-file', '/tmp/tmpo0txn_iu']
[2024-03-11 02:47:14,738] {standard_task_runner.py:77} INFO - Job 506: Subtask merge_data
[2024-03-11 02:47:14,775] {logging_mixin.py:109} INFO - Running <TaskInstance: meeting_project492.merge_data 2024-03-11T02:47:05.248696+00:00 [running]> on host fe457b6d1f83
[2024-03-11 02:47:14,822] {taskinstance.py:1254} INFO - Exporting the following env vars:
AIRFLOW_CTX_DAG_OWNER=***
AIRFLOW_CTX_DAG_ID=meeting_project492
AIRFLOW_CTX_TASK_ID=merge_data
AIRFLOW_CTX_EXECUTION_DATE=2024-03-11T02:47:05.248696+00:00
AIRFLOW_CTX_DAG_RUN_ID=manual__2024-03-11T02:47:05.248696+00:00
[2024-03-11 02:47:14,861] {python.py:151} INFO - Done. Returned value was: None
[2024-03-11 02:47:14,871] {taskinstance.py:1219} INFO - Marking task as SUCCESS. dag_id=meeting_project492, task_id=merge_data, execution_date=20240311T024705, start_date=20240311T024714, end_date=20240311T024714
[2024-03-11 02:47:14,908] {local_task_job.py:151} INFO - Task exited with return code 0
[2024-03-11 02:47:14,928] {local_task_job.py:261} INFO - 0 downstream tasks scheduled from follow-on schedule check
