[2024-03-01 09:11:29,176] {taskinstance.py:903} INFO - Dependencies all met for <TaskInstance: meeting.fetch_meeting 2024-03-01T09:11:27.498526+00:00 [queued]>
[2024-03-01 09:11:29,193] {taskinstance.py:903} INFO - Dependencies all met for <TaskInstance: meeting.fetch_meeting 2024-03-01T09:11:27.498526+00:00 [queued]>
[2024-03-01 09:11:29,193] {taskinstance.py:1095} INFO - 
--------------------------------------------------------------------------------
[2024-03-01 09:11:29,193] {taskinstance.py:1096} INFO - Starting attempt 1 of 1
[2024-03-01 09:11:29,193] {taskinstance.py:1097} INFO - 
--------------------------------------------------------------------------------
[2024-03-01 09:11:29,242] {taskinstance.py:1115} INFO - Executing <Task(PythonOperator): fetch_meeting> on 2024-03-01T09:11:27.498526+00:00
[2024-03-01 09:11:29,246] {standard_task_runner.py:52} INFO - Started process 3971 to run task
[2024-03-01 09:11:29,249] {standard_task_runner.py:76} INFO - Running: ['***', 'tasks', 'run', 'meeting', 'fetch_meeting', '2024-03-01T09:11:27.498526+00:00', '--job-id', '166', '--pool', 'default_pool', '--raw', '--subdir', 'DAGS_FOLDER/first_dag.py', '--cfg-path', '/tmp/tmp213h_avl', '--error-file', '/tmp/tmpq5qa2_9j']
[2024-03-01 09:11:29,252] {standard_task_runner.py:77} INFO - Job 166: Subtask fetch_meeting
[2024-03-01 09:11:29,331] {logging_mixin.py:109} INFO - Running <TaskInstance: meeting.fetch_meeting 2024-03-01T09:11:27.498526+00:00 [running]> on host 9deaaf5c1807
[2024-03-01 09:11:29,430] {taskinstance.py:1254} INFO - Exporting the following env vars:
AIRFLOW_CTX_DAG_OWNER=***
AIRFLOW_CTX_DAG_ID=meeting
AIRFLOW_CTX_TASK_ID=fetch_meeting
AIRFLOW_CTX_EXECUTION_DATE=2024-03-01T09:11:27.498526+00:00
AIRFLOW_CTX_DAG_RUN_ID=manual__2024-03-01T09:11:27.498526+00:00
[2024-03-01 09:11:33,402] {logging_mixin.py:109} INFO - Output to /home/tnanun/***-meet/data/data_meet.csv yoyoyoyoyoyo
[2024-03-01 09:11:33,402] {python.py:151} INFO - Done. Returned value was: None
[2024-03-01 09:11:33,412] {taskinstance.py:1219} INFO - Marking task as SUCCESS. dag_id=meeting, task_id=fetch_meeting, execution_date=20240301T091127, start_date=20240301T091129, end_date=20240301T091133
[2024-03-01 09:11:33,443] {local_task_job.py:151} INFO - Task exited with return code 0
[2024-03-01 09:11:33,467] {local_task_job.py:261} INFO - 1 downstream tasks scheduled from follow-on schedule check
