[2024-03-09 02:59:44,291] {taskinstance.py:903} INFO - Dependencies all met for <TaskInstance: meeting_project492.clean_comment 2024-03-09T02:59:37.170793+00:00 [queued]>
[2024-03-09 02:59:44,301] {taskinstance.py:903} INFO - Dependencies all met for <TaskInstance: meeting_project492.clean_comment 2024-03-09T02:59:37.170793+00:00 [queued]>
[2024-03-09 02:59:44,301] {taskinstance.py:1095} INFO - 
--------------------------------------------------------------------------------
[2024-03-09 02:59:44,301] {taskinstance.py:1096} INFO - Starting attempt 1 of 1
[2024-03-09 02:59:44,301] {taskinstance.py:1097} INFO - 
--------------------------------------------------------------------------------
[2024-03-09 02:59:44,314] {taskinstance.py:1115} INFO - Executing <Task(PythonOperator): clean_comment> on 2024-03-09T02:59:37.170793+00:00
[2024-03-09 02:59:44,318] {standard_task_runner.py:52} INFO - Started process 1637 to run task
[2024-03-09 02:59:44,321] {standard_task_runner.py:76} INFO - Running: ['***', 'tasks', 'run', 'meeting_project492', 'clean_comment', '2024-03-09T02:59:37.170793+00:00', '--job-id', '343', '--pool', 'default_pool', '--raw', '--subdir', 'DAGS_FOLDER/first_dag.py', '--cfg-path', '/tmp/tmp3hi1870e', '--error-file', '/tmp/tmpyldjwyt1']
[2024-03-09 02:59:44,323] {standard_task_runner.py:77} INFO - Job 343: Subtask clean_comment
[2024-03-09 02:59:44,359] {logging_mixin.py:109} INFO - Running <TaskInstance: meeting_project492.clean_comment 2024-03-09T02:59:37.170793+00:00 [running]> on host 62b9685fb4d1
[2024-03-09 02:59:44,409] {taskinstance.py:1254} INFO - Exporting the following env vars:
AIRFLOW_CTX_DAG_OWNER=***
AIRFLOW_CTX_DAG_ID=meeting_project492
AIRFLOW_CTX_TASK_ID=clean_comment
AIRFLOW_CTX_EXECUTION_DATE=2024-03-09T02:59:37.170793+00:00
AIRFLOW_CTX_DAG_RUN_ID=manual__2024-03-09T02:59:37.170793+00:00
[2024-03-09 02:59:44,425] {logging_mixin.py:109} INFO - Output to /home/tnanun/***-meet/data/data_com.csv yoyoyoyoyoyo
[2024-03-09 02:59:44,426] {python.py:151} INFO - Done. Returned value was: None
[2024-03-09 02:59:44,435] {taskinstance.py:1219} INFO - Marking task as SUCCESS. dag_id=meeting_project492, task_id=clean_comment, execution_date=20240309T025937, start_date=20240309T025944, end_date=20240309T025944
[2024-03-09 02:59:44,493] {local_task_job.py:151} INFO - Task exited with return code 0
[2024-03-09 02:59:44,518] {local_task_job.py:261} INFO - 0 downstream tasks scheduled from follow-on schedule check
