[2024-03-05 10:12:44,033] {taskinstance.py:903} INFO - Dependencies all met for <TaskInstance: meeting_project.clean_answers 2024-03-05T10:11:01.543590+00:00 [queued]>
[2024-03-05 10:12:44,053] {taskinstance.py:903} INFO - Dependencies all met for <TaskInstance: meeting_project.clean_answers 2024-03-05T10:11:01.543590+00:00 [queued]>
[2024-03-05 10:12:44,053] {taskinstance.py:1095} INFO - 
--------------------------------------------------------------------------------
[2024-03-05 10:12:44,053] {taskinstance.py:1096} INFO - Starting attempt 1 of 1
[2024-03-05 10:12:44,053] {taskinstance.py:1097} INFO - 
--------------------------------------------------------------------------------
[2024-03-05 10:12:44,066] {taskinstance.py:1115} INFO - Executing <Task(PythonOperator): clean_answers> on 2024-03-05T10:11:01.543590+00:00
[2024-03-05 10:12:44,071] {standard_task_runner.py:52} INFO - Started process 1464 to run task
[2024-03-05 10:12:44,074] {standard_task_runner.py:76} INFO - Running: ['***', 'tasks', 'run', 'meeting_project', 'clean_answers', '2024-03-05T10:11:01.543590+00:00', '--job-id', '257', '--pool', 'default_pool', '--raw', '--subdir', 'DAGS_FOLDER/first_dag.py', '--cfg-path', '/tmp/tmpslga085s', '--error-file', '/tmp/tmp3gp5d_hr']
[2024-03-05 10:12:44,077] {standard_task_runner.py:77} INFO - Job 257: Subtask clean_answers
[2024-03-05 10:12:44,122] {logging_mixin.py:109} INFO - Running <TaskInstance: meeting_project.clean_answers 2024-03-05T10:11:01.543590+00:00 [running]> on host 4622d7b8f726
[2024-03-05 10:12:44,194] {taskinstance.py:1254} INFO - Exporting the following env vars:
AIRFLOW_CTX_DAG_OWNER=***
AIRFLOW_CTX_DAG_ID=meeting_project
AIRFLOW_CTX_TASK_ID=clean_answers
AIRFLOW_CTX_EXECUTION_DATE=2024-03-05T10:11:01.543590+00:00
AIRFLOW_CTX_DAG_RUN_ID=manual__2024-03-05T10:11:01.543590+00:00
[2024-03-05 10:12:44,235] {logging_mixin.py:109} INFO - Output to /home/tnanun/***-meet/data/data_ans.csv yoyoyoyoyoyo
[2024-03-05 10:12:44,235] {python.py:151} INFO - Done. Returned value was: None
[2024-03-05 10:12:44,249] {taskinstance.py:1219} INFO - Marking task as SUCCESS. dag_id=meeting_project, task_id=clean_answers, execution_date=20240305T101101, start_date=20240305T101244, end_date=20240305T101244
[2024-03-05 10:12:44,287] {local_task_job.py:151} INFO - Task exited with return code 0
[2024-03-05 10:12:44,352] {local_task_job.py:261} INFO - 0 downstream tasks scheduled from follow-on schedule check
