[2024-01-28 07:54:55,001] {taskinstance.py:903} INFO - Dependencies all met for <TaskInstance: meeting.clean_meeting 2024-01-28T07:54:39.328851+00:00 [queued]>
[2024-01-28 07:54:55,021] {taskinstance.py:903} INFO - Dependencies all met for <TaskInstance: meeting.clean_meeting 2024-01-28T07:54:39.328851+00:00 [queued]>
[2024-01-28 07:54:55,021] {taskinstance.py:1095} INFO - 
--------------------------------------------------------------------------------
[2024-01-28 07:54:55,021] {taskinstance.py:1096} INFO - Starting attempt 1 of 1
[2024-01-28 07:54:55,021] {taskinstance.py:1097} INFO - 
--------------------------------------------------------------------------------
[2024-01-28 07:54:55,033] {taskinstance.py:1115} INFO - Executing <Task(PythonOperator): clean_meeting> on 2024-01-28T07:54:39.328851+00:00
[2024-01-28 07:54:55,038] {standard_task_runner.py:52} INFO - Started process 1778 to run task
[2024-01-28 07:54:55,042] {standard_task_runner.py:76} INFO - Running: ['***', 'tasks', 'run', 'meeting', 'clean_meeting', '2024-01-28T07:54:39.328851+00:00', '--job-id', '149', '--pool', 'default_pool', '--raw', '--subdir', 'DAGS_FOLDER/first_dag.py', '--cfg-path', '/tmp/tmp5hvizyh8', '--error-file', '/tmp/tmpiq1nafb3']
[2024-01-28 07:54:55,045] {standard_task_runner.py:77} INFO - Job 149: Subtask clean_meeting
[2024-01-28 07:54:55,088] {logging_mixin.py:109} INFO - Running <TaskInstance: meeting.clean_meeting 2024-01-28T07:54:39.328851+00:00 [running]> on host b3b11241a43d
[2024-01-28 07:54:55,155] {taskinstance.py:1254} INFO - Exporting the following env vars:
AIRFLOW_CTX_DAG_OWNER=***
AIRFLOW_CTX_DAG_ID=meeting
AIRFLOW_CTX_TASK_ID=clean_meeting
AIRFLOW_CTX_EXECUTION_DATE=2024-01-28T07:54:39.328851+00:00
AIRFLOW_CTX_DAG_RUN_ID=manual__2024-01-28T07:54:39.328851+00:00
[2024-01-28 07:54:55,210] {logging_mixin.py:109} INFO - Output to /home/tnanun/***-meet/data/data_meet.csv yoyoyoyoyoyo
[2024-01-28 07:54:55,210] {python.py:151} INFO - Done. Returned value was: None
[2024-01-28 07:54:55,222] {taskinstance.py:1219} INFO - Marking task as SUCCESS. dag_id=meeting, task_id=clean_meeting, execution_date=20240128T075439, start_date=20240128T075455, end_date=20240128T075455
[2024-01-28 07:54:55,254] {local_task_job.py:151} INFO - Task exited with return code 0
[2024-01-28 07:54:55,284] {local_task_job.py:261} INFO - 0 downstream tasks scheduled from follow-on schedule check
