[2024-03-05 10:53:16,019] {taskinstance.py:903} INFO - Dependencies all met for <TaskInstance: meeting_project.merge_data 2024-03-05T10:53:05.342628+00:00 [queued]>
[2024-03-05 10:53:16,070] {taskinstance.py:903} INFO - Dependencies all met for <TaskInstance: meeting_project.merge_data 2024-03-05T10:53:05.342628+00:00 [queued]>
[2024-03-05 10:53:16,070] {taskinstance.py:1095} INFO - 
--------------------------------------------------------------------------------
[2024-03-05 10:53:16,070] {taskinstance.py:1096} INFO - Starting attempt 1 of 1
[2024-03-05 10:53:16,070] {taskinstance.py:1097} INFO - 
--------------------------------------------------------------------------------
[2024-03-05 10:53:16,116] {taskinstance.py:1115} INFO - Executing <Task(PythonOperator): merge_data> on 2024-03-05T10:53:05.342628+00:00
[2024-03-05 10:53:16,121] {standard_task_runner.py:52} INFO - Started process 755 to run task
[2024-03-05 10:53:16,134] {standard_task_runner.py:76} INFO - Running: ['***', 'tasks', 'run', 'meeting_project', 'merge_data', '2024-03-05T10:53:05.342628+00:00', '--job-id', '311', '--pool', 'default_pool', '--raw', '--subdir', 'DAGS_FOLDER/first_dag.py', '--cfg-path', '/tmp/tmprvi44cd5', '--error-file', '/tmp/tmplsbiucg6']
[2024-03-05 10:53:16,142] {standard_task_runner.py:77} INFO - Job 311: Subtask merge_data
[2024-03-05 10:53:16,207] {logging_mixin.py:109} INFO - Running <TaskInstance: meeting_project.merge_data 2024-03-05T10:53:05.342628+00:00 [running]> on host 97901b9aca65
[2024-03-05 10:53:16,335] {taskinstance.py:1254} INFO - Exporting the following env vars:
AIRFLOW_CTX_DAG_OWNER=***
AIRFLOW_CTX_DAG_ID=meeting_project
AIRFLOW_CTX_TASK_ID=merge_data
AIRFLOW_CTX_EXECUTION_DATE=2024-03-05T10:53:05.342628+00:00
AIRFLOW_CTX_DAG_RUN_ID=manual__2024-03-05T10:53:05.342628+00:00
[2024-03-05 10:53:16,374] {python.py:151} INFO - Done. Returned value was: None
[2024-03-05 10:53:16,421] {taskinstance.py:1219} INFO - Marking task as SUCCESS. dag_id=meeting_project, task_id=merge_data, execution_date=20240305T105305, start_date=20240305T105316, end_date=20240305T105316
[2024-03-05 10:53:16,497] {local_task_job.py:151} INFO - Task exited with return code 0
[2024-03-05 10:53:16,544] {local_task_job.py:261} INFO - 0 downstream tasks scheduled from follow-on schedule check
