[2024-03-10 17:00:04,542] {taskinstance.py:903} INFO - Dependencies all met for <TaskInstance: meeting_project492.clean_answers 2024-03-10T16:00:00+00:00 [queued]>
[2024-03-10 17:00:04,557] {taskinstance.py:903} INFO - Dependencies all met for <TaskInstance: meeting_project492.clean_answers 2024-03-10T16:00:00+00:00 [queued]>
[2024-03-10 17:00:04,558] {taskinstance.py:1095} INFO - 
--------------------------------------------------------------------------------
[2024-03-10 17:00:04,558] {taskinstance.py:1096} INFO - Starting attempt 1 of 1
[2024-03-10 17:00:04,558] {taskinstance.py:1097} INFO - 
--------------------------------------------------------------------------------
[2024-03-10 17:00:04,577] {taskinstance.py:1115} INFO - Executing <Task(PythonOperator): clean_answers> on 2024-03-10T16:00:00+00:00
[2024-03-10 17:00:04,583] {standard_task_runner.py:52} INFO - Started process 18499 to run task
[2024-03-10 17:00:04,586] {standard_task_runner.py:76} INFO - Running: ['***', 'tasks', 'run', 'meeting_project492', 'clean_answers', '2024-03-10T16:00:00+00:00', '--job-id', '436', '--pool', 'default_pool', '--raw', '--subdir', 'DAGS_FOLDER/first_dag.py', '--cfg-path', '/tmp/tmppm6k_tlw', '--error-file', '/tmp/tmp8pirhhe_']
[2024-03-10 17:00:04,588] {standard_task_runner.py:77} INFO - Job 436: Subtask clean_answers
[2024-03-10 17:00:04,640] {logging_mixin.py:109} INFO - Running <TaskInstance: meeting_project492.clean_answers 2024-03-10T16:00:00+00:00 [running]> on host 6053b7d19b63
[2024-03-10 17:00:04,698] {taskinstance.py:1254} INFO - Exporting the following env vars:
AIRFLOW_CTX_DAG_OWNER=***
AIRFLOW_CTX_DAG_ID=meeting_project492
AIRFLOW_CTX_TASK_ID=clean_answers
AIRFLOW_CTX_EXECUTION_DATE=2024-03-10T16:00:00+00:00
AIRFLOW_CTX_DAG_RUN_ID=scheduled__2024-03-10T16:00:00+00:00
[2024-03-10 17:00:04,729] {logging_mixin.py:109} INFO - Output to /home/tnanun/***-meet/data/data_ans.csv yoyoyoyoyoyo
[2024-03-10 17:00:04,729] {python.py:151} INFO - Done. Returned value was: None
[2024-03-10 17:00:04,739] {taskinstance.py:1219} INFO - Marking task as SUCCESS. dag_id=meeting_project492, task_id=clean_answers, execution_date=20240310T160000, start_date=20240310T170004, end_date=20240310T170004
[2024-03-10 17:00:04,798] {local_task_job.py:151} INFO - Task exited with return code 0
[2024-03-10 17:00:04,834] {local_task_job.py:261} INFO - 0 downstream tasks scheduled from follow-on schedule check
