[2023-12-08 14:01:07,239] {taskinstance.py:903} INFO - Dependencies all met for <TaskInstance: meeting.clean_meeting 2023-12-06T08:00:00+00:00 [queued]>
[2023-12-08 14:01:07,256] {taskinstance.py:903} INFO - Dependencies all met for <TaskInstance: meeting.clean_meeting 2023-12-06T08:00:00+00:00 [queued]>
[2023-12-08 14:01:07,256] {taskinstance.py:1095} INFO - 
--------------------------------------------------------------------------------
[2023-12-08 14:01:07,256] {taskinstance.py:1096} INFO - Starting attempt 1 of 1
[2023-12-08 14:01:07,256] {taskinstance.py:1097} INFO - 
--------------------------------------------------------------------------------
[2023-12-08 14:01:07,266] {taskinstance.py:1115} INFO - Executing <Task(PythonOperator): clean_meeting> on 2023-12-06T08:00:00+00:00
[2023-12-08 14:01:07,271] {standard_task_runner.py:52} INFO - Started process 482 to run task
[2023-12-08 14:01:07,274] {standard_task_runner.py:76} INFO - Running: ['***', 'tasks', 'run', 'meeting', 'clean_meeting', '2023-12-06T08:00:00+00:00', '--job-id', '103', '--pool', 'default_pool', '--raw', '--subdir', 'DAGS_FOLDER/first_dag.py', '--cfg-path', '/tmp/tmphwvjo_b6', '--error-file', '/tmp/tmpqb86g_ho']
[2023-12-08 14:01:07,277] {standard_task_runner.py:77} INFO - Job 103: Subtask clean_meeting
[2023-12-08 14:01:07,314] {logging_mixin.py:109} INFO - Running <TaskInstance: meeting.clean_meeting 2023-12-06T08:00:00+00:00 [running]> on host b4ba454d0948
[2023-12-08 14:01:07,367] {taskinstance.py:1254} INFO - Exporting the following env vars:
AIRFLOW_CTX_DAG_OWNER=***
AIRFLOW_CTX_DAG_ID=meeting
AIRFLOW_CTX_TASK_ID=clean_meeting
AIRFLOW_CTX_EXECUTION_DATE=2023-12-06T08:00:00+00:00
AIRFLOW_CTX_DAG_RUN_ID=scheduled__2023-12-06T08:00:00+00:00
[2023-12-08 14:01:07,412] {logging_mixin.py:109} INFO - Output to /home/tnanun/***-meet/data/data_meet.csv yoyoyoyoyoyo
[2023-12-08 14:01:07,412] {python.py:151} INFO - Done. Returned value was: None
[2023-12-08 14:01:07,421] {taskinstance.py:1219} INFO - Marking task as SUCCESS. dag_id=meeting, task_id=clean_meeting, execution_date=20231206T080000, start_date=20231208T140107, end_date=20231208T140107
[2023-12-08 14:01:07,446] {local_task_job.py:151} INFO - Task exited with return code 0
[2023-12-08 14:01:07,476] {local_task_job.py:261} INFO - 0 downstream tasks scheduled from follow-on schedule check
