[2024-03-11 02:56:00,665] {taskinstance.py:903} INFO - Dependencies all met for <TaskInstance: meeting_project492.fetch_meet_object 2024-03-11T02:55:58.984315+00:00 [queued]>
[2024-03-11 02:56:00,684] {taskinstance.py:903} INFO - Dependencies all met for <TaskInstance: meeting_project492.fetch_meet_object 2024-03-11T02:55:58.984315+00:00 [queued]>
[2024-03-11 02:56:00,684] {taskinstance.py:1095} INFO - 
--------------------------------------------------------------------------------
[2024-03-11 02:56:00,684] {taskinstance.py:1096} INFO - Starting attempt 1 of 1
[2024-03-11 02:56:00,684] {taskinstance.py:1097} INFO - 
--------------------------------------------------------------------------------
[2024-03-11 02:56:00,695] {taskinstance.py:1115} INFO - Executing <Task(PythonOperator): fetch_meet_object> on 2024-03-11T02:55:58.984315+00:00
[2024-03-11 02:56:00,699] {standard_task_runner.py:52} INFO - Started process 20592 to run task
[2024-03-11 02:56:00,702] {standard_task_runner.py:76} INFO - Running: ['***', 'tasks', 'run', 'meeting_project492', 'fetch_meet_object', '2024-03-11T02:55:58.984315+00:00', '--job-id', '509', '--pool', 'default_pool', '--raw', '--subdir', 'DAGS_FOLDER/first_dag.py', '--cfg-path', '/tmp/tmpa5r6eq1t', '--error-file', '/tmp/tmpjptggcka']
[2024-03-11 02:56:00,707] {standard_task_runner.py:77} INFO - Job 509: Subtask fetch_meet_object
[2024-03-11 02:56:00,760] {logging_mixin.py:109} INFO - Running <TaskInstance: meeting_project492.fetch_meet_object 2024-03-11T02:55:58.984315+00:00 [running]> on host fe457b6d1f83
[2024-03-11 02:56:00,822] {taskinstance.py:1254} INFO - Exporting the following env vars:
AIRFLOW_CTX_DAG_OWNER=***
AIRFLOW_CTX_DAG_ID=meeting_project492
AIRFLOW_CTX_TASK_ID=fetch_meet_object
AIRFLOW_CTX_EXECUTION_DATE=2024-03-11T02:55:58.984315+00:00
AIRFLOW_CTX_DAG_RUN_ID=manual__2024-03-11T02:55:58.984315+00:00
[2024-03-11 02:56:08,463] {logging_mixin.py:109} INFO - Output to /home/tnanun/***-meet/data/data_obj.csv yoyoyoyoyoyo
[2024-03-11 02:56:08,463] {python.py:151} INFO - Done. Returned value was: None
[2024-03-11 02:56:08,472] {taskinstance.py:1219} INFO - Marking task as SUCCESS. dag_id=meeting_project492, task_id=fetch_meet_object, execution_date=20240311T025558, start_date=20240311T025600, end_date=20240311T025608
[2024-03-11 02:56:08,514] {local_task_job.py:151} INFO - Task exited with return code 0
[2024-03-11 02:56:08,539] {local_task_job.py:261} INFO - 1 downstream tasks scheduled from follow-on schedule check
