[2024-03-11 02:08:56,618] {taskinstance.py:903} INFO - Dependencies all met for <TaskInstance: meeting_project492.fetch_answers 2024-03-11T01:00:00+00:00 [queued]>
[2024-03-11 02:08:56,651] {taskinstance.py:903} INFO - Dependencies all met for <TaskInstance: meeting_project492.fetch_answers 2024-03-11T01:00:00+00:00 [queued]>
[2024-03-11 02:08:56,651] {taskinstance.py:1095} INFO - 
--------------------------------------------------------------------------------
[2024-03-11 02:08:56,652] {taskinstance.py:1096} INFO - Starting attempt 1 of 1
[2024-03-11 02:08:56,652] {taskinstance.py:1097} INFO - 
--------------------------------------------------------------------------------
[2024-03-11 02:08:56,671] {taskinstance.py:1115} INFO - Executing <Task(PythonOperator): fetch_answers> on 2024-03-11T01:00:00+00:00
[2024-03-11 02:08:56,681] {standard_task_runner.py:52} INFO - Started process 387 to run task
[2024-03-11 02:08:56,690] {standard_task_runner.py:76} INFO - Running: ['***', 'tasks', 'run', 'meeting_project492', 'fetch_answers', '2024-03-11T01:00:00+00:00', '--job-id', '442', '--pool', 'default_pool', '--raw', '--subdir', 'DAGS_FOLDER/first_dag.py', '--cfg-path', '/tmp/tmpusuaqryz', '--error-file', '/tmp/tmp236jsmpn']
[2024-03-11 02:08:56,699] {standard_task_runner.py:77} INFO - Job 442: Subtask fetch_answers
[2024-03-11 02:08:56,795] {logging_mixin.py:109} INFO - Running <TaskInstance: meeting_project492.fetch_answers 2024-03-11T01:00:00+00:00 [running]> on host fe457b6d1f83
[2024-03-11 02:08:56,936] {taskinstance.py:1254} INFO - Exporting the following env vars:
AIRFLOW_CTX_DAG_OWNER=***
AIRFLOW_CTX_DAG_ID=meeting_project492
AIRFLOW_CTX_TASK_ID=fetch_answers
AIRFLOW_CTX_EXECUTION_DATE=2024-03-11T01:00:00+00:00
AIRFLOW_CTX_DAG_RUN_ID=scheduled__2024-03-11T01:00:00+00:00
[2024-03-11 02:09:03,871] {logging_mixin.py:109} INFO - Output to /home/tnanun/***-meet/data/data_ans.csv yoyoyoyoyoyo
[2024-03-11 02:09:03,872] {python.py:151} INFO - Done. Returned value was: None
[2024-03-11 02:09:03,915] {taskinstance.py:1219} INFO - Marking task as SUCCESS. dag_id=meeting_project492, task_id=fetch_answers, execution_date=20240311T010000, start_date=20240311T020856, end_date=20240311T020903
[2024-03-11 02:09:03,977] {local_task_job.py:151} INFO - Task exited with return code 0
[2024-03-11 02:09:04,008] {local_task_job.py:261} INFO - 1 downstream tasks scheduled from follow-on schedule check
