[2024-03-01 15:23:55,511] {taskinstance.py:903} INFO - Dependencies all met for <TaskInstance: meeting.clean_meeting 2024-03-01T15:23:52.512558+00:00 [queued]>
[2024-03-01 15:23:55,526] {taskinstance.py:903} INFO - Dependencies all met for <TaskInstance: meeting.clean_meeting 2024-03-01T15:23:52.512558+00:00 [queued]>
[2024-03-01 15:23:55,526] {taskinstance.py:1095} INFO - 
--------------------------------------------------------------------------------
[2024-03-01 15:23:55,526] {taskinstance.py:1096} INFO - Starting attempt 1 of 1
[2024-03-01 15:23:55,526] {taskinstance.py:1097} INFO - 
--------------------------------------------------------------------------------
[2024-03-01 15:23:55,535] {taskinstance.py:1115} INFO - Executing <Task(PythonOperator): clean_meeting> on 2024-03-01T15:23:52.512558+00:00
[2024-03-01 15:23:55,540] {standard_task_runner.py:52} INFO - Started process 14046 to run task
[2024-03-01 15:23:55,542] {standard_task_runner.py:76} INFO - Running: ['***', 'tasks', 'run', 'meeting', 'clean_meeting', '2024-03-01T15:23:52.512558+00:00', '--job-id', '219', '--pool', 'default_pool', '--raw', '--subdir', 'DAGS_FOLDER/first_dag.py', '--cfg-path', '/tmp/tmpqi3fnfu7', '--error-file', '/tmp/tmpyi764tja']
[2024-03-01 15:23:55,544] {standard_task_runner.py:77} INFO - Job 219: Subtask clean_meeting
[2024-03-01 15:23:55,581] {logging_mixin.py:109} INFO - Running <TaskInstance: meeting.clean_meeting 2024-03-01T15:23:52.512558+00:00 [running]> on host b272d77a87bd
[2024-03-01 15:23:55,630] {taskinstance.py:1254} INFO - Exporting the following env vars:
AIRFLOW_CTX_DAG_OWNER=***
AIRFLOW_CTX_DAG_ID=meeting
AIRFLOW_CTX_TASK_ID=clean_meeting
AIRFLOW_CTX_EXECUTION_DATE=2024-03-01T15:23:52.512558+00:00
AIRFLOW_CTX_DAG_RUN_ID=manual__2024-03-01T15:23:52.512558+00:00
[2024-03-01 15:23:55,666] {logging_mixin.py:109} WARNING - /opt/***/dags/first_dag.py:39 SettingWithCopyWarning: 
A value is trying to be set on a copy of a slice from a DataFrame.
Try using .loc[row_indexer,col_indexer] = value instead

See the caveats in the documentation: https://pandas.pydata.org/pandas-docs/stable/user_guide/indexing.html#returning-a-view-versus-a-copy
[2024-03-01 15:23:55,668] {logging_mixin.py:109} INFO - Output to /home/tnanun/***-meet/data/data_meet.csv yoyoyoyoyoyo
[2024-03-01 15:23:55,668] {python.py:151} INFO - Done. Returned value was: None
[2024-03-01 15:23:55,677] {taskinstance.py:1219} INFO - Marking task as SUCCESS. dag_id=meeting, task_id=clean_meeting, execution_date=20240301T152352, start_date=20240301T152355, end_date=20240301T152355
[2024-03-01 15:23:55,715] {local_task_job.py:151} INFO - Task exited with return code 0
[2024-03-01 15:23:55,737] {local_task_job.py:261} INFO - 0 downstream tasks scheduled from follow-on schedule check
