[2023-12-06 07:46:03,021] {processor.py:162} INFO - Started process (PID=303) to work on /home/airflow/.local/lib/python3.6/site-packages/airflow/example_dags/example_kubernetes_executor_config.py
[2023-12-06 07:46:03,022] {processor.py:613} INFO - Processing file /home/airflow/.local/lib/python3.6/site-packages/airflow/example_dags/example_kubernetes_executor_config.py for tasks to queue
[2023-12-06 07:46:03,023] {logging_mixin.py:109} INFO - [2023-12-06 07:46:03,023] {dagbag.py:496} INFO - Filling up the DagBag from /home/airflow/.local/lib/python3.6/site-packages/airflow/example_dags/example_kubernetes_executor_config.py
[2023-12-06 07:46:03,033] {processor.py:623} INFO - DAG(s) dict_keys(['example_kubernetes_executor_config']) retrieved from /home/airflow/.local/lib/python3.6/site-packages/airflow/example_dags/example_kubernetes_executor_config.py
[2023-12-06 07:46:03,188] {logging_mixin.py:109} INFO - [2023-12-06 07:46:03,188] {dag.py:1834} INFO - Sync 1 DAGs
[2023-12-06 07:46:03,197] {logging_mixin.py:109} INFO - [2023-12-06 07:46:03,197] {dag.py:2287} INFO - Setting next_dagrun for example_kubernetes_executor_config to None
[2023-12-06 07:46:03,209] {processor.py:170} INFO - Processing /home/airflow/.local/lib/python3.6/site-packages/airflow/example_dags/example_kubernetes_executor_config.py took 0.190 seconds
[2023-12-06 07:46:33,554] {processor.py:162} INFO - Started process (PID=582) to work on /home/airflow/.local/lib/python3.6/site-packages/airflow/example_dags/example_kubernetes_executor_config.py
[2023-12-06 07:46:33,556] {processor.py:613} INFO - Processing file /home/airflow/.local/lib/python3.6/site-packages/airflow/example_dags/example_kubernetes_executor_config.py for tasks to queue
[2023-12-06 07:46:33,556] {logging_mixin.py:109} INFO - [2023-12-06 07:46:33,556] {dagbag.py:496} INFO - Filling up the DagBag from /home/airflow/.local/lib/python3.6/site-packages/airflow/example_dags/example_kubernetes_executor_config.py
[2023-12-06 07:46:33,565] {processor.py:623} INFO - DAG(s) dict_keys(['example_kubernetes_executor_config']) retrieved from /home/airflow/.local/lib/python3.6/site-packages/airflow/example_dags/example_kubernetes_executor_config.py
[2023-12-06 07:46:33,584] {logging_mixin.py:109} INFO - [2023-12-06 07:46:33,584] {dag.py:1834} INFO - Sync 1 DAGs
[2023-12-06 07:46:33,595] {logging_mixin.py:109} INFO - [2023-12-06 07:46:33,595] {dag.py:2287} INFO - Setting next_dagrun for example_kubernetes_executor_config to None
[2023-12-06 07:46:33,606] {processor.py:170} INFO - Processing /home/airflow/.local/lib/python3.6/site-packages/airflow/example_dags/example_kubernetes_executor_config.py took 0.054 seconds
[2023-12-06 07:47:04,155] {processor.py:162} INFO - Started process (PID=786) to work on /home/airflow/.local/lib/python3.6/site-packages/airflow/example_dags/example_kubernetes_executor_config.py
[2023-12-06 07:47:04,157] {processor.py:613} INFO - Processing file /home/airflow/.local/lib/python3.6/site-packages/airflow/example_dags/example_kubernetes_executor_config.py for tasks to queue
[2023-12-06 07:47:04,157] {logging_mixin.py:109} INFO - [2023-12-06 07:47:04,157] {dagbag.py:496} INFO - Filling up the DagBag from /home/airflow/.local/lib/python3.6/site-packages/airflow/example_dags/example_kubernetes_executor_config.py
[2023-12-06 07:47:04,166] {processor.py:623} INFO - DAG(s) dict_keys(['example_kubernetes_executor_config']) retrieved from /home/airflow/.local/lib/python3.6/site-packages/airflow/example_dags/example_kubernetes_executor_config.py
[2023-12-06 07:47:04,186] {logging_mixin.py:109} INFO - [2023-12-06 07:47:04,186] {dag.py:1834} INFO - Sync 1 DAGs
[2023-12-06 07:47:04,198] {logging_mixin.py:109} INFO - [2023-12-06 07:47:04,197] {dag.py:2287} INFO - Setting next_dagrun for example_kubernetes_executor_config to None
[2023-12-06 07:47:04,208] {processor.py:170} INFO - Processing /home/airflow/.local/lib/python3.6/site-packages/airflow/example_dags/example_kubernetes_executor_config.py took 0.055 seconds
[2023-12-06 07:47:34,944] {processor.py:162} INFO - Started process (PID=983) to work on /home/airflow/.local/lib/python3.6/site-packages/airflow/example_dags/example_kubernetes_executor_config.py
[2023-12-06 07:47:34,945] {processor.py:613} INFO - Processing file /home/airflow/.local/lib/python3.6/site-packages/airflow/example_dags/example_kubernetes_executor_config.py for tasks to queue
[2023-12-06 07:47:34,946] {logging_mixin.py:109} INFO - [2023-12-06 07:47:34,946] {dagbag.py:496} INFO - Filling up the DagBag from /home/airflow/.local/lib/python3.6/site-packages/airflow/example_dags/example_kubernetes_executor_config.py
[2023-12-06 07:47:34,955] {processor.py:623} INFO - DAG(s) dict_keys(['example_kubernetes_executor_config']) retrieved from /home/airflow/.local/lib/python3.6/site-packages/airflow/example_dags/example_kubernetes_executor_config.py
[2023-12-06 07:47:34,972] {logging_mixin.py:109} INFO - [2023-12-06 07:47:34,972] {dag.py:1834} INFO - Sync 1 DAGs
[2023-12-06 07:47:34,983] {logging_mixin.py:109} INFO - [2023-12-06 07:47:34,983] {dag.py:2287} INFO - Setting next_dagrun for example_kubernetes_executor_config to None
[2023-12-06 07:47:34,993] {processor.py:170} INFO - Processing /home/airflow/.local/lib/python3.6/site-packages/airflow/example_dags/example_kubernetes_executor_config.py took 0.052 seconds
[2023-12-06 07:48:05,493] {processor.py:162} INFO - Started process (PID=1186) to work on /home/airflow/.local/lib/python3.6/site-packages/airflow/example_dags/example_kubernetes_executor_config.py
[2023-12-06 07:48:05,494] {processor.py:613} INFO - Processing file /home/airflow/.local/lib/python3.6/site-packages/airflow/example_dags/example_kubernetes_executor_config.py for tasks to queue
[2023-12-06 07:48:05,494] {logging_mixin.py:109} INFO - [2023-12-06 07:48:05,494] {dagbag.py:496} INFO - Filling up the DagBag from /home/airflow/.local/lib/python3.6/site-packages/airflow/example_dags/example_kubernetes_executor_config.py
[2023-12-06 07:48:05,504] {processor.py:623} INFO - DAG(s) dict_keys(['example_kubernetes_executor_config']) retrieved from /home/airflow/.local/lib/python3.6/site-packages/airflow/example_dags/example_kubernetes_executor_config.py
[2023-12-06 07:48:05,525] {logging_mixin.py:109} INFO - [2023-12-06 07:48:05,525] {dag.py:1834} INFO - Sync 1 DAGs
[2023-12-06 07:48:05,535] {logging_mixin.py:109} INFO - [2023-12-06 07:48:05,535] {dag.py:2287} INFO - Setting next_dagrun for example_kubernetes_executor_config to None
[2023-12-06 07:48:05,545] {processor.py:170} INFO - Processing /home/airflow/.local/lib/python3.6/site-packages/airflow/example_dags/example_kubernetes_executor_config.py took 0.054 seconds
[2023-12-06 07:48:36,121] {processor.py:162} INFO - Started process (PID=1383) to work on /home/airflow/.local/lib/python3.6/site-packages/airflow/example_dags/example_kubernetes_executor_config.py
[2023-12-06 07:48:36,123] {processor.py:613} INFO - Processing file /home/airflow/.local/lib/python3.6/site-packages/airflow/example_dags/example_kubernetes_executor_config.py for tasks to queue
[2023-12-06 07:48:36,124] {logging_mixin.py:109} INFO - [2023-12-06 07:48:36,123] {dagbag.py:496} INFO - Filling up the DagBag from /home/airflow/.local/lib/python3.6/site-packages/airflow/example_dags/example_kubernetes_executor_config.py
[2023-12-06 07:48:36,132] {processor.py:623} INFO - DAG(s) dict_keys(['example_kubernetes_executor_config']) retrieved from /home/airflow/.local/lib/python3.6/site-packages/airflow/example_dags/example_kubernetes_executor_config.py
[2023-12-06 07:48:36,151] {logging_mixin.py:109} INFO - [2023-12-06 07:48:36,150] {dag.py:1834} INFO - Sync 1 DAGs
[2023-12-06 07:48:36,162] {logging_mixin.py:109} INFO - [2023-12-06 07:48:36,161] {dag.py:2287} INFO - Setting next_dagrun for example_kubernetes_executor_config to None
[2023-12-06 07:48:36,172] {processor.py:170} INFO - Processing /home/airflow/.local/lib/python3.6/site-packages/airflow/example_dags/example_kubernetes_executor_config.py took 0.052 seconds
[2023-12-06 07:49:06,781] {processor.py:162} INFO - Started process (PID=1588) to work on /home/airflow/.local/lib/python3.6/site-packages/airflow/example_dags/example_kubernetes_executor_config.py
[2023-12-06 07:49:06,782] {processor.py:613} INFO - Processing file /home/airflow/.local/lib/python3.6/site-packages/airflow/example_dags/example_kubernetes_executor_config.py for tasks to queue
[2023-12-06 07:49:06,783] {logging_mixin.py:109} INFO - [2023-12-06 07:49:06,782] {dagbag.py:496} INFO - Filling up the DagBag from /home/airflow/.local/lib/python3.6/site-packages/airflow/example_dags/example_kubernetes_executor_config.py
[2023-12-06 07:49:06,792] {processor.py:623} INFO - DAG(s) dict_keys(['example_kubernetes_executor_config']) retrieved from /home/airflow/.local/lib/python3.6/site-packages/airflow/example_dags/example_kubernetes_executor_config.py
[2023-12-06 07:49:06,810] {logging_mixin.py:109} INFO - [2023-12-06 07:49:06,809] {dag.py:1834} INFO - Sync 1 DAGs
[2023-12-06 07:49:06,819] {logging_mixin.py:109} INFO - [2023-12-06 07:49:06,819] {dag.py:2287} INFO - Setting next_dagrun for example_kubernetes_executor_config to None
[2023-12-06 07:49:06,828] {processor.py:170} INFO - Processing /home/airflow/.local/lib/python3.6/site-packages/airflow/example_dags/example_kubernetes_executor_config.py took 0.049 seconds
[2023-12-06 07:49:37,456] {processor.py:162} INFO - Started process (PID=1791) to work on /home/airflow/.local/lib/python3.6/site-packages/airflow/example_dags/example_kubernetes_executor_config.py
[2023-12-06 07:49:37,457] {processor.py:613} INFO - Processing file /home/airflow/.local/lib/python3.6/site-packages/airflow/example_dags/example_kubernetes_executor_config.py for tasks to queue
[2023-12-06 07:49:37,458] {logging_mixin.py:109} INFO - [2023-12-06 07:49:37,457] {dagbag.py:496} INFO - Filling up the DagBag from /home/airflow/.local/lib/python3.6/site-packages/airflow/example_dags/example_kubernetes_executor_config.py
[2023-12-06 07:49:37,467] {processor.py:623} INFO - DAG(s) dict_keys(['example_kubernetes_executor_config']) retrieved from /home/airflow/.local/lib/python3.6/site-packages/airflow/example_dags/example_kubernetes_executor_config.py
[2023-12-06 07:49:37,486] {logging_mixin.py:109} INFO - [2023-12-06 07:49:37,486] {dag.py:1834} INFO - Sync 1 DAGs
[2023-12-06 07:49:37,496] {logging_mixin.py:109} INFO - [2023-12-06 07:49:37,496] {dag.py:2287} INFO - Setting next_dagrun for example_kubernetes_executor_config to None
[2023-12-06 07:49:37,508] {processor.py:170} INFO - Processing /home/airflow/.local/lib/python3.6/site-packages/airflow/example_dags/example_kubernetes_executor_config.py took 0.054 seconds
[2023-12-06 07:50:08,123] {processor.py:162} INFO - Started process (PID=1986) to work on /home/airflow/.local/lib/python3.6/site-packages/airflow/example_dags/example_kubernetes_executor_config.py
[2023-12-06 07:50:08,125] {processor.py:613} INFO - Processing file /home/airflow/.local/lib/python3.6/site-packages/airflow/example_dags/example_kubernetes_executor_config.py for tasks to queue
[2023-12-06 07:50:08,126] {logging_mixin.py:109} INFO - [2023-12-06 07:50:08,125] {dagbag.py:496} INFO - Filling up the DagBag from /home/airflow/.local/lib/python3.6/site-packages/airflow/example_dags/example_kubernetes_executor_config.py
[2023-12-06 07:50:08,136] {processor.py:623} INFO - DAG(s) dict_keys(['example_kubernetes_executor_config']) retrieved from /home/airflow/.local/lib/python3.6/site-packages/airflow/example_dags/example_kubernetes_executor_config.py
[2023-12-06 07:50:08,157] {logging_mixin.py:109} INFO - [2023-12-06 07:50:08,157] {dag.py:1834} INFO - Sync 1 DAGs
[2023-12-06 07:50:08,168] {logging_mixin.py:109} INFO - [2023-12-06 07:50:08,168] {dag.py:2287} INFO - Setting next_dagrun for example_kubernetes_executor_config to None
[2023-12-06 07:50:08,179] {processor.py:170} INFO - Processing /home/airflow/.local/lib/python3.6/site-packages/airflow/example_dags/example_kubernetes_executor_config.py took 0.058 seconds
[2023-12-06 07:50:38,613] {processor.py:162} INFO - Started process (PID=2191) to work on /home/airflow/.local/lib/python3.6/site-packages/airflow/example_dags/example_kubernetes_executor_config.py
[2023-12-06 07:50:38,615] {processor.py:613} INFO - Processing file /home/airflow/.local/lib/python3.6/site-packages/airflow/example_dags/example_kubernetes_executor_config.py for tasks to queue
[2023-12-06 07:50:38,616] {logging_mixin.py:109} INFO - [2023-12-06 07:50:38,616] {dagbag.py:496} INFO - Filling up the DagBag from /home/airflow/.local/lib/python3.6/site-packages/airflow/example_dags/example_kubernetes_executor_config.py
[2023-12-06 07:50:38,625] {processor.py:623} INFO - DAG(s) dict_keys(['example_kubernetes_executor_config']) retrieved from /home/airflow/.local/lib/python3.6/site-packages/airflow/example_dags/example_kubernetes_executor_config.py
[2023-12-06 07:50:38,645] {logging_mixin.py:109} INFO - [2023-12-06 07:50:38,645] {dag.py:1834} INFO - Sync 1 DAGs
[2023-12-06 07:50:38,656] {logging_mixin.py:109} INFO - [2023-12-06 07:50:38,656] {dag.py:2287} INFO - Setting next_dagrun for example_kubernetes_executor_config to None
[2023-12-06 07:50:38,668] {processor.py:170} INFO - Processing /home/airflow/.local/lib/python3.6/site-packages/airflow/example_dags/example_kubernetes_executor_config.py took 0.056 seconds
[2023-12-06 07:51:08,914] {processor.py:162} INFO - Started process (PID=2366) to work on /home/airflow/.local/lib/python3.6/site-packages/airflow/example_dags/example_kubernetes_executor_config.py
[2023-12-06 07:51:08,916] {processor.py:613} INFO - Processing file /home/airflow/.local/lib/python3.6/site-packages/airflow/example_dags/example_kubernetes_executor_config.py for tasks to queue
[2023-12-06 07:51:08,916] {logging_mixin.py:109} INFO - [2023-12-06 07:51:08,916] {dagbag.py:496} INFO - Filling up the DagBag from /home/airflow/.local/lib/python3.6/site-packages/airflow/example_dags/example_kubernetes_executor_config.py
[2023-12-06 07:51:08,925] {processor.py:623} INFO - DAG(s) dict_keys(['example_kubernetes_executor_config']) retrieved from /home/airflow/.local/lib/python3.6/site-packages/airflow/example_dags/example_kubernetes_executor_config.py
[2023-12-06 07:51:08,943] {logging_mixin.py:109} INFO - [2023-12-06 07:51:08,942] {dag.py:1834} INFO - Sync 1 DAGs
[2023-12-06 07:51:08,958] {logging_mixin.py:109} INFO - [2023-12-06 07:51:08,958] {dag.py:2287} INFO - Setting next_dagrun for example_kubernetes_executor_config to None
[2023-12-06 07:51:08,970] {processor.py:170} INFO - Processing /home/airflow/.local/lib/python3.6/site-packages/airflow/example_dags/example_kubernetes_executor_config.py took 0.058 seconds
[2023-12-06 07:51:39,528] {processor.py:162} INFO - Started process (PID=2573) to work on /home/airflow/.local/lib/python3.6/site-packages/airflow/example_dags/example_kubernetes_executor_config.py
[2023-12-06 07:51:39,529] {processor.py:613} INFO - Processing file /home/airflow/.local/lib/python3.6/site-packages/airflow/example_dags/example_kubernetes_executor_config.py for tasks to queue
[2023-12-06 07:51:39,529] {logging_mixin.py:109} INFO - [2023-12-06 07:51:39,529] {dagbag.py:496} INFO - Filling up the DagBag from /home/airflow/.local/lib/python3.6/site-packages/airflow/example_dags/example_kubernetes_executor_config.py
[2023-12-06 07:51:39,543] {processor.py:623} INFO - DAG(s) dict_keys(['example_kubernetes_executor_config']) retrieved from /home/airflow/.local/lib/python3.6/site-packages/airflow/example_dags/example_kubernetes_executor_config.py
[2023-12-06 07:51:39,566] {logging_mixin.py:109} INFO - [2023-12-06 07:51:39,566] {dag.py:1834} INFO - Sync 1 DAGs
[2023-12-06 07:51:39,580] {logging_mixin.py:109} INFO - [2023-12-06 07:51:39,580] {dag.py:2287} INFO - Setting next_dagrun for example_kubernetes_executor_config to None
[2023-12-06 07:51:39,590] {processor.py:170} INFO - Processing /home/airflow/.local/lib/python3.6/site-packages/airflow/example_dags/example_kubernetes_executor_config.py took 0.064 seconds
[2023-12-06 07:52:10,062] {processor.py:162} INFO - Started process (PID=2776) to work on /home/airflow/.local/lib/python3.6/site-packages/airflow/example_dags/example_kubernetes_executor_config.py
[2023-12-06 07:52:10,063] {processor.py:613} INFO - Processing file /home/airflow/.local/lib/python3.6/site-packages/airflow/example_dags/example_kubernetes_executor_config.py for tasks to queue
[2023-12-06 07:52:10,064] {logging_mixin.py:109} INFO - [2023-12-06 07:52:10,064] {dagbag.py:496} INFO - Filling up the DagBag from /home/airflow/.local/lib/python3.6/site-packages/airflow/example_dags/example_kubernetes_executor_config.py
[2023-12-06 07:52:10,073] {processor.py:623} INFO - DAG(s) dict_keys(['example_kubernetes_executor_config']) retrieved from /home/airflow/.local/lib/python3.6/site-packages/airflow/example_dags/example_kubernetes_executor_config.py
[2023-12-06 07:52:10,091] {logging_mixin.py:109} INFO - [2023-12-06 07:52:10,091] {dag.py:1834} INFO - Sync 1 DAGs
[2023-12-06 07:52:10,102] {logging_mixin.py:109} INFO - [2023-12-06 07:52:10,102] {dag.py:2287} INFO - Setting next_dagrun for example_kubernetes_executor_config to None
[2023-12-06 07:52:10,112] {processor.py:170} INFO - Processing /home/airflow/.local/lib/python3.6/site-packages/airflow/example_dags/example_kubernetes_executor_config.py took 0.051 seconds
[2023-12-06 07:52:40,585] {processor.py:162} INFO - Started process (PID=2973) to work on /home/airflow/.local/lib/python3.6/site-packages/airflow/example_dags/example_kubernetes_executor_config.py
[2023-12-06 07:52:40,586] {processor.py:613} INFO - Processing file /home/airflow/.local/lib/python3.6/site-packages/airflow/example_dags/example_kubernetes_executor_config.py for tasks to queue
[2023-12-06 07:52:40,587] {logging_mixin.py:109} INFO - [2023-12-06 07:52:40,587] {dagbag.py:496} INFO - Filling up the DagBag from /home/airflow/.local/lib/python3.6/site-packages/airflow/example_dags/example_kubernetes_executor_config.py
[2023-12-06 07:52:40,595] {processor.py:623} INFO - DAG(s) dict_keys(['example_kubernetes_executor_config']) retrieved from /home/airflow/.local/lib/python3.6/site-packages/airflow/example_dags/example_kubernetes_executor_config.py
[2023-12-06 07:52:40,613] {logging_mixin.py:109} INFO - [2023-12-06 07:52:40,613] {dag.py:1834} INFO - Sync 1 DAGs
[2023-12-06 07:52:40,624] {logging_mixin.py:109} INFO - [2023-12-06 07:52:40,624] {dag.py:2287} INFO - Setting next_dagrun for example_kubernetes_executor_config to None
[2023-12-06 07:52:40,633] {processor.py:170} INFO - Processing /home/airflow/.local/lib/python3.6/site-packages/airflow/example_dags/example_kubernetes_executor_config.py took 0.049 seconds
[2023-12-06 07:53:10,980] {processor.py:162} INFO - Started process (PID=3177) to work on /home/airflow/.local/lib/python3.6/site-packages/airflow/example_dags/example_kubernetes_executor_config.py
[2023-12-06 07:53:10,982] {processor.py:613} INFO - Processing file /home/airflow/.local/lib/python3.6/site-packages/airflow/example_dags/example_kubernetes_executor_config.py for tasks to queue
[2023-12-06 07:53:10,982] {logging_mixin.py:109} INFO - [2023-12-06 07:53:10,982] {dagbag.py:496} INFO - Filling up the DagBag from /home/airflow/.local/lib/python3.6/site-packages/airflow/example_dags/example_kubernetes_executor_config.py
[2023-12-06 07:53:10,991] {processor.py:623} INFO - DAG(s) dict_keys(['example_kubernetes_executor_config']) retrieved from /home/airflow/.local/lib/python3.6/site-packages/airflow/example_dags/example_kubernetes_executor_config.py
[2023-12-06 07:53:11,012] {logging_mixin.py:109} INFO - [2023-12-06 07:53:11,012] {dag.py:1834} INFO - Sync 1 DAGs
[2023-12-06 07:53:11,025] {logging_mixin.py:109} INFO - [2023-12-06 07:53:11,025] {dag.py:2287} INFO - Setting next_dagrun for example_kubernetes_executor_config to None
[2023-12-06 07:53:11,036] {processor.py:170} INFO - Processing /home/airflow/.local/lib/python3.6/site-packages/airflow/example_dags/example_kubernetes_executor_config.py took 0.057 seconds
[2023-12-06 07:53:41,433] {processor.py:162} INFO - Started process (PID=3382) to work on /home/airflow/.local/lib/python3.6/site-packages/airflow/example_dags/example_kubernetes_executor_config.py
[2023-12-06 07:53:41,434] {processor.py:613} INFO - Processing file /home/airflow/.local/lib/python3.6/site-packages/airflow/example_dags/example_kubernetes_executor_config.py for tasks to queue
[2023-12-06 07:53:41,435] {logging_mixin.py:109} INFO - [2023-12-06 07:53:41,435] {dagbag.py:496} INFO - Filling up the DagBag from /home/airflow/.local/lib/python3.6/site-packages/airflow/example_dags/example_kubernetes_executor_config.py
[2023-12-06 07:53:41,444] {processor.py:623} INFO - DAG(s) dict_keys(['example_kubernetes_executor_config']) retrieved from /home/airflow/.local/lib/python3.6/site-packages/airflow/example_dags/example_kubernetes_executor_config.py
[2023-12-06 07:53:41,465] {logging_mixin.py:109} INFO - [2023-12-06 07:53:41,465] {dag.py:1834} INFO - Sync 1 DAGs
[2023-12-06 07:53:41,474] {logging_mixin.py:109} INFO - [2023-12-06 07:53:41,474] {dag.py:2287} INFO - Setting next_dagrun for example_kubernetes_executor_config to None
[2023-12-06 07:53:41,484] {processor.py:170} INFO - Processing /home/airflow/.local/lib/python3.6/site-packages/airflow/example_dags/example_kubernetes_executor_config.py took 0.053 seconds
[2023-12-06 07:54:12,198] {processor.py:162} INFO - Started process (PID=3576) to work on /home/airflow/.local/lib/python3.6/site-packages/airflow/example_dags/example_kubernetes_executor_config.py
[2023-12-06 07:54:12,199] {processor.py:613} INFO - Processing file /home/airflow/.local/lib/python3.6/site-packages/airflow/example_dags/example_kubernetes_executor_config.py for tasks to queue
[2023-12-06 07:54:12,200] {logging_mixin.py:109} INFO - [2023-12-06 07:54:12,200] {dagbag.py:496} INFO - Filling up the DagBag from /home/airflow/.local/lib/python3.6/site-packages/airflow/example_dags/example_kubernetes_executor_config.py
[2023-12-06 07:54:12,210] {processor.py:623} INFO - DAG(s) dict_keys(['example_kubernetes_executor_config']) retrieved from /home/airflow/.local/lib/python3.6/site-packages/airflow/example_dags/example_kubernetes_executor_config.py
[2023-12-06 07:54:12,229] {logging_mixin.py:109} INFO - [2023-12-06 07:54:12,229] {dag.py:1834} INFO - Sync 1 DAGs
[2023-12-06 07:54:12,239] {logging_mixin.py:109} INFO - [2023-12-06 07:54:12,239] {dag.py:2287} INFO - Setting next_dagrun for example_kubernetes_executor_config to None
[2023-12-06 07:54:12,248] {processor.py:170} INFO - Processing /home/airflow/.local/lib/python3.6/site-packages/airflow/example_dags/example_kubernetes_executor_config.py took 0.053 seconds
[2023-12-06 07:54:42,997] {processor.py:162} INFO - Started process (PID=3781) to work on /home/airflow/.local/lib/python3.6/site-packages/airflow/example_dags/example_kubernetes_executor_config.py
[2023-12-06 07:54:42,997] {processor.py:613} INFO - Processing file /home/airflow/.local/lib/python3.6/site-packages/airflow/example_dags/example_kubernetes_executor_config.py for tasks to queue
[2023-12-06 07:54:42,998] {logging_mixin.py:109} INFO - [2023-12-06 07:54:42,998] {dagbag.py:496} INFO - Filling up the DagBag from /home/airflow/.local/lib/python3.6/site-packages/airflow/example_dags/example_kubernetes_executor_config.py
[2023-12-06 07:54:43,009] {processor.py:623} INFO - DAG(s) dict_keys(['example_kubernetes_executor_config']) retrieved from /home/airflow/.local/lib/python3.6/site-packages/airflow/example_dags/example_kubernetes_executor_config.py
[2023-12-06 07:54:43,030] {logging_mixin.py:109} INFO - [2023-12-06 07:54:43,030] {dag.py:1834} INFO - Sync 1 DAGs
[2023-12-06 07:54:43,041] {logging_mixin.py:109} INFO - [2023-12-06 07:54:43,041] {dag.py:2287} INFO - Setting next_dagrun for example_kubernetes_executor_config to None
[2023-12-06 07:54:43,051] {processor.py:170} INFO - Processing /home/airflow/.local/lib/python3.6/site-packages/airflow/example_dags/example_kubernetes_executor_config.py took 0.057 seconds
[2023-12-06 07:55:13,577] {processor.py:162} INFO - Started process (PID=3978) to work on /home/airflow/.local/lib/python3.6/site-packages/airflow/example_dags/example_kubernetes_executor_config.py
[2023-12-06 07:55:13,578] {processor.py:613} INFO - Processing file /home/airflow/.local/lib/python3.6/site-packages/airflow/example_dags/example_kubernetes_executor_config.py for tasks to queue
[2023-12-06 07:55:13,578] {logging_mixin.py:109} INFO - [2023-12-06 07:55:13,578] {dagbag.py:496} INFO - Filling up the DagBag from /home/airflow/.local/lib/python3.6/site-packages/airflow/example_dags/example_kubernetes_executor_config.py
[2023-12-06 07:55:13,587] {processor.py:623} INFO - DAG(s) dict_keys(['example_kubernetes_executor_config']) retrieved from /home/airflow/.local/lib/python3.6/site-packages/airflow/example_dags/example_kubernetes_executor_config.py
[2023-12-06 07:55:13,606] {logging_mixin.py:109} INFO - [2023-12-06 07:55:13,606] {dag.py:1834} INFO - Sync 1 DAGs
[2023-12-06 07:55:13,617] {logging_mixin.py:109} INFO - [2023-12-06 07:55:13,617] {dag.py:2287} INFO - Setting next_dagrun for example_kubernetes_executor_config to None
[2023-12-06 07:55:13,626] {processor.py:170} INFO - Processing /home/airflow/.local/lib/python3.6/site-packages/airflow/example_dags/example_kubernetes_executor_config.py took 0.052 seconds
[2023-12-06 07:55:44,250] {processor.py:162} INFO - Started process (PID=4183) to work on /home/airflow/.local/lib/python3.6/site-packages/airflow/example_dags/example_kubernetes_executor_config.py
[2023-12-06 07:55:44,252] {processor.py:613} INFO - Processing file /home/airflow/.local/lib/python3.6/site-packages/airflow/example_dags/example_kubernetes_executor_config.py for tasks to queue
[2023-12-06 07:55:44,252] {logging_mixin.py:109} INFO - [2023-12-06 07:55:44,252] {dagbag.py:496} INFO - Filling up the DagBag from /home/airflow/.local/lib/python3.6/site-packages/airflow/example_dags/example_kubernetes_executor_config.py
[2023-12-06 07:55:44,263] {processor.py:623} INFO - DAG(s) dict_keys(['example_kubernetes_executor_config']) retrieved from /home/airflow/.local/lib/python3.6/site-packages/airflow/example_dags/example_kubernetes_executor_config.py
[2023-12-06 07:55:44,290] {logging_mixin.py:109} INFO - [2023-12-06 07:55:44,290] {dag.py:1834} INFO - Sync 1 DAGs
[2023-12-06 07:55:44,302] {logging_mixin.py:109} INFO - [2023-12-06 07:55:44,301] {dag.py:2287} INFO - Setting next_dagrun for example_kubernetes_executor_config to None
[2023-12-06 07:55:44,312] {processor.py:170} INFO - Processing /home/airflow/.local/lib/python3.6/site-packages/airflow/example_dags/example_kubernetes_executor_config.py took 0.064 seconds
[2023-12-06 07:56:14,996] {processor.py:162} INFO - Started process (PID=4388) to work on /home/airflow/.local/lib/python3.6/site-packages/airflow/example_dags/example_kubernetes_executor_config.py
[2023-12-06 07:56:14,996] {processor.py:613} INFO - Processing file /home/airflow/.local/lib/python3.6/site-packages/airflow/example_dags/example_kubernetes_executor_config.py for tasks to queue
[2023-12-06 07:56:14,997] {logging_mixin.py:109} INFO - [2023-12-06 07:56:14,997] {dagbag.py:496} INFO - Filling up the DagBag from /home/airflow/.local/lib/python3.6/site-packages/airflow/example_dags/example_kubernetes_executor_config.py
[2023-12-06 07:56:15,007] {processor.py:623} INFO - DAG(s) dict_keys(['example_kubernetes_executor_config']) retrieved from /home/airflow/.local/lib/python3.6/site-packages/airflow/example_dags/example_kubernetes_executor_config.py
[2023-12-06 07:56:15,026] {logging_mixin.py:109} INFO - [2023-12-06 07:56:15,026] {dag.py:1834} INFO - Sync 1 DAGs
[2023-12-06 07:56:15,037] {logging_mixin.py:109} INFO - [2023-12-06 07:56:15,037] {dag.py:2287} INFO - Setting next_dagrun for example_kubernetes_executor_config to None
[2023-12-06 07:56:15,048] {processor.py:170} INFO - Processing /home/airflow/.local/lib/python3.6/site-packages/airflow/example_dags/example_kubernetes_executor_config.py took 0.054 seconds
[2023-12-06 07:56:45,649] {processor.py:162} INFO - Started process (PID=4581) to work on /home/airflow/.local/lib/python3.6/site-packages/airflow/example_dags/example_kubernetes_executor_config.py
[2023-12-06 07:56:45,650] {processor.py:613} INFO - Processing file /home/airflow/.local/lib/python3.6/site-packages/airflow/example_dags/example_kubernetes_executor_config.py for tasks to queue
[2023-12-06 07:56:45,651] {logging_mixin.py:109} INFO - [2023-12-06 07:56:45,651] {dagbag.py:496} INFO - Filling up the DagBag from /home/airflow/.local/lib/python3.6/site-packages/airflow/example_dags/example_kubernetes_executor_config.py
[2023-12-06 07:56:45,665] {processor.py:623} INFO - DAG(s) dict_keys(['example_kubernetes_executor_config']) retrieved from /home/airflow/.local/lib/python3.6/site-packages/airflow/example_dags/example_kubernetes_executor_config.py
[2023-12-06 07:56:45,683] {logging_mixin.py:109} INFO - [2023-12-06 07:56:45,683] {dag.py:1834} INFO - Sync 1 DAGs
[2023-12-06 07:56:45,694] {logging_mixin.py:109} INFO - [2023-12-06 07:56:45,694] {dag.py:2287} INFO - Setting next_dagrun for example_kubernetes_executor_config to None
[2023-12-06 07:56:45,705] {processor.py:170} INFO - Processing /home/airflow/.local/lib/python3.6/site-packages/airflow/example_dags/example_kubernetes_executor_config.py took 0.059 seconds
[2023-12-06 07:57:16,211] {processor.py:162} INFO - Started process (PID=4788) to work on /home/airflow/.local/lib/python3.6/site-packages/airflow/example_dags/example_kubernetes_executor_config.py
[2023-12-06 07:57:16,211] {processor.py:613} INFO - Processing file /home/airflow/.local/lib/python3.6/site-packages/airflow/example_dags/example_kubernetes_executor_config.py for tasks to queue
[2023-12-06 07:57:16,212] {logging_mixin.py:109} INFO - [2023-12-06 07:57:16,212] {dagbag.py:496} INFO - Filling up the DagBag from /home/airflow/.local/lib/python3.6/site-packages/airflow/example_dags/example_kubernetes_executor_config.py
[2023-12-06 07:57:16,224] {processor.py:623} INFO - DAG(s) dict_keys(['example_kubernetes_executor_config']) retrieved from /home/airflow/.local/lib/python3.6/site-packages/airflow/example_dags/example_kubernetes_executor_config.py
[2023-12-06 07:57:16,243] {logging_mixin.py:109} INFO - [2023-12-06 07:57:16,243] {dag.py:1834} INFO - Sync 1 DAGs
[2023-12-06 07:57:16,253] {logging_mixin.py:109} INFO - [2023-12-06 07:57:16,252] {dag.py:2287} INFO - Setting next_dagrun for example_kubernetes_executor_config to None
[2023-12-06 07:57:16,262] {processor.py:170} INFO - Processing /home/airflow/.local/lib/python3.6/site-packages/airflow/example_dags/example_kubernetes_executor_config.py took 0.053 seconds
[2023-12-06 07:57:46,825] {processor.py:162} INFO - Started process (PID=4991) to work on /home/airflow/.local/lib/python3.6/site-packages/airflow/example_dags/example_kubernetes_executor_config.py
[2023-12-06 07:57:46,826] {processor.py:613} INFO - Processing file /home/airflow/.local/lib/python3.6/site-packages/airflow/example_dags/example_kubernetes_executor_config.py for tasks to queue
[2023-12-06 07:57:46,827] {logging_mixin.py:109} INFO - [2023-12-06 07:57:46,827] {dagbag.py:496} INFO - Filling up the DagBag from /home/airflow/.local/lib/python3.6/site-packages/airflow/example_dags/example_kubernetes_executor_config.py
[2023-12-06 07:57:46,837] {processor.py:623} INFO - DAG(s) dict_keys(['example_kubernetes_executor_config']) retrieved from /home/airflow/.local/lib/python3.6/site-packages/airflow/example_dags/example_kubernetes_executor_config.py
[2023-12-06 07:57:46,855] {logging_mixin.py:109} INFO - [2023-12-06 07:57:46,855] {dag.py:1834} INFO - Sync 1 DAGs
[2023-12-06 07:57:46,865] {logging_mixin.py:109} INFO - [2023-12-06 07:57:46,864] {dag.py:2287} INFO - Setting next_dagrun for example_kubernetes_executor_config to None
[2023-12-06 07:57:46,874] {processor.py:170} INFO - Processing /home/airflow/.local/lib/python3.6/site-packages/airflow/example_dags/example_kubernetes_executor_config.py took 0.050 seconds
[2023-12-06 07:58:17,451] {processor.py:162} INFO - Started process (PID=5189) to work on /home/airflow/.local/lib/python3.6/site-packages/airflow/example_dags/example_kubernetes_executor_config.py
[2023-12-06 07:58:17,452] {processor.py:613} INFO - Processing file /home/airflow/.local/lib/python3.6/site-packages/airflow/example_dags/example_kubernetes_executor_config.py for tasks to queue
[2023-12-06 07:58:17,452] {logging_mixin.py:109} INFO - [2023-12-06 07:58:17,452] {dagbag.py:496} INFO - Filling up the DagBag from /home/airflow/.local/lib/python3.6/site-packages/airflow/example_dags/example_kubernetes_executor_config.py
[2023-12-06 07:58:17,462] {processor.py:623} INFO - DAG(s) dict_keys(['example_kubernetes_executor_config']) retrieved from /home/airflow/.local/lib/python3.6/site-packages/airflow/example_dags/example_kubernetes_executor_config.py
[2023-12-06 07:58:17,482] {logging_mixin.py:109} INFO - [2023-12-06 07:58:17,481] {dag.py:1834} INFO - Sync 1 DAGs
[2023-12-06 07:58:17,493] {logging_mixin.py:109} INFO - [2023-12-06 07:58:17,492] {dag.py:2287} INFO - Setting next_dagrun for example_kubernetes_executor_config to None
[2023-12-06 07:58:17,504] {processor.py:170} INFO - Processing /home/airflow/.local/lib/python3.6/site-packages/airflow/example_dags/example_kubernetes_executor_config.py took 0.055 seconds
[2023-12-06 07:58:48,205] {processor.py:162} INFO - Started process (PID=5394) to work on /home/airflow/.local/lib/python3.6/site-packages/airflow/example_dags/example_kubernetes_executor_config.py
[2023-12-06 07:58:48,206] {processor.py:613} INFO - Processing file /home/airflow/.local/lib/python3.6/site-packages/airflow/example_dags/example_kubernetes_executor_config.py for tasks to queue
[2023-12-06 07:58:48,207] {logging_mixin.py:109} INFO - [2023-12-06 07:58:48,207] {dagbag.py:496} INFO - Filling up the DagBag from /home/airflow/.local/lib/python3.6/site-packages/airflow/example_dags/example_kubernetes_executor_config.py
[2023-12-06 07:58:48,217] {processor.py:623} INFO - DAG(s) dict_keys(['example_kubernetes_executor_config']) retrieved from /home/airflow/.local/lib/python3.6/site-packages/airflow/example_dags/example_kubernetes_executor_config.py
[2023-12-06 07:58:48,236] {logging_mixin.py:109} INFO - [2023-12-06 07:58:48,236] {dag.py:1834} INFO - Sync 1 DAGs
[2023-12-06 07:58:48,247] {logging_mixin.py:109} INFO - [2023-12-06 07:58:48,247] {dag.py:2287} INFO - Setting next_dagrun for example_kubernetes_executor_config to None
[2023-12-06 07:58:48,258] {processor.py:170} INFO - Processing /home/airflow/.local/lib/python3.6/site-packages/airflow/example_dags/example_kubernetes_executor_config.py took 0.054 seconds
[2023-12-06 07:59:18,940] {processor.py:162} INFO - Started process (PID=5589) to work on /home/airflow/.local/lib/python3.6/site-packages/airflow/example_dags/example_kubernetes_executor_config.py
[2023-12-06 07:59:18,941] {processor.py:613} INFO - Processing file /home/airflow/.local/lib/python3.6/site-packages/airflow/example_dags/example_kubernetes_executor_config.py for tasks to queue
[2023-12-06 07:59:18,942] {logging_mixin.py:109} INFO - [2023-12-06 07:59:18,942] {dagbag.py:496} INFO - Filling up the DagBag from /home/airflow/.local/lib/python3.6/site-packages/airflow/example_dags/example_kubernetes_executor_config.py
[2023-12-06 07:59:18,953] {processor.py:623} INFO - DAG(s) dict_keys(['example_kubernetes_executor_config']) retrieved from /home/airflow/.local/lib/python3.6/site-packages/airflow/example_dags/example_kubernetes_executor_config.py
[2023-12-06 07:59:18,970] {logging_mixin.py:109} INFO - [2023-12-06 07:59:18,969] {dag.py:1834} INFO - Sync 1 DAGs
[2023-12-06 07:59:18,980] {logging_mixin.py:109} INFO - [2023-12-06 07:59:18,980] {dag.py:2287} INFO - Setting next_dagrun for example_kubernetes_executor_config to None
[2023-12-06 07:59:18,991] {processor.py:170} INFO - Processing /home/airflow/.local/lib/python3.6/site-packages/airflow/example_dags/example_kubernetes_executor_config.py took 0.052 seconds
[2023-12-06 07:59:49,565] {processor.py:162} INFO - Started process (PID=5794) to work on /home/airflow/.local/lib/python3.6/site-packages/airflow/example_dags/example_kubernetes_executor_config.py
[2023-12-06 07:59:49,566] {processor.py:613} INFO - Processing file /home/airflow/.local/lib/python3.6/site-packages/airflow/example_dags/example_kubernetes_executor_config.py for tasks to queue
[2023-12-06 07:59:49,567] {logging_mixin.py:109} INFO - [2023-12-06 07:59:49,566] {dagbag.py:496} INFO - Filling up the DagBag from /home/airflow/.local/lib/python3.6/site-packages/airflow/example_dags/example_kubernetes_executor_config.py
[2023-12-06 07:59:49,578] {processor.py:623} INFO - DAG(s) dict_keys(['example_kubernetes_executor_config']) retrieved from /home/airflow/.local/lib/python3.6/site-packages/airflow/example_dags/example_kubernetes_executor_config.py
[2023-12-06 07:59:49,596] {logging_mixin.py:109} INFO - [2023-12-06 07:59:49,595] {dag.py:1834} INFO - Sync 1 DAGs
[2023-12-06 07:59:49,606] {logging_mixin.py:109} INFO - [2023-12-06 07:59:49,605] {dag.py:2287} INFO - Setting next_dagrun for example_kubernetes_executor_config to None
[2023-12-06 07:59:49,616] {processor.py:170} INFO - Processing /home/airflow/.local/lib/python3.6/site-packages/airflow/example_dags/example_kubernetes_executor_config.py took 0.053 seconds
[2023-12-06 08:00:20,273] {processor.py:162} INFO - Started process (PID=6084) to work on /home/airflow/.local/lib/python3.6/site-packages/airflow/example_dags/example_kubernetes_executor_config.py
[2023-12-06 08:00:20,274] {processor.py:613} INFO - Processing file /home/airflow/.local/lib/python3.6/site-packages/airflow/example_dags/example_kubernetes_executor_config.py for tasks to queue
[2023-12-06 08:00:20,274] {logging_mixin.py:109} INFO - [2023-12-06 08:00:20,274] {dagbag.py:496} INFO - Filling up the DagBag from /home/airflow/.local/lib/python3.6/site-packages/airflow/example_dags/example_kubernetes_executor_config.py
[2023-12-06 08:00:20,285] {processor.py:623} INFO - DAG(s) dict_keys(['example_kubernetes_executor_config']) retrieved from /home/airflow/.local/lib/python3.6/site-packages/airflow/example_dags/example_kubernetes_executor_config.py
[2023-12-06 08:00:20,302] {logging_mixin.py:109} INFO - [2023-12-06 08:00:20,302] {dag.py:1834} INFO - Sync 1 DAGs
[2023-12-06 08:00:20,312] {logging_mixin.py:109} INFO - [2023-12-06 08:00:20,312] {dag.py:2287} INFO - Setting next_dagrun for example_kubernetes_executor_config to None
[2023-12-06 08:00:20,321] {processor.py:170} INFO - Processing /home/airflow/.local/lib/python3.6/site-packages/airflow/example_dags/example_kubernetes_executor_config.py took 0.050 seconds
[2023-12-06 08:00:51,140] {processor.py:162} INFO - Started process (PID=6277) to work on /home/airflow/.local/lib/python3.6/site-packages/airflow/example_dags/example_kubernetes_executor_config.py
[2023-12-06 08:00:51,141] {processor.py:613} INFO - Processing file /home/airflow/.local/lib/python3.6/site-packages/airflow/example_dags/example_kubernetes_executor_config.py for tasks to queue
[2023-12-06 08:00:51,142] {logging_mixin.py:109} INFO - [2023-12-06 08:00:51,141] {dagbag.py:496} INFO - Filling up the DagBag from /home/airflow/.local/lib/python3.6/site-packages/airflow/example_dags/example_kubernetes_executor_config.py
[2023-12-06 08:00:51,152] {processor.py:623} INFO - DAG(s) dict_keys(['example_kubernetes_executor_config']) retrieved from /home/airflow/.local/lib/python3.6/site-packages/airflow/example_dags/example_kubernetes_executor_config.py
[2023-12-06 08:00:51,171] {logging_mixin.py:109} INFO - [2023-12-06 08:00:51,171] {dag.py:1834} INFO - Sync 1 DAGs
[2023-12-06 08:00:51,181] {logging_mixin.py:109} INFO - [2023-12-06 08:00:51,181] {dag.py:2287} INFO - Setting next_dagrun for example_kubernetes_executor_config to None
[2023-12-06 08:00:51,192] {processor.py:170} INFO - Processing /home/airflow/.local/lib/python3.6/site-packages/airflow/example_dags/example_kubernetes_executor_config.py took 0.054 seconds
[2023-12-06 08:01:21,943] {processor.py:162} INFO - Started process (PID=6483) to work on /home/airflow/.local/lib/python3.6/site-packages/airflow/example_dags/example_kubernetes_executor_config.py
[2023-12-06 08:01:21,944] {processor.py:613} INFO - Processing file /home/airflow/.local/lib/python3.6/site-packages/airflow/example_dags/example_kubernetes_executor_config.py for tasks to queue
[2023-12-06 08:01:21,945] {logging_mixin.py:109} INFO - [2023-12-06 08:01:21,944] {dagbag.py:496} INFO - Filling up the DagBag from /home/airflow/.local/lib/python3.6/site-packages/airflow/example_dags/example_kubernetes_executor_config.py
[2023-12-06 08:01:21,954] {processor.py:623} INFO - DAG(s) dict_keys(['example_kubernetes_executor_config']) retrieved from /home/airflow/.local/lib/python3.6/site-packages/airflow/example_dags/example_kubernetes_executor_config.py
[2023-12-06 08:01:21,972] {logging_mixin.py:109} INFO - [2023-12-06 08:01:21,972] {dag.py:1834} INFO - Sync 1 DAGs
[2023-12-06 08:01:21,982] {logging_mixin.py:109} INFO - [2023-12-06 08:01:21,982] {dag.py:2287} INFO - Setting next_dagrun for example_kubernetes_executor_config to None
[2023-12-06 08:01:21,994] {processor.py:170} INFO - Processing /home/airflow/.local/lib/python3.6/site-packages/airflow/example_dags/example_kubernetes_executor_config.py took 0.053 seconds
[2023-12-06 08:01:52,587] {processor.py:162} INFO - Started process (PID=6689) to work on /home/airflow/.local/lib/python3.6/site-packages/airflow/example_dags/example_kubernetes_executor_config.py
[2023-12-06 08:01:52,589] {processor.py:613} INFO - Processing file /home/airflow/.local/lib/python3.6/site-packages/airflow/example_dags/example_kubernetes_executor_config.py for tasks to queue
[2023-12-06 08:01:52,589] {logging_mixin.py:109} INFO - [2023-12-06 08:01:52,589] {dagbag.py:496} INFO - Filling up the DagBag from /home/airflow/.local/lib/python3.6/site-packages/airflow/example_dags/example_kubernetes_executor_config.py
[2023-12-06 08:01:52,599] {processor.py:623} INFO - DAG(s) dict_keys(['example_kubernetes_executor_config']) retrieved from /home/airflow/.local/lib/python3.6/site-packages/airflow/example_dags/example_kubernetes_executor_config.py
[2023-12-06 08:01:52,616] {logging_mixin.py:109} INFO - [2023-12-06 08:01:52,616] {dag.py:1834} INFO - Sync 1 DAGs
[2023-12-06 08:01:52,627] {logging_mixin.py:109} INFO - [2023-12-06 08:01:52,627] {dag.py:2287} INFO - Setting next_dagrun for example_kubernetes_executor_config to None
[2023-12-06 08:01:52,638] {processor.py:170} INFO - Processing /home/airflow/.local/lib/python3.6/site-packages/airflow/example_dags/example_kubernetes_executor_config.py took 0.053 seconds
[2023-12-06 08:02:23,159] {processor.py:162} INFO - Started process (PID=6883) to work on /home/airflow/.local/lib/python3.6/site-packages/airflow/example_dags/example_kubernetes_executor_config.py
[2023-12-06 08:02:23,160] {processor.py:613} INFO - Processing file /home/airflow/.local/lib/python3.6/site-packages/airflow/example_dags/example_kubernetes_executor_config.py for tasks to queue
[2023-12-06 08:02:23,160] {logging_mixin.py:109} INFO - [2023-12-06 08:02:23,160] {dagbag.py:496} INFO - Filling up the DagBag from /home/airflow/.local/lib/python3.6/site-packages/airflow/example_dags/example_kubernetes_executor_config.py
[2023-12-06 08:02:23,170] {processor.py:623} INFO - DAG(s) dict_keys(['example_kubernetes_executor_config']) retrieved from /home/airflow/.local/lib/python3.6/site-packages/airflow/example_dags/example_kubernetes_executor_config.py
[2023-12-06 08:02:23,189] {logging_mixin.py:109} INFO - [2023-12-06 08:02:23,189] {dag.py:1834} INFO - Sync 1 DAGs
[2023-12-06 08:02:23,200] {logging_mixin.py:109} INFO - [2023-12-06 08:02:23,199] {dag.py:2287} INFO - Setting next_dagrun for example_kubernetes_executor_config to None
[2023-12-06 08:02:23,211] {processor.py:170} INFO - Processing /home/airflow/.local/lib/python3.6/site-packages/airflow/example_dags/example_kubernetes_executor_config.py took 0.054 seconds
[2023-12-06 08:02:53,845] {processor.py:162} INFO - Started process (PID=7090) to work on /home/airflow/.local/lib/python3.6/site-packages/airflow/example_dags/example_kubernetes_executor_config.py
[2023-12-06 08:02:53,846] {processor.py:613} INFO - Processing file /home/airflow/.local/lib/python3.6/site-packages/airflow/example_dags/example_kubernetes_executor_config.py for tasks to queue
[2023-12-06 08:02:53,847] {logging_mixin.py:109} INFO - [2023-12-06 08:02:53,847] {dagbag.py:496} INFO - Filling up the DagBag from /home/airflow/.local/lib/python3.6/site-packages/airflow/example_dags/example_kubernetes_executor_config.py
[2023-12-06 08:02:53,857] {processor.py:623} INFO - DAG(s) dict_keys(['example_kubernetes_executor_config']) retrieved from /home/airflow/.local/lib/python3.6/site-packages/airflow/example_dags/example_kubernetes_executor_config.py
[2023-12-06 08:02:53,876] {logging_mixin.py:109} INFO - [2023-12-06 08:02:53,876] {dag.py:1834} INFO - Sync 1 DAGs
[2023-12-06 08:02:53,886] {logging_mixin.py:109} INFO - [2023-12-06 08:02:53,886] {dag.py:2287} INFO - Setting next_dagrun for example_kubernetes_executor_config to None
[2023-12-06 08:02:53,896] {processor.py:170} INFO - Processing /home/airflow/.local/lib/python3.6/site-packages/airflow/example_dags/example_kubernetes_executor_config.py took 0.053 seconds
[2023-12-06 08:03:24,510] {processor.py:162} INFO - Started process (PID=7295) to work on /home/airflow/.local/lib/python3.6/site-packages/airflow/example_dags/example_kubernetes_executor_config.py
[2023-12-06 08:03:24,511] {processor.py:613} INFO - Processing file /home/airflow/.local/lib/python3.6/site-packages/airflow/example_dags/example_kubernetes_executor_config.py for tasks to queue
[2023-12-06 08:03:24,511] {logging_mixin.py:109} INFO - [2023-12-06 08:03:24,511] {dagbag.py:496} INFO - Filling up the DagBag from /home/airflow/.local/lib/python3.6/site-packages/airflow/example_dags/example_kubernetes_executor_config.py
[2023-12-06 08:03:24,521] {processor.py:623} INFO - DAG(s) dict_keys(['example_kubernetes_executor_config']) retrieved from /home/airflow/.local/lib/python3.6/site-packages/airflow/example_dags/example_kubernetes_executor_config.py
[2023-12-06 08:03:24,538] {logging_mixin.py:109} INFO - [2023-12-06 08:03:24,538] {dag.py:1834} INFO - Sync 1 DAGs
[2023-12-06 08:03:24,550] {logging_mixin.py:109} INFO - [2023-12-06 08:03:24,550] {dag.py:2287} INFO - Setting next_dagrun for example_kubernetes_executor_config to None
[2023-12-06 08:03:24,560] {processor.py:170} INFO - Processing /home/airflow/.local/lib/python3.6/site-packages/airflow/example_dags/example_kubernetes_executor_config.py took 0.052 seconds
[2023-12-06 08:03:55,318] {processor.py:162} INFO - Started process (PID=7491) to work on /home/airflow/.local/lib/python3.6/site-packages/airflow/example_dags/example_kubernetes_executor_config.py
[2023-12-06 08:03:55,320] {processor.py:613} INFO - Processing file /home/airflow/.local/lib/python3.6/site-packages/airflow/example_dags/example_kubernetes_executor_config.py for tasks to queue
[2023-12-06 08:03:55,320] {logging_mixin.py:109} INFO - [2023-12-06 08:03:55,320] {dagbag.py:496} INFO - Filling up the DagBag from /home/airflow/.local/lib/python3.6/site-packages/airflow/example_dags/example_kubernetes_executor_config.py
[2023-12-06 08:03:55,331] {processor.py:623} INFO - DAG(s) dict_keys(['example_kubernetes_executor_config']) retrieved from /home/airflow/.local/lib/python3.6/site-packages/airflow/example_dags/example_kubernetes_executor_config.py
[2023-12-06 08:03:55,351] {logging_mixin.py:109} INFO - [2023-12-06 08:03:55,351] {dag.py:1834} INFO - Sync 1 DAGs
[2023-12-06 08:03:55,363] {logging_mixin.py:109} INFO - [2023-12-06 08:03:55,363] {dag.py:2287} INFO - Setting next_dagrun for example_kubernetes_executor_config to None
[2023-12-06 08:03:55,373] {processor.py:170} INFO - Processing /home/airflow/.local/lib/python3.6/site-packages/airflow/example_dags/example_kubernetes_executor_config.py took 0.057 seconds
[2023-12-06 08:04:25,882] {processor.py:162} INFO - Started process (PID=7694) to work on /home/airflow/.local/lib/python3.6/site-packages/airflow/example_dags/example_kubernetes_executor_config.py
[2023-12-06 08:04:25,883] {processor.py:613} INFO - Processing file /home/airflow/.local/lib/python3.6/site-packages/airflow/example_dags/example_kubernetes_executor_config.py for tasks to queue
[2023-12-06 08:04:25,884] {logging_mixin.py:109} INFO - [2023-12-06 08:04:25,884] {dagbag.py:496} INFO - Filling up the DagBag from /home/airflow/.local/lib/python3.6/site-packages/airflow/example_dags/example_kubernetes_executor_config.py
[2023-12-06 08:04:25,896] {processor.py:623} INFO - DAG(s) dict_keys(['example_kubernetes_executor_config']) retrieved from /home/airflow/.local/lib/python3.6/site-packages/airflow/example_dags/example_kubernetes_executor_config.py
[2023-12-06 08:04:25,915] {logging_mixin.py:109} INFO - [2023-12-06 08:04:25,915] {dag.py:1834} INFO - Sync 1 DAGs
[2023-12-06 08:04:25,926] {logging_mixin.py:109} INFO - [2023-12-06 08:04:25,926] {dag.py:2287} INFO - Setting next_dagrun for example_kubernetes_executor_config to None
[2023-12-06 08:04:25,937] {processor.py:170} INFO - Processing /home/airflow/.local/lib/python3.6/site-packages/airflow/example_dags/example_kubernetes_executor_config.py took 0.057 seconds
[2023-12-06 08:04:56,305] {processor.py:162} INFO - Started process (PID=7890) to work on /home/airflow/.local/lib/python3.6/site-packages/airflow/example_dags/example_kubernetes_executor_config.py
[2023-12-06 08:04:56,306] {processor.py:613} INFO - Processing file /home/airflow/.local/lib/python3.6/site-packages/airflow/example_dags/example_kubernetes_executor_config.py for tasks to queue
[2023-12-06 08:04:56,307] {logging_mixin.py:109} INFO - [2023-12-06 08:04:56,307] {dagbag.py:496} INFO - Filling up the DagBag from /home/airflow/.local/lib/python3.6/site-packages/airflow/example_dags/example_kubernetes_executor_config.py
[2023-12-06 08:04:56,316] {processor.py:623} INFO - DAG(s) dict_keys(['example_kubernetes_executor_config']) retrieved from /home/airflow/.local/lib/python3.6/site-packages/airflow/example_dags/example_kubernetes_executor_config.py
[2023-12-06 08:04:56,334] {logging_mixin.py:109} INFO - [2023-12-06 08:04:56,334] {dag.py:1834} INFO - Sync 1 DAGs
[2023-12-06 08:04:56,346] {logging_mixin.py:109} INFO - [2023-12-06 08:04:56,346] {dag.py:2287} INFO - Setting next_dagrun for example_kubernetes_executor_config to None
[2023-12-06 08:04:56,357] {processor.py:170} INFO - Processing /home/airflow/.local/lib/python3.6/site-packages/airflow/example_dags/example_kubernetes_executor_config.py took 0.054 seconds
[2023-12-06 08:05:26,936] {processor.py:162} INFO - Started process (PID=8093) to work on /home/airflow/.local/lib/python3.6/site-packages/airflow/example_dags/example_kubernetes_executor_config.py
[2023-12-06 08:05:26,937] {processor.py:613} INFO - Processing file /home/airflow/.local/lib/python3.6/site-packages/airflow/example_dags/example_kubernetes_executor_config.py for tasks to queue
[2023-12-06 08:05:26,937] {logging_mixin.py:109} INFO - [2023-12-06 08:05:26,937] {dagbag.py:496} INFO - Filling up the DagBag from /home/airflow/.local/lib/python3.6/site-packages/airflow/example_dags/example_kubernetes_executor_config.py
[2023-12-06 08:05:26,946] {processor.py:623} INFO - DAG(s) dict_keys(['example_kubernetes_executor_config']) retrieved from /home/airflow/.local/lib/python3.6/site-packages/airflow/example_dags/example_kubernetes_executor_config.py
[2023-12-06 08:05:26,964] {logging_mixin.py:109} INFO - [2023-12-06 08:05:26,964] {dag.py:1834} INFO - Sync 1 DAGs
[2023-12-06 08:05:26,976] {logging_mixin.py:109} INFO - [2023-12-06 08:05:26,976] {dag.py:2287} INFO - Setting next_dagrun for example_kubernetes_executor_config to None
[2023-12-06 08:05:26,985] {processor.py:170} INFO - Processing /home/airflow/.local/lib/python3.6/site-packages/airflow/example_dags/example_kubernetes_executor_config.py took 0.051 seconds
[2023-12-06 08:05:57,452] {processor.py:162} INFO - Started process (PID=8300) to work on /home/airflow/.local/lib/python3.6/site-packages/airflow/example_dags/example_kubernetes_executor_config.py
[2023-12-06 08:05:57,453] {processor.py:613} INFO - Processing file /home/airflow/.local/lib/python3.6/site-packages/airflow/example_dags/example_kubernetes_executor_config.py for tasks to queue
[2023-12-06 08:05:57,454] {logging_mixin.py:109} INFO - [2023-12-06 08:05:57,454] {dagbag.py:496} INFO - Filling up the DagBag from /home/airflow/.local/lib/python3.6/site-packages/airflow/example_dags/example_kubernetes_executor_config.py
[2023-12-06 08:05:57,463] {processor.py:623} INFO - DAG(s) dict_keys(['example_kubernetes_executor_config']) retrieved from /home/airflow/.local/lib/python3.6/site-packages/airflow/example_dags/example_kubernetes_executor_config.py
[2023-12-06 08:05:57,481] {logging_mixin.py:109} INFO - [2023-12-06 08:05:57,481] {dag.py:1834} INFO - Sync 1 DAGs
[2023-12-06 08:05:57,492] {logging_mixin.py:109} INFO - [2023-12-06 08:05:57,492] {dag.py:2287} INFO - Setting next_dagrun for example_kubernetes_executor_config to None
[2023-12-06 08:05:57,503] {processor.py:170} INFO - Processing /home/airflow/.local/lib/python3.6/site-packages/airflow/example_dags/example_kubernetes_executor_config.py took 0.054 seconds
[2023-12-06 08:06:28,212] {processor.py:162} INFO - Started process (PID=8495) to work on /home/airflow/.local/lib/python3.6/site-packages/airflow/example_dags/example_kubernetes_executor_config.py
[2023-12-06 08:06:28,213] {processor.py:613} INFO - Processing file /home/airflow/.local/lib/python3.6/site-packages/airflow/example_dags/example_kubernetes_executor_config.py for tasks to queue
[2023-12-06 08:06:28,214] {logging_mixin.py:109} INFO - [2023-12-06 08:06:28,214] {dagbag.py:496} INFO - Filling up the DagBag from /home/airflow/.local/lib/python3.6/site-packages/airflow/example_dags/example_kubernetes_executor_config.py
[2023-12-06 08:06:28,223] {processor.py:623} INFO - DAG(s) dict_keys(['example_kubernetes_executor_config']) retrieved from /home/airflow/.local/lib/python3.6/site-packages/airflow/example_dags/example_kubernetes_executor_config.py
[2023-12-06 08:06:28,242] {logging_mixin.py:109} INFO - [2023-12-06 08:06:28,242] {dag.py:1834} INFO - Sync 1 DAGs
[2023-12-06 08:06:28,253] {logging_mixin.py:109} INFO - [2023-12-06 08:06:28,252] {dag.py:2287} INFO - Setting next_dagrun for example_kubernetes_executor_config to None
[2023-12-06 08:06:28,262] {processor.py:170} INFO - Processing /home/airflow/.local/lib/python3.6/site-packages/airflow/example_dags/example_kubernetes_executor_config.py took 0.052 seconds
[2023-12-06 08:06:58,894] {processor.py:162} INFO - Started process (PID=8700) to work on /home/airflow/.local/lib/python3.6/site-packages/airflow/example_dags/example_kubernetes_executor_config.py
[2023-12-06 08:06:58,894] {processor.py:613} INFO - Processing file /home/airflow/.local/lib/python3.6/site-packages/airflow/example_dags/example_kubernetes_executor_config.py for tasks to queue
[2023-12-06 08:06:58,895] {logging_mixin.py:109} INFO - [2023-12-06 08:06:58,895] {dagbag.py:496} INFO - Filling up the DagBag from /home/airflow/.local/lib/python3.6/site-packages/airflow/example_dags/example_kubernetes_executor_config.py
[2023-12-06 08:06:58,904] {processor.py:623} INFO - DAG(s) dict_keys(['example_kubernetes_executor_config']) retrieved from /home/airflow/.local/lib/python3.6/site-packages/airflow/example_dags/example_kubernetes_executor_config.py
[2023-12-06 08:06:58,921] {logging_mixin.py:109} INFO - [2023-12-06 08:06:58,921] {dag.py:1834} INFO - Sync 1 DAGs
[2023-12-06 08:06:58,932] {logging_mixin.py:109} INFO - [2023-12-06 08:06:58,931] {dag.py:2287} INFO - Setting next_dagrun for example_kubernetes_executor_config to None
[2023-12-06 08:06:58,943] {processor.py:170} INFO - Processing /home/airflow/.local/lib/python3.6/site-packages/airflow/example_dags/example_kubernetes_executor_config.py took 0.051 seconds
[2023-12-06 08:07:29,460] {processor.py:162} INFO - Started process (PID=8902) to work on /home/airflow/.local/lib/python3.6/site-packages/airflow/example_dags/example_kubernetes_executor_config.py
[2023-12-06 08:07:29,461] {processor.py:613} INFO - Processing file /home/airflow/.local/lib/python3.6/site-packages/airflow/example_dags/example_kubernetes_executor_config.py for tasks to queue
[2023-12-06 08:07:29,462] {logging_mixin.py:109} INFO - [2023-12-06 08:07:29,462] {dagbag.py:496} INFO - Filling up the DagBag from /home/airflow/.local/lib/python3.6/site-packages/airflow/example_dags/example_kubernetes_executor_config.py
[2023-12-06 08:07:29,471] {processor.py:623} INFO - DAG(s) dict_keys(['example_kubernetes_executor_config']) retrieved from /home/airflow/.local/lib/python3.6/site-packages/airflow/example_dags/example_kubernetes_executor_config.py
[2023-12-06 08:07:29,490] {logging_mixin.py:109} INFO - [2023-12-06 08:07:29,490] {dag.py:1834} INFO - Sync 1 DAGs
[2023-12-06 08:07:29,500] {logging_mixin.py:109} INFO - [2023-12-06 08:07:29,499] {dag.py:2287} INFO - Setting next_dagrun for example_kubernetes_executor_config to None
[2023-12-06 08:07:29,509] {processor.py:170} INFO - Processing /home/airflow/.local/lib/python3.6/site-packages/airflow/example_dags/example_kubernetes_executor_config.py took 0.051 seconds
