[2023-12-06 07:46:04,365] {processor.py:162} INFO - Started process (PID=361) to work on /home/airflow/.local/lib/python3.6/site-packages/airflow/example_dags/example_bash_operator.py
[2023-12-06 07:46:04,366] {processor.py:613} INFO - Processing file /home/airflow/.local/lib/python3.6/site-packages/airflow/example_dags/example_bash_operator.py for tasks to queue
[2023-12-06 07:46:04,367] {logging_mixin.py:109} INFO - [2023-12-06 07:46:04,367] {dagbag.py:496} INFO - Filling up the DagBag from /home/airflow/.local/lib/python3.6/site-packages/airflow/example_dags/example_bash_operator.py
[2023-12-06 07:46:04,377] {processor.py:623} INFO - DAG(s) dict_keys(['example_bash_operator']) retrieved from /home/airflow/.local/lib/python3.6/site-packages/airflow/example_dags/example_bash_operator.py
[2023-12-06 07:46:04,543] {logging_mixin.py:109} INFO - [2023-12-06 07:46:04,543] {dag.py:1834} INFO - Sync 1 DAGs
[2023-12-06 07:46:04,555] {logging_mixin.py:109} INFO - [2023-12-06 07:46:04,555] {dag.py:2287} INFO - Setting next_dagrun for example_bash_operator to 2023-12-04 00:00:00+00:00
[2023-12-06 07:46:04,568] {processor.py:170} INFO - Processing /home/airflow/.local/lib/python3.6/site-packages/airflow/example_dags/example_bash_operator.py took 0.205 seconds
[2023-12-06 07:46:35,032] {processor.py:162} INFO - Started process (PID=641) to work on /home/airflow/.local/lib/python3.6/site-packages/airflow/example_dags/example_bash_operator.py
[2023-12-06 07:46:35,034] {processor.py:613} INFO - Processing file /home/airflow/.local/lib/python3.6/site-packages/airflow/example_dags/example_bash_operator.py for tasks to queue
[2023-12-06 07:46:35,034] {logging_mixin.py:109} INFO - [2023-12-06 07:46:35,034] {dagbag.py:496} INFO - Filling up the DagBag from /home/airflow/.local/lib/python3.6/site-packages/airflow/example_dags/example_bash_operator.py
[2023-12-06 07:46:35,046] {processor.py:623} INFO - DAG(s) dict_keys(['example_bash_operator']) retrieved from /home/airflow/.local/lib/python3.6/site-packages/airflow/example_dags/example_bash_operator.py
[2023-12-06 07:46:35,064] {logging_mixin.py:109} INFO - [2023-12-06 07:46:35,064] {dag.py:1834} INFO - Sync 1 DAGs
[2023-12-06 07:46:35,079] {logging_mixin.py:109} INFO - [2023-12-06 07:46:35,079] {dag.py:2287} INFO - Setting next_dagrun for example_bash_operator to 2023-12-04 00:00:00+00:00
[2023-12-06 07:46:35,090] {processor.py:170} INFO - Processing /home/airflow/.local/lib/python3.6/site-packages/airflow/example_dags/example_bash_operator.py took 0.060 seconds
[2023-12-06 07:47:05,770] {processor.py:162} INFO - Started process (PID=846) to work on /home/airflow/.local/lib/python3.6/site-packages/airflow/example_dags/example_bash_operator.py
[2023-12-06 07:47:05,771] {processor.py:613} INFO - Processing file /home/airflow/.local/lib/python3.6/site-packages/airflow/example_dags/example_bash_operator.py for tasks to queue
[2023-12-06 07:47:05,772] {logging_mixin.py:109} INFO - [2023-12-06 07:47:05,772] {dagbag.py:496} INFO - Filling up the DagBag from /home/airflow/.local/lib/python3.6/site-packages/airflow/example_dags/example_bash_operator.py
[2023-12-06 07:47:05,784] {processor.py:623} INFO - DAG(s) dict_keys(['example_bash_operator']) retrieved from /home/airflow/.local/lib/python3.6/site-packages/airflow/example_dags/example_bash_operator.py
[2023-12-06 07:47:05,806] {logging_mixin.py:109} INFO - [2023-12-06 07:47:05,806] {dag.py:1834} INFO - Sync 1 DAGs
[2023-12-06 07:47:05,822] {logging_mixin.py:109} INFO - [2023-12-06 07:47:05,822] {dag.py:2287} INFO - Setting next_dagrun for example_bash_operator to 2023-12-04 00:00:00+00:00
[2023-12-06 07:47:05,833] {processor.py:170} INFO - Processing /home/airflow/.local/lib/python3.6/site-packages/airflow/example_dags/example_bash_operator.py took 0.066 seconds
[2023-12-06 07:47:36,418] {processor.py:162} INFO - Started process (PID=1041) to work on /home/airflow/.local/lib/python3.6/site-packages/airflow/example_dags/example_bash_operator.py
[2023-12-06 07:47:36,419] {processor.py:613} INFO - Processing file /home/airflow/.local/lib/python3.6/site-packages/airflow/example_dags/example_bash_operator.py for tasks to queue
[2023-12-06 07:47:36,420] {logging_mixin.py:109} INFO - [2023-12-06 07:47:36,420] {dagbag.py:496} INFO - Filling up the DagBag from /home/airflow/.local/lib/python3.6/site-packages/airflow/example_dags/example_bash_operator.py
[2023-12-06 07:47:36,430] {processor.py:623} INFO - DAG(s) dict_keys(['example_bash_operator']) retrieved from /home/airflow/.local/lib/python3.6/site-packages/airflow/example_dags/example_bash_operator.py
[2023-12-06 07:47:36,447] {logging_mixin.py:109} INFO - [2023-12-06 07:47:36,447] {dag.py:1834} INFO - Sync 1 DAGs
[2023-12-06 07:47:36,461] {logging_mixin.py:109} INFO - [2023-12-06 07:47:36,461] {dag.py:2287} INFO - Setting next_dagrun for example_bash_operator to 2023-12-04 00:00:00+00:00
[2023-12-06 07:47:36,471] {processor.py:170} INFO - Processing /home/airflow/.local/lib/python3.6/site-packages/airflow/example_dags/example_bash_operator.py took 0.054 seconds
[2023-12-06 07:48:06,998] {processor.py:162} INFO - Started process (PID=1246) to work on /home/airflow/.local/lib/python3.6/site-packages/airflow/example_dags/example_bash_operator.py
[2023-12-06 07:48:06,999] {processor.py:613} INFO - Processing file /home/airflow/.local/lib/python3.6/site-packages/airflow/example_dags/example_bash_operator.py for tasks to queue
[2023-12-06 07:48:07,000] {logging_mixin.py:109} INFO - [2023-12-06 07:48:07,000] {dagbag.py:496} INFO - Filling up the DagBag from /home/airflow/.local/lib/python3.6/site-packages/airflow/example_dags/example_bash_operator.py
[2023-12-06 07:48:07,010] {processor.py:623} INFO - DAG(s) dict_keys(['example_bash_operator']) retrieved from /home/airflow/.local/lib/python3.6/site-packages/airflow/example_dags/example_bash_operator.py
[2023-12-06 07:48:07,027] {logging_mixin.py:109} INFO - [2023-12-06 07:48:07,027] {dag.py:1834} INFO - Sync 1 DAGs
[2023-12-06 07:48:07,041] {logging_mixin.py:109} INFO - [2023-12-06 07:48:07,041] {dag.py:2287} INFO - Setting next_dagrun for example_bash_operator to 2023-12-04 00:00:00+00:00
[2023-12-06 07:48:07,051] {processor.py:170} INFO - Processing /home/airflow/.local/lib/python3.6/site-packages/airflow/example_dags/example_bash_operator.py took 0.055 seconds
[2023-12-06 07:48:37,697] {processor.py:162} INFO - Started process (PID=1451) to work on /home/airflow/.local/lib/python3.6/site-packages/airflow/example_dags/example_bash_operator.py
[2023-12-06 07:48:37,698] {processor.py:613} INFO - Processing file /home/airflow/.local/lib/python3.6/site-packages/airflow/example_dags/example_bash_operator.py for tasks to queue
[2023-12-06 07:48:37,699] {logging_mixin.py:109} INFO - [2023-12-06 07:48:37,699] {dagbag.py:496} INFO - Filling up the DagBag from /home/airflow/.local/lib/python3.6/site-packages/airflow/example_dags/example_bash_operator.py
[2023-12-06 07:48:37,709] {processor.py:623} INFO - DAG(s) dict_keys(['example_bash_operator']) retrieved from /home/airflow/.local/lib/python3.6/site-packages/airflow/example_dags/example_bash_operator.py
[2023-12-06 07:48:37,726] {logging_mixin.py:109} INFO - [2023-12-06 07:48:37,726] {dag.py:1834} INFO - Sync 1 DAGs
[2023-12-06 07:48:37,740] {logging_mixin.py:109} INFO - [2023-12-06 07:48:37,740] {dag.py:2287} INFO - Setting next_dagrun for example_bash_operator to 2023-12-04 00:00:00+00:00
[2023-12-06 07:48:37,752] {processor.py:170} INFO - Processing /home/airflow/.local/lib/python3.6/site-packages/airflow/example_dags/example_bash_operator.py took 0.057 seconds
[2023-12-06 07:49:08,271] {processor.py:162} INFO - Started process (PID=1646) to work on /home/airflow/.local/lib/python3.6/site-packages/airflow/example_dags/example_bash_operator.py
[2023-12-06 07:49:08,272] {processor.py:613} INFO - Processing file /home/airflow/.local/lib/python3.6/site-packages/airflow/example_dags/example_bash_operator.py for tasks to queue
[2023-12-06 07:49:08,273] {logging_mixin.py:109} INFO - [2023-12-06 07:49:08,273] {dagbag.py:496} INFO - Filling up the DagBag from /home/airflow/.local/lib/python3.6/site-packages/airflow/example_dags/example_bash_operator.py
[2023-12-06 07:49:08,284] {processor.py:623} INFO - DAG(s) dict_keys(['example_bash_operator']) retrieved from /home/airflow/.local/lib/python3.6/site-packages/airflow/example_dags/example_bash_operator.py
[2023-12-06 07:49:08,303] {logging_mixin.py:109} INFO - [2023-12-06 07:49:08,303] {dag.py:1834} INFO - Sync 1 DAGs
[2023-12-06 07:49:08,316] {logging_mixin.py:109} INFO - [2023-12-06 07:49:08,316] {dag.py:2287} INFO - Setting next_dagrun for example_bash_operator to 2023-12-04 00:00:00+00:00
[2023-12-06 07:49:08,326] {processor.py:170} INFO - Processing /home/airflow/.local/lib/python3.6/site-packages/airflow/example_dags/example_bash_operator.py took 0.057 seconds
[2023-12-06 07:49:38,961] {processor.py:162} INFO - Started process (PID=1851) to work on /home/airflow/.local/lib/python3.6/site-packages/airflow/example_dags/example_bash_operator.py
[2023-12-06 07:49:38,963] {processor.py:613} INFO - Processing file /home/airflow/.local/lib/python3.6/site-packages/airflow/example_dags/example_bash_operator.py for tasks to queue
[2023-12-06 07:49:38,964] {logging_mixin.py:109} INFO - [2023-12-06 07:49:38,964] {dagbag.py:496} INFO - Filling up the DagBag from /home/airflow/.local/lib/python3.6/site-packages/airflow/example_dags/example_bash_operator.py
[2023-12-06 07:49:38,976] {processor.py:623} INFO - DAG(s) dict_keys(['example_bash_operator']) retrieved from /home/airflow/.local/lib/python3.6/site-packages/airflow/example_dags/example_bash_operator.py
[2023-12-06 07:49:38,998] {logging_mixin.py:109} INFO - [2023-12-06 07:49:38,998] {dag.py:1834} INFO - Sync 1 DAGs
[2023-12-06 07:49:39,014] {logging_mixin.py:109} INFO - [2023-12-06 07:49:39,013] {dag.py:2287} INFO - Setting next_dagrun for example_bash_operator to 2023-12-04 00:00:00+00:00
[2023-12-06 07:49:39,025] {processor.py:170} INFO - Processing /home/airflow/.local/lib/python3.6/site-packages/airflow/example_dags/example_bash_operator.py took 0.066 seconds
[2023-12-06 07:50:09,644] {processor.py:162} INFO - Started process (PID=2046) to work on /home/airflow/.local/lib/python3.6/site-packages/airflow/example_dags/example_bash_operator.py
[2023-12-06 07:50:09,645] {processor.py:613} INFO - Processing file /home/airflow/.local/lib/python3.6/site-packages/airflow/example_dags/example_bash_operator.py for tasks to queue
[2023-12-06 07:50:09,646] {logging_mixin.py:109} INFO - [2023-12-06 07:50:09,646] {dagbag.py:496} INFO - Filling up the DagBag from /home/airflow/.local/lib/python3.6/site-packages/airflow/example_dags/example_bash_operator.py
[2023-12-06 07:50:09,656] {processor.py:623} INFO - DAG(s) dict_keys(['example_bash_operator']) retrieved from /home/airflow/.local/lib/python3.6/site-packages/airflow/example_dags/example_bash_operator.py
[2023-12-06 07:50:09,674] {logging_mixin.py:109} INFO - [2023-12-06 07:50:09,674] {dag.py:1834} INFO - Sync 1 DAGs
[2023-12-06 07:50:09,686] {logging_mixin.py:109} INFO - [2023-12-06 07:50:09,686] {dag.py:2287} INFO - Setting next_dagrun for example_bash_operator to 2023-12-04 00:00:00+00:00
[2023-12-06 07:50:09,696] {processor.py:170} INFO - Processing /home/airflow/.local/lib/python3.6/site-packages/airflow/example_dags/example_bash_operator.py took 0.054 seconds
[2023-12-06 07:50:40,037] {processor.py:162} INFO - Started process (PID=2251) to work on /home/airflow/.local/lib/python3.6/site-packages/airflow/example_dags/example_bash_operator.py
[2023-12-06 07:50:40,038] {processor.py:613} INFO - Processing file /home/airflow/.local/lib/python3.6/site-packages/airflow/example_dags/example_bash_operator.py for tasks to queue
[2023-12-06 07:50:40,038] {logging_mixin.py:109} INFO - [2023-12-06 07:50:40,038] {dagbag.py:496} INFO - Filling up the DagBag from /home/airflow/.local/lib/python3.6/site-packages/airflow/example_dags/example_bash_operator.py
[2023-12-06 07:50:40,049] {processor.py:623} INFO - DAG(s) dict_keys(['example_bash_operator']) retrieved from /home/airflow/.local/lib/python3.6/site-packages/airflow/example_dags/example_bash_operator.py
[2023-12-06 07:50:40,066] {logging_mixin.py:109} INFO - [2023-12-06 07:50:40,065] {dag.py:1834} INFO - Sync 1 DAGs
[2023-12-06 07:50:40,079] {logging_mixin.py:109} INFO - [2023-12-06 07:50:40,079] {dag.py:2287} INFO - Setting next_dagrun for example_bash_operator to 2023-12-04 00:00:00+00:00
[2023-12-06 07:50:40,090] {processor.py:170} INFO - Processing /home/airflow/.local/lib/python3.6/site-packages/airflow/example_dags/example_bash_operator.py took 0.055 seconds
[2023-12-06 07:51:10,576] {processor.py:162} INFO - Started process (PID=2456) to work on /home/airflow/.local/lib/python3.6/site-packages/airflow/example_dags/example_bash_operator.py
[2023-12-06 07:51:10,577] {processor.py:613} INFO - Processing file /home/airflow/.local/lib/python3.6/site-packages/airflow/example_dags/example_bash_operator.py for tasks to queue
[2023-12-06 07:51:10,578] {logging_mixin.py:109} INFO - [2023-12-06 07:51:10,578] {dagbag.py:496} INFO - Filling up the DagBag from /home/airflow/.local/lib/python3.6/site-packages/airflow/example_dags/example_bash_operator.py
[2023-12-06 07:51:10,589] {processor.py:623} INFO - DAG(s) dict_keys(['example_bash_operator']) retrieved from /home/airflow/.local/lib/python3.6/site-packages/airflow/example_dags/example_bash_operator.py
[2023-12-06 07:51:10,608] {logging_mixin.py:109} INFO - [2023-12-06 07:51:10,608] {dag.py:1834} INFO - Sync 1 DAGs
[2023-12-06 07:51:10,623] {logging_mixin.py:109} INFO - [2023-12-06 07:51:10,622] {dag.py:2287} INFO - Setting next_dagrun for example_bash_operator to 2023-12-04 00:00:00+00:00
[2023-12-06 07:51:10,634] {processor.py:170} INFO - Processing /home/airflow/.local/lib/python3.6/site-packages/airflow/example_dags/example_bash_operator.py took 0.060 seconds
[2023-12-06 07:51:41,082] {processor.py:162} INFO - Started process (PID=2651) to work on /home/airflow/.local/lib/python3.6/site-packages/airflow/example_dags/example_bash_operator.py
[2023-12-06 07:51:41,083] {processor.py:613} INFO - Processing file /home/airflow/.local/lib/python3.6/site-packages/airflow/example_dags/example_bash_operator.py for tasks to queue
[2023-12-06 07:51:41,084] {logging_mixin.py:109} INFO - [2023-12-06 07:51:41,084] {dagbag.py:496} INFO - Filling up the DagBag from /home/airflow/.local/lib/python3.6/site-packages/airflow/example_dags/example_bash_operator.py
[2023-12-06 07:51:41,094] {processor.py:623} INFO - DAG(s) dict_keys(['example_bash_operator']) retrieved from /home/airflow/.local/lib/python3.6/site-packages/airflow/example_dags/example_bash_operator.py
[2023-12-06 07:51:41,111] {logging_mixin.py:109} INFO - [2023-12-06 07:51:41,111] {dag.py:1834} INFO - Sync 1 DAGs
[2023-12-06 07:51:41,126] {logging_mixin.py:109} INFO - [2023-12-06 07:51:41,125] {dag.py:2287} INFO - Setting next_dagrun for example_bash_operator to 2023-12-04 00:00:00+00:00
[2023-12-06 07:51:41,137] {processor.py:170} INFO - Processing /home/airflow/.local/lib/python3.6/site-packages/airflow/example_dags/example_bash_operator.py took 0.056 seconds
[2023-12-06 07:52:11,626] {processor.py:162} INFO - Started process (PID=2856) to work on /home/airflow/.local/lib/python3.6/site-packages/airflow/example_dags/example_bash_operator.py
[2023-12-06 07:52:11,627] {processor.py:613} INFO - Processing file /home/airflow/.local/lib/python3.6/site-packages/airflow/example_dags/example_bash_operator.py for tasks to queue
[2023-12-06 07:52:11,628] {logging_mixin.py:109} INFO - [2023-12-06 07:52:11,628] {dagbag.py:496} INFO - Filling up the DagBag from /home/airflow/.local/lib/python3.6/site-packages/airflow/example_dags/example_bash_operator.py
[2023-12-06 07:52:11,638] {processor.py:623} INFO - DAG(s) dict_keys(['example_bash_operator']) retrieved from /home/airflow/.local/lib/python3.6/site-packages/airflow/example_dags/example_bash_operator.py
[2023-12-06 07:52:11,654] {logging_mixin.py:109} INFO - [2023-12-06 07:52:11,654] {dag.py:1834} INFO - Sync 1 DAGs
[2023-12-06 07:52:11,674] {logging_mixin.py:109} INFO - [2023-12-06 07:52:11,674] {dag.py:2287} INFO - Setting next_dagrun for example_bash_operator to 2023-12-04 00:00:00+00:00
[2023-12-06 07:52:11,687] {processor.py:170} INFO - Processing /home/airflow/.local/lib/python3.6/site-packages/airflow/example_dags/example_bash_operator.py took 0.063 seconds
[2023-12-06 07:52:42,082] {processor.py:162} INFO - Started process (PID=3051) to work on /home/airflow/.local/lib/python3.6/site-packages/airflow/example_dags/example_bash_operator.py
[2023-12-06 07:52:42,083] {processor.py:613} INFO - Processing file /home/airflow/.local/lib/python3.6/site-packages/airflow/example_dags/example_bash_operator.py for tasks to queue
[2023-12-06 07:52:42,083] {logging_mixin.py:109} INFO - [2023-12-06 07:52:42,083] {dagbag.py:496} INFO - Filling up the DagBag from /home/airflow/.local/lib/python3.6/site-packages/airflow/example_dags/example_bash_operator.py
[2023-12-06 07:52:42,094] {processor.py:623} INFO - DAG(s) dict_keys(['example_bash_operator']) retrieved from /home/airflow/.local/lib/python3.6/site-packages/airflow/example_dags/example_bash_operator.py
[2023-12-06 07:52:42,116] {logging_mixin.py:109} INFO - [2023-12-06 07:52:42,115] {dag.py:1834} INFO - Sync 1 DAGs
[2023-12-06 07:52:42,130] {logging_mixin.py:109} INFO - [2023-12-06 07:52:42,130] {dag.py:2287} INFO - Setting next_dagrun for example_bash_operator to 2023-12-04 00:00:00+00:00
[2023-12-06 07:52:42,140] {processor.py:170} INFO - Processing /home/airflow/.local/lib/python3.6/site-packages/airflow/example_dags/example_bash_operator.py took 0.061 seconds
[2023-12-06 07:53:12,584] {processor.py:162} INFO - Started process (PID=3256) to work on /home/airflow/.local/lib/python3.6/site-packages/airflow/example_dags/example_bash_operator.py
[2023-12-06 07:53:12,586] {processor.py:613} INFO - Processing file /home/airflow/.local/lib/python3.6/site-packages/airflow/example_dags/example_bash_operator.py for tasks to queue
[2023-12-06 07:53:12,587] {logging_mixin.py:109} INFO - [2023-12-06 07:53:12,587] {dagbag.py:496} INFO - Filling up the DagBag from /home/airflow/.local/lib/python3.6/site-packages/airflow/example_dags/example_bash_operator.py
[2023-12-06 07:53:12,597] {processor.py:623} INFO - DAG(s) dict_keys(['example_bash_operator']) retrieved from /home/airflow/.local/lib/python3.6/site-packages/airflow/example_dags/example_bash_operator.py
[2023-12-06 07:53:12,614] {logging_mixin.py:109} INFO - [2023-12-06 07:53:12,614] {dag.py:1834} INFO - Sync 1 DAGs
[2023-12-06 07:53:12,627] {logging_mixin.py:109} INFO - [2023-12-06 07:53:12,627] {dag.py:2287} INFO - Setting next_dagrun for example_bash_operator to 2023-12-04 00:00:00+00:00
[2023-12-06 07:53:12,638] {processor.py:170} INFO - Processing /home/airflow/.local/lib/python3.6/site-packages/airflow/example_dags/example_bash_operator.py took 0.056 seconds
[2023-12-06 07:53:43,284] {processor.py:162} INFO - Started process (PID=3461) to work on /home/airflow/.local/lib/python3.6/site-packages/airflow/example_dags/example_bash_operator.py
[2023-12-06 07:53:43,286] {processor.py:613} INFO - Processing file /home/airflow/.local/lib/python3.6/site-packages/airflow/example_dags/example_bash_operator.py for tasks to queue
[2023-12-06 07:53:43,286] {logging_mixin.py:109} INFO - [2023-12-06 07:53:43,286] {dagbag.py:496} INFO - Filling up the DagBag from /home/airflow/.local/lib/python3.6/site-packages/airflow/example_dags/example_bash_operator.py
[2023-12-06 07:53:43,297] {processor.py:623} INFO - DAG(s) dict_keys(['example_bash_operator']) retrieved from /home/airflow/.local/lib/python3.6/site-packages/airflow/example_dags/example_bash_operator.py
[2023-12-06 07:53:43,315] {logging_mixin.py:109} INFO - [2023-12-06 07:53:43,314] {dag.py:1834} INFO - Sync 1 DAGs
[2023-12-06 07:53:43,329] {logging_mixin.py:109} INFO - [2023-12-06 07:53:43,328] {dag.py:2287} INFO - Setting next_dagrun for example_bash_operator to 2023-12-04 00:00:00+00:00
[2023-12-06 07:53:43,339] {processor.py:170} INFO - Processing /home/airflow/.local/lib/python3.6/site-packages/airflow/example_dags/example_bash_operator.py took 0.057 seconds
[2023-12-06 07:54:13,933] {processor.py:162} INFO - Started process (PID=3655) to work on /home/airflow/.local/lib/python3.6/site-packages/airflow/example_dags/example_bash_operator.py
[2023-12-06 07:54:13,934] {processor.py:613} INFO - Processing file /home/airflow/.local/lib/python3.6/site-packages/airflow/example_dags/example_bash_operator.py for tasks to queue
[2023-12-06 07:54:13,935] {logging_mixin.py:109} INFO - [2023-12-06 07:54:13,935] {dagbag.py:496} INFO - Filling up the DagBag from /home/airflow/.local/lib/python3.6/site-packages/airflow/example_dags/example_bash_operator.py
[2023-12-06 07:54:13,944] {processor.py:623} INFO - DAG(s) dict_keys(['example_bash_operator']) retrieved from /home/airflow/.local/lib/python3.6/site-packages/airflow/example_dags/example_bash_operator.py
[2023-12-06 07:54:13,963] {logging_mixin.py:109} INFO - [2023-12-06 07:54:13,963] {dag.py:1834} INFO - Sync 1 DAGs
[2023-12-06 07:54:13,976] {logging_mixin.py:109} INFO - [2023-12-06 07:54:13,976] {dag.py:2287} INFO - Setting next_dagrun for example_bash_operator to 2023-12-04 00:00:00+00:00
[2023-12-06 07:54:13,987] {processor.py:170} INFO - Processing /home/airflow/.local/lib/python3.6/site-packages/airflow/example_dags/example_bash_operator.py took 0.055 seconds
[2023-12-06 07:54:44,626] {processor.py:162} INFO - Started process (PID=3857) to work on /home/airflow/.local/lib/python3.6/site-packages/airflow/example_dags/example_bash_operator.py
[2023-12-06 07:54:44,628] {processor.py:613} INFO - Processing file /home/airflow/.local/lib/python3.6/site-packages/airflow/example_dags/example_bash_operator.py for tasks to queue
[2023-12-06 07:54:44,628] {logging_mixin.py:109} INFO - [2023-12-06 07:54:44,628] {dagbag.py:496} INFO - Filling up the DagBag from /home/airflow/.local/lib/python3.6/site-packages/airflow/example_dags/example_bash_operator.py
[2023-12-06 07:54:44,639] {processor.py:623} INFO - DAG(s) dict_keys(['example_bash_operator']) retrieved from /home/airflow/.local/lib/python3.6/site-packages/airflow/example_dags/example_bash_operator.py
[2023-12-06 07:54:44,656] {logging_mixin.py:109} INFO - [2023-12-06 07:54:44,655] {dag.py:1834} INFO - Sync 1 DAGs
[2023-12-06 07:54:44,670] {logging_mixin.py:109} INFO - [2023-12-06 07:54:44,670] {dag.py:2287} INFO - Setting next_dagrun for example_bash_operator to 2023-12-04 00:00:00+00:00
[2023-12-06 07:54:44,681] {processor.py:170} INFO - Processing /home/airflow/.local/lib/python3.6/site-packages/airflow/example_dags/example_bash_operator.py took 0.057 seconds
[2023-12-06 07:55:15,296] {processor.py:162} INFO - Started process (PID=4066) to work on /home/airflow/.local/lib/python3.6/site-packages/airflow/example_dags/example_bash_operator.py
[2023-12-06 07:55:15,296] {processor.py:613} INFO - Processing file /home/airflow/.local/lib/python3.6/site-packages/airflow/example_dags/example_bash_operator.py for tasks to queue
[2023-12-06 07:55:15,297] {logging_mixin.py:109} INFO - [2023-12-06 07:55:15,297] {dagbag.py:496} INFO - Filling up the DagBag from /home/airflow/.local/lib/python3.6/site-packages/airflow/example_dags/example_bash_operator.py
[2023-12-06 07:55:15,307] {processor.py:623} INFO - DAG(s) dict_keys(['example_bash_operator']) retrieved from /home/airflow/.local/lib/python3.6/site-packages/airflow/example_dags/example_bash_operator.py
[2023-12-06 07:55:15,325] {logging_mixin.py:109} INFO - [2023-12-06 07:55:15,325] {dag.py:1834} INFO - Sync 1 DAGs
[2023-12-06 07:55:15,338] {logging_mixin.py:109} INFO - [2023-12-06 07:55:15,338] {dag.py:2287} INFO - Setting next_dagrun for example_bash_operator to 2023-12-04 00:00:00+00:00
[2023-12-06 07:55:15,349] {processor.py:170} INFO - Processing /home/airflow/.local/lib/python3.6/site-packages/airflow/example_dags/example_bash_operator.py took 0.055 seconds
[2023-12-06 07:55:45,964] {processor.py:162} INFO - Started process (PID=4261) to work on /home/airflow/.local/lib/python3.6/site-packages/airflow/example_dags/example_bash_operator.py
[2023-12-06 07:55:45,965] {processor.py:613} INFO - Processing file /home/airflow/.local/lib/python3.6/site-packages/airflow/example_dags/example_bash_operator.py for tasks to queue
[2023-12-06 07:55:45,965] {logging_mixin.py:109} INFO - [2023-12-06 07:55:45,965] {dagbag.py:496} INFO - Filling up the DagBag from /home/airflow/.local/lib/python3.6/site-packages/airflow/example_dags/example_bash_operator.py
[2023-12-06 07:55:45,976] {processor.py:623} INFO - DAG(s) dict_keys(['example_bash_operator']) retrieved from /home/airflow/.local/lib/python3.6/site-packages/airflow/example_dags/example_bash_operator.py
[2023-12-06 07:55:45,994] {logging_mixin.py:109} INFO - [2023-12-06 07:55:45,994] {dag.py:1834} INFO - Sync 1 DAGs
[2023-12-06 07:55:46,006] {logging_mixin.py:109} INFO - [2023-12-06 07:55:46,006] {dag.py:2287} INFO - Setting next_dagrun for example_bash_operator to 2023-12-04 00:00:00+00:00
[2023-12-06 07:55:46,017] {processor.py:170} INFO - Processing /home/airflow/.local/lib/python3.6/site-packages/airflow/example_dags/example_bash_operator.py took 0.055 seconds
[2023-12-06 07:56:16,647] {processor.py:162} INFO - Started process (PID=4461) to work on /home/airflow/.local/lib/python3.6/site-packages/airflow/example_dags/example_bash_operator.py
[2023-12-06 07:56:16,648] {processor.py:613} INFO - Processing file /home/airflow/.local/lib/python3.6/site-packages/airflow/example_dags/example_bash_operator.py for tasks to queue
[2023-12-06 07:56:16,649] {logging_mixin.py:109} INFO - [2023-12-06 07:56:16,649] {dagbag.py:496} INFO - Filling up the DagBag from /home/airflow/.local/lib/python3.6/site-packages/airflow/example_dags/example_bash_operator.py
[2023-12-06 07:56:16,659] {processor.py:623} INFO - DAG(s) dict_keys(['example_bash_operator']) retrieved from /home/airflow/.local/lib/python3.6/site-packages/airflow/example_dags/example_bash_operator.py
[2023-12-06 07:56:16,677] {logging_mixin.py:109} INFO - [2023-12-06 07:56:16,677] {dag.py:1834} INFO - Sync 1 DAGs
[2023-12-06 07:56:16,690] {logging_mixin.py:109} INFO - [2023-12-06 07:56:16,690] {dag.py:2287} INFO - Setting next_dagrun for example_bash_operator to 2023-12-04 00:00:00+00:00
[2023-12-06 07:56:16,703] {processor.py:170} INFO - Processing /home/airflow/.local/lib/python3.6/site-packages/airflow/example_dags/example_bash_operator.py took 0.058 seconds
[2023-12-06 07:56:47,288] {processor.py:162} INFO - Started process (PID=4656) to work on /home/airflow/.local/lib/python3.6/site-packages/airflow/example_dags/example_bash_operator.py
[2023-12-06 07:56:47,290] {processor.py:613} INFO - Processing file /home/airflow/.local/lib/python3.6/site-packages/airflow/example_dags/example_bash_operator.py for tasks to queue
[2023-12-06 07:56:47,291] {logging_mixin.py:109} INFO - [2023-12-06 07:56:47,290] {dagbag.py:496} INFO - Filling up the DagBag from /home/airflow/.local/lib/python3.6/site-packages/airflow/example_dags/example_bash_operator.py
[2023-12-06 07:56:47,303] {processor.py:623} INFO - DAG(s) dict_keys(['example_bash_operator']) retrieved from /home/airflow/.local/lib/python3.6/site-packages/airflow/example_dags/example_bash_operator.py
[2023-12-06 07:56:47,319] {logging_mixin.py:109} INFO - [2023-12-06 07:56:47,319] {dag.py:1834} INFO - Sync 1 DAGs
[2023-12-06 07:56:47,332] {logging_mixin.py:109} INFO - [2023-12-06 07:56:47,332] {dag.py:2287} INFO - Setting next_dagrun for example_bash_operator to 2023-12-04 00:00:00+00:00
[2023-12-06 07:56:47,341] {processor.py:170} INFO - Processing /home/airflow/.local/lib/python3.6/site-packages/airflow/example_dags/example_bash_operator.py took 0.055 seconds
[2023-12-06 07:57:17,953] {processor.py:162} INFO - Started process (PID=4866) to work on /home/airflow/.local/lib/python3.6/site-packages/airflow/example_dags/example_bash_operator.py
[2023-12-06 07:57:17,954] {processor.py:613} INFO - Processing file /home/airflow/.local/lib/python3.6/site-packages/airflow/example_dags/example_bash_operator.py for tasks to queue
[2023-12-06 07:57:17,954] {logging_mixin.py:109} INFO - [2023-12-06 07:57:17,954] {dagbag.py:496} INFO - Filling up the DagBag from /home/airflow/.local/lib/python3.6/site-packages/airflow/example_dags/example_bash_operator.py
[2023-12-06 07:57:17,965] {processor.py:623} INFO - DAG(s) dict_keys(['example_bash_operator']) retrieved from /home/airflow/.local/lib/python3.6/site-packages/airflow/example_dags/example_bash_operator.py
[2023-12-06 07:57:17,982] {logging_mixin.py:109} INFO - [2023-12-06 07:57:17,982] {dag.py:1834} INFO - Sync 1 DAGs
[2023-12-06 07:57:17,996] {logging_mixin.py:109} INFO - [2023-12-06 07:57:17,995] {dag.py:2287} INFO - Setting next_dagrun for example_bash_operator to 2023-12-04 00:00:00+00:00
[2023-12-06 07:57:18,006] {processor.py:170} INFO - Processing /home/airflow/.local/lib/python3.6/site-packages/airflow/example_dags/example_bash_operator.py took 0.055 seconds
[2023-12-06 07:57:48,552] {processor.py:162} INFO - Started process (PID=5071) to work on /home/airflow/.local/lib/python3.6/site-packages/airflow/example_dags/example_bash_operator.py
[2023-12-06 07:57:48,553] {processor.py:613} INFO - Processing file /home/airflow/.local/lib/python3.6/site-packages/airflow/example_dags/example_bash_operator.py for tasks to queue
[2023-12-06 07:57:48,554] {logging_mixin.py:109} INFO - [2023-12-06 07:57:48,554] {dagbag.py:496} INFO - Filling up the DagBag from /home/airflow/.local/lib/python3.6/site-packages/airflow/example_dags/example_bash_operator.py
[2023-12-06 07:57:48,564] {processor.py:623} INFO - DAG(s) dict_keys(['example_bash_operator']) retrieved from /home/airflow/.local/lib/python3.6/site-packages/airflow/example_dags/example_bash_operator.py
[2023-12-06 07:57:48,580] {logging_mixin.py:109} INFO - [2023-12-06 07:57:48,580] {dag.py:1834} INFO - Sync 1 DAGs
[2023-12-06 07:57:48,592] {logging_mixin.py:109} INFO - [2023-12-06 07:57:48,592] {dag.py:2287} INFO - Setting next_dagrun for example_bash_operator to 2023-12-04 00:00:00+00:00
[2023-12-06 07:57:48,603] {processor.py:170} INFO - Processing /home/airflow/.local/lib/python3.6/site-packages/airflow/example_dags/example_bash_operator.py took 0.053 seconds
[2023-12-06 07:58:19,226] {processor.py:162} INFO - Started process (PID=5267) to work on /home/airflow/.local/lib/python3.6/site-packages/airflow/example_dags/example_bash_operator.py
[2023-12-06 07:58:19,227] {processor.py:613} INFO - Processing file /home/airflow/.local/lib/python3.6/site-packages/airflow/example_dags/example_bash_operator.py for tasks to queue
[2023-12-06 07:58:19,228] {logging_mixin.py:109} INFO - [2023-12-06 07:58:19,228] {dagbag.py:496} INFO - Filling up the DagBag from /home/airflow/.local/lib/python3.6/site-packages/airflow/example_dags/example_bash_operator.py
[2023-12-06 07:58:19,239] {processor.py:623} INFO - DAG(s) dict_keys(['example_bash_operator']) retrieved from /home/airflow/.local/lib/python3.6/site-packages/airflow/example_dags/example_bash_operator.py
[2023-12-06 07:58:19,257] {logging_mixin.py:109} INFO - [2023-12-06 07:58:19,256] {dag.py:1834} INFO - Sync 1 DAGs
[2023-12-06 07:58:19,269] {logging_mixin.py:109} INFO - [2023-12-06 07:58:19,269] {dag.py:2287} INFO - Setting next_dagrun for example_bash_operator to 2023-12-04 00:00:00+00:00
[2023-12-06 07:58:19,279] {processor.py:170} INFO - Processing /home/airflow/.local/lib/python3.6/site-packages/airflow/example_dags/example_bash_operator.py took 0.055 seconds
[2023-12-06 07:58:49,923] {processor.py:162} INFO - Started process (PID=5469) to work on /home/airflow/.local/lib/python3.6/site-packages/airflow/example_dags/example_bash_operator.py
[2023-12-06 07:58:49,924] {processor.py:613} INFO - Processing file /home/airflow/.local/lib/python3.6/site-packages/airflow/example_dags/example_bash_operator.py for tasks to queue
[2023-12-06 07:58:49,924] {logging_mixin.py:109} INFO - [2023-12-06 07:58:49,924] {dagbag.py:496} INFO - Filling up the DagBag from /home/airflow/.local/lib/python3.6/site-packages/airflow/example_dags/example_bash_operator.py
[2023-12-06 07:58:49,935] {processor.py:623} INFO - DAG(s) dict_keys(['example_bash_operator']) retrieved from /home/airflow/.local/lib/python3.6/site-packages/airflow/example_dags/example_bash_operator.py
[2023-12-06 07:58:49,953] {logging_mixin.py:109} INFO - [2023-12-06 07:58:49,953] {dag.py:1834} INFO - Sync 1 DAGs
[2023-12-06 07:58:49,966] {logging_mixin.py:109} INFO - [2023-12-06 07:58:49,966] {dag.py:2287} INFO - Setting next_dagrun for example_bash_operator to 2023-12-04 00:00:00+00:00
[2023-12-06 07:58:49,977] {processor.py:170} INFO - Processing /home/airflow/.local/lib/python3.6/site-packages/airflow/example_dags/example_bash_operator.py took 0.056 seconds
[2023-12-06 07:59:20,586] {processor.py:162} INFO - Started process (PID=5674) to work on /home/airflow/.local/lib/python3.6/site-packages/airflow/example_dags/example_bash_operator.py
[2023-12-06 07:59:20,587] {processor.py:613} INFO - Processing file /home/airflow/.local/lib/python3.6/site-packages/airflow/example_dags/example_bash_operator.py for tasks to queue
[2023-12-06 07:59:20,588] {logging_mixin.py:109} INFO - [2023-12-06 07:59:20,587] {dagbag.py:496} INFO - Filling up the DagBag from /home/airflow/.local/lib/python3.6/site-packages/airflow/example_dags/example_bash_operator.py
[2023-12-06 07:59:20,599] {processor.py:623} INFO - DAG(s) dict_keys(['example_bash_operator']) retrieved from /home/airflow/.local/lib/python3.6/site-packages/airflow/example_dags/example_bash_operator.py
[2023-12-06 07:59:20,618] {logging_mixin.py:109} INFO - [2023-12-06 07:59:20,618] {dag.py:1834} INFO - Sync 1 DAGs
[2023-12-06 07:59:20,631] {logging_mixin.py:109} INFO - [2023-12-06 07:59:20,631] {dag.py:2287} INFO - Setting next_dagrun for example_bash_operator to 2023-12-04 00:00:00+00:00
[2023-12-06 07:59:20,643] {processor.py:170} INFO - Processing /home/airflow/.local/lib/python3.6/site-packages/airflow/example_dags/example_bash_operator.py took 0.059 seconds
[2023-12-06 07:59:51,243] {processor.py:162} INFO - Started process (PID=5872) to work on /home/airflow/.local/lib/python3.6/site-packages/airflow/example_dags/example_bash_operator.py
[2023-12-06 07:59:51,244] {processor.py:613} INFO - Processing file /home/airflow/.local/lib/python3.6/site-packages/airflow/example_dags/example_bash_operator.py for tasks to queue
[2023-12-06 07:59:51,245] {logging_mixin.py:109} INFO - [2023-12-06 07:59:51,245] {dagbag.py:496} INFO - Filling up the DagBag from /home/airflow/.local/lib/python3.6/site-packages/airflow/example_dags/example_bash_operator.py
[2023-12-06 07:59:51,256] {processor.py:623} INFO - DAG(s) dict_keys(['example_bash_operator']) retrieved from /home/airflow/.local/lib/python3.6/site-packages/airflow/example_dags/example_bash_operator.py
[2023-12-06 07:59:51,272] {logging_mixin.py:109} INFO - [2023-12-06 07:59:51,271] {dag.py:1834} INFO - Sync 1 DAGs
[2023-12-06 07:59:51,283] {logging_mixin.py:109} INFO - [2023-12-06 07:59:51,283] {dag.py:2287} INFO - Setting next_dagrun for example_bash_operator to 2023-12-04 00:00:00+00:00
[2023-12-06 07:59:51,294] {processor.py:170} INFO - Processing /home/airflow/.local/lib/python3.6/site-packages/airflow/example_dags/example_bash_operator.py took 0.053 seconds
[2023-12-06 08:00:22,042] {processor.py:162} INFO - Started process (PID=6159) to work on /home/airflow/.local/lib/python3.6/site-packages/airflow/example_dags/example_bash_operator.py
[2023-12-06 08:00:22,044] {processor.py:613} INFO - Processing file /home/airflow/.local/lib/python3.6/site-packages/airflow/example_dags/example_bash_operator.py for tasks to queue
[2023-12-06 08:00:22,044] {logging_mixin.py:109} INFO - [2023-12-06 08:00:22,044] {dagbag.py:496} INFO - Filling up the DagBag from /home/airflow/.local/lib/python3.6/site-packages/airflow/example_dags/example_bash_operator.py
[2023-12-06 08:00:22,056] {processor.py:623} INFO - DAG(s) dict_keys(['example_bash_operator']) retrieved from /home/airflow/.local/lib/python3.6/site-packages/airflow/example_dags/example_bash_operator.py
[2023-12-06 08:00:22,072] {logging_mixin.py:109} INFO - [2023-12-06 08:00:22,072] {dag.py:1834} INFO - Sync 1 DAGs
[2023-12-06 08:00:22,084] {logging_mixin.py:109} INFO - [2023-12-06 08:00:22,084] {dag.py:2287} INFO - Setting next_dagrun for example_bash_operator to 2023-12-04 00:00:00+00:00
[2023-12-06 08:00:22,096] {processor.py:170} INFO - Processing /home/airflow/.local/lib/python3.6/site-packages/airflow/example_dags/example_bash_operator.py took 0.056 seconds
[2023-12-06 08:00:52,816] {processor.py:162} INFO - Started process (PID=6361) to work on /home/airflow/.local/lib/python3.6/site-packages/airflow/example_dags/example_bash_operator.py
[2023-12-06 08:00:52,817] {processor.py:613} INFO - Processing file /home/airflow/.local/lib/python3.6/site-packages/airflow/example_dags/example_bash_operator.py for tasks to queue
[2023-12-06 08:00:52,817] {logging_mixin.py:109} INFO - [2023-12-06 08:00:52,817] {dagbag.py:496} INFO - Filling up the DagBag from /home/airflow/.local/lib/python3.6/site-packages/airflow/example_dags/example_bash_operator.py
[2023-12-06 08:00:52,829] {processor.py:623} INFO - DAG(s) dict_keys(['example_bash_operator']) retrieved from /home/airflow/.local/lib/python3.6/site-packages/airflow/example_dags/example_bash_operator.py
[2023-12-06 08:00:52,847] {logging_mixin.py:109} INFO - [2023-12-06 08:00:52,847] {dag.py:1834} INFO - Sync 1 DAGs
[2023-12-06 08:00:52,861] {logging_mixin.py:109} INFO - [2023-12-06 08:00:52,861] {dag.py:2287} INFO - Setting next_dagrun for example_bash_operator to 2023-12-04 00:00:00+00:00
[2023-12-06 08:00:52,871] {processor.py:170} INFO - Processing /home/airflow/.local/lib/python3.6/site-packages/airflow/example_dags/example_bash_operator.py took 0.058 seconds
[2023-12-06 08:01:23,594] {processor.py:162} INFO - Started process (PID=6557) to work on /home/airflow/.local/lib/python3.6/site-packages/airflow/example_dags/example_bash_operator.py
[2023-12-06 08:01:23,596] {processor.py:613} INFO - Processing file /home/airflow/.local/lib/python3.6/site-packages/airflow/example_dags/example_bash_operator.py for tasks to queue
[2023-12-06 08:01:23,596] {logging_mixin.py:109} INFO - [2023-12-06 08:01:23,596] {dagbag.py:496} INFO - Filling up the DagBag from /home/airflow/.local/lib/python3.6/site-packages/airflow/example_dags/example_bash_operator.py
[2023-12-06 08:01:23,607] {processor.py:623} INFO - DAG(s) dict_keys(['example_bash_operator']) retrieved from /home/airflow/.local/lib/python3.6/site-packages/airflow/example_dags/example_bash_operator.py
[2023-12-06 08:01:23,624] {logging_mixin.py:109} INFO - [2023-12-06 08:01:23,624] {dag.py:1834} INFO - Sync 1 DAGs
[2023-12-06 08:01:23,636] {logging_mixin.py:109} INFO - [2023-12-06 08:01:23,636] {dag.py:2287} INFO - Setting next_dagrun for example_bash_operator to 2023-12-04 00:00:00+00:00
[2023-12-06 08:01:23,646] {processor.py:170} INFO - Processing /home/airflow/.local/lib/python3.6/site-packages/airflow/example_dags/example_bash_operator.py took 0.054 seconds
[2023-12-06 08:01:54,256] {processor.py:162} INFO - Started process (PID=6767) to work on /home/airflow/.local/lib/python3.6/site-packages/airflow/example_dags/example_bash_operator.py
[2023-12-06 08:01:54,257] {processor.py:613} INFO - Processing file /home/airflow/.local/lib/python3.6/site-packages/airflow/example_dags/example_bash_operator.py for tasks to queue
[2023-12-06 08:01:54,257] {logging_mixin.py:109} INFO - [2023-12-06 08:01:54,257] {dagbag.py:496} INFO - Filling up the DagBag from /home/airflow/.local/lib/python3.6/site-packages/airflow/example_dags/example_bash_operator.py
[2023-12-06 08:01:54,268] {processor.py:623} INFO - DAG(s) dict_keys(['example_bash_operator']) retrieved from /home/airflow/.local/lib/python3.6/site-packages/airflow/example_dags/example_bash_operator.py
[2023-12-06 08:01:54,285] {logging_mixin.py:109} INFO - [2023-12-06 08:01:54,285] {dag.py:1834} INFO - Sync 1 DAGs
[2023-12-06 08:01:54,297] {logging_mixin.py:109} INFO - [2023-12-06 08:01:54,297] {dag.py:2287} INFO - Setting next_dagrun for example_bash_operator to 2023-12-04 00:00:00+00:00
[2023-12-06 08:01:54,307] {processor.py:170} INFO - Processing /home/airflow/.local/lib/python3.6/site-packages/airflow/example_dags/example_bash_operator.py took 0.053 seconds
[2023-12-06 08:02:24,881] {processor.py:162} INFO - Started process (PID=6963) to work on /home/airflow/.local/lib/python3.6/site-packages/airflow/example_dags/example_bash_operator.py
[2023-12-06 08:02:24,882] {processor.py:613} INFO - Processing file /home/airflow/.local/lib/python3.6/site-packages/airflow/example_dags/example_bash_operator.py for tasks to queue
[2023-12-06 08:02:24,883] {logging_mixin.py:109} INFO - [2023-12-06 08:02:24,883] {dagbag.py:496} INFO - Filling up the DagBag from /home/airflow/.local/lib/python3.6/site-packages/airflow/example_dags/example_bash_operator.py
[2023-12-06 08:02:24,894] {processor.py:623} INFO - DAG(s) dict_keys(['example_bash_operator']) retrieved from /home/airflow/.local/lib/python3.6/site-packages/airflow/example_dags/example_bash_operator.py
[2023-12-06 08:02:24,912] {logging_mixin.py:109} INFO - [2023-12-06 08:02:24,912] {dag.py:1834} INFO - Sync 1 DAGs
[2023-12-06 08:02:24,925] {logging_mixin.py:109} INFO - [2023-12-06 08:02:24,925] {dag.py:2287} INFO - Setting next_dagrun for example_bash_operator to 2023-12-04 00:00:00+00:00
[2023-12-06 08:02:24,936] {processor.py:170} INFO - Processing /home/airflow/.local/lib/python3.6/site-packages/airflow/example_dags/example_bash_operator.py took 0.057 seconds
[2023-12-06 08:02:55,659] {processor.py:162} INFO - Started process (PID=7168) to work on /home/airflow/.local/lib/python3.6/site-packages/airflow/example_dags/example_bash_operator.py
[2023-12-06 08:02:55,660] {processor.py:613} INFO - Processing file /home/airflow/.local/lib/python3.6/site-packages/airflow/example_dags/example_bash_operator.py for tasks to queue
[2023-12-06 08:02:55,661] {logging_mixin.py:109} INFO - [2023-12-06 08:02:55,661] {dagbag.py:496} INFO - Filling up the DagBag from /home/airflow/.local/lib/python3.6/site-packages/airflow/example_dags/example_bash_operator.py
[2023-12-06 08:02:55,671] {processor.py:623} INFO - DAG(s) dict_keys(['example_bash_operator']) retrieved from /home/airflow/.local/lib/python3.6/site-packages/airflow/example_dags/example_bash_operator.py
[2023-12-06 08:02:55,688] {logging_mixin.py:109} INFO - [2023-12-06 08:02:55,687] {dag.py:1834} INFO - Sync 1 DAGs
[2023-12-06 08:02:55,700] {logging_mixin.py:109} INFO - [2023-12-06 08:02:55,700] {dag.py:2287} INFO - Setting next_dagrun for example_bash_operator to 2023-12-04 00:00:00+00:00
[2023-12-06 08:02:55,711] {processor.py:170} INFO - Processing /home/airflow/.local/lib/python3.6/site-packages/airflow/example_dags/example_bash_operator.py took 0.054 seconds
[2023-12-06 08:03:26,346] {processor.py:162} INFO - Started process (PID=7374) to work on /home/airflow/.local/lib/python3.6/site-packages/airflow/example_dags/example_bash_operator.py
[2023-12-06 08:03:26,348] {processor.py:613} INFO - Processing file /home/airflow/.local/lib/python3.6/site-packages/airflow/example_dags/example_bash_operator.py for tasks to queue
[2023-12-06 08:03:26,349] {logging_mixin.py:109} INFO - [2023-12-06 08:03:26,349] {dagbag.py:496} INFO - Filling up the DagBag from /home/airflow/.local/lib/python3.6/site-packages/airflow/example_dags/example_bash_operator.py
[2023-12-06 08:03:26,358] {processor.py:623} INFO - DAG(s) dict_keys(['example_bash_operator']) retrieved from /home/airflow/.local/lib/python3.6/site-packages/airflow/example_dags/example_bash_operator.py
[2023-12-06 08:03:26,374] {logging_mixin.py:109} INFO - [2023-12-06 08:03:26,374] {dag.py:1834} INFO - Sync 1 DAGs
[2023-12-06 08:03:26,387] {logging_mixin.py:109} INFO - [2023-12-06 08:03:26,387] {dag.py:2287} INFO - Setting next_dagrun for example_bash_operator to 2023-12-04 00:00:00+00:00
[2023-12-06 08:03:26,397] {processor.py:170} INFO - Processing /home/airflow/.local/lib/python3.6/site-packages/airflow/example_dags/example_bash_operator.py took 0.053 seconds
[2023-12-06 08:03:57,000] {processor.py:162} INFO - Started process (PID=7569) to work on /home/airflow/.local/lib/python3.6/site-packages/airflow/example_dags/example_bash_operator.py
[2023-12-06 08:03:57,000] {processor.py:613} INFO - Processing file /home/airflow/.local/lib/python3.6/site-packages/airflow/example_dags/example_bash_operator.py for tasks to queue
[2023-12-06 08:03:57,001] {logging_mixin.py:109} INFO - [2023-12-06 08:03:57,001] {dagbag.py:496} INFO - Filling up the DagBag from /home/airflow/.local/lib/python3.6/site-packages/airflow/example_dags/example_bash_operator.py
[2023-12-06 08:03:57,011] {processor.py:623} INFO - DAG(s) dict_keys(['example_bash_operator']) retrieved from /home/airflow/.local/lib/python3.6/site-packages/airflow/example_dags/example_bash_operator.py
[2023-12-06 08:03:57,028] {logging_mixin.py:109} INFO - [2023-12-06 08:03:57,028] {dag.py:1834} INFO - Sync 1 DAGs
[2023-12-06 08:03:57,040] {logging_mixin.py:109} INFO - [2023-12-06 08:03:57,040] {dag.py:2287} INFO - Setting next_dagrun for example_bash_operator to 2023-12-04 00:00:00+00:00
[2023-12-06 08:03:57,050] {processor.py:170} INFO - Processing /home/airflow/.local/lib/python3.6/site-packages/airflow/example_dags/example_bash_operator.py took 0.052 seconds
[2023-12-06 08:04:27,495] {processor.py:162} INFO - Started process (PID=7774) to work on /home/airflow/.local/lib/python3.6/site-packages/airflow/example_dags/example_bash_operator.py
[2023-12-06 08:04:27,496] {processor.py:613} INFO - Processing file /home/airflow/.local/lib/python3.6/site-packages/airflow/example_dags/example_bash_operator.py for tasks to queue
[2023-12-06 08:04:27,497] {logging_mixin.py:109} INFO - [2023-12-06 08:04:27,497] {dagbag.py:496} INFO - Filling up the DagBag from /home/airflow/.local/lib/python3.6/site-packages/airflow/example_dags/example_bash_operator.py
[2023-12-06 08:04:27,507] {processor.py:623} INFO - DAG(s) dict_keys(['example_bash_operator']) retrieved from /home/airflow/.local/lib/python3.6/site-packages/airflow/example_dags/example_bash_operator.py
[2023-12-06 08:04:27,526] {logging_mixin.py:109} INFO - [2023-12-06 08:04:27,526] {dag.py:1834} INFO - Sync 1 DAGs
[2023-12-06 08:04:27,539] {logging_mixin.py:109} INFO - [2023-12-06 08:04:27,539] {dag.py:2287} INFO - Setting next_dagrun for example_bash_operator to 2023-12-04 00:00:00+00:00
[2023-12-06 08:04:27,551] {processor.py:170} INFO - Processing /home/airflow/.local/lib/python3.6/site-packages/airflow/example_dags/example_bash_operator.py took 0.057 seconds
[2023-12-06 08:04:58,056] {processor.py:162} INFO - Started process (PID=7977) to work on /home/airflow/.local/lib/python3.6/site-packages/airflow/example_dags/example_bash_operator.py
[2023-12-06 08:04:58,057] {processor.py:613} INFO - Processing file /home/airflow/.local/lib/python3.6/site-packages/airflow/example_dags/example_bash_operator.py for tasks to queue
[2023-12-06 08:04:58,058] {logging_mixin.py:109} INFO - [2023-12-06 08:04:58,058] {dagbag.py:496} INFO - Filling up the DagBag from /home/airflow/.local/lib/python3.6/site-packages/airflow/example_dags/example_bash_operator.py
[2023-12-06 08:04:58,068] {processor.py:623} INFO - DAG(s) dict_keys(['example_bash_operator']) retrieved from /home/airflow/.local/lib/python3.6/site-packages/airflow/example_dags/example_bash_operator.py
[2023-12-06 08:04:58,087] {logging_mixin.py:109} INFO - [2023-12-06 08:04:58,087] {dag.py:1834} INFO - Sync 1 DAGs
[2023-12-06 08:04:58,102] {logging_mixin.py:109} INFO - [2023-12-06 08:04:58,102] {dag.py:2287} INFO - Setting next_dagrun for example_bash_operator to 2023-12-04 00:00:00+00:00
[2023-12-06 08:04:58,114] {processor.py:170} INFO - Processing /home/airflow/.local/lib/python3.6/site-packages/airflow/example_dags/example_bash_operator.py took 0.060 seconds
[2023-12-06 08:05:28,583] {processor.py:162} INFO - Started process (PID=8173) to work on /home/airflow/.local/lib/python3.6/site-packages/airflow/example_dags/example_bash_operator.py
[2023-12-06 08:05:28,584] {processor.py:613} INFO - Processing file /home/airflow/.local/lib/python3.6/site-packages/airflow/example_dags/example_bash_operator.py for tasks to queue
[2023-12-06 08:05:28,584] {logging_mixin.py:109} INFO - [2023-12-06 08:05:28,584] {dagbag.py:496} INFO - Filling up the DagBag from /home/airflow/.local/lib/python3.6/site-packages/airflow/example_dags/example_bash_operator.py
[2023-12-06 08:05:28,595] {processor.py:623} INFO - DAG(s) dict_keys(['example_bash_operator']) retrieved from /home/airflow/.local/lib/python3.6/site-packages/airflow/example_dags/example_bash_operator.py
[2023-12-06 08:05:28,612] {logging_mixin.py:109} INFO - [2023-12-06 08:05:28,612] {dag.py:1834} INFO - Sync 1 DAGs
[2023-12-06 08:05:28,625] {logging_mixin.py:109} INFO - [2023-12-06 08:05:28,625] {dag.py:2287} INFO - Setting next_dagrun for example_bash_operator to 2023-12-04 00:00:00+00:00
[2023-12-06 08:05:28,635] {processor.py:170} INFO - Processing /home/airflow/.local/lib/python3.6/site-packages/airflow/example_dags/example_bash_operator.py took 0.054 seconds
[2023-12-06 08:05:59,259] {processor.py:162} INFO - Started process (PID=8378) to work on /home/airflow/.local/lib/python3.6/site-packages/airflow/example_dags/example_bash_operator.py
[2023-12-06 08:05:59,260] {processor.py:613} INFO - Processing file /home/airflow/.local/lib/python3.6/site-packages/airflow/example_dags/example_bash_operator.py for tasks to queue
[2023-12-06 08:05:59,261] {logging_mixin.py:109} INFO - [2023-12-06 08:05:59,260] {dagbag.py:496} INFO - Filling up the DagBag from /home/airflow/.local/lib/python3.6/site-packages/airflow/example_dags/example_bash_operator.py
[2023-12-06 08:05:59,270] {processor.py:623} INFO - DAG(s) dict_keys(['example_bash_operator']) retrieved from /home/airflow/.local/lib/python3.6/site-packages/airflow/example_dags/example_bash_operator.py
[2023-12-06 08:05:59,287] {logging_mixin.py:109} INFO - [2023-12-06 08:05:59,287] {dag.py:1834} INFO - Sync 1 DAGs
[2023-12-06 08:05:59,300] {logging_mixin.py:109} INFO - [2023-12-06 08:05:59,300] {dag.py:2287} INFO - Setting next_dagrun for example_bash_operator to 2023-12-04 00:00:00+00:00
[2023-12-06 08:05:59,311] {processor.py:170} INFO - Processing /home/airflow/.local/lib/python3.6/site-packages/airflow/example_dags/example_bash_operator.py took 0.054 seconds
[2023-12-06 08:06:29,923] {processor.py:162} INFO - Started process (PID=8573) to work on /home/airflow/.local/lib/python3.6/site-packages/airflow/example_dags/example_bash_operator.py
[2023-12-06 08:06:29,924] {processor.py:613} INFO - Processing file /home/airflow/.local/lib/python3.6/site-packages/airflow/example_dags/example_bash_operator.py for tasks to queue
[2023-12-06 08:06:29,925] {logging_mixin.py:109} INFO - [2023-12-06 08:06:29,925] {dagbag.py:496} INFO - Filling up the DagBag from /home/airflow/.local/lib/python3.6/site-packages/airflow/example_dags/example_bash_operator.py
[2023-12-06 08:06:29,935] {processor.py:623} INFO - DAG(s) dict_keys(['example_bash_operator']) retrieved from /home/airflow/.local/lib/python3.6/site-packages/airflow/example_dags/example_bash_operator.py
[2023-12-06 08:06:29,953] {logging_mixin.py:109} INFO - [2023-12-06 08:06:29,952] {dag.py:1834} INFO - Sync 1 DAGs
[2023-12-06 08:06:29,966] {logging_mixin.py:109} INFO - [2023-12-06 08:06:29,965] {dag.py:2287} INFO - Setting next_dagrun for example_bash_operator to 2023-12-04 00:00:00+00:00
[2023-12-06 08:06:29,975] {processor.py:170} INFO - Processing /home/airflow/.local/lib/python3.6/site-packages/airflow/example_dags/example_bash_operator.py took 0.054 seconds
[2023-12-06 08:07:00,575] {processor.py:162} INFO - Started process (PID=8773) to work on /home/airflow/.local/lib/python3.6/site-packages/airflow/example_dags/example_bash_operator.py
[2023-12-06 08:07:00,576] {processor.py:613} INFO - Processing file /home/airflow/.local/lib/python3.6/site-packages/airflow/example_dags/example_bash_operator.py for tasks to queue
[2023-12-06 08:07:00,576] {logging_mixin.py:109} INFO - [2023-12-06 08:07:00,576] {dagbag.py:496} INFO - Filling up the DagBag from /home/airflow/.local/lib/python3.6/site-packages/airflow/example_dags/example_bash_operator.py
[2023-12-06 08:07:00,587] {processor.py:623} INFO - DAG(s) dict_keys(['example_bash_operator']) retrieved from /home/airflow/.local/lib/python3.6/site-packages/airflow/example_dags/example_bash_operator.py
[2023-12-06 08:07:00,607] {logging_mixin.py:109} INFO - [2023-12-06 08:07:00,606] {dag.py:1834} INFO - Sync 1 DAGs
[2023-12-06 08:07:00,620] {logging_mixin.py:109} INFO - [2023-12-06 08:07:00,620] {dag.py:2287} INFO - Setting next_dagrun for example_bash_operator to 2023-12-04 00:00:00+00:00
[2023-12-06 08:07:00,630] {processor.py:170} INFO - Processing /home/airflow/.local/lib/python3.6/site-packages/airflow/example_dags/example_bash_operator.py took 0.057 seconds
[2023-12-06 08:07:31,139] {processor.py:162} INFO - Started process (PID=8983) to work on /home/airflow/.local/lib/python3.6/site-packages/airflow/example_dags/example_bash_operator.py
[2023-12-06 08:07:31,140] {processor.py:613} INFO - Processing file /home/airflow/.local/lib/python3.6/site-packages/airflow/example_dags/example_bash_operator.py for tasks to queue
[2023-12-06 08:07:31,140] {logging_mixin.py:109} INFO - [2023-12-06 08:07:31,140] {dagbag.py:496} INFO - Filling up the DagBag from /home/airflow/.local/lib/python3.6/site-packages/airflow/example_dags/example_bash_operator.py
[2023-12-06 08:07:31,150] {processor.py:623} INFO - DAG(s) dict_keys(['example_bash_operator']) retrieved from /home/airflow/.local/lib/python3.6/site-packages/airflow/example_dags/example_bash_operator.py
[2023-12-06 08:07:31,167] {logging_mixin.py:109} INFO - [2023-12-06 08:07:31,166] {dag.py:1834} INFO - Sync 1 DAGs
[2023-12-06 08:07:31,179] {logging_mixin.py:109} INFO - [2023-12-06 08:07:31,178] {dag.py:2287} INFO - Setting next_dagrun for example_bash_operator to 2023-12-04 00:00:00+00:00
[2023-12-06 08:07:31,189] {processor.py:170} INFO - Processing /home/airflow/.local/lib/python3.6/site-packages/airflow/example_dags/example_bash_operator.py took 0.052 seconds
