[2023-12-06 07:46:05,602] {processor.py:162} INFO - Started process (PID=406) to work on /home/airflow/.local/lib/python3.6/site-packages/airflow/example_dags/example_xcomargs.py
[2023-12-06 07:46:05,603] {processor.py:613} INFO - Processing file /home/airflow/.local/lib/python3.6/site-packages/airflow/example_dags/example_xcomargs.py for tasks to queue
[2023-12-06 07:46:05,604] {logging_mixin.py:109} INFO - [2023-12-06 07:46:05,604] {dagbag.py:496} INFO - Filling up the DagBag from /home/airflow/.local/lib/python3.6/site-packages/airflow/example_dags/example_xcomargs.py
[2023-12-06 07:46:05,620] {processor.py:623} INFO - DAG(s) dict_keys(['example_xcom_args', 'example_xcom_args_with_operators']) retrieved from /home/airflow/.local/lib/python3.6/site-packages/airflow/example_dags/example_xcomargs.py
[2023-12-06 07:46:05,840] {logging_mixin.py:109} INFO - [2023-12-06 07:46:05,840] {dag.py:1834} INFO - Sync 2 DAGs
[2023-12-06 07:46:05,853] {logging_mixin.py:109} INFO - [2023-12-06 07:46:05,853] {dag.py:2287} INFO - Setting next_dagrun for example_xcom_args to None
[2023-12-06 07:46:05,854] {logging_mixin.py:109} INFO - [2023-12-06 07:46:05,854] {dag.py:2287} INFO - Setting next_dagrun for example_xcom_args_with_operators to None
[2023-12-06 07:46:05,869] {processor.py:170} INFO - Processing /home/airflow/.local/lib/python3.6/site-packages/airflow/example_dags/example_xcomargs.py took 0.269 seconds
[2023-12-06 07:46:36,534] {processor.py:162} INFO - Started process (PID=686) to work on /home/airflow/.local/lib/python3.6/site-packages/airflow/example_dags/example_xcomargs.py
[2023-12-06 07:46:36,535] {processor.py:613} INFO - Processing file /home/airflow/.local/lib/python3.6/site-packages/airflow/example_dags/example_xcomargs.py for tasks to queue
[2023-12-06 07:46:36,536] {logging_mixin.py:109} INFO - [2023-12-06 07:46:36,535] {dagbag.py:496} INFO - Filling up the DagBag from /home/airflow/.local/lib/python3.6/site-packages/airflow/example_dags/example_xcomargs.py
[2023-12-06 07:46:36,550] {processor.py:623} INFO - DAG(s) dict_keys(['example_xcom_args', 'example_xcom_args_with_operators']) retrieved from /home/airflow/.local/lib/python3.6/site-packages/airflow/example_dags/example_xcomargs.py
[2023-12-06 07:46:36,701] {logging_mixin.py:109} INFO - [2023-12-06 07:46:36,701] {dag.py:1834} INFO - Sync 2 DAGs
[2023-12-06 07:46:36,711] {logging_mixin.py:109} INFO - [2023-12-06 07:46:36,711] {dag.py:2287} INFO - Setting next_dagrun for example_xcom_args to None
[2023-12-06 07:46:36,712] {logging_mixin.py:109} INFO - [2023-12-06 07:46:36,711] {dag.py:2287} INFO - Setting next_dagrun for example_xcom_args_with_operators to None
[2023-12-06 07:46:36,723] {processor.py:170} INFO - Processing /home/airflow/.local/lib/python3.6/site-packages/airflow/example_dags/example_xcomargs.py took 0.191 seconds
[2023-12-06 07:47:07,217] {processor.py:162} INFO - Started process (PID=891) to work on /home/airflow/.local/lib/python3.6/site-packages/airflow/example_dags/example_xcomargs.py
[2023-12-06 07:47:07,219] {processor.py:613} INFO - Processing file /home/airflow/.local/lib/python3.6/site-packages/airflow/example_dags/example_xcomargs.py for tasks to queue
[2023-12-06 07:47:07,221] {logging_mixin.py:109} INFO - [2023-12-06 07:47:07,220] {dagbag.py:496} INFO - Filling up the DagBag from /home/airflow/.local/lib/python3.6/site-packages/airflow/example_dags/example_xcomargs.py
[2023-12-06 07:47:07,249] {processor.py:623} INFO - DAG(s) dict_keys(['example_xcom_args', 'example_xcom_args_with_operators']) retrieved from /home/airflow/.local/lib/python3.6/site-packages/airflow/example_dags/example_xcomargs.py
[2023-12-06 07:47:07,430] {logging_mixin.py:109} INFO - [2023-12-06 07:47:07,429] {dag.py:1834} INFO - Sync 2 DAGs
[2023-12-06 07:47:07,442] {logging_mixin.py:109} INFO - [2023-12-06 07:47:07,442] {dag.py:2287} INFO - Setting next_dagrun for example_xcom_args to None
[2023-12-06 07:47:07,443] {logging_mixin.py:109} INFO - [2023-12-06 07:47:07,443] {dag.py:2287} INFO - Setting next_dagrun for example_xcom_args_with_operators to None
[2023-12-06 07:47:07,460] {processor.py:170} INFO - Processing /home/airflow/.local/lib/python3.6/site-packages/airflow/example_dags/example_xcomargs.py took 0.246 seconds
[2023-12-06 07:47:37,768] {processor.py:162} INFO - Started process (PID=1086) to work on /home/airflow/.local/lib/python3.6/site-packages/airflow/example_dags/example_xcomargs.py
[2023-12-06 07:47:37,770] {processor.py:613} INFO - Processing file /home/airflow/.local/lib/python3.6/site-packages/airflow/example_dags/example_xcomargs.py for tasks to queue
[2023-12-06 07:47:37,770] {logging_mixin.py:109} INFO - [2023-12-06 07:47:37,770] {dagbag.py:496} INFO - Filling up the DagBag from /home/airflow/.local/lib/python3.6/site-packages/airflow/example_dags/example_xcomargs.py
[2023-12-06 07:47:37,786] {processor.py:623} INFO - DAG(s) dict_keys(['example_xcom_args', 'example_xcom_args_with_operators']) retrieved from /home/airflow/.local/lib/python3.6/site-packages/airflow/example_dags/example_xcomargs.py
[2023-12-06 07:47:37,941] {logging_mixin.py:109} INFO - [2023-12-06 07:47:37,941] {dag.py:1834} INFO - Sync 2 DAGs
[2023-12-06 07:47:37,950] {logging_mixin.py:109} INFO - [2023-12-06 07:47:37,950] {dag.py:2287} INFO - Setting next_dagrun for example_xcom_args to None
[2023-12-06 07:47:37,950] {logging_mixin.py:109} INFO - [2023-12-06 07:47:37,950] {dag.py:2287} INFO - Setting next_dagrun for example_xcom_args_with_operators to None
[2023-12-06 07:47:37,962] {processor.py:170} INFO - Processing /home/airflow/.local/lib/python3.6/site-packages/airflow/example_dags/example_xcomargs.py took 0.196 seconds
[2023-12-06 07:48:08,363] {processor.py:162} INFO - Started process (PID=1290) to work on /home/airflow/.local/lib/python3.6/site-packages/airflow/example_dags/example_xcomargs.py
[2023-12-06 07:48:08,364] {processor.py:613} INFO - Processing file /home/airflow/.local/lib/python3.6/site-packages/airflow/example_dags/example_xcomargs.py for tasks to queue
[2023-12-06 07:48:08,364] {logging_mixin.py:109} INFO - [2023-12-06 07:48:08,364] {dagbag.py:496} INFO - Filling up the DagBag from /home/airflow/.local/lib/python3.6/site-packages/airflow/example_dags/example_xcomargs.py
[2023-12-06 07:48:08,379] {processor.py:623} INFO - DAG(s) dict_keys(['example_xcom_args', 'example_xcom_args_with_operators']) retrieved from /home/airflow/.local/lib/python3.6/site-packages/airflow/example_dags/example_xcomargs.py
[2023-12-06 07:48:08,536] {logging_mixin.py:109} INFO - [2023-12-06 07:48:08,536] {dag.py:1834} INFO - Sync 2 DAGs
[2023-12-06 07:48:08,548] {logging_mixin.py:109} INFO - [2023-12-06 07:48:08,548] {dag.py:2287} INFO - Setting next_dagrun for example_xcom_args to None
[2023-12-06 07:48:08,549] {logging_mixin.py:109} INFO - [2023-12-06 07:48:08,549] {dag.py:2287} INFO - Setting next_dagrun for example_xcom_args_with_operators to None
[2023-12-06 07:48:08,563] {processor.py:170} INFO - Processing /home/airflow/.local/lib/python3.6/site-packages/airflow/example_dags/example_xcomargs.py took 0.202 seconds
[2023-12-06 07:48:39,065] {processor.py:162} INFO - Started process (PID=1496) to work on /home/airflow/.local/lib/python3.6/site-packages/airflow/example_dags/example_xcomargs.py
[2023-12-06 07:48:39,066] {processor.py:613} INFO - Processing file /home/airflow/.local/lib/python3.6/site-packages/airflow/example_dags/example_xcomargs.py for tasks to queue
[2023-12-06 07:48:39,067] {logging_mixin.py:109} INFO - [2023-12-06 07:48:39,067] {dagbag.py:496} INFO - Filling up the DagBag from /home/airflow/.local/lib/python3.6/site-packages/airflow/example_dags/example_xcomargs.py
[2023-12-06 07:48:39,083] {processor.py:623} INFO - DAG(s) dict_keys(['example_xcom_args', 'example_xcom_args_with_operators']) retrieved from /home/airflow/.local/lib/python3.6/site-packages/airflow/example_dags/example_xcomargs.py
[2023-12-06 07:48:39,234] {logging_mixin.py:109} INFO - [2023-12-06 07:48:39,234] {dag.py:1834} INFO - Sync 2 DAGs
[2023-12-06 07:48:39,245] {logging_mixin.py:109} INFO - [2023-12-06 07:48:39,245] {dag.py:2287} INFO - Setting next_dagrun for example_xcom_args to None
[2023-12-06 07:48:39,245] {logging_mixin.py:109} INFO - [2023-12-06 07:48:39,245] {dag.py:2287} INFO - Setting next_dagrun for example_xcom_args_with_operators to None
[2023-12-06 07:48:39,258] {processor.py:170} INFO - Processing /home/airflow/.local/lib/python3.6/site-packages/airflow/example_dags/example_xcomargs.py took 0.195 seconds
[2023-12-06 07:49:09,639] {processor.py:162} INFO - Started process (PID=1691) to work on /home/airflow/.local/lib/python3.6/site-packages/airflow/example_dags/example_xcomargs.py
[2023-12-06 07:49:09,640] {processor.py:613} INFO - Processing file /home/airflow/.local/lib/python3.6/site-packages/airflow/example_dags/example_xcomargs.py for tasks to queue
[2023-12-06 07:49:09,640] {logging_mixin.py:109} INFO - [2023-12-06 07:49:09,640] {dagbag.py:496} INFO - Filling up the DagBag from /home/airflow/.local/lib/python3.6/site-packages/airflow/example_dags/example_xcomargs.py
[2023-12-06 07:49:09,655] {processor.py:623} INFO - DAG(s) dict_keys(['example_xcom_args', 'example_xcom_args_with_operators']) retrieved from /home/airflow/.local/lib/python3.6/site-packages/airflow/example_dags/example_xcomargs.py
[2023-12-06 07:49:09,810] {logging_mixin.py:109} INFO - [2023-12-06 07:49:09,809] {dag.py:1834} INFO - Sync 2 DAGs
[2023-12-06 07:49:09,820] {logging_mixin.py:109} INFO - [2023-12-06 07:49:09,819] {dag.py:2287} INFO - Setting next_dagrun for example_xcom_args to None
[2023-12-06 07:49:09,820] {logging_mixin.py:109} INFO - [2023-12-06 07:49:09,820] {dag.py:2287} INFO - Setting next_dagrun for example_xcom_args_with_operators to None
[2023-12-06 07:49:09,833] {processor.py:170} INFO - Processing /home/airflow/.local/lib/python3.6/site-packages/airflow/example_dags/example_xcomargs.py took 0.196 seconds
[2023-12-06 07:49:40,314] {processor.py:162} INFO - Started process (PID=1896) to work on /home/airflow/.local/lib/python3.6/site-packages/airflow/example_dags/example_xcomargs.py
[2023-12-06 07:49:40,315] {processor.py:613} INFO - Processing file /home/airflow/.local/lib/python3.6/site-packages/airflow/example_dags/example_xcomargs.py for tasks to queue
[2023-12-06 07:49:40,316] {logging_mixin.py:109} INFO - [2023-12-06 07:49:40,316] {dagbag.py:496} INFO - Filling up the DagBag from /home/airflow/.local/lib/python3.6/site-packages/airflow/example_dags/example_xcomargs.py
[2023-12-06 07:49:40,331] {processor.py:623} INFO - DAG(s) dict_keys(['example_xcom_args', 'example_xcom_args_with_operators']) retrieved from /home/airflow/.local/lib/python3.6/site-packages/airflow/example_dags/example_xcomargs.py
[2023-12-06 07:49:40,353] {logging_mixin.py:109} INFO - [2023-12-06 07:49:40,353] {dag.py:1834} INFO - Sync 2 DAGs
[2023-12-06 07:49:40,365] {logging_mixin.py:109} INFO - [2023-12-06 07:49:40,365] {dag.py:2287} INFO - Setting next_dagrun for example_xcom_args to None
[2023-12-06 07:49:40,365] {logging_mixin.py:109} INFO - [2023-12-06 07:49:40,365] {dag.py:2287} INFO - Setting next_dagrun for example_xcom_args_with_operators to None
[2023-12-06 07:49:40,375] {processor.py:170} INFO - Processing /home/airflow/.local/lib/python3.6/site-packages/airflow/example_dags/example_xcomargs.py took 0.064 seconds
[2023-12-06 07:50:11,043] {processor.py:162} INFO - Started process (PID=2100) to work on /home/airflow/.local/lib/python3.6/site-packages/airflow/example_dags/example_xcomargs.py
[2023-12-06 07:50:11,044] {processor.py:613} INFO - Processing file /home/airflow/.local/lib/python3.6/site-packages/airflow/example_dags/example_xcomargs.py for tasks to queue
[2023-12-06 07:50:11,045] {logging_mixin.py:109} INFO - [2023-12-06 07:50:11,045] {dagbag.py:496} INFO - Filling up the DagBag from /home/airflow/.local/lib/python3.6/site-packages/airflow/example_dags/example_xcomargs.py
[2023-12-06 07:50:11,064] {processor.py:623} INFO - DAG(s) dict_keys(['example_xcom_args', 'example_xcom_args_with_operators']) retrieved from /home/airflow/.local/lib/python3.6/site-packages/airflow/example_dags/example_xcomargs.py
[2023-12-06 07:50:11,235] {logging_mixin.py:109} INFO - [2023-12-06 07:50:11,235] {dag.py:1834} INFO - Sync 2 DAGs
[2023-12-06 07:50:11,245] {logging_mixin.py:109} INFO - [2023-12-06 07:50:11,245] {dag.py:2287} INFO - Setting next_dagrun for example_xcom_args to None
[2023-12-06 07:50:11,246] {logging_mixin.py:109} INFO - [2023-12-06 07:50:11,246] {dag.py:2287} INFO - Setting next_dagrun for example_xcom_args_with_operators to None
[2023-12-06 07:50:11,258] {processor.py:170} INFO - Processing /home/airflow/.local/lib/python3.6/site-packages/airflow/example_dags/example_xcomargs.py took 0.219 seconds
[2023-12-06 07:50:41,430] {processor.py:162} INFO - Started process (PID=2296) to work on /home/airflow/.local/lib/python3.6/site-packages/airflow/example_dags/example_xcomargs.py
[2023-12-06 07:50:41,431] {processor.py:613} INFO - Processing file /home/airflow/.local/lib/python3.6/site-packages/airflow/example_dags/example_xcomargs.py for tasks to queue
[2023-12-06 07:50:41,431] {logging_mixin.py:109} INFO - [2023-12-06 07:50:41,431] {dagbag.py:496} INFO - Filling up the DagBag from /home/airflow/.local/lib/python3.6/site-packages/airflow/example_dags/example_xcomargs.py
[2023-12-06 07:50:41,447] {processor.py:623} INFO - DAG(s) dict_keys(['example_xcom_args', 'example_xcom_args_with_operators']) retrieved from /home/airflow/.local/lib/python3.6/site-packages/airflow/example_dags/example_xcomargs.py
[2023-12-06 07:50:41,601] {logging_mixin.py:109} INFO - [2023-12-06 07:50:41,601] {dag.py:1834} INFO - Sync 2 DAGs
[2023-12-06 07:50:41,611] {logging_mixin.py:109} INFO - [2023-12-06 07:50:41,611] {dag.py:2287} INFO - Setting next_dagrun for example_xcom_args to None
[2023-12-06 07:50:41,611] {logging_mixin.py:109} INFO - [2023-12-06 07:50:41,611] {dag.py:2287} INFO - Setting next_dagrun for example_xcom_args_with_operators to None
[2023-12-06 07:50:41,623] {processor.py:170} INFO - Processing /home/airflow/.local/lib/python3.6/site-packages/airflow/example_dags/example_xcomargs.py took 0.196 seconds
[2023-12-06 07:51:12,005] {processor.py:162} INFO - Started process (PID=2500) to work on /home/airflow/.local/lib/python3.6/site-packages/airflow/example_dags/example_xcomargs.py
[2023-12-06 07:51:12,006] {processor.py:613} INFO - Processing file /home/airflow/.local/lib/python3.6/site-packages/airflow/example_dags/example_xcomargs.py for tasks to queue
[2023-12-06 07:51:12,006] {logging_mixin.py:109} INFO - [2023-12-06 07:51:12,006] {dagbag.py:496} INFO - Filling up the DagBag from /home/airflow/.local/lib/python3.6/site-packages/airflow/example_dags/example_xcomargs.py
[2023-12-06 07:51:12,020] {processor.py:623} INFO - DAG(s) dict_keys(['example_xcom_args', 'example_xcom_args_with_operators']) retrieved from /home/airflow/.local/lib/python3.6/site-packages/airflow/example_dags/example_xcomargs.py
[2023-12-06 07:51:12,172] {logging_mixin.py:109} INFO - [2023-12-06 07:51:12,171] {dag.py:1834} INFO - Sync 2 DAGs
[2023-12-06 07:51:12,183] {logging_mixin.py:109} INFO - [2023-12-06 07:51:12,183] {dag.py:2287} INFO - Setting next_dagrun for example_xcom_args to None
[2023-12-06 07:51:12,184] {logging_mixin.py:109} INFO - [2023-12-06 07:51:12,184] {dag.py:2287} INFO - Setting next_dagrun for example_xcom_args_with_operators to None
[2023-12-06 07:51:12,196] {processor.py:170} INFO - Processing /home/airflow/.local/lib/python3.6/site-packages/airflow/example_dags/example_xcomargs.py took 0.194 seconds
[2023-12-06 07:51:42,527] {processor.py:162} INFO - Started process (PID=2695) to work on /home/airflow/.local/lib/python3.6/site-packages/airflow/example_dags/example_xcomargs.py
[2023-12-06 07:51:42,528] {processor.py:613} INFO - Processing file /home/airflow/.local/lib/python3.6/site-packages/airflow/example_dags/example_xcomargs.py for tasks to queue
[2023-12-06 07:51:42,529] {logging_mixin.py:109} INFO - [2023-12-06 07:51:42,528] {dagbag.py:496} INFO - Filling up the DagBag from /home/airflow/.local/lib/python3.6/site-packages/airflow/example_dags/example_xcomargs.py
[2023-12-06 07:51:42,542] {processor.py:623} INFO - DAG(s) dict_keys(['example_xcom_args', 'example_xcom_args_with_operators']) retrieved from /home/airflow/.local/lib/python3.6/site-packages/airflow/example_dags/example_xcomargs.py
[2023-12-06 07:51:42,692] {logging_mixin.py:109} INFO - [2023-12-06 07:51:42,692] {dag.py:1834} INFO - Sync 2 DAGs
[2023-12-06 07:51:42,703] {logging_mixin.py:109} INFO - [2023-12-06 07:51:42,702] {dag.py:2287} INFO - Setting next_dagrun for example_xcom_args to None
[2023-12-06 07:51:42,703] {logging_mixin.py:109} INFO - [2023-12-06 07:51:42,703] {dag.py:2287} INFO - Setting next_dagrun for example_xcom_args_with_operators to None
[2023-12-06 07:51:42,716] {processor.py:170} INFO - Processing /home/airflow/.local/lib/python3.6/site-packages/airflow/example_dags/example_xcomargs.py took 0.190 seconds
[2023-12-06 07:52:13,061] {processor.py:162} INFO - Started process (PID=2900) to work on /home/airflow/.local/lib/python3.6/site-packages/airflow/example_dags/example_xcomargs.py
[2023-12-06 07:52:13,063] {processor.py:613} INFO - Processing file /home/airflow/.local/lib/python3.6/site-packages/airflow/example_dags/example_xcomargs.py for tasks to queue
[2023-12-06 07:52:13,064] {logging_mixin.py:109} INFO - [2023-12-06 07:52:13,063] {dagbag.py:496} INFO - Filling up the DagBag from /home/airflow/.local/lib/python3.6/site-packages/airflow/example_dags/example_xcomargs.py
[2023-12-06 07:52:13,078] {processor.py:623} INFO - DAG(s) dict_keys(['example_xcom_args', 'example_xcom_args_with_operators']) retrieved from /home/airflow/.local/lib/python3.6/site-packages/airflow/example_dags/example_xcomargs.py
[2023-12-06 07:52:13,226] {logging_mixin.py:109} INFO - [2023-12-06 07:52:13,225] {dag.py:1834} INFO - Sync 2 DAGs
[2023-12-06 07:52:13,235] {logging_mixin.py:109} INFO - [2023-12-06 07:52:13,235] {dag.py:2287} INFO - Setting next_dagrun for example_xcom_args to None
[2023-12-06 07:52:13,235] {logging_mixin.py:109} INFO - [2023-12-06 07:52:13,235] {dag.py:2287} INFO - Setting next_dagrun for example_xcom_args_with_operators to None
[2023-12-06 07:52:13,247] {processor.py:170} INFO - Processing /home/airflow/.local/lib/python3.6/site-packages/airflow/example_dags/example_xcomargs.py took 0.188 seconds
[2023-12-06 07:52:43,510] {processor.py:162} INFO - Started process (PID=3108) to work on /home/airflow/.local/lib/python3.6/site-packages/airflow/example_dags/example_xcomargs.py
[2023-12-06 07:52:43,510] {processor.py:613} INFO - Processing file /home/airflow/.local/lib/python3.6/site-packages/airflow/example_dags/example_xcomargs.py for tasks to queue
[2023-12-06 07:52:43,511] {logging_mixin.py:109} INFO - [2023-12-06 07:52:43,511] {dagbag.py:496} INFO - Filling up the DagBag from /home/airflow/.local/lib/python3.6/site-packages/airflow/example_dags/example_xcomargs.py
[2023-12-06 07:52:43,525] {processor.py:623} INFO - DAG(s) dict_keys(['example_xcom_args', 'example_xcom_args_with_operators']) retrieved from /home/airflow/.local/lib/python3.6/site-packages/airflow/example_dags/example_xcomargs.py
[2023-12-06 07:52:43,547] {logging_mixin.py:109} INFO - [2023-12-06 07:52:43,547] {dag.py:1834} INFO - Sync 2 DAGs
[2023-12-06 07:52:43,558] {logging_mixin.py:109} INFO - [2023-12-06 07:52:43,558] {dag.py:2287} INFO - Setting next_dagrun for example_xcom_args to None
[2023-12-06 07:52:43,559] {logging_mixin.py:109} INFO - [2023-12-06 07:52:43,559] {dag.py:2287} INFO - Setting next_dagrun for example_xcom_args_with_operators to None
[2023-12-06 07:52:43,570] {processor.py:170} INFO - Processing /home/airflow/.local/lib/python3.6/site-packages/airflow/example_dags/example_xcomargs.py took 0.062 seconds
[2023-12-06 07:53:13,938] {processor.py:162} INFO - Started process (PID=3301) to work on /home/airflow/.local/lib/python3.6/site-packages/airflow/example_dags/example_xcomargs.py
[2023-12-06 07:53:13,939] {processor.py:613} INFO - Processing file /home/airflow/.local/lib/python3.6/site-packages/airflow/example_dags/example_xcomargs.py for tasks to queue
[2023-12-06 07:53:13,940] {logging_mixin.py:109} INFO - [2023-12-06 07:53:13,940] {dagbag.py:496} INFO - Filling up the DagBag from /home/airflow/.local/lib/python3.6/site-packages/airflow/example_dags/example_xcomargs.py
[2023-12-06 07:53:13,955] {processor.py:623} INFO - DAG(s) dict_keys(['example_xcom_args', 'example_xcom_args_with_operators']) retrieved from /home/airflow/.local/lib/python3.6/site-packages/airflow/example_dags/example_xcomargs.py
[2023-12-06 07:53:13,981] {logging_mixin.py:109} INFO - [2023-12-06 07:53:13,981] {dag.py:1834} INFO - Sync 2 DAGs
[2023-12-06 07:53:13,991] {logging_mixin.py:109} INFO - [2023-12-06 07:53:13,991] {dag.py:2287} INFO - Setting next_dagrun for example_xcom_args to None
[2023-12-06 07:53:13,992] {logging_mixin.py:109} INFO - [2023-12-06 07:53:13,992] {dag.py:2287} INFO - Setting next_dagrun for example_xcom_args_with_operators to None
[2023-12-06 07:53:14,003] {processor.py:170} INFO - Processing /home/airflow/.local/lib/python3.6/site-packages/airflow/example_dags/example_xcomargs.py took 0.067 seconds
[2023-12-06 07:53:44,720] {processor.py:162} INFO - Started process (PID=3505) to work on /home/airflow/.local/lib/python3.6/site-packages/airflow/example_dags/example_xcomargs.py
[2023-12-06 07:53:44,721] {processor.py:613} INFO - Processing file /home/airflow/.local/lib/python3.6/site-packages/airflow/example_dags/example_xcomargs.py for tasks to queue
[2023-12-06 07:53:44,721] {logging_mixin.py:109} INFO - [2023-12-06 07:53:44,721] {dagbag.py:496} INFO - Filling up the DagBag from /home/airflow/.local/lib/python3.6/site-packages/airflow/example_dags/example_xcomargs.py
[2023-12-06 07:53:44,734] {processor.py:623} INFO - DAG(s) dict_keys(['example_xcom_args', 'example_xcom_args_with_operators']) retrieved from /home/airflow/.local/lib/python3.6/site-packages/airflow/example_dags/example_xcomargs.py
[2023-12-06 07:53:44,895] {logging_mixin.py:109} INFO - [2023-12-06 07:53:44,895] {dag.py:1834} INFO - Sync 2 DAGs
[2023-12-06 07:53:44,905] {logging_mixin.py:109} INFO - [2023-12-06 07:53:44,905] {dag.py:2287} INFO - Setting next_dagrun for example_xcom_args to None
[2023-12-06 07:53:44,906] {logging_mixin.py:109} INFO - [2023-12-06 07:53:44,906] {dag.py:2287} INFO - Setting next_dagrun for example_xcom_args_with_operators to None
[2023-12-06 07:53:44,918] {processor.py:170} INFO - Processing /home/airflow/.local/lib/python3.6/site-packages/airflow/example_dags/example_xcomargs.py took 0.200 seconds
[2023-12-06 07:54:15,451] {processor.py:162} INFO - Started process (PID=3700) to work on /home/airflow/.local/lib/python3.6/site-packages/airflow/example_dags/example_xcomargs.py
[2023-12-06 07:54:15,452] {processor.py:613} INFO - Processing file /home/airflow/.local/lib/python3.6/site-packages/airflow/example_dags/example_xcomargs.py for tasks to queue
[2023-12-06 07:54:15,453] {logging_mixin.py:109} INFO - [2023-12-06 07:54:15,453] {dagbag.py:496} INFO - Filling up the DagBag from /home/airflow/.local/lib/python3.6/site-packages/airflow/example_dags/example_xcomargs.py
[2023-12-06 07:54:15,471] {processor.py:623} INFO - DAG(s) dict_keys(['example_xcom_args', 'example_xcom_args_with_operators']) retrieved from /home/airflow/.local/lib/python3.6/site-packages/airflow/example_dags/example_xcomargs.py
[2023-12-06 07:54:15,639] {logging_mixin.py:109} INFO - [2023-12-06 07:54:15,639] {dag.py:1834} INFO - Sync 2 DAGs
[2023-12-06 07:54:15,648] {logging_mixin.py:109} INFO - [2023-12-06 07:54:15,648] {dag.py:2287} INFO - Setting next_dagrun for example_xcom_args to None
[2023-12-06 07:54:15,648] {logging_mixin.py:109} INFO - [2023-12-06 07:54:15,648] {dag.py:2287} INFO - Setting next_dagrun for example_xcom_args_with_operators to None
[2023-12-06 07:54:15,660] {processor.py:170} INFO - Processing /home/airflow/.local/lib/python3.6/site-packages/airflow/example_dags/example_xcomargs.py took 0.211 seconds
[2023-12-06 07:54:46,071] {processor.py:162} INFO - Started process (PID=3905) to work on /home/airflow/.local/lib/python3.6/site-packages/airflow/example_dags/example_xcomargs.py
[2023-12-06 07:54:46,071] {processor.py:613} INFO - Processing file /home/airflow/.local/lib/python3.6/site-packages/airflow/example_dags/example_xcomargs.py for tasks to queue
[2023-12-06 07:54:46,072] {logging_mixin.py:109} INFO - [2023-12-06 07:54:46,072] {dagbag.py:496} INFO - Filling up the DagBag from /home/airflow/.local/lib/python3.6/site-packages/airflow/example_dags/example_xcomargs.py
[2023-12-06 07:54:46,086] {processor.py:623} INFO - DAG(s) dict_keys(['example_xcom_args', 'example_xcom_args_with_operators']) retrieved from /home/airflow/.local/lib/python3.6/site-packages/airflow/example_dags/example_xcomargs.py
[2023-12-06 07:54:46,106] {logging_mixin.py:109} INFO - [2023-12-06 07:54:46,106] {dag.py:1834} INFO - Sync 2 DAGs
[2023-12-06 07:54:46,116] {logging_mixin.py:109} INFO - [2023-12-06 07:54:46,116] {dag.py:2287} INFO - Setting next_dagrun for example_xcom_args to None
[2023-12-06 07:54:46,117] {logging_mixin.py:109} INFO - [2023-12-06 07:54:46,117] {dag.py:2287} INFO - Setting next_dagrun for example_xcom_args_with_operators to None
[2023-12-06 07:54:46,127] {processor.py:170} INFO - Processing /home/airflow/.local/lib/python3.6/site-packages/airflow/example_dags/example_xcomargs.py took 0.058 seconds
[2023-12-06 07:55:16,771] {processor.py:162} INFO - Started process (PID=4111) to work on /home/airflow/.local/lib/python3.6/site-packages/airflow/example_dags/example_xcomargs.py
[2023-12-06 07:55:16,773] {processor.py:613} INFO - Processing file /home/airflow/.local/lib/python3.6/site-packages/airflow/example_dags/example_xcomargs.py for tasks to queue
[2023-12-06 07:55:16,774] {logging_mixin.py:109} INFO - [2023-12-06 07:55:16,774] {dagbag.py:496} INFO - Filling up the DagBag from /home/airflow/.local/lib/python3.6/site-packages/airflow/example_dags/example_xcomargs.py
[2023-12-06 07:55:16,789] {processor.py:623} INFO - DAG(s) dict_keys(['example_xcom_args', 'example_xcom_args_with_operators']) retrieved from /home/airflow/.local/lib/python3.6/site-packages/airflow/example_dags/example_xcomargs.py
[2023-12-06 07:55:16,933] {logging_mixin.py:109} INFO - [2023-12-06 07:55:16,932] {dag.py:1834} INFO - Sync 2 DAGs
[2023-12-06 07:55:16,943] {logging_mixin.py:109} INFO - [2023-12-06 07:55:16,943] {dag.py:2287} INFO - Setting next_dagrun for example_xcom_args to None
[2023-12-06 07:55:16,943] {logging_mixin.py:109} INFO - [2023-12-06 07:55:16,943] {dag.py:2287} INFO - Setting next_dagrun for example_xcom_args_with_operators to None
[2023-12-06 07:55:16,956] {processor.py:170} INFO - Processing /home/airflow/.local/lib/python3.6/site-packages/airflow/example_dags/example_xcomargs.py took 0.186 seconds
[2023-12-06 07:55:47,431] {processor.py:162} INFO - Started process (PID=4305) to work on /home/airflow/.local/lib/python3.6/site-packages/airflow/example_dags/example_xcomargs.py
[2023-12-06 07:55:47,432] {processor.py:613} INFO - Processing file /home/airflow/.local/lib/python3.6/site-packages/airflow/example_dags/example_xcomargs.py for tasks to queue
[2023-12-06 07:55:47,432] {logging_mixin.py:109} INFO - [2023-12-06 07:55:47,432] {dagbag.py:496} INFO - Filling up the DagBag from /home/airflow/.local/lib/python3.6/site-packages/airflow/example_dags/example_xcomargs.py
[2023-12-06 07:55:47,448] {processor.py:623} INFO - DAG(s) dict_keys(['example_xcom_args', 'example_xcom_args_with_operators']) retrieved from /home/airflow/.local/lib/python3.6/site-packages/airflow/example_dags/example_xcomargs.py
[2023-12-06 07:55:47,596] {logging_mixin.py:109} INFO - [2023-12-06 07:55:47,596] {dag.py:1834} INFO - Sync 2 DAGs
[2023-12-06 07:55:47,607] {logging_mixin.py:109} INFO - [2023-12-06 07:55:47,607] {dag.py:2287} INFO - Setting next_dagrun for example_xcom_args to None
[2023-12-06 07:55:47,608] {logging_mixin.py:109} INFO - [2023-12-06 07:55:47,608] {dag.py:2287} INFO - Setting next_dagrun for example_xcom_args_with_operators to None
[2023-12-06 07:55:47,619] {processor.py:170} INFO - Processing /home/airflow/.local/lib/python3.6/site-packages/airflow/example_dags/example_xcomargs.py took 0.190 seconds
[2023-12-06 07:56:18,150] {processor.py:162} INFO - Started process (PID=4511) to work on /home/airflow/.local/lib/python3.6/site-packages/airflow/example_dags/example_xcomargs.py
[2023-12-06 07:56:18,151] {processor.py:613} INFO - Processing file /home/airflow/.local/lib/python3.6/site-packages/airflow/example_dags/example_xcomargs.py for tasks to queue
[2023-12-06 07:56:18,152] {logging_mixin.py:109} INFO - [2023-12-06 07:56:18,152] {dagbag.py:496} INFO - Filling up the DagBag from /home/airflow/.local/lib/python3.6/site-packages/airflow/example_dags/example_xcomargs.py
[2023-12-06 07:56:18,170] {processor.py:623} INFO - DAG(s) dict_keys(['example_xcom_args', 'example_xcom_args_with_operators']) retrieved from /home/airflow/.local/lib/python3.6/site-packages/airflow/example_dags/example_xcomargs.py
[2023-12-06 07:56:18,326] {logging_mixin.py:109} INFO - [2023-12-06 07:56:18,326] {dag.py:1834} INFO - Sync 2 DAGs
[2023-12-06 07:56:18,336] {logging_mixin.py:109} INFO - [2023-12-06 07:56:18,336] {dag.py:2287} INFO - Setting next_dagrun for example_xcom_args to None
[2023-12-06 07:56:18,336] {logging_mixin.py:109} INFO - [2023-12-06 07:56:18,336] {dag.py:2287} INFO - Setting next_dagrun for example_xcom_args_with_operators to None
[2023-12-06 07:56:18,348] {processor.py:170} INFO - Processing /home/airflow/.local/lib/python3.6/site-packages/airflow/example_dags/example_xcomargs.py took 0.200 seconds
[2023-12-06 07:56:48,735] {processor.py:162} INFO - Started process (PID=4716) to work on /home/airflow/.local/lib/python3.6/site-packages/airflow/example_dags/example_xcomargs.py
[2023-12-06 07:56:48,736] {processor.py:613} INFO - Processing file /home/airflow/.local/lib/python3.6/site-packages/airflow/example_dags/example_xcomargs.py for tasks to queue
[2023-12-06 07:56:48,736] {logging_mixin.py:109} INFO - [2023-12-06 07:56:48,736] {dagbag.py:496} INFO - Filling up the DagBag from /home/airflow/.local/lib/python3.6/site-packages/airflow/example_dags/example_xcomargs.py
[2023-12-06 07:56:48,751] {processor.py:623} INFO - DAG(s) dict_keys(['example_xcom_args', 'example_xcom_args_with_operators']) retrieved from /home/airflow/.local/lib/python3.6/site-packages/airflow/example_dags/example_xcomargs.py
[2023-12-06 07:56:48,900] {logging_mixin.py:109} INFO - [2023-12-06 07:56:48,900] {dag.py:1834} INFO - Sync 2 DAGs
[2023-12-06 07:56:48,911] {logging_mixin.py:109} INFO - [2023-12-06 07:56:48,911] {dag.py:2287} INFO - Setting next_dagrun for example_xcom_args to None
[2023-12-06 07:56:48,911] {logging_mixin.py:109} INFO - [2023-12-06 07:56:48,911] {dag.py:2287} INFO - Setting next_dagrun for example_xcom_args_with_operators to None
[2023-12-06 07:56:48,922] {processor.py:170} INFO - Processing /home/airflow/.local/lib/python3.6/site-packages/airflow/example_dags/example_xcomargs.py took 0.190 seconds
[2023-12-06 07:57:19,344] {processor.py:162} INFO - Started process (PID=4911) to work on /home/airflow/.local/lib/python3.6/site-packages/airflow/example_dags/example_xcomargs.py
[2023-12-06 07:57:19,345] {processor.py:613} INFO - Processing file /home/airflow/.local/lib/python3.6/site-packages/airflow/example_dags/example_xcomargs.py for tasks to queue
[2023-12-06 07:57:19,345] {logging_mixin.py:109} INFO - [2023-12-06 07:57:19,345] {dagbag.py:496} INFO - Filling up the DagBag from /home/airflow/.local/lib/python3.6/site-packages/airflow/example_dags/example_xcomargs.py
[2023-12-06 07:57:19,361] {processor.py:623} INFO - DAG(s) dict_keys(['example_xcom_args', 'example_xcom_args_with_operators']) retrieved from /home/airflow/.local/lib/python3.6/site-packages/airflow/example_dags/example_xcomargs.py
[2023-12-06 07:57:19,520] {logging_mixin.py:109} INFO - [2023-12-06 07:57:19,520] {dag.py:1834} INFO - Sync 2 DAGs
[2023-12-06 07:57:19,529] {logging_mixin.py:109} INFO - [2023-12-06 07:57:19,529] {dag.py:2287} INFO - Setting next_dagrun for example_xcom_args to None
[2023-12-06 07:57:19,530] {logging_mixin.py:109} INFO - [2023-12-06 07:57:19,530] {dag.py:2287} INFO - Setting next_dagrun for example_xcom_args_with_operators to None
[2023-12-06 07:57:19,542] {processor.py:170} INFO - Processing /home/airflow/.local/lib/python3.6/site-packages/airflow/example_dags/example_xcomargs.py took 0.200 seconds
[2023-12-06 07:57:49,955] {processor.py:162} INFO - Started process (PID=5116) to work on /home/airflow/.local/lib/python3.6/site-packages/airflow/example_dags/example_xcomargs.py
[2023-12-06 07:57:49,956] {processor.py:613} INFO - Processing file /home/airflow/.local/lib/python3.6/site-packages/airflow/example_dags/example_xcomargs.py for tasks to queue
[2023-12-06 07:57:49,957] {logging_mixin.py:109} INFO - [2023-12-06 07:57:49,957] {dagbag.py:496} INFO - Filling up the DagBag from /home/airflow/.local/lib/python3.6/site-packages/airflow/example_dags/example_xcomargs.py
[2023-12-06 07:57:49,971] {processor.py:623} INFO - DAG(s) dict_keys(['example_xcom_args', 'example_xcom_args_with_operators']) retrieved from /home/airflow/.local/lib/python3.6/site-packages/airflow/example_dags/example_xcomargs.py
[2023-12-06 07:57:50,116] {logging_mixin.py:109} INFO - [2023-12-06 07:57:50,116] {dag.py:1834} INFO - Sync 2 DAGs
[2023-12-06 07:57:50,126] {logging_mixin.py:109} INFO - [2023-12-06 07:57:50,126] {dag.py:2287} INFO - Setting next_dagrun for example_xcom_args to None
[2023-12-06 07:57:50,126] {logging_mixin.py:109} INFO - [2023-12-06 07:57:50,126] {dag.py:2287} INFO - Setting next_dagrun for example_xcom_args_with_operators to None
[2023-12-06 07:57:50,138] {processor.py:170} INFO - Processing /home/airflow/.local/lib/python3.6/site-packages/airflow/example_dags/example_xcomargs.py took 0.185 seconds
[2023-12-06 07:58:20,663] {processor.py:162} INFO - Started process (PID=5311) to work on /home/airflow/.local/lib/python3.6/site-packages/airflow/example_dags/example_xcomargs.py
[2023-12-06 07:58:20,664] {processor.py:613} INFO - Processing file /home/airflow/.local/lib/python3.6/site-packages/airflow/example_dags/example_xcomargs.py for tasks to queue
[2023-12-06 07:58:20,665] {logging_mixin.py:109} INFO - [2023-12-06 07:58:20,664] {dagbag.py:496} INFO - Filling up the DagBag from /home/airflow/.local/lib/python3.6/site-packages/airflow/example_dags/example_xcomargs.py
[2023-12-06 07:58:20,679] {processor.py:623} INFO - DAG(s) dict_keys(['example_xcom_args', 'example_xcom_args_with_operators']) retrieved from /home/airflow/.local/lib/python3.6/site-packages/airflow/example_dags/example_xcomargs.py
[2023-12-06 07:58:20,833] {logging_mixin.py:109} INFO - [2023-12-06 07:58:20,833] {dag.py:1834} INFO - Sync 2 DAGs
[2023-12-06 07:58:20,843] {logging_mixin.py:109} INFO - [2023-12-06 07:58:20,843] {dag.py:2287} INFO - Setting next_dagrun for example_xcom_args to None
[2023-12-06 07:58:20,844] {logging_mixin.py:109} INFO - [2023-12-06 07:58:20,844] {dag.py:2287} INFO - Setting next_dagrun for example_xcom_args_with_operators to None
[2023-12-06 07:58:20,857] {processor.py:170} INFO - Processing /home/airflow/.local/lib/python3.6/site-packages/airflow/example_dags/example_xcomargs.py took 0.196 seconds
[2023-12-06 07:58:51,419] {processor.py:162} INFO - Started process (PID=5516) to work on /home/airflow/.local/lib/python3.6/site-packages/airflow/example_dags/example_xcomargs.py
[2023-12-06 07:58:51,420] {processor.py:613} INFO - Processing file /home/airflow/.local/lib/python3.6/site-packages/airflow/example_dags/example_xcomargs.py for tasks to queue
[2023-12-06 07:58:51,421] {logging_mixin.py:109} INFO - [2023-12-06 07:58:51,421] {dagbag.py:496} INFO - Filling up the DagBag from /home/airflow/.local/lib/python3.6/site-packages/airflow/example_dags/example_xcomargs.py
[2023-12-06 07:58:51,437] {processor.py:623} INFO - DAG(s) dict_keys(['example_xcom_args', 'example_xcom_args_with_operators']) retrieved from /home/airflow/.local/lib/python3.6/site-packages/airflow/example_dags/example_xcomargs.py
[2023-12-06 07:58:51,604] {logging_mixin.py:109} INFO - [2023-12-06 07:58:51,604] {dag.py:1834} INFO - Sync 2 DAGs
[2023-12-06 07:58:51,618] {logging_mixin.py:109} INFO - [2023-12-06 07:58:51,618] {dag.py:2287} INFO - Setting next_dagrun for example_xcom_args to None
[2023-12-06 07:58:51,619] {logging_mixin.py:109} INFO - [2023-12-06 07:58:51,619] {dag.py:2287} INFO - Setting next_dagrun for example_xcom_args_with_operators to None
[2023-12-06 07:58:51,632] {processor.py:170} INFO - Processing /home/airflow/.local/lib/python3.6/site-packages/airflow/example_dags/example_xcomargs.py took 0.215 seconds
[2023-12-06 07:59:22,104] {processor.py:162} INFO - Started process (PID=5724) to work on /home/airflow/.local/lib/python3.6/site-packages/airflow/example_dags/example_xcomargs.py
[2023-12-06 07:59:22,104] {processor.py:613} INFO - Processing file /home/airflow/.local/lib/python3.6/site-packages/airflow/example_dags/example_xcomargs.py for tasks to queue
[2023-12-06 07:59:22,105] {logging_mixin.py:109} INFO - [2023-12-06 07:59:22,105] {dagbag.py:496} INFO - Filling up the DagBag from /home/airflow/.local/lib/python3.6/site-packages/airflow/example_dags/example_xcomargs.py
[2023-12-06 07:59:22,120] {processor.py:623} INFO - DAG(s) dict_keys(['example_xcom_args', 'example_xcom_args_with_operators']) retrieved from /home/airflow/.local/lib/python3.6/site-packages/airflow/example_dags/example_xcomargs.py
[2023-12-06 07:59:22,273] {logging_mixin.py:109} INFO - [2023-12-06 07:59:22,273] {dag.py:1834} INFO - Sync 2 DAGs
[2023-12-06 07:59:22,285] {logging_mixin.py:109} INFO - [2023-12-06 07:59:22,284] {dag.py:2287} INFO - Setting next_dagrun for example_xcom_args to None
[2023-12-06 07:59:22,285] {logging_mixin.py:109} INFO - [2023-12-06 07:59:22,285] {dag.py:2287} INFO - Setting next_dagrun for example_xcom_args_with_operators to None
[2023-12-06 07:59:22,298] {processor.py:170} INFO - Processing /home/airflow/.local/lib/python3.6/site-packages/airflow/example_dags/example_xcomargs.py took 0.196 seconds
[2023-12-06 07:59:52,720] {processor.py:162} INFO - Started process (PID=5916) to work on /home/airflow/.local/lib/python3.6/site-packages/airflow/example_dags/example_xcomargs.py
[2023-12-06 07:59:52,721] {processor.py:613} INFO - Processing file /home/airflow/.local/lib/python3.6/site-packages/airflow/example_dags/example_xcomargs.py for tasks to queue
[2023-12-06 07:59:52,721] {logging_mixin.py:109} INFO - [2023-12-06 07:59:52,721] {dagbag.py:496} INFO - Filling up the DagBag from /home/airflow/.local/lib/python3.6/site-packages/airflow/example_dags/example_xcomargs.py
[2023-12-06 07:59:52,736] {processor.py:623} INFO - DAG(s) dict_keys(['example_xcom_args', 'example_xcom_args_with_operators']) retrieved from /home/airflow/.local/lib/python3.6/site-packages/airflow/example_dags/example_xcomargs.py
[2023-12-06 07:59:52,886] {logging_mixin.py:109} INFO - [2023-12-06 07:59:52,886] {dag.py:1834} INFO - Sync 2 DAGs
[2023-12-06 07:59:52,896] {logging_mixin.py:109} INFO - [2023-12-06 07:59:52,896] {dag.py:2287} INFO - Setting next_dagrun for example_xcom_args to None
[2023-12-06 07:59:52,896] {logging_mixin.py:109} INFO - [2023-12-06 07:59:52,896] {dag.py:2287} INFO - Setting next_dagrun for example_xcom_args_with_operators to None
[2023-12-06 07:59:52,910] {processor.py:170} INFO - Processing /home/airflow/.local/lib/python3.6/site-packages/airflow/example_dags/example_xcomargs.py took 0.192 seconds
[2023-12-06 08:00:23,609] {processor.py:162} INFO - Started process (PID=6206) to work on /home/airflow/.local/lib/python3.6/site-packages/airflow/example_dags/example_xcomargs.py
[2023-12-06 08:00:23,610] {processor.py:613} INFO - Processing file /home/airflow/.local/lib/python3.6/site-packages/airflow/example_dags/example_xcomargs.py for tasks to queue
[2023-12-06 08:00:23,610] {logging_mixin.py:109} INFO - [2023-12-06 08:00:23,610] {dagbag.py:496} INFO - Filling up the DagBag from /home/airflow/.local/lib/python3.6/site-packages/airflow/example_dags/example_xcomargs.py
[2023-12-06 08:00:23,626] {processor.py:623} INFO - DAG(s) dict_keys(['example_xcom_args', 'example_xcom_args_with_operators']) retrieved from /home/airflow/.local/lib/python3.6/site-packages/airflow/example_dags/example_xcomargs.py
[2023-12-06 08:00:23,773] {logging_mixin.py:109} INFO - [2023-12-06 08:00:23,773] {dag.py:1834} INFO - Sync 2 DAGs
[2023-12-06 08:00:23,782] {logging_mixin.py:109} INFO - [2023-12-06 08:00:23,782] {dag.py:2287} INFO - Setting next_dagrun for example_xcom_args to None
[2023-12-06 08:00:23,783] {logging_mixin.py:109} INFO - [2023-12-06 08:00:23,782] {dag.py:2287} INFO - Setting next_dagrun for example_xcom_args_with_operators to None
[2023-12-06 08:00:23,794] {processor.py:170} INFO - Processing /home/airflow/.local/lib/python3.6/site-packages/airflow/example_dags/example_xcomargs.py took 0.187 seconds
[2023-12-06 08:00:54,417] {processor.py:162} INFO - Started process (PID=6411) to work on /home/airflow/.local/lib/python3.6/site-packages/airflow/example_dags/example_xcomargs.py
[2023-12-06 08:00:54,418] {processor.py:613} INFO - Processing file /home/airflow/.local/lib/python3.6/site-packages/airflow/example_dags/example_xcomargs.py for tasks to queue
[2023-12-06 08:00:54,419] {logging_mixin.py:109} INFO - [2023-12-06 08:00:54,419] {dagbag.py:496} INFO - Filling up the DagBag from /home/airflow/.local/lib/python3.6/site-packages/airflow/example_dags/example_xcomargs.py
[2023-12-06 08:00:54,434] {processor.py:623} INFO - DAG(s) dict_keys(['example_xcom_args', 'example_xcom_args_with_operators']) retrieved from /home/airflow/.local/lib/python3.6/site-packages/airflow/example_dags/example_xcomargs.py
[2023-12-06 08:00:54,583] {logging_mixin.py:109} INFO - [2023-12-06 08:00:54,583] {dag.py:1834} INFO - Sync 2 DAGs
[2023-12-06 08:00:54,593] {logging_mixin.py:109} INFO - [2023-12-06 08:00:54,593] {dag.py:2287} INFO - Setting next_dagrun for example_xcom_args to None
[2023-12-06 08:00:54,593] {logging_mixin.py:109} INFO - [2023-12-06 08:00:54,593] {dag.py:2287} INFO - Setting next_dagrun for example_xcom_args_with_operators to None
[2023-12-06 08:00:54,605] {processor.py:170} INFO - Processing /home/airflow/.local/lib/python3.6/site-packages/airflow/example_dags/example_xcomargs.py took 0.190 seconds
[2023-12-06 08:01:25,082] {processor.py:162} INFO - Started process (PID=6607) to work on /home/airflow/.local/lib/python3.6/site-packages/airflow/example_dags/example_xcomargs.py
[2023-12-06 08:01:25,083] {processor.py:613} INFO - Processing file /home/airflow/.local/lib/python3.6/site-packages/airflow/example_dags/example_xcomargs.py for tasks to queue
[2023-12-06 08:01:25,084] {logging_mixin.py:109} INFO - [2023-12-06 08:01:25,083] {dagbag.py:496} INFO - Filling up the DagBag from /home/airflow/.local/lib/python3.6/site-packages/airflow/example_dags/example_xcomargs.py
[2023-12-06 08:01:25,102] {processor.py:623} INFO - DAG(s) dict_keys(['example_xcom_args', 'example_xcom_args_with_operators']) retrieved from /home/airflow/.local/lib/python3.6/site-packages/airflow/example_dags/example_xcomargs.py
[2023-12-06 08:01:25,250] {logging_mixin.py:109} INFO - [2023-12-06 08:01:25,250] {dag.py:1834} INFO - Sync 2 DAGs
[2023-12-06 08:01:25,260] {logging_mixin.py:109} INFO - [2023-12-06 08:01:25,260] {dag.py:2287} INFO - Setting next_dagrun for example_xcom_args to None
[2023-12-06 08:01:25,260] {logging_mixin.py:109} INFO - [2023-12-06 08:01:25,260] {dag.py:2287} INFO - Setting next_dagrun for example_xcom_args_with_operators to None
[2023-12-06 08:01:25,271] {processor.py:170} INFO - Processing /home/airflow/.local/lib/python3.6/site-packages/airflow/example_dags/example_xcomargs.py took 0.191 seconds
[2023-12-06 08:01:55,731] {processor.py:162} INFO - Started process (PID=6812) to work on /home/airflow/.local/lib/python3.6/site-packages/airflow/example_dags/example_xcomargs.py
[2023-12-06 08:01:55,733] {processor.py:613} INFO - Processing file /home/airflow/.local/lib/python3.6/site-packages/airflow/example_dags/example_xcomargs.py for tasks to queue
[2023-12-06 08:01:55,733] {logging_mixin.py:109} INFO - [2023-12-06 08:01:55,733] {dagbag.py:496} INFO - Filling up the DagBag from /home/airflow/.local/lib/python3.6/site-packages/airflow/example_dags/example_xcomargs.py
[2023-12-06 08:01:55,749] {processor.py:623} INFO - DAG(s) dict_keys(['example_xcom_args', 'example_xcom_args_with_operators']) retrieved from /home/airflow/.local/lib/python3.6/site-packages/airflow/example_dags/example_xcomargs.py
[2023-12-06 08:01:55,921] {logging_mixin.py:109} INFO - [2023-12-06 08:01:55,921] {dag.py:1834} INFO - Sync 2 DAGs
[2023-12-06 08:01:55,930] {logging_mixin.py:109} INFO - [2023-12-06 08:01:55,930] {dag.py:2287} INFO - Setting next_dagrun for example_xcom_args to None
[2023-12-06 08:01:55,931] {logging_mixin.py:109} INFO - [2023-12-06 08:01:55,931] {dag.py:2287} INFO - Setting next_dagrun for example_xcom_args_with_operators to None
[2023-12-06 08:01:55,943] {processor.py:170} INFO - Processing /home/airflow/.local/lib/python3.6/site-packages/airflow/example_dags/example_xcomargs.py took 0.214 seconds
[2023-12-06 08:02:26,316] {processor.py:162} INFO - Started process (PID=7016) to work on /home/airflow/.local/lib/python3.6/site-packages/airflow/example_dags/example_xcomargs.py
[2023-12-06 08:02:26,317] {processor.py:613} INFO - Processing file /home/airflow/.local/lib/python3.6/site-packages/airflow/example_dags/example_xcomargs.py for tasks to queue
[2023-12-06 08:02:26,317] {logging_mixin.py:109} INFO - [2023-12-06 08:02:26,317] {dagbag.py:496} INFO - Filling up the DagBag from /home/airflow/.local/lib/python3.6/site-packages/airflow/example_dags/example_xcomargs.py
[2023-12-06 08:02:26,332] {processor.py:623} INFO - DAG(s) dict_keys(['example_xcom_args', 'example_xcom_args_with_operators']) retrieved from /home/airflow/.local/lib/python3.6/site-packages/airflow/example_dags/example_xcomargs.py
[2023-12-06 08:02:26,489] {logging_mixin.py:109} INFO - [2023-12-06 08:02:26,489] {dag.py:1834} INFO - Sync 2 DAGs
[2023-12-06 08:02:26,499] {logging_mixin.py:109} INFO - [2023-12-06 08:02:26,498] {dag.py:2287} INFO - Setting next_dagrun for example_xcom_args to None
[2023-12-06 08:02:26,499] {logging_mixin.py:109} INFO - [2023-12-06 08:02:26,499] {dag.py:2287} INFO - Setting next_dagrun for example_xcom_args_with_operators to None
[2023-12-06 08:02:26,511] {processor.py:170} INFO - Processing /home/airflow/.local/lib/python3.6/site-packages/airflow/example_dags/example_xcomargs.py took 0.197 seconds
[2023-12-06 08:02:57,031] {processor.py:162} INFO - Started process (PID=7213) to work on /home/airflow/.local/lib/python3.6/site-packages/airflow/example_dags/example_xcomargs.py
[2023-12-06 08:02:57,032] {processor.py:613} INFO - Processing file /home/airflow/.local/lib/python3.6/site-packages/airflow/example_dags/example_xcomargs.py for tasks to queue
[2023-12-06 08:02:57,033] {logging_mixin.py:109} INFO - [2023-12-06 08:02:57,032] {dagbag.py:496} INFO - Filling up the DagBag from /home/airflow/.local/lib/python3.6/site-packages/airflow/example_dags/example_xcomargs.py
[2023-12-06 08:02:57,048] {processor.py:623} INFO - DAG(s) dict_keys(['example_xcom_args', 'example_xcom_args_with_operators']) retrieved from /home/airflow/.local/lib/python3.6/site-packages/airflow/example_dags/example_xcomargs.py
[2023-12-06 08:02:57,068] {logging_mixin.py:109} INFO - [2023-12-06 08:02:57,068] {dag.py:1834} INFO - Sync 2 DAGs
[2023-12-06 08:02:57,078] {logging_mixin.py:109} INFO - [2023-12-06 08:02:57,077] {dag.py:2287} INFO - Setting next_dagrun for example_xcom_args to None
[2023-12-06 08:02:57,078] {logging_mixin.py:109} INFO - [2023-12-06 08:02:57,078] {dag.py:2287} INFO - Setting next_dagrun for example_xcom_args_with_operators to None
[2023-12-06 08:02:57,087] {processor.py:170} INFO - Processing /home/airflow/.local/lib/python3.6/site-packages/airflow/example_dags/example_xcomargs.py took 0.058 seconds
[2023-12-06 08:03:27,769] {processor.py:162} INFO - Started process (PID=7418) to work on /home/airflow/.local/lib/python3.6/site-packages/airflow/example_dags/example_xcomargs.py
[2023-12-06 08:03:27,770] {processor.py:613} INFO - Processing file /home/airflow/.local/lib/python3.6/site-packages/airflow/example_dags/example_xcomargs.py for tasks to queue
[2023-12-06 08:03:27,771] {logging_mixin.py:109} INFO - [2023-12-06 08:03:27,771] {dagbag.py:496} INFO - Filling up the DagBag from /home/airflow/.local/lib/python3.6/site-packages/airflow/example_dags/example_xcomargs.py
[2023-12-06 08:03:27,785] {processor.py:623} INFO - DAG(s) dict_keys(['example_xcom_args', 'example_xcom_args_with_operators']) retrieved from /home/airflow/.local/lib/python3.6/site-packages/airflow/example_dags/example_xcomargs.py
[2023-12-06 08:03:27,950] {logging_mixin.py:109} INFO - [2023-12-06 08:03:27,949] {dag.py:1834} INFO - Sync 2 DAGs
[2023-12-06 08:03:27,960] {logging_mixin.py:109} INFO - [2023-12-06 08:03:27,960] {dag.py:2287} INFO - Setting next_dagrun for example_xcom_args to None
[2023-12-06 08:03:27,961] {logging_mixin.py:109} INFO - [2023-12-06 08:03:27,961] {dag.py:2287} INFO - Setting next_dagrun for example_xcom_args_with_operators to None
[2023-12-06 08:03:27,974] {processor.py:170} INFO - Processing /home/airflow/.local/lib/python3.6/site-packages/airflow/example_dags/example_xcomargs.py took 0.207 seconds
[2023-12-06 08:03:58,459] {processor.py:162} INFO - Started process (PID=7614) to work on /home/airflow/.local/lib/python3.6/site-packages/airflow/example_dags/example_xcomargs.py
[2023-12-06 08:03:58,462] {processor.py:613} INFO - Processing file /home/airflow/.local/lib/python3.6/site-packages/airflow/example_dags/example_xcomargs.py for tasks to queue
[2023-12-06 08:03:58,463] {logging_mixin.py:109} INFO - [2023-12-06 08:03:58,463] {dagbag.py:496} INFO - Filling up the DagBag from /home/airflow/.local/lib/python3.6/site-packages/airflow/example_dags/example_xcomargs.py
[2023-12-06 08:03:58,481] {processor.py:623} INFO - DAG(s) dict_keys(['example_xcom_args', 'example_xcom_args_with_operators']) retrieved from /home/airflow/.local/lib/python3.6/site-packages/airflow/example_dags/example_xcomargs.py
[2023-12-06 08:03:58,635] {logging_mixin.py:109} INFO - [2023-12-06 08:03:58,635] {dag.py:1834} INFO - Sync 2 DAGs
[2023-12-06 08:03:58,646] {logging_mixin.py:109} INFO - [2023-12-06 08:03:58,646] {dag.py:2287} INFO - Setting next_dagrun for example_xcom_args to None
[2023-12-06 08:03:58,647] {logging_mixin.py:109} INFO - [2023-12-06 08:03:58,647] {dag.py:2287} INFO - Setting next_dagrun for example_xcom_args_with_operators to None
[2023-12-06 08:03:58,659] {processor.py:170} INFO - Processing /home/airflow/.local/lib/python3.6/site-packages/airflow/example_dags/example_xcomargs.py took 0.202 seconds
[2023-12-06 08:04:28,822] {processor.py:162} INFO - Started process (PID=7819) to work on /home/airflow/.local/lib/python3.6/site-packages/airflow/example_dags/example_xcomargs.py
[2023-12-06 08:04:28,824] {processor.py:613} INFO - Processing file /home/airflow/.local/lib/python3.6/site-packages/airflow/example_dags/example_xcomargs.py for tasks to queue
[2023-12-06 08:04:28,824] {logging_mixin.py:109} INFO - [2023-12-06 08:04:28,824] {dagbag.py:496} INFO - Filling up the DagBag from /home/airflow/.local/lib/python3.6/site-packages/airflow/example_dags/example_xcomargs.py
[2023-12-06 08:04:28,839] {processor.py:623} INFO - DAG(s) dict_keys(['example_xcom_args', 'example_xcom_args_with_operators']) retrieved from /home/airflow/.local/lib/python3.6/site-packages/airflow/example_dags/example_xcomargs.py
[2023-12-06 08:04:28,861] {logging_mixin.py:109} INFO - [2023-12-06 08:04:28,861] {dag.py:1834} INFO - Sync 2 DAGs
[2023-12-06 08:04:28,872] {logging_mixin.py:109} INFO - [2023-12-06 08:04:28,872] {dag.py:2287} INFO - Setting next_dagrun for example_xcom_args to None
[2023-12-06 08:04:28,873] {logging_mixin.py:109} INFO - [2023-12-06 08:04:28,873] {dag.py:2287} INFO - Setting next_dagrun for example_xcom_args_with_operators to None
[2023-12-06 08:04:28,883] {processor.py:170} INFO - Processing /home/airflow/.local/lib/python3.6/site-packages/airflow/example_dags/example_xcomargs.py took 0.063 seconds
[2023-12-06 08:04:59,478] {processor.py:162} INFO - Started process (PID=8022) to work on /home/airflow/.local/lib/python3.6/site-packages/airflow/example_dags/example_xcomargs.py
[2023-12-06 08:04:59,479] {processor.py:613} INFO - Processing file /home/airflow/.local/lib/python3.6/site-packages/airflow/example_dags/example_xcomargs.py for tasks to queue
[2023-12-06 08:04:59,479] {logging_mixin.py:109} INFO - [2023-12-06 08:04:59,479] {dagbag.py:496} INFO - Filling up the DagBag from /home/airflow/.local/lib/python3.6/site-packages/airflow/example_dags/example_xcomargs.py
[2023-12-06 08:04:59,495] {processor.py:623} INFO - DAG(s) dict_keys(['example_xcom_args', 'example_xcom_args_with_operators']) retrieved from /home/airflow/.local/lib/python3.6/site-packages/airflow/example_dags/example_xcomargs.py
[2023-12-06 08:04:59,649] {logging_mixin.py:109} INFO - [2023-12-06 08:04:59,648] {dag.py:1834} INFO - Sync 2 DAGs
[2023-12-06 08:04:59,660] {logging_mixin.py:109} INFO - [2023-12-06 08:04:59,660] {dag.py:2287} INFO - Setting next_dagrun for example_xcom_args to None
[2023-12-06 08:04:59,660] {logging_mixin.py:109} INFO - [2023-12-06 08:04:59,660] {dag.py:2287} INFO - Setting next_dagrun for example_xcom_args_with_operators to None
[2023-12-06 08:04:59,672] {processor.py:170} INFO - Processing /home/airflow/.local/lib/python3.6/site-packages/airflow/example_dags/example_xcomargs.py took 0.196 seconds
[2023-12-06 08:05:29,926] {processor.py:162} INFO - Started process (PID=8217) to work on /home/airflow/.local/lib/python3.6/site-packages/airflow/example_dags/example_xcomargs.py
[2023-12-06 08:05:29,927] {processor.py:613} INFO - Processing file /home/airflow/.local/lib/python3.6/site-packages/airflow/example_dags/example_xcomargs.py for tasks to queue
[2023-12-06 08:05:29,927] {logging_mixin.py:109} INFO - [2023-12-06 08:05:29,927] {dagbag.py:496} INFO - Filling up the DagBag from /home/airflow/.local/lib/python3.6/site-packages/airflow/example_dags/example_xcomargs.py
[2023-12-06 08:05:29,941] {processor.py:623} INFO - DAG(s) dict_keys(['example_xcom_args', 'example_xcom_args_with_operators']) retrieved from /home/airflow/.local/lib/python3.6/site-packages/airflow/example_dags/example_xcomargs.py
[2023-12-06 08:05:30,090] {logging_mixin.py:109} INFO - [2023-12-06 08:05:30,090] {dag.py:1834} INFO - Sync 2 DAGs
[2023-12-06 08:05:30,100] {logging_mixin.py:109} INFO - [2023-12-06 08:05:30,100] {dag.py:2287} INFO - Setting next_dagrun for example_xcom_args to None
[2023-12-06 08:05:30,101] {logging_mixin.py:109} INFO - [2023-12-06 08:05:30,101] {dag.py:2287} INFO - Setting next_dagrun for example_xcom_args_with_operators to None
[2023-12-06 08:05:30,114] {processor.py:170} INFO - Processing /home/airflow/.local/lib/python3.6/site-packages/airflow/example_dags/example_xcomargs.py took 0.190 seconds
[2023-12-06 08:06:00,689] {processor.py:162} INFO - Started process (PID=8422) to work on /home/airflow/.local/lib/python3.6/site-packages/airflow/example_dags/example_xcomargs.py
[2023-12-06 08:06:00,691] {processor.py:613} INFO - Processing file /home/airflow/.local/lib/python3.6/site-packages/airflow/example_dags/example_xcomargs.py for tasks to queue
[2023-12-06 08:06:00,691] {logging_mixin.py:109} INFO - [2023-12-06 08:06:00,691] {dagbag.py:496} INFO - Filling up the DagBag from /home/airflow/.local/lib/python3.6/site-packages/airflow/example_dags/example_xcomargs.py
[2023-12-06 08:06:00,708] {processor.py:623} INFO - DAG(s) dict_keys(['example_xcom_args', 'example_xcom_args_with_operators']) retrieved from /home/airflow/.local/lib/python3.6/site-packages/airflow/example_dags/example_xcomargs.py
[2023-12-06 08:06:00,860] {logging_mixin.py:109} INFO - [2023-12-06 08:06:00,860] {dag.py:1834} INFO - Sync 2 DAGs
[2023-12-06 08:06:00,870] {logging_mixin.py:109} INFO - [2023-12-06 08:06:00,870] {dag.py:2287} INFO - Setting next_dagrun for example_xcom_args to None
[2023-12-06 08:06:00,871] {logging_mixin.py:109} INFO - [2023-12-06 08:06:00,871] {dag.py:2287} INFO - Setting next_dagrun for example_xcom_args_with_operators to None
[2023-12-06 08:06:00,883] {processor.py:170} INFO - Processing /home/airflow/.local/lib/python3.6/site-packages/airflow/example_dags/example_xcomargs.py took 0.196 seconds
[2023-12-06 08:06:31,367] {processor.py:162} INFO - Started process (PID=8626) to work on /home/airflow/.local/lib/python3.6/site-packages/airflow/example_dags/example_xcomargs.py
[2023-12-06 08:06:31,369] {processor.py:613} INFO - Processing file /home/airflow/.local/lib/python3.6/site-packages/airflow/example_dags/example_xcomargs.py for tasks to queue
[2023-12-06 08:06:31,370] {logging_mixin.py:109} INFO - [2023-12-06 08:06:31,370] {dagbag.py:496} INFO - Filling up the DagBag from /home/airflow/.local/lib/python3.6/site-packages/airflow/example_dags/example_xcomargs.py
[2023-12-06 08:06:31,385] {processor.py:623} INFO - DAG(s) dict_keys(['example_xcom_args', 'example_xcom_args_with_operators']) retrieved from /home/airflow/.local/lib/python3.6/site-packages/airflow/example_dags/example_xcomargs.py
[2023-12-06 08:06:31,540] {logging_mixin.py:109} INFO - [2023-12-06 08:06:31,540] {dag.py:1834} INFO - Sync 2 DAGs
[2023-12-06 08:06:31,549] {logging_mixin.py:109} INFO - [2023-12-06 08:06:31,549] {dag.py:2287} INFO - Setting next_dagrun for example_xcom_args to None
[2023-12-06 08:06:31,550] {logging_mixin.py:109} INFO - [2023-12-06 08:06:31,550] {dag.py:2287} INFO - Setting next_dagrun for example_xcom_args_with_operators to None
[2023-12-06 08:06:31,565] {processor.py:170} INFO - Processing /home/airflow/.local/lib/python3.6/site-packages/airflow/example_dags/example_xcomargs.py took 0.199 seconds
[2023-12-06 08:07:02,015] {processor.py:162} INFO - Started process (PID=8822) to work on /home/airflow/.local/lib/python3.6/site-packages/airflow/example_dags/example_xcomargs.py
[2023-12-06 08:07:02,016] {processor.py:613} INFO - Processing file /home/airflow/.local/lib/python3.6/site-packages/airflow/example_dags/example_xcomargs.py for tasks to queue
[2023-12-06 08:07:02,016] {logging_mixin.py:109} INFO - [2023-12-06 08:07:02,016] {dagbag.py:496} INFO - Filling up the DagBag from /home/airflow/.local/lib/python3.6/site-packages/airflow/example_dags/example_xcomargs.py
[2023-12-06 08:07:02,030] {processor.py:623} INFO - DAG(s) dict_keys(['example_xcom_args', 'example_xcom_args_with_operators']) retrieved from /home/airflow/.local/lib/python3.6/site-packages/airflow/example_dags/example_xcomargs.py
[2023-12-06 08:07:02,175] {logging_mixin.py:109} INFO - [2023-12-06 08:07:02,174] {dag.py:1834} INFO - Sync 2 DAGs
[2023-12-06 08:07:02,184] {logging_mixin.py:109} INFO - [2023-12-06 08:07:02,183] {dag.py:2287} INFO - Setting next_dagrun for example_xcom_args to None
[2023-12-06 08:07:02,184] {logging_mixin.py:109} INFO - [2023-12-06 08:07:02,184] {dag.py:2287} INFO - Setting next_dagrun for example_xcom_args_with_operators to None
[2023-12-06 08:07:02,197] {processor.py:170} INFO - Processing /home/airflow/.local/lib/python3.6/site-packages/airflow/example_dags/example_xcomargs.py took 0.185 seconds
[2023-12-06 08:07:32,538] {processor.py:162} INFO - Started process (PID=9028) to work on /home/airflow/.local/lib/python3.6/site-packages/airflow/example_dags/example_xcomargs.py
[2023-12-06 08:07:32,539] {processor.py:613} INFO - Processing file /home/airflow/.local/lib/python3.6/site-packages/airflow/example_dags/example_xcomargs.py for tasks to queue
[2023-12-06 08:07:32,540] {logging_mixin.py:109} INFO - [2023-12-06 08:07:32,540] {dagbag.py:496} INFO - Filling up the DagBag from /home/airflow/.local/lib/python3.6/site-packages/airflow/example_dags/example_xcomargs.py
[2023-12-06 08:07:32,556] {processor.py:623} INFO - DAG(s) dict_keys(['example_xcom_args', 'example_xcom_args_with_operators']) retrieved from /home/airflow/.local/lib/python3.6/site-packages/airflow/example_dags/example_xcomargs.py
[2023-12-06 08:07:32,706] {logging_mixin.py:109} INFO - [2023-12-06 08:07:32,706] {dag.py:1834} INFO - Sync 2 DAGs
[2023-12-06 08:07:32,716] {logging_mixin.py:109} INFO - [2023-12-06 08:07:32,716] {dag.py:2287} INFO - Setting next_dagrun for example_xcom_args to None
[2023-12-06 08:07:32,716] {logging_mixin.py:109} INFO - [2023-12-06 08:07:32,716] {dag.py:2287} INFO - Setting next_dagrun for example_xcom_args_with_operators to None
[2023-12-06 08:07:32,730] {processor.py:170} INFO - Processing /home/airflow/.local/lib/python3.6/site-packages/airflow/example_dags/example_xcomargs.py took 0.193 seconds
