[2023-12-06 07:46:02,485] {processor.py:162} INFO - Started process (PID=284) to work on /home/airflow/.local/lib/python3.6/site-packages/airflow/example_dags/example_dag_decorator.py
[2023-12-06 07:46:02,487] {processor.py:613} INFO - Processing file /home/airflow/.local/lib/python3.6/site-packages/airflow/example_dags/example_dag_decorator.py for tasks to queue
[2023-12-06 07:46:02,488] {logging_mixin.py:109} INFO - [2023-12-06 07:46:02,488] {dagbag.py:496} INFO - Filling up the DagBag from /home/airflow/.local/lib/python3.6/site-packages/airflow/example_dags/example_dag_decorator.py
[2023-12-06 07:46:02,517] {processor.py:623} INFO - DAG(s) dict_keys(['example_dag_decorator']) retrieved from /home/airflow/.local/lib/python3.6/site-packages/airflow/example_dags/example_dag_decorator.py
[2023-12-06 07:46:02,741] {logging_mixin.py:109} INFO - [2023-12-06 07:46:02,741] {dag.py:1834} INFO - Sync 1 DAGs
[2023-12-06 07:46:02,752] {logging_mixin.py:109} INFO - [2023-12-06 07:46:02,752] {dag.py:2287} INFO - Setting next_dagrun for example_dag_decorator to None
[2023-12-06 07:46:02,765] {processor.py:170} INFO - Processing /home/airflow/.local/lib/python3.6/site-packages/airflow/example_dags/example_dag_decorator.py took 0.283 seconds
[2023-12-06 07:46:33,210] {processor.py:162} INFO - Started process (PID=566) to work on /home/airflow/.local/lib/python3.6/site-packages/airflow/example_dags/example_dag_decorator.py
[2023-12-06 07:46:33,211] {processor.py:613} INFO - Processing file /home/airflow/.local/lib/python3.6/site-packages/airflow/example_dags/example_dag_decorator.py for tasks to queue
[2023-12-06 07:46:33,212] {logging_mixin.py:109} INFO - [2023-12-06 07:46:33,212] {dagbag.py:496} INFO - Filling up the DagBag from /home/airflow/.local/lib/python3.6/site-packages/airflow/example_dags/example_dag_decorator.py
[2023-12-06 07:46:33,228] {processor.py:623} INFO - DAG(s) dict_keys(['example_dag_decorator']) retrieved from /home/airflow/.local/lib/python3.6/site-packages/airflow/example_dags/example_dag_decorator.py
[2023-12-06 07:46:33,383] {logging_mixin.py:109} INFO - [2023-12-06 07:46:33,382] {dag.py:1834} INFO - Sync 1 DAGs
[2023-12-06 07:46:33,392] {logging_mixin.py:109} INFO - [2023-12-06 07:46:33,392] {dag.py:2287} INFO - Setting next_dagrun for example_dag_decorator to None
[2023-12-06 07:46:33,404] {processor.py:170} INFO - Processing /home/airflow/.local/lib/python3.6/site-packages/airflow/example_dags/example_dag_decorator.py took 0.197 seconds
[2023-12-06 07:47:03,931] {processor.py:162} INFO - Started process (PID=771) to work on /home/airflow/.local/lib/python3.6/site-packages/airflow/example_dags/example_dag_decorator.py
[2023-12-06 07:47:03,932] {processor.py:613} INFO - Processing file /home/airflow/.local/lib/python3.6/site-packages/airflow/example_dags/example_dag_decorator.py for tasks to queue
[2023-12-06 07:47:03,933] {logging_mixin.py:109} INFO - [2023-12-06 07:47:03,932] {dagbag.py:496} INFO - Filling up the DagBag from /home/airflow/.local/lib/python3.6/site-packages/airflow/example_dags/example_dag_decorator.py
[2023-12-06 07:47:03,955] {processor.py:623} INFO - DAG(s) dict_keys(['example_dag_decorator']) retrieved from /home/airflow/.local/lib/python3.6/site-packages/airflow/example_dags/example_dag_decorator.py
[2023-12-06 07:47:03,972] {logging_mixin.py:109} INFO - [2023-12-06 07:47:03,972] {dag.py:1834} INFO - Sync 1 DAGs
[2023-12-06 07:47:03,982] {logging_mixin.py:109} INFO - [2023-12-06 07:47:03,982] {dag.py:2287} INFO - Setting next_dagrun for example_dag_decorator to None
[2023-12-06 07:47:03,991] {processor.py:170} INFO - Processing /home/airflow/.local/lib/python3.6/site-packages/airflow/example_dags/example_dag_decorator.py took 0.063 seconds
[2023-12-06 07:47:34,608] {processor.py:162} INFO - Started process (PID=966) to work on /home/airflow/.local/lib/python3.6/site-packages/airflow/example_dags/example_dag_decorator.py
[2023-12-06 07:47:34,610] {processor.py:613} INFO - Processing file /home/airflow/.local/lib/python3.6/site-packages/airflow/example_dags/example_dag_decorator.py for tasks to queue
[2023-12-06 07:47:34,611] {logging_mixin.py:109} INFO - [2023-12-06 07:47:34,611] {dagbag.py:496} INFO - Filling up the DagBag from /home/airflow/.local/lib/python3.6/site-packages/airflow/example_dags/example_dag_decorator.py
[2023-12-06 07:47:34,625] {processor.py:623} INFO - DAG(s) dict_keys(['example_dag_decorator']) retrieved from /home/airflow/.local/lib/python3.6/site-packages/airflow/example_dags/example_dag_decorator.py
[2023-12-06 07:47:34,770] {logging_mixin.py:109} INFO - [2023-12-06 07:47:34,770] {dag.py:1834} INFO - Sync 1 DAGs
[2023-12-06 07:47:34,780] {logging_mixin.py:109} INFO - [2023-12-06 07:47:34,780] {dag.py:2287} INFO - Setting next_dagrun for example_dag_decorator to None
[2023-12-06 07:47:34,792] {processor.py:170} INFO - Processing /home/airflow/.local/lib/python3.6/site-packages/airflow/example_dags/example_dag_decorator.py took 0.186 seconds
[2023-12-06 07:48:05,140] {processor.py:162} INFO - Started process (PID=1171) to work on /home/airflow/.local/lib/python3.6/site-packages/airflow/example_dags/example_dag_decorator.py
[2023-12-06 07:48:05,140] {processor.py:613} INFO - Processing file /home/airflow/.local/lib/python3.6/site-packages/airflow/example_dags/example_dag_decorator.py for tasks to queue
[2023-12-06 07:48:05,141] {logging_mixin.py:109} INFO - [2023-12-06 07:48:05,141] {dagbag.py:496} INFO - Filling up the DagBag from /home/airflow/.local/lib/python3.6/site-packages/airflow/example_dags/example_dag_decorator.py
[2023-12-06 07:48:05,155] {processor.py:623} INFO - DAG(s) dict_keys(['example_dag_decorator']) retrieved from /home/airflow/.local/lib/python3.6/site-packages/airflow/example_dags/example_dag_decorator.py
[2023-12-06 07:48:05,325] {logging_mixin.py:109} INFO - [2023-12-06 07:48:05,324] {dag.py:1834} INFO - Sync 1 DAGs
[2023-12-06 07:48:05,334] {logging_mixin.py:109} INFO - [2023-12-06 07:48:05,334] {dag.py:2287} INFO - Setting next_dagrun for example_dag_decorator to None
[2023-12-06 07:48:05,346] {processor.py:170} INFO - Processing /home/airflow/.local/lib/python3.6/site-packages/airflow/example_dags/example_dag_decorator.py took 0.209 seconds
[2023-12-06 07:48:35,772] {processor.py:162} INFO - Started process (PID=1366) to work on /home/airflow/.local/lib/python3.6/site-packages/airflow/example_dags/example_dag_decorator.py
[2023-12-06 07:48:35,779] {processor.py:613} INFO - Processing file /home/airflow/.local/lib/python3.6/site-packages/airflow/example_dags/example_dag_decorator.py for tasks to queue
[2023-12-06 07:48:35,780] {logging_mixin.py:109} INFO - [2023-12-06 07:48:35,780] {dagbag.py:496} INFO - Filling up the DagBag from /home/airflow/.local/lib/python3.6/site-packages/airflow/example_dags/example_dag_decorator.py
[2023-12-06 07:48:35,795] {processor.py:623} INFO - DAG(s) dict_keys(['example_dag_decorator']) retrieved from /home/airflow/.local/lib/python3.6/site-packages/airflow/example_dags/example_dag_decorator.py
[2023-12-06 07:48:35,941] {logging_mixin.py:109} INFO - [2023-12-06 07:48:35,941] {dag.py:1834} INFO - Sync 1 DAGs
[2023-12-06 07:48:35,951] {logging_mixin.py:109} INFO - [2023-12-06 07:48:35,951] {dag.py:2287} INFO - Setting next_dagrun for example_dag_decorator to None
[2023-12-06 07:48:35,962] {processor.py:170} INFO - Processing /home/airflow/.local/lib/python3.6/site-packages/airflow/example_dags/example_dag_decorator.py took 0.194 seconds
[2023-12-06 07:49:06,435] {processor.py:162} INFO - Started process (PID=1571) to work on /home/airflow/.local/lib/python3.6/site-packages/airflow/example_dags/example_dag_decorator.py
[2023-12-06 07:49:06,439] {processor.py:613} INFO - Processing file /home/airflow/.local/lib/python3.6/site-packages/airflow/example_dags/example_dag_decorator.py for tasks to queue
[2023-12-06 07:49:06,440] {logging_mixin.py:109} INFO - [2023-12-06 07:49:06,440] {dagbag.py:496} INFO - Filling up the DagBag from /home/airflow/.local/lib/python3.6/site-packages/airflow/example_dags/example_dag_decorator.py
[2023-12-06 07:49:06,456] {processor.py:623} INFO - DAG(s) dict_keys(['example_dag_decorator']) retrieved from /home/airflow/.local/lib/python3.6/site-packages/airflow/example_dags/example_dag_decorator.py
[2023-12-06 07:49:06,603] {logging_mixin.py:109} INFO - [2023-12-06 07:49:06,602] {dag.py:1834} INFO - Sync 1 DAGs
[2023-12-06 07:49:06,611] {logging_mixin.py:109} INFO - [2023-12-06 07:49:06,611] {dag.py:2287} INFO - Setting next_dagrun for example_dag_decorator to None
[2023-12-06 07:49:06,622] {processor.py:170} INFO - Processing /home/airflow/.local/lib/python3.6/site-packages/airflow/example_dags/example_dag_decorator.py took 0.189 seconds
[2023-12-06 07:49:37,053] {processor.py:162} INFO - Started process (PID=1776) to work on /home/airflow/.local/lib/python3.6/site-packages/airflow/example_dags/example_dag_decorator.py
[2023-12-06 07:49:37,057] {processor.py:613} INFO - Processing file /home/airflow/.local/lib/python3.6/site-packages/airflow/example_dags/example_dag_decorator.py for tasks to queue
[2023-12-06 07:49:37,058] {logging_mixin.py:109} INFO - [2023-12-06 07:49:37,058] {dagbag.py:496} INFO - Filling up the DagBag from /home/airflow/.local/lib/python3.6/site-packages/airflow/example_dags/example_dag_decorator.py
[2023-12-06 07:49:37,083] {processor.py:623} INFO - DAG(s) dict_keys(['example_dag_decorator']) retrieved from /home/airflow/.local/lib/python3.6/site-packages/airflow/example_dags/example_dag_decorator.py
[2023-12-06 07:49:37,268] {logging_mixin.py:109} INFO - [2023-12-06 07:49:37,267] {dag.py:1834} INFO - Sync 1 DAGs
[2023-12-06 07:49:37,278] {logging_mixin.py:109} INFO - [2023-12-06 07:49:37,278] {dag.py:2287} INFO - Setting next_dagrun for example_dag_decorator to None
[2023-12-06 07:49:37,291] {processor.py:170} INFO - Processing /home/airflow/.local/lib/python3.6/site-packages/airflow/example_dags/example_dag_decorator.py took 0.241 seconds
[2023-12-06 07:50:07,740] {processor.py:162} INFO - Started process (PID=1971) to work on /home/airflow/.local/lib/python3.6/site-packages/airflow/example_dags/example_dag_decorator.py
[2023-12-06 07:50:07,741] {processor.py:613} INFO - Processing file /home/airflow/.local/lib/python3.6/site-packages/airflow/example_dags/example_dag_decorator.py for tasks to queue
[2023-12-06 07:50:07,741] {logging_mixin.py:109} INFO - [2023-12-06 07:50:07,741] {dagbag.py:496} INFO - Filling up the DagBag from /home/airflow/.local/lib/python3.6/site-packages/airflow/example_dags/example_dag_decorator.py
[2023-12-06 07:50:07,755] {processor.py:623} INFO - DAG(s) dict_keys(['example_dag_decorator']) retrieved from /home/airflow/.local/lib/python3.6/site-packages/airflow/example_dags/example_dag_decorator.py
[2023-12-06 07:50:07,923] {logging_mixin.py:109} INFO - [2023-12-06 07:50:07,922] {dag.py:1834} INFO - Sync 1 DAGs
[2023-12-06 07:50:07,934] {logging_mixin.py:109} INFO - [2023-12-06 07:50:07,934] {dag.py:2287} INFO - Setting next_dagrun for example_dag_decorator to None
[2023-12-06 07:50:07,945] {processor.py:170} INFO - Processing /home/airflow/.local/lib/python3.6/site-packages/airflow/example_dags/example_dag_decorator.py took 0.209 seconds
[2023-12-06 07:50:38,397] {processor.py:162} INFO - Started process (PID=2176) to work on /home/airflow/.local/lib/python3.6/site-packages/airflow/example_dags/example_dag_decorator.py
[2023-12-06 07:50:38,399] {processor.py:613} INFO - Processing file /home/airflow/.local/lib/python3.6/site-packages/airflow/example_dags/example_dag_decorator.py for tasks to queue
[2023-12-06 07:50:38,399] {logging_mixin.py:109} INFO - [2023-12-06 07:50:38,399] {dagbag.py:496} INFO - Filling up the DagBag from /home/airflow/.local/lib/python3.6/site-packages/airflow/example_dags/example_dag_decorator.py
[2023-12-06 07:50:38,417] {processor.py:623} INFO - DAG(s) dict_keys(['example_dag_decorator']) retrieved from /home/airflow/.local/lib/python3.6/site-packages/airflow/example_dags/example_dag_decorator.py
[2023-12-06 07:50:38,434] {logging_mixin.py:109} INFO - [2023-12-06 07:50:38,434] {dag.py:1834} INFO - Sync 1 DAGs
[2023-12-06 07:50:38,447] {logging_mixin.py:109} INFO - [2023-12-06 07:50:38,446] {dag.py:2287} INFO - Setting next_dagrun for example_dag_decorator to None
[2023-12-06 07:50:38,457] {processor.py:170} INFO - Processing /home/airflow/.local/lib/python3.6/site-packages/airflow/example_dags/example_dag_decorator.py took 0.064 seconds
[2023-12-06 07:51:08,713] {processor.py:162} INFO - Started process (PID=2350) to work on /home/airflow/.local/lib/python3.6/site-packages/airflow/example_dags/example_dag_decorator.py
[2023-12-06 07:51:08,715] {processor.py:613} INFO - Processing file /home/airflow/.local/lib/python3.6/site-packages/airflow/example_dags/example_dag_decorator.py for tasks to queue
[2023-12-06 07:51:08,715] {logging_mixin.py:109} INFO - [2023-12-06 07:51:08,715] {dagbag.py:496} INFO - Filling up the DagBag from /home/airflow/.local/lib/python3.6/site-packages/airflow/example_dags/example_dag_decorator.py
[2023-12-06 07:51:08,729] {processor.py:623} INFO - DAG(s) dict_keys(['example_dag_decorator']) retrieved from /home/airflow/.local/lib/python3.6/site-packages/airflow/example_dags/example_dag_decorator.py
[2023-12-06 07:51:08,873] {logging_mixin.py:109} INFO - [2023-12-06 07:51:08,873] {dag.py:1834} INFO - Sync 1 DAGs
[2023-12-06 07:51:08,884] {logging_mixin.py:109} INFO - [2023-12-06 07:51:08,884] {dag.py:2287} INFO - Setting next_dagrun for example_dag_decorator to None
[2023-12-06 07:51:08,896] {processor.py:170} INFO - Processing /home/airflow/.local/lib/python3.6/site-packages/airflow/example_dags/example_dag_decorator.py took 0.185 seconds
[2023-12-06 07:51:39,331] {processor.py:162} INFO - Started process (PID=2555) to work on /home/airflow/.local/lib/python3.6/site-packages/airflow/example_dags/example_dag_decorator.py
[2023-12-06 07:51:39,331] {processor.py:613} INFO - Processing file /home/airflow/.local/lib/python3.6/site-packages/airflow/example_dags/example_dag_decorator.py for tasks to queue
[2023-12-06 07:51:39,332] {logging_mixin.py:109} INFO - [2023-12-06 07:51:39,332] {dagbag.py:496} INFO - Filling up the DagBag from /home/airflow/.local/lib/python3.6/site-packages/airflow/example_dags/example_dag_decorator.py
[2023-12-06 07:51:39,346] {processor.py:623} INFO - DAG(s) dict_keys(['example_dag_decorator']) retrieved from /home/airflow/.local/lib/python3.6/site-packages/airflow/example_dags/example_dag_decorator.py
[2023-12-06 07:51:39,494] {logging_mixin.py:109} INFO - [2023-12-06 07:51:39,494] {dag.py:1834} INFO - Sync 1 DAGs
[2023-12-06 07:51:39,504] {logging_mixin.py:109} INFO - [2023-12-06 07:51:39,503] {dag.py:2287} INFO - Setting next_dagrun for example_dag_decorator to None
[2023-12-06 07:51:39,516] {processor.py:170} INFO - Processing /home/airflow/.local/lib/python3.6/site-packages/airflow/example_dags/example_dag_decorator.py took 0.187 seconds
[2023-12-06 07:52:09,863] {processor.py:162} INFO - Started process (PID=2760) to work on /home/airflow/.local/lib/python3.6/site-packages/airflow/example_dags/example_dag_decorator.py
[2023-12-06 07:52:09,864] {processor.py:613} INFO - Processing file /home/airflow/.local/lib/python3.6/site-packages/airflow/example_dags/example_dag_decorator.py for tasks to queue
[2023-12-06 07:52:09,864] {logging_mixin.py:109} INFO - [2023-12-06 07:52:09,864] {dagbag.py:496} INFO - Filling up the DagBag from /home/airflow/.local/lib/python3.6/site-packages/airflow/example_dags/example_dag_decorator.py
[2023-12-06 07:52:09,878] {processor.py:623} INFO - DAG(s) dict_keys(['example_dag_decorator']) retrieved from /home/airflow/.local/lib/python3.6/site-packages/airflow/example_dags/example_dag_decorator.py
[2023-12-06 07:52:10,026] {logging_mixin.py:109} INFO - [2023-12-06 07:52:10,026] {dag.py:1834} INFO - Sync 1 DAGs
[2023-12-06 07:52:10,035] {logging_mixin.py:109} INFO - [2023-12-06 07:52:10,035] {dag.py:2287} INFO - Setting next_dagrun for example_dag_decorator to None
[2023-12-06 07:52:10,046] {processor.py:170} INFO - Processing /home/airflow/.local/lib/python3.6/site-packages/airflow/example_dags/example_dag_decorator.py took 0.185 seconds
[2023-12-06 07:52:40,384] {processor.py:162} INFO - Started process (PID=2955) to work on /home/airflow/.local/lib/python3.6/site-packages/airflow/example_dags/example_dag_decorator.py
[2023-12-06 07:52:40,385] {processor.py:613} INFO - Processing file /home/airflow/.local/lib/python3.6/site-packages/airflow/example_dags/example_dag_decorator.py for tasks to queue
[2023-12-06 07:52:40,385] {logging_mixin.py:109} INFO - [2023-12-06 07:52:40,385] {dagbag.py:496} INFO - Filling up the DagBag from /home/airflow/.local/lib/python3.6/site-packages/airflow/example_dags/example_dag_decorator.py
[2023-12-06 07:52:40,398] {processor.py:623} INFO - DAG(s) dict_keys(['example_dag_decorator']) retrieved from /home/airflow/.local/lib/python3.6/site-packages/airflow/example_dags/example_dag_decorator.py
[2023-12-06 07:52:40,550] {logging_mixin.py:109} INFO - [2023-12-06 07:52:40,550] {dag.py:1834} INFO - Sync 1 DAGs
[2023-12-06 07:52:40,558] {logging_mixin.py:109} INFO - [2023-12-06 07:52:40,558] {dag.py:2287} INFO - Setting next_dagrun for example_dag_decorator to None
[2023-12-06 07:52:40,570] {processor.py:170} INFO - Processing /home/airflow/.local/lib/python3.6/site-packages/airflow/example_dags/example_dag_decorator.py took 0.188 seconds
[2023-12-06 07:53:10,779] {processor.py:162} INFO - Started process (PID=3160) to work on /home/airflow/.local/lib/python3.6/site-packages/airflow/example_dags/example_dag_decorator.py
[2023-12-06 07:53:10,780] {processor.py:613} INFO - Processing file /home/airflow/.local/lib/python3.6/site-packages/airflow/example_dags/example_dag_decorator.py for tasks to queue
[2023-12-06 07:53:10,781] {logging_mixin.py:109} INFO - [2023-12-06 07:53:10,781] {dagbag.py:496} INFO - Filling up the DagBag from /home/airflow/.local/lib/python3.6/site-packages/airflow/example_dags/example_dag_decorator.py
[2023-12-06 07:53:10,794] {processor.py:623} INFO - DAG(s) dict_keys(['example_dag_decorator']) retrieved from /home/airflow/.local/lib/python3.6/site-packages/airflow/example_dags/example_dag_decorator.py
[2023-12-06 07:53:10,944] {logging_mixin.py:109} INFO - [2023-12-06 07:53:10,944] {dag.py:1834} INFO - Sync 1 DAGs
[2023-12-06 07:53:10,953] {logging_mixin.py:109} INFO - [2023-12-06 07:53:10,953] {dag.py:2287} INFO - Setting next_dagrun for example_dag_decorator to None
[2023-12-06 07:53:10,964] {processor.py:170} INFO - Processing /home/airflow/.local/lib/python3.6/site-packages/airflow/example_dags/example_dag_decorator.py took 0.187 seconds
[2023-12-06 07:53:41,219] {processor.py:162} INFO - Started process (PID=3364) to work on /home/airflow/.local/lib/python3.6/site-packages/airflow/example_dags/example_dag_decorator.py
[2023-12-06 07:53:41,220] {processor.py:613} INFO - Processing file /home/airflow/.local/lib/python3.6/site-packages/airflow/example_dags/example_dag_decorator.py for tasks to queue
[2023-12-06 07:53:41,221] {logging_mixin.py:109} INFO - [2023-12-06 07:53:41,221] {dagbag.py:496} INFO - Filling up the DagBag from /home/airflow/.local/lib/python3.6/site-packages/airflow/example_dags/example_dag_decorator.py
[2023-12-06 07:53:41,234] {processor.py:623} INFO - DAG(s) dict_keys(['example_dag_decorator']) retrieved from /home/airflow/.local/lib/python3.6/site-packages/airflow/example_dags/example_dag_decorator.py
[2023-12-06 07:53:41,395] {logging_mixin.py:109} INFO - [2023-12-06 07:53:41,395] {dag.py:1834} INFO - Sync 1 DAGs
[2023-12-06 07:53:41,406] {logging_mixin.py:109} INFO - [2023-12-06 07:53:41,406] {dag.py:2287} INFO - Setting next_dagrun for example_dag_decorator to None
[2023-12-06 07:53:41,418] {processor.py:170} INFO - Processing /home/airflow/.local/lib/python3.6/site-packages/airflow/example_dags/example_dag_decorator.py took 0.201 seconds
[2023-12-06 07:54:12,052] {processor.py:162} INFO - Started process (PID=3560) to work on /home/airflow/.local/lib/python3.6/site-packages/airflow/example_dags/example_dag_decorator.py
[2023-12-06 07:54:12,053] {processor.py:613} INFO - Processing file /home/airflow/.local/lib/python3.6/site-packages/airflow/example_dags/example_dag_decorator.py for tasks to queue
[2023-12-06 07:54:12,054] {logging_mixin.py:109} INFO - [2023-12-06 07:54:12,054] {dagbag.py:496} INFO - Filling up the DagBag from /home/airflow/.local/lib/python3.6/site-packages/airflow/example_dags/example_dag_decorator.py
[2023-12-06 07:54:12,067] {processor.py:623} INFO - DAG(s) dict_keys(['example_dag_decorator']) retrieved from /home/airflow/.local/lib/python3.6/site-packages/airflow/example_dags/example_dag_decorator.py
[2023-12-06 07:54:12,088] {logging_mixin.py:109} INFO - [2023-12-06 07:54:12,088] {dag.py:1834} INFO - Sync 1 DAGs
[2023-12-06 07:54:12,104] {logging_mixin.py:109} INFO - [2023-12-06 07:54:12,104] {dag.py:2287} INFO - Setting next_dagrun for example_dag_decorator to None
[2023-12-06 07:54:12,118] {processor.py:170} INFO - Processing /home/airflow/.local/lib/python3.6/site-packages/airflow/example_dags/example_dag_decorator.py took 0.068 seconds
[2023-12-06 07:54:42,780] {processor.py:162} INFO - Started process (PID=3765) to work on /home/airflow/.local/lib/python3.6/site-packages/airflow/example_dags/example_dag_decorator.py
[2023-12-06 07:54:42,781] {processor.py:613} INFO - Processing file /home/airflow/.local/lib/python3.6/site-packages/airflow/example_dags/example_dag_decorator.py for tasks to queue
[2023-12-06 07:54:42,782] {logging_mixin.py:109} INFO - [2023-12-06 07:54:42,782] {dagbag.py:496} INFO - Filling up the DagBag from /home/airflow/.local/lib/python3.6/site-packages/airflow/example_dags/example_dag_decorator.py
[2023-12-06 07:54:42,798] {processor.py:623} INFO - DAG(s) dict_keys(['example_dag_decorator']) retrieved from /home/airflow/.local/lib/python3.6/site-packages/airflow/example_dags/example_dag_decorator.py
[2023-12-06 07:54:42,968] {logging_mixin.py:109} INFO - [2023-12-06 07:54:42,968] {dag.py:1834} INFO - Sync 1 DAGs
[2023-12-06 07:54:42,978] {logging_mixin.py:109} INFO - [2023-12-06 07:54:42,978] {dag.py:2287} INFO - Setting next_dagrun for example_dag_decorator to None
[2023-12-06 07:54:42,992] {processor.py:170} INFO - Processing /home/airflow/.local/lib/python3.6/site-packages/airflow/example_dags/example_dag_decorator.py took 0.213 seconds
[2023-12-06 07:55:13,376] {processor.py:162} INFO - Started process (PID=3960) to work on /home/airflow/.local/lib/python3.6/site-packages/airflow/example_dags/example_dag_decorator.py
[2023-12-06 07:55:13,377] {processor.py:613} INFO - Processing file /home/airflow/.local/lib/python3.6/site-packages/airflow/example_dags/example_dag_decorator.py for tasks to queue
[2023-12-06 07:55:13,378] {logging_mixin.py:109} INFO - [2023-12-06 07:55:13,378] {dagbag.py:496} INFO - Filling up the DagBag from /home/airflow/.local/lib/python3.6/site-packages/airflow/example_dags/example_dag_decorator.py
[2023-12-06 07:55:13,392] {processor.py:623} INFO - DAG(s) dict_keys(['example_dag_decorator']) retrieved from /home/airflow/.local/lib/python3.6/site-packages/airflow/example_dags/example_dag_decorator.py
[2023-12-06 07:55:13,539] {logging_mixin.py:109} INFO - [2023-12-06 07:55:13,538] {dag.py:1834} INFO - Sync 1 DAGs
[2023-12-06 07:55:13,549] {logging_mixin.py:109} INFO - [2023-12-06 07:55:13,549] {dag.py:2287} INFO - Setting next_dagrun for example_dag_decorator to None
[2023-12-06 07:55:13,560] {processor.py:170} INFO - Processing /home/airflow/.local/lib/python3.6/site-packages/airflow/example_dags/example_dag_decorator.py took 0.186 seconds
[2023-12-06 07:55:44,044] {processor.py:162} INFO - Started process (PID=4165) to work on /home/airflow/.local/lib/python3.6/site-packages/airflow/example_dags/example_dag_decorator.py
[2023-12-06 07:55:44,045] {processor.py:613} INFO - Processing file /home/airflow/.local/lib/python3.6/site-packages/airflow/example_dags/example_dag_decorator.py for tasks to queue
[2023-12-06 07:55:44,046] {logging_mixin.py:109} INFO - [2023-12-06 07:55:44,046] {dagbag.py:496} INFO - Filling up the DagBag from /home/airflow/.local/lib/python3.6/site-packages/airflow/example_dags/example_dag_decorator.py
[2023-12-06 07:55:44,061] {processor.py:623} INFO - DAG(s) dict_keys(['example_dag_decorator']) retrieved from /home/airflow/.local/lib/python3.6/site-packages/airflow/example_dags/example_dag_decorator.py
[2023-12-06 07:55:44,218] {logging_mixin.py:109} INFO - [2023-12-06 07:55:44,218] {dag.py:1834} INFO - Sync 1 DAGs
[2023-12-06 07:55:44,228] {logging_mixin.py:109} INFO - [2023-12-06 07:55:44,228] {dag.py:2287} INFO - Setting next_dagrun for example_dag_decorator to None
[2023-12-06 07:55:44,240] {processor.py:170} INFO - Processing /home/airflow/.local/lib/python3.6/site-packages/airflow/example_dags/example_dag_decorator.py took 0.197 seconds
[2023-12-06 07:56:14,788] {processor.py:162} INFO - Started process (PID=4370) to work on /home/airflow/.local/lib/python3.6/site-packages/airflow/example_dags/example_dag_decorator.py
[2023-12-06 07:56:14,789] {processor.py:613} INFO - Processing file /home/airflow/.local/lib/python3.6/site-packages/airflow/example_dags/example_dag_decorator.py for tasks to queue
[2023-12-06 07:56:14,789] {logging_mixin.py:109} INFO - [2023-12-06 07:56:14,789] {dagbag.py:496} INFO - Filling up the DagBag from /home/airflow/.local/lib/python3.6/site-packages/airflow/example_dags/example_dag_decorator.py
[2023-12-06 07:56:14,804] {processor.py:623} INFO - DAG(s) dict_keys(['example_dag_decorator']) retrieved from /home/airflow/.local/lib/python3.6/site-packages/airflow/example_dags/example_dag_decorator.py
[2023-12-06 07:56:14,956] {logging_mixin.py:109} INFO - [2023-12-06 07:56:14,956] {dag.py:1834} INFO - Sync 1 DAGs
[2023-12-06 07:56:14,967] {logging_mixin.py:109} INFO - [2023-12-06 07:56:14,967] {dag.py:2287} INFO - Setting next_dagrun for example_dag_decorator to None
[2023-12-06 07:56:14,979] {processor.py:170} INFO - Processing /home/airflow/.local/lib/python3.6/site-packages/airflow/example_dags/example_dag_decorator.py took 0.193 seconds
[2023-12-06 07:56:45,424] {processor.py:162} INFO - Started process (PID=4565) to work on /home/airflow/.local/lib/python3.6/site-packages/airflow/example_dags/example_dag_decorator.py
[2023-12-06 07:56:45,425] {processor.py:613} INFO - Processing file /home/airflow/.local/lib/python3.6/site-packages/airflow/example_dags/example_dag_decorator.py for tasks to queue
[2023-12-06 07:56:45,426] {logging_mixin.py:109} INFO - [2023-12-06 07:56:45,426] {dagbag.py:496} INFO - Filling up the DagBag from /home/airflow/.local/lib/python3.6/site-packages/airflow/example_dags/example_dag_decorator.py
[2023-12-06 07:56:45,441] {processor.py:623} INFO - DAG(s) dict_keys(['example_dag_decorator']) retrieved from /home/airflow/.local/lib/python3.6/site-packages/airflow/example_dags/example_dag_decorator.py
[2023-12-06 07:56:45,620] {logging_mixin.py:109} INFO - [2023-12-06 07:56:45,620] {dag.py:1834} INFO - Sync 1 DAGs
[2023-12-06 07:56:45,633] {logging_mixin.py:109} INFO - [2023-12-06 07:56:45,633] {dag.py:2287} INFO - Setting next_dagrun for example_dag_decorator to None
[2023-12-06 07:56:45,645] {processor.py:170} INFO - Processing /home/airflow/.local/lib/python3.6/site-packages/airflow/example_dags/example_dag_decorator.py took 0.222 seconds
[2023-12-06 07:57:16,008] {processor.py:162} INFO - Started process (PID=4770) to work on /home/airflow/.local/lib/python3.6/site-packages/airflow/example_dags/example_dag_decorator.py
[2023-12-06 07:57:16,009] {processor.py:613} INFO - Processing file /home/airflow/.local/lib/python3.6/site-packages/airflow/example_dags/example_dag_decorator.py for tasks to queue
[2023-12-06 07:57:16,009] {logging_mixin.py:109} INFO - [2023-12-06 07:57:16,009] {dagbag.py:496} INFO - Filling up the DagBag from /home/airflow/.local/lib/python3.6/site-packages/airflow/example_dags/example_dag_decorator.py
[2023-12-06 07:57:16,023] {processor.py:623} INFO - DAG(s) dict_keys(['example_dag_decorator']) retrieved from /home/airflow/.local/lib/python3.6/site-packages/airflow/example_dags/example_dag_decorator.py
[2023-12-06 07:57:16,173] {logging_mixin.py:109} INFO - [2023-12-06 07:57:16,173] {dag.py:1834} INFO - Sync 1 DAGs
[2023-12-06 07:57:16,182] {logging_mixin.py:109} INFO - [2023-12-06 07:57:16,182] {dag.py:2287} INFO - Setting next_dagrun for example_dag_decorator to None
[2023-12-06 07:57:16,193] {processor.py:170} INFO - Processing /home/airflow/.local/lib/python3.6/site-packages/airflow/example_dags/example_dag_decorator.py took 0.187 seconds
[2023-12-06 07:57:46,623] {processor.py:162} INFO - Started process (PID=4974) to work on /home/airflow/.local/lib/python3.6/site-packages/airflow/example_dags/example_dag_decorator.py
[2023-12-06 07:57:46,624] {processor.py:613} INFO - Processing file /home/airflow/.local/lib/python3.6/site-packages/airflow/example_dags/example_dag_decorator.py for tasks to queue
[2023-12-06 07:57:46,625] {logging_mixin.py:109} INFO - [2023-12-06 07:57:46,625] {dagbag.py:496} INFO - Filling up the DagBag from /home/airflow/.local/lib/python3.6/site-packages/airflow/example_dags/example_dag_decorator.py
[2023-12-06 07:57:46,639] {processor.py:623} INFO - DAG(s) dict_keys(['example_dag_decorator']) retrieved from /home/airflow/.local/lib/python3.6/site-packages/airflow/example_dags/example_dag_decorator.py
[2023-12-06 07:57:46,790] {logging_mixin.py:109} INFO - [2023-12-06 07:57:46,790] {dag.py:1834} INFO - Sync 1 DAGs
[2023-12-06 07:57:46,799] {logging_mixin.py:109} INFO - [2023-12-06 07:57:46,799] {dag.py:2287} INFO - Setting next_dagrun for example_dag_decorator to None
[2023-12-06 07:57:46,810] {processor.py:170} INFO - Processing /home/airflow/.local/lib/python3.6/site-packages/airflow/example_dags/example_dag_decorator.py took 0.189 seconds
[2023-12-06 07:58:17,243] {processor.py:162} INFO - Started process (PID=5171) to work on /home/airflow/.local/lib/python3.6/site-packages/airflow/example_dags/example_dag_decorator.py
[2023-12-06 07:58:17,244] {processor.py:613} INFO - Processing file /home/airflow/.local/lib/python3.6/site-packages/airflow/example_dags/example_dag_decorator.py for tasks to queue
[2023-12-06 07:58:17,244] {logging_mixin.py:109} INFO - [2023-12-06 07:58:17,244] {dagbag.py:496} INFO - Filling up the DagBag from /home/airflow/.local/lib/python3.6/site-packages/airflow/example_dags/example_dag_decorator.py
[2023-12-06 07:58:17,261] {processor.py:623} INFO - DAG(s) dict_keys(['example_dag_decorator']) retrieved from /home/airflow/.local/lib/python3.6/site-packages/airflow/example_dags/example_dag_decorator.py
[2023-12-06 07:58:17,412] {logging_mixin.py:109} INFO - [2023-12-06 07:58:17,412] {dag.py:1834} INFO - Sync 1 DAGs
[2023-12-06 07:58:17,422] {logging_mixin.py:109} INFO - [2023-12-06 07:58:17,422] {dag.py:2287} INFO - Setting next_dagrun for example_dag_decorator to None
[2023-12-06 07:58:17,434] {processor.py:170} INFO - Processing /home/airflow/.local/lib/python3.6/site-packages/airflow/example_dags/example_dag_decorator.py took 0.193 seconds
[2023-12-06 07:58:47,993] {processor.py:162} INFO - Started process (PID=5376) to work on /home/airflow/.local/lib/python3.6/site-packages/airflow/example_dags/example_dag_decorator.py
[2023-12-06 07:58:47,994] {processor.py:613} INFO - Processing file /home/airflow/.local/lib/python3.6/site-packages/airflow/example_dags/example_dag_decorator.py for tasks to queue
[2023-12-06 07:58:47,995] {logging_mixin.py:109} INFO - [2023-12-06 07:58:47,995] {dagbag.py:496} INFO - Filling up the DagBag from /home/airflow/.local/lib/python3.6/site-packages/airflow/example_dags/example_dag_decorator.py
[2023-12-06 07:58:48,009] {processor.py:623} INFO - DAG(s) dict_keys(['example_dag_decorator']) retrieved from /home/airflow/.local/lib/python3.6/site-packages/airflow/example_dags/example_dag_decorator.py
[2023-12-06 07:58:48,168] {logging_mixin.py:109} INFO - [2023-12-06 07:58:48,168] {dag.py:1834} INFO - Sync 1 DAGs
[2023-12-06 07:58:48,179] {logging_mixin.py:109} INFO - [2023-12-06 07:58:48,179] {dag.py:2287} INFO - Setting next_dagrun for example_dag_decorator to None
[2023-12-06 07:58:48,191] {processor.py:170} INFO - Processing /home/airflow/.local/lib/python3.6/site-packages/airflow/example_dags/example_dag_decorator.py took 0.200 seconds
[2023-12-06 07:59:18,738] {processor.py:162} INFO - Started process (PID=5571) to work on /home/airflow/.local/lib/python3.6/site-packages/airflow/example_dags/example_dag_decorator.py
[2023-12-06 07:59:18,739] {processor.py:613} INFO - Processing file /home/airflow/.local/lib/python3.6/site-packages/airflow/example_dags/example_dag_decorator.py for tasks to queue
[2023-12-06 07:59:18,739] {logging_mixin.py:109} INFO - [2023-12-06 07:59:18,739] {dagbag.py:496} INFO - Filling up the DagBag from /home/airflow/.local/lib/python3.6/site-packages/airflow/example_dags/example_dag_decorator.py
[2023-12-06 07:59:18,752] {processor.py:623} INFO - DAG(s) dict_keys(['example_dag_decorator']) retrieved from /home/airflow/.local/lib/python3.6/site-packages/airflow/example_dags/example_dag_decorator.py
[2023-12-06 07:59:18,901] {logging_mixin.py:109} INFO - [2023-12-06 07:59:18,901] {dag.py:1834} INFO - Sync 1 DAGs
[2023-12-06 07:59:18,911] {logging_mixin.py:109} INFO - [2023-12-06 07:59:18,911] {dag.py:2287} INFO - Setting next_dagrun for example_dag_decorator to None
[2023-12-06 07:59:18,923] {processor.py:170} INFO - Processing /home/airflow/.local/lib/python3.6/site-packages/airflow/example_dags/example_dag_decorator.py took 0.187 seconds
[2023-12-06 07:59:49,365] {processor.py:162} INFO - Started process (PID=5776) to work on /home/airflow/.local/lib/python3.6/site-packages/airflow/example_dags/example_dag_decorator.py
[2023-12-06 07:59:49,366] {processor.py:613} INFO - Processing file /home/airflow/.local/lib/python3.6/site-packages/airflow/example_dags/example_dag_decorator.py for tasks to queue
[2023-12-06 07:59:49,367] {logging_mixin.py:109} INFO - [2023-12-06 07:59:49,367] {dagbag.py:496} INFO - Filling up the DagBag from /home/airflow/.local/lib/python3.6/site-packages/airflow/example_dags/example_dag_decorator.py
[2023-12-06 07:59:49,380] {processor.py:623} INFO - DAG(s) dict_keys(['example_dag_decorator']) retrieved from /home/airflow/.local/lib/python3.6/site-packages/airflow/example_dags/example_dag_decorator.py
[2023-12-06 07:59:49,528] {logging_mixin.py:109} INFO - [2023-12-06 07:59:49,528] {dag.py:1834} INFO - Sync 1 DAGs
[2023-12-06 07:59:49,538] {logging_mixin.py:109} INFO - [2023-12-06 07:59:49,538] {dag.py:2287} INFO - Setting next_dagrun for example_dag_decorator to None
[2023-12-06 07:59:49,548] {processor.py:170} INFO - Processing /home/airflow/.local/lib/python3.6/site-packages/airflow/example_dags/example_dag_decorator.py took 0.185 seconds
[2023-12-06 08:00:20,065] {processor.py:162} INFO - Started process (PID=6066) to work on /home/airflow/.local/lib/python3.6/site-packages/airflow/example_dags/example_dag_decorator.py
[2023-12-06 08:00:20,065] {processor.py:613} INFO - Processing file /home/airflow/.local/lib/python3.6/site-packages/airflow/example_dags/example_dag_decorator.py for tasks to queue
[2023-12-06 08:00:20,066] {logging_mixin.py:109} INFO - [2023-12-06 08:00:20,066] {dagbag.py:496} INFO - Filling up the DagBag from /home/airflow/.local/lib/python3.6/site-packages/airflow/example_dags/example_dag_decorator.py
[2023-12-06 08:00:20,081] {processor.py:623} INFO - DAG(s) dict_keys(['example_dag_decorator']) retrieved from /home/airflow/.local/lib/python3.6/site-packages/airflow/example_dags/example_dag_decorator.py
[2023-12-06 08:00:20,235] {logging_mixin.py:109} INFO - [2023-12-06 08:00:20,235] {dag.py:1834} INFO - Sync 1 DAGs
[2023-12-06 08:00:20,244] {logging_mixin.py:109} INFO - [2023-12-06 08:00:20,244] {dag.py:2287} INFO - Setting next_dagrun for example_dag_decorator to None
[2023-12-06 08:00:20,255] {processor.py:170} INFO - Processing /home/airflow/.local/lib/python3.6/site-packages/airflow/example_dags/example_dag_decorator.py took 0.192 seconds
[2023-12-06 08:00:50,940] {processor.py:162} INFO - Started process (PID=6260) to work on /home/airflow/.local/lib/python3.6/site-packages/airflow/example_dags/example_dag_decorator.py
[2023-12-06 08:00:50,941] {processor.py:613} INFO - Processing file /home/airflow/.local/lib/python3.6/site-packages/airflow/example_dags/example_dag_decorator.py for tasks to queue
[2023-12-06 08:00:50,941] {logging_mixin.py:109} INFO - [2023-12-06 08:00:50,941] {dagbag.py:496} INFO - Filling up the DagBag from /home/airflow/.local/lib/python3.6/site-packages/airflow/example_dags/example_dag_decorator.py
[2023-12-06 08:00:50,955] {processor.py:623} INFO - DAG(s) dict_keys(['example_dag_decorator']) retrieved from /home/airflow/.local/lib/python3.6/site-packages/airflow/example_dags/example_dag_decorator.py
[2023-12-06 08:00:51,102] {logging_mixin.py:109} INFO - [2023-12-06 08:00:51,102] {dag.py:1834} INFO - Sync 1 DAGs
[2023-12-06 08:00:51,111] {logging_mixin.py:109} INFO - [2023-12-06 08:00:51,111] {dag.py:2287} INFO - Setting next_dagrun for example_dag_decorator to None
[2023-12-06 08:00:51,122] {processor.py:170} INFO - Processing /home/airflow/.local/lib/python3.6/site-packages/airflow/example_dags/example_dag_decorator.py took 0.184 seconds
[2023-12-06 08:01:21,744] {processor.py:162} INFO - Started process (PID=6466) to work on /home/airflow/.local/lib/python3.6/site-packages/airflow/example_dags/example_dag_decorator.py
[2023-12-06 08:01:21,745] {processor.py:613} INFO - Processing file /home/airflow/.local/lib/python3.6/site-packages/airflow/example_dags/example_dag_decorator.py for tasks to queue
[2023-12-06 08:01:21,746] {logging_mixin.py:109} INFO - [2023-12-06 08:01:21,746] {dagbag.py:496} INFO - Filling up the DagBag from /home/airflow/.local/lib/python3.6/site-packages/airflow/example_dags/example_dag_decorator.py
[2023-12-06 08:01:21,759] {processor.py:623} INFO - DAG(s) dict_keys(['example_dag_decorator']) retrieved from /home/airflow/.local/lib/python3.6/site-packages/airflow/example_dags/example_dag_decorator.py
[2023-12-06 08:01:21,904] {logging_mixin.py:109} INFO - [2023-12-06 08:01:21,904] {dag.py:1834} INFO - Sync 1 DAGs
[2023-12-06 08:01:21,914] {logging_mixin.py:109} INFO - [2023-12-06 08:01:21,914] {dag.py:2287} INFO - Setting next_dagrun for example_dag_decorator to None
[2023-12-06 08:01:21,927] {processor.py:170} INFO - Processing /home/airflow/.local/lib/python3.6/site-packages/airflow/example_dags/example_dag_decorator.py took 0.185 seconds
[2023-12-06 08:01:52,357] {processor.py:162} INFO - Started process (PID=6671) to work on /home/airflow/.local/lib/python3.6/site-packages/airflow/example_dags/example_dag_decorator.py
[2023-12-06 08:01:52,359] {processor.py:613} INFO - Processing file /home/airflow/.local/lib/python3.6/site-packages/airflow/example_dags/example_dag_decorator.py for tasks to queue
[2023-12-06 08:01:52,360] {logging_mixin.py:109} INFO - [2023-12-06 08:01:52,360] {dagbag.py:496} INFO - Filling up the DagBag from /home/airflow/.local/lib/python3.6/site-packages/airflow/example_dags/example_dag_decorator.py
[2023-12-06 08:01:52,374] {processor.py:623} INFO - DAG(s) dict_keys(['example_dag_decorator']) retrieved from /home/airflow/.local/lib/python3.6/site-packages/airflow/example_dags/example_dag_decorator.py
[2023-12-06 08:01:52,552] {logging_mixin.py:109} INFO - [2023-12-06 08:01:52,552] {dag.py:1834} INFO - Sync 1 DAGs
[2023-12-06 08:01:52,563] {logging_mixin.py:109} INFO - [2023-12-06 08:01:52,563] {dag.py:2287} INFO - Setting next_dagrun for example_dag_decorator to None
[2023-12-06 08:01:52,575] {processor.py:170} INFO - Processing /home/airflow/.local/lib/python3.6/site-packages/airflow/example_dags/example_dag_decorator.py took 0.219 seconds
[2023-12-06 08:02:23,032] {processor.py:162} INFO - Started process (PID=6867) to work on /home/airflow/.local/lib/python3.6/site-packages/airflow/example_dags/example_dag_decorator.py
[2023-12-06 08:02:23,034] {processor.py:613} INFO - Processing file /home/airflow/.local/lib/python3.6/site-packages/airflow/example_dags/example_dag_decorator.py for tasks to queue
[2023-12-06 08:02:23,034] {logging_mixin.py:109} INFO - [2023-12-06 08:02:23,034] {dagbag.py:496} INFO - Filling up the DagBag from /home/airflow/.local/lib/python3.6/site-packages/airflow/example_dags/example_dag_decorator.py
[2023-12-06 08:02:23,047] {processor.py:623} INFO - DAG(s) dict_keys(['example_dag_decorator']) retrieved from /home/airflow/.local/lib/python3.6/site-packages/airflow/example_dags/example_dag_decorator.py
[2023-12-06 08:02:23,065] {logging_mixin.py:109} INFO - [2023-12-06 08:02:23,065] {dag.py:1834} INFO - Sync 1 DAGs
[2023-12-06 08:02:23,076] {logging_mixin.py:109} INFO - [2023-12-06 08:02:23,076] {dag.py:2287} INFO - Setting next_dagrun for example_dag_decorator to None
[2023-12-06 08:02:23,086] {processor.py:170} INFO - Processing /home/airflow/.local/lib/python3.6/site-packages/airflow/example_dags/example_dag_decorator.py took 0.056 seconds
[2023-12-06 08:02:53,648] {processor.py:162} INFO - Started process (PID=7072) to work on /home/airflow/.local/lib/python3.6/site-packages/airflow/example_dags/example_dag_decorator.py
[2023-12-06 08:02:53,649] {processor.py:613} INFO - Processing file /home/airflow/.local/lib/python3.6/site-packages/airflow/example_dags/example_dag_decorator.py for tasks to queue
[2023-12-06 08:02:53,649] {logging_mixin.py:109} INFO - [2023-12-06 08:02:53,649] {dagbag.py:496} INFO - Filling up the DagBag from /home/airflow/.local/lib/python3.6/site-packages/airflow/example_dags/example_dag_decorator.py
[2023-12-06 08:02:53,663] {processor.py:623} INFO - DAG(s) dict_keys(['example_dag_decorator']) retrieved from /home/airflow/.local/lib/python3.6/site-packages/airflow/example_dags/example_dag_decorator.py
[2023-12-06 08:02:53,809] {logging_mixin.py:109} INFO - [2023-12-06 08:02:53,809] {dag.py:1834} INFO - Sync 1 DAGs
[2023-12-06 08:02:53,821] {logging_mixin.py:109} INFO - [2023-12-06 08:02:53,820] {dag.py:2287} INFO - Setting next_dagrun for example_dag_decorator to None
[2023-12-06 08:02:53,832] {processor.py:170} INFO - Processing /home/airflow/.local/lib/python3.6/site-packages/airflow/example_dags/example_dag_decorator.py took 0.186 seconds
[2023-12-06 08:03:24,307] {processor.py:162} INFO - Started process (PID=7277) to work on /home/airflow/.local/lib/python3.6/site-packages/airflow/example_dags/example_dag_decorator.py
[2023-12-06 08:03:24,309] {processor.py:613} INFO - Processing file /home/airflow/.local/lib/python3.6/site-packages/airflow/example_dags/example_dag_decorator.py for tasks to queue
[2023-12-06 08:03:24,309] {logging_mixin.py:109} INFO - [2023-12-06 08:03:24,309] {dagbag.py:496} INFO - Filling up the DagBag from /home/airflow/.local/lib/python3.6/site-packages/airflow/example_dags/example_dag_decorator.py
[2023-12-06 08:03:24,322] {processor.py:623} INFO - DAG(s) dict_keys(['example_dag_decorator']) retrieved from /home/airflow/.local/lib/python3.6/site-packages/airflow/example_dags/example_dag_decorator.py
[2023-12-06 08:03:24,473] {logging_mixin.py:109} INFO - [2023-12-06 08:03:24,473] {dag.py:1834} INFO - Sync 1 DAGs
[2023-12-06 08:03:24,482] {logging_mixin.py:109} INFO - [2023-12-06 08:03:24,482] {dag.py:2287} INFO - Setting next_dagrun for example_dag_decorator to None
[2023-12-06 08:03:24,494] {processor.py:170} INFO - Processing /home/airflow/.local/lib/python3.6/site-packages/airflow/example_dags/example_dag_decorator.py took 0.188 seconds
[2023-12-06 08:03:55,099] {processor.py:162} INFO - Started process (PID=7473) to work on /home/airflow/.local/lib/python3.6/site-packages/airflow/example_dags/example_dag_decorator.py
[2023-12-06 08:03:55,100] {processor.py:613} INFO - Processing file /home/airflow/.local/lib/python3.6/site-packages/airflow/example_dags/example_dag_decorator.py for tasks to queue
[2023-12-06 08:03:55,101] {logging_mixin.py:109} INFO - [2023-12-06 08:03:55,101] {dagbag.py:496} INFO - Filling up the DagBag from /home/airflow/.local/lib/python3.6/site-packages/airflow/example_dags/example_dag_decorator.py
[2023-12-06 08:03:55,115] {processor.py:623} INFO - DAG(s) dict_keys(['example_dag_decorator']) retrieved from /home/airflow/.local/lib/python3.6/site-packages/airflow/example_dags/example_dag_decorator.py
[2023-12-06 08:03:55,285] {logging_mixin.py:109} INFO - [2023-12-06 08:03:55,285] {dag.py:1834} INFO - Sync 1 DAGs
[2023-12-06 08:03:55,294] {logging_mixin.py:109} INFO - [2023-12-06 08:03:55,294] {dag.py:2287} INFO - Setting next_dagrun for example_dag_decorator to None
[2023-12-06 08:03:55,307] {processor.py:170} INFO - Processing /home/airflow/.local/lib/python3.6/site-packages/airflow/example_dags/example_dag_decorator.py took 0.209 seconds
[2023-12-06 08:04:25,732] {processor.py:162} INFO - Started process (PID=7678) to work on /home/airflow/.local/lib/python3.6/site-packages/airflow/example_dags/example_dag_decorator.py
[2023-12-06 08:04:25,733] {processor.py:613} INFO - Processing file /home/airflow/.local/lib/python3.6/site-packages/airflow/example_dags/example_dag_decorator.py for tasks to queue
[2023-12-06 08:04:25,734] {logging_mixin.py:109} INFO - [2023-12-06 08:04:25,733] {dagbag.py:496} INFO - Filling up the DagBag from /home/airflow/.local/lib/python3.6/site-packages/airflow/example_dags/example_dag_decorator.py
[2023-12-06 08:04:25,747] {processor.py:623} INFO - DAG(s) dict_keys(['example_dag_decorator']) retrieved from /home/airflow/.local/lib/python3.6/site-packages/airflow/example_dags/example_dag_decorator.py
[2023-12-06 08:04:25,763] {logging_mixin.py:109} INFO - [2023-12-06 08:04:25,763] {dag.py:1834} INFO - Sync 1 DAGs
[2023-12-06 08:04:25,774] {logging_mixin.py:109} INFO - [2023-12-06 08:04:25,774] {dag.py:2287} INFO - Setting next_dagrun for example_dag_decorator to None
[2023-12-06 08:04:25,785] {processor.py:170} INFO - Processing /home/airflow/.local/lib/python3.6/site-packages/airflow/example_dags/example_dag_decorator.py took 0.055 seconds
[2023-12-06 08:04:56,088] {processor.py:162} INFO - Started process (PID=7872) to work on /home/airflow/.local/lib/python3.6/site-packages/airflow/example_dags/example_dag_decorator.py
[2023-12-06 08:04:56,089] {processor.py:613} INFO - Processing file /home/airflow/.local/lib/python3.6/site-packages/airflow/example_dags/example_dag_decorator.py for tasks to queue
[2023-12-06 08:04:56,090] {logging_mixin.py:109} INFO - [2023-12-06 08:04:56,089] {dagbag.py:496} INFO - Filling up the DagBag from /home/airflow/.local/lib/python3.6/site-packages/airflow/example_dags/example_dag_decorator.py
[2023-12-06 08:04:56,103] {processor.py:623} INFO - DAG(s) dict_keys(['example_dag_decorator']) retrieved from /home/airflow/.local/lib/python3.6/site-packages/airflow/example_dags/example_dag_decorator.py
[2023-12-06 08:04:56,272] {logging_mixin.py:109} INFO - [2023-12-06 08:04:56,272] {dag.py:1834} INFO - Sync 1 DAGs
[2023-12-06 08:04:56,282] {logging_mixin.py:109} INFO - [2023-12-06 08:04:56,282] {dag.py:2287} INFO - Setting next_dagrun for example_dag_decorator to None
[2023-12-06 08:04:56,293] {processor.py:170} INFO - Processing /home/airflow/.local/lib/python3.6/site-packages/airflow/example_dags/example_dag_decorator.py took 0.206 seconds
[2023-12-06 08:05:26,804] {processor.py:162} INFO - Started process (PID=8077) to work on /home/airflow/.local/lib/python3.6/site-packages/airflow/example_dags/example_dag_decorator.py
[2023-12-06 08:05:26,805] {processor.py:613} INFO - Processing file /home/airflow/.local/lib/python3.6/site-packages/airflow/example_dags/example_dag_decorator.py for tasks to queue
[2023-12-06 08:05:26,806] {logging_mixin.py:109} INFO - [2023-12-06 08:05:26,805] {dagbag.py:496} INFO - Filling up the DagBag from /home/airflow/.local/lib/python3.6/site-packages/airflow/example_dags/example_dag_decorator.py
[2023-12-06 08:05:26,819] {processor.py:623} INFO - DAG(s) dict_keys(['example_dag_decorator']) retrieved from /home/airflow/.local/lib/python3.6/site-packages/airflow/example_dags/example_dag_decorator.py
[2023-12-06 08:05:26,835] {logging_mixin.py:109} INFO - [2023-12-06 08:05:26,835] {dag.py:1834} INFO - Sync 1 DAGs
[2023-12-06 08:05:26,845] {logging_mixin.py:109} INFO - [2023-12-06 08:05:26,845] {dag.py:2287} INFO - Setting next_dagrun for example_dag_decorator to None
[2023-12-06 08:05:26,855] {processor.py:170} INFO - Processing /home/airflow/.local/lib/python3.6/site-packages/airflow/example_dags/example_dag_decorator.py took 0.052 seconds
[2023-12-06 08:05:57,248] {processor.py:162} INFO - Started process (PID=8282) to work on /home/airflow/.local/lib/python3.6/site-packages/airflow/example_dags/example_dag_decorator.py
[2023-12-06 08:05:57,249] {processor.py:613} INFO - Processing file /home/airflow/.local/lib/python3.6/site-packages/airflow/example_dags/example_dag_decorator.py for tasks to queue
[2023-12-06 08:05:57,250] {logging_mixin.py:109} INFO - [2023-12-06 08:05:57,250] {dagbag.py:496} INFO - Filling up the DagBag from /home/airflow/.local/lib/python3.6/site-packages/airflow/example_dags/example_dag_decorator.py
[2023-12-06 08:05:57,264] {processor.py:623} INFO - DAG(s) dict_keys(['example_dag_decorator']) retrieved from /home/airflow/.local/lib/python3.6/site-packages/airflow/example_dags/example_dag_decorator.py
[2023-12-06 08:05:57,415] {logging_mixin.py:109} INFO - [2023-12-06 08:05:57,414] {dag.py:1834} INFO - Sync 1 DAGs
[2023-12-06 08:05:57,424] {logging_mixin.py:109} INFO - [2023-12-06 08:05:57,423] {dag.py:2287} INFO - Setting next_dagrun for example_dag_decorator to None
[2023-12-06 08:05:57,435] {processor.py:170} INFO - Processing /home/airflow/.local/lib/python3.6/site-packages/airflow/example_dags/example_dag_decorator.py took 0.189 seconds
[2023-12-06 08:06:28,016] {processor.py:162} INFO - Started process (PID=8477) to work on /home/airflow/.local/lib/python3.6/site-packages/airflow/example_dags/example_dag_decorator.py
[2023-12-06 08:06:28,017] {processor.py:613} INFO - Processing file /home/airflow/.local/lib/python3.6/site-packages/airflow/example_dags/example_dag_decorator.py for tasks to queue
[2023-12-06 08:06:28,017] {logging_mixin.py:109} INFO - [2023-12-06 08:06:28,017] {dagbag.py:496} INFO - Filling up the DagBag from /home/airflow/.local/lib/python3.6/site-packages/airflow/example_dags/example_dag_decorator.py
[2023-12-06 08:06:28,031] {processor.py:623} INFO - DAG(s) dict_keys(['example_dag_decorator']) retrieved from /home/airflow/.local/lib/python3.6/site-packages/airflow/example_dags/example_dag_decorator.py
[2023-12-06 08:06:28,176] {logging_mixin.py:109} INFO - [2023-12-06 08:06:28,176] {dag.py:1834} INFO - Sync 1 DAGs
[2023-12-06 08:06:28,185] {logging_mixin.py:109} INFO - [2023-12-06 08:06:28,185] {dag.py:2287} INFO - Setting next_dagrun for example_dag_decorator to None
[2023-12-06 08:06:28,196] {processor.py:170} INFO - Processing /home/airflow/.local/lib/python3.6/site-packages/airflow/example_dags/example_dag_decorator.py took 0.183 seconds
[2023-12-06 08:06:58,697] {processor.py:162} INFO - Started process (PID=8682) to work on /home/airflow/.local/lib/python3.6/site-packages/airflow/example_dags/example_dag_decorator.py
[2023-12-06 08:06:58,697] {processor.py:613} INFO - Processing file /home/airflow/.local/lib/python3.6/site-packages/airflow/example_dags/example_dag_decorator.py for tasks to queue
[2023-12-06 08:06:58,698] {logging_mixin.py:109} INFO - [2023-12-06 08:06:58,698] {dagbag.py:496} INFO - Filling up the DagBag from /home/airflow/.local/lib/python3.6/site-packages/airflow/example_dags/example_dag_decorator.py
[2023-12-06 08:06:58,711] {processor.py:623} INFO - DAG(s) dict_keys(['example_dag_decorator']) retrieved from /home/airflow/.local/lib/python3.6/site-packages/airflow/example_dags/example_dag_decorator.py
[2023-12-06 08:06:58,852] {logging_mixin.py:109} INFO - [2023-12-06 08:06:58,852] {dag.py:1834} INFO - Sync 1 DAGs
[2023-12-06 08:06:58,864] {logging_mixin.py:109} INFO - [2023-12-06 08:06:58,864] {dag.py:2287} INFO - Setting next_dagrun for example_dag_decorator to None
[2023-12-06 08:06:58,876] {processor.py:170} INFO - Processing /home/airflow/.local/lib/python3.6/site-packages/airflow/example_dags/example_dag_decorator.py took 0.181 seconds
[2023-12-06 08:07:29,329] {processor.py:162} INFO - Started process (PID=8884) to work on /home/airflow/.local/lib/python3.6/site-packages/airflow/example_dags/example_dag_decorator.py
[2023-12-06 08:07:29,330] {processor.py:613} INFO - Processing file /home/airflow/.local/lib/python3.6/site-packages/airflow/example_dags/example_dag_decorator.py for tasks to queue
[2023-12-06 08:07:29,331] {logging_mixin.py:109} INFO - [2023-12-06 08:07:29,330] {dagbag.py:496} INFO - Filling up the DagBag from /home/airflow/.local/lib/python3.6/site-packages/airflow/example_dags/example_dag_decorator.py
[2023-12-06 08:07:29,343] {processor.py:623} INFO - DAG(s) dict_keys(['example_dag_decorator']) retrieved from /home/airflow/.local/lib/python3.6/site-packages/airflow/example_dags/example_dag_decorator.py
[2023-12-06 08:07:29,361] {logging_mixin.py:109} INFO - [2023-12-06 08:07:29,361] {dag.py:1834} INFO - Sync 1 DAGs
[2023-12-06 08:07:29,372] {logging_mixin.py:109} INFO - [2023-12-06 08:07:29,372] {dag.py:2287} INFO - Setting next_dagrun for example_dag_decorator to None
[2023-12-06 08:07:29,383] {processor.py:170} INFO - Processing /home/airflow/.local/lib/python3.6/site-packages/airflow/example_dags/example_dag_decorator.py took 0.055 seconds
