[2023-12-06 07:46:04,351] {processor.py:162} INFO - Started process (PID=356) to work on /home/airflow/.local/lib/python3.6/site-packages/airflow/example_dags/example_nested_branch_dag.py
[2023-12-06 07:46:04,352] {processor.py:613} INFO - Processing file /home/airflow/.local/lib/python3.6/site-packages/airflow/example_dags/example_nested_branch_dag.py for tasks to queue
[2023-12-06 07:46:04,353] {logging_mixin.py:109} INFO - [2023-12-06 07:46:04,353] {dagbag.py:496} INFO - Filling up the DagBag from /home/airflow/.local/lib/python3.6/site-packages/airflow/example_dags/example_nested_branch_dag.py
[2023-12-06 07:46:04,363] {processor.py:623} INFO - DAG(s) dict_keys(['example_nested_branch_dag']) retrieved from /home/airflow/.local/lib/python3.6/site-packages/airflow/example_dags/example_nested_branch_dag.py
[2023-12-06 07:46:04,525] {logging_mixin.py:109} INFO - [2023-12-06 07:46:04,525] {dag.py:1834} INFO - Sync 1 DAGs
[2023-12-06 07:46:04,536] {logging_mixin.py:109} INFO - [2023-12-06 07:46:04,536] {dag.py:2287} INFO - Setting next_dagrun for example_nested_branch_dag to 2023-12-04 00:00:00+00:00
[2023-12-06 07:46:04,548] {processor.py:170} INFO - Processing /home/airflow/.local/lib/python3.6/site-packages/airflow/example_dags/example_nested_branch_dag.py took 0.200 seconds
[2023-12-06 07:46:34,963] {processor.py:162} INFO - Started process (PID=636) to work on /home/airflow/.local/lib/python3.6/site-packages/airflow/example_dags/example_nested_branch_dag.py
[2023-12-06 07:46:34,964] {processor.py:613} INFO - Processing file /home/airflow/.local/lib/python3.6/site-packages/airflow/example_dags/example_nested_branch_dag.py for tasks to queue
[2023-12-06 07:46:34,965] {logging_mixin.py:109} INFO - [2023-12-06 07:46:34,965] {dagbag.py:496} INFO - Filling up the DagBag from /home/airflow/.local/lib/python3.6/site-packages/airflow/example_dags/example_nested_branch_dag.py
[2023-12-06 07:46:34,974] {processor.py:623} INFO - DAG(s) dict_keys(['example_nested_branch_dag']) retrieved from /home/airflow/.local/lib/python3.6/site-packages/airflow/example_dags/example_nested_branch_dag.py
[2023-12-06 07:46:34,990] {logging_mixin.py:109} INFO - [2023-12-06 07:46:34,990] {dag.py:1834} INFO - Sync 1 DAGs
[2023-12-06 07:46:35,003] {logging_mixin.py:109} INFO - [2023-12-06 07:46:35,003] {dag.py:2287} INFO - Setting next_dagrun for example_nested_branch_dag to 2023-12-04 00:00:00+00:00
[2023-12-06 07:46:35,015] {processor.py:170} INFO - Processing /home/airflow/.local/lib/python3.6/site-packages/airflow/example_dags/example_nested_branch_dag.py took 0.054 seconds
[2023-12-06 07:47:05,736] {processor.py:162} INFO - Started process (PID=841) to work on /home/airflow/.local/lib/python3.6/site-packages/airflow/example_dags/example_nested_branch_dag.py
[2023-12-06 07:47:05,737] {processor.py:613} INFO - Processing file /home/airflow/.local/lib/python3.6/site-packages/airflow/example_dags/example_nested_branch_dag.py for tasks to queue
[2023-12-06 07:47:05,738] {logging_mixin.py:109} INFO - [2023-12-06 07:47:05,737] {dagbag.py:496} INFO - Filling up the DagBag from /home/airflow/.local/lib/python3.6/site-packages/airflow/example_dags/example_nested_branch_dag.py
[2023-12-06 07:47:05,749] {processor.py:623} INFO - DAG(s) dict_keys(['example_nested_branch_dag']) retrieved from /home/airflow/.local/lib/python3.6/site-packages/airflow/example_dags/example_nested_branch_dag.py
[2023-12-06 07:47:05,770] {logging_mixin.py:109} INFO - [2023-12-06 07:47:05,770] {dag.py:1834} INFO - Sync 1 DAGs
[2023-12-06 07:47:05,785] {logging_mixin.py:109} INFO - [2023-12-06 07:47:05,785] {dag.py:2287} INFO - Setting next_dagrun for example_nested_branch_dag to 2023-12-04 00:00:00+00:00
[2023-12-06 07:47:05,797] {processor.py:170} INFO - Processing /home/airflow/.local/lib/python3.6/site-packages/airflow/example_dags/example_nested_branch_dag.py took 0.064 seconds
[2023-12-06 07:47:36,350] {processor.py:162} INFO - Started process (PID=1036) to work on /home/airflow/.local/lib/python3.6/site-packages/airflow/example_dags/example_nested_branch_dag.py
[2023-12-06 07:47:36,351] {processor.py:613} INFO - Processing file /home/airflow/.local/lib/python3.6/site-packages/airflow/example_dags/example_nested_branch_dag.py for tasks to queue
[2023-12-06 07:47:36,352] {logging_mixin.py:109} INFO - [2023-12-06 07:47:36,352] {dagbag.py:496} INFO - Filling up the DagBag from /home/airflow/.local/lib/python3.6/site-packages/airflow/example_dags/example_nested_branch_dag.py
[2023-12-06 07:47:36,362] {processor.py:623} INFO - DAG(s) dict_keys(['example_nested_branch_dag']) retrieved from /home/airflow/.local/lib/python3.6/site-packages/airflow/example_dags/example_nested_branch_dag.py
[2023-12-06 07:47:36,379] {logging_mixin.py:109} INFO - [2023-12-06 07:47:36,379] {dag.py:1834} INFO - Sync 1 DAGs
[2023-12-06 07:47:36,393] {logging_mixin.py:109} INFO - [2023-12-06 07:47:36,393] {dag.py:2287} INFO - Setting next_dagrun for example_nested_branch_dag to 2023-12-04 00:00:00+00:00
[2023-12-06 07:47:36,403] {processor.py:170} INFO - Processing /home/airflow/.local/lib/python3.6/site-packages/airflow/example_dags/example_nested_branch_dag.py took 0.055 seconds
[2023-12-06 07:48:06,932] {processor.py:162} INFO - Started process (PID=1241) to work on /home/airflow/.local/lib/python3.6/site-packages/airflow/example_dags/example_nested_branch_dag.py
[2023-12-06 07:48:06,933] {processor.py:613} INFO - Processing file /home/airflow/.local/lib/python3.6/site-packages/airflow/example_dags/example_nested_branch_dag.py for tasks to queue
[2023-12-06 07:48:06,934] {logging_mixin.py:109} INFO - [2023-12-06 07:48:06,934] {dagbag.py:496} INFO - Filling up the DagBag from /home/airflow/.local/lib/python3.6/site-packages/airflow/example_dags/example_nested_branch_dag.py
[2023-12-06 07:48:06,943] {processor.py:623} INFO - DAG(s) dict_keys(['example_nested_branch_dag']) retrieved from /home/airflow/.local/lib/python3.6/site-packages/airflow/example_dags/example_nested_branch_dag.py
[2023-12-06 07:48:06,961] {logging_mixin.py:109} INFO - [2023-12-06 07:48:06,961] {dag.py:1834} INFO - Sync 1 DAGs
[2023-12-06 07:48:06,972] {logging_mixin.py:109} INFO - [2023-12-06 07:48:06,972] {dag.py:2287} INFO - Setting next_dagrun for example_nested_branch_dag to 2023-12-04 00:00:00+00:00
[2023-12-06 07:48:06,982] {processor.py:170} INFO - Processing /home/airflow/.local/lib/python3.6/site-packages/airflow/example_dags/example_nested_branch_dag.py took 0.051 seconds
[2023-12-06 07:48:37,628] {processor.py:162} INFO - Started process (PID=1446) to work on /home/airflow/.local/lib/python3.6/site-packages/airflow/example_dags/example_nested_branch_dag.py
[2023-12-06 07:48:37,629] {processor.py:613} INFO - Processing file /home/airflow/.local/lib/python3.6/site-packages/airflow/example_dags/example_nested_branch_dag.py for tasks to queue
[2023-12-06 07:48:37,630] {logging_mixin.py:109} INFO - [2023-12-06 07:48:37,630] {dagbag.py:496} INFO - Filling up the DagBag from /home/airflow/.local/lib/python3.6/site-packages/airflow/example_dags/example_nested_branch_dag.py
[2023-12-06 07:48:37,639] {processor.py:623} INFO - DAG(s) dict_keys(['example_nested_branch_dag']) retrieved from /home/airflow/.local/lib/python3.6/site-packages/airflow/example_dags/example_nested_branch_dag.py
[2023-12-06 07:48:37,657] {logging_mixin.py:109} INFO - [2023-12-06 07:48:37,657] {dag.py:1834} INFO - Sync 1 DAGs
[2023-12-06 07:48:37,671] {logging_mixin.py:109} INFO - [2023-12-06 07:48:37,670] {dag.py:2287} INFO - Setting next_dagrun for example_nested_branch_dag to 2023-12-04 00:00:00+00:00
[2023-12-06 07:48:37,681] {processor.py:170} INFO - Processing /home/airflow/.local/lib/python3.6/site-packages/airflow/example_dags/example_nested_branch_dag.py took 0.055 seconds
[2023-12-06 07:49:08,203] {processor.py:162} INFO - Started process (PID=1641) to work on /home/airflow/.local/lib/python3.6/site-packages/airflow/example_dags/example_nested_branch_dag.py
[2023-12-06 07:49:08,204] {processor.py:613} INFO - Processing file /home/airflow/.local/lib/python3.6/site-packages/airflow/example_dags/example_nested_branch_dag.py for tasks to queue
[2023-12-06 07:49:08,205] {logging_mixin.py:109} INFO - [2023-12-06 07:49:08,204] {dagbag.py:496} INFO - Filling up the DagBag from /home/airflow/.local/lib/python3.6/site-packages/airflow/example_dags/example_nested_branch_dag.py
[2023-12-06 07:49:08,215] {processor.py:623} INFO - DAG(s) dict_keys(['example_nested_branch_dag']) retrieved from /home/airflow/.local/lib/python3.6/site-packages/airflow/example_dags/example_nested_branch_dag.py
[2023-12-06 07:49:08,233] {logging_mixin.py:109} INFO - [2023-12-06 07:49:08,232] {dag.py:1834} INFO - Sync 1 DAGs
[2023-12-06 07:49:08,245] {logging_mixin.py:109} INFO - [2023-12-06 07:49:08,245] {dag.py:2287} INFO - Setting next_dagrun for example_nested_branch_dag to 2023-12-04 00:00:00+00:00
[2023-12-06 07:49:08,256] {processor.py:170} INFO - Processing /home/airflow/.local/lib/python3.6/site-packages/airflow/example_dags/example_nested_branch_dag.py took 0.055 seconds
[2023-12-06 07:49:38,888] {processor.py:162} INFO - Started process (PID=1846) to work on /home/airflow/.local/lib/python3.6/site-packages/airflow/example_dags/example_nested_branch_dag.py
[2023-12-06 07:49:38,889] {processor.py:613} INFO - Processing file /home/airflow/.local/lib/python3.6/site-packages/airflow/example_dags/example_nested_branch_dag.py for tasks to queue
[2023-12-06 07:49:38,889] {logging_mixin.py:109} INFO - [2023-12-06 07:49:38,889] {dagbag.py:496} INFO - Filling up the DagBag from /home/airflow/.local/lib/python3.6/site-packages/airflow/example_dags/example_nested_branch_dag.py
[2023-12-06 07:49:38,899] {processor.py:623} INFO - DAG(s) dict_keys(['example_nested_branch_dag']) retrieved from /home/airflow/.local/lib/python3.6/site-packages/airflow/example_dags/example_nested_branch_dag.py
[2023-12-06 07:49:38,915] {logging_mixin.py:109} INFO - [2023-12-06 07:49:38,915] {dag.py:1834} INFO - Sync 1 DAGs
[2023-12-06 07:49:38,929] {logging_mixin.py:109} INFO - [2023-12-06 07:49:38,929] {dag.py:2287} INFO - Setting next_dagrun for example_nested_branch_dag to 2023-12-04 00:00:00+00:00
[2023-12-06 07:49:38,939] {processor.py:170} INFO - Processing /home/airflow/.local/lib/python3.6/site-packages/airflow/example_dags/example_nested_branch_dag.py took 0.053 seconds
[2023-12-06 07:50:09,576] {processor.py:162} INFO - Started process (PID=2041) to work on /home/airflow/.local/lib/python3.6/site-packages/airflow/example_dags/example_nested_branch_dag.py
[2023-12-06 07:50:09,577] {processor.py:613} INFO - Processing file /home/airflow/.local/lib/python3.6/site-packages/airflow/example_dags/example_nested_branch_dag.py for tasks to queue
[2023-12-06 07:50:09,578] {logging_mixin.py:109} INFO - [2023-12-06 07:50:09,578] {dagbag.py:496} INFO - Filling up the DagBag from /home/airflow/.local/lib/python3.6/site-packages/airflow/example_dags/example_nested_branch_dag.py
[2023-12-06 07:50:09,588] {processor.py:623} INFO - DAG(s) dict_keys(['example_nested_branch_dag']) retrieved from /home/airflow/.local/lib/python3.6/site-packages/airflow/example_dags/example_nested_branch_dag.py
[2023-12-06 07:50:09,606] {logging_mixin.py:109} INFO - [2023-12-06 07:50:09,606] {dag.py:1834} INFO - Sync 1 DAGs
[2023-12-06 07:50:09,619] {logging_mixin.py:109} INFO - [2023-12-06 07:50:09,619] {dag.py:2287} INFO - Setting next_dagrun for example_nested_branch_dag to 2023-12-04 00:00:00+00:00
[2023-12-06 07:50:09,629] {processor.py:170} INFO - Processing /home/airflow/.local/lib/python3.6/site-packages/airflow/example_dags/example_nested_branch_dag.py took 0.056 seconds
[2023-12-06 07:50:40,025] {processor.py:162} INFO - Started process (PID=2246) to work on /home/airflow/.local/lib/python3.6/site-packages/airflow/example_dags/example_nested_branch_dag.py
[2023-12-06 07:50:40,027] {processor.py:613} INFO - Processing file /home/airflow/.local/lib/python3.6/site-packages/airflow/example_dags/example_nested_branch_dag.py for tasks to queue
[2023-12-06 07:50:40,027] {logging_mixin.py:109} INFO - [2023-12-06 07:50:40,027] {dagbag.py:496} INFO - Filling up the DagBag from /home/airflow/.local/lib/python3.6/site-packages/airflow/example_dags/example_nested_branch_dag.py
[2023-12-06 07:50:40,037] {processor.py:623} INFO - DAG(s) dict_keys(['example_nested_branch_dag']) retrieved from /home/airflow/.local/lib/python3.6/site-packages/airflow/example_dags/example_nested_branch_dag.py
[2023-12-06 07:50:40,055] {logging_mixin.py:109} INFO - [2023-12-06 07:50:40,055] {dag.py:1834} INFO - Sync 1 DAGs
[2023-12-06 07:50:40,069] {logging_mixin.py:109} INFO - [2023-12-06 07:50:40,069] {dag.py:2287} INFO - Setting next_dagrun for example_nested_branch_dag to 2023-12-04 00:00:00+00:00
[2023-12-06 07:50:40,079] {processor.py:170} INFO - Processing /home/airflow/.local/lib/python3.6/site-packages/airflow/example_dags/example_nested_branch_dag.py took 0.055 seconds
[2023-12-06 07:51:10,506] {processor.py:162} INFO - Started process (PID=2451) to work on /home/airflow/.local/lib/python3.6/site-packages/airflow/example_dags/example_nested_branch_dag.py
[2023-12-06 07:51:10,507] {processor.py:613} INFO - Processing file /home/airflow/.local/lib/python3.6/site-packages/airflow/example_dags/example_nested_branch_dag.py for tasks to queue
[2023-12-06 07:51:10,508] {logging_mixin.py:109} INFO - [2023-12-06 07:51:10,508] {dagbag.py:496} INFO - Filling up the DagBag from /home/airflow/.local/lib/python3.6/site-packages/airflow/example_dags/example_nested_branch_dag.py
[2023-12-06 07:51:10,518] {processor.py:623} INFO - DAG(s) dict_keys(['example_nested_branch_dag']) retrieved from /home/airflow/.local/lib/python3.6/site-packages/airflow/example_dags/example_nested_branch_dag.py
[2023-12-06 07:51:10,535] {logging_mixin.py:109} INFO - [2023-12-06 07:51:10,535] {dag.py:1834} INFO - Sync 1 DAGs
[2023-12-06 07:51:10,550] {logging_mixin.py:109} INFO - [2023-12-06 07:51:10,550] {dag.py:2287} INFO - Setting next_dagrun for example_nested_branch_dag to 2023-12-04 00:00:00+00:00
[2023-12-06 07:51:10,560] {processor.py:170} INFO - Processing /home/airflow/.local/lib/python3.6/site-packages/airflow/example_dags/example_nested_branch_dag.py took 0.056 seconds
[2023-12-06 07:51:41,016] {processor.py:162} INFO - Started process (PID=2646) to work on /home/airflow/.local/lib/python3.6/site-packages/airflow/example_dags/example_nested_branch_dag.py
[2023-12-06 07:51:41,017] {processor.py:613} INFO - Processing file /home/airflow/.local/lib/python3.6/site-packages/airflow/example_dags/example_nested_branch_dag.py for tasks to queue
[2023-12-06 07:51:41,017] {logging_mixin.py:109} INFO - [2023-12-06 07:51:41,017] {dagbag.py:496} INFO - Filling up the DagBag from /home/airflow/.local/lib/python3.6/site-packages/airflow/example_dags/example_nested_branch_dag.py
[2023-12-06 07:51:41,027] {processor.py:623} INFO - DAG(s) dict_keys(['example_nested_branch_dag']) retrieved from /home/airflow/.local/lib/python3.6/site-packages/airflow/example_dags/example_nested_branch_dag.py
[2023-12-06 07:51:41,044] {logging_mixin.py:109} INFO - [2023-12-06 07:51:41,044] {dag.py:1834} INFO - Sync 1 DAGs
[2023-12-06 07:51:41,057] {logging_mixin.py:109} INFO - [2023-12-06 07:51:41,057] {dag.py:2287} INFO - Setting next_dagrun for example_nested_branch_dag to 2023-12-04 00:00:00+00:00
[2023-12-06 07:51:41,067] {processor.py:170} INFO - Processing /home/airflow/.local/lib/python3.6/site-packages/airflow/example_dags/example_nested_branch_dag.py took 0.053 seconds
[2023-12-06 07:52:11,559] {processor.py:162} INFO - Started process (PID=2851) to work on /home/airflow/.local/lib/python3.6/site-packages/airflow/example_dags/example_nested_branch_dag.py
[2023-12-06 07:52:11,560] {processor.py:613} INFO - Processing file /home/airflow/.local/lib/python3.6/site-packages/airflow/example_dags/example_nested_branch_dag.py for tasks to queue
[2023-12-06 07:52:11,560] {logging_mixin.py:109} INFO - [2023-12-06 07:52:11,560] {dagbag.py:496} INFO - Filling up the DagBag from /home/airflow/.local/lib/python3.6/site-packages/airflow/example_dags/example_nested_branch_dag.py
[2023-12-06 07:52:11,570] {processor.py:623} INFO - DAG(s) dict_keys(['example_nested_branch_dag']) retrieved from /home/airflow/.local/lib/python3.6/site-packages/airflow/example_dags/example_nested_branch_dag.py
[2023-12-06 07:52:11,587] {logging_mixin.py:109} INFO - [2023-12-06 07:52:11,587] {dag.py:1834} INFO - Sync 1 DAGs
[2023-12-06 07:52:11,601] {logging_mixin.py:109} INFO - [2023-12-06 07:52:11,601] {dag.py:2287} INFO - Setting next_dagrun for example_nested_branch_dag to 2023-12-04 00:00:00+00:00
[2023-12-06 07:52:11,611] {processor.py:170} INFO - Processing /home/airflow/.local/lib/python3.6/site-packages/airflow/example_dags/example_nested_branch_dag.py took 0.055 seconds
[2023-12-06 07:52:42,003] {processor.py:162} INFO - Started process (PID=3046) to work on /home/airflow/.local/lib/python3.6/site-packages/airflow/example_dags/example_nested_branch_dag.py
[2023-12-06 07:52:42,004] {processor.py:613} INFO - Processing file /home/airflow/.local/lib/python3.6/site-packages/airflow/example_dags/example_nested_branch_dag.py for tasks to queue
[2023-12-06 07:52:42,004] {logging_mixin.py:109} INFO - [2023-12-06 07:52:42,004] {dagbag.py:496} INFO - Filling up the DagBag from /home/airflow/.local/lib/python3.6/site-packages/airflow/example_dags/example_nested_branch_dag.py
[2023-12-06 07:52:42,015] {processor.py:623} INFO - DAG(s) dict_keys(['example_nested_branch_dag']) retrieved from /home/airflow/.local/lib/python3.6/site-packages/airflow/example_dags/example_nested_branch_dag.py
[2023-12-06 07:52:42,032] {logging_mixin.py:109} INFO - [2023-12-06 07:52:42,032] {dag.py:1834} INFO - Sync 1 DAGs
[2023-12-06 07:52:42,052] {logging_mixin.py:109} INFO - [2023-12-06 07:52:42,052] {dag.py:2287} INFO - Setting next_dagrun for example_nested_branch_dag to 2023-12-04 00:00:00+00:00
[2023-12-06 07:52:42,065] {processor.py:170} INFO - Processing /home/airflow/.local/lib/python3.6/site-packages/airflow/example_dags/example_nested_branch_dag.py took 0.064 seconds
[2023-12-06 07:53:12,568] {processor.py:162} INFO - Started process (PID=3251) to work on /home/airflow/.local/lib/python3.6/site-packages/airflow/example_dags/example_nested_branch_dag.py
[2023-12-06 07:53:12,569] {processor.py:613} INFO - Processing file /home/airflow/.local/lib/python3.6/site-packages/airflow/example_dags/example_nested_branch_dag.py for tasks to queue
[2023-12-06 07:53:12,570] {logging_mixin.py:109} INFO - [2023-12-06 07:53:12,570] {dagbag.py:496} INFO - Filling up the DagBag from /home/airflow/.local/lib/python3.6/site-packages/airflow/example_dags/example_nested_branch_dag.py
[2023-12-06 07:53:12,580] {processor.py:623} INFO - DAG(s) dict_keys(['example_nested_branch_dag']) retrieved from /home/airflow/.local/lib/python3.6/site-packages/airflow/example_dags/example_nested_branch_dag.py
[2023-12-06 07:53:12,598] {logging_mixin.py:109} INFO - [2023-12-06 07:53:12,598] {dag.py:1834} INFO - Sync 1 DAGs
[2023-12-06 07:53:12,612] {logging_mixin.py:109} INFO - [2023-12-06 07:53:12,611] {dag.py:2287} INFO - Setting next_dagrun for example_nested_branch_dag to 2023-12-04 00:00:00+00:00
[2023-12-06 07:53:12,622] {processor.py:170} INFO - Processing /home/airflow/.local/lib/python3.6/site-packages/airflow/example_dags/example_nested_branch_dag.py took 0.056 seconds
[2023-12-06 07:53:43,211] {processor.py:162} INFO - Started process (PID=3456) to work on /home/airflow/.local/lib/python3.6/site-packages/airflow/example_dags/example_nested_branch_dag.py
[2023-12-06 07:53:43,212] {processor.py:613} INFO - Processing file /home/airflow/.local/lib/python3.6/site-packages/airflow/example_dags/example_nested_branch_dag.py for tasks to queue
[2023-12-06 07:53:43,213] {logging_mixin.py:109} INFO - [2023-12-06 07:53:43,213] {dagbag.py:496} INFO - Filling up the DagBag from /home/airflow/.local/lib/python3.6/site-packages/airflow/example_dags/example_nested_branch_dag.py
[2023-12-06 07:53:43,224] {processor.py:623} INFO - DAG(s) dict_keys(['example_nested_branch_dag']) retrieved from /home/airflow/.local/lib/python3.6/site-packages/airflow/example_dags/example_nested_branch_dag.py
[2023-12-06 07:53:43,243] {logging_mixin.py:109} INFO - [2023-12-06 07:53:43,243] {dag.py:1834} INFO - Sync 1 DAGs
[2023-12-06 07:53:43,257] {logging_mixin.py:109} INFO - [2023-12-06 07:53:43,257] {dag.py:2287} INFO - Setting next_dagrun for example_nested_branch_dag to 2023-12-04 00:00:00+00:00
[2023-12-06 07:53:43,267] {processor.py:170} INFO - Processing /home/airflow/.local/lib/python3.6/site-packages/airflow/example_dags/example_nested_branch_dag.py took 0.058 seconds
[2023-12-06 07:54:13,864] {processor.py:162} INFO - Started process (PID=3648) to work on /home/airflow/.local/lib/python3.6/site-packages/airflow/example_dags/example_nested_branch_dag.py
[2023-12-06 07:54:13,864] {processor.py:613} INFO - Processing file /home/airflow/.local/lib/python3.6/site-packages/airflow/example_dags/example_nested_branch_dag.py for tasks to queue
[2023-12-06 07:54:13,865] {logging_mixin.py:109} INFO - [2023-12-06 07:54:13,865] {dagbag.py:496} INFO - Filling up the DagBag from /home/airflow/.local/lib/python3.6/site-packages/airflow/example_dags/example_nested_branch_dag.py
[2023-12-06 07:54:13,875] {processor.py:623} INFO - DAG(s) dict_keys(['example_nested_branch_dag']) retrieved from /home/airflow/.local/lib/python3.6/site-packages/airflow/example_dags/example_nested_branch_dag.py
[2023-12-06 07:54:13,891] {logging_mixin.py:109} INFO - [2023-12-06 07:54:13,891] {dag.py:1834} INFO - Sync 1 DAGs
[2023-12-06 07:54:13,904] {logging_mixin.py:109} INFO - [2023-12-06 07:54:13,904] {dag.py:2287} INFO - Setting next_dagrun for example_nested_branch_dag to 2023-12-04 00:00:00+00:00
[2023-12-06 07:54:13,914] {processor.py:170} INFO - Processing /home/airflow/.local/lib/python3.6/site-packages/airflow/example_dags/example_nested_branch_dag.py took 0.052 seconds
[2023-12-06 07:54:44,565] {processor.py:162} INFO - Started process (PID=3851) to work on /home/airflow/.local/lib/python3.6/site-packages/airflow/example_dags/example_nested_branch_dag.py
[2023-12-06 07:54:44,567] {processor.py:613} INFO - Processing file /home/airflow/.local/lib/python3.6/site-packages/airflow/example_dags/example_nested_branch_dag.py for tasks to queue
[2023-12-06 07:54:44,567] {logging_mixin.py:109} INFO - [2023-12-06 07:54:44,567] {dagbag.py:496} INFO - Filling up the DagBag from /home/airflow/.local/lib/python3.6/site-packages/airflow/example_dags/example_nested_branch_dag.py
[2023-12-06 07:54:44,578] {processor.py:623} INFO - DAG(s) dict_keys(['example_nested_branch_dag']) retrieved from /home/airflow/.local/lib/python3.6/site-packages/airflow/example_dags/example_nested_branch_dag.py
[2023-12-06 07:54:44,595] {logging_mixin.py:109} INFO - [2023-12-06 07:54:44,595] {dag.py:1834} INFO - Sync 1 DAGs
[2023-12-06 07:54:44,607] {logging_mixin.py:109} INFO - [2023-12-06 07:54:44,607] {dag.py:2287} INFO - Setting next_dagrun for example_nested_branch_dag to 2023-12-04 00:00:00+00:00
[2023-12-06 07:54:44,617] {processor.py:170} INFO - Processing /home/airflow/.local/lib/python3.6/site-packages/airflow/example_dags/example_nested_branch_dag.py took 0.054 seconds
[2023-12-06 07:55:15,226] {processor.py:162} INFO - Started process (PID=4055) to work on /home/airflow/.local/lib/python3.6/site-packages/airflow/example_dags/example_nested_branch_dag.py
[2023-12-06 07:55:15,227] {processor.py:613} INFO - Processing file /home/airflow/.local/lib/python3.6/site-packages/airflow/example_dags/example_nested_branch_dag.py for tasks to queue
[2023-12-06 07:55:15,227] {logging_mixin.py:109} INFO - [2023-12-06 07:55:15,227] {dagbag.py:496} INFO - Filling up the DagBag from /home/airflow/.local/lib/python3.6/site-packages/airflow/example_dags/example_nested_branch_dag.py
[2023-12-06 07:55:15,238] {processor.py:623} INFO - DAG(s) dict_keys(['example_nested_branch_dag']) retrieved from /home/airflow/.local/lib/python3.6/site-packages/airflow/example_dags/example_nested_branch_dag.py
[2023-12-06 07:55:15,256] {logging_mixin.py:109} INFO - [2023-12-06 07:55:15,256] {dag.py:1834} INFO - Sync 1 DAGs
[2023-12-06 07:55:15,270] {logging_mixin.py:109} INFO - [2023-12-06 07:55:15,270] {dag.py:2287} INFO - Setting next_dagrun for example_nested_branch_dag to 2023-12-04 00:00:00+00:00
[2023-12-06 07:55:15,280] {processor.py:170} INFO - Processing /home/airflow/.local/lib/python3.6/site-packages/airflow/example_dags/example_nested_branch_dag.py took 0.056 seconds
[2023-12-06 07:55:45,890] {processor.py:162} INFO - Started process (PID=4251) to work on /home/airflow/.local/lib/python3.6/site-packages/airflow/example_dags/example_nested_branch_dag.py
[2023-12-06 07:55:45,891] {processor.py:613} INFO - Processing file /home/airflow/.local/lib/python3.6/site-packages/airflow/example_dags/example_nested_branch_dag.py for tasks to queue
[2023-12-06 07:55:45,891] {logging_mixin.py:109} INFO - [2023-12-06 07:55:45,891] {dagbag.py:496} INFO - Filling up the DagBag from /home/airflow/.local/lib/python3.6/site-packages/airflow/example_dags/example_nested_branch_dag.py
[2023-12-06 07:55:45,903] {processor.py:623} INFO - DAG(s) dict_keys(['example_nested_branch_dag']) retrieved from /home/airflow/.local/lib/python3.6/site-packages/airflow/example_dags/example_nested_branch_dag.py
[2023-12-06 07:55:45,923] {logging_mixin.py:109} INFO - [2023-12-06 07:55:45,923] {dag.py:1834} INFO - Sync 1 DAGs
[2023-12-06 07:55:45,937] {logging_mixin.py:109} INFO - [2023-12-06 07:55:45,937] {dag.py:2287} INFO - Setting next_dagrun for example_nested_branch_dag to 2023-12-04 00:00:00+00:00
[2023-12-06 07:55:45,948] {processor.py:170} INFO - Processing /home/airflow/.local/lib/python3.6/site-packages/airflow/example_dags/example_nested_branch_dag.py took 0.060 seconds
[2023-12-06 07:56:16,583] {processor.py:162} INFO - Started process (PID=4456) to work on /home/airflow/.local/lib/python3.6/site-packages/airflow/example_dags/example_nested_branch_dag.py
[2023-12-06 07:56:16,584] {processor.py:613} INFO - Processing file /home/airflow/.local/lib/python3.6/site-packages/airflow/example_dags/example_nested_branch_dag.py for tasks to queue
[2023-12-06 07:56:16,584] {logging_mixin.py:109} INFO - [2023-12-06 07:56:16,584] {dagbag.py:496} INFO - Filling up the DagBag from /home/airflow/.local/lib/python3.6/site-packages/airflow/example_dags/example_nested_branch_dag.py
[2023-12-06 07:56:16,595] {processor.py:623} INFO - DAG(s) dict_keys(['example_nested_branch_dag']) retrieved from /home/airflow/.local/lib/python3.6/site-packages/airflow/example_dags/example_nested_branch_dag.py
[2023-12-06 07:56:16,615] {logging_mixin.py:109} INFO - [2023-12-06 07:56:16,615] {dag.py:1834} INFO - Sync 1 DAGs
[2023-12-06 07:56:16,629] {logging_mixin.py:109} INFO - [2023-12-06 07:56:16,628] {dag.py:2287} INFO - Setting next_dagrun for example_nested_branch_dag to 2023-12-04 00:00:00+00:00
[2023-12-06 07:56:16,639] {processor.py:170} INFO - Processing /home/airflow/.local/lib/python3.6/site-packages/airflow/example_dags/example_nested_branch_dag.py took 0.057 seconds
[2023-12-06 07:56:47,238] {processor.py:162} INFO - Started process (PID=4651) to work on /home/airflow/.local/lib/python3.6/site-packages/airflow/example_dags/example_nested_branch_dag.py
[2023-12-06 07:56:47,239] {processor.py:613} INFO - Processing file /home/airflow/.local/lib/python3.6/site-packages/airflow/example_dags/example_nested_branch_dag.py for tasks to queue
[2023-12-06 07:56:47,240] {logging_mixin.py:109} INFO - [2023-12-06 07:56:47,240] {dagbag.py:496} INFO - Filling up the DagBag from /home/airflow/.local/lib/python3.6/site-packages/airflow/example_dags/example_nested_branch_dag.py
[2023-12-06 07:56:47,250] {processor.py:623} INFO - DAG(s) dict_keys(['example_nested_branch_dag']) retrieved from /home/airflow/.local/lib/python3.6/site-packages/airflow/example_dags/example_nested_branch_dag.py
[2023-12-06 07:56:47,269] {logging_mixin.py:109} INFO - [2023-12-06 07:56:47,268] {dag.py:1834} INFO - Sync 1 DAGs
[2023-12-06 07:56:47,282] {logging_mixin.py:109} INFO - [2023-12-06 07:56:47,282] {dag.py:2287} INFO - Setting next_dagrun for example_nested_branch_dag to 2023-12-04 00:00:00+00:00
[2023-12-06 07:56:47,292] {processor.py:170} INFO - Processing /home/airflow/.local/lib/python3.6/site-packages/airflow/example_dags/example_nested_branch_dag.py took 0.057 seconds
[2023-12-06 07:57:17,883] {processor.py:162} INFO - Started process (PID=4861) to work on /home/airflow/.local/lib/python3.6/site-packages/airflow/example_dags/example_nested_branch_dag.py
[2023-12-06 07:57:17,884] {processor.py:613} INFO - Processing file /home/airflow/.local/lib/python3.6/site-packages/airflow/example_dags/example_nested_branch_dag.py for tasks to queue
[2023-12-06 07:57:17,884] {logging_mixin.py:109} INFO - [2023-12-06 07:57:17,884] {dagbag.py:496} INFO - Filling up the DagBag from /home/airflow/.local/lib/python3.6/site-packages/airflow/example_dags/example_nested_branch_dag.py
[2023-12-06 07:57:17,895] {processor.py:623} INFO - DAG(s) dict_keys(['example_nested_branch_dag']) retrieved from /home/airflow/.local/lib/python3.6/site-packages/airflow/example_dags/example_nested_branch_dag.py
[2023-12-06 07:57:17,914] {logging_mixin.py:109} INFO - [2023-12-06 07:57:17,914] {dag.py:1834} INFO - Sync 1 DAGs
[2023-12-06 07:57:17,927] {logging_mixin.py:109} INFO - [2023-12-06 07:57:17,927] {dag.py:2287} INFO - Setting next_dagrun for example_nested_branch_dag to 2023-12-04 00:00:00+00:00
[2023-12-06 07:57:17,938] {processor.py:170} INFO - Processing /home/airflow/.local/lib/python3.6/site-packages/airflow/example_dags/example_nested_branch_dag.py took 0.056 seconds
[2023-12-06 07:57:48,481] {processor.py:162} INFO - Started process (PID=5066) to work on /home/airflow/.local/lib/python3.6/site-packages/airflow/example_dags/example_nested_branch_dag.py
[2023-12-06 07:57:48,483] {processor.py:613} INFO - Processing file /home/airflow/.local/lib/python3.6/site-packages/airflow/example_dags/example_nested_branch_dag.py for tasks to queue
[2023-12-06 07:57:48,483] {logging_mixin.py:109} INFO - [2023-12-06 07:57:48,483] {dagbag.py:496} INFO - Filling up the DagBag from /home/airflow/.local/lib/python3.6/site-packages/airflow/example_dags/example_nested_branch_dag.py
[2023-12-06 07:57:48,495] {processor.py:623} INFO - DAG(s) dict_keys(['example_nested_branch_dag']) retrieved from /home/airflow/.local/lib/python3.6/site-packages/airflow/example_dags/example_nested_branch_dag.py
[2023-12-06 07:57:48,512] {logging_mixin.py:109} INFO - [2023-12-06 07:57:48,512] {dag.py:1834} INFO - Sync 1 DAGs
[2023-12-06 07:57:48,525] {logging_mixin.py:109} INFO - [2023-12-06 07:57:48,525] {dag.py:2287} INFO - Setting next_dagrun for example_nested_branch_dag to 2023-12-04 00:00:00+00:00
[2023-12-06 07:57:48,535] {processor.py:170} INFO - Processing /home/airflow/.local/lib/python3.6/site-packages/airflow/example_dags/example_nested_branch_dag.py took 0.056 seconds
[2023-12-06 07:58:19,157] {processor.py:162} INFO - Started process (PID=5262) to work on /home/airflow/.local/lib/python3.6/site-packages/airflow/example_dags/example_nested_branch_dag.py
[2023-12-06 07:58:19,158] {processor.py:613} INFO - Processing file /home/airflow/.local/lib/python3.6/site-packages/airflow/example_dags/example_nested_branch_dag.py for tasks to queue
[2023-12-06 07:58:19,159] {logging_mixin.py:109} INFO - [2023-12-06 07:58:19,159] {dagbag.py:496} INFO - Filling up the DagBag from /home/airflow/.local/lib/python3.6/site-packages/airflow/example_dags/example_nested_branch_dag.py
[2023-12-06 07:58:19,170] {processor.py:623} INFO - DAG(s) dict_keys(['example_nested_branch_dag']) retrieved from /home/airflow/.local/lib/python3.6/site-packages/airflow/example_dags/example_nested_branch_dag.py
[2023-12-06 07:58:19,187] {logging_mixin.py:109} INFO - [2023-12-06 07:58:19,187] {dag.py:1834} INFO - Sync 1 DAGs
[2023-12-06 07:58:19,199] {logging_mixin.py:109} INFO - [2023-12-06 07:58:19,199] {dag.py:2287} INFO - Setting next_dagrun for example_nested_branch_dag to 2023-12-04 00:00:00+00:00
[2023-12-06 07:58:19,210] {processor.py:170} INFO - Processing /home/airflow/.local/lib/python3.6/site-packages/airflow/example_dags/example_nested_branch_dag.py took 0.055 seconds
[2023-12-06 07:58:49,859] {processor.py:162} INFO - Started process (PID=5462) to work on /home/airflow/.local/lib/python3.6/site-packages/airflow/example_dags/example_nested_branch_dag.py
[2023-12-06 07:58:49,860] {processor.py:613} INFO - Processing file /home/airflow/.local/lib/python3.6/site-packages/airflow/example_dags/example_nested_branch_dag.py for tasks to queue
[2023-12-06 07:58:49,861] {logging_mixin.py:109} INFO - [2023-12-06 07:58:49,861] {dagbag.py:496} INFO - Filling up the DagBag from /home/airflow/.local/lib/python3.6/site-packages/airflow/example_dags/example_nested_branch_dag.py
[2023-12-06 07:58:49,871] {processor.py:623} INFO - DAG(s) dict_keys(['example_nested_branch_dag']) retrieved from /home/airflow/.local/lib/python3.6/site-packages/airflow/example_dags/example_nested_branch_dag.py
[2023-12-06 07:58:49,889] {logging_mixin.py:109} INFO - [2023-12-06 07:58:49,889] {dag.py:1834} INFO - Sync 1 DAGs
[2023-12-06 07:58:49,900] {logging_mixin.py:109} INFO - [2023-12-06 07:58:49,900] {dag.py:2287} INFO - Setting next_dagrun for example_nested_branch_dag to 2023-12-04 00:00:00+00:00
[2023-12-06 07:58:49,911] {processor.py:170} INFO - Processing /home/airflow/.local/lib/python3.6/site-packages/airflow/example_dags/example_nested_branch_dag.py took 0.054 seconds
[2023-12-06 07:59:20,523] {processor.py:162} INFO - Started process (PID=5667) to work on /home/airflow/.local/lib/python3.6/site-packages/airflow/example_dags/example_nested_branch_dag.py
[2023-12-06 07:59:20,524] {processor.py:613} INFO - Processing file /home/airflow/.local/lib/python3.6/site-packages/airflow/example_dags/example_nested_branch_dag.py for tasks to queue
[2023-12-06 07:59:20,525] {logging_mixin.py:109} INFO - [2023-12-06 07:59:20,525] {dagbag.py:496} INFO - Filling up the DagBag from /home/airflow/.local/lib/python3.6/site-packages/airflow/example_dags/example_nested_branch_dag.py
[2023-12-06 07:59:20,535] {processor.py:623} INFO - DAG(s) dict_keys(['example_nested_branch_dag']) retrieved from /home/airflow/.local/lib/python3.6/site-packages/airflow/example_dags/example_nested_branch_dag.py
[2023-12-06 07:59:20,552] {logging_mixin.py:109} INFO - [2023-12-06 07:59:20,552] {dag.py:1834} INFO - Sync 1 DAGs
[2023-12-06 07:59:20,565] {logging_mixin.py:109} INFO - [2023-12-06 07:59:20,565] {dag.py:2287} INFO - Setting next_dagrun for example_nested_branch_dag to 2023-12-04 00:00:00+00:00
[2023-12-06 07:59:20,575] {processor.py:170} INFO - Processing /home/airflow/.local/lib/python3.6/site-packages/airflow/example_dags/example_nested_branch_dag.py took 0.054 seconds
[2023-12-06 07:59:51,175] {processor.py:162} INFO - Started process (PID=5862) to work on /home/airflow/.local/lib/python3.6/site-packages/airflow/example_dags/example_nested_branch_dag.py
[2023-12-06 07:59:51,177] {processor.py:613} INFO - Processing file /home/airflow/.local/lib/python3.6/site-packages/airflow/example_dags/example_nested_branch_dag.py for tasks to queue
[2023-12-06 07:59:51,177] {logging_mixin.py:109} INFO - [2023-12-06 07:59:51,177] {dagbag.py:496} INFO - Filling up the DagBag from /home/airflow/.local/lib/python3.6/site-packages/airflow/example_dags/example_nested_branch_dag.py
[2023-12-06 07:59:51,189] {processor.py:623} INFO - DAG(s) dict_keys(['example_nested_branch_dag']) retrieved from /home/airflow/.local/lib/python3.6/site-packages/airflow/example_dags/example_nested_branch_dag.py
[2023-12-06 07:59:51,206] {logging_mixin.py:109} INFO - [2023-12-06 07:59:51,206] {dag.py:1834} INFO - Sync 1 DAGs
[2023-12-06 07:59:51,218] {logging_mixin.py:109} INFO - [2023-12-06 07:59:51,217] {dag.py:2287} INFO - Setting next_dagrun for example_nested_branch_dag to 2023-12-04 00:00:00+00:00
[2023-12-06 07:59:51,227] {processor.py:170} INFO - Processing /home/airflow/.local/lib/python3.6/site-packages/airflow/example_dags/example_nested_branch_dag.py took 0.054 seconds
[2023-12-06 08:00:21,965] {processor.py:162} INFO - Started process (PID=6154) to work on /home/airflow/.local/lib/python3.6/site-packages/airflow/example_dags/example_nested_branch_dag.py
[2023-12-06 08:00:21,966] {processor.py:613} INFO - Processing file /home/airflow/.local/lib/python3.6/site-packages/airflow/example_dags/example_nested_branch_dag.py for tasks to queue
[2023-12-06 08:00:21,966] {logging_mixin.py:109} INFO - [2023-12-06 08:00:21,966] {dagbag.py:496} INFO - Filling up the DagBag from /home/airflow/.local/lib/python3.6/site-packages/airflow/example_dags/example_nested_branch_dag.py
[2023-12-06 08:00:21,977] {processor.py:623} INFO - DAG(s) dict_keys(['example_nested_branch_dag']) retrieved from /home/airflow/.local/lib/python3.6/site-packages/airflow/example_dags/example_nested_branch_dag.py
[2023-12-06 08:00:21,998] {logging_mixin.py:109} INFO - [2023-12-06 08:00:21,998] {dag.py:1834} INFO - Sync 1 DAGs
[2023-12-06 08:00:22,013] {logging_mixin.py:109} INFO - [2023-12-06 08:00:22,013] {dag.py:2287} INFO - Setting next_dagrun for example_nested_branch_dag to 2023-12-04 00:00:00+00:00
[2023-12-06 08:00:22,024] {processor.py:170} INFO - Processing /home/airflow/.local/lib/python3.6/site-packages/airflow/example_dags/example_nested_branch_dag.py took 0.061 seconds
[2023-12-06 08:00:52,752] {processor.py:162} INFO - Started process (PID=6354) to work on /home/airflow/.local/lib/python3.6/site-packages/airflow/example_dags/example_nested_branch_dag.py
[2023-12-06 08:00:52,752] {processor.py:613} INFO - Processing file /home/airflow/.local/lib/python3.6/site-packages/airflow/example_dags/example_nested_branch_dag.py for tasks to queue
[2023-12-06 08:00:52,753] {logging_mixin.py:109} INFO - [2023-12-06 08:00:52,753] {dagbag.py:496} INFO - Filling up the DagBag from /home/airflow/.local/lib/python3.6/site-packages/airflow/example_dags/example_nested_branch_dag.py
[2023-12-06 08:00:52,765] {processor.py:623} INFO - DAG(s) dict_keys(['example_nested_branch_dag']) retrieved from /home/airflow/.local/lib/python3.6/site-packages/airflow/example_dags/example_nested_branch_dag.py
[2023-12-06 08:00:52,784] {logging_mixin.py:109} INFO - [2023-12-06 08:00:52,784] {dag.py:1834} INFO - Sync 1 DAGs
[2023-12-06 08:00:52,799] {logging_mixin.py:109} INFO - [2023-12-06 08:00:52,799] {dag.py:2287} INFO - Setting next_dagrun for example_nested_branch_dag to 2023-12-04 00:00:00+00:00
[2023-12-06 08:00:52,810] {processor.py:170} INFO - Processing /home/airflow/.local/lib/python3.6/site-packages/airflow/example_dags/example_nested_branch_dag.py took 0.060 seconds
[2023-12-06 08:01:23,542] {processor.py:162} INFO - Started process (PID=6552) to work on /home/airflow/.local/lib/python3.6/site-packages/airflow/example_dags/example_nested_branch_dag.py
[2023-12-06 08:01:23,544] {processor.py:613} INFO - Processing file /home/airflow/.local/lib/python3.6/site-packages/airflow/example_dags/example_nested_branch_dag.py for tasks to queue
[2023-12-06 08:01:23,544] {logging_mixin.py:109} INFO - [2023-12-06 08:01:23,544] {dagbag.py:496} INFO - Filling up the DagBag from /home/airflow/.local/lib/python3.6/site-packages/airflow/example_dags/example_nested_branch_dag.py
[2023-12-06 08:01:23,554] {processor.py:623} INFO - DAG(s) dict_keys(['example_nested_branch_dag']) retrieved from /home/airflow/.local/lib/python3.6/site-packages/airflow/example_dags/example_nested_branch_dag.py
[2023-12-06 08:01:23,571] {logging_mixin.py:109} INFO - [2023-12-06 08:01:23,571] {dag.py:1834} INFO - Sync 1 DAGs
[2023-12-06 08:01:23,584] {logging_mixin.py:109} INFO - [2023-12-06 08:01:23,583] {dag.py:2287} INFO - Setting next_dagrun for example_nested_branch_dag to 2023-12-04 00:00:00+00:00
[2023-12-06 08:01:23,594] {processor.py:170} INFO - Processing /home/airflow/.local/lib/python3.6/site-packages/airflow/example_dags/example_nested_branch_dag.py took 0.053 seconds
[2023-12-06 08:01:54,187] {processor.py:162} INFO - Started process (PID=6757) to work on /home/airflow/.local/lib/python3.6/site-packages/airflow/example_dags/example_nested_branch_dag.py
[2023-12-06 08:01:54,188] {processor.py:613} INFO - Processing file /home/airflow/.local/lib/python3.6/site-packages/airflow/example_dags/example_nested_branch_dag.py for tasks to queue
[2023-12-06 08:01:54,188] {logging_mixin.py:109} INFO - [2023-12-06 08:01:54,188] {dagbag.py:496} INFO - Filling up the DagBag from /home/airflow/.local/lib/python3.6/site-packages/airflow/example_dags/example_nested_branch_dag.py
[2023-12-06 08:01:54,200] {processor.py:623} INFO - DAG(s) dict_keys(['example_nested_branch_dag']) retrieved from /home/airflow/.local/lib/python3.6/site-packages/airflow/example_dags/example_nested_branch_dag.py
[2023-12-06 08:01:54,217] {logging_mixin.py:109} INFO - [2023-12-06 08:01:54,217] {dag.py:1834} INFO - Sync 1 DAGs
[2023-12-06 08:01:54,230] {logging_mixin.py:109} INFO - [2023-12-06 08:01:54,229] {dag.py:2287} INFO - Setting next_dagrun for example_nested_branch_dag to 2023-12-04 00:00:00+00:00
[2023-12-06 08:01:54,239] {processor.py:170} INFO - Processing /home/airflow/.local/lib/python3.6/site-packages/airflow/example_dags/example_nested_branch_dag.py took 0.054 seconds
[2023-12-06 08:02:24,811] {processor.py:162} INFO - Started process (PID=6958) to work on /home/airflow/.local/lib/python3.6/site-packages/airflow/example_dags/example_nested_branch_dag.py
[2023-12-06 08:02:24,813] {processor.py:613} INFO - Processing file /home/airflow/.local/lib/python3.6/site-packages/airflow/example_dags/example_nested_branch_dag.py for tasks to queue
[2023-12-06 08:02:24,814] {logging_mixin.py:109} INFO - [2023-12-06 08:02:24,814] {dagbag.py:496} INFO - Filling up the DagBag from /home/airflow/.local/lib/python3.6/site-packages/airflow/example_dags/example_nested_branch_dag.py
[2023-12-06 08:02:24,824] {processor.py:623} INFO - DAG(s) dict_keys(['example_nested_branch_dag']) retrieved from /home/airflow/.local/lib/python3.6/site-packages/airflow/example_dags/example_nested_branch_dag.py
[2023-12-06 08:02:24,841] {logging_mixin.py:109} INFO - [2023-12-06 08:02:24,841] {dag.py:1834} INFO - Sync 1 DAGs
[2023-12-06 08:02:24,854] {logging_mixin.py:109} INFO - [2023-12-06 08:02:24,854] {dag.py:2287} INFO - Setting next_dagrun for example_nested_branch_dag to 2023-12-04 00:00:00+00:00
[2023-12-06 08:02:24,864] {processor.py:170} INFO - Processing /home/airflow/.local/lib/python3.6/site-packages/airflow/example_dags/example_nested_branch_dag.py took 0.055 seconds
[2023-12-06 08:02:55,592] {processor.py:162} INFO - Started process (PID=7163) to work on /home/airflow/.local/lib/python3.6/site-packages/airflow/example_dags/example_nested_branch_dag.py
[2023-12-06 08:02:55,592] {processor.py:613} INFO - Processing file /home/airflow/.local/lib/python3.6/site-packages/airflow/example_dags/example_nested_branch_dag.py for tasks to queue
[2023-12-06 08:02:55,593] {logging_mixin.py:109} INFO - [2023-12-06 08:02:55,593] {dagbag.py:496} INFO - Filling up the DagBag from /home/airflow/.local/lib/python3.6/site-packages/airflow/example_dags/example_nested_branch_dag.py
[2023-12-06 08:02:55,603] {processor.py:623} INFO - DAG(s) dict_keys(['example_nested_branch_dag']) retrieved from /home/airflow/.local/lib/python3.6/site-packages/airflow/example_dags/example_nested_branch_dag.py
[2023-12-06 08:02:55,620] {logging_mixin.py:109} INFO - [2023-12-06 08:02:55,620] {dag.py:1834} INFO - Sync 1 DAGs
[2023-12-06 08:02:55,632] {logging_mixin.py:109} INFO - [2023-12-06 08:02:55,632] {dag.py:2287} INFO - Setting next_dagrun for example_nested_branch_dag to 2023-12-04 00:00:00+00:00
[2023-12-06 08:02:55,642] {processor.py:170} INFO - Processing /home/airflow/.local/lib/python3.6/site-packages/airflow/example_dags/example_nested_branch_dag.py took 0.053 seconds
[2023-12-06 08:03:26,281] {processor.py:162} INFO - Started process (PID=7369) to work on /home/airflow/.local/lib/python3.6/site-packages/airflow/example_dags/example_nested_branch_dag.py
[2023-12-06 08:03:26,282] {processor.py:613} INFO - Processing file /home/airflow/.local/lib/python3.6/site-packages/airflow/example_dags/example_nested_branch_dag.py for tasks to queue
[2023-12-06 08:03:26,283] {logging_mixin.py:109} INFO - [2023-12-06 08:03:26,283] {dagbag.py:496} INFO - Filling up the DagBag from /home/airflow/.local/lib/python3.6/site-packages/airflow/example_dags/example_nested_branch_dag.py
[2023-12-06 08:03:26,292] {processor.py:623} INFO - DAG(s) dict_keys(['example_nested_branch_dag']) retrieved from /home/airflow/.local/lib/python3.6/site-packages/airflow/example_dags/example_nested_branch_dag.py
[2023-12-06 08:03:26,308] {logging_mixin.py:109} INFO - [2023-12-06 08:03:26,308] {dag.py:1834} INFO - Sync 1 DAGs
[2023-12-06 08:03:26,320] {logging_mixin.py:109} INFO - [2023-12-06 08:03:26,320] {dag.py:2287} INFO - Setting next_dagrun for example_nested_branch_dag to 2023-12-04 00:00:00+00:00
[2023-12-06 08:03:26,330] {processor.py:170} INFO - Processing /home/airflow/.local/lib/python3.6/site-packages/airflow/example_dags/example_nested_branch_dag.py took 0.052 seconds
[2023-12-06 08:03:56,929] {processor.py:162} INFO - Started process (PID=7559) to work on /home/airflow/.local/lib/python3.6/site-packages/airflow/example_dags/example_nested_branch_dag.py
[2023-12-06 08:03:56,930] {processor.py:613} INFO - Processing file /home/airflow/.local/lib/python3.6/site-packages/airflow/example_dags/example_nested_branch_dag.py for tasks to queue
[2023-12-06 08:03:56,931] {logging_mixin.py:109} INFO - [2023-12-06 08:03:56,931] {dagbag.py:496} INFO - Filling up the DagBag from /home/airflow/.local/lib/python3.6/site-packages/airflow/example_dags/example_nested_branch_dag.py
[2023-12-06 08:03:56,941] {processor.py:623} INFO - DAG(s) dict_keys(['example_nested_branch_dag']) retrieved from /home/airflow/.local/lib/python3.6/site-packages/airflow/example_dags/example_nested_branch_dag.py
[2023-12-06 08:03:56,959] {logging_mixin.py:109} INFO - [2023-12-06 08:03:56,959] {dag.py:1834} INFO - Sync 1 DAGs
[2023-12-06 08:03:56,971] {logging_mixin.py:109} INFO - [2023-12-06 08:03:56,971] {dag.py:2287} INFO - Setting next_dagrun for example_nested_branch_dag to 2023-12-04 00:00:00+00:00
[2023-12-06 08:03:56,982] {processor.py:170} INFO - Processing /home/airflow/.local/lib/python3.6/site-packages/airflow/example_dags/example_nested_branch_dag.py took 0.054 seconds
[2023-12-06 08:04:27,466] {processor.py:162} INFO - Started process (PID=7769) to work on /home/airflow/.local/lib/python3.6/site-packages/airflow/example_dags/example_nested_branch_dag.py
[2023-12-06 08:04:27,467] {processor.py:613} INFO - Processing file /home/airflow/.local/lib/python3.6/site-packages/airflow/example_dags/example_nested_branch_dag.py for tasks to queue
[2023-12-06 08:04:27,468] {logging_mixin.py:109} INFO - [2023-12-06 08:04:27,467] {dagbag.py:496} INFO - Filling up the DagBag from /home/airflow/.local/lib/python3.6/site-packages/airflow/example_dags/example_nested_branch_dag.py
[2023-12-06 08:04:27,478] {processor.py:623} INFO - DAG(s) dict_keys(['example_nested_branch_dag']) retrieved from /home/airflow/.local/lib/python3.6/site-packages/airflow/example_dags/example_nested_branch_dag.py
[2023-12-06 08:04:27,496] {logging_mixin.py:109} INFO - [2023-12-06 08:04:27,496] {dag.py:1834} INFO - Sync 1 DAGs
[2023-12-06 08:04:27,508] {logging_mixin.py:109} INFO - [2023-12-06 08:04:27,508] {dag.py:2287} INFO - Setting next_dagrun for example_nested_branch_dag to 2023-12-04 00:00:00+00:00
[2023-12-06 08:04:27,519] {processor.py:170} INFO - Processing /home/airflow/.local/lib/python3.6/site-packages/airflow/example_dags/example_nested_branch_dag.py took 0.055 seconds
[2023-12-06 08:04:58,032] {processor.py:162} INFO - Started process (PID=7972) to work on /home/airflow/.local/lib/python3.6/site-packages/airflow/example_dags/example_nested_branch_dag.py
[2023-12-06 08:04:58,034] {processor.py:613} INFO - Processing file /home/airflow/.local/lib/python3.6/site-packages/airflow/example_dags/example_nested_branch_dag.py for tasks to queue
[2023-12-06 08:04:58,035] {logging_mixin.py:109} INFO - [2023-12-06 08:04:58,035] {dagbag.py:496} INFO - Filling up the DagBag from /home/airflow/.local/lib/python3.6/site-packages/airflow/example_dags/example_nested_branch_dag.py
[2023-12-06 08:04:58,046] {processor.py:623} INFO - DAG(s) dict_keys(['example_nested_branch_dag']) retrieved from /home/airflow/.local/lib/python3.6/site-packages/airflow/example_dags/example_nested_branch_dag.py
[2023-12-06 08:04:58,065] {logging_mixin.py:109} INFO - [2023-12-06 08:04:58,065] {dag.py:1834} INFO - Sync 1 DAGs
[2023-12-06 08:04:58,078] {logging_mixin.py:109} INFO - [2023-12-06 08:04:58,078] {dag.py:2287} INFO - Setting next_dagrun for example_nested_branch_dag to 2023-12-04 00:00:00+00:00
[2023-12-06 08:04:58,089] {processor.py:170} INFO - Processing /home/airflow/.local/lib/python3.6/site-packages/airflow/example_dags/example_nested_branch_dag.py took 0.058 seconds
[2023-12-06 08:05:28,569] {processor.py:162} INFO - Started process (PID=8168) to work on /home/airflow/.local/lib/python3.6/site-packages/airflow/example_dags/example_nested_branch_dag.py
[2023-12-06 08:05:28,569] {processor.py:613} INFO - Processing file /home/airflow/.local/lib/python3.6/site-packages/airflow/example_dags/example_nested_branch_dag.py for tasks to queue
[2023-12-06 08:05:28,570] {logging_mixin.py:109} INFO - [2023-12-06 08:05:28,570] {dagbag.py:496} INFO - Filling up the DagBag from /home/airflow/.local/lib/python3.6/site-packages/airflow/example_dags/example_nested_branch_dag.py
[2023-12-06 08:05:28,580] {processor.py:623} INFO - DAG(s) dict_keys(['example_nested_branch_dag']) retrieved from /home/airflow/.local/lib/python3.6/site-packages/airflow/example_dags/example_nested_branch_dag.py
[2023-12-06 08:05:28,599] {logging_mixin.py:109} INFO - [2023-12-06 08:05:28,599] {dag.py:1834} INFO - Sync 1 DAGs
[2023-12-06 08:05:28,613] {logging_mixin.py:109} INFO - [2023-12-06 08:05:28,613] {dag.py:2287} INFO - Setting next_dagrun for example_nested_branch_dag to 2023-12-04 00:00:00+00:00
[2023-12-06 08:05:28,623] {processor.py:170} INFO - Processing /home/airflow/.local/lib/python3.6/site-packages/airflow/example_dags/example_nested_branch_dag.py took 0.057 seconds
[2023-12-06 08:05:59,195] {processor.py:162} INFO - Started process (PID=8373) to work on /home/airflow/.local/lib/python3.6/site-packages/airflow/example_dags/example_nested_branch_dag.py
[2023-12-06 08:05:59,196] {processor.py:613} INFO - Processing file /home/airflow/.local/lib/python3.6/site-packages/airflow/example_dags/example_nested_branch_dag.py for tasks to queue
[2023-12-06 08:05:59,197] {logging_mixin.py:109} INFO - [2023-12-06 08:05:59,197] {dagbag.py:496} INFO - Filling up the DagBag from /home/airflow/.local/lib/python3.6/site-packages/airflow/example_dags/example_nested_branch_dag.py
[2023-12-06 08:05:59,206] {processor.py:623} INFO - DAG(s) dict_keys(['example_nested_branch_dag']) retrieved from /home/airflow/.local/lib/python3.6/site-packages/airflow/example_dags/example_nested_branch_dag.py
[2023-12-06 08:05:59,222] {logging_mixin.py:109} INFO - [2023-12-06 08:05:59,222] {dag.py:1834} INFO - Sync 1 DAGs
[2023-12-06 08:05:59,235] {logging_mixin.py:109} INFO - [2023-12-06 08:05:59,234] {dag.py:2287} INFO - Setting next_dagrun for example_nested_branch_dag to 2023-12-04 00:00:00+00:00
[2023-12-06 08:05:59,244] {processor.py:170} INFO - Processing /home/airflow/.local/lib/python3.6/site-packages/airflow/example_dags/example_nested_branch_dag.py took 0.051 seconds
[2023-12-06 08:06:29,857] {processor.py:162} INFO - Started process (PID=8565) to work on /home/airflow/.local/lib/python3.6/site-packages/airflow/example_dags/example_nested_branch_dag.py
[2023-12-06 08:06:29,858] {processor.py:613} INFO - Processing file /home/airflow/.local/lib/python3.6/site-packages/airflow/example_dags/example_nested_branch_dag.py for tasks to queue
[2023-12-06 08:06:29,859] {logging_mixin.py:109} INFO - [2023-12-06 08:06:29,859] {dagbag.py:496} INFO - Filling up the DagBag from /home/airflow/.local/lib/python3.6/site-packages/airflow/example_dags/example_nested_branch_dag.py
[2023-12-06 08:06:29,868] {processor.py:623} INFO - DAG(s) dict_keys(['example_nested_branch_dag']) retrieved from /home/airflow/.local/lib/python3.6/site-packages/airflow/example_dags/example_nested_branch_dag.py
[2023-12-06 08:06:29,886] {logging_mixin.py:109} INFO - [2023-12-06 08:06:29,885] {dag.py:1834} INFO - Sync 1 DAGs
[2023-12-06 08:06:29,897] {logging_mixin.py:109} INFO - [2023-12-06 08:06:29,897] {dag.py:2287} INFO - Setting next_dagrun for example_nested_branch_dag to 2023-12-04 00:00:00+00:00
[2023-12-06 08:06:29,907] {processor.py:170} INFO - Processing /home/airflow/.local/lib/python3.6/site-packages/airflow/example_dags/example_nested_branch_dag.py took 0.052 seconds
[2023-12-06 08:07:00,529] {processor.py:162} INFO - Started process (PID=8768) to work on /home/airflow/.local/lib/python3.6/site-packages/airflow/example_dags/example_nested_branch_dag.py
[2023-12-06 08:07:00,530] {processor.py:613} INFO - Processing file /home/airflow/.local/lib/python3.6/site-packages/airflow/example_dags/example_nested_branch_dag.py for tasks to queue
[2023-12-06 08:07:00,530] {logging_mixin.py:109} INFO - [2023-12-06 08:07:00,530] {dagbag.py:496} INFO - Filling up the DagBag from /home/airflow/.local/lib/python3.6/site-packages/airflow/example_dags/example_nested_branch_dag.py
[2023-12-06 08:07:00,540] {processor.py:623} INFO - DAG(s) dict_keys(['example_nested_branch_dag']) retrieved from /home/airflow/.local/lib/python3.6/site-packages/airflow/example_dags/example_nested_branch_dag.py
[2023-12-06 08:07:00,558] {logging_mixin.py:109} INFO - [2023-12-06 08:07:00,558] {dag.py:1834} INFO - Sync 1 DAGs
[2023-12-06 08:07:00,571] {logging_mixin.py:109} INFO - [2023-12-06 08:07:00,571] {dag.py:2287} INFO - Setting next_dagrun for example_nested_branch_dag to 2023-12-04 00:00:00+00:00
[2023-12-06 08:07:00,581] {processor.py:170} INFO - Processing /home/airflow/.local/lib/python3.6/site-packages/airflow/example_dags/example_nested_branch_dag.py took 0.054 seconds
[2023-12-06 08:07:31,072] {processor.py:162} INFO - Started process (PID=8978) to work on /home/airflow/.local/lib/python3.6/site-packages/airflow/example_dags/example_nested_branch_dag.py
[2023-12-06 08:07:31,074] {processor.py:613} INFO - Processing file /home/airflow/.local/lib/python3.6/site-packages/airflow/example_dags/example_nested_branch_dag.py for tasks to queue
[2023-12-06 08:07:31,074] {logging_mixin.py:109} INFO - [2023-12-06 08:07:31,074] {dagbag.py:496} INFO - Filling up the DagBag from /home/airflow/.local/lib/python3.6/site-packages/airflow/example_dags/example_nested_branch_dag.py
[2023-12-06 08:07:31,084] {processor.py:623} INFO - DAG(s) dict_keys(['example_nested_branch_dag']) retrieved from /home/airflow/.local/lib/python3.6/site-packages/airflow/example_dags/example_nested_branch_dag.py
[2023-12-06 08:07:31,101] {logging_mixin.py:109} INFO - [2023-12-06 08:07:31,101] {dag.py:1834} INFO - Sync 1 DAGs
[2023-12-06 08:07:31,112] {logging_mixin.py:109} INFO - [2023-12-06 08:07:31,112] {dag.py:2287} INFO - Setting next_dagrun for example_nested_branch_dag to 2023-12-04 00:00:00+00:00
[2023-12-06 08:07:31,121] {processor.py:170} INFO - Processing /home/airflow/.local/lib/python3.6/site-packages/airflow/example_dags/example_nested_branch_dag.py took 0.051 seconds
