[2023-12-06 07:46:01,720] {processor.py:162} INFO - Started process (PID=271) to work on /home/airflow/.local/lib/python3.6/site-packages/airflow/example_dags/example_kubernetes_executor.py
[2023-12-06 07:46:01,722] {processor.py:613} INFO - Processing file /home/airflow/.local/lib/python3.6/site-packages/airflow/example_dags/example_kubernetes_executor.py for tasks to queue
[2023-12-06 07:46:01,723] {logging_mixin.py:109} INFO - [2023-12-06 07:46:01,722] {dagbag.py:496} INFO - Filling up the DagBag from /home/airflow/.local/lib/python3.6/site-packages/airflow/example_dags/example_kubernetes_executor.py
[2023-12-06 07:46:01,739] {processor.py:623} INFO - DAG(s) dict_keys(['example_kubernetes_executor']) retrieved from /home/airflow/.local/lib/python3.6/site-packages/airflow/example_dags/example_kubernetes_executor.py
[2023-12-06 07:46:02,024] {logging_mixin.py:109} INFO - [2023-12-06 07:46:02,023] {dag.py:1834} INFO - Sync 1 DAGs
[2023-12-06 07:46:02,037] {logging_mixin.py:109} INFO - [2023-12-06 07:46:02,037] {dag.py:2287} INFO - Setting next_dagrun for example_kubernetes_executor to None
[2023-12-06 07:46:02,057] {processor.py:170} INFO - Processing /home/airflow/.local/lib/python3.6/site-packages/airflow/example_dags/example_kubernetes_executor.py took 0.342 seconds
[2023-12-06 07:46:32,096] {processor.py:162} INFO - Started process (PID=538) to work on /home/airflow/.local/lib/python3.6/site-packages/airflow/example_dags/example_kubernetes_executor.py
[2023-12-06 07:46:32,139] {processor.py:613} INFO - Processing file /home/airflow/.local/lib/python3.6/site-packages/airflow/example_dags/example_kubernetes_executor.py for tasks to queue
[2023-12-06 07:46:32,139] {logging_mixin.py:109} INFO - [2023-12-06 07:46:32,139] {dagbag.py:496} INFO - Filling up the DagBag from /home/airflow/.local/lib/python3.6/site-packages/airflow/example_dags/example_kubernetes_executor.py
[2023-12-06 07:46:32,147] {processor.py:623} INFO - DAG(s) dict_keys(['example_kubernetes_executor']) retrieved from /home/airflow/.local/lib/python3.6/site-packages/airflow/example_dags/example_kubernetes_executor.py
[2023-12-06 07:46:32,165] {logging_mixin.py:109} INFO - [2023-12-06 07:46:32,165] {dag.py:1834} INFO - Sync 1 DAGs
[2023-12-06 07:46:32,175] {logging_mixin.py:109} INFO - [2023-12-06 07:46:32,175] {dag.py:2287} INFO - Setting next_dagrun for example_kubernetes_executor to None
[2023-12-06 07:46:32,186] {processor.py:170} INFO - Processing /home/airflow/.local/lib/python3.6/site-packages/airflow/example_dags/example_kubernetes_executor.py took 0.092 seconds
[2023-12-06 07:47:02,756] {processor.py:162} INFO - Started process (PID=741) to work on /home/airflow/.local/lib/python3.6/site-packages/airflow/example_dags/example_kubernetes_executor.py
[2023-12-06 07:47:02,757] {processor.py:613} INFO - Processing file /home/airflow/.local/lib/python3.6/site-packages/airflow/example_dags/example_kubernetes_executor.py for tasks to queue
[2023-12-06 07:47:02,758] {logging_mixin.py:109} INFO - [2023-12-06 07:47:02,758] {dagbag.py:496} INFO - Filling up the DagBag from /home/airflow/.local/lib/python3.6/site-packages/airflow/example_dags/example_kubernetes_executor.py
[2023-12-06 07:47:02,770] {processor.py:623} INFO - DAG(s) dict_keys(['example_kubernetes_executor']) retrieved from /home/airflow/.local/lib/python3.6/site-packages/airflow/example_dags/example_kubernetes_executor.py
[2023-12-06 07:47:02,796] {logging_mixin.py:109} INFO - [2023-12-06 07:47:02,796] {dag.py:1834} INFO - Sync 1 DAGs
[2023-12-06 07:47:02,809] {logging_mixin.py:109} INFO - [2023-12-06 07:47:02,809] {dag.py:2287} INFO - Setting next_dagrun for example_kubernetes_executor to None
[2023-12-06 07:47:02,819] {processor.py:170} INFO - Processing /home/airflow/.local/lib/python3.6/site-packages/airflow/example_dags/example_kubernetes_executor.py took 0.065 seconds
[2023-12-06 07:47:33,448] {processor.py:162} INFO - Started process (PID=936) to work on /home/airflow/.local/lib/python3.6/site-packages/airflow/example_dags/example_kubernetes_executor.py
[2023-12-06 07:47:33,449] {processor.py:613} INFO - Processing file /home/airflow/.local/lib/python3.6/site-packages/airflow/example_dags/example_kubernetes_executor.py for tasks to queue
[2023-12-06 07:47:33,450] {logging_mixin.py:109} INFO - [2023-12-06 07:47:33,450] {dagbag.py:496} INFO - Filling up the DagBag from /home/airflow/.local/lib/python3.6/site-packages/airflow/example_dags/example_kubernetes_executor.py
[2023-12-06 07:47:33,459] {processor.py:623} INFO - DAG(s) dict_keys(['example_kubernetes_executor']) retrieved from /home/airflow/.local/lib/python3.6/site-packages/airflow/example_dags/example_kubernetes_executor.py
[2023-12-06 07:47:33,476] {logging_mixin.py:109} INFO - [2023-12-06 07:47:33,475] {dag.py:1834} INFO - Sync 1 DAGs
[2023-12-06 07:47:33,486] {logging_mixin.py:109} INFO - [2023-12-06 07:47:33,486] {dag.py:2287} INFO - Setting next_dagrun for example_kubernetes_executor to None
[2023-12-06 07:47:33,495] {processor.py:170} INFO - Processing /home/airflow/.local/lib/python3.6/site-packages/airflow/example_dags/example_kubernetes_executor.py took 0.050 seconds
[2023-12-06 07:48:03,974] {processor.py:162} INFO - Started process (PID=1141) to work on /home/airflow/.local/lib/python3.6/site-packages/airflow/example_dags/example_kubernetes_executor.py
[2023-12-06 07:48:03,975] {processor.py:613} INFO - Processing file /home/airflow/.local/lib/python3.6/site-packages/airflow/example_dags/example_kubernetes_executor.py for tasks to queue
[2023-12-06 07:48:03,975] {logging_mixin.py:109} INFO - [2023-12-06 07:48:03,975] {dagbag.py:496} INFO - Filling up the DagBag from /home/airflow/.local/lib/python3.6/site-packages/airflow/example_dags/example_kubernetes_executor.py
[2023-12-06 07:48:03,984] {processor.py:623} INFO - DAG(s) dict_keys(['example_kubernetes_executor']) retrieved from /home/airflow/.local/lib/python3.6/site-packages/airflow/example_dags/example_kubernetes_executor.py
[2023-12-06 07:48:04,002] {logging_mixin.py:109} INFO - [2023-12-06 07:48:04,002] {dag.py:1834} INFO - Sync 1 DAGs
[2023-12-06 07:48:04,012] {logging_mixin.py:109} INFO - [2023-12-06 07:48:04,011] {dag.py:2287} INFO - Setting next_dagrun for example_kubernetes_executor to None
[2023-12-06 07:48:04,022] {processor.py:170} INFO - Processing /home/airflow/.local/lib/python3.6/site-packages/airflow/example_dags/example_kubernetes_executor.py took 0.050 seconds
[2023-12-06 07:48:34,621] {processor.py:162} INFO - Started process (PID=1336) to work on /home/airflow/.local/lib/python3.6/site-packages/airflow/example_dags/example_kubernetes_executor.py
[2023-12-06 07:48:34,622] {processor.py:613} INFO - Processing file /home/airflow/.local/lib/python3.6/site-packages/airflow/example_dags/example_kubernetes_executor.py for tasks to queue
[2023-12-06 07:48:34,623] {logging_mixin.py:109} INFO - [2023-12-06 07:48:34,622] {dagbag.py:496} INFO - Filling up the DagBag from /home/airflow/.local/lib/python3.6/site-packages/airflow/example_dags/example_kubernetes_executor.py
[2023-12-06 07:48:34,632] {processor.py:623} INFO - DAG(s) dict_keys(['example_kubernetes_executor']) retrieved from /home/airflow/.local/lib/python3.6/site-packages/airflow/example_dags/example_kubernetes_executor.py
[2023-12-06 07:48:34,648] {logging_mixin.py:109} INFO - [2023-12-06 07:48:34,648] {dag.py:1834} INFO - Sync 1 DAGs
[2023-12-06 07:48:34,658] {logging_mixin.py:109} INFO - [2023-12-06 07:48:34,657] {dag.py:2287} INFO - Setting next_dagrun for example_kubernetes_executor to None
[2023-12-06 07:48:34,668] {processor.py:170} INFO - Processing /home/airflow/.local/lib/python3.6/site-packages/airflow/example_dags/example_kubernetes_executor.py took 0.049 seconds
[2023-12-06 07:49:05,272] {processor.py:162} INFO - Started process (PID=1541) to work on /home/airflow/.local/lib/python3.6/site-packages/airflow/example_dags/example_kubernetes_executor.py
[2023-12-06 07:49:05,273] {processor.py:613} INFO - Processing file /home/airflow/.local/lib/python3.6/site-packages/airflow/example_dags/example_kubernetes_executor.py for tasks to queue
[2023-12-06 07:49:05,274] {logging_mixin.py:109} INFO - [2023-12-06 07:49:05,274] {dagbag.py:496} INFO - Filling up the DagBag from /home/airflow/.local/lib/python3.6/site-packages/airflow/example_dags/example_kubernetes_executor.py
[2023-12-06 07:49:05,284] {processor.py:623} INFO - DAG(s) dict_keys(['example_kubernetes_executor']) retrieved from /home/airflow/.local/lib/python3.6/site-packages/airflow/example_dags/example_kubernetes_executor.py
[2023-12-06 07:49:05,303] {logging_mixin.py:109} INFO - [2023-12-06 07:49:05,303] {dag.py:1834} INFO - Sync 1 DAGs
[2023-12-06 07:49:05,314] {logging_mixin.py:109} INFO - [2023-12-06 07:49:05,314] {dag.py:2287} INFO - Setting next_dagrun for example_kubernetes_executor to None
[2023-12-06 07:49:05,325] {processor.py:170} INFO - Processing /home/airflow/.local/lib/python3.6/site-packages/airflow/example_dags/example_kubernetes_executor.py took 0.054 seconds
[2023-12-06 07:49:35,900] {processor.py:162} INFO - Started process (PID=1745) to work on /home/airflow/.local/lib/python3.6/site-packages/airflow/example_dags/example_kubernetes_executor.py
[2023-12-06 07:49:35,901] {processor.py:613} INFO - Processing file /home/airflow/.local/lib/python3.6/site-packages/airflow/example_dags/example_kubernetes_executor.py for tasks to queue
[2023-12-06 07:49:35,902] {logging_mixin.py:109} INFO - [2023-12-06 07:49:35,902] {dagbag.py:496} INFO - Filling up the DagBag from /home/airflow/.local/lib/python3.6/site-packages/airflow/example_dags/example_kubernetes_executor.py
[2023-12-06 07:49:35,911] {processor.py:623} INFO - DAG(s) dict_keys(['example_kubernetes_executor']) retrieved from /home/airflow/.local/lib/python3.6/site-packages/airflow/example_dags/example_kubernetes_executor.py
[2023-12-06 07:49:35,930] {logging_mixin.py:109} INFO - [2023-12-06 07:49:35,930] {dag.py:1834} INFO - Sync 1 DAGs
[2023-12-06 07:49:35,941] {logging_mixin.py:109} INFO - [2023-12-06 07:49:35,941] {dag.py:2287} INFO - Setting next_dagrun for example_kubernetes_executor to None
[2023-12-06 07:49:35,952] {processor.py:170} INFO - Processing /home/airflow/.local/lib/python3.6/site-packages/airflow/example_dags/example_kubernetes_executor.py took 0.054 seconds
[2023-12-06 07:50:06,569] {processor.py:162} INFO - Started process (PID=1941) to work on /home/airflow/.local/lib/python3.6/site-packages/airflow/example_dags/example_kubernetes_executor.py
[2023-12-06 07:50:06,570] {processor.py:613} INFO - Processing file /home/airflow/.local/lib/python3.6/site-packages/airflow/example_dags/example_kubernetes_executor.py for tasks to queue
[2023-12-06 07:50:06,570] {logging_mixin.py:109} INFO - [2023-12-06 07:50:06,570] {dagbag.py:496} INFO - Filling up the DagBag from /home/airflow/.local/lib/python3.6/site-packages/airflow/example_dags/example_kubernetes_executor.py
[2023-12-06 07:50:06,579] {processor.py:623} INFO - DAG(s) dict_keys(['example_kubernetes_executor']) retrieved from /home/airflow/.local/lib/python3.6/site-packages/airflow/example_dags/example_kubernetes_executor.py
[2023-12-06 07:50:06,597] {logging_mixin.py:109} INFO - [2023-12-06 07:50:06,596] {dag.py:1834} INFO - Sync 1 DAGs
[2023-12-06 07:50:06,606] {logging_mixin.py:109} INFO - [2023-12-06 07:50:06,606] {dag.py:2287} INFO - Setting next_dagrun for example_kubernetes_executor to None
[2023-12-06 07:50:06,615] {processor.py:170} INFO - Processing /home/airflow/.local/lib/python3.6/site-packages/airflow/example_dags/example_kubernetes_executor.py took 0.049 seconds
[2023-12-06 07:50:37,256] {processor.py:162} INFO - Started process (PID=2146) to work on /home/airflow/.local/lib/python3.6/site-packages/airflow/example_dags/example_kubernetes_executor.py
[2023-12-06 07:50:37,258] {processor.py:613} INFO - Processing file /home/airflow/.local/lib/python3.6/site-packages/airflow/example_dags/example_kubernetes_executor.py for tasks to queue
[2023-12-06 07:50:37,258] {logging_mixin.py:109} INFO - [2023-12-06 07:50:37,258] {dagbag.py:496} INFO - Filling up the DagBag from /home/airflow/.local/lib/python3.6/site-packages/airflow/example_dags/example_kubernetes_executor.py
[2023-12-06 07:50:37,267] {processor.py:623} INFO - DAG(s) dict_keys(['example_kubernetes_executor']) retrieved from /home/airflow/.local/lib/python3.6/site-packages/airflow/example_dags/example_kubernetes_executor.py
[2023-12-06 07:50:37,285] {logging_mixin.py:109} INFO - [2023-12-06 07:50:37,285] {dag.py:1834} INFO - Sync 1 DAGs
[2023-12-06 07:50:37,297] {logging_mixin.py:109} INFO - [2023-12-06 07:50:37,297] {dag.py:2287} INFO - Setting next_dagrun for example_kubernetes_executor to None
[2023-12-06 07:50:37,307] {processor.py:170} INFO - Processing /home/airflow/.local/lib/python3.6/site-packages/airflow/example_dags/example_kubernetes_executor.py took 0.053 seconds
[2023-12-06 07:51:07,649] {processor.py:162} INFO - Started process (PID=2341) to work on /home/airflow/.local/lib/python3.6/site-packages/airflow/example_dags/example_kubernetes_executor.py
[2023-12-06 07:51:07,651] {processor.py:613} INFO - Processing file /home/airflow/.local/lib/python3.6/site-packages/airflow/example_dags/example_kubernetes_executor.py for tasks to queue
[2023-12-06 07:51:07,651] {logging_mixin.py:109} INFO - [2023-12-06 07:51:07,651] {dagbag.py:496} INFO - Filling up the DagBag from /home/airflow/.local/lib/python3.6/site-packages/airflow/example_dags/example_kubernetes_executor.py
[2023-12-06 07:51:07,660] {processor.py:623} INFO - DAG(s) dict_keys(['example_kubernetes_executor']) retrieved from /home/airflow/.local/lib/python3.6/site-packages/airflow/example_dags/example_kubernetes_executor.py
[2023-12-06 07:51:07,677] {logging_mixin.py:109} INFO - [2023-12-06 07:51:07,676] {dag.py:1834} INFO - Sync 1 DAGs
[2023-12-06 07:51:07,687] {logging_mixin.py:109} INFO - [2023-12-06 07:51:07,687] {dag.py:2287} INFO - Setting next_dagrun for example_kubernetes_executor to None
[2023-12-06 07:51:07,698] {processor.py:170} INFO - Processing /home/airflow/.local/lib/python3.6/site-packages/airflow/example_dags/example_kubernetes_executor.py took 0.051 seconds
[2023-12-06 07:51:38,266] {processor.py:162} INFO - Started process (PID=2546) to work on /home/airflow/.local/lib/python3.6/site-packages/airflow/example_dags/example_kubernetes_executor.py
[2023-12-06 07:51:38,267] {processor.py:613} INFO - Processing file /home/airflow/.local/lib/python3.6/site-packages/airflow/example_dags/example_kubernetes_executor.py for tasks to queue
[2023-12-06 07:51:38,267] {logging_mixin.py:109} INFO - [2023-12-06 07:51:38,267] {dagbag.py:496} INFO - Filling up the DagBag from /home/airflow/.local/lib/python3.6/site-packages/airflow/example_dags/example_kubernetes_executor.py
[2023-12-06 07:51:38,276] {processor.py:623} INFO - DAG(s) dict_keys(['example_kubernetes_executor']) retrieved from /home/airflow/.local/lib/python3.6/site-packages/airflow/example_dags/example_kubernetes_executor.py
[2023-12-06 07:51:38,293] {logging_mixin.py:109} INFO - [2023-12-06 07:51:38,293] {dag.py:1834} INFO - Sync 1 DAGs
[2023-12-06 07:51:38,305] {logging_mixin.py:109} INFO - [2023-12-06 07:51:38,304] {dag.py:2287} INFO - Setting next_dagrun for example_kubernetes_executor to None
[2023-12-06 07:51:38,315] {processor.py:170} INFO - Processing /home/airflow/.local/lib/python3.6/site-packages/airflow/example_dags/example_kubernetes_executor.py took 0.051 seconds
[2023-12-06 07:52:08,799] {processor.py:162} INFO - Started process (PID=2751) to work on /home/airflow/.local/lib/python3.6/site-packages/airflow/example_dags/example_kubernetes_executor.py
[2023-12-06 07:52:08,800] {processor.py:613} INFO - Processing file /home/airflow/.local/lib/python3.6/site-packages/airflow/example_dags/example_kubernetes_executor.py for tasks to queue
[2023-12-06 07:52:08,800] {logging_mixin.py:109} INFO - [2023-12-06 07:52:08,800] {dagbag.py:496} INFO - Filling up the DagBag from /home/airflow/.local/lib/python3.6/site-packages/airflow/example_dags/example_kubernetes_executor.py
[2023-12-06 07:52:08,810] {processor.py:623} INFO - DAG(s) dict_keys(['example_kubernetes_executor']) retrieved from /home/airflow/.local/lib/python3.6/site-packages/airflow/example_dags/example_kubernetes_executor.py
[2023-12-06 07:52:08,828] {logging_mixin.py:109} INFO - [2023-12-06 07:52:08,828] {dag.py:1834} INFO - Sync 1 DAGs
[2023-12-06 07:52:08,840] {logging_mixin.py:109} INFO - [2023-12-06 07:52:08,840] {dag.py:2287} INFO - Setting next_dagrun for example_kubernetes_executor to None
[2023-12-06 07:52:08,851] {processor.py:170} INFO - Processing /home/airflow/.local/lib/python3.6/site-packages/airflow/example_dags/example_kubernetes_executor.py took 0.054 seconds
[2023-12-06 07:52:39,325] {processor.py:162} INFO - Started process (PID=2946) to work on /home/airflow/.local/lib/python3.6/site-packages/airflow/example_dags/example_kubernetes_executor.py
[2023-12-06 07:52:39,326] {processor.py:613} INFO - Processing file /home/airflow/.local/lib/python3.6/site-packages/airflow/example_dags/example_kubernetes_executor.py for tasks to queue
[2023-12-06 07:52:39,326] {logging_mixin.py:109} INFO - [2023-12-06 07:52:39,326] {dagbag.py:496} INFO - Filling up the DagBag from /home/airflow/.local/lib/python3.6/site-packages/airflow/example_dags/example_kubernetes_executor.py
[2023-12-06 07:52:39,336] {processor.py:623} INFO - DAG(s) dict_keys(['example_kubernetes_executor']) retrieved from /home/airflow/.local/lib/python3.6/site-packages/airflow/example_dags/example_kubernetes_executor.py
[2023-12-06 07:52:39,354] {logging_mixin.py:109} INFO - [2023-12-06 07:52:39,354] {dag.py:1834} INFO - Sync 1 DAGs
[2023-12-06 07:52:39,366] {logging_mixin.py:109} INFO - [2023-12-06 07:52:39,366] {dag.py:2287} INFO - Setting next_dagrun for example_kubernetes_executor to None
[2023-12-06 07:52:39,375] {processor.py:170} INFO - Processing /home/airflow/.local/lib/python3.6/site-packages/airflow/example_dags/example_kubernetes_executor.py took 0.052 seconds
[2023-12-06 07:53:09,715] {processor.py:162} INFO - Started process (PID=3151) to work on /home/airflow/.local/lib/python3.6/site-packages/airflow/example_dags/example_kubernetes_executor.py
[2023-12-06 07:53:09,718] {processor.py:613} INFO - Processing file /home/airflow/.local/lib/python3.6/site-packages/airflow/example_dags/example_kubernetes_executor.py for tasks to queue
[2023-12-06 07:53:09,719] {logging_mixin.py:109} INFO - [2023-12-06 07:53:09,719] {dagbag.py:496} INFO - Filling up the DagBag from /home/airflow/.local/lib/python3.6/site-packages/airflow/example_dags/example_kubernetes_executor.py
[2023-12-06 07:53:09,728] {processor.py:623} INFO - DAG(s) dict_keys(['example_kubernetes_executor']) retrieved from /home/airflow/.local/lib/python3.6/site-packages/airflow/example_dags/example_kubernetes_executor.py
[2023-12-06 07:53:09,744] {logging_mixin.py:109} INFO - [2023-12-06 07:53:09,744] {dag.py:1834} INFO - Sync 1 DAGs
[2023-12-06 07:53:09,755] {logging_mixin.py:109} INFO - [2023-12-06 07:53:09,754] {dag.py:2287} INFO - Setting next_dagrun for example_kubernetes_executor to None
[2023-12-06 07:53:09,765] {processor.py:170} INFO - Processing /home/airflow/.local/lib/python3.6/site-packages/airflow/example_dags/example_kubernetes_executor.py took 0.051 seconds
[2023-12-06 07:53:40,156] {processor.py:162} INFO - Started process (PID=3346) to work on /home/airflow/.local/lib/python3.6/site-packages/airflow/example_dags/example_kubernetes_executor.py
[2023-12-06 07:53:40,157] {processor.py:613} INFO - Processing file /home/airflow/.local/lib/python3.6/site-packages/airflow/example_dags/example_kubernetes_executor.py for tasks to queue
[2023-12-06 07:53:40,158] {logging_mixin.py:109} INFO - [2023-12-06 07:53:40,158] {dagbag.py:496} INFO - Filling up the DagBag from /home/airflow/.local/lib/python3.6/site-packages/airflow/example_dags/example_kubernetes_executor.py
[2023-12-06 07:53:40,167] {processor.py:623} INFO - DAG(s) dict_keys(['example_kubernetes_executor']) retrieved from /home/airflow/.local/lib/python3.6/site-packages/airflow/example_dags/example_kubernetes_executor.py
[2023-12-06 07:53:40,183] {logging_mixin.py:109} INFO - [2023-12-06 07:53:40,183] {dag.py:1834} INFO - Sync 1 DAGs
[2023-12-06 07:53:40,194] {logging_mixin.py:109} INFO - [2023-12-06 07:53:40,194] {dag.py:2287} INFO - Setting next_dagrun for example_kubernetes_executor to None
[2023-12-06 07:53:40,205] {processor.py:170} INFO - Processing /home/airflow/.local/lib/python3.6/site-packages/airflow/example_dags/example_kubernetes_executor.py took 0.051 seconds
[2023-12-06 07:54:10,986] {processor.py:162} INFO - Started process (PID=3551) to work on /home/airflow/.local/lib/python3.6/site-packages/airflow/example_dags/example_kubernetes_executor.py
[2023-12-06 07:54:10,987] {processor.py:613} INFO - Processing file /home/airflow/.local/lib/python3.6/site-packages/airflow/example_dags/example_kubernetes_executor.py for tasks to queue
[2023-12-06 07:54:10,988] {logging_mixin.py:109} INFO - [2023-12-06 07:54:10,988] {dagbag.py:496} INFO - Filling up the DagBag from /home/airflow/.local/lib/python3.6/site-packages/airflow/example_dags/example_kubernetes_executor.py
[2023-12-06 07:54:10,997] {processor.py:623} INFO - DAG(s) dict_keys(['example_kubernetes_executor']) retrieved from /home/airflow/.local/lib/python3.6/site-packages/airflow/example_dags/example_kubernetes_executor.py
[2023-12-06 07:54:11,014] {logging_mixin.py:109} INFO - [2023-12-06 07:54:11,014] {dag.py:1834} INFO - Sync 1 DAGs
[2023-12-06 07:54:11,026] {logging_mixin.py:109} INFO - [2023-12-06 07:54:11,026] {dag.py:2287} INFO - Setting next_dagrun for example_kubernetes_executor to None
[2023-12-06 07:54:11,037] {processor.py:170} INFO - Processing /home/airflow/.local/lib/python3.6/site-packages/airflow/example_dags/example_kubernetes_executor.py took 0.053 seconds
[2023-12-06 07:54:41,718] {processor.py:162} INFO - Started process (PID=3756) to work on /home/airflow/.local/lib/python3.6/site-packages/airflow/example_dags/example_kubernetes_executor.py
[2023-12-06 07:54:41,719] {processor.py:613} INFO - Processing file /home/airflow/.local/lib/python3.6/site-packages/airflow/example_dags/example_kubernetes_executor.py for tasks to queue
[2023-12-06 07:54:41,720] {logging_mixin.py:109} INFO - [2023-12-06 07:54:41,720] {dagbag.py:496} INFO - Filling up the DagBag from /home/airflow/.local/lib/python3.6/site-packages/airflow/example_dags/example_kubernetes_executor.py
[2023-12-06 07:54:41,730] {processor.py:623} INFO - DAG(s) dict_keys(['example_kubernetes_executor']) retrieved from /home/airflow/.local/lib/python3.6/site-packages/airflow/example_dags/example_kubernetes_executor.py
[2023-12-06 07:54:41,750] {logging_mixin.py:109} INFO - [2023-12-06 07:54:41,750] {dag.py:1834} INFO - Sync 1 DAGs
[2023-12-06 07:54:41,761] {logging_mixin.py:109} INFO - [2023-12-06 07:54:41,761] {dag.py:2287} INFO - Setting next_dagrun for example_kubernetes_executor to None
[2023-12-06 07:54:41,771] {processor.py:170} INFO - Processing /home/airflow/.local/lib/python3.6/site-packages/airflow/example_dags/example_kubernetes_executor.py took 0.055 seconds
[2023-12-06 07:55:12,312] {processor.py:162} INFO - Started process (PID=3951) to work on /home/airflow/.local/lib/python3.6/site-packages/airflow/example_dags/example_kubernetes_executor.py
[2023-12-06 07:55:12,313] {processor.py:613} INFO - Processing file /home/airflow/.local/lib/python3.6/site-packages/airflow/example_dags/example_kubernetes_executor.py for tasks to queue
[2023-12-06 07:55:12,313] {logging_mixin.py:109} INFO - [2023-12-06 07:55:12,313] {dagbag.py:496} INFO - Filling up the DagBag from /home/airflow/.local/lib/python3.6/site-packages/airflow/example_dags/example_kubernetes_executor.py
[2023-12-06 07:55:12,322] {processor.py:623} INFO - DAG(s) dict_keys(['example_kubernetes_executor']) retrieved from /home/airflow/.local/lib/python3.6/site-packages/airflow/example_dags/example_kubernetes_executor.py
[2023-12-06 07:55:12,340] {logging_mixin.py:109} INFO - [2023-12-06 07:55:12,339] {dag.py:1834} INFO - Sync 1 DAGs
[2023-12-06 07:55:12,350] {logging_mixin.py:109} INFO - [2023-12-06 07:55:12,350] {dag.py:2287} INFO - Setting next_dagrun for example_kubernetes_executor to None
[2023-12-06 07:55:12,360] {processor.py:170} INFO - Processing /home/airflow/.local/lib/python3.6/site-packages/airflow/example_dags/example_kubernetes_executor.py took 0.051 seconds
[2023-12-06 07:55:42,980] {processor.py:162} INFO - Started process (PID=4156) to work on /home/airflow/.local/lib/python3.6/site-packages/airflow/example_dags/example_kubernetes_executor.py
[2023-12-06 07:55:42,980] {processor.py:613} INFO - Processing file /home/airflow/.local/lib/python3.6/site-packages/airflow/example_dags/example_kubernetes_executor.py for tasks to queue
[2023-12-06 07:55:42,981] {logging_mixin.py:109} INFO - [2023-12-06 07:55:42,981] {dagbag.py:496} INFO - Filling up the DagBag from /home/airflow/.local/lib/python3.6/site-packages/airflow/example_dags/example_kubernetes_executor.py
[2023-12-06 07:55:42,990] {processor.py:623} INFO - DAG(s) dict_keys(['example_kubernetes_executor']) retrieved from /home/airflow/.local/lib/python3.6/site-packages/airflow/example_dags/example_kubernetes_executor.py
[2023-12-06 07:55:43,008] {logging_mixin.py:109} INFO - [2023-12-06 07:55:43,007] {dag.py:1834} INFO - Sync 1 DAGs
[2023-12-06 07:55:43,019] {logging_mixin.py:109} INFO - [2023-12-06 07:55:43,018] {dag.py:2287} INFO - Setting next_dagrun for example_kubernetes_executor to None
[2023-12-06 07:55:43,029] {processor.py:170} INFO - Processing /home/airflow/.local/lib/python3.6/site-packages/airflow/example_dags/example_kubernetes_executor.py took 0.051 seconds
[2023-12-06 07:56:13,726] {processor.py:162} INFO - Started process (PID=4361) to work on /home/airflow/.local/lib/python3.6/site-packages/airflow/example_dags/example_kubernetes_executor.py
[2023-12-06 07:56:13,728] {processor.py:613} INFO - Processing file /home/airflow/.local/lib/python3.6/site-packages/airflow/example_dags/example_kubernetes_executor.py for tasks to queue
[2023-12-06 07:56:13,728] {logging_mixin.py:109} INFO - [2023-12-06 07:56:13,728] {dagbag.py:496} INFO - Filling up the DagBag from /home/airflow/.local/lib/python3.6/site-packages/airflow/example_dags/example_kubernetes_executor.py
[2023-12-06 07:56:13,738] {processor.py:623} INFO - DAG(s) dict_keys(['example_kubernetes_executor']) retrieved from /home/airflow/.local/lib/python3.6/site-packages/airflow/example_dags/example_kubernetes_executor.py
[2023-12-06 07:56:13,756] {logging_mixin.py:109} INFO - [2023-12-06 07:56:13,756] {dag.py:1834} INFO - Sync 1 DAGs
[2023-12-06 07:56:13,766] {logging_mixin.py:109} INFO - [2023-12-06 07:56:13,766] {dag.py:2287} INFO - Setting next_dagrun for example_kubernetes_executor to None
[2023-12-06 07:56:13,776] {processor.py:170} INFO - Processing /home/airflow/.local/lib/python3.6/site-packages/airflow/example_dags/example_kubernetes_executor.py took 0.052 seconds
[2023-12-06 07:56:44,357] {processor.py:162} INFO - Started process (PID=4556) to work on /home/airflow/.local/lib/python3.6/site-packages/airflow/example_dags/example_kubernetes_executor.py
[2023-12-06 07:56:44,358] {processor.py:613} INFO - Processing file /home/airflow/.local/lib/python3.6/site-packages/airflow/example_dags/example_kubernetes_executor.py for tasks to queue
[2023-12-06 07:56:44,359] {logging_mixin.py:109} INFO - [2023-12-06 07:56:44,359] {dagbag.py:496} INFO - Filling up the DagBag from /home/airflow/.local/lib/python3.6/site-packages/airflow/example_dags/example_kubernetes_executor.py
[2023-12-06 07:56:44,369] {processor.py:623} INFO - DAG(s) dict_keys(['example_kubernetes_executor']) retrieved from /home/airflow/.local/lib/python3.6/site-packages/airflow/example_dags/example_kubernetes_executor.py
[2023-12-06 07:56:44,387] {logging_mixin.py:109} INFO - [2023-12-06 07:56:44,387] {dag.py:1834} INFO - Sync 1 DAGs
[2023-12-06 07:56:44,397] {logging_mixin.py:109} INFO - [2023-12-06 07:56:44,397] {dag.py:2287} INFO - Setting next_dagrun for example_kubernetes_executor to None
[2023-12-06 07:56:44,406] {processor.py:170} INFO - Processing /home/airflow/.local/lib/python3.6/site-packages/airflow/example_dags/example_kubernetes_executor.py took 0.051 seconds
[2023-12-06 07:57:14,944] {processor.py:162} INFO - Started process (PID=4761) to work on /home/airflow/.local/lib/python3.6/site-packages/airflow/example_dags/example_kubernetes_executor.py
[2023-12-06 07:57:14,945] {processor.py:613} INFO - Processing file /home/airflow/.local/lib/python3.6/site-packages/airflow/example_dags/example_kubernetes_executor.py for tasks to queue
[2023-12-06 07:57:14,945] {logging_mixin.py:109} INFO - [2023-12-06 07:57:14,945] {dagbag.py:496} INFO - Filling up the DagBag from /home/airflow/.local/lib/python3.6/site-packages/airflow/example_dags/example_kubernetes_executor.py
[2023-12-06 07:57:14,955] {processor.py:623} INFO - DAG(s) dict_keys(['example_kubernetes_executor']) retrieved from /home/airflow/.local/lib/python3.6/site-packages/airflow/example_dags/example_kubernetes_executor.py
[2023-12-06 07:57:14,972] {logging_mixin.py:109} INFO - [2023-12-06 07:57:14,971] {dag.py:1834} INFO - Sync 1 DAGs
[2023-12-06 07:57:14,982] {logging_mixin.py:109} INFO - [2023-12-06 07:57:14,982] {dag.py:2287} INFO - Setting next_dagrun for example_kubernetes_executor to None
[2023-12-06 07:57:14,992] {processor.py:170} INFO - Processing /home/airflow/.local/lib/python3.6/site-packages/airflow/example_dags/example_kubernetes_executor.py took 0.050 seconds
[2023-12-06 07:57:45,615] {processor.py:162} INFO - Started process (PID=4958) to work on /home/airflow/.local/lib/python3.6/site-packages/airflow/example_dags/example_kubernetes_executor.py
[2023-12-06 07:57:45,616] {processor.py:613} INFO - Processing file /home/airflow/.local/lib/python3.6/site-packages/airflow/example_dags/example_kubernetes_executor.py for tasks to queue
[2023-12-06 07:57:45,617] {logging_mixin.py:109} INFO - [2023-12-06 07:57:45,617] {dagbag.py:496} INFO - Filling up the DagBag from /home/airflow/.local/lib/python3.6/site-packages/airflow/example_dags/example_kubernetes_executor.py
[2023-12-06 07:57:45,629] {processor.py:623} INFO - DAG(s) dict_keys(['example_kubernetes_executor']) retrieved from /home/airflow/.local/lib/python3.6/site-packages/airflow/example_dags/example_kubernetes_executor.py
[2023-12-06 07:57:45,650] {logging_mixin.py:109} INFO - [2023-12-06 07:57:45,650] {dag.py:1834} INFO - Sync 1 DAGs
[2023-12-06 07:57:45,663] {logging_mixin.py:109} INFO - [2023-12-06 07:57:45,663] {dag.py:2287} INFO - Setting next_dagrun for example_kubernetes_executor to None
[2023-12-06 07:57:45,675] {processor.py:170} INFO - Processing /home/airflow/.local/lib/python3.6/site-packages/airflow/example_dags/example_kubernetes_executor.py took 0.062 seconds
[2023-12-06 07:58:16,177] {processor.py:162} INFO - Started process (PID=5162) to work on /home/airflow/.local/lib/python3.6/site-packages/airflow/example_dags/example_kubernetes_executor.py
[2023-12-06 07:58:16,179] {processor.py:613} INFO - Processing file /home/airflow/.local/lib/python3.6/site-packages/airflow/example_dags/example_kubernetes_executor.py for tasks to queue
[2023-12-06 07:58:16,179] {logging_mixin.py:109} INFO - [2023-12-06 07:58:16,179] {dagbag.py:496} INFO - Filling up the DagBag from /home/airflow/.local/lib/python3.6/site-packages/airflow/example_dags/example_kubernetes_executor.py
[2023-12-06 07:58:16,194] {processor.py:623} INFO - DAG(s) dict_keys(['example_kubernetes_executor']) retrieved from /home/airflow/.local/lib/python3.6/site-packages/airflow/example_dags/example_kubernetes_executor.py
[2023-12-06 07:58:16,211] {logging_mixin.py:109} INFO - [2023-12-06 07:58:16,211] {dag.py:1834} INFO - Sync 1 DAGs
[2023-12-06 07:58:16,222] {logging_mixin.py:109} INFO - [2023-12-06 07:58:16,222] {dag.py:2287} INFO - Setting next_dagrun for example_kubernetes_executor to None
[2023-12-06 07:58:16,232] {processor.py:170} INFO - Processing /home/airflow/.local/lib/python3.6/site-packages/airflow/example_dags/example_kubernetes_executor.py took 0.058 seconds
[2023-12-06 07:58:46,929] {processor.py:162} INFO - Started process (PID=5367) to work on /home/airflow/.local/lib/python3.6/site-packages/airflow/example_dags/example_kubernetes_executor.py
[2023-12-06 07:58:46,930] {processor.py:613} INFO - Processing file /home/airflow/.local/lib/python3.6/site-packages/airflow/example_dags/example_kubernetes_executor.py for tasks to queue
[2023-12-06 07:58:46,931] {logging_mixin.py:109} INFO - [2023-12-06 07:58:46,931] {dagbag.py:496} INFO - Filling up the DagBag from /home/airflow/.local/lib/python3.6/site-packages/airflow/example_dags/example_kubernetes_executor.py
[2023-12-06 07:58:46,940] {processor.py:623} INFO - DAG(s) dict_keys(['example_kubernetes_executor']) retrieved from /home/airflow/.local/lib/python3.6/site-packages/airflow/example_dags/example_kubernetes_executor.py
[2023-12-06 07:58:46,958] {logging_mixin.py:109} INFO - [2023-12-06 07:58:46,957] {dag.py:1834} INFO - Sync 1 DAGs
[2023-12-06 07:58:46,967] {logging_mixin.py:109} INFO - [2023-12-06 07:58:46,967] {dag.py:2287} INFO - Setting next_dagrun for example_kubernetes_executor to None
[2023-12-06 07:58:46,978] {processor.py:170} INFO - Processing /home/airflow/.local/lib/python3.6/site-packages/airflow/example_dags/example_kubernetes_executor.py took 0.051 seconds
[2023-12-06 07:59:17,677] {processor.py:162} INFO - Started process (PID=5562) to work on /home/airflow/.local/lib/python3.6/site-packages/airflow/example_dags/example_kubernetes_executor.py
[2023-12-06 07:59:17,678] {processor.py:613} INFO - Processing file /home/airflow/.local/lib/python3.6/site-packages/airflow/example_dags/example_kubernetes_executor.py for tasks to queue
[2023-12-06 07:59:17,678] {logging_mixin.py:109} INFO - [2023-12-06 07:59:17,678] {dagbag.py:496} INFO - Filling up the DagBag from /home/airflow/.local/lib/python3.6/site-packages/airflow/example_dags/example_kubernetes_executor.py
[2023-12-06 07:59:17,688] {processor.py:623} INFO - DAG(s) dict_keys(['example_kubernetes_executor']) retrieved from /home/airflow/.local/lib/python3.6/site-packages/airflow/example_dags/example_kubernetes_executor.py
[2023-12-06 07:59:17,705] {logging_mixin.py:109} INFO - [2023-12-06 07:59:17,704] {dag.py:1834} INFO - Sync 1 DAGs
[2023-12-06 07:59:17,715] {logging_mixin.py:109} INFO - [2023-12-06 07:59:17,715] {dag.py:2287} INFO - Setting next_dagrun for example_kubernetes_executor to None
[2023-12-06 07:59:17,725] {processor.py:170} INFO - Processing /home/airflow/.local/lib/python3.6/site-packages/airflow/example_dags/example_kubernetes_executor.py took 0.051 seconds
[2023-12-06 07:59:48,302] {processor.py:162} INFO - Started process (PID=5767) to work on /home/airflow/.local/lib/python3.6/site-packages/airflow/example_dags/example_kubernetes_executor.py
[2023-12-06 07:59:48,304] {processor.py:613} INFO - Processing file /home/airflow/.local/lib/python3.6/site-packages/airflow/example_dags/example_kubernetes_executor.py for tasks to queue
[2023-12-06 07:59:48,304] {logging_mixin.py:109} INFO - [2023-12-06 07:59:48,304] {dagbag.py:496} INFO - Filling up the DagBag from /home/airflow/.local/lib/python3.6/site-packages/airflow/example_dags/example_kubernetes_executor.py
[2023-12-06 07:59:48,316] {processor.py:623} INFO - DAG(s) dict_keys(['example_kubernetes_executor']) retrieved from /home/airflow/.local/lib/python3.6/site-packages/airflow/example_dags/example_kubernetes_executor.py
[2023-12-06 07:59:48,333] {logging_mixin.py:109} INFO - [2023-12-06 07:59:48,333] {dag.py:1834} INFO - Sync 1 DAGs
[2023-12-06 07:59:48,345] {logging_mixin.py:109} INFO - [2023-12-06 07:59:48,345] {dag.py:2287} INFO - Setting next_dagrun for example_kubernetes_executor to None
[2023-12-06 07:59:48,355] {processor.py:170} INFO - Processing /home/airflow/.local/lib/python3.6/site-packages/airflow/example_dags/example_kubernetes_executor.py took 0.055 seconds
[2023-12-06 08:00:18,998] {processor.py:162} INFO - Started process (PID=6056) to work on /home/airflow/.local/lib/python3.6/site-packages/airflow/example_dags/example_kubernetes_executor.py
[2023-12-06 08:00:18,999] {processor.py:613} INFO - Processing file /home/airflow/.local/lib/python3.6/site-packages/airflow/example_dags/example_kubernetes_executor.py for tasks to queue
[2023-12-06 08:00:19,000] {logging_mixin.py:109} INFO - [2023-12-06 08:00:18,999] {dagbag.py:496} INFO - Filling up the DagBag from /home/airflow/.local/lib/python3.6/site-packages/airflow/example_dags/example_kubernetes_executor.py
[2023-12-06 08:00:19,009] {processor.py:623} INFO - DAG(s) dict_keys(['example_kubernetes_executor']) retrieved from /home/airflow/.local/lib/python3.6/site-packages/airflow/example_dags/example_kubernetes_executor.py
[2023-12-06 08:00:19,026] {logging_mixin.py:109} INFO - [2023-12-06 08:00:19,026] {dag.py:1834} INFO - Sync 1 DAGs
[2023-12-06 08:00:19,037] {logging_mixin.py:109} INFO - [2023-12-06 08:00:19,036] {dag.py:2287} INFO - Setting next_dagrun for example_kubernetes_executor to None
[2023-12-06 08:00:19,047] {processor.py:170} INFO - Processing /home/airflow/.local/lib/python3.6/site-packages/airflow/example_dags/example_kubernetes_executor.py took 0.051 seconds
[2023-12-06 08:00:49,876] {processor.py:162} INFO - Started process (PID=6252) to work on /home/airflow/.local/lib/python3.6/site-packages/airflow/example_dags/example_kubernetes_executor.py
[2023-12-06 08:00:49,878] {processor.py:613} INFO - Processing file /home/airflow/.local/lib/python3.6/site-packages/airflow/example_dags/example_kubernetes_executor.py for tasks to queue
[2023-12-06 08:00:49,879] {logging_mixin.py:109} INFO - [2023-12-06 08:00:49,879] {dagbag.py:496} INFO - Filling up the DagBag from /home/airflow/.local/lib/python3.6/site-packages/airflow/example_dags/example_kubernetes_executor.py
[2023-12-06 08:00:49,889] {processor.py:623} INFO - DAG(s) dict_keys(['example_kubernetes_executor']) retrieved from /home/airflow/.local/lib/python3.6/site-packages/airflow/example_dags/example_kubernetes_executor.py
[2023-12-06 08:00:49,907] {logging_mixin.py:109} INFO - [2023-12-06 08:00:49,907] {dag.py:1834} INFO - Sync 1 DAGs
[2023-12-06 08:00:49,917] {logging_mixin.py:109} INFO - [2023-12-06 08:00:49,917] {dag.py:2287} INFO - Setting next_dagrun for example_kubernetes_executor to None
[2023-12-06 08:00:49,928] {processor.py:170} INFO - Processing /home/airflow/.local/lib/python3.6/site-packages/airflow/example_dags/example_kubernetes_executor.py took 0.054 seconds
[2023-12-06 08:01:20,679] {processor.py:162} INFO - Started process (PID=6457) to work on /home/airflow/.local/lib/python3.6/site-packages/airflow/example_dags/example_kubernetes_executor.py
[2023-12-06 08:01:20,680] {processor.py:613} INFO - Processing file /home/airflow/.local/lib/python3.6/site-packages/airflow/example_dags/example_kubernetes_executor.py for tasks to queue
[2023-12-06 08:01:20,681] {logging_mixin.py:109} INFO - [2023-12-06 08:01:20,681] {dagbag.py:496} INFO - Filling up the DagBag from /home/airflow/.local/lib/python3.6/site-packages/airflow/example_dags/example_kubernetes_executor.py
[2023-12-06 08:01:20,691] {processor.py:623} INFO - DAG(s) dict_keys(['example_kubernetes_executor']) retrieved from /home/airflow/.local/lib/python3.6/site-packages/airflow/example_dags/example_kubernetes_executor.py
[2023-12-06 08:01:20,707] {logging_mixin.py:109} INFO - [2023-12-06 08:01:20,707] {dag.py:1834} INFO - Sync 1 DAGs
[2023-12-06 08:01:20,719] {logging_mixin.py:109} INFO - [2023-12-06 08:01:20,719] {dag.py:2287} INFO - Setting next_dagrun for example_kubernetes_executor to None
[2023-12-06 08:01:20,730] {processor.py:170} INFO - Processing /home/airflow/.local/lib/python3.6/site-packages/airflow/example_dags/example_kubernetes_executor.py took 0.053 seconds
[2023-12-06 08:01:51,293] {processor.py:162} INFO - Started process (PID=6661) to work on /home/airflow/.local/lib/python3.6/site-packages/airflow/example_dags/example_kubernetes_executor.py
[2023-12-06 08:01:51,294] {processor.py:613} INFO - Processing file /home/airflow/.local/lib/python3.6/site-packages/airflow/example_dags/example_kubernetes_executor.py for tasks to queue
[2023-12-06 08:01:51,295] {logging_mixin.py:109} INFO - [2023-12-06 08:01:51,295] {dagbag.py:496} INFO - Filling up the DagBag from /home/airflow/.local/lib/python3.6/site-packages/airflow/example_dags/example_kubernetes_executor.py
[2023-12-06 08:01:51,304] {processor.py:623} INFO - DAG(s) dict_keys(['example_kubernetes_executor']) retrieved from /home/airflow/.local/lib/python3.6/site-packages/airflow/example_dags/example_kubernetes_executor.py
[2023-12-06 08:01:51,321] {logging_mixin.py:109} INFO - [2023-12-06 08:01:51,321] {dag.py:1834} INFO - Sync 1 DAGs
[2023-12-06 08:01:51,333] {logging_mixin.py:109} INFO - [2023-12-06 08:01:51,333] {dag.py:2287} INFO - Setting next_dagrun for example_kubernetes_executor to None
[2023-12-06 08:01:51,344] {processor.py:170} INFO - Processing /home/airflow/.local/lib/python3.6/site-packages/airflow/example_dags/example_kubernetes_executor.py took 0.053 seconds
[2023-12-06 08:02:21,992] {processor.py:162} INFO - Started process (PID=6858) to work on /home/airflow/.local/lib/python3.6/site-packages/airflow/example_dags/example_kubernetes_executor.py
[2023-12-06 08:02:21,992] {processor.py:613} INFO - Processing file /home/airflow/.local/lib/python3.6/site-packages/airflow/example_dags/example_kubernetes_executor.py for tasks to queue
[2023-12-06 08:02:21,993] {logging_mixin.py:109} INFO - [2023-12-06 08:02:21,993] {dagbag.py:496} INFO - Filling up the DagBag from /home/airflow/.local/lib/python3.6/site-packages/airflow/example_dags/example_kubernetes_executor.py
[2023-12-06 08:02:22,001] {processor.py:623} INFO - DAG(s) dict_keys(['example_kubernetes_executor']) retrieved from /home/airflow/.local/lib/python3.6/site-packages/airflow/example_dags/example_kubernetes_executor.py
[2023-12-06 08:02:22,017] {logging_mixin.py:109} INFO - [2023-12-06 08:02:22,017] {dag.py:1834} INFO - Sync 1 DAGs
[2023-12-06 08:02:22,028] {logging_mixin.py:109} INFO - [2023-12-06 08:02:22,028] {dag.py:2287} INFO - Setting next_dagrun for example_kubernetes_executor to None
[2023-12-06 08:02:22,046] {processor.py:170} INFO - Processing /home/airflow/.local/lib/python3.6/site-packages/airflow/example_dags/example_kubernetes_executor.py took 0.056 seconds
[2023-12-06 08:02:52,584] {processor.py:162} INFO - Started process (PID=7063) to work on /home/airflow/.local/lib/python3.6/site-packages/airflow/example_dags/example_kubernetes_executor.py
[2023-12-06 08:02:52,585] {processor.py:613} INFO - Processing file /home/airflow/.local/lib/python3.6/site-packages/airflow/example_dags/example_kubernetes_executor.py for tasks to queue
[2023-12-06 08:02:52,586] {logging_mixin.py:109} INFO - [2023-12-06 08:02:52,586] {dagbag.py:496} INFO - Filling up the DagBag from /home/airflow/.local/lib/python3.6/site-packages/airflow/example_dags/example_kubernetes_executor.py
[2023-12-06 08:02:52,595] {processor.py:623} INFO - DAG(s) dict_keys(['example_kubernetes_executor']) retrieved from /home/airflow/.local/lib/python3.6/site-packages/airflow/example_dags/example_kubernetes_executor.py
[2023-12-06 08:02:52,612] {logging_mixin.py:109} INFO - [2023-12-06 08:02:52,612] {dag.py:1834} INFO - Sync 1 DAGs
[2023-12-06 08:02:52,622] {logging_mixin.py:109} INFO - [2023-12-06 08:02:52,622] {dag.py:2287} INFO - Setting next_dagrun for example_kubernetes_executor to None
[2023-12-06 08:02:52,633] {processor.py:170} INFO - Processing /home/airflow/.local/lib/python3.6/site-packages/airflow/example_dags/example_kubernetes_executor.py took 0.051 seconds
[2023-12-06 08:03:23,240] {processor.py:162} INFO - Started process (PID=7258) to work on /home/airflow/.local/lib/python3.6/site-packages/airflow/example_dags/example_kubernetes_executor.py
[2023-12-06 08:03:23,242] {processor.py:613} INFO - Processing file /home/airflow/.local/lib/python3.6/site-packages/airflow/example_dags/example_kubernetes_executor.py for tasks to queue
[2023-12-06 08:03:23,242] {logging_mixin.py:109} INFO - [2023-12-06 08:03:23,242] {dagbag.py:496} INFO - Filling up the DagBag from /home/airflow/.local/lib/python3.6/site-packages/airflow/example_dags/example_kubernetes_executor.py
[2023-12-06 08:03:23,251] {processor.py:623} INFO - DAG(s) dict_keys(['example_kubernetes_executor']) retrieved from /home/airflow/.local/lib/python3.6/site-packages/airflow/example_dags/example_kubernetes_executor.py
[2023-12-06 08:03:23,271] {logging_mixin.py:109} INFO - [2023-12-06 08:03:23,271] {dag.py:1834} INFO - Sync 1 DAGs
[2023-12-06 08:03:23,283] {logging_mixin.py:109} INFO - [2023-12-06 08:03:23,283] {dag.py:2287} INFO - Setting next_dagrun for example_kubernetes_executor to None
[2023-12-06 08:03:23,294] {processor.py:170} INFO - Processing /home/airflow/.local/lib/python3.6/site-packages/airflow/example_dags/example_kubernetes_executor.py took 0.057 seconds
[2023-12-06 08:03:54,038] {processor.py:162} INFO - Started process (PID=7464) to work on /home/airflow/.local/lib/python3.6/site-packages/airflow/example_dags/example_kubernetes_executor.py
[2023-12-06 08:03:54,040] {processor.py:613} INFO - Processing file /home/airflow/.local/lib/python3.6/site-packages/airflow/example_dags/example_kubernetes_executor.py for tasks to queue
[2023-12-06 08:03:54,040] {logging_mixin.py:109} INFO - [2023-12-06 08:03:54,040] {dagbag.py:496} INFO - Filling up the DagBag from /home/airflow/.local/lib/python3.6/site-packages/airflow/example_dags/example_kubernetes_executor.py
[2023-12-06 08:03:54,048] {processor.py:623} INFO - DAG(s) dict_keys(['example_kubernetes_executor']) retrieved from /home/airflow/.local/lib/python3.6/site-packages/airflow/example_dags/example_kubernetes_executor.py
[2023-12-06 08:03:54,065] {logging_mixin.py:109} INFO - [2023-12-06 08:03:54,065] {dag.py:1834} INFO - Sync 1 DAGs
[2023-12-06 08:03:54,075] {logging_mixin.py:109} INFO - [2023-12-06 08:03:54,075] {dag.py:2287} INFO - Setting next_dagrun for example_kubernetes_executor to None
[2023-12-06 08:03:54,085] {processor.py:170} INFO - Processing /home/airflow/.local/lib/python3.6/site-packages/airflow/example_dags/example_kubernetes_executor.py took 0.049 seconds
[2023-12-06 08:04:24,674] {processor.py:162} INFO - Started process (PID=7669) to work on /home/airflow/.local/lib/python3.6/site-packages/airflow/example_dags/example_kubernetes_executor.py
[2023-12-06 08:04:24,675] {processor.py:613} INFO - Processing file /home/airflow/.local/lib/python3.6/site-packages/airflow/example_dags/example_kubernetes_executor.py for tasks to queue
[2023-12-06 08:04:24,676] {logging_mixin.py:109} INFO - [2023-12-06 08:04:24,676] {dagbag.py:496} INFO - Filling up the DagBag from /home/airflow/.local/lib/python3.6/site-packages/airflow/example_dags/example_kubernetes_executor.py
[2023-12-06 08:04:24,685] {processor.py:623} INFO - DAG(s) dict_keys(['example_kubernetes_executor']) retrieved from /home/airflow/.local/lib/python3.6/site-packages/airflow/example_dags/example_kubernetes_executor.py
[2023-12-06 08:04:24,701] {logging_mixin.py:109} INFO - [2023-12-06 08:04:24,701] {dag.py:1834} INFO - Sync 1 DAGs
[2023-12-06 08:04:24,711] {logging_mixin.py:109} INFO - [2023-12-06 08:04:24,711] {dag.py:2287} INFO - Setting next_dagrun for example_kubernetes_executor to None
[2023-12-06 08:04:24,721] {processor.py:170} INFO - Processing /home/airflow/.local/lib/python3.6/site-packages/airflow/example_dags/example_kubernetes_executor.py took 0.049 seconds
[2023-12-06 08:04:55,027] {processor.py:162} INFO - Started process (PID=7863) to work on /home/airflow/.local/lib/python3.6/site-packages/airflow/example_dags/example_kubernetes_executor.py
[2023-12-06 08:04:55,028] {processor.py:613} INFO - Processing file /home/airflow/.local/lib/python3.6/site-packages/airflow/example_dags/example_kubernetes_executor.py for tasks to queue
[2023-12-06 08:04:55,029] {logging_mixin.py:109} INFO - [2023-12-06 08:04:55,029] {dagbag.py:496} INFO - Filling up the DagBag from /home/airflow/.local/lib/python3.6/site-packages/airflow/example_dags/example_kubernetes_executor.py
[2023-12-06 08:04:55,038] {processor.py:623} INFO - DAG(s) dict_keys(['example_kubernetes_executor']) retrieved from /home/airflow/.local/lib/python3.6/site-packages/airflow/example_dags/example_kubernetes_executor.py
[2023-12-06 08:04:55,055] {logging_mixin.py:109} INFO - [2023-12-06 08:04:55,055] {dag.py:1834} INFO - Sync 1 DAGs
[2023-12-06 08:04:55,066] {logging_mixin.py:109} INFO - [2023-12-06 08:04:55,066] {dag.py:2287} INFO - Setting next_dagrun for example_kubernetes_executor to None
[2023-12-06 08:04:55,076] {processor.py:170} INFO - Processing /home/airflow/.local/lib/python3.6/site-packages/airflow/example_dags/example_kubernetes_executor.py took 0.051 seconds
[2023-12-06 08:05:25,740] {processor.py:162} INFO - Started process (PID=8068) to work on /home/airflow/.local/lib/python3.6/site-packages/airflow/example_dags/example_kubernetes_executor.py
[2023-12-06 08:05:25,740] {processor.py:613} INFO - Processing file /home/airflow/.local/lib/python3.6/site-packages/airflow/example_dags/example_kubernetes_executor.py for tasks to queue
[2023-12-06 08:05:25,741] {logging_mixin.py:109} INFO - [2023-12-06 08:05:25,741] {dagbag.py:496} INFO - Filling up the DagBag from /home/airflow/.local/lib/python3.6/site-packages/airflow/example_dags/example_kubernetes_executor.py
[2023-12-06 08:05:25,749] {processor.py:623} INFO - DAG(s) dict_keys(['example_kubernetes_executor']) retrieved from /home/airflow/.local/lib/python3.6/site-packages/airflow/example_dags/example_kubernetes_executor.py
[2023-12-06 08:05:25,766] {logging_mixin.py:109} INFO - [2023-12-06 08:05:25,766] {dag.py:1834} INFO - Sync 1 DAGs
[2023-12-06 08:05:25,777] {logging_mixin.py:109} INFO - [2023-12-06 08:05:25,777] {dag.py:2287} INFO - Setting next_dagrun for example_kubernetes_executor to None
[2023-12-06 08:05:25,787] {processor.py:170} INFO - Processing /home/airflow/.local/lib/python3.6/site-packages/airflow/example_dags/example_kubernetes_executor.py took 0.050 seconds
[2023-12-06 08:05:56,181] {processor.py:162} INFO - Started process (PID=8272) to work on /home/airflow/.local/lib/python3.6/site-packages/airflow/example_dags/example_kubernetes_executor.py
[2023-12-06 08:05:56,183] {processor.py:613} INFO - Processing file /home/airflow/.local/lib/python3.6/site-packages/airflow/example_dags/example_kubernetes_executor.py for tasks to queue
[2023-12-06 08:05:56,184] {logging_mixin.py:109} INFO - [2023-12-06 08:05:56,184] {dagbag.py:496} INFO - Filling up the DagBag from /home/airflow/.local/lib/python3.6/site-packages/airflow/example_dags/example_kubernetes_executor.py
[2023-12-06 08:05:56,193] {processor.py:623} INFO - DAG(s) dict_keys(['example_kubernetes_executor']) retrieved from /home/airflow/.local/lib/python3.6/site-packages/airflow/example_dags/example_kubernetes_executor.py
[2023-12-06 08:05:56,211] {logging_mixin.py:109} INFO - [2023-12-06 08:05:56,211] {dag.py:1834} INFO - Sync 1 DAGs
[2023-12-06 08:05:56,222] {logging_mixin.py:109} INFO - [2023-12-06 08:05:56,222] {dag.py:2287} INFO - Setting next_dagrun for example_kubernetes_executor to None
[2023-12-06 08:05:56,233] {processor.py:170} INFO - Processing /home/airflow/.local/lib/python3.6/site-packages/airflow/example_dags/example_kubernetes_executor.py took 0.053 seconds
[2023-12-06 08:06:26,955] {processor.py:162} INFO - Started process (PID=8468) to work on /home/airflow/.local/lib/python3.6/site-packages/airflow/example_dags/example_kubernetes_executor.py
[2023-12-06 08:06:26,956] {processor.py:613} INFO - Processing file /home/airflow/.local/lib/python3.6/site-packages/airflow/example_dags/example_kubernetes_executor.py for tasks to queue
[2023-12-06 08:06:26,956] {logging_mixin.py:109} INFO - [2023-12-06 08:06:26,956] {dagbag.py:496} INFO - Filling up the DagBag from /home/airflow/.local/lib/python3.6/site-packages/airflow/example_dags/example_kubernetes_executor.py
[2023-12-06 08:06:26,967] {processor.py:623} INFO - DAG(s) dict_keys(['example_kubernetes_executor']) retrieved from /home/airflow/.local/lib/python3.6/site-packages/airflow/example_dags/example_kubernetes_executor.py
[2023-12-06 08:06:26,985] {logging_mixin.py:109} INFO - [2023-12-06 08:06:26,985] {dag.py:1834} INFO - Sync 1 DAGs
[2023-12-06 08:06:26,994] {logging_mixin.py:109} INFO - [2023-12-06 08:06:26,994] {dag.py:2287} INFO - Setting next_dagrun for example_kubernetes_executor to None
[2023-12-06 08:06:27,005] {processor.py:170} INFO - Processing /home/airflow/.local/lib/python3.6/site-packages/airflow/example_dags/example_kubernetes_executor.py took 0.052 seconds
[2023-12-06 08:06:57,638] {processor.py:162} INFO - Started process (PID=8673) to work on /home/airflow/.local/lib/python3.6/site-packages/airflow/example_dags/example_kubernetes_executor.py
[2023-12-06 08:06:57,638] {processor.py:613} INFO - Processing file /home/airflow/.local/lib/python3.6/site-packages/airflow/example_dags/example_kubernetes_executor.py for tasks to queue
[2023-12-06 08:06:57,639] {logging_mixin.py:109} INFO - [2023-12-06 08:06:57,639] {dagbag.py:496} INFO - Filling up the DagBag from /home/airflow/.local/lib/python3.6/site-packages/airflow/example_dags/example_kubernetes_executor.py
[2023-12-06 08:06:57,649] {processor.py:623} INFO - DAG(s) dict_keys(['example_kubernetes_executor']) retrieved from /home/airflow/.local/lib/python3.6/site-packages/airflow/example_dags/example_kubernetes_executor.py
[2023-12-06 08:06:57,665] {logging_mixin.py:109} INFO - [2023-12-06 08:06:57,665] {dag.py:1834} INFO - Sync 1 DAGs
[2023-12-06 08:06:57,675] {logging_mixin.py:109} INFO - [2023-12-06 08:06:57,675] {dag.py:2287} INFO - Setting next_dagrun for example_kubernetes_executor to None
[2023-12-06 08:06:57,684] {processor.py:170} INFO - Processing /home/airflow/.local/lib/python3.6/site-packages/airflow/example_dags/example_kubernetes_executor.py took 0.049 seconds
[2023-12-06 08:07:28,267] {processor.py:162} INFO - Started process (PID=8868) to work on /home/airflow/.local/lib/python3.6/site-packages/airflow/example_dags/example_kubernetes_executor.py
[2023-12-06 08:07:28,268] {processor.py:613} INFO - Processing file /home/airflow/.local/lib/python3.6/site-packages/airflow/example_dags/example_kubernetes_executor.py for tasks to queue
[2023-12-06 08:07:28,269] {logging_mixin.py:109} INFO - [2023-12-06 08:07:28,269] {dagbag.py:496} INFO - Filling up the DagBag from /home/airflow/.local/lib/python3.6/site-packages/airflow/example_dags/example_kubernetes_executor.py
[2023-12-06 08:07:28,278] {processor.py:623} INFO - DAG(s) dict_keys(['example_kubernetes_executor']) retrieved from /home/airflow/.local/lib/python3.6/site-packages/airflow/example_dags/example_kubernetes_executor.py
[2023-12-06 08:07:28,294] {logging_mixin.py:109} INFO - [2023-12-06 08:07:28,294] {dag.py:1834} INFO - Sync 1 DAGs
[2023-12-06 08:07:28,304] {logging_mixin.py:109} INFO - [2023-12-06 08:07:28,304] {dag.py:2287} INFO - Setting next_dagrun for example_kubernetes_executor to None
[2023-12-06 08:07:28,314] {processor.py:170} INFO - Processing /home/airflow/.local/lib/python3.6/site-packages/airflow/example_dags/example_kubernetes_executor.py took 0.049 seconds
