[2023-12-06 07:46:02,083] {processor.py:162} INFO - Started process (PID=276) to work on /home/airflow/.local/lib/python3.6/site-packages/airflow/example_dags/example_branch_labels.py
[2023-12-06 07:46:02,084] {processor.py:613} INFO - Processing file /home/airflow/.local/lib/python3.6/site-packages/airflow/example_dags/example_branch_labels.py for tasks to queue
[2023-12-06 07:46:02,085] {logging_mixin.py:109} INFO - [2023-12-06 07:46:02,084] {dagbag.py:496} INFO - Filling up the DagBag from /home/airflow/.local/lib/python3.6/site-packages/airflow/example_dags/example_branch_labels.py
[2023-12-06 07:46:02,101] {processor.py:623} INFO - DAG(s) dict_keys(['example_branch_labels']) retrieved from /home/airflow/.local/lib/python3.6/site-packages/airflow/example_dags/example_branch_labels.py
[2023-12-06 07:46:02,418] {logging_mixin.py:109} INFO - [2023-12-06 07:46:02,418] {dag.py:1834} INFO - Sync 1 DAGs
[2023-12-06 07:46:02,439] {logging_mixin.py:109} INFO - [2023-12-06 07:46:02,438] {dag.py:2287} INFO - Setting next_dagrun for example_branch_labels to 2023-12-04 00:00:00+00:00
[2023-12-06 07:46:02,457] {processor.py:170} INFO - Processing /home/airflow/.local/lib/python3.6/site-packages/airflow/example_dags/example_branch_labels.py took 0.377 seconds
[2023-12-06 07:46:33,105] {processor.py:162} INFO - Started process (PID=545) to work on /home/airflow/.local/lib/python3.6/site-packages/airflow/example_dags/example_branch_labels.py
[2023-12-06 07:46:33,106] {processor.py:613} INFO - Processing file /home/airflow/.local/lib/python3.6/site-packages/airflow/example_dags/example_branch_labels.py for tasks to queue
[2023-12-06 07:46:33,106] {logging_mixin.py:109} INFO - [2023-12-06 07:46:33,106] {dagbag.py:496} INFO - Filling up the DagBag from /home/airflow/.local/lib/python3.6/site-packages/airflow/example_dags/example_branch_labels.py
[2023-12-06 07:46:33,115] {processor.py:623} INFO - DAG(s) dict_keys(['example_branch_labels']) retrieved from /home/airflow/.local/lib/python3.6/site-packages/airflow/example_dags/example_branch_labels.py
[2023-12-06 07:46:33,137] {logging_mixin.py:109} INFO - [2023-12-06 07:46:33,137] {dag.py:1834} INFO - Sync 1 DAGs
[2023-12-06 07:46:33,154] {logging_mixin.py:109} INFO - [2023-12-06 07:46:33,154] {dag.py:2287} INFO - Setting next_dagrun for example_branch_labels to 2023-12-04 00:00:00+00:00
[2023-12-06 07:46:33,173] {processor.py:170} INFO - Processing /home/airflow/.local/lib/python3.6/site-packages/airflow/example_dags/example_branch_labels.py took 0.071 seconds
[2023-12-06 07:47:03,824] {processor.py:162} INFO - Started process (PID=750) to work on /home/airflow/.local/lib/python3.6/site-packages/airflow/example_dags/example_branch_labels.py
[2023-12-06 07:47:03,825] {processor.py:613} INFO - Processing file /home/airflow/.local/lib/python3.6/site-packages/airflow/example_dags/example_branch_labels.py for tasks to queue
[2023-12-06 07:47:03,826] {logging_mixin.py:109} INFO - [2023-12-06 07:47:03,825] {dagbag.py:496} INFO - Filling up the DagBag from /home/airflow/.local/lib/python3.6/site-packages/airflow/example_dags/example_branch_labels.py
[2023-12-06 07:47:03,834] {processor.py:623} INFO - DAG(s) dict_keys(['example_branch_labels']) retrieved from /home/airflow/.local/lib/python3.6/site-packages/airflow/example_dags/example_branch_labels.py
[2023-12-06 07:47:03,857] {logging_mixin.py:109} INFO - [2023-12-06 07:47:03,857] {dag.py:1834} INFO - Sync 1 DAGs
[2023-12-06 07:47:03,877] {logging_mixin.py:109} INFO - [2023-12-06 07:47:03,877] {dag.py:2287} INFO - Setting next_dagrun for example_branch_labels to 2023-12-04 00:00:00+00:00
[2023-12-06 07:47:03,891] {processor.py:170} INFO - Processing /home/airflow/.local/lib/python3.6/site-packages/airflow/example_dags/example_branch_labels.py took 0.069 seconds
[2023-12-06 07:47:34,509] {processor.py:162} INFO - Started process (PID=945) to work on /home/airflow/.local/lib/python3.6/site-packages/airflow/example_dags/example_branch_labels.py
[2023-12-06 07:47:34,510] {processor.py:613} INFO - Processing file /home/airflow/.local/lib/python3.6/site-packages/airflow/example_dags/example_branch_labels.py for tasks to queue
[2023-12-06 07:47:34,511] {logging_mixin.py:109} INFO - [2023-12-06 07:47:34,511] {dagbag.py:496} INFO - Filling up the DagBag from /home/airflow/.local/lib/python3.6/site-packages/airflow/example_dags/example_branch_labels.py
[2023-12-06 07:47:34,520] {processor.py:623} INFO - DAG(s) dict_keys(['example_branch_labels']) retrieved from /home/airflow/.local/lib/python3.6/site-packages/airflow/example_dags/example_branch_labels.py
[2023-12-06 07:47:34,540] {logging_mixin.py:109} INFO - [2023-12-06 07:47:34,540] {dag.py:1834} INFO - Sync 1 DAGs
[2023-12-06 07:47:34,557] {logging_mixin.py:109} INFO - [2023-12-06 07:47:34,557] {dag.py:2287} INFO - Setting next_dagrun for example_branch_labels to 2023-12-04 00:00:00+00:00
[2023-12-06 07:47:34,573] {processor.py:170} INFO - Processing /home/airflow/.local/lib/python3.6/site-packages/airflow/example_dags/example_branch_labels.py took 0.066 seconds
[2023-12-06 07:48:05,031] {processor.py:162} INFO - Started process (PID=1150) to work on /home/airflow/.local/lib/python3.6/site-packages/airflow/example_dags/example_branch_labels.py
[2023-12-06 07:48:05,032] {processor.py:613} INFO - Processing file /home/airflow/.local/lib/python3.6/site-packages/airflow/example_dags/example_branch_labels.py for tasks to queue
[2023-12-06 07:48:05,033] {logging_mixin.py:109} INFO - [2023-12-06 07:48:05,032] {dagbag.py:496} INFO - Filling up the DagBag from /home/airflow/.local/lib/python3.6/site-packages/airflow/example_dags/example_branch_labels.py
[2023-12-06 07:48:05,040] {processor.py:623} INFO - DAG(s) dict_keys(['example_branch_labels']) retrieved from /home/airflow/.local/lib/python3.6/site-packages/airflow/example_dags/example_branch_labels.py
[2023-12-06 07:48:05,059] {logging_mixin.py:109} INFO - [2023-12-06 07:48:05,059] {dag.py:1834} INFO - Sync 1 DAGs
[2023-12-06 07:48:05,084] {logging_mixin.py:109} INFO - [2023-12-06 07:48:05,083] {dag.py:2287} INFO - Setting next_dagrun for example_branch_labels to 2023-12-04 00:00:00+00:00
[2023-12-06 07:48:05,104] {processor.py:170} INFO - Processing /home/airflow/.local/lib/python3.6/site-packages/airflow/example_dags/example_branch_labels.py took 0.074 seconds
[2023-12-06 07:48:35,683] {processor.py:162} INFO - Started process (PID=1345) to work on /home/airflow/.local/lib/python3.6/site-packages/airflow/example_dags/example_branch_labels.py
[2023-12-06 07:48:35,685] {processor.py:613} INFO - Processing file /home/airflow/.local/lib/python3.6/site-packages/airflow/example_dags/example_branch_labels.py for tasks to queue
[2023-12-06 07:48:35,685] {logging_mixin.py:109} INFO - [2023-12-06 07:48:35,685] {dagbag.py:496} INFO - Filling up the DagBag from /home/airflow/.local/lib/python3.6/site-packages/airflow/example_dags/example_branch_labels.py
[2023-12-06 07:48:35,693] {processor.py:623} INFO - DAG(s) dict_keys(['example_branch_labels']) retrieved from /home/airflow/.local/lib/python3.6/site-packages/airflow/example_dags/example_branch_labels.py
[2023-12-06 07:48:35,712] {logging_mixin.py:109} INFO - [2023-12-06 07:48:35,711] {dag.py:1834} INFO - Sync 1 DAGs
[2023-12-06 07:48:35,727] {logging_mixin.py:109} INFO - [2023-12-06 07:48:35,727] {dag.py:2287} INFO - Setting next_dagrun for example_branch_labels to 2023-12-04 00:00:00+00:00
[2023-12-06 07:48:35,739] {processor.py:170} INFO - Processing /home/airflow/.local/lib/python3.6/site-packages/airflow/example_dags/example_branch_labels.py took 0.058 seconds
[2023-12-06 07:49:06,341] {processor.py:162} INFO - Started process (PID=1550) to work on /home/airflow/.local/lib/python3.6/site-packages/airflow/example_dags/example_branch_labels.py
[2023-12-06 07:49:06,341] {processor.py:613} INFO - Processing file /home/airflow/.local/lib/python3.6/site-packages/airflow/example_dags/example_branch_labels.py for tasks to queue
[2023-12-06 07:49:06,342] {logging_mixin.py:109} INFO - [2023-12-06 07:49:06,342] {dagbag.py:496} INFO - Filling up the DagBag from /home/airflow/.local/lib/python3.6/site-packages/airflow/example_dags/example_branch_labels.py
[2023-12-06 07:49:06,349] {processor.py:623} INFO - DAG(s) dict_keys(['example_branch_labels']) retrieved from /home/airflow/.local/lib/python3.6/site-packages/airflow/example_dags/example_branch_labels.py
[2023-12-06 07:49:06,369] {logging_mixin.py:109} INFO - [2023-12-06 07:49:06,369] {dag.py:1834} INFO - Sync 1 DAGs
[2023-12-06 07:49:06,386] {logging_mixin.py:109} INFO - [2023-12-06 07:49:06,386] {dag.py:2287} INFO - Setting next_dagrun for example_branch_labels to 2023-12-04 00:00:00+00:00
[2023-12-06 07:49:06,395] {processor.py:170} INFO - Processing /home/airflow/.local/lib/python3.6/site-packages/airflow/example_dags/example_branch_labels.py took 0.057 seconds
[2023-12-06 07:49:36,969] {processor.py:162} INFO - Started process (PID=1755) to work on /home/airflow/.local/lib/python3.6/site-packages/airflow/example_dags/example_branch_labels.py
[2023-12-06 07:49:36,970] {processor.py:613} INFO - Processing file /home/airflow/.local/lib/python3.6/site-packages/airflow/example_dags/example_branch_labels.py for tasks to queue
[2023-12-06 07:49:36,971] {logging_mixin.py:109} INFO - [2023-12-06 07:49:36,971] {dagbag.py:496} INFO - Filling up the DagBag from /home/airflow/.local/lib/python3.6/site-packages/airflow/example_dags/example_branch_labels.py
[2023-12-06 07:49:36,981] {processor.py:623} INFO - DAG(s) dict_keys(['example_branch_labels']) retrieved from /home/airflow/.local/lib/python3.6/site-packages/airflow/example_dags/example_branch_labels.py
[2023-12-06 07:49:37,000] {logging_mixin.py:109} INFO - [2023-12-06 07:49:37,000] {dag.py:1834} INFO - Sync 1 DAGs
[2023-12-06 07:49:37,016] {logging_mixin.py:109} INFO - [2023-12-06 07:49:37,016] {dag.py:2287} INFO - Setting next_dagrun for example_branch_labels to 2023-12-04 00:00:00+00:00
[2023-12-06 07:49:37,025] {processor.py:170} INFO - Processing /home/airflow/.local/lib/python3.6/site-packages/airflow/example_dags/example_branch_labels.py took 0.057 seconds
[2023-12-06 07:50:07,634] {processor.py:162} INFO - Started process (PID=1950) to work on /home/airflow/.local/lib/python3.6/site-packages/airflow/example_dags/example_branch_labels.py
[2023-12-06 07:50:07,635] {processor.py:613} INFO - Processing file /home/airflow/.local/lib/python3.6/site-packages/airflow/example_dags/example_branch_labels.py for tasks to queue
[2023-12-06 07:50:07,636] {logging_mixin.py:109} INFO - [2023-12-06 07:50:07,635] {dagbag.py:496} INFO - Filling up the DagBag from /home/airflow/.local/lib/python3.6/site-packages/airflow/example_dags/example_branch_labels.py
[2023-12-06 07:50:07,649] {processor.py:623} INFO - DAG(s) dict_keys(['example_branch_labels']) retrieved from /home/airflow/.local/lib/python3.6/site-packages/airflow/example_dags/example_branch_labels.py
[2023-12-06 07:50:07,669] {logging_mixin.py:109} INFO - [2023-12-06 07:50:07,669] {dag.py:1834} INFO - Sync 1 DAGs
[2023-12-06 07:50:07,691] {logging_mixin.py:109} INFO - [2023-12-06 07:50:07,691] {dag.py:2287} INFO - Setting next_dagrun for example_branch_labels to 2023-12-04 00:00:00+00:00
[2023-12-06 07:50:07,703] {processor.py:170} INFO - Processing /home/airflow/.local/lib/python3.6/site-packages/airflow/example_dags/example_branch_labels.py took 0.072 seconds
[2023-12-06 07:50:38,315] {processor.py:162} INFO - Started process (PID=2155) to work on /home/airflow/.local/lib/python3.6/site-packages/airflow/example_dags/example_branch_labels.py
[2023-12-06 07:50:38,316] {processor.py:613} INFO - Processing file /home/airflow/.local/lib/python3.6/site-packages/airflow/example_dags/example_branch_labels.py for tasks to queue
[2023-12-06 07:50:38,316] {logging_mixin.py:109} INFO - [2023-12-06 07:50:38,316] {dagbag.py:496} INFO - Filling up the DagBag from /home/airflow/.local/lib/python3.6/site-packages/airflow/example_dags/example_branch_labels.py
[2023-12-06 07:50:38,324] {processor.py:623} INFO - DAG(s) dict_keys(['example_branch_labels']) retrieved from /home/airflow/.local/lib/python3.6/site-packages/airflow/example_dags/example_branch_labels.py
[2023-12-06 07:50:38,344] {logging_mixin.py:109} INFO - [2023-12-06 07:50:38,344] {dag.py:1834} INFO - Sync 1 DAGs
[2023-12-06 07:50:38,359] {logging_mixin.py:109} INFO - [2023-12-06 07:50:38,359] {dag.py:2287} INFO - Setting next_dagrun for example_branch_labels to 2023-12-04 00:00:00+00:00
[2023-12-06 07:50:38,370] {processor.py:170} INFO - Processing /home/airflow/.local/lib/python3.6/site-packages/airflow/example_dags/example_branch_labels.py took 0.057 seconds
[2023-12-06 07:51:08,712] {processor.py:162} INFO - Started process (PID=2348) to work on /home/airflow/.local/lib/python3.6/site-packages/airflow/example_dags/example_branch_labels.py
[2023-12-06 07:51:08,713] {processor.py:613} INFO - Processing file /home/airflow/.local/lib/python3.6/site-packages/airflow/example_dags/example_branch_labels.py for tasks to queue
[2023-12-06 07:51:08,714] {logging_mixin.py:109} INFO - [2023-12-06 07:51:08,714] {dagbag.py:496} INFO - Filling up the DagBag from /home/airflow/.local/lib/python3.6/site-packages/airflow/example_dags/example_branch_labels.py
[2023-12-06 07:51:08,723] {processor.py:623} INFO - DAG(s) dict_keys(['example_branch_labels']) retrieved from /home/airflow/.local/lib/python3.6/site-packages/airflow/example_dags/example_branch_labels.py
[2023-12-06 07:51:08,742] {logging_mixin.py:109} INFO - [2023-12-06 07:51:08,742] {dag.py:1834} INFO - Sync 1 DAGs
[2023-12-06 07:51:08,755] {logging_mixin.py:109} INFO - [2023-12-06 07:51:08,755] {dag.py:2287} INFO - Setting next_dagrun for example_branch_labels to 2023-12-04 00:00:00+00:00
[2023-12-06 07:51:08,766] {processor.py:170} INFO - Processing /home/airflow/.local/lib/python3.6/site-packages/airflow/example_dags/example_branch_labels.py took 0.056 seconds
[2023-12-06 07:51:39,329] {processor.py:162} INFO - Started process (PID=2553) to work on /home/airflow/.local/lib/python3.6/site-packages/airflow/example_dags/example_branch_labels.py
[2023-12-06 07:51:39,330] {processor.py:613} INFO - Processing file /home/airflow/.local/lib/python3.6/site-packages/airflow/example_dags/example_branch_labels.py for tasks to queue
[2023-12-06 07:51:39,330] {logging_mixin.py:109} INFO - [2023-12-06 07:51:39,330] {dagbag.py:496} INFO - Filling up the DagBag from /home/airflow/.local/lib/python3.6/site-packages/airflow/example_dags/example_branch_labels.py
[2023-12-06 07:51:39,338] {processor.py:623} INFO - DAG(s) dict_keys(['example_branch_labels']) retrieved from /home/airflow/.local/lib/python3.6/site-packages/airflow/example_dags/example_branch_labels.py
[2023-12-06 07:51:39,355] {logging_mixin.py:109} INFO - [2023-12-06 07:51:39,355] {dag.py:1834} INFO - Sync 1 DAGs
[2023-12-06 07:51:39,367] {logging_mixin.py:109} INFO - [2023-12-06 07:51:39,366] {dag.py:2287} INFO - Setting next_dagrun for example_branch_labels to 2023-12-04 00:00:00+00:00
[2023-12-06 07:51:39,375] {processor.py:170} INFO - Processing /home/airflow/.local/lib/python3.6/site-packages/airflow/example_dags/example_branch_labels.py took 0.048 seconds
[2023-12-06 07:52:09,861] {processor.py:162} INFO - Started process (PID=2758) to work on /home/airflow/.local/lib/python3.6/site-packages/airflow/example_dags/example_branch_labels.py
[2023-12-06 07:52:09,862] {processor.py:613} INFO - Processing file /home/airflow/.local/lib/python3.6/site-packages/airflow/example_dags/example_branch_labels.py for tasks to queue
[2023-12-06 07:52:09,863] {logging_mixin.py:109} INFO - [2023-12-06 07:52:09,863] {dagbag.py:496} INFO - Filling up the DagBag from /home/airflow/.local/lib/python3.6/site-packages/airflow/example_dags/example_branch_labels.py
[2023-12-06 07:52:09,871] {processor.py:623} INFO - DAG(s) dict_keys(['example_branch_labels']) retrieved from /home/airflow/.local/lib/python3.6/site-packages/airflow/example_dags/example_branch_labels.py
[2023-12-06 07:52:09,888] {logging_mixin.py:109} INFO - [2023-12-06 07:52:09,888] {dag.py:1834} INFO - Sync 1 DAGs
[2023-12-06 07:52:09,902] {logging_mixin.py:109} INFO - [2023-12-06 07:52:09,902] {dag.py:2287} INFO - Setting next_dagrun for example_branch_labels to 2023-12-04 00:00:00+00:00
[2023-12-06 07:52:09,911] {processor.py:170} INFO - Processing /home/airflow/.local/lib/python3.6/site-packages/airflow/example_dags/example_branch_labels.py took 0.052 seconds
[2023-12-06 07:52:40,382] {processor.py:162} INFO - Started process (PID=2953) to work on /home/airflow/.local/lib/python3.6/site-packages/airflow/example_dags/example_branch_labels.py
[2023-12-06 07:52:40,383] {processor.py:613} INFO - Processing file /home/airflow/.local/lib/python3.6/site-packages/airflow/example_dags/example_branch_labels.py for tasks to queue
[2023-12-06 07:52:40,383] {logging_mixin.py:109} INFO - [2023-12-06 07:52:40,383] {dagbag.py:496} INFO - Filling up the DagBag from /home/airflow/.local/lib/python3.6/site-packages/airflow/example_dags/example_branch_labels.py
[2023-12-06 07:52:40,391] {processor.py:623} INFO - DAG(s) dict_keys(['example_branch_labels']) retrieved from /home/airflow/.local/lib/python3.6/site-packages/airflow/example_dags/example_branch_labels.py
[2023-12-06 07:52:40,409] {logging_mixin.py:109} INFO - [2023-12-06 07:52:40,408] {dag.py:1834} INFO - Sync 1 DAGs
[2023-12-06 07:52:40,421] {logging_mixin.py:109} INFO - [2023-12-06 07:52:40,421] {dag.py:2287} INFO - Setting next_dagrun for example_branch_labels to 2023-12-04 00:00:00+00:00
[2023-12-06 07:52:40,430] {processor.py:170} INFO - Processing /home/airflow/.local/lib/python3.6/site-packages/airflow/example_dags/example_branch_labels.py took 0.050 seconds
[2023-12-06 07:53:10,777] {processor.py:162} INFO - Started process (PID=3158) to work on /home/airflow/.local/lib/python3.6/site-packages/airflow/example_dags/example_branch_labels.py
[2023-12-06 07:53:10,780] {processor.py:613} INFO - Processing file /home/airflow/.local/lib/python3.6/site-packages/airflow/example_dags/example_branch_labels.py for tasks to queue
[2023-12-06 07:53:10,780] {logging_mixin.py:109} INFO - [2023-12-06 07:53:10,780] {dagbag.py:496} INFO - Filling up the DagBag from /home/airflow/.local/lib/python3.6/site-packages/airflow/example_dags/example_branch_labels.py
[2023-12-06 07:53:10,788] {processor.py:623} INFO - DAG(s) dict_keys(['example_branch_labels']) retrieved from /home/airflow/.local/lib/python3.6/site-packages/airflow/example_dags/example_branch_labels.py
[2023-12-06 07:53:10,806] {logging_mixin.py:109} INFO - [2023-12-06 07:53:10,806] {dag.py:1834} INFO - Sync 1 DAGs
[2023-12-06 07:53:10,818] {logging_mixin.py:109} INFO - [2023-12-06 07:53:10,818] {dag.py:2287} INFO - Setting next_dagrun for example_branch_labels to 2023-12-04 00:00:00+00:00
[2023-12-06 07:53:10,828] {processor.py:170} INFO - Processing /home/airflow/.local/lib/python3.6/site-packages/airflow/example_dags/example_branch_labels.py took 0.053 seconds
[2023-12-06 07:53:41,217] {processor.py:162} INFO - Started process (PID=3362) to work on /home/airflow/.local/lib/python3.6/site-packages/airflow/example_dags/example_branch_labels.py
[2023-12-06 07:53:41,218] {processor.py:613} INFO - Processing file /home/airflow/.local/lib/python3.6/site-packages/airflow/example_dags/example_branch_labels.py for tasks to queue
[2023-12-06 07:53:41,219] {logging_mixin.py:109} INFO - [2023-12-06 07:53:41,219] {dagbag.py:496} INFO - Filling up the DagBag from /home/airflow/.local/lib/python3.6/site-packages/airflow/example_dags/example_branch_labels.py
[2023-12-06 07:53:41,227] {processor.py:623} INFO - DAG(s) dict_keys(['example_branch_labels']) retrieved from /home/airflow/.local/lib/python3.6/site-packages/airflow/example_dags/example_branch_labels.py
[2023-12-06 07:53:41,244] {logging_mixin.py:109} INFO - [2023-12-06 07:53:41,244] {dag.py:1834} INFO - Sync 1 DAGs
[2023-12-06 07:53:41,258] {logging_mixin.py:109} INFO - [2023-12-06 07:53:41,258] {dag.py:2287} INFO - Setting next_dagrun for example_branch_labels to 2023-12-04 00:00:00+00:00
[2023-12-06 07:53:41,267] {processor.py:170} INFO - Processing /home/airflow/.local/lib/python3.6/site-packages/airflow/example_dags/example_branch_labels.py took 0.052 seconds
[2023-12-06 07:54:12,050] {processor.py:162} INFO - Started process (PID=3558) to work on /home/airflow/.local/lib/python3.6/site-packages/airflow/example_dags/example_branch_labels.py
[2023-12-06 07:54:12,051] {processor.py:613} INFO - Processing file /home/airflow/.local/lib/python3.6/site-packages/airflow/example_dags/example_branch_labels.py for tasks to queue
[2023-12-06 07:54:12,052] {logging_mixin.py:109} INFO - [2023-12-06 07:54:12,052] {dagbag.py:496} INFO - Filling up the DagBag from /home/airflow/.local/lib/python3.6/site-packages/airflow/example_dags/example_branch_labels.py
[2023-12-06 07:54:12,060] {processor.py:623} INFO - DAG(s) dict_keys(['example_branch_labels']) retrieved from /home/airflow/.local/lib/python3.6/site-packages/airflow/example_dags/example_branch_labels.py
[2023-12-06 07:54:12,077] {logging_mixin.py:109} INFO - [2023-12-06 07:54:12,077] {dag.py:1834} INFO - Sync 1 DAGs
[2023-12-06 07:54:12,091] {logging_mixin.py:109} INFO - [2023-12-06 07:54:12,091] {dag.py:2287} INFO - Setting next_dagrun for example_branch_labels to 2023-12-04 00:00:00+00:00
[2023-12-06 07:54:12,106] {processor.py:170} INFO - Processing /home/airflow/.local/lib/python3.6/site-packages/airflow/example_dags/example_branch_labels.py took 0.057 seconds
[2023-12-06 07:54:42,778] {processor.py:162} INFO - Started process (PID=3763) to work on /home/airflow/.local/lib/python3.6/site-packages/airflow/example_dags/example_branch_labels.py
[2023-12-06 07:54:42,778] {processor.py:613} INFO - Processing file /home/airflow/.local/lib/python3.6/site-packages/airflow/example_dags/example_branch_labels.py for tasks to queue
[2023-12-06 07:54:42,779] {logging_mixin.py:109} INFO - [2023-12-06 07:54:42,779] {dagbag.py:496} INFO - Filling up the DagBag from /home/airflow/.local/lib/python3.6/site-packages/airflow/example_dags/example_branch_labels.py
[2023-12-06 07:54:42,787] {processor.py:623} INFO - DAG(s) dict_keys(['example_branch_labels']) retrieved from /home/airflow/.local/lib/python3.6/site-packages/airflow/example_dags/example_branch_labels.py
[2023-12-06 07:54:42,805] {logging_mixin.py:109} INFO - [2023-12-06 07:54:42,805] {dag.py:1834} INFO - Sync 1 DAGs
[2023-12-06 07:54:42,828] {logging_mixin.py:109} INFO - [2023-12-06 07:54:42,827] {dag.py:2287} INFO - Setting next_dagrun for example_branch_labels to 2023-12-04 00:00:00+00:00
[2023-12-06 07:54:42,840] {processor.py:170} INFO - Processing /home/airflow/.local/lib/python3.6/site-packages/airflow/example_dags/example_branch_labels.py took 0.064 seconds
[2023-12-06 07:55:13,374] {processor.py:162} INFO - Started process (PID=3958) to work on /home/airflow/.local/lib/python3.6/site-packages/airflow/example_dags/example_branch_labels.py
[2023-12-06 07:55:13,375] {processor.py:613} INFO - Processing file /home/airflow/.local/lib/python3.6/site-packages/airflow/example_dags/example_branch_labels.py for tasks to queue
[2023-12-06 07:55:13,376] {logging_mixin.py:109} INFO - [2023-12-06 07:55:13,376] {dagbag.py:496} INFO - Filling up the DagBag from /home/airflow/.local/lib/python3.6/site-packages/airflow/example_dags/example_branch_labels.py
[2023-12-06 07:55:13,384] {processor.py:623} INFO - DAG(s) dict_keys(['example_branch_labels']) retrieved from /home/airflow/.local/lib/python3.6/site-packages/airflow/example_dags/example_branch_labels.py
[2023-12-06 07:55:13,401] {logging_mixin.py:109} INFO - [2023-12-06 07:55:13,401] {dag.py:1834} INFO - Sync 1 DAGs
[2023-12-06 07:55:13,415] {logging_mixin.py:109} INFO - [2023-12-06 07:55:13,415] {dag.py:2287} INFO - Setting next_dagrun for example_branch_labels to 2023-12-04 00:00:00+00:00
[2023-12-06 07:55:13,423] {processor.py:170} INFO - Processing /home/airflow/.local/lib/python3.6/site-packages/airflow/example_dags/example_branch_labels.py took 0.051 seconds
[2023-12-06 07:55:44,043] {processor.py:162} INFO - Started process (PID=4163) to work on /home/airflow/.local/lib/python3.6/site-packages/airflow/example_dags/example_branch_labels.py
[2023-12-06 07:55:44,044] {processor.py:613} INFO - Processing file /home/airflow/.local/lib/python3.6/site-packages/airflow/example_dags/example_branch_labels.py for tasks to queue
[2023-12-06 07:55:44,044] {logging_mixin.py:109} INFO - [2023-12-06 07:55:44,044] {dagbag.py:496} INFO - Filling up the DagBag from /home/airflow/.local/lib/python3.6/site-packages/airflow/example_dags/example_branch_labels.py
[2023-12-06 07:55:44,053] {processor.py:623} INFO - DAG(s) dict_keys(['example_branch_labels']) retrieved from /home/airflow/.local/lib/python3.6/site-packages/airflow/example_dags/example_branch_labels.py
[2023-12-06 07:55:44,069] {logging_mixin.py:109} INFO - [2023-12-06 07:55:44,069] {dag.py:1834} INFO - Sync 1 DAGs
[2023-12-06 07:55:44,082] {logging_mixin.py:109} INFO - [2023-12-06 07:55:44,082] {dag.py:2287} INFO - Setting next_dagrun for example_branch_labels to 2023-12-04 00:00:00+00:00
[2023-12-06 07:55:44,090] {processor.py:170} INFO - Processing /home/airflow/.local/lib/python3.6/site-packages/airflow/example_dags/example_branch_labels.py took 0.049 seconds
[2023-12-06 07:56:14,785] {processor.py:162} INFO - Started process (PID=4368) to work on /home/airflow/.local/lib/python3.6/site-packages/airflow/example_dags/example_branch_labels.py
[2023-12-06 07:56:14,786] {processor.py:613} INFO - Processing file /home/airflow/.local/lib/python3.6/site-packages/airflow/example_dags/example_branch_labels.py for tasks to queue
[2023-12-06 07:56:14,786] {logging_mixin.py:109} INFO - [2023-12-06 07:56:14,786] {dagbag.py:496} INFO - Filling up the DagBag from /home/airflow/.local/lib/python3.6/site-packages/airflow/example_dags/example_branch_labels.py
[2023-12-06 07:56:14,794] {processor.py:623} INFO - DAG(s) dict_keys(['example_branch_labels']) retrieved from /home/airflow/.local/lib/python3.6/site-packages/airflow/example_dags/example_branch_labels.py
[2023-12-06 07:56:14,815] {logging_mixin.py:109} INFO - [2023-12-06 07:56:14,815] {dag.py:1834} INFO - Sync 1 DAGs
[2023-12-06 07:56:14,827] {logging_mixin.py:109} INFO - [2023-12-06 07:56:14,827] {dag.py:2287} INFO - Setting next_dagrun for example_branch_labels to 2023-12-04 00:00:00+00:00
[2023-12-06 07:56:14,836] {processor.py:170} INFO - Processing /home/airflow/.local/lib/python3.6/site-packages/airflow/example_dags/example_branch_labels.py took 0.053 seconds
[2023-12-06 07:56:45,422] {processor.py:162} INFO - Started process (PID=4563) to work on /home/airflow/.local/lib/python3.6/site-packages/airflow/example_dags/example_branch_labels.py
[2023-12-06 07:56:45,424] {processor.py:613} INFO - Processing file /home/airflow/.local/lib/python3.6/site-packages/airflow/example_dags/example_branch_labels.py for tasks to queue
[2023-12-06 07:56:45,424] {logging_mixin.py:109} INFO - [2023-12-06 07:56:45,424] {dagbag.py:496} INFO - Filling up the DagBag from /home/airflow/.local/lib/python3.6/site-packages/airflow/example_dags/example_branch_labels.py
[2023-12-06 07:56:45,433] {processor.py:623} INFO - DAG(s) dict_keys(['example_branch_labels']) retrieved from /home/airflow/.local/lib/python3.6/site-packages/airflow/example_dags/example_branch_labels.py
[2023-12-06 07:56:45,452] {logging_mixin.py:109} INFO - [2023-12-06 07:56:45,452] {dag.py:1834} INFO - Sync 1 DAGs
[2023-12-06 07:56:45,465] {logging_mixin.py:109} INFO - [2023-12-06 07:56:45,465] {dag.py:2287} INFO - Setting next_dagrun for example_branch_labels to 2023-12-04 00:00:00+00:00
[2023-12-06 07:56:45,474] {processor.py:170} INFO - Processing /home/airflow/.local/lib/python3.6/site-packages/airflow/example_dags/example_branch_labels.py took 0.054 seconds
[2023-12-06 07:57:16,006] {processor.py:162} INFO - Started process (PID=4768) to work on /home/airflow/.local/lib/python3.6/site-packages/airflow/example_dags/example_branch_labels.py
[2023-12-06 07:57:16,007] {processor.py:613} INFO - Processing file /home/airflow/.local/lib/python3.6/site-packages/airflow/example_dags/example_branch_labels.py for tasks to queue
[2023-12-06 07:57:16,008] {logging_mixin.py:109} INFO - [2023-12-06 07:57:16,007] {dagbag.py:496} INFO - Filling up the DagBag from /home/airflow/.local/lib/python3.6/site-packages/airflow/example_dags/example_branch_labels.py
[2023-12-06 07:57:16,016] {processor.py:623} INFO - DAG(s) dict_keys(['example_branch_labels']) retrieved from /home/airflow/.local/lib/python3.6/site-packages/airflow/example_dags/example_branch_labels.py
[2023-12-06 07:57:16,034] {logging_mixin.py:109} INFO - [2023-12-06 07:57:16,034] {dag.py:1834} INFO - Sync 1 DAGs
[2023-12-06 07:57:16,047] {logging_mixin.py:109} INFO - [2023-12-06 07:57:16,047] {dag.py:2287} INFO - Setting next_dagrun for example_branch_labels to 2023-12-04 00:00:00+00:00
[2023-12-06 07:57:16,056] {processor.py:170} INFO - Processing /home/airflow/.local/lib/python3.6/site-packages/airflow/example_dags/example_branch_labels.py took 0.051 seconds
[2023-12-06 07:57:46,621] {processor.py:162} INFO - Started process (PID=4972) to work on /home/airflow/.local/lib/python3.6/site-packages/airflow/example_dags/example_branch_labels.py
[2023-12-06 07:57:46,622] {processor.py:613} INFO - Processing file /home/airflow/.local/lib/python3.6/site-packages/airflow/example_dags/example_branch_labels.py for tasks to queue
[2023-12-06 07:57:46,623] {logging_mixin.py:109} INFO - [2023-12-06 07:57:46,623] {dagbag.py:496} INFO - Filling up the DagBag from /home/airflow/.local/lib/python3.6/site-packages/airflow/example_dags/example_branch_labels.py
[2023-12-06 07:57:46,631] {processor.py:623} INFO - DAG(s) dict_keys(['example_branch_labels']) retrieved from /home/airflow/.local/lib/python3.6/site-packages/airflow/example_dags/example_branch_labels.py
[2023-12-06 07:57:46,650] {logging_mixin.py:109} INFO - [2023-12-06 07:57:46,650] {dag.py:1834} INFO - Sync 1 DAGs
[2023-12-06 07:57:46,662] {logging_mixin.py:109} INFO - [2023-12-06 07:57:46,662] {dag.py:2287} INFO - Setting next_dagrun for example_branch_labels to 2023-12-04 00:00:00+00:00
[2023-12-06 07:57:46,672] {processor.py:170} INFO - Processing /home/airflow/.local/lib/python3.6/site-packages/airflow/example_dags/example_branch_labels.py took 0.053 seconds
[2023-12-06 07:58:17,241] {processor.py:162} INFO - Started process (PID=5169) to work on /home/airflow/.local/lib/python3.6/site-packages/airflow/example_dags/example_branch_labels.py
[2023-12-06 07:58:17,242] {processor.py:613} INFO - Processing file /home/airflow/.local/lib/python3.6/site-packages/airflow/example_dags/example_branch_labels.py for tasks to queue
[2023-12-06 07:58:17,242] {logging_mixin.py:109} INFO - [2023-12-06 07:58:17,242] {dagbag.py:496} INFO - Filling up the DagBag from /home/airflow/.local/lib/python3.6/site-packages/airflow/example_dags/example_branch_labels.py
[2023-12-06 07:58:17,252] {processor.py:623} INFO - DAG(s) dict_keys(['example_branch_labels']) retrieved from /home/airflow/.local/lib/python3.6/site-packages/airflow/example_dags/example_branch_labels.py
[2023-12-06 07:58:17,274] {logging_mixin.py:109} INFO - [2023-12-06 07:58:17,273] {dag.py:1834} INFO - Sync 1 DAGs
[2023-12-06 07:58:17,288] {logging_mixin.py:109} INFO - [2023-12-06 07:58:17,288] {dag.py:2287} INFO - Setting next_dagrun for example_branch_labels to 2023-12-04 00:00:00+00:00
[2023-12-06 07:58:17,297] {processor.py:170} INFO - Processing /home/airflow/.local/lib/python3.6/site-packages/airflow/example_dags/example_branch_labels.py took 0.059 seconds
[2023-12-06 07:58:47,990] {processor.py:162} INFO - Started process (PID=5374) to work on /home/airflow/.local/lib/python3.6/site-packages/airflow/example_dags/example_branch_labels.py
[2023-12-06 07:58:47,991] {processor.py:613} INFO - Processing file /home/airflow/.local/lib/python3.6/site-packages/airflow/example_dags/example_branch_labels.py for tasks to queue
[2023-12-06 07:58:47,992] {logging_mixin.py:109} INFO - [2023-12-06 07:58:47,992] {dagbag.py:496} INFO - Filling up the DagBag from /home/airflow/.local/lib/python3.6/site-packages/airflow/example_dags/example_branch_labels.py
[2023-12-06 07:58:48,000] {processor.py:623} INFO - DAG(s) dict_keys(['example_branch_labels']) retrieved from /home/airflow/.local/lib/python3.6/site-packages/airflow/example_dags/example_branch_labels.py
[2023-12-06 07:58:48,018] {logging_mixin.py:109} INFO - [2023-12-06 07:58:48,018] {dag.py:1834} INFO - Sync 1 DAGs
[2023-12-06 07:58:48,031] {logging_mixin.py:109} INFO - [2023-12-06 07:58:48,030] {dag.py:2287} INFO - Setting next_dagrun for example_branch_labels to 2023-12-04 00:00:00+00:00
[2023-12-06 07:58:48,039] {processor.py:170} INFO - Processing /home/airflow/.local/lib/python3.6/site-packages/airflow/example_dags/example_branch_labels.py took 0.051 seconds
[2023-12-06 07:59:18,738] {processor.py:162} INFO - Started process (PID=5569) to work on /home/airflow/.local/lib/python3.6/site-packages/airflow/example_dags/example_branch_labels.py
[2023-12-06 07:59:18,738] {processor.py:613} INFO - Processing file /home/airflow/.local/lib/python3.6/site-packages/airflow/example_dags/example_branch_labels.py for tasks to queue
[2023-12-06 07:59:18,739] {logging_mixin.py:109} INFO - [2023-12-06 07:59:18,739] {dagbag.py:496} INFO - Filling up the DagBag from /home/airflow/.local/lib/python3.6/site-packages/airflow/example_dags/example_branch_labels.py
[2023-12-06 07:59:18,747] {processor.py:623} INFO - DAG(s) dict_keys(['example_branch_labels']) retrieved from /home/airflow/.local/lib/python3.6/site-packages/airflow/example_dags/example_branch_labels.py
[2023-12-06 07:59:18,763] {logging_mixin.py:109} INFO - [2023-12-06 07:59:18,763] {dag.py:1834} INFO - Sync 1 DAGs
[2023-12-06 07:59:18,775] {logging_mixin.py:109} INFO - [2023-12-06 07:59:18,774] {dag.py:2287} INFO - Setting next_dagrun for example_branch_labels to 2023-12-04 00:00:00+00:00
[2023-12-06 07:59:18,784] {processor.py:170} INFO - Processing /home/airflow/.local/lib/python3.6/site-packages/airflow/example_dags/example_branch_labels.py took 0.048 seconds
[2023-12-06 07:59:49,365] {processor.py:162} INFO - Started process (PID=5774) to work on /home/airflow/.local/lib/python3.6/site-packages/airflow/example_dags/example_branch_labels.py
[2023-12-06 07:59:49,366] {processor.py:613} INFO - Processing file /home/airflow/.local/lib/python3.6/site-packages/airflow/example_dags/example_branch_labels.py for tasks to queue
[2023-12-06 07:59:49,367] {logging_mixin.py:109} INFO - [2023-12-06 07:59:49,367] {dagbag.py:496} INFO - Filling up the DagBag from /home/airflow/.local/lib/python3.6/site-packages/airflow/example_dags/example_branch_labels.py
[2023-12-06 07:59:49,376] {processor.py:623} INFO - DAG(s) dict_keys(['example_branch_labels']) retrieved from /home/airflow/.local/lib/python3.6/site-packages/airflow/example_dags/example_branch_labels.py
[2023-12-06 07:59:49,393] {logging_mixin.py:109} INFO - [2023-12-06 07:59:49,393] {dag.py:1834} INFO - Sync 1 DAGs
[2023-12-06 07:59:49,406] {logging_mixin.py:109} INFO - [2023-12-06 07:59:49,405] {dag.py:2287} INFO - Setting next_dagrun for example_branch_labels to 2023-12-04 00:00:00+00:00
[2023-12-06 07:59:49,414] {processor.py:170} INFO - Processing /home/airflow/.local/lib/python3.6/site-packages/airflow/example_dags/example_branch_labels.py took 0.052 seconds
[2023-12-06 08:00:20,064] {processor.py:162} INFO - Started process (PID=6064) to work on /home/airflow/.local/lib/python3.6/site-packages/airflow/example_dags/example_branch_labels.py
[2023-12-06 08:00:20,065] {processor.py:613} INFO - Processing file /home/airflow/.local/lib/python3.6/site-packages/airflow/example_dags/example_branch_labels.py for tasks to queue
[2023-12-06 08:00:20,065] {logging_mixin.py:109} INFO - [2023-12-06 08:00:20,065] {dagbag.py:496} INFO - Filling up the DagBag from /home/airflow/.local/lib/python3.6/site-packages/airflow/example_dags/example_branch_labels.py
[2023-12-06 08:00:20,075] {processor.py:623} INFO - DAG(s) dict_keys(['example_branch_labels']) retrieved from /home/airflow/.local/lib/python3.6/site-packages/airflow/example_dags/example_branch_labels.py
[2023-12-06 08:00:20,092] {logging_mixin.py:109} INFO - [2023-12-06 08:00:20,092] {dag.py:1834} INFO - Sync 1 DAGs
[2023-12-06 08:00:20,105] {logging_mixin.py:109} INFO - [2023-12-06 08:00:20,105] {dag.py:2287} INFO - Setting next_dagrun for example_branch_labels to 2023-12-04 00:00:00+00:00
[2023-12-06 08:00:20,115] {processor.py:170} INFO - Processing /home/airflow/.local/lib/python3.6/site-packages/airflow/example_dags/example_branch_labels.py took 0.053 seconds
[2023-12-06 08:00:50,939] {processor.py:162} INFO - Started process (PID=6259) to work on /home/airflow/.local/lib/python3.6/site-packages/airflow/example_dags/example_branch_labels.py
[2023-12-06 08:00:50,941] {processor.py:613} INFO - Processing file /home/airflow/.local/lib/python3.6/site-packages/airflow/example_dags/example_branch_labels.py for tasks to queue
[2023-12-06 08:00:50,941] {logging_mixin.py:109} INFO - [2023-12-06 08:00:50,941] {dagbag.py:496} INFO - Filling up the DagBag from /home/airflow/.local/lib/python3.6/site-packages/airflow/example_dags/example_branch_labels.py
[2023-12-06 08:00:50,950] {processor.py:623} INFO - DAG(s) dict_keys(['example_branch_labels']) retrieved from /home/airflow/.local/lib/python3.6/site-packages/airflow/example_dags/example_branch_labels.py
[2023-12-06 08:00:50,969] {logging_mixin.py:109} INFO - [2023-12-06 08:00:50,969] {dag.py:1834} INFO - Sync 1 DAGs
[2023-12-06 08:00:50,982] {logging_mixin.py:109} INFO - [2023-12-06 08:00:50,982] {dag.py:2287} INFO - Setting next_dagrun for example_branch_labels to 2023-12-04 00:00:00+00:00
[2023-12-06 08:00:50,990] {processor.py:170} INFO - Processing /home/airflow/.local/lib/python3.6/site-packages/airflow/example_dags/example_branch_labels.py took 0.053 seconds
[2023-12-06 08:01:21,743] {processor.py:162} INFO - Started process (PID=6464) to work on /home/airflow/.local/lib/python3.6/site-packages/airflow/example_dags/example_branch_labels.py
[2023-12-06 08:01:21,744] {processor.py:613} INFO - Processing file /home/airflow/.local/lib/python3.6/site-packages/airflow/example_dags/example_branch_labels.py for tasks to queue
[2023-12-06 08:01:21,744] {logging_mixin.py:109} INFO - [2023-12-06 08:01:21,744] {dagbag.py:496} INFO - Filling up the DagBag from /home/airflow/.local/lib/python3.6/site-packages/airflow/example_dags/example_branch_labels.py
[2023-12-06 08:01:21,752] {processor.py:623} INFO - DAG(s) dict_keys(['example_branch_labels']) retrieved from /home/airflow/.local/lib/python3.6/site-packages/airflow/example_dags/example_branch_labels.py
[2023-12-06 08:01:21,769] {logging_mixin.py:109} INFO - [2023-12-06 08:01:21,769] {dag.py:1834} INFO - Sync 1 DAGs
[2023-12-06 08:01:21,782] {logging_mixin.py:109} INFO - [2023-12-06 08:01:21,782] {dag.py:2287} INFO - Setting next_dagrun for example_branch_labels to 2023-12-04 00:00:00+00:00
[2023-12-06 08:01:21,791] {processor.py:170} INFO - Processing /home/airflow/.local/lib/python3.6/site-packages/airflow/example_dags/example_branch_labels.py took 0.050 seconds
[2023-12-06 08:01:52,357] {processor.py:162} INFO - Started process (PID=6669) to work on /home/airflow/.local/lib/python3.6/site-packages/airflow/example_dags/example_branch_labels.py
[2023-12-06 08:01:52,358] {processor.py:613} INFO - Processing file /home/airflow/.local/lib/python3.6/site-packages/airflow/example_dags/example_branch_labels.py for tasks to queue
[2023-12-06 08:01:52,359] {logging_mixin.py:109} INFO - [2023-12-06 08:01:52,359] {dagbag.py:496} INFO - Filling up the DagBag from /home/airflow/.local/lib/python3.6/site-packages/airflow/example_dags/example_branch_labels.py
[2023-12-06 08:01:52,370] {processor.py:623} INFO - DAG(s) dict_keys(['example_branch_labels']) retrieved from /home/airflow/.local/lib/python3.6/site-packages/airflow/example_dags/example_branch_labels.py
[2023-12-06 08:01:52,389] {logging_mixin.py:109} INFO - [2023-12-06 08:01:52,389] {dag.py:1834} INFO - Sync 1 DAGs
[2023-12-06 08:01:52,403] {logging_mixin.py:109} INFO - [2023-12-06 08:01:52,403] {dag.py:2287} INFO - Setting next_dagrun for example_branch_labels to 2023-12-04 00:00:00+00:00
[2023-12-06 08:01:52,411] {processor.py:170} INFO - Processing /home/airflow/.local/lib/python3.6/site-packages/airflow/example_dags/example_branch_labels.py took 0.057 seconds
[2023-12-06 08:02:23,029] {processor.py:162} INFO - Started process (PID=6865) to work on /home/airflow/.local/lib/python3.6/site-packages/airflow/example_dags/example_branch_labels.py
[2023-12-06 08:02:23,031] {processor.py:613} INFO - Processing file /home/airflow/.local/lib/python3.6/site-packages/airflow/example_dags/example_branch_labels.py for tasks to queue
[2023-12-06 08:02:23,032] {logging_mixin.py:109} INFO - [2023-12-06 08:02:23,031] {dagbag.py:496} INFO - Filling up the DagBag from /home/airflow/.local/lib/python3.6/site-packages/airflow/example_dags/example_branch_labels.py
[2023-12-06 08:02:23,040] {processor.py:623} INFO - DAG(s) dict_keys(['example_branch_labels']) retrieved from /home/airflow/.local/lib/python3.6/site-packages/airflow/example_dags/example_branch_labels.py
[2023-12-06 08:02:23,056] {logging_mixin.py:109} INFO - [2023-12-06 08:02:23,056] {dag.py:1834} INFO - Sync 1 DAGs
[2023-12-06 08:02:23,068] {logging_mixin.py:109} INFO - [2023-12-06 08:02:23,068] {dag.py:2287} INFO - Setting next_dagrun for example_branch_labels to 2023-12-04 00:00:00+00:00
[2023-12-06 08:02:23,076] {processor.py:170} INFO - Processing /home/airflow/.local/lib/python3.6/site-packages/airflow/example_dags/example_branch_labels.py took 0.049 seconds
[2023-12-06 08:02:53,646] {processor.py:162} INFO - Started process (PID=7070) to work on /home/airflow/.local/lib/python3.6/site-packages/airflow/example_dags/example_branch_labels.py
[2023-12-06 08:02:53,647] {processor.py:613} INFO - Processing file /home/airflow/.local/lib/python3.6/site-packages/airflow/example_dags/example_branch_labels.py for tasks to queue
[2023-12-06 08:02:53,647] {logging_mixin.py:109} INFO - [2023-12-06 08:02:53,647] {dagbag.py:496} INFO - Filling up the DagBag from /home/airflow/.local/lib/python3.6/site-packages/airflow/example_dags/example_branch_labels.py
[2023-12-06 08:02:53,655] {processor.py:623} INFO - DAG(s) dict_keys(['example_branch_labels']) retrieved from /home/airflow/.local/lib/python3.6/site-packages/airflow/example_dags/example_branch_labels.py
[2023-12-06 08:02:53,672] {logging_mixin.py:109} INFO - [2023-12-06 08:02:53,672] {dag.py:1834} INFO - Sync 1 DAGs
[2023-12-06 08:02:53,684] {logging_mixin.py:109} INFO - [2023-12-06 08:02:53,684] {dag.py:2287} INFO - Setting next_dagrun for example_branch_labels to 2023-12-04 00:00:00+00:00
[2023-12-06 08:02:53,693] {processor.py:170} INFO - Processing /home/airflow/.local/lib/python3.6/site-packages/airflow/example_dags/example_branch_labels.py took 0.049 seconds
[2023-12-06 08:03:24,307] {processor.py:162} INFO - Started process (PID=7275) to work on /home/airflow/.local/lib/python3.6/site-packages/airflow/example_dags/example_branch_labels.py
[2023-12-06 08:03:24,309] {processor.py:613} INFO - Processing file /home/airflow/.local/lib/python3.6/site-packages/airflow/example_dags/example_branch_labels.py for tasks to queue
[2023-12-06 08:03:24,309] {logging_mixin.py:109} INFO - [2023-12-06 08:03:24,309] {dagbag.py:496} INFO - Filling up the DagBag from /home/airflow/.local/lib/python3.6/site-packages/airflow/example_dags/example_branch_labels.py
[2023-12-06 08:03:24,317] {processor.py:623} INFO - DAG(s) dict_keys(['example_branch_labels']) retrieved from /home/airflow/.local/lib/python3.6/site-packages/airflow/example_dags/example_branch_labels.py
[2023-12-06 08:03:24,334] {logging_mixin.py:109} INFO - [2023-12-06 08:03:24,334] {dag.py:1834} INFO - Sync 1 DAGs
[2023-12-06 08:03:24,348] {logging_mixin.py:109} INFO - [2023-12-06 08:03:24,348] {dag.py:2287} INFO - Setting next_dagrun for example_branch_labels to 2023-12-04 00:00:00+00:00
[2023-12-06 08:03:24,357] {processor.py:170} INFO - Processing /home/airflow/.local/lib/python3.6/site-packages/airflow/example_dags/example_branch_labels.py took 0.052 seconds
[2023-12-06 08:03:55,098] {processor.py:162} INFO - Started process (PID=7471) to work on /home/airflow/.local/lib/python3.6/site-packages/airflow/example_dags/example_branch_labels.py
[2023-12-06 08:03:55,099] {processor.py:613} INFO - Processing file /home/airflow/.local/lib/python3.6/site-packages/airflow/example_dags/example_branch_labels.py for tasks to queue
[2023-12-06 08:03:55,099] {logging_mixin.py:109} INFO - [2023-12-06 08:03:55,099] {dagbag.py:496} INFO - Filling up the DagBag from /home/airflow/.local/lib/python3.6/site-packages/airflow/example_dags/example_branch_labels.py
[2023-12-06 08:03:55,107] {processor.py:623} INFO - DAG(s) dict_keys(['example_branch_labels']) retrieved from /home/airflow/.local/lib/python3.6/site-packages/airflow/example_dags/example_branch_labels.py
[2023-12-06 08:03:55,124] {logging_mixin.py:109} INFO - [2023-12-06 08:03:55,124] {dag.py:1834} INFO - Sync 1 DAGs
[2023-12-06 08:03:55,137] {logging_mixin.py:109} INFO - [2023-12-06 08:03:55,137] {dag.py:2287} INFO - Setting next_dagrun for example_branch_labels to 2023-12-04 00:00:00+00:00
[2023-12-06 08:03:55,147] {processor.py:170} INFO - Processing /home/airflow/.local/lib/python3.6/site-packages/airflow/example_dags/example_branch_labels.py took 0.050 seconds
[2023-12-06 08:04:25,730] {processor.py:162} INFO - Started process (PID=7676) to work on /home/airflow/.local/lib/python3.6/site-packages/airflow/example_dags/example_branch_labels.py
[2023-12-06 08:04:25,732] {processor.py:613} INFO - Processing file /home/airflow/.local/lib/python3.6/site-packages/airflow/example_dags/example_branch_labels.py for tasks to queue
[2023-12-06 08:04:25,733] {logging_mixin.py:109} INFO - [2023-12-06 08:04:25,732] {dagbag.py:496} INFO - Filling up the DagBag from /home/airflow/.local/lib/python3.6/site-packages/airflow/example_dags/example_branch_labels.py
[2023-12-06 08:04:25,741] {processor.py:623} INFO - DAG(s) dict_keys(['example_branch_labels']) retrieved from /home/airflow/.local/lib/python3.6/site-packages/airflow/example_dags/example_branch_labels.py
[2023-12-06 08:04:25,758] {logging_mixin.py:109} INFO - [2023-12-06 08:04:25,758] {dag.py:1834} INFO - Sync 1 DAGs
[2023-12-06 08:04:25,771] {logging_mixin.py:109} INFO - [2023-12-06 08:04:25,771] {dag.py:2287} INFO - Setting next_dagrun for example_branch_labels to 2023-12-04 00:00:00+00:00
[2023-12-06 08:04:25,781] {processor.py:170} INFO - Processing /home/airflow/.local/lib/python3.6/site-packages/airflow/example_dags/example_branch_labels.py took 0.052 seconds
[2023-12-06 08:04:56,087] {processor.py:162} INFO - Started process (PID=7870) to work on /home/airflow/.local/lib/python3.6/site-packages/airflow/example_dags/example_branch_labels.py
[2023-12-06 08:04:56,088] {processor.py:613} INFO - Processing file /home/airflow/.local/lib/python3.6/site-packages/airflow/example_dags/example_branch_labels.py for tasks to queue
[2023-12-06 08:04:56,089] {logging_mixin.py:109} INFO - [2023-12-06 08:04:56,088] {dagbag.py:496} INFO - Filling up the DagBag from /home/airflow/.local/lib/python3.6/site-packages/airflow/example_dags/example_branch_labels.py
[2023-12-06 08:04:56,096] {processor.py:623} INFO - DAG(s) dict_keys(['example_branch_labels']) retrieved from /home/airflow/.local/lib/python3.6/site-packages/airflow/example_dags/example_branch_labels.py
[2023-12-06 08:04:56,114] {logging_mixin.py:109} INFO - [2023-12-06 08:04:56,114] {dag.py:1834} INFO - Sync 1 DAGs
[2023-12-06 08:04:56,126] {logging_mixin.py:109} INFO - [2023-12-06 08:04:56,126] {dag.py:2287} INFO - Setting next_dagrun for example_branch_labels to 2023-12-04 00:00:00+00:00
[2023-12-06 08:04:56,136] {processor.py:170} INFO - Processing /home/airflow/.local/lib/python3.6/site-packages/airflow/example_dags/example_branch_labels.py took 0.051 seconds
[2023-12-06 08:05:26,804] {processor.py:162} INFO - Started process (PID=8075) to work on /home/airflow/.local/lib/python3.6/site-packages/airflow/example_dags/example_branch_labels.py
[2023-12-06 08:05:26,805] {processor.py:613} INFO - Processing file /home/airflow/.local/lib/python3.6/site-packages/airflow/example_dags/example_branch_labels.py for tasks to queue
[2023-12-06 08:05:26,806] {logging_mixin.py:109} INFO - [2023-12-06 08:05:26,806] {dagbag.py:496} INFO - Filling up the DagBag from /home/airflow/.local/lib/python3.6/site-packages/airflow/example_dags/example_branch_labels.py
[2023-12-06 08:05:26,814] {processor.py:623} INFO - DAG(s) dict_keys(['example_branch_labels']) retrieved from /home/airflow/.local/lib/python3.6/site-packages/airflow/example_dags/example_branch_labels.py
[2023-12-06 08:05:26,832] {logging_mixin.py:109} INFO - [2023-12-06 08:05:26,831] {dag.py:1834} INFO - Sync 1 DAGs
[2023-12-06 08:05:26,843] {logging_mixin.py:109} INFO - [2023-12-06 08:05:26,843] {dag.py:2287} INFO - Setting next_dagrun for example_branch_labels to 2023-12-04 00:00:00+00:00
[2023-12-06 08:05:26,852] {processor.py:170} INFO - Processing /home/airflow/.local/lib/python3.6/site-packages/airflow/example_dags/example_branch_labels.py took 0.050 seconds
[2023-12-06 08:05:57,246] {processor.py:162} INFO - Started process (PID=8280) to work on /home/airflow/.local/lib/python3.6/site-packages/airflow/example_dags/example_branch_labels.py
[2023-12-06 08:05:57,247] {processor.py:613} INFO - Processing file /home/airflow/.local/lib/python3.6/site-packages/airflow/example_dags/example_branch_labels.py for tasks to queue
[2023-12-06 08:05:57,248] {logging_mixin.py:109} INFO - [2023-12-06 08:05:57,248] {dagbag.py:496} INFO - Filling up the DagBag from /home/airflow/.local/lib/python3.6/site-packages/airflow/example_dags/example_branch_labels.py
[2023-12-06 08:05:57,257] {processor.py:623} INFO - DAG(s) dict_keys(['example_branch_labels']) retrieved from /home/airflow/.local/lib/python3.6/site-packages/airflow/example_dags/example_branch_labels.py
[2023-12-06 08:05:57,274] {logging_mixin.py:109} INFO - [2023-12-06 08:05:57,274] {dag.py:1834} INFO - Sync 1 DAGs
[2023-12-06 08:05:57,288] {logging_mixin.py:109} INFO - [2023-12-06 08:05:57,288] {dag.py:2287} INFO - Setting next_dagrun for example_branch_labels to 2023-12-04 00:00:00+00:00
[2023-12-06 08:05:57,297] {processor.py:170} INFO - Processing /home/airflow/.local/lib/python3.6/site-packages/airflow/example_dags/example_branch_labels.py took 0.053 seconds
[2023-12-06 08:06:28,014] {processor.py:162} INFO - Started process (PID=8475) to work on /home/airflow/.local/lib/python3.6/site-packages/airflow/example_dags/example_branch_labels.py
[2023-12-06 08:06:28,016] {processor.py:613} INFO - Processing file /home/airflow/.local/lib/python3.6/site-packages/airflow/example_dags/example_branch_labels.py for tasks to queue
[2023-12-06 08:06:28,017] {logging_mixin.py:109} INFO - [2023-12-06 08:06:28,017] {dagbag.py:496} INFO - Filling up the DagBag from /home/airflow/.local/lib/python3.6/site-packages/airflow/example_dags/example_branch_labels.py
[2023-12-06 08:06:28,025] {processor.py:623} INFO - DAG(s) dict_keys(['example_branch_labels']) retrieved from /home/airflow/.local/lib/python3.6/site-packages/airflow/example_dags/example_branch_labels.py
[2023-12-06 08:06:28,044] {logging_mixin.py:109} INFO - [2023-12-06 08:06:28,044] {dag.py:1834} INFO - Sync 1 DAGs
[2023-12-06 08:06:28,056] {logging_mixin.py:109} INFO - [2023-12-06 08:06:28,056] {dag.py:2287} INFO - Setting next_dagrun for example_branch_labels to 2023-12-04 00:00:00+00:00
[2023-12-06 08:06:28,065] {processor.py:170} INFO - Processing /home/airflow/.local/lib/python3.6/site-packages/airflow/example_dags/example_branch_labels.py took 0.053 seconds
[2023-12-06 08:06:58,697] {processor.py:162} INFO - Started process (PID=8680) to work on /home/airflow/.local/lib/python3.6/site-packages/airflow/example_dags/example_branch_labels.py
[2023-12-06 08:06:58,697] {processor.py:613} INFO - Processing file /home/airflow/.local/lib/python3.6/site-packages/airflow/example_dags/example_branch_labels.py for tasks to queue
[2023-12-06 08:06:58,698] {logging_mixin.py:109} INFO - [2023-12-06 08:06:58,698] {dagbag.py:496} INFO - Filling up the DagBag from /home/airflow/.local/lib/python3.6/site-packages/airflow/example_dags/example_branch_labels.py
[2023-12-06 08:06:58,706] {processor.py:623} INFO - DAG(s) dict_keys(['example_branch_labels']) retrieved from /home/airflow/.local/lib/python3.6/site-packages/airflow/example_dags/example_branch_labels.py
[2023-12-06 08:06:58,722] {logging_mixin.py:109} INFO - [2023-12-06 08:06:58,722] {dag.py:1834} INFO - Sync 1 DAGs
[2023-12-06 08:06:58,734] {logging_mixin.py:109} INFO - [2023-12-06 08:06:58,734] {dag.py:2287} INFO - Setting next_dagrun for example_branch_labels to 2023-12-04 00:00:00+00:00
[2023-12-06 08:06:58,743] {processor.py:170} INFO - Processing /home/airflow/.local/lib/python3.6/site-packages/airflow/example_dags/example_branch_labels.py took 0.048 seconds
[2023-12-06 08:07:29,328] {processor.py:162} INFO - Started process (PID=8882) to work on /home/airflow/.local/lib/python3.6/site-packages/airflow/example_dags/example_branch_labels.py
[2023-12-06 08:07:29,330] {processor.py:613} INFO - Processing file /home/airflow/.local/lib/python3.6/site-packages/airflow/example_dags/example_branch_labels.py for tasks to queue
[2023-12-06 08:07:29,331] {logging_mixin.py:109} INFO - [2023-12-06 08:07:29,330] {dagbag.py:496} INFO - Filling up the DagBag from /home/airflow/.local/lib/python3.6/site-packages/airflow/example_dags/example_branch_labels.py
[2023-12-06 08:07:29,339] {processor.py:623} INFO - DAG(s) dict_keys(['example_branch_labels']) retrieved from /home/airflow/.local/lib/python3.6/site-packages/airflow/example_dags/example_branch_labels.py
[2023-12-06 08:07:29,355] {logging_mixin.py:109} INFO - [2023-12-06 08:07:29,355] {dag.py:1834} INFO - Sync 1 DAGs
[2023-12-06 08:07:29,369] {logging_mixin.py:109} INFO - [2023-12-06 08:07:29,369] {dag.py:2287} INFO - Setting next_dagrun for example_branch_labels to 2023-12-04 00:00:00+00:00
[2023-12-06 08:07:29,378] {processor.py:170} INFO - Processing /home/airflow/.local/lib/python3.6/site-packages/airflow/example_dags/example_branch_labels.py took 0.052 seconds
