[2023-12-06 07:46:03,937] {processor.py:162} INFO - Started process (PID=341) to work on /home/airflow/.local/lib/python3.6/site-packages/airflow/example_dags/example_python_operator.py
[2023-12-06 07:46:03,938] {processor.py:613} INFO - Processing file /home/airflow/.local/lib/python3.6/site-packages/airflow/example_dags/example_python_operator.py for tasks to queue
[2023-12-06 07:46:03,939] {logging_mixin.py:109} INFO - [2023-12-06 07:46:03,938] {dagbag.py:496} INFO - Filling up the DagBag from /home/airflow/.local/lib/python3.6/site-packages/airflow/example_dags/example_python_operator.py
[2023-12-06 07:46:03,948] {processor.py:623} INFO - DAG(s) dict_keys(['example_python_operator']) retrieved from /home/airflow/.local/lib/python3.6/site-packages/airflow/example_dags/example_python_operator.py
[2023-12-06 07:46:04,108] {logging_mixin.py:109} INFO - [2023-12-06 07:46:04,108] {dag.py:1834} INFO - Sync 1 DAGs
[2023-12-06 07:46:04,119] {logging_mixin.py:109} INFO - [2023-12-06 07:46:04,119] {dag.py:2287} INFO - Setting next_dagrun for example_python_operator to None
[2023-12-06 07:46:04,131] {processor.py:170} INFO - Processing /home/airflow/.local/lib/python3.6/site-packages/airflow/example_dags/example_python_operator.py took 0.196 seconds
[2023-12-06 07:46:34,830] {processor.py:162} INFO - Started process (PID=621) to work on /home/airflow/.local/lib/python3.6/site-packages/airflow/example_dags/example_python_operator.py
[2023-12-06 07:46:34,832] {processor.py:613} INFO - Processing file /home/airflow/.local/lib/python3.6/site-packages/airflow/example_dags/example_python_operator.py for tasks to queue
[2023-12-06 07:46:34,832] {logging_mixin.py:109} INFO - [2023-12-06 07:46:34,832] {dagbag.py:496} INFO - Filling up the DagBag from /home/airflow/.local/lib/python3.6/site-packages/airflow/example_dags/example_python_operator.py
[2023-12-06 07:46:34,843] {processor.py:623} INFO - DAG(s) dict_keys(['example_python_operator']) retrieved from /home/airflow/.local/lib/python3.6/site-packages/airflow/example_dags/example_python_operator.py
[2023-12-06 07:46:34,859] {logging_mixin.py:109} INFO - [2023-12-06 07:46:34,858] {dag.py:1834} INFO - Sync 1 DAGs
[2023-12-06 07:46:34,868] {logging_mixin.py:109} INFO - [2023-12-06 07:46:34,868] {dag.py:2287} INFO - Setting next_dagrun for example_python_operator to None
[2023-12-06 07:46:34,878] {processor.py:170} INFO - Processing /home/airflow/.local/lib/python3.6/site-packages/airflow/example_dags/example_python_operator.py took 0.050 seconds
[2023-12-06 07:47:05,586] {processor.py:162} INFO - Started process (PID=826) to work on /home/airflow/.local/lib/python3.6/site-packages/airflow/example_dags/example_python_operator.py
[2023-12-06 07:47:05,587] {processor.py:613} INFO - Processing file /home/airflow/.local/lib/python3.6/site-packages/airflow/example_dags/example_python_operator.py for tasks to queue
[2023-12-06 07:47:05,588] {logging_mixin.py:109} INFO - [2023-12-06 07:47:05,588] {dagbag.py:496} INFO - Filling up the DagBag from /home/airflow/.local/lib/python3.6/site-packages/airflow/example_dags/example_python_operator.py
[2023-12-06 07:47:05,605] {processor.py:623} INFO - DAG(s) dict_keys(['example_python_operator']) retrieved from /home/airflow/.local/lib/python3.6/site-packages/airflow/example_dags/example_python_operator.py
[2023-12-06 07:47:05,635] {logging_mixin.py:109} INFO - [2023-12-06 07:47:05,635] {dag.py:1834} INFO - Sync 1 DAGs
[2023-12-06 07:47:05,654] {logging_mixin.py:109} INFO - [2023-12-06 07:47:05,653] {dag.py:2287} INFO - Setting next_dagrun for example_python_operator to None
[2023-12-06 07:47:05,667] {processor.py:170} INFO - Processing /home/airflow/.local/lib/python3.6/site-packages/airflow/example_dags/example_python_operator.py took 0.085 seconds
[2023-12-06 07:47:36,222] {processor.py:162} INFO - Started process (PID=1021) to work on /home/airflow/.local/lib/python3.6/site-packages/airflow/example_dags/example_python_operator.py
[2023-12-06 07:47:36,223] {processor.py:613} INFO - Processing file /home/airflow/.local/lib/python3.6/site-packages/airflow/example_dags/example_python_operator.py for tasks to queue
[2023-12-06 07:47:36,224] {logging_mixin.py:109} INFO - [2023-12-06 07:47:36,223] {dagbag.py:496} INFO - Filling up the DagBag from /home/airflow/.local/lib/python3.6/site-packages/airflow/example_dags/example_python_operator.py
[2023-12-06 07:47:36,233] {processor.py:623} INFO - DAG(s) dict_keys(['example_python_operator']) retrieved from /home/airflow/.local/lib/python3.6/site-packages/airflow/example_dags/example_python_operator.py
[2023-12-06 07:47:36,248] {logging_mixin.py:109} INFO - [2023-12-06 07:47:36,248] {dag.py:1834} INFO - Sync 1 DAGs
[2023-12-06 07:47:36,258] {logging_mixin.py:109} INFO - [2023-12-06 07:47:36,258] {dag.py:2287} INFO - Setting next_dagrun for example_python_operator to None
[2023-12-06 07:47:36,267] {processor.py:170} INFO - Processing /home/airflow/.local/lib/python3.6/site-packages/airflow/example_dags/example_python_operator.py took 0.047 seconds
[2023-12-06 07:48:06,787] {processor.py:162} INFO - Started process (PID=1226) to work on /home/airflow/.local/lib/python3.6/site-packages/airflow/example_dags/example_python_operator.py
[2023-12-06 07:48:06,788] {processor.py:613} INFO - Processing file /home/airflow/.local/lib/python3.6/site-packages/airflow/example_dags/example_python_operator.py for tasks to queue
[2023-12-06 07:48:06,789] {logging_mixin.py:109} INFO - [2023-12-06 07:48:06,788] {dagbag.py:496} INFO - Filling up the DagBag from /home/airflow/.local/lib/python3.6/site-packages/airflow/example_dags/example_python_operator.py
[2023-12-06 07:48:06,798] {processor.py:623} INFO - DAG(s) dict_keys(['example_python_operator']) retrieved from /home/airflow/.local/lib/python3.6/site-packages/airflow/example_dags/example_python_operator.py
[2023-12-06 07:48:06,817] {logging_mixin.py:109} INFO - [2023-12-06 07:48:06,817] {dag.py:1834} INFO - Sync 1 DAGs
[2023-12-06 07:48:06,829] {logging_mixin.py:109} INFO - [2023-12-06 07:48:06,829] {dag.py:2287} INFO - Setting next_dagrun for example_python_operator to None
[2023-12-06 07:48:06,840] {processor.py:170} INFO - Processing /home/airflow/.local/lib/python3.6/site-packages/airflow/example_dags/example_python_operator.py took 0.055 seconds
[2023-12-06 07:48:37,486] {processor.py:162} INFO - Started process (PID=1431) to work on /home/airflow/.local/lib/python3.6/site-packages/airflow/example_dags/example_python_operator.py
[2023-12-06 07:48:37,487] {processor.py:613} INFO - Processing file /home/airflow/.local/lib/python3.6/site-packages/airflow/example_dags/example_python_operator.py for tasks to queue
[2023-12-06 07:48:37,488] {logging_mixin.py:109} INFO - [2023-12-06 07:48:37,487] {dagbag.py:496} INFO - Filling up the DagBag from /home/airflow/.local/lib/python3.6/site-packages/airflow/example_dags/example_python_operator.py
[2023-12-06 07:48:37,497] {processor.py:623} INFO - DAG(s) dict_keys(['example_python_operator']) retrieved from /home/airflow/.local/lib/python3.6/site-packages/airflow/example_dags/example_python_operator.py
[2023-12-06 07:48:37,516] {logging_mixin.py:109} INFO - [2023-12-06 07:48:37,516] {dag.py:1834} INFO - Sync 1 DAGs
[2023-12-06 07:48:37,527] {logging_mixin.py:109} INFO - [2023-12-06 07:48:37,527] {dag.py:2287} INFO - Setting next_dagrun for example_python_operator to None
[2023-12-06 07:48:37,538] {processor.py:170} INFO - Processing /home/airflow/.local/lib/python3.6/site-packages/airflow/example_dags/example_python_operator.py took 0.054 seconds
[2023-12-06 07:49:08,068] {processor.py:162} INFO - Started process (PID=1626) to work on /home/airflow/.local/lib/python3.6/site-packages/airflow/example_dags/example_python_operator.py
[2023-12-06 07:49:08,069] {processor.py:613} INFO - Processing file /home/airflow/.local/lib/python3.6/site-packages/airflow/example_dags/example_python_operator.py for tasks to queue
[2023-12-06 07:49:08,070] {logging_mixin.py:109} INFO - [2023-12-06 07:49:08,069] {dagbag.py:496} INFO - Filling up the DagBag from /home/airflow/.local/lib/python3.6/site-packages/airflow/example_dags/example_python_operator.py
[2023-12-06 07:49:08,079] {processor.py:623} INFO - DAG(s) dict_keys(['example_python_operator']) retrieved from /home/airflow/.local/lib/python3.6/site-packages/airflow/example_dags/example_python_operator.py
[2023-12-06 07:49:08,097] {logging_mixin.py:109} INFO - [2023-12-06 07:49:08,096] {dag.py:1834} INFO - Sync 1 DAGs
[2023-12-06 07:49:08,107] {logging_mixin.py:109} INFO - [2023-12-06 07:49:08,107] {dag.py:2287} INFO - Setting next_dagrun for example_python_operator to None
[2023-12-06 07:49:08,117] {processor.py:170} INFO - Processing /home/airflow/.local/lib/python3.6/site-packages/airflow/example_dags/example_python_operator.py took 0.051 seconds
[2023-12-06 07:49:38,753] {processor.py:162} INFO - Started process (PID=1831) to work on /home/airflow/.local/lib/python3.6/site-packages/airflow/example_dags/example_python_operator.py
[2023-12-06 07:49:38,754] {processor.py:613} INFO - Processing file /home/airflow/.local/lib/python3.6/site-packages/airflow/example_dags/example_python_operator.py for tasks to queue
[2023-12-06 07:49:38,755] {logging_mixin.py:109} INFO - [2023-12-06 07:49:38,755] {dagbag.py:496} INFO - Filling up the DagBag from /home/airflow/.local/lib/python3.6/site-packages/airflow/example_dags/example_python_operator.py
[2023-12-06 07:49:38,765] {processor.py:623} INFO - DAG(s) dict_keys(['example_python_operator']) retrieved from /home/airflow/.local/lib/python3.6/site-packages/airflow/example_dags/example_python_operator.py
[2023-12-06 07:49:38,783] {logging_mixin.py:109} INFO - [2023-12-06 07:49:38,783] {dag.py:1834} INFO - Sync 1 DAGs
[2023-12-06 07:49:38,794] {logging_mixin.py:109} INFO - [2023-12-06 07:49:38,794] {dag.py:2287} INFO - Setting next_dagrun for example_python_operator to None
[2023-12-06 07:49:38,805] {processor.py:170} INFO - Processing /home/airflow/.local/lib/python3.6/site-packages/airflow/example_dags/example_python_operator.py took 0.054 seconds
[2023-12-06 07:50:09,433] {processor.py:162} INFO - Started process (PID=2026) to work on /home/airflow/.local/lib/python3.6/site-packages/airflow/example_dags/example_python_operator.py
[2023-12-06 07:50:09,434] {processor.py:613} INFO - Processing file /home/airflow/.local/lib/python3.6/site-packages/airflow/example_dags/example_python_operator.py for tasks to queue
[2023-12-06 07:50:09,435] {logging_mixin.py:109} INFO - [2023-12-06 07:50:09,435] {dagbag.py:496} INFO - Filling up the DagBag from /home/airflow/.local/lib/python3.6/site-packages/airflow/example_dags/example_python_operator.py
[2023-12-06 07:50:09,446] {processor.py:623} INFO - DAG(s) dict_keys(['example_python_operator']) retrieved from /home/airflow/.local/lib/python3.6/site-packages/airflow/example_dags/example_python_operator.py
[2023-12-06 07:50:09,465] {logging_mixin.py:109} INFO - [2023-12-06 07:50:09,465] {dag.py:1834} INFO - Sync 1 DAGs
[2023-12-06 07:50:09,477] {logging_mixin.py:109} INFO - [2023-12-06 07:50:09,477] {dag.py:2287} INFO - Setting next_dagrun for example_python_operator to None
[2023-12-06 07:50:09,487] {processor.py:170} INFO - Processing /home/airflow/.local/lib/python3.6/site-packages/airflow/example_dags/example_python_operator.py took 0.056 seconds
[2023-12-06 07:50:39,899] {processor.py:162} INFO - Started process (PID=2231) to work on /home/airflow/.local/lib/python3.6/site-packages/airflow/example_dags/example_python_operator.py
[2023-12-06 07:50:39,900] {processor.py:613} INFO - Processing file /home/airflow/.local/lib/python3.6/site-packages/airflow/example_dags/example_python_operator.py for tasks to queue
[2023-12-06 07:50:39,901] {logging_mixin.py:109} INFO - [2023-12-06 07:50:39,901] {dagbag.py:496} INFO - Filling up the DagBag from /home/airflow/.local/lib/python3.6/site-packages/airflow/example_dags/example_python_operator.py
[2023-12-06 07:50:39,909] {processor.py:623} INFO - DAG(s) dict_keys(['example_python_operator']) retrieved from /home/airflow/.local/lib/python3.6/site-packages/airflow/example_dags/example_python_operator.py
[2023-12-06 07:50:39,926] {logging_mixin.py:109} INFO - [2023-12-06 07:50:39,926] {dag.py:1834} INFO - Sync 1 DAGs
[2023-12-06 07:50:39,936] {logging_mixin.py:109} INFO - [2023-12-06 07:50:39,936] {dag.py:2287} INFO - Setting next_dagrun for example_python_operator to None
[2023-12-06 07:50:39,947] {processor.py:170} INFO - Processing /home/airflow/.local/lib/python3.6/site-packages/airflow/example_dags/example_python_operator.py took 0.050 seconds
[2023-12-06 07:51:10,362] {processor.py:162} INFO - Started process (PID=2436) to work on /home/airflow/.local/lib/python3.6/site-packages/airflow/example_dags/example_python_operator.py
[2023-12-06 07:51:10,363] {processor.py:613} INFO - Processing file /home/airflow/.local/lib/python3.6/site-packages/airflow/example_dags/example_python_operator.py for tasks to queue
[2023-12-06 07:51:10,364] {logging_mixin.py:109} INFO - [2023-12-06 07:51:10,363] {dagbag.py:496} INFO - Filling up the DagBag from /home/airflow/.local/lib/python3.6/site-packages/airflow/example_dags/example_python_operator.py
[2023-12-06 07:51:10,375] {processor.py:623} INFO - DAG(s) dict_keys(['example_python_operator']) retrieved from /home/airflow/.local/lib/python3.6/site-packages/airflow/example_dags/example_python_operator.py
[2023-12-06 07:51:10,392] {logging_mixin.py:109} INFO - [2023-12-06 07:51:10,392] {dag.py:1834} INFO - Sync 1 DAGs
[2023-12-06 07:51:10,402] {logging_mixin.py:109} INFO - [2023-12-06 07:51:10,402] {dag.py:2287} INFO - Setting next_dagrun for example_python_operator to None
[2023-12-06 07:51:10,415] {processor.py:170} INFO - Processing /home/airflow/.local/lib/python3.6/site-packages/airflow/example_dags/example_python_operator.py took 0.056 seconds
[2023-12-06 07:51:40,879] {processor.py:162} INFO - Started process (PID=2631) to work on /home/airflow/.local/lib/python3.6/site-packages/airflow/example_dags/example_python_operator.py
[2023-12-06 07:51:40,880] {processor.py:613} INFO - Processing file /home/airflow/.local/lib/python3.6/site-packages/airflow/example_dags/example_python_operator.py for tasks to queue
[2023-12-06 07:51:40,880] {logging_mixin.py:109} INFO - [2023-12-06 07:51:40,880] {dagbag.py:496} INFO - Filling up the DagBag from /home/airflow/.local/lib/python3.6/site-packages/airflow/example_dags/example_python_operator.py
[2023-12-06 07:51:40,890] {processor.py:623} INFO - DAG(s) dict_keys(['example_python_operator']) retrieved from /home/airflow/.local/lib/python3.6/site-packages/airflow/example_dags/example_python_operator.py
[2023-12-06 07:51:40,908] {logging_mixin.py:109} INFO - [2023-12-06 07:51:40,908] {dag.py:1834} INFO - Sync 1 DAGs
[2023-12-06 07:51:40,919] {logging_mixin.py:109} INFO - [2023-12-06 07:51:40,919] {dag.py:2287} INFO - Setting next_dagrun for example_python_operator to None
[2023-12-06 07:51:40,930] {processor.py:170} INFO - Processing /home/airflow/.local/lib/python3.6/site-packages/airflow/example_dags/example_python_operator.py took 0.053 seconds
[2023-12-06 07:52:11,424] {processor.py:162} INFO - Started process (PID=2836) to work on /home/airflow/.local/lib/python3.6/site-packages/airflow/example_dags/example_python_operator.py
[2023-12-06 07:52:11,425] {processor.py:613} INFO - Processing file /home/airflow/.local/lib/python3.6/site-packages/airflow/example_dags/example_python_operator.py for tasks to queue
[2023-12-06 07:52:11,426] {logging_mixin.py:109} INFO - [2023-12-06 07:52:11,426] {dagbag.py:496} INFO - Filling up the DagBag from /home/airflow/.local/lib/python3.6/site-packages/airflow/example_dags/example_python_operator.py
[2023-12-06 07:52:11,435] {processor.py:623} INFO - DAG(s) dict_keys(['example_python_operator']) retrieved from /home/airflow/.local/lib/python3.6/site-packages/airflow/example_dags/example_python_operator.py
[2023-12-06 07:52:11,453] {logging_mixin.py:109} INFO - [2023-12-06 07:52:11,453] {dag.py:1834} INFO - Sync 1 DAGs
[2023-12-06 07:52:11,463] {logging_mixin.py:109} INFO - [2023-12-06 07:52:11,463] {dag.py:2287} INFO - Setting next_dagrun for example_python_operator to None
[2023-12-06 07:52:11,473] {processor.py:170} INFO - Processing /home/airflow/.local/lib/python3.6/site-packages/airflow/example_dags/example_python_operator.py took 0.051 seconds
[2023-12-06 07:52:41,866] {processor.py:162} INFO - Started process (PID=3031) to work on /home/airflow/.local/lib/python3.6/site-packages/airflow/example_dags/example_python_operator.py
[2023-12-06 07:52:41,867] {processor.py:613} INFO - Processing file /home/airflow/.local/lib/python3.6/site-packages/airflow/example_dags/example_python_operator.py for tasks to queue
[2023-12-06 07:52:41,867] {logging_mixin.py:109} INFO - [2023-12-06 07:52:41,867] {dagbag.py:496} INFO - Filling up the DagBag from /home/airflow/.local/lib/python3.6/site-packages/airflow/example_dags/example_python_operator.py
[2023-12-06 07:52:41,877] {processor.py:623} INFO - DAG(s) dict_keys(['example_python_operator']) retrieved from /home/airflow/.local/lib/python3.6/site-packages/airflow/example_dags/example_python_operator.py
[2023-12-06 07:52:41,895] {logging_mixin.py:109} INFO - [2023-12-06 07:52:41,895] {dag.py:1834} INFO - Sync 1 DAGs
[2023-12-06 07:52:41,906] {logging_mixin.py:109} INFO - [2023-12-06 07:52:41,906] {dag.py:2287} INFO - Setting next_dagrun for example_python_operator to None
[2023-12-06 07:52:41,917] {processor.py:170} INFO - Processing /home/airflow/.local/lib/python3.6/site-packages/airflow/example_dags/example_python_operator.py took 0.054 seconds
[2023-12-06 07:53:12,425] {processor.py:162} INFO - Started process (PID=3236) to work on /home/airflow/.local/lib/python3.6/site-packages/airflow/example_dags/example_python_operator.py
[2023-12-06 07:53:12,427] {processor.py:613} INFO - Processing file /home/airflow/.local/lib/python3.6/site-packages/airflow/example_dags/example_python_operator.py for tasks to queue
[2023-12-06 07:53:12,428] {logging_mixin.py:109} INFO - [2023-12-06 07:53:12,427] {dagbag.py:496} INFO - Filling up the DagBag from /home/airflow/.local/lib/python3.6/site-packages/airflow/example_dags/example_python_operator.py
[2023-12-06 07:53:12,441] {processor.py:623} INFO - DAG(s) dict_keys(['example_python_operator']) retrieved from /home/airflow/.local/lib/python3.6/site-packages/airflow/example_dags/example_python_operator.py
[2023-12-06 07:53:12,458] {logging_mixin.py:109} INFO - [2023-12-06 07:53:12,458] {dag.py:1834} INFO - Sync 1 DAGs
[2023-12-06 07:53:12,472] {logging_mixin.py:109} INFO - [2023-12-06 07:53:12,472] {dag.py:2287} INFO - Setting next_dagrun for example_python_operator to None
[2023-12-06 07:53:12,484] {processor.py:170} INFO - Processing /home/airflow/.local/lib/python3.6/site-packages/airflow/example_dags/example_python_operator.py took 0.062 seconds
[2023-12-06 07:53:43,091] {processor.py:162} INFO - Started process (PID=3441) to work on /home/airflow/.local/lib/python3.6/site-packages/airflow/example_dags/example_python_operator.py
[2023-12-06 07:53:43,092] {processor.py:613} INFO - Processing file /home/airflow/.local/lib/python3.6/site-packages/airflow/example_dags/example_python_operator.py for tasks to queue
[2023-12-06 07:53:43,093] {logging_mixin.py:109} INFO - [2023-12-06 07:53:43,093] {dagbag.py:496} INFO - Filling up the DagBag from /home/airflow/.local/lib/python3.6/site-packages/airflow/example_dags/example_python_operator.py
[2023-12-06 07:53:43,102] {processor.py:623} INFO - DAG(s) dict_keys(['example_python_operator']) retrieved from /home/airflow/.local/lib/python3.6/site-packages/airflow/example_dags/example_python_operator.py
[2023-12-06 07:53:43,120] {logging_mixin.py:109} INFO - [2023-12-06 07:53:43,120] {dag.py:1834} INFO - Sync 1 DAGs
[2023-12-06 07:53:43,132] {logging_mixin.py:109} INFO - [2023-12-06 07:53:43,132] {dag.py:2287} INFO - Setting next_dagrun for example_python_operator to None
[2023-12-06 07:53:43,143] {processor.py:170} INFO - Processing /home/airflow/.local/lib/python3.6/site-packages/airflow/example_dags/example_python_operator.py took 0.054 seconds
[2023-12-06 07:54:13,735] {processor.py:162} INFO - Started process (PID=3636) to work on /home/airflow/.local/lib/python3.6/site-packages/airflow/example_dags/example_python_operator.py
[2023-12-06 07:54:13,735] {processor.py:613} INFO - Processing file /home/airflow/.local/lib/python3.6/site-packages/airflow/example_dags/example_python_operator.py for tasks to queue
[2023-12-06 07:54:13,736] {logging_mixin.py:109} INFO - [2023-12-06 07:54:13,736] {dagbag.py:496} INFO - Filling up the DagBag from /home/airflow/.local/lib/python3.6/site-packages/airflow/example_dags/example_python_operator.py
[2023-12-06 07:54:13,744] {processor.py:623} INFO - DAG(s) dict_keys(['example_python_operator']) retrieved from /home/airflow/.local/lib/python3.6/site-packages/airflow/example_dags/example_python_operator.py
[2023-12-06 07:54:13,761] {logging_mixin.py:109} INFO - [2023-12-06 07:54:13,761] {dag.py:1834} INFO - Sync 1 DAGs
[2023-12-06 07:54:13,772] {logging_mixin.py:109} INFO - [2023-12-06 07:54:13,772] {dag.py:2287} INFO - Setting next_dagrun for example_python_operator to None
[2023-12-06 07:54:13,782] {processor.py:170} INFO - Processing /home/airflow/.local/lib/python3.6/site-packages/airflow/example_dags/example_python_operator.py took 0.050 seconds
[2023-12-06 07:54:44,499] {processor.py:162} INFO - Started process (PID=3841) to work on /home/airflow/.local/lib/python3.6/site-packages/airflow/example_dags/example_python_operator.py
[2023-12-06 07:54:44,500] {processor.py:613} INFO - Processing file /home/airflow/.local/lib/python3.6/site-packages/airflow/example_dags/example_python_operator.py for tasks to queue
[2023-12-06 07:54:44,501] {logging_mixin.py:109} INFO - [2023-12-06 07:54:44,501] {dagbag.py:496} INFO - Filling up the DagBag from /home/airflow/.local/lib/python3.6/site-packages/airflow/example_dags/example_python_operator.py
[2023-12-06 07:54:44,510] {processor.py:623} INFO - DAG(s) dict_keys(['example_python_operator']) retrieved from /home/airflow/.local/lib/python3.6/site-packages/airflow/example_dags/example_python_operator.py
[2023-12-06 07:54:44,527] {logging_mixin.py:109} INFO - [2023-12-06 07:54:44,527] {dag.py:1834} INFO - Sync 1 DAGs
[2023-12-06 07:54:44,540] {logging_mixin.py:109} INFO - [2023-12-06 07:54:44,539] {dag.py:2287} INFO - Setting next_dagrun for example_python_operator to None
[2023-12-06 07:54:44,549] {processor.py:170} INFO - Processing /home/airflow/.local/lib/python3.6/site-packages/airflow/example_dags/example_python_operator.py took 0.052 seconds
[2023-12-06 07:55:15,159] {processor.py:162} INFO - Started process (PID=4045) to work on /home/airflow/.local/lib/python3.6/site-packages/airflow/example_dags/example_python_operator.py
[2023-12-06 07:55:15,160] {processor.py:613} INFO - Processing file /home/airflow/.local/lib/python3.6/site-packages/airflow/example_dags/example_python_operator.py for tasks to queue
[2023-12-06 07:55:15,160] {logging_mixin.py:109} INFO - [2023-12-06 07:55:15,160] {dagbag.py:496} INFO - Filling up the DagBag from /home/airflow/.local/lib/python3.6/site-packages/airflow/example_dags/example_python_operator.py
[2023-12-06 07:55:15,170] {processor.py:623} INFO - DAG(s) dict_keys(['example_python_operator']) retrieved from /home/airflow/.local/lib/python3.6/site-packages/airflow/example_dags/example_python_operator.py
[2023-12-06 07:55:15,190] {logging_mixin.py:109} INFO - [2023-12-06 07:55:15,190] {dag.py:1834} INFO - Sync 1 DAGs
[2023-12-06 07:55:15,200] {logging_mixin.py:109} INFO - [2023-12-06 07:55:15,200] {dag.py:2287} INFO - Setting next_dagrun for example_python_operator to None
[2023-12-06 07:55:15,210] {processor.py:170} INFO - Processing /home/airflow/.local/lib/python3.6/site-packages/airflow/example_dags/example_python_operator.py took 0.053 seconds
[2023-12-06 07:55:45,823] {processor.py:162} INFO - Started process (PID=4241) to work on /home/airflow/.local/lib/python3.6/site-packages/airflow/example_dags/example_python_operator.py
[2023-12-06 07:55:45,825] {processor.py:613} INFO - Processing file /home/airflow/.local/lib/python3.6/site-packages/airflow/example_dags/example_python_operator.py for tasks to queue
[2023-12-06 07:55:45,825] {logging_mixin.py:109} INFO - [2023-12-06 07:55:45,825] {dagbag.py:496} INFO - Filling up the DagBag from /home/airflow/.local/lib/python3.6/site-packages/airflow/example_dags/example_python_operator.py
[2023-12-06 07:55:45,834] {processor.py:623} INFO - DAG(s) dict_keys(['example_python_operator']) retrieved from /home/airflow/.local/lib/python3.6/site-packages/airflow/example_dags/example_python_operator.py
[2023-12-06 07:55:45,853] {logging_mixin.py:109} INFO - [2023-12-06 07:55:45,853] {dag.py:1834} INFO - Sync 1 DAGs
[2023-12-06 07:55:45,864] {logging_mixin.py:109} INFO - [2023-12-06 07:55:45,864] {dag.py:2287} INFO - Setting next_dagrun for example_python_operator to None
[2023-12-06 07:55:45,874] {processor.py:170} INFO - Processing /home/airflow/.local/lib/python3.6/site-packages/airflow/example_dags/example_python_operator.py took 0.053 seconds
[2023-12-06 07:56:16,517] {processor.py:162} INFO - Started process (PID=4446) to work on /home/airflow/.local/lib/python3.6/site-packages/airflow/example_dags/example_python_operator.py
[2023-12-06 07:56:16,518] {processor.py:613} INFO - Processing file /home/airflow/.local/lib/python3.6/site-packages/airflow/example_dags/example_python_operator.py for tasks to queue
[2023-12-06 07:56:16,519] {logging_mixin.py:109} INFO - [2023-12-06 07:56:16,519] {dagbag.py:496} INFO - Filling up the DagBag from /home/airflow/.local/lib/python3.6/site-packages/airflow/example_dags/example_python_operator.py
[2023-12-06 07:56:16,529] {processor.py:623} INFO - DAG(s) dict_keys(['example_python_operator']) retrieved from /home/airflow/.local/lib/python3.6/site-packages/airflow/example_dags/example_python_operator.py
[2023-12-06 07:56:16,545] {logging_mixin.py:109} INFO - [2023-12-06 07:56:16,545] {dag.py:1834} INFO - Sync 1 DAGs
[2023-12-06 07:56:16,555] {logging_mixin.py:109} INFO - [2023-12-06 07:56:16,555] {dag.py:2287} INFO - Setting next_dagrun for example_python_operator to None
[2023-12-06 07:56:16,565] {processor.py:170} INFO - Processing /home/airflow/.local/lib/python3.6/site-packages/airflow/example_dags/example_python_operator.py took 0.050 seconds
[2023-12-06 07:56:47,174] {processor.py:162} INFO - Started process (PID=4641) to work on /home/airflow/.local/lib/python3.6/site-packages/airflow/example_dags/example_python_operator.py
[2023-12-06 07:56:47,175] {processor.py:613} INFO - Processing file /home/airflow/.local/lib/python3.6/site-packages/airflow/example_dags/example_python_operator.py for tasks to queue
[2023-12-06 07:56:47,175] {logging_mixin.py:109} INFO - [2023-12-06 07:56:47,175] {dagbag.py:496} INFO - Filling up the DagBag from /home/airflow/.local/lib/python3.6/site-packages/airflow/example_dags/example_python_operator.py
[2023-12-06 07:56:47,185] {processor.py:623} INFO - DAG(s) dict_keys(['example_python_operator']) retrieved from /home/airflow/.local/lib/python3.6/site-packages/airflow/example_dags/example_python_operator.py
[2023-12-06 07:56:47,202] {logging_mixin.py:109} INFO - [2023-12-06 07:56:47,201] {dag.py:1834} INFO - Sync 1 DAGs
[2023-12-06 07:56:47,212] {logging_mixin.py:109} INFO - [2023-12-06 07:56:47,212] {dag.py:2287} INFO - Setting next_dagrun for example_python_operator to None
[2023-12-06 07:56:47,221] {processor.py:170} INFO - Processing /home/airflow/.local/lib/python3.6/site-packages/airflow/example_dags/example_python_operator.py took 0.049 seconds
[2023-12-06 07:57:17,742] {processor.py:162} INFO - Started process (PID=4846) to work on /home/airflow/.local/lib/python3.6/site-packages/airflow/example_dags/example_python_operator.py
[2023-12-06 07:57:17,743] {processor.py:613} INFO - Processing file /home/airflow/.local/lib/python3.6/site-packages/airflow/example_dags/example_python_operator.py for tasks to queue
[2023-12-06 07:57:17,744] {logging_mixin.py:109} INFO - [2023-12-06 07:57:17,744] {dagbag.py:496} INFO - Filling up the DagBag from /home/airflow/.local/lib/python3.6/site-packages/airflow/example_dags/example_python_operator.py
[2023-12-06 07:57:17,755] {processor.py:623} INFO - DAG(s) dict_keys(['example_python_operator']) retrieved from /home/airflow/.local/lib/python3.6/site-packages/airflow/example_dags/example_python_operator.py
[2023-12-06 07:57:17,772] {logging_mixin.py:109} INFO - [2023-12-06 07:57:17,772] {dag.py:1834} INFO - Sync 1 DAGs
[2023-12-06 07:57:17,782] {logging_mixin.py:109} INFO - [2023-12-06 07:57:17,782] {dag.py:2287} INFO - Setting next_dagrun for example_python_operator to None
[2023-12-06 07:57:17,794] {processor.py:170} INFO - Processing /home/airflow/.local/lib/python3.6/site-packages/airflow/example_dags/example_python_operator.py took 0.053 seconds
[2023-12-06 07:57:48,358] {processor.py:162} INFO - Started process (PID=5051) to work on /home/airflow/.local/lib/python3.6/site-packages/airflow/example_dags/example_python_operator.py
[2023-12-06 07:57:48,359] {processor.py:613} INFO - Processing file /home/airflow/.local/lib/python3.6/site-packages/airflow/example_dags/example_python_operator.py for tasks to queue
[2023-12-06 07:57:48,360] {logging_mixin.py:109} INFO - [2023-12-06 07:57:48,360] {dagbag.py:496} INFO - Filling up the DagBag from /home/airflow/.local/lib/python3.6/site-packages/airflow/example_dags/example_python_operator.py
[2023-12-06 07:57:48,370] {processor.py:623} INFO - DAG(s) dict_keys(['example_python_operator']) retrieved from /home/airflow/.local/lib/python3.6/site-packages/airflow/example_dags/example_python_operator.py
[2023-12-06 07:57:48,388] {logging_mixin.py:109} INFO - [2023-12-06 07:57:48,387] {dag.py:1834} INFO - Sync 1 DAGs
[2023-12-06 07:57:48,398] {logging_mixin.py:109} INFO - [2023-12-06 07:57:48,398] {dag.py:2287} INFO - Setting next_dagrun for example_python_operator to None
[2023-12-06 07:57:48,408] {processor.py:170} INFO - Processing /home/airflow/.local/lib/python3.6/site-packages/airflow/example_dags/example_python_operator.py took 0.052 seconds
[2023-12-06 07:58:19,075] {processor.py:162} INFO - Started process (PID=5249) to work on /home/airflow/.local/lib/python3.6/site-packages/airflow/example_dags/example_python_operator.py
[2023-12-06 07:58:19,077] {processor.py:613} INFO - Processing file /home/airflow/.local/lib/python3.6/site-packages/airflow/example_dags/example_python_operator.py for tasks to queue
[2023-12-06 07:58:19,077] {logging_mixin.py:109} INFO - [2023-12-06 07:58:19,077] {dagbag.py:496} INFO - Filling up the DagBag from /home/airflow/.local/lib/python3.6/site-packages/airflow/example_dags/example_python_operator.py
[2023-12-06 07:58:19,087] {processor.py:623} INFO - DAG(s) dict_keys(['example_python_operator']) retrieved from /home/airflow/.local/lib/python3.6/site-packages/airflow/example_dags/example_python_operator.py
[2023-12-06 07:58:19,107] {logging_mixin.py:109} INFO - [2023-12-06 07:58:19,107] {dag.py:1834} INFO - Sync 1 DAGs
[2023-12-06 07:58:19,117] {logging_mixin.py:109} INFO - [2023-12-06 07:58:19,117] {dag.py:2287} INFO - Setting next_dagrun for example_python_operator to None
[2023-12-06 07:58:19,127] {processor.py:170} INFO - Processing /home/airflow/.local/lib/python3.6/site-packages/airflow/example_dags/example_python_operator.py took 0.053 seconds
[2023-12-06 07:58:49,791] {processor.py:162} INFO - Started process (PID=5452) to work on /home/airflow/.local/lib/python3.6/site-packages/airflow/example_dags/example_python_operator.py
[2023-12-06 07:58:49,792] {processor.py:613} INFO - Processing file /home/airflow/.local/lib/python3.6/site-packages/airflow/example_dags/example_python_operator.py for tasks to queue
[2023-12-06 07:58:49,792] {logging_mixin.py:109} INFO - [2023-12-06 07:58:49,792] {dagbag.py:496} INFO - Filling up the DagBag from /home/airflow/.local/lib/python3.6/site-packages/airflow/example_dags/example_python_operator.py
[2023-12-06 07:58:49,802] {processor.py:623} INFO - DAG(s) dict_keys(['example_python_operator']) retrieved from /home/airflow/.local/lib/python3.6/site-packages/airflow/example_dags/example_python_operator.py
[2023-12-06 07:58:49,819] {logging_mixin.py:109} INFO - [2023-12-06 07:58:49,819] {dag.py:1834} INFO - Sync 1 DAGs
[2023-12-06 07:58:49,829] {logging_mixin.py:109} INFO - [2023-12-06 07:58:49,829] {dag.py:2287} INFO - Setting next_dagrun for example_python_operator to None
[2023-12-06 07:58:49,839] {processor.py:170} INFO - Processing /home/airflow/.local/lib/python3.6/site-packages/airflow/example_dags/example_python_operator.py took 0.051 seconds
[2023-12-06 07:59:20,457] {processor.py:162} INFO - Started process (PID=5657) to work on /home/airflow/.local/lib/python3.6/site-packages/airflow/example_dags/example_python_operator.py
[2023-12-06 07:59:20,458] {processor.py:613} INFO - Processing file /home/airflow/.local/lib/python3.6/site-packages/airflow/example_dags/example_python_operator.py for tasks to queue
[2023-12-06 07:59:20,459] {logging_mixin.py:109} INFO - [2023-12-06 07:59:20,458] {dagbag.py:496} INFO - Filling up the DagBag from /home/airflow/.local/lib/python3.6/site-packages/airflow/example_dags/example_python_operator.py
[2023-12-06 07:59:20,469] {processor.py:623} INFO - DAG(s) dict_keys(['example_python_operator']) retrieved from /home/airflow/.local/lib/python3.6/site-packages/airflow/example_dags/example_python_operator.py
[2023-12-06 07:59:20,486] {logging_mixin.py:109} INFO - [2023-12-06 07:59:20,486] {dag.py:1834} INFO - Sync 1 DAGs
[2023-12-06 07:59:20,497] {logging_mixin.py:109} INFO - [2023-12-06 07:59:20,497] {dag.py:2287} INFO - Setting next_dagrun for example_python_operator to None
[2023-12-06 07:59:20,507] {processor.py:170} INFO - Processing /home/airflow/.local/lib/python3.6/site-packages/airflow/example_dags/example_python_operator.py took 0.052 seconds
[2023-12-06 07:59:51,106] {processor.py:162} INFO - Started process (PID=5852) to work on /home/airflow/.local/lib/python3.6/site-packages/airflow/example_dags/example_python_operator.py
[2023-12-06 07:59:51,108] {processor.py:613} INFO - Processing file /home/airflow/.local/lib/python3.6/site-packages/airflow/example_dags/example_python_operator.py for tasks to queue
[2023-12-06 07:59:51,109] {logging_mixin.py:109} INFO - [2023-12-06 07:59:51,109] {dagbag.py:496} INFO - Filling up the DagBag from /home/airflow/.local/lib/python3.6/site-packages/airflow/example_dags/example_python_operator.py
[2023-12-06 07:59:51,119] {processor.py:623} INFO - DAG(s) dict_keys(['example_python_operator']) retrieved from /home/airflow/.local/lib/python3.6/site-packages/airflow/example_dags/example_python_operator.py
[2023-12-06 07:59:51,137] {logging_mixin.py:109} INFO - [2023-12-06 07:59:51,137] {dag.py:1834} INFO - Sync 1 DAGs
[2023-12-06 07:59:51,147] {logging_mixin.py:109} INFO - [2023-12-06 07:59:51,147] {dag.py:2287} INFO - Setting next_dagrun for example_python_operator to None
[2023-12-06 07:59:51,158] {processor.py:170} INFO - Processing /home/airflow/.local/lib/python3.6/site-packages/airflow/example_dags/example_python_operator.py took 0.054 seconds
[2023-12-06 08:00:21,895] {processor.py:162} INFO - Started process (PID=6144) to work on /home/airflow/.local/lib/python3.6/site-packages/airflow/example_dags/example_python_operator.py
[2023-12-06 08:00:21,897] {processor.py:613} INFO - Processing file /home/airflow/.local/lib/python3.6/site-packages/airflow/example_dags/example_python_operator.py for tasks to queue
[2023-12-06 08:00:21,898] {logging_mixin.py:109} INFO - [2023-12-06 08:00:21,897] {dagbag.py:496} INFO - Filling up the DagBag from /home/airflow/.local/lib/python3.6/site-packages/airflow/example_dags/example_python_operator.py
[2023-12-06 08:00:21,909] {processor.py:623} INFO - DAG(s) dict_keys(['example_python_operator']) retrieved from /home/airflow/.local/lib/python3.6/site-packages/airflow/example_dags/example_python_operator.py
[2023-12-06 08:00:21,927] {logging_mixin.py:109} INFO - [2023-12-06 08:00:21,927] {dag.py:1834} INFO - Sync 1 DAGs
[2023-12-06 08:00:21,938] {logging_mixin.py:109} INFO - [2023-12-06 08:00:21,938] {dag.py:2287} INFO - Setting next_dagrun for example_python_operator to None
[2023-12-06 08:00:21,948] {processor.py:170} INFO - Processing /home/airflow/.local/lib/python3.6/site-packages/airflow/example_dags/example_python_operator.py took 0.055 seconds
[2023-12-06 08:00:52,681] {processor.py:162} INFO - Started process (PID=6344) to work on /home/airflow/.local/lib/python3.6/site-packages/airflow/example_dags/example_python_operator.py
[2023-12-06 08:00:52,682] {processor.py:613} INFO - Processing file /home/airflow/.local/lib/python3.6/site-packages/airflow/example_dags/example_python_operator.py for tasks to queue
[2023-12-06 08:00:52,683] {logging_mixin.py:109} INFO - [2023-12-06 08:00:52,682] {dagbag.py:496} INFO - Filling up the DagBag from /home/airflow/.local/lib/python3.6/site-packages/airflow/example_dags/example_python_operator.py
[2023-12-06 08:00:52,693] {processor.py:623} INFO - DAG(s) dict_keys(['example_python_operator']) retrieved from /home/airflow/.local/lib/python3.6/site-packages/airflow/example_dags/example_python_operator.py
[2023-12-06 08:00:52,714] {logging_mixin.py:109} INFO - [2023-12-06 08:00:52,714] {dag.py:1834} INFO - Sync 1 DAGs
[2023-12-06 08:00:52,724] {logging_mixin.py:109} INFO - [2023-12-06 08:00:52,724] {dag.py:2287} INFO - Setting next_dagrun for example_python_operator to None
[2023-12-06 08:00:52,735] {processor.py:170} INFO - Processing /home/airflow/.local/lib/python3.6/site-packages/airflow/example_dags/example_python_operator.py took 0.055 seconds
[2023-12-06 08:01:23,472] {processor.py:162} INFO - Started process (PID=6542) to work on /home/airflow/.local/lib/python3.6/site-packages/airflow/example_dags/example_python_operator.py
[2023-12-06 08:01:23,473] {processor.py:613} INFO - Processing file /home/airflow/.local/lib/python3.6/site-packages/airflow/example_dags/example_python_operator.py for tasks to queue
[2023-12-06 08:01:23,474] {logging_mixin.py:109} INFO - [2023-12-06 08:01:23,474] {dagbag.py:496} INFO - Filling up the DagBag from /home/airflow/.local/lib/python3.6/site-packages/airflow/example_dags/example_python_operator.py
[2023-12-06 08:01:23,488] {processor.py:623} INFO - DAG(s) dict_keys(['example_python_operator']) retrieved from /home/airflow/.local/lib/python3.6/site-packages/airflow/example_dags/example_python_operator.py
[2023-12-06 08:01:23,505] {logging_mixin.py:109} INFO - [2023-12-06 08:01:23,505] {dag.py:1834} INFO - Sync 1 DAGs
[2023-12-06 08:01:23,516] {logging_mixin.py:109} INFO - [2023-12-06 08:01:23,516] {dag.py:2287} INFO - Setting next_dagrun for example_python_operator to None
[2023-12-06 08:01:23,526] {processor.py:170} INFO - Processing /home/airflow/.local/lib/python3.6/site-packages/airflow/example_dags/example_python_operator.py took 0.056 seconds
[2023-12-06 08:01:54,118] {processor.py:162} INFO - Started process (PID=6747) to work on /home/airflow/.local/lib/python3.6/site-packages/airflow/example_dags/example_python_operator.py
[2023-12-06 08:01:54,119] {processor.py:613} INFO - Processing file /home/airflow/.local/lib/python3.6/site-packages/airflow/example_dags/example_python_operator.py for tasks to queue
[2023-12-06 08:01:54,120] {logging_mixin.py:109} INFO - [2023-12-06 08:01:54,120] {dagbag.py:496} INFO - Filling up the DagBag from /home/airflow/.local/lib/python3.6/site-packages/airflow/example_dags/example_python_operator.py
[2023-12-06 08:01:54,130] {processor.py:623} INFO - DAG(s) dict_keys(['example_python_operator']) retrieved from /home/airflow/.local/lib/python3.6/site-packages/airflow/example_dags/example_python_operator.py
[2023-12-06 08:01:54,148] {logging_mixin.py:109} INFO - [2023-12-06 08:01:54,148] {dag.py:1834} INFO - Sync 1 DAGs
[2023-12-06 08:01:54,160] {logging_mixin.py:109} INFO - [2023-12-06 08:01:54,160] {dag.py:2287} INFO - Setting next_dagrun for example_python_operator to None
[2023-12-06 08:01:54,171] {processor.py:170} INFO - Processing /home/airflow/.local/lib/python3.6/site-packages/airflow/example_dags/example_python_operator.py took 0.055 seconds
[2023-12-06 08:02:24,694] {processor.py:162} INFO - Started process (PID=6943) to work on /home/airflow/.local/lib/python3.6/site-packages/airflow/example_dags/example_python_operator.py
[2023-12-06 08:02:24,695] {processor.py:613} INFO - Processing file /home/airflow/.local/lib/python3.6/site-packages/airflow/example_dags/example_python_operator.py for tasks to queue
[2023-12-06 08:02:24,695] {logging_mixin.py:109} INFO - [2023-12-06 08:02:24,695] {dagbag.py:496} INFO - Filling up the DagBag from /home/airflow/.local/lib/python3.6/site-packages/airflow/example_dags/example_python_operator.py
[2023-12-06 08:02:24,705] {processor.py:623} INFO - DAG(s) dict_keys(['example_python_operator']) retrieved from /home/airflow/.local/lib/python3.6/site-packages/airflow/example_dags/example_python_operator.py
[2023-12-06 08:02:24,721] {logging_mixin.py:109} INFO - [2023-12-06 08:02:24,721] {dag.py:1834} INFO - Sync 1 DAGs
[2023-12-06 08:02:24,732] {logging_mixin.py:109} INFO - [2023-12-06 08:02:24,731] {dag.py:2287} INFO - Setting next_dagrun for example_python_operator to None
[2023-12-06 08:02:24,742] {processor.py:170} INFO - Processing /home/airflow/.local/lib/python3.6/site-packages/airflow/example_dags/example_python_operator.py took 0.051 seconds
[2023-12-06 08:02:55,455] {processor.py:162} INFO - Started process (PID=7148) to work on /home/airflow/.local/lib/python3.6/site-packages/airflow/example_dags/example_python_operator.py
[2023-12-06 08:02:55,455] {processor.py:613} INFO - Processing file /home/airflow/.local/lib/python3.6/site-packages/airflow/example_dags/example_python_operator.py for tasks to queue
[2023-12-06 08:02:55,456] {logging_mixin.py:109} INFO - [2023-12-06 08:02:55,456] {dagbag.py:496} INFO - Filling up the DagBag from /home/airflow/.local/lib/python3.6/site-packages/airflow/example_dags/example_python_operator.py
[2023-12-06 08:02:55,466] {processor.py:623} INFO - DAG(s) dict_keys(['example_python_operator']) retrieved from /home/airflow/.local/lib/python3.6/site-packages/airflow/example_dags/example_python_operator.py
[2023-12-06 08:02:55,485] {logging_mixin.py:109} INFO - [2023-12-06 08:02:55,485] {dag.py:1834} INFO - Sync 1 DAGs
[2023-12-06 08:02:55,497] {logging_mixin.py:109} INFO - [2023-12-06 08:02:55,497] {dag.py:2287} INFO - Setting next_dagrun for example_python_operator to None
[2023-12-06 08:02:55,507] {processor.py:170} INFO - Processing /home/airflow/.local/lib/python3.6/site-packages/airflow/example_dags/example_python_operator.py took 0.054 seconds
[2023-12-06 08:03:26,139] {processor.py:162} INFO - Started process (PID=7354) to work on /home/airflow/.local/lib/python3.6/site-packages/airflow/example_dags/example_python_operator.py
[2023-12-06 08:03:26,141] {processor.py:613} INFO - Processing file /home/airflow/.local/lib/python3.6/site-packages/airflow/example_dags/example_python_operator.py for tasks to queue
[2023-12-06 08:03:26,142] {logging_mixin.py:109} INFO - [2023-12-06 08:03:26,141] {dagbag.py:496} INFO - Filling up the DagBag from /home/airflow/.local/lib/python3.6/site-packages/airflow/example_dags/example_python_operator.py
[2023-12-06 08:03:26,153] {processor.py:623} INFO - DAG(s) dict_keys(['example_python_operator']) retrieved from /home/airflow/.local/lib/python3.6/site-packages/airflow/example_dags/example_python_operator.py
[2023-12-06 08:03:26,172] {logging_mixin.py:109} INFO - [2023-12-06 08:03:26,172] {dag.py:1834} INFO - Sync 1 DAGs
[2023-12-06 08:03:26,181] {logging_mixin.py:109} INFO - [2023-12-06 08:03:26,181] {dag.py:2287} INFO - Setting next_dagrun for example_python_operator to None
[2023-12-06 08:03:26,192] {processor.py:170} INFO - Processing /home/airflow/.local/lib/python3.6/site-packages/airflow/example_dags/example_python_operator.py took 0.055 seconds
[2023-12-06 08:03:56,862] {processor.py:162} INFO - Started process (PID=7549) to work on /home/airflow/.local/lib/python3.6/site-packages/airflow/example_dags/example_python_operator.py
[2023-12-06 08:03:56,863] {processor.py:613} INFO - Processing file /home/airflow/.local/lib/python3.6/site-packages/airflow/example_dags/example_python_operator.py for tasks to queue
[2023-12-06 08:03:56,864] {logging_mixin.py:109} INFO - [2023-12-06 08:03:56,864] {dagbag.py:496} INFO - Filling up the DagBag from /home/airflow/.local/lib/python3.6/site-packages/airflow/example_dags/example_python_operator.py
[2023-12-06 08:03:56,873] {processor.py:623} INFO - DAG(s) dict_keys(['example_python_operator']) retrieved from /home/airflow/.local/lib/python3.6/site-packages/airflow/example_dags/example_python_operator.py
[2023-12-06 08:03:56,890] {logging_mixin.py:109} INFO - [2023-12-06 08:03:56,890] {dag.py:1834} INFO - Sync 1 DAGs
[2023-12-06 08:03:56,900] {logging_mixin.py:109} INFO - [2023-12-06 08:03:56,900] {dag.py:2287} INFO - Setting next_dagrun for example_python_operator to None
[2023-12-06 08:03:56,912] {processor.py:170} INFO - Processing /home/airflow/.local/lib/python3.6/site-packages/airflow/example_dags/example_python_operator.py took 0.051 seconds
[2023-12-06 08:04:27,331] {processor.py:162} INFO - Started process (PID=7754) to work on /home/airflow/.local/lib/python3.6/site-packages/airflow/example_dags/example_python_operator.py
[2023-12-06 08:04:27,332] {processor.py:613} INFO - Processing file /home/airflow/.local/lib/python3.6/site-packages/airflow/example_dags/example_python_operator.py for tasks to queue
[2023-12-06 08:04:27,333] {logging_mixin.py:109} INFO - [2023-12-06 08:04:27,333] {dagbag.py:496} INFO - Filling up the DagBag from /home/airflow/.local/lib/python3.6/site-packages/airflow/example_dags/example_python_operator.py
[2023-12-06 08:04:27,342] {processor.py:623} INFO - DAG(s) dict_keys(['example_python_operator']) retrieved from /home/airflow/.local/lib/python3.6/site-packages/airflow/example_dags/example_python_operator.py
[2023-12-06 08:04:27,359] {logging_mixin.py:109} INFO - [2023-12-06 08:04:27,359] {dag.py:1834} INFO - Sync 1 DAGs
[2023-12-06 08:04:27,369] {logging_mixin.py:109} INFO - [2023-12-06 08:04:27,369] {dag.py:2287} INFO - Setting next_dagrun for example_python_operator to None
[2023-12-06 08:04:27,379] {processor.py:170} INFO - Processing /home/airflow/.local/lib/python3.6/site-packages/airflow/example_dags/example_python_operator.py took 0.050 seconds
[2023-12-06 08:04:57,659] {processor.py:162} INFO - Started process (PID=7955) to work on /home/airflow/.local/lib/python3.6/site-packages/airflow/example_dags/example_python_operator.py
[2023-12-06 08:04:57,663] {processor.py:613} INFO - Processing file /home/airflow/.local/lib/python3.6/site-packages/airflow/example_dags/example_python_operator.py for tasks to queue
[2023-12-06 08:04:57,664] {logging_mixin.py:109} INFO - [2023-12-06 08:04:57,664] {dagbag.py:496} INFO - Filling up the DagBag from /home/airflow/.local/lib/python3.6/site-packages/airflow/example_dags/example_python_operator.py
[2023-12-06 08:04:57,689] {processor.py:623} INFO - DAG(s) dict_keys(['example_python_operator']) retrieved from /home/airflow/.local/lib/python3.6/site-packages/airflow/example_dags/example_python_operator.py
[2023-12-06 08:04:57,716] {logging_mixin.py:109} INFO - [2023-12-06 08:04:57,715] {dag.py:1834} INFO - Sync 1 DAGs
[2023-12-06 08:04:57,727] {logging_mixin.py:109} INFO - [2023-12-06 08:04:57,727] {dag.py:2287} INFO - Setting next_dagrun for example_python_operator to None
[2023-12-06 08:04:57,738] {processor.py:170} INFO - Processing /home/airflow/.local/lib/python3.6/site-packages/airflow/example_dags/example_python_operator.py took 0.082 seconds
[2023-12-06 08:05:28,431] {processor.py:162} INFO - Started process (PID=8153) to work on /home/airflow/.local/lib/python3.6/site-packages/airflow/example_dags/example_python_operator.py
[2023-12-06 08:05:28,432] {processor.py:613} INFO - Processing file /home/airflow/.local/lib/python3.6/site-packages/airflow/example_dags/example_python_operator.py for tasks to queue
[2023-12-06 08:05:28,432] {logging_mixin.py:109} INFO - [2023-12-06 08:05:28,432] {dagbag.py:496} INFO - Filling up the DagBag from /home/airflow/.local/lib/python3.6/site-packages/airflow/example_dags/example_python_operator.py
[2023-12-06 08:05:28,442] {processor.py:623} INFO - DAG(s) dict_keys(['example_python_operator']) retrieved from /home/airflow/.local/lib/python3.6/site-packages/airflow/example_dags/example_python_operator.py
[2023-12-06 08:05:28,460] {logging_mixin.py:109} INFO - [2023-12-06 08:05:28,460] {dag.py:1834} INFO - Sync 1 DAGs
[2023-12-06 08:05:28,470] {logging_mixin.py:109} INFO - [2023-12-06 08:05:28,470] {dag.py:2287} INFO - Setting next_dagrun for example_python_operator to None
[2023-12-06 08:05:28,480] {processor.py:170} INFO - Processing /home/airflow/.local/lib/python3.6/site-packages/airflow/example_dags/example_python_operator.py took 0.051 seconds
[2023-12-06 08:05:59,059] {processor.py:162} INFO - Started process (PID=8358) to work on /home/airflow/.local/lib/python3.6/site-packages/airflow/example_dags/example_python_operator.py
[2023-12-06 08:05:59,060] {processor.py:613} INFO - Processing file /home/airflow/.local/lib/python3.6/site-packages/airflow/example_dags/example_python_operator.py for tasks to queue
[2023-12-06 08:05:59,060] {logging_mixin.py:109} INFO - [2023-12-06 08:05:59,060] {dagbag.py:496} INFO - Filling up the DagBag from /home/airflow/.local/lib/python3.6/site-packages/airflow/example_dags/example_python_operator.py
[2023-12-06 08:05:59,070] {processor.py:623} INFO - DAG(s) dict_keys(['example_python_operator']) retrieved from /home/airflow/.local/lib/python3.6/site-packages/airflow/example_dags/example_python_operator.py
[2023-12-06 08:05:59,087] {logging_mixin.py:109} INFO - [2023-12-06 08:05:59,086] {dag.py:1834} INFO - Sync 1 DAGs
[2023-12-06 08:05:59,097] {logging_mixin.py:109} INFO - [2023-12-06 08:05:59,097] {dag.py:2287} INFO - Setting next_dagrun for example_python_operator to None
[2023-12-06 08:05:59,108] {processor.py:170} INFO - Processing /home/airflow/.local/lib/python3.6/site-packages/airflow/example_dags/example_python_operator.py took 0.051 seconds
[2023-12-06 08:06:29,791] {processor.py:162} INFO - Started process (PID=8555) to work on /home/airflow/.local/lib/python3.6/site-packages/airflow/example_dags/example_python_operator.py
[2023-12-06 08:06:29,793] {processor.py:613} INFO - Processing file /home/airflow/.local/lib/python3.6/site-packages/airflow/example_dags/example_python_operator.py for tasks to queue
[2023-12-06 08:06:29,793] {logging_mixin.py:109} INFO - [2023-12-06 08:06:29,793] {dagbag.py:496} INFO - Filling up the DagBag from /home/airflow/.local/lib/python3.6/site-packages/airflow/example_dags/example_python_operator.py
[2023-12-06 08:06:29,802] {processor.py:623} INFO - DAG(s) dict_keys(['example_python_operator']) retrieved from /home/airflow/.local/lib/python3.6/site-packages/airflow/example_dags/example_python_operator.py
[2023-12-06 08:06:29,819] {logging_mixin.py:109} INFO - [2023-12-06 08:06:29,819] {dag.py:1834} INFO - Sync 1 DAGs
[2023-12-06 08:06:29,830] {logging_mixin.py:109} INFO - [2023-12-06 08:06:29,830] {dag.py:2287} INFO - Setting next_dagrun for example_python_operator to None
[2023-12-06 08:06:29,841] {processor.py:170} INFO - Processing /home/airflow/.local/lib/python3.6/site-packages/airflow/example_dags/example_python_operator.py took 0.051 seconds
[2023-12-06 08:07:00,464] {processor.py:162} INFO - Started process (PID=8758) to work on /home/airflow/.local/lib/python3.6/site-packages/airflow/example_dags/example_python_operator.py
[2023-12-06 08:07:00,465] {processor.py:613} INFO - Processing file /home/airflow/.local/lib/python3.6/site-packages/airflow/example_dags/example_python_operator.py for tasks to queue
[2023-12-06 08:07:00,465] {logging_mixin.py:109} INFO - [2023-12-06 08:07:00,465] {dagbag.py:496} INFO - Filling up the DagBag from /home/airflow/.local/lib/python3.6/site-packages/airflow/example_dags/example_python_operator.py
[2023-12-06 08:07:00,474] {processor.py:623} INFO - DAG(s) dict_keys(['example_python_operator']) retrieved from /home/airflow/.local/lib/python3.6/site-packages/airflow/example_dags/example_python_operator.py
[2023-12-06 08:07:00,492] {logging_mixin.py:109} INFO - [2023-12-06 08:07:00,491] {dag.py:1834} INFO - Sync 1 DAGs
[2023-12-06 08:07:00,503] {logging_mixin.py:109} INFO - [2023-12-06 08:07:00,503] {dag.py:2287} INFO - Setting next_dagrun for example_python_operator to None
[2023-12-06 08:07:00,512] {processor.py:170} INFO - Processing /home/airflow/.local/lib/python3.6/site-packages/airflow/example_dags/example_python_operator.py took 0.050 seconds
[2023-12-06 08:07:30,922] {processor.py:162} INFO - Started process (PID=8963) to work on /home/airflow/.local/lib/python3.6/site-packages/airflow/example_dags/example_python_operator.py
[2023-12-06 08:07:30,923] {processor.py:613} INFO - Processing file /home/airflow/.local/lib/python3.6/site-packages/airflow/example_dags/example_python_operator.py for tasks to queue
[2023-12-06 08:07:30,924] {logging_mixin.py:109} INFO - [2023-12-06 08:07:30,924] {dagbag.py:496} INFO - Filling up the DagBag from /home/airflow/.local/lib/python3.6/site-packages/airflow/example_dags/example_python_operator.py
[2023-12-06 08:07:30,933] {processor.py:623} INFO - DAG(s) dict_keys(['example_python_operator']) retrieved from /home/airflow/.local/lib/python3.6/site-packages/airflow/example_dags/example_python_operator.py
[2023-12-06 08:07:30,951] {logging_mixin.py:109} INFO - [2023-12-06 08:07:30,951] {dag.py:1834} INFO - Sync 1 DAGs
[2023-12-06 08:07:30,962] {logging_mixin.py:109} INFO - [2023-12-06 08:07:30,962] {dag.py:2287} INFO - Setting next_dagrun for example_python_operator to None
[2023-12-06 08:07:30,971] {processor.py:170} INFO - Processing /home/airflow/.local/lib/python3.6/site-packages/airflow/example_dags/example_python_operator.py took 0.051 seconds
