[2023-12-06 07:46:05,211] {processor.py:162} INFO - Started process (PID=386) to work on /home/airflow/.local/lib/python3.6/site-packages/airflow/example_dags/example_latest_only_with_trigger.py
[2023-12-06 07:46:05,213] {processor.py:613} INFO - Processing file /home/airflow/.local/lib/python3.6/site-packages/airflow/example_dags/example_latest_only_with_trigger.py for tasks to queue
[2023-12-06 07:46:05,214] {logging_mixin.py:109} INFO - [2023-12-06 07:46:05,213] {dagbag.py:496} INFO - Filling up the DagBag from /home/airflow/.local/lib/python3.6/site-packages/airflow/example_dags/example_latest_only_with_trigger.py
[2023-12-06 07:46:05,224] {processor.py:623} INFO - DAG(s) dict_keys(['latest_only_with_trigger']) retrieved from /home/airflow/.local/lib/python3.6/site-packages/airflow/example_dags/example_latest_only_with_trigger.py
[2023-12-06 07:46:05,430] {logging_mixin.py:109} INFO - [2023-12-06 07:46:05,430] {dag.py:1834} INFO - Sync 1 DAGs
[2023-12-06 07:46:05,444] {logging_mixin.py:109} INFO - [2023-12-06 07:46:05,444] {dag.py:2287} INFO - Setting next_dagrun for latest_only_with_trigger to 2023-12-04 00:00:00+00:00
[2023-12-06 07:46:05,457] {processor.py:170} INFO - Processing /home/airflow/.local/lib/python3.6/site-packages/airflow/example_dags/example_latest_only_with_trigger.py took 0.249 seconds
[2023-12-06 07:46:36,389] {processor.py:162} INFO - Started process (PID=668) to work on /home/airflow/.local/lib/python3.6/site-packages/airflow/example_dags/example_latest_only_with_trigger.py
[2023-12-06 07:46:36,391] {processor.py:613} INFO - Processing file /home/airflow/.local/lib/python3.6/site-packages/airflow/example_dags/example_latest_only_with_trigger.py for tasks to queue
[2023-12-06 07:46:36,391] {logging_mixin.py:109} INFO - [2023-12-06 07:46:36,391] {dagbag.py:496} INFO - Filling up the DagBag from /home/airflow/.local/lib/python3.6/site-packages/airflow/example_dags/example_latest_only_with_trigger.py
[2023-12-06 07:46:36,402] {processor.py:623} INFO - DAG(s) dict_keys(['latest_only_with_trigger']) retrieved from /home/airflow/.local/lib/python3.6/site-packages/airflow/example_dags/example_latest_only_with_trigger.py
[2023-12-06 07:46:36,424] {logging_mixin.py:109} INFO - [2023-12-06 07:46:36,424] {dag.py:1834} INFO - Sync 1 DAGs
[2023-12-06 07:46:36,437] {logging_mixin.py:109} INFO - [2023-12-06 07:46:36,437] {dag.py:2287} INFO - Setting next_dagrun for latest_only_with_trigger to 2023-12-04 00:00:00+00:00
[2023-12-06 07:46:36,448] {processor.py:170} INFO - Processing /home/airflow/.local/lib/python3.6/site-packages/airflow/example_dags/example_latest_only_with_trigger.py took 0.061 seconds
[2023-12-06 07:47:07,065] {processor.py:162} INFO - Started process (PID=873) to work on /home/airflow/.local/lib/python3.6/site-packages/airflow/example_dags/example_latest_only_with_trigger.py
[2023-12-06 07:47:07,066] {processor.py:613} INFO - Processing file /home/airflow/.local/lib/python3.6/site-packages/airflow/example_dags/example_latest_only_with_trigger.py for tasks to queue
[2023-12-06 07:47:07,067] {logging_mixin.py:109} INFO - [2023-12-06 07:47:07,067] {dagbag.py:496} INFO - Filling up the DagBag from /home/airflow/.local/lib/python3.6/site-packages/airflow/example_dags/example_latest_only_with_trigger.py
[2023-12-06 07:47:07,076] {processor.py:623} INFO - DAG(s) dict_keys(['latest_only_with_trigger']) retrieved from /home/airflow/.local/lib/python3.6/site-packages/airflow/example_dags/example_latest_only_with_trigger.py
[2023-12-06 07:47:07,095] {logging_mixin.py:109} INFO - [2023-12-06 07:47:07,095] {dag.py:1834} INFO - Sync 1 DAGs
[2023-12-06 07:47:07,108] {logging_mixin.py:109} INFO - [2023-12-06 07:47:07,107] {dag.py:2287} INFO - Setting next_dagrun for latest_only_with_trigger to 2023-12-04 00:00:00+00:00
[2023-12-06 07:47:07,119] {processor.py:170} INFO - Processing /home/airflow/.local/lib/python3.6/site-packages/airflow/example_dags/example_latest_only_with_trigger.py took 0.056 seconds
[2023-12-06 07:47:37,625] {processor.py:162} INFO - Started process (PID=1068) to work on /home/airflow/.local/lib/python3.6/site-packages/airflow/example_dags/example_latest_only_with_trigger.py
[2023-12-06 07:47:37,627] {processor.py:613} INFO - Processing file /home/airflow/.local/lib/python3.6/site-packages/airflow/example_dags/example_latest_only_with_trigger.py for tasks to queue
[2023-12-06 07:47:37,627] {logging_mixin.py:109} INFO - [2023-12-06 07:47:37,627] {dagbag.py:496} INFO - Filling up the DagBag from /home/airflow/.local/lib/python3.6/site-packages/airflow/example_dags/example_latest_only_with_trigger.py
[2023-12-06 07:47:37,635] {processor.py:623} INFO - DAG(s) dict_keys(['latest_only_with_trigger']) retrieved from /home/airflow/.local/lib/python3.6/site-packages/airflow/example_dags/example_latest_only_with_trigger.py
[2023-12-06 07:47:37,652] {logging_mixin.py:109} INFO - [2023-12-06 07:47:37,652] {dag.py:1834} INFO - Sync 1 DAGs
[2023-12-06 07:47:37,663] {logging_mixin.py:109} INFO - [2023-12-06 07:47:37,663] {dag.py:2287} INFO - Setting next_dagrun for latest_only_with_trigger to 2023-12-04 00:00:00+00:00
[2023-12-06 07:47:37,672] {processor.py:170} INFO - Processing /home/airflow/.local/lib/python3.6/site-packages/airflow/example_dags/example_latest_only_with_trigger.py took 0.049 seconds
[2023-12-06 07:48:08,211] {processor.py:162} INFO - Started process (PID=1273) to work on /home/airflow/.local/lib/python3.6/site-packages/airflow/example_dags/example_latest_only_with_trigger.py
[2023-12-06 07:48:08,212] {processor.py:613} INFO - Processing file /home/airflow/.local/lib/python3.6/site-packages/airflow/example_dags/example_latest_only_with_trigger.py for tasks to queue
[2023-12-06 07:48:08,213] {logging_mixin.py:109} INFO - [2023-12-06 07:48:08,213] {dagbag.py:496} INFO - Filling up the DagBag from /home/airflow/.local/lib/python3.6/site-packages/airflow/example_dags/example_latest_only_with_trigger.py
[2023-12-06 07:48:08,221] {processor.py:623} INFO - DAG(s) dict_keys(['latest_only_with_trigger']) retrieved from /home/airflow/.local/lib/python3.6/site-packages/airflow/example_dags/example_latest_only_with_trigger.py
[2023-12-06 07:48:08,239] {logging_mixin.py:109} INFO - [2023-12-06 07:48:08,239] {dag.py:1834} INFO - Sync 1 DAGs
[2023-12-06 07:48:08,250] {logging_mixin.py:109} INFO - [2023-12-06 07:48:08,250] {dag.py:2287} INFO - Setting next_dagrun for latest_only_with_trigger to 2023-12-04 00:00:00+00:00
[2023-12-06 07:48:08,262] {processor.py:170} INFO - Processing /home/airflow/.local/lib/python3.6/site-packages/airflow/example_dags/example_latest_only_with_trigger.py took 0.052 seconds
[2023-12-06 07:48:38,905] {processor.py:162} INFO - Started process (PID=1478) to work on /home/airflow/.local/lib/python3.6/site-packages/airflow/example_dags/example_latest_only_with_trigger.py
[2023-12-06 07:48:38,908] {processor.py:613} INFO - Processing file /home/airflow/.local/lib/python3.6/site-packages/airflow/example_dags/example_latest_only_with_trigger.py for tasks to queue
[2023-12-06 07:48:38,908] {logging_mixin.py:109} INFO - [2023-12-06 07:48:38,908] {dagbag.py:496} INFO - Filling up the DagBag from /home/airflow/.local/lib/python3.6/site-packages/airflow/example_dags/example_latest_only_with_trigger.py
[2023-12-06 07:48:38,917] {processor.py:623} INFO - DAG(s) dict_keys(['latest_only_with_trigger']) retrieved from /home/airflow/.local/lib/python3.6/site-packages/airflow/example_dags/example_latest_only_with_trigger.py
[2023-12-06 07:48:38,934] {logging_mixin.py:109} INFO - [2023-12-06 07:48:38,934] {dag.py:1834} INFO - Sync 1 DAGs
[2023-12-06 07:48:38,945] {logging_mixin.py:109} INFO - [2023-12-06 07:48:38,945] {dag.py:2287} INFO - Setting next_dagrun for latest_only_with_trigger to 2023-12-04 00:00:00+00:00
[2023-12-06 07:48:38,958] {processor.py:170} INFO - Processing /home/airflow/.local/lib/python3.6/site-packages/airflow/example_dags/example_latest_only_with_trigger.py took 0.054 seconds
[2023-12-06 07:49:09,491] {processor.py:162} INFO - Started process (PID=1673) to work on /home/airflow/.local/lib/python3.6/site-packages/airflow/example_dags/example_latest_only_with_trigger.py
[2023-12-06 07:49:09,492] {processor.py:613} INFO - Processing file /home/airflow/.local/lib/python3.6/site-packages/airflow/example_dags/example_latest_only_with_trigger.py for tasks to queue
[2023-12-06 07:49:09,493] {logging_mixin.py:109} INFO - [2023-12-06 07:49:09,493] {dagbag.py:496} INFO - Filling up the DagBag from /home/airflow/.local/lib/python3.6/site-packages/airflow/example_dags/example_latest_only_with_trigger.py
[2023-12-06 07:49:09,502] {processor.py:623} INFO - DAG(s) dict_keys(['latest_only_with_trigger']) retrieved from /home/airflow/.local/lib/python3.6/site-packages/airflow/example_dags/example_latest_only_with_trigger.py
[2023-12-06 07:49:09,520] {logging_mixin.py:109} INFO - [2023-12-06 07:49:09,520] {dag.py:1834} INFO - Sync 1 DAGs
[2023-12-06 07:49:09,530] {logging_mixin.py:109} INFO - [2023-12-06 07:49:09,530] {dag.py:2287} INFO - Setting next_dagrun for latest_only_with_trigger to 2023-12-04 00:00:00+00:00
[2023-12-06 07:49:09,540] {processor.py:170} INFO - Processing /home/airflow/.local/lib/python3.6/site-packages/airflow/example_dags/example_latest_only_with_trigger.py took 0.051 seconds
[2023-12-06 07:49:40,173] {processor.py:162} INFO - Started process (PID=1878) to work on /home/airflow/.local/lib/python3.6/site-packages/airflow/example_dags/example_latest_only_with_trigger.py
[2023-12-06 07:49:40,174] {processor.py:613} INFO - Processing file /home/airflow/.local/lib/python3.6/site-packages/airflow/example_dags/example_latest_only_with_trigger.py for tasks to queue
[2023-12-06 07:49:40,175] {logging_mixin.py:109} INFO - [2023-12-06 07:49:40,175] {dagbag.py:496} INFO - Filling up the DagBag from /home/airflow/.local/lib/python3.6/site-packages/airflow/example_dags/example_latest_only_with_trigger.py
[2023-12-06 07:49:40,183] {processor.py:623} INFO - DAG(s) dict_keys(['latest_only_with_trigger']) retrieved from /home/airflow/.local/lib/python3.6/site-packages/airflow/example_dags/example_latest_only_with_trigger.py
[2023-12-06 07:49:40,202] {logging_mixin.py:109} INFO - [2023-12-06 07:49:40,202] {dag.py:1834} INFO - Sync 1 DAGs
[2023-12-06 07:49:40,212] {logging_mixin.py:109} INFO - [2023-12-06 07:49:40,212] {dag.py:2287} INFO - Setting next_dagrun for latest_only_with_trigger to 2023-12-04 00:00:00+00:00
[2023-12-06 07:49:40,223] {processor.py:170} INFO - Processing /home/airflow/.local/lib/python3.6/site-packages/airflow/example_dags/example_latest_only_with_trigger.py took 0.052 seconds
[2023-12-06 07:50:10,854] {processor.py:162} INFO - Started process (PID=2082) to work on /home/airflow/.local/lib/python3.6/site-packages/airflow/example_dags/example_latest_only_with_trigger.py
[2023-12-06 07:50:10,856] {processor.py:613} INFO - Processing file /home/airflow/.local/lib/python3.6/site-packages/airflow/example_dags/example_latest_only_with_trigger.py for tasks to queue
[2023-12-06 07:50:10,857] {logging_mixin.py:109} INFO - [2023-12-06 07:50:10,856] {dagbag.py:496} INFO - Filling up the DagBag from /home/airflow/.local/lib/python3.6/site-packages/airflow/example_dags/example_latest_only_with_trigger.py
[2023-12-06 07:50:10,868] {processor.py:623} INFO - DAG(s) dict_keys(['latest_only_with_trigger']) retrieved from /home/airflow/.local/lib/python3.6/site-packages/airflow/example_dags/example_latest_only_with_trigger.py
[2023-12-06 07:50:10,899] {logging_mixin.py:109} INFO - [2023-12-06 07:50:10,899] {dag.py:1834} INFO - Sync 1 DAGs
[2023-12-06 07:50:10,919] {logging_mixin.py:109} INFO - [2023-12-06 07:50:10,919] {dag.py:2287} INFO - Setting next_dagrun for latest_only_with_trigger to 2023-12-04 00:00:00+00:00
[2023-12-06 07:50:10,935] {processor.py:170} INFO - Processing /home/airflow/.local/lib/python3.6/site-packages/airflow/example_dags/example_latest_only_with_trigger.py took 0.084 seconds
[2023-12-06 07:50:41,292] {processor.py:162} INFO - Started process (PID=2278) to work on /home/airflow/.local/lib/python3.6/site-packages/airflow/example_dags/example_latest_only_with_trigger.py
[2023-12-06 07:50:41,293] {processor.py:613} INFO - Processing file /home/airflow/.local/lib/python3.6/site-packages/airflow/example_dags/example_latest_only_with_trigger.py for tasks to queue
[2023-12-06 07:50:41,294] {logging_mixin.py:109} INFO - [2023-12-06 07:50:41,294] {dagbag.py:496} INFO - Filling up the DagBag from /home/airflow/.local/lib/python3.6/site-packages/airflow/example_dags/example_latest_only_with_trigger.py
[2023-12-06 07:50:41,302] {processor.py:623} INFO - DAG(s) dict_keys(['latest_only_with_trigger']) retrieved from /home/airflow/.local/lib/python3.6/site-packages/airflow/example_dags/example_latest_only_with_trigger.py
[2023-12-06 07:50:41,319] {logging_mixin.py:109} INFO - [2023-12-06 07:50:41,318] {dag.py:1834} INFO - Sync 1 DAGs
[2023-12-06 07:50:41,329] {logging_mixin.py:109} INFO - [2023-12-06 07:50:41,329] {dag.py:2287} INFO - Setting next_dagrun for latest_only_with_trigger to 2023-12-04 00:00:00+00:00
[2023-12-06 07:50:41,339] {processor.py:170} INFO - Processing /home/airflow/.local/lib/python3.6/site-packages/airflow/example_dags/example_latest_only_with_trigger.py took 0.049 seconds
[2023-12-06 07:51:11,850] {processor.py:162} INFO - Started process (PID=2483) to work on /home/airflow/.local/lib/python3.6/site-packages/airflow/example_dags/example_latest_only_with_trigger.py
[2023-12-06 07:51:11,851] {processor.py:613} INFO - Processing file /home/airflow/.local/lib/python3.6/site-packages/airflow/example_dags/example_latest_only_with_trigger.py for tasks to queue
[2023-12-06 07:51:11,852] {logging_mixin.py:109} INFO - [2023-12-06 07:51:11,852] {dagbag.py:496} INFO - Filling up the DagBag from /home/airflow/.local/lib/python3.6/site-packages/airflow/example_dags/example_latest_only_with_trigger.py
[2023-12-06 07:51:11,861] {processor.py:623} INFO - DAG(s) dict_keys(['latest_only_with_trigger']) retrieved from /home/airflow/.local/lib/python3.6/site-packages/airflow/example_dags/example_latest_only_with_trigger.py
[2023-12-06 07:51:11,881] {logging_mixin.py:109} INFO - [2023-12-06 07:51:11,881] {dag.py:1834} INFO - Sync 1 DAGs
[2023-12-06 07:51:11,891] {logging_mixin.py:109} INFO - [2023-12-06 07:51:11,891] {dag.py:2287} INFO - Setting next_dagrun for latest_only_with_trigger to 2023-12-04 00:00:00+00:00
[2023-12-06 07:51:11,904] {processor.py:170} INFO - Processing /home/airflow/.local/lib/python3.6/site-packages/airflow/example_dags/example_latest_only_with_trigger.py took 0.056 seconds
[2023-12-06 07:51:42,375] {processor.py:162} INFO - Started process (PID=2678) to work on /home/airflow/.local/lib/python3.6/site-packages/airflow/example_dags/example_latest_only_with_trigger.py
[2023-12-06 07:51:42,376] {processor.py:613} INFO - Processing file /home/airflow/.local/lib/python3.6/site-packages/airflow/example_dags/example_latest_only_with_trigger.py for tasks to queue
[2023-12-06 07:51:42,376] {logging_mixin.py:109} INFO - [2023-12-06 07:51:42,376] {dagbag.py:496} INFO - Filling up the DagBag from /home/airflow/.local/lib/python3.6/site-packages/airflow/example_dags/example_latest_only_with_trigger.py
[2023-12-06 07:51:42,385] {processor.py:623} INFO - DAG(s) dict_keys(['latest_only_with_trigger']) retrieved from /home/airflow/.local/lib/python3.6/site-packages/airflow/example_dags/example_latest_only_with_trigger.py
[2023-12-06 07:51:42,402] {logging_mixin.py:109} INFO - [2023-12-06 07:51:42,402] {dag.py:1834} INFO - Sync 1 DAGs
[2023-12-06 07:51:42,413] {logging_mixin.py:109} INFO - [2023-12-06 07:51:42,413] {dag.py:2287} INFO - Setting next_dagrun for latest_only_with_trigger to 2023-12-04 00:00:00+00:00
[2023-12-06 07:51:42,424] {processor.py:170} INFO - Processing /home/airflow/.local/lib/python3.6/site-packages/airflow/example_dags/example_latest_only_with_trigger.py took 0.051 seconds
[2023-12-06 07:52:12,907] {processor.py:162} INFO - Started process (PID=2883) to work on /home/airflow/.local/lib/python3.6/site-packages/airflow/example_dags/example_latest_only_with_trigger.py
[2023-12-06 07:52:12,909] {processor.py:613} INFO - Processing file /home/airflow/.local/lib/python3.6/site-packages/airflow/example_dags/example_latest_only_with_trigger.py for tasks to queue
[2023-12-06 07:52:12,910] {logging_mixin.py:109} INFO - [2023-12-06 07:52:12,909] {dagbag.py:496} INFO - Filling up the DagBag from /home/airflow/.local/lib/python3.6/site-packages/airflow/example_dags/example_latest_only_with_trigger.py
[2023-12-06 07:52:12,918] {processor.py:623} INFO - DAG(s) dict_keys(['latest_only_with_trigger']) retrieved from /home/airflow/.local/lib/python3.6/site-packages/airflow/example_dags/example_latest_only_with_trigger.py
[2023-12-06 07:52:12,934] {logging_mixin.py:109} INFO - [2023-12-06 07:52:12,934] {dag.py:1834} INFO - Sync 1 DAGs
[2023-12-06 07:52:12,946] {logging_mixin.py:109} INFO - [2023-12-06 07:52:12,946] {dag.py:2287} INFO - Setting next_dagrun for latest_only_with_trigger to 2023-12-04 00:00:00+00:00
[2023-12-06 07:52:12,958] {processor.py:170} INFO - Processing /home/airflow/.local/lib/python3.6/site-packages/airflow/example_dags/example_latest_only_with_trigger.py took 0.053 seconds
[2023-12-06 07:52:43,360] {processor.py:162} INFO - Started process (PID=3088) to work on /home/airflow/.local/lib/python3.6/site-packages/airflow/example_dags/example_latest_only_with_trigger.py
[2023-12-06 07:52:43,361] {processor.py:613} INFO - Processing file /home/airflow/.local/lib/python3.6/site-packages/airflow/example_dags/example_latest_only_with_trigger.py for tasks to queue
[2023-12-06 07:52:43,361] {logging_mixin.py:109} INFO - [2023-12-06 07:52:43,361] {dagbag.py:496} INFO - Filling up the DagBag from /home/airflow/.local/lib/python3.6/site-packages/airflow/example_dags/example_latest_only_with_trigger.py
[2023-12-06 07:52:43,370] {processor.py:623} INFO - DAG(s) dict_keys(['latest_only_with_trigger']) retrieved from /home/airflow/.local/lib/python3.6/site-packages/airflow/example_dags/example_latest_only_with_trigger.py
[2023-12-06 07:52:43,388] {logging_mixin.py:109} INFO - [2023-12-06 07:52:43,388] {dag.py:1834} INFO - Sync 1 DAGs
[2023-12-06 07:52:43,399] {logging_mixin.py:109} INFO - [2023-12-06 07:52:43,399] {dag.py:2287} INFO - Setting next_dagrun for latest_only_with_trigger to 2023-12-04 00:00:00+00:00
[2023-12-06 07:52:43,411] {processor.py:170} INFO - Processing /home/airflow/.local/lib/python3.6/site-packages/airflow/example_dags/example_latest_only_with_trigger.py took 0.053 seconds
[2023-12-06 07:53:13,785] {processor.py:162} INFO - Started process (PID=3283) to work on /home/airflow/.local/lib/python3.6/site-packages/airflow/example_dags/example_latest_only_with_trigger.py
[2023-12-06 07:53:13,787] {processor.py:613} INFO - Processing file /home/airflow/.local/lib/python3.6/site-packages/airflow/example_dags/example_latest_only_with_trigger.py for tasks to queue
[2023-12-06 07:53:13,788] {logging_mixin.py:109} INFO - [2023-12-06 07:53:13,788] {dagbag.py:496} INFO - Filling up the DagBag from /home/airflow/.local/lib/python3.6/site-packages/airflow/example_dags/example_latest_only_with_trigger.py
[2023-12-06 07:53:13,795] {processor.py:623} INFO - DAG(s) dict_keys(['latest_only_with_trigger']) retrieved from /home/airflow/.local/lib/python3.6/site-packages/airflow/example_dags/example_latest_only_with_trigger.py
[2023-12-06 07:53:13,812] {logging_mixin.py:109} INFO - [2023-12-06 07:53:13,812] {dag.py:1834} INFO - Sync 1 DAGs
[2023-12-06 07:53:13,823] {logging_mixin.py:109} INFO - [2023-12-06 07:53:13,823] {dag.py:2287} INFO - Setting next_dagrun for latest_only_with_trigger to 2023-12-04 00:00:00+00:00
[2023-12-06 07:53:13,833] {processor.py:170} INFO - Processing /home/airflow/.local/lib/python3.6/site-packages/airflow/example_dags/example_latest_only_with_trigger.py took 0.049 seconds
[2023-12-06 07:53:44,568] {processor.py:162} INFO - Started process (PID=3488) to work on /home/airflow/.local/lib/python3.6/site-packages/airflow/example_dags/example_latest_only_with_trigger.py
[2023-12-06 07:53:44,569] {processor.py:613} INFO - Processing file /home/airflow/.local/lib/python3.6/site-packages/airflow/example_dags/example_latest_only_with_trigger.py for tasks to queue
[2023-12-06 07:53:44,569] {logging_mixin.py:109} INFO - [2023-12-06 07:53:44,569] {dagbag.py:496} INFO - Filling up the DagBag from /home/airflow/.local/lib/python3.6/site-packages/airflow/example_dags/example_latest_only_with_trigger.py
[2023-12-06 07:53:44,577] {processor.py:623} INFO - DAG(s) dict_keys(['latest_only_with_trigger']) retrieved from /home/airflow/.local/lib/python3.6/site-packages/airflow/example_dags/example_latest_only_with_trigger.py
[2023-12-06 07:53:44,596] {logging_mixin.py:109} INFO - [2023-12-06 07:53:44,596] {dag.py:1834} INFO - Sync 1 DAGs
[2023-12-06 07:53:44,608] {logging_mixin.py:109} INFO - [2023-12-06 07:53:44,608] {dag.py:2287} INFO - Setting next_dagrun for latest_only_with_trigger to 2023-12-04 00:00:00+00:00
[2023-12-06 07:53:44,618] {processor.py:170} INFO - Processing /home/airflow/.local/lib/python3.6/site-packages/airflow/example_dags/example_latest_only_with_trigger.py took 0.052 seconds
[2023-12-06 07:54:15,285] {processor.py:162} INFO - Started process (PID=3683) to work on /home/airflow/.local/lib/python3.6/site-packages/airflow/example_dags/example_latest_only_with_trigger.py
[2023-12-06 07:54:15,286] {processor.py:613} INFO - Processing file /home/airflow/.local/lib/python3.6/site-packages/airflow/example_dags/example_latest_only_with_trigger.py for tasks to queue
[2023-12-06 07:54:15,286] {logging_mixin.py:109} INFO - [2023-12-06 07:54:15,286] {dagbag.py:496} INFO - Filling up the DagBag from /home/airflow/.local/lib/python3.6/site-packages/airflow/example_dags/example_latest_only_with_trigger.py
[2023-12-06 07:54:15,295] {processor.py:623} INFO - DAG(s) dict_keys(['latest_only_with_trigger']) retrieved from /home/airflow/.local/lib/python3.6/site-packages/airflow/example_dags/example_latest_only_with_trigger.py
[2023-12-06 07:54:15,313] {logging_mixin.py:109} INFO - [2023-12-06 07:54:15,313] {dag.py:1834} INFO - Sync 1 DAGs
[2023-12-06 07:54:15,325] {logging_mixin.py:109} INFO - [2023-12-06 07:54:15,325] {dag.py:2287} INFO - Setting next_dagrun for latest_only_with_trigger to 2023-12-04 00:00:00+00:00
[2023-12-06 07:54:15,336] {processor.py:170} INFO - Processing /home/airflow/.local/lib/python3.6/site-packages/airflow/example_dags/example_latest_only_with_trigger.py took 0.053 seconds
[2023-12-06 07:54:45,915] {processor.py:162} INFO - Started process (PID=3888) to work on /home/airflow/.local/lib/python3.6/site-packages/airflow/example_dags/example_latest_only_with_trigger.py
[2023-12-06 07:54:45,915] {processor.py:613} INFO - Processing file /home/airflow/.local/lib/python3.6/site-packages/airflow/example_dags/example_latest_only_with_trigger.py for tasks to queue
[2023-12-06 07:54:45,916] {logging_mixin.py:109} INFO - [2023-12-06 07:54:45,916] {dagbag.py:496} INFO - Filling up the DagBag from /home/airflow/.local/lib/python3.6/site-packages/airflow/example_dags/example_latest_only_with_trigger.py
[2023-12-06 07:54:45,924] {processor.py:623} INFO - DAG(s) dict_keys(['latest_only_with_trigger']) retrieved from /home/airflow/.local/lib/python3.6/site-packages/airflow/example_dags/example_latest_only_with_trigger.py
[2023-12-06 07:54:45,941] {logging_mixin.py:109} INFO - [2023-12-06 07:54:45,941] {dag.py:1834} INFO - Sync 1 DAGs
[2023-12-06 07:54:45,953] {logging_mixin.py:109} INFO - [2023-12-06 07:54:45,953] {dag.py:2287} INFO - Setting next_dagrun for latest_only_with_trigger to 2023-12-04 00:00:00+00:00
[2023-12-06 07:54:45,964] {processor.py:170} INFO - Processing /home/airflow/.local/lib/python3.6/site-packages/airflow/example_dags/example_latest_only_with_trigger.py took 0.051 seconds
[2023-12-06 07:55:16,631] {processor.py:162} INFO - Started process (PID=4093) to work on /home/airflow/.local/lib/python3.6/site-packages/airflow/example_dags/example_latest_only_with_trigger.py
[2023-12-06 07:55:16,632] {processor.py:613} INFO - Processing file /home/airflow/.local/lib/python3.6/site-packages/airflow/example_dags/example_latest_only_with_trigger.py for tasks to queue
[2023-12-06 07:55:16,633] {logging_mixin.py:109} INFO - [2023-12-06 07:55:16,633] {dagbag.py:496} INFO - Filling up the DagBag from /home/airflow/.local/lib/python3.6/site-packages/airflow/example_dags/example_latest_only_with_trigger.py
[2023-12-06 07:55:16,641] {processor.py:623} INFO - DAG(s) dict_keys(['latest_only_with_trigger']) retrieved from /home/airflow/.local/lib/python3.6/site-packages/airflow/example_dags/example_latest_only_with_trigger.py
[2023-12-06 07:55:16,658] {logging_mixin.py:109} INFO - [2023-12-06 07:55:16,658] {dag.py:1834} INFO - Sync 1 DAGs
[2023-12-06 07:55:16,669] {logging_mixin.py:109} INFO - [2023-12-06 07:55:16,669] {dag.py:2287} INFO - Setting next_dagrun for latest_only_with_trigger to 2023-12-04 00:00:00+00:00
[2023-12-06 07:55:16,680] {processor.py:170} INFO - Processing /home/airflow/.local/lib/python3.6/site-packages/airflow/example_dags/example_latest_only_with_trigger.py took 0.051 seconds
[2023-12-06 07:55:47,278] {processor.py:162} INFO - Started process (PID=4288) to work on /home/airflow/.local/lib/python3.6/site-packages/airflow/example_dags/example_latest_only_with_trigger.py
[2023-12-06 07:55:47,279] {processor.py:613} INFO - Processing file /home/airflow/.local/lib/python3.6/site-packages/airflow/example_dags/example_latest_only_with_trigger.py for tasks to queue
[2023-12-06 07:55:47,279] {logging_mixin.py:109} INFO - [2023-12-06 07:55:47,279] {dagbag.py:496} INFO - Filling up the DagBag from /home/airflow/.local/lib/python3.6/site-packages/airflow/example_dags/example_latest_only_with_trigger.py
[2023-12-06 07:55:47,287] {processor.py:623} INFO - DAG(s) dict_keys(['latest_only_with_trigger']) retrieved from /home/airflow/.local/lib/python3.6/site-packages/airflow/example_dags/example_latest_only_with_trigger.py
[2023-12-06 07:55:47,304] {logging_mixin.py:109} INFO - [2023-12-06 07:55:47,304] {dag.py:1834} INFO - Sync 1 DAGs
[2023-12-06 07:55:47,316] {logging_mixin.py:109} INFO - [2023-12-06 07:55:47,316] {dag.py:2287} INFO - Setting next_dagrun for latest_only_with_trigger to 2023-12-04 00:00:00+00:00
[2023-12-06 07:55:47,328] {processor.py:170} INFO - Processing /home/airflow/.local/lib/python3.6/site-packages/airflow/example_dags/example_latest_only_with_trigger.py took 0.052 seconds
[2023-12-06 07:56:18,012] {processor.py:162} INFO - Started process (PID=4493) to work on /home/airflow/.local/lib/python3.6/site-packages/airflow/example_dags/example_latest_only_with_trigger.py
[2023-12-06 07:56:18,013] {processor.py:613} INFO - Processing file /home/airflow/.local/lib/python3.6/site-packages/airflow/example_dags/example_latest_only_with_trigger.py for tasks to queue
[2023-12-06 07:56:18,014] {logging_mixin.py:109} INFO - [2023-12-06 07:56:18,014] {dagbag.py:496} INFO - Filling up the DagBag from /home/airflow/.local/lib/python3.6/site-packages/airflow/example_dags/example_latest_only_with_trigger.py
[2023-12-06 07:56:18,022] {processor.py:623} INFO - DAG(s) dict_keys(['latest_only_with_trigger']) retrieved from /home/airflow/.local/lib/python3.6/site-packages/airflow/example_dags/example_latest_only_with_trigger.py
[2023-12-06 07:56:18,040] {logging_mixin.py:109} INFO - [2023-12-06 07:56:18,040] {dag.py:1834} INFO - Sync 1 DAGs
[2023-12-06 07:56:18,051] {logging_mixin.py:109} INFO - [2023-12-06 07:56:18,050] {dag.py:2287} INFO - Setting next_dagrun for latest_only_with_trigger to 2023-12-04 00:00:00+00:00
[2023-12-06 07:56:18,060] {processor.py:170} INFO - Processing /home/airflow/.local/lib/python3.6/site-packages/airflow/example_dags/example_latest_only_with_trigger.py took 0.050 seconds
[2023-12-06 07:56:48,591] {processor.py:162} INFO - Started process (PID=4698) to work on /home/airflow/.local/lib/python3.6/site-packages/airflow/example_dags/example_latest_only_with_trigger.py
[2023-12-06 07:56:48,592] {processor.py:613} INFO - Processing file /home/airflow/.local/lib/python3.6/site-packages/airflow/example_dags/example_latest_only_with_trigger.py for tasks to queue
[2023-12-06 07:56:48,592] {logging_mixin.py:109} INFO - [2023-12-06 07:56:48,592] {dagbag.py:496} INFO - Filling up the DagBag from /home/airflow/.local/lib/python3.6/site-packages/airflow/example_dags/example_latest_only_with_trigger.py
[2023-12-06 07:56:48,600] {processor.py:623} INFO - DAG(s) dict_keys(['latest_only_with_trigger']) retrieved from /home/airflow/.local/lib/python3.6/site-packages/airflow/example_dags/example_latest_only_with_trigger.py
[2023-12-06 07:56:48,619] {logging_mixin.py:109} INFO - [2023-12-06 07:56:48,619] {dag.py:1834} INFO - Sync 1 DAGs
[2023-12-06 07:56:48,630] {logging_mixin.py:109} INFO - [2023-12-06 07:56:48,630] {dag.py:2287} INFO - Setting next_dagrun for latest_only_with_trigger to 2023-12-04 00:00:00+00:00
[2023-12-06 07:56:48,639] {processor.py:170} INFO - Processing /home/airflow/.local/lib/python3.6/site-packages/airflow/example_dags/example_latest_only_with_trigger.py took 0.050 seconds
[2023-12-06 07:57:19,201] {processor.py:162} INFO - Started process (PID=4893) to work on /home/airflow/.local/lib/python3.6/site-packages/airflow/example_dags/example_latest_only_with_trigger.py
[2023-12-06 07:57:19,203] {processor.py:613} INFO - Processing file /home/airflow/.local/lib/python3.6/site-packages/airflow/example_dags/example_latest_only_with_trigger.py for tasks to queue
[2023-12-06 07:57:19,203] {logging_mixin.py:109} INFO - [2023-12-06 07:57:19,203] {dagbag.py:496} INFO - Filling up the DagBag from /home/airflow/.local/lib/python3.6/site-packages/airflow/example_dags/example_latest_only_with_trigger.py
[2023-12-06 07:57:19,211] {processor.py:623} INFO - DAG(s) dict_keys(['latest_only_with_trigger']) retrieved from /home/airflow/.local/lib/python3.6/site-packages/airflow/example_dags/example_latest_only_with_trigger.py
[2023-12-06 07:57:19,230] {logging_mixin.py:109} INFO - [2023-12-06 07:57:19,230] {dag.py:1834} INFO - Sync 1 DAGs
[2023-12-06 07:57:19,240] {logging_mixin.py:109} INFO - [2023-12-06 07:57:19,240] {dag.py:2287} INFO - Setting next_dagrun for latest_only_with_trigger to 2023-12-04 00:00:00+00:00
[2023-12-06 07:57:19,250] {processor.py:170} INFO - Processing /home/airflow/.local/lib/python3.6/site-packages/airflow/example_dags/example_latest_only_with_trigger.py took 0.051 seconds
[2023-12-06 07:57:49,820] {processor.py:162} INFO - Started process (PID=5098) to work on /home/airflow/.local/lib/python3.6/site-packages/airflow/example_dags/example_latest_only_with_trigger.py
[2023-12-06 07:57:49,822] {processor.py:613} INFO - Processing file /home/airflow/.local/lib/python3.6/site-packages/airflow/example_dags/example_latest_only_with_trigger.py for tasks to queue
[2023-12-06 07:57:49,823] {logging_mixin.py:109} INFO - [2023-12-06 07:57:49,822] {dagbag.py:496} INFO - Filling up the DagBag from /home/airflow/.local/lib/python3.6/site-packages/airflow/example_dags/example_latest_only_with_trigger.py
[2023-12-06 07:57:49,831] {processor.py:623} INFO - DAG(s) dict_keys(['latest_only_with_trigger']) retrieved from /home/airflow/.local/lib/python3.6/site-packages/airflow/example_dags/example_latest_only_with_trigger.py
[2023-12-06 07:57:49,848] {logging_mixin.py:109} INFO - [2023-12-06 07:57:49,848] {dag.py:1834} INFO - Sync 1 DAGs
[2023-12-06 07:57:49,858] {logging_mixin.py:109} INFO - [2023-12-06 07:57:49,858] {dag.py:2287} INFO - Setting next_dagrun for latest_only_with_trigger to 2023-12-04 00:00:00+00:00
[2023-12-06 07:57:49,868] {processor.py:170} INFO - Processing /home/airflow/.local/lib/python3.6/site-packages/airflow/example_dags/example_latest_only_with_trigger.py took 0.050 seconds
[2023-12-06 07:58:20,506] {processor.py:162} INFO - Started process (PID=5294) to work on /home/airflow/.local/lib/python3.6/site-packages/airflow/example_dags/example_latest_only_with_trigger.py
[2023-12-06 07:58:20,508] {processor.py:613} INFO - Processing file /home/airflow/.local/lib/python3.6/site-packages/airflow/example_dags/example_latest_only_with_trigger.py for tasks to queue
[2023-12-06 07:58:20,509] {logging_mixin.py:109} INFO - [2023-12-06 07:58:20,509] {dagbag.py:496} INFO - Filling up the DagBag from /home/airflow/.local/lib/python3.6/site-packages/airflow/example_dags/example_latest_only_with_trigger.py
[2023-12-06 07:58:20,518] {processor.py:623} INFO - DAG(s) dict_keys(['latest_only_with_trigger']) retrieved from /home/airflow/.local/lib/python3.6/site-packages/airflow/example_dags/example_latest_only_with_trigger.py
[2023-12-06 07:58:20,535] {logging_mixin.py:109} INFO - [2023-12-06 07:58:20,535] {dag.py:1834} INFO - Sync 1 DAGs
[2023-12-06 07:58:20,546] {logging_mixin.py:109} INFO - [2023-12-06 07:58:20,546] {dag.py:2287} INFO - Setting next_dagrun for latest_only_with_trigger to 2023-12-04 00:00:00+00:00
[2023-12-06 07:58:20,556] {processor.py:170} INFO - Processing /home/airflow/.local/lib/python3.6/site-packages/airflow/example_dags/example_latest_only_with_trigger.py took 0.052 seconds
[2023-12-06 07:58:51,270] {processor.py:162} INFO - Started process (PID=5499) to work on /home/airflow/.local/lib/python3.6/site-packages/airflow/example_dags/example_latest_only_with_trigger.py
[2023-12-06 07:58:51,271] {processor.py:613} INFO - Processing file /home/airflow/.local/lib/python3.6/site-packages/airflow/example_dags/example_latest_only_with_trigger.py for tasks to queue
[2023-12-06 07:58:51,272] {logging_mixin.py:109} INFO - [2023-12-06 07:58:51,272] {dagbag.py:496} INFO - Filling up the DagBag from /home/airflow/.local/lib/python3.6/site-packages/airflow/example_dags/example_latest_only_with_trigger.py
[2023-12-06 07:58:51,280] {processor.py:623} INFO - DAG(s) dict_keys(['latest_only_with_trigger']) retrieved from /home/airflow/.local/lib/python3.6/site-packages/airflow/example_dags/example_latest_only_with_trigger.py
[2023-12-06 07:58:51,298] {logging_mixin.py:109} INFO - [2023-12-06 07:58:51,298] {dag.py:1834} INFO - Sync 1 DAGs
[2023-12-06 07:58:51,309] {logging_mixin.py:109} INFO - [2023-12-06 07:58:51,309] {dag.py:2287} INFO - Setting next_dagrun for latest_only_with_trigger to 2023-12-04 00:00:00+00:00
[2023-12-06 07:58:51,320] {processor.py:170} INFO - Processing /home/airflow/.local/lib/python3.6/site-packages/airflow/example_dags/example_latest_only_with_trigger.py took 0.052 seconds
[2023-12-06 07:59:21,954] {processor.py:162} INFO - Started process (PID=5704) to work on /home/airflow/.local/lib/python3.6/site-packages/airflow/example_dags/example_latest_only_with_trigger.py
[2023-12-06 07:59:21,955] {processor.py:613} INFO - Processing file /home/airflow/.local/lib/python3.6/site-packages/airflow/example_dags/example_latest_only_with_trigger.py for tasks to queue
[2023-12-06 07:59:21,956] {logging_mixin.py:109} INFO - [2023-12-06 07:59:21,955] {dagbag.py:496} INFO - Filling up the DagBag from /home/airflow/.local/lib/python3.6/site-packages/airflow/example_dags/example_latest_only_with_trigger.py
[2023-12-06 07:59:21,969] {processor.py:623} INFO - DAG(s) dict_keys(['latest_only_with_trigger']) retrieved from /home/airflow/.local/lib/python3.6/site-packages/airflow/example_dags/example_latest_only_with_trigger.py
[2023-12-06 07:59:21,986] {logging_mixin.py:109} INFO - [2023-12-06 07:59:21,986] {dag.py:1834} INFO - Sync 1 DAGs
[2023-12-06 07:59:21,997] {logging_mixin.py:109} INFO - [2023-12-06 07:59:21,997] {dag.py:2287} INFO - Setting next_dagrun for latest_only_with_trigger to 2023-12-04 00:00:00+00:00
[2023-12-06 07:59:22,009] {processor.py:170} INFO - Processing /home/airflow/.local/lib/python3.6/site-packages/airflow/example_dags/example_latest_only_with_trigger.py took 0.059 seconds
[2023-12-06 07:59:52,573] {processor.py:162} INFO - Started process (PID=5899) to work on /home/airflow/.local/lib/python3.6/site-packages/airflow/example_dags/example_latest_only_with_trigger.py
[2023-12-06 07:59:52,574] {processor.py:613} INFO - Processing file /home/airflow/.local/lib/python3.6/site-packages/airflow/example_dags/example_latest_only_with_trigger.py for tasks to queue
[2023-12-06 07:59:52,575] {logging_mixin.py:109} INFO - [2023-12-06 07:59:52,575] {dagbag.py:496} INFO - Filling up the DagBag from /home/airflow/.local/lib/python3.6/site-packages/airflow/example_dags/example_latest_only_with_trigger.py
[2023-12-06 07:59:52,583] {processor.py:623} INFO - DAG(s) dict_keys(['latest_only_with_trigger']) retrieved from /home/airflow/.local/lib/python3.6/site-packages/airflow/example_dags/example_latest_only_with_trigger.py
[2023-12-06 07:59:52,601] {logging_mixin.py:109} INFO - [2023-12-06 07:59:52,601] {dag.py:1834} INFO - Sync 1 DAGs
[2023-12-06 07:59:52,613] {logging_mixin.py:109} INFO - [2023-12-06 07:59:52,613] {dag.py:2287} INFO - Setting next_dagrun for latest_only_with_trigger to 2023-12-04 00:00:00+00:00
[2023-12-06 07:59:52,624] {processor.py:170} INFO - Processing /home/airflow/.local/lib/python3.6/site-packages/airflow/example_dags/example_latest_only_with_trigger.py took 0.053 seconds
[2023-12-06 08:00:23,456] {processor.py:162} INFO - Started process (PID=6189) to work on /home/airflow/.local/lib/python3.6/site-packages/airflow/example_dags/example_latest_only_with_trigger.py
[2023-12-06 08:00:23,456] {processor.py:613} INFO - Processing file /home/airflow/.local/lib/python3.6/site-packages/airflow/example_dags/example_latest_only_with_trigger.py for tasks to queue
[2023-12-06 08:00:23,457] {logging_mixin.py:109} INFO - [2023-12-06 08:00:23,457] {dagbag.py:496} INFO - Filling up the DagBag from /home/airflow/.local/lib/python3.6/site-packages/airflow/example_dags/example_latest_only_with_trigger.py
[2023-12-06 08:00:23,466] {processor.py:623} INFO - DAG(s) dict_keys(['latest_only_with_trigger']) retrieved from /home/airflow/.local/lib/python3.6/site-packages/airflow/example_dags/example_latest_only_with_trigger.py
[2023-12-06 08:00:23,483] {logging_mixin.py:109} INFO - [2023-12-06 08:00:23,483] {dag.py:1834} INFO - Sync 1 DAGs
[2023-12-06 08:00:23,493] {logging_mixin.py:109} INFO - [2023-12-06 08:00:23,493] {dag.py:2287} INFO - Setting next_dagrun for latest_only_with_trigger to 2023-12-04 00:00:00+00:00
[2023-12-06 08:00:23,504] {processor.py:170} INFO - Processing /home/airflow/.local/lib/python3.6/site-packages/airflow/example_dags/example_latest_only_with_trigger.py took 0.050 seconds
[2023-12-06 08:00:54,260] {processor.py:162} INFO - Started process (PID=6394) to work on /home/airflow/.local/lib/python3.6/site-packages/airflow/example_dags/example_latest_only_with_trigger.py
[2023-12-06 08:00:54,261] {processor.py:613} INFO - Processing file /home/airflow/.local/lib/python3.6/site-packages/airflow/example_dags/example_latest_only_with_trigger.py for tasks to queue
[2023-12-06 08:00:54,262] {logging_mixin.py:109} INFO - [2023-12-06 08:00:54,261] {dagbag.py:496} INFO - Filling up the DagBag from /home/airflow/.local/lib/python3.6/site-packages/airflow/example_dags/example_latest_only_with_trigger.py
[2023-12-06 08:00:54,270] {processor.py:623} INFO - DAG(s) dict_keys(['latest_only_with_trigger']) retrieved from /home/airflow/.local/lib/python3.6/site-packages/airflow/example_dags/example_latest_only_with_trigger.py
[2023-12-06 08:00:54,286] {logging_mixin.py:109} INFO - [2023-12-06 08:00:54,286] {dag.py:1834} INFO - Sync 1 DAGs
[2023-12-06 08:00:54,298] {logging_mixin.py:109} INFO - [2023-12-06 08:00:54,297] {dag.py:2287} INFO - Setting next_dagrun for latest_only_with_trigger to 2023-12-04 00:00:00+00:00
[2023-12-06 08:00:54,307] {processor.py:170} INFO - Processing /home/airflow/.local/lib/python3.6/site-packages/airflow/example_dags/example_latest_only_with_trigger.py took 0.049 seconds
[2023-12-06 08:01:24,944] {processor.py:162} INFO - Started process (PID=6589) to work on /home/airflow/.local/lib/python3.6/site-packages/airflow/example_dags/example_latest_only_with_trigger.py
[2023-12-06 08:01:24,944] {processor.py:613} INFO - Processing file /home/airflow/.local/lib/python3.6/site-packages/airflow/example_dags/example_latest_only_with_trigger.py for tasks to queue
[2023-12-06 08:01:24,945] {logging_mixin.py:109} INFO - [2023-12-06 08:01:24,945] {dagbag.py:496} INFO - Filling up the DagBag from /home/airflow/.local/lib/python3.6/site-packages/airflow/example_dags/example_latest_only_with_trigger.py
[2023-12-06 08:01:24,953] {processor.py:623} INFO - DAG(s) dict_keys(['latest_only_with_trigger']) retrieved from /home/airflow/.local/lib/python3.6/site-packages/airflow/example_dags/example_latest_only_with_trigger.py
[2023-12-06 08:01:24,972] {logging_mixin.py:109} INFO - [2023-12-06 08:01:24,971] {dag.py:1834} INFO - Sync 1 DAGs
[2023-12-06 08:01:24,982] {logging_mixin.py:109} INFO - [2023-12-06 08:01:24,982] {dag.py:2287} INFO - Setting next_dagrun for latest_only_with_trigger to 2023-12-04 00:00:00+00:00
[2023-12-06 08:01:24,991] {processor.py:170} INFO - Processing /home/airflow/.local/lib/python3.6/site-packages/airflow/example_dags/example_latest_only_with_trigger.py took 0.050 seconds
[2023-12-06 08:01:55,590] {processor.py:162} INFO - Started process (PID=6794) to work on /home/airflow/.local/lib/python3.6/site-packages/airflow/example_dags/example_latest_only_with_trigger.py
[2023-12-06 08:01:55,591] {processor.py:613} INFO - Processing file /home/airflow/.local/lib/python3.6/site-packages/airflow/example_dags/example_latest_only_with_trigger.py for tasks to queue
[2023-12-06 08:01:55,592] {logging_mixin.py:109} INFO - [2023-12-06 08:01:55,592] {dagbag.py:496} INFO - Filling up the DagBag from /home/airflow/.local/lib/python3.6/site-packages/airflow/example_dags/example_latest_only_with_trigger.py
[2023-12-06 08:01:55,600] {processor.py:623} INFO - DAG(s) dict_keys(['latest_only_with_trigger']) retrieved from /home/airflow/.local/lib/python3.6/site-packages/airflow/example_dags/example_latest_only_with_trigger.py
[2023-12-06 08:01:55,617] {logging_mixin.py:109} INFO - [2023-12-06 08:01:55,617] {dag.py:1834} INFO - Sync 1 DAGs
[2023-12-06 08:01:55,627] {logging_mixin.py:109} INFO - [2023-12-06 08:01:55,627] {dag.py:2287} INFO - Setting next_dagrun for latest_only_with_trigger to 2023-12-04 00:00:00+00:00
[2023-12-06 08:01:55,638] {processor.py:170} INFO - Processing /home/airflow/.local/lib/python3.6/site-packages/airflow/example_dags/example_latest_only_with_trigger.py took 0.050 seconds
[2023-12-06 08:02:26,163] {processor.py:162} INFO - Started process (PID=6999) to work on /home/airflow/.local/lib/python3.6/site-packages/airflow/example_dags/example_latest_only_with_trigger.py
[2023-12-06 08:02:26,164] {processor.py:613} INFO - Processing file /home/airflow/.local/lib/python3.6/site-packages/airflow/example_dags/example_latest_only_with_trigger.py for tasks to queue
[2023-12-06 08:02:26,164] {logging_mixin.py:109} INFO - [2023-12-06 08:02:26,164] {dagbag.py:496} INFO - Filling up the DagBag from /home/airflow/.local/lib/python3.6/site-packages/airflow/example_dags/example_latest_only_with_trigger.py
[2023-12-06 08:02:26,172] {processor.py:623} INFO - DAG(s) dict_keys(['latest_only_with_trigger']) retrieved from /home/airflow/.local/lib/python3.6/site-packages/airflow/example_dags/example_latest_only_with_trigger.py
[2023-12-06 08:02:26,189] {logging_mixin.py:109} INFO - [2023-12-06 08:02:26,189] {dag.py:1834} INFO - Sync 1 DAGs
[2023-12-06 08:02:26,201] {logging_mixin.py:109} INFO - [2023-12-06 08:02:26,201] {dag.py:2287} INFO - Setting next_dagrun for latest_only_with_trigger to 2023-12-04 00:00:00+00:00
[2023-12-06 08:02:26,211] {processor.py:170} INFO - Processing /home/airflow/.local/lib/python3.6/site-packages/airflow/example_dags/example_latest_only_with_trigger.py took 0.050 seconds
[2023-12-06 08:02:56,893] {processor.py:162} INFO - Started process (PID=7195) to work on /home/airflow/.local/lib/python3.6/site-packages/airflow/example_dags/example_latest_only_with_trigger.py
[2023-12-06 08:02:56,894] {processor.py:613} INFO - Processing file /home/airflow/.local/lib/python3.6/site-packages/airflow/example_dags/example_latest_only_with_trigger.py for tasks to queue
[2023-12-06 08:02:56,894] {logging_mixin.py:109} INFO - [2023-12-06 08:02:56,894] {dagbag.py:496} INFO - Filling up the DagBag from /home/airflow/.local/lib/python3.6/site-packages/airflow/example_dags/example_latest_only_with_trigger.py
[2023-12-06 08:02:56,903] {processor.py:623} INFO - DAG(s) dict_keys(['latest_only_with_trigger']) retrieved from /home/airflow/.local/lib/python3.6/site-packages/airflow/example_dags/example_latest_only_with_trigger.py
[2023-12-06 08:02:56,920] {logging_mixin.py:109} INFO - [2023-12-06 08:02:56,919] {dag.py:1834} INFO - Sync 1 DAGs
[2023-12-06 08:02:56,931] {logging_mixin.py:109} INFO - [2023-12-06 08:02:56,931] {dag.py:2287} INFO - Setting next_dagrun for latest_only_with_trigger to 2023-12-04 00:00:00+00:00
[2023-12-06 08:02:56,942] {processor.py:170} INFO - Processing /home/airflow/.local/lib/python3.6/site-packages/airflow/example_dags/example_latest_only_with_trigger.py took 0.051 seconds
[2023-12-06 08:03:27,610] {processor.py:162} INFO - Started process (PID=7401) to work on /home/airflow/.local/lib/python3.6/site-packages/airflow/example_dags/example_latest_only_with_trigger.py
[2023-12-06 08:03:27,611] {processor.py:613} INFO - Processing file /home/airflow/.local/lib/python3.6/site-packages/airflow/example_dags/example_latest_only_with_trigger.py for tasks to queue
[2023-12-06 08:03:27,612] {logging_mixin.py:109} INFO - [2023-12-06 08:03:27,612] {dagbag.py:496} INFO - Filling up the DagBag from /home/airflow/.local/lib/python3.6/site-packages/airflow/example_dags/example_latest_only_with_trigger.py
[2023-12-06 08:03:27,621] {processor.py:623} INFO - DAG(s) dict_keys(['latest_only_with_trigger']) retrieved from /home/airflow/.local/lib/python3.6/site-packages/airflow/example_dags/example_latest_only_with_trigger.py
[2023-12-06 08:03:27,641] {logging_mixin.py:109} INFO - [2023-12-06 08:03:27,641] {dag.py:1834} INFO - Sync 1 DAGs
[2023-12-06 08:03:27,652] {logging_mixin.py:109} INFO - [2023-12-06 08:03:27,652] {dag.py:2287} INFO - Setting next_dagrun for latest_only_with_trigger to 2023-12-04 00:00:00+00:00
[2023-12-06 08:03:27,663] {processor.py:170} INFO - Processing /home/airflow/.local/lib/python3.6/site-packages/airflow/example_dags/example_latest_only_with_trigger.py took 0.055 seconds
[2023-12-06 08:03:58,326] {processor.py:162} INFO - Started process (PID=7596) to work on /home/airflow/.local/lib/python3.6/site-packages/airflow/example_dags/example_latest_only_with_trigger.py
[2023-12-06 08:03:58,328] {processor.py:613} INFO - Processing file /home/airflow/.local/lib/python3.6/site-packages/airflow/example_dags/example_latest_only_with_trigger.py for tasks to queue
[2023-12-06 08:03:58,328] {logging_mixin.py:109} INFO - [2023-12-06 08:03:58,328] {dagbag.py:496} INFO - Filling up the DagBag from /home/airflow/.local/lib/python3.6/site-packages/airflow/example_dags/example_latest_only_with_trigger.py
[2023-12-06 08:03:58,336] {processor.py:623} INFO - DAG(s) dict_keys(['latest_only_with_trigger']) retrieved from /home/airflow/.local/lib/python3.6/site-packages/airflow/example_dags/example_latest_only_with_trigger.py
[2023-12-06 08:03:58,353] {logging_mixin.py:109} INFO - [2023-12-06 08:03:58,353] {dag.py:1834} INFO - Sync 1 DAGs
[2023-12-06 08:03:58,364] {logging_mixin.py:109} INFO - [2023-12-06 08:03:58,364] {dag.py:2287} INFO - Setting next_dagrun for latest_only_with_trigger to 2023-12-04 00:00:00+00:00
[2023-12-06 08:03:58,373] {processor.py:170} INFO - Processing /home/airflow/.local/lib/python3.6/site-packages/airflow/example_dags/example_latest_only_with_trigger.py took 0.049 seconds
[2023-12-06 08:04:28,681] {processor.py:162} INFO - Started process (PID=7801) to work on /home/airflow/.local/lib/python3.6/site-packages/airflow/example_dags/example_latest_only_with_trigger.py
[2023-12-06 08:04:28,683] {processor.py:613} INFO - Processing file /home/airflow/.local/lib/python3.6/site-packages/airflow/example_dags/example_latest_only_with_trigger.py for tasks to queue
[2023-12-06 08:04:28,683] {logging_mixin.py:109} INFO - [2023-12-06 08:04:28,683] {dagbag.py:496} INFO - Filling up the DagBag from /home/airflow/.local/lib/python3.6/site-packages/airflow/example_dags/example_latest_only_with_trigger.py
[2023-12-06 08:04:28,691] {processor.py:623} INFO - DAG(s) dict_keys(['latest_only_with_trigger']) retrieved from /home/airflow/.local/lib/python3.6/site-packages/airflow/example_dags/example_latest_only_with_trigger.py
[2023-12-06 08:04:28,708] {logging_mixin.py:109} INFO - [2023-12-06 08:04:28,708] {dag.py:1834} INFO - Sync 1 DAGs
[2023-12-06 08:04:28,719] {logging_mixin.py:109} INFO - [2023-12-06 08:04:28,719] {dag.py:2287} INFO - Setting next_dagrun for latest_only_with_trigger to 2023-12-04 00:00:00+00:00
[2023-12-06 08:04:28,729] {processor.py:170} INFO - Processing /home/airflow/.local/lib/python3.6/site-packages/airflow/example_dags/example_latest_only_with_trigger.py took 0.049 seconds
[2023-12-06 08:04:59,324] {processor.py:162} INFO - Started process (PID=8005) to work on /home/airflow/.local/lib/python3.6/site-packages/airflow/example_dags/example_latest_only_with_trigger.py
[2023-12-06 08:04:59,326] {processor.py:613} INFO - Processing file /home/airflow/.local/lib/python3.6/site-packages/airflow/example_dags/example_latest_only_with_trigger.py for tasks to queue
[2023-12-06 08:04:59,326] {logging_mixin.py:109} INFO - [2023-12-06 08:04:59,326] {dagbag.py:496} INFO - Filling up the DagBag from /home/airflow/.local/lib/python3.6/site-packages/airflow/example_dags/example_latest_only_with_trigger.py
[2023-12-06 08:04:59,335] {processor.py:623} INFO - DAG(s) dict_keys(['latest_only_with_trigger']) retrieved from /home/airflow/.local/lib/python3.6/site-packages/airflow/example_dags/example_latest_only_with_trigger.py
[2023-12-06 08:04:59,352] {logging_mixin.py:109} INFO - [2023-12-06 08:04:59,352] {dag.py:1834} INFO - Sync 1 DAGs
[2023-12-06 08:04:59,364] {logging_mixin.py:109} INFO - [2023-12-06 08:04:59,364] {dag.py:2287} INFO - Setting next_dagrun for latest_only_with_trigger to 2023-12-04 00:00:00+00:00
[2023-12-06 08:04:59,377] {processor.py:170} INFO - Processing /home/airflow/.local/lib/python3.6/site-packages/airflow/example_dags/example_latest_only_with_trigger.py took 0.055 seconds
[2023-12-06 08:05:29,779] {processor.py:162} INFO - Started process (PID=8200) to work on /home/airflow/.local/lib/python3.6/site-packages/airflow/example_dags/example_latest_only_with_trigger.py
[2023-12-06 08:05:29,780] {processor.py:613} INFO - Processing file /home/airflow/.local/lib/python3.6/site-packages/airflow/example_dags/example_latest_only_with_trigger.py for tasks to queue
[2023-12-06 08:05:29,781] {logging_mixin.py:109} INFO - [2023-12-06 08:05:29,781] {dagbag.py:496} INFO - Filling up the DagBag from /home/airflow/.local/lib/python3.6/site-packages/airflow/example_dags/example_latest_only_with_trigger.py
[2023-12-06 08:05:29,789] {processor.py:623} INFO - DAG(s) dict_keys(['latest_only_with_trigger']) retrieved from /home/airflow/.local/lib/python3.6/site-packages/airflow/example_dags/example_latest_only_with_trigger.py
[2023-12-06 08:05:29,807] {logging_mixin.py:109} INFO - [2023-12-06 08:05:29,806] {dag.py:1834} INFO - Sync 1 DAGs
[2023-12-06 08:05:29,817] {logging_mixin.py:109} INFO - [2023-12-06 08:05:29,817] {dag.py:2287} INFO - Setting next_dagrun for latest_only_with_trigger to 2023-12-04 00:00:00+00:00
[2023-12-06 08:05:29,827] {processor.py:170} INFO - Processing /home/airflow/.local/lib/python3.6/site-packages/airflow/example_dags/example_latest_only_with_trigger.py took 0.049 seconds
[2023-12-06 08:06:00,514] {processor.py:162} INFO - Started process (PID=8405) to work on /home/airflow/.local/lib/python3.6/site-packages/airflow/example_dags/example_latest_only_with_trigger.py
[2023-12-06 08:06:00,516] {processor.py:613} INFO - Processing file /home/airflow/.local/lib/python3.6/site-packages/airflow/example_dags/example_latest_only_with_trigger.py for tasks to queue
[2023-12-06 08:06:00,517] {logging_mixin.py:109} INFO - [2023-12-06 08:06:00,517] {dagbag.py:496} INFO - Filling up the DagBag from /home/airflow/.local/lib/python3.6/site-packages/airflow/example_dags/example_latest_only_with_trigger.py
[2023-12-06 08:06:00,526] {processor.py:623} INFO - DAG(s) dict_keys(['latest_only_with_trigger']) retrieved from /home/airflow/.local/lib/python3.6/site-packages/airflow/example_dags/example_latest_only_with_trigger.py
[2023-12-06 08:06:00,542] {logging_mixin.py:109} INFO - [2023-12-06 08:06:00,542] {dag.py:1834} INFO - Sync 1 DAGs
[2023-12-06 08:06:00,553] {logging_mixin.py:109} INFO - [2023-12-06 08:06:00,553] {dag.py:2287} INFO - Setting next_dagrun for latest_only_with_trigger to 2023-12-04 00:00:00+00:00
[2023-12-06 08:06:00,564] {processor.py:170} INFO - Processing /home/airflow/.local/lib/python3.6/site-packages/airflow/example_dags/example_latest_only_with_trigger.py took 0.051 seconds
[2023-12-06 08:06:31,204] {processor.py:162} INFO - Started process (PID=8609) to work on /home/airflow/.local/lib/python3.6/site-packages/airflow/example_dags/example_latest_only_with_trigger.py
[2023-12-06 08:06:31,205] {processor.py:613} INFO - Processing file /home/airflow/.local/lib/python3.6/site-packages/airflow/example_dags/example_latest_only_with_trigger.py for tasks to queue
[2023-12-06 08:06:31,205] {logging_mixin.py:109} INFO - [2023-12-06 08:06:31,205] {dagbag.py:496} INFO - Filling up the DagBag from /home/airflow/.local/lib/python3.6/site-packages/airflow/example_dags/example_latest_only_with_trigger.py
[2023-12-06 08:06:31,215] {processor.py:623} INFO - DAG(s) dict_keys(['latest_only_with_trigger']) retrieved from /home/airflow/.local/lib/python3.6/site-packages/airflow/example_dags/example_latest_only_with_trigger.py
[2023-12-06 08:06:31,234] {logging_mixin.py:109} INFO - [2023-12-06 08:06:31,234] {dag.py:1834} INFO - Sync 1 DAGs
[2023-12-06 08:06:31,246] {logging_mixin.py:109} INFO - [2023-12-06 08:06:31,245] {dag.py:2287} INFO - Setting next_dagrun for latest_only_with_trigger to 2023-12-04 00:00:00+00:00
[2023-12-06 08:06:31,257] {processor.py:170} INFO - Processing /home/airflow/.local/lib/python3.6/site-packages/airflow/example_dags/example_latest_only_with_trigger.py took 0.056 seconds
[2023-12-06 08:07:01,866] {processor.py:162} INFO - Started process (PID=8805) to work on /home/airflow/.local/lib/python3.6/site-packages/airflow/example_dags/example_latest_only_with_trigger.py
[2023-12-06 08:07:01,867] {processor.py:613} INFO - Processing file /home/airflow/.local/lib/python3.6/site-packages/airflow/example_dags/example_latest_only_with_trigger.py for tasks to queue
[2023-12-06 08:07:01,868] {logging_mixin.py:109} INFO - [2023-12-06 08:07:01,868] {dagbag.py:496} INFO - Filling up the DagBag from /home/airflow/.local/lib/python3.6/site-packages/airflow/example_dags/example_latest_only_with_trigger.py
[2023-12-06 08:07:01,876] {processor.py:623} INFO - DAG(s) dict_keys(['latest_only_with_trigger']) retrieved from /home/airflow/.local/lib/python3.6/site-packages/airflow/example_dags/example_latest_only_with_trigger.py
[2023-12-06 08:07:01,893] {logging_mixin.py:109} INFO - [2023-12-06 08:07:01,893] {dag.py:1834} INFO - Sync 1 DAGs
[2023-12-06 08:07:01,903] {logging_mixin.py:109} INFO - [2023-12-06 08:07:01,903] {dag.py:2287} INFO - Setting next_dagrun for latest_only_with_trigger to 2023-12-04 00:00:00+00:00
[2023-12-06 08:07:01,914] {processor.py:170} INFO - Processing /home/airflow/.local/lib/python3.6/site-packages/airflow/example_dags/example_latest_only_with_trigger.py took 0.049 seconds
[2023-12-06 08:07:32,404] {processor.py:162} INFO - Started process (PID=9010) to work on /home/airflow/.local/lib/python3.6/site-packages/airflow/example_dags/example_latest_only_with_trigger.py
[2023-12-06 08:07:32,405] {processor.py:613} INFO - Processing file /home/airflow/.local/lib/python3.6/site-packages/airflow/example_dags/example_latest_only_with_trigger.py for tasks to queue
[2023-12-06 08:07:32,406] {logging_mixin.py:109} INFO - [2023-12-06 08:07:32,406] {dagbag.py:496} INFO - Filling up the DagBag from /home/airflow/.local/lib/python3.6/site-packages/airflow/example_dags/example_latest_only_with_trigger.py
[2023-12-06 08:07:32,414] {processor.py:623} INFO - DAG(s) dict_keys(['latest_only_with_trigger']) retrieved from /home/airflow/.local/lib/python3.6/site-packages/airflow/example_dags/example_latest_only_with_trigger.py
[2023-12-06 08:07:32,431] {logging_mixin.py:109} INFO - [2023-12-06 08:07:32,431] {dag.py:1834} INFO - Sync 1 DAGs
[2023-12-06 08:07:32,441] {logging_mixin.py:109} INFO - [2023-12-06 08:07:32,441] {dag.py:2287} INFO - Setting next_dagrun for latest_only_with_trigger to 2023-12-04 00:00:00+00:00
[2023-12-06 08:07:32,451] {processor.py:170} INFO - Processing /home/airflow/.local/lib/python3.6/site-packages/airflow/example_dags/example_latest_only_with_trigger.py took 0.049 seconds
