[2023-12-06 07:46:05,248] {processor.py:162} INFO - Started process (PID=391) to work on /home/airflow/.local/lib/python3.6/site-packages/airflow/example_dags/example_trigger_target_dag.py
[2023-12-06 07:46:05,249] {processor.py:613} INFO - Processing file /home/airflow/.local/lib/python3.6/site-packages/airflow/example_dags/example_trigger_target_dag.py for tasks to queue
[2023-12-06 07:46:05,249] {logging_mixin.py:109} INFO - [2023-12-06 07:46:05,249] {dagbag.py:496} INFO - Filling up the DagBag from /home/airflow/.local/lib/python3.6/site-packages/airflow/example_dags/example_trigger_target_dag.py
[2023-12-06 07:46:05,261] {processor.py:623} INFO - DAG(s) dict_keys(['example_trigger_target_dag']) retrieved from /home/airflow/.local/lib/python3.6/site-packages/airflow/example_dags/example_trigger_target_dag.py
[2023-12-06 07:46:05,476] {logging_mixin.py:109} INFO - [2023-12-06 07:46:05,475] {dag.py:1834} INFO - Sync 1 DAGs
[2023-12-06 07:46:05,488] {logging_mixin.py:109} INFO - [2023-12-06 07:46:05,488] {dag.py:2287} INFO - Setting next_dagrun for example_trigger_target_dag to None
[2023-12-06 07:46:05,502] {processor.py:170} INFO - Processing /home/airflow/.local/lib/python3.6/site-packages/airflow/example_dags/example_trigger_target_dag.py took 0.257 seconds
[2023-12-06 07:46:36,391] {processor.py:162} INFO - Started process (PID=670) to work on /home/airflow/.local/lib/python3.6/site-packages/airflow/example_dags/example_trigger_target_dag.py
[2023-12-06 07:46:36,393] {processor.py:613} INFO - Processing file /home/airflow/.local/lib/python3.6/site-packages/airflow/example_dags/example_trigger_target_dag.py for tasks to queue
[2023-12-06 07:46:36,394] {logging_mixin.py:109} INFO - [2023-12-06 07:46:36,393] {dagbag.py:496} INFO - Filling up the DagBag from /home/airflow/.local/lib/python3.6/site-packages/airflow/example_dags/example_trigger_target_dag.py
[2023-12-06 07:46:36,407] {processor.py:623} INFO - DAG(s) dict_keys(['example_trigger_target_dag']) retrieved from /home/airflow/.local/lib/python3.6/site-packages/airflow/example_dags/example_trigger_target_dag.py
[2023-12-06 07:46:36,431] {logging_mixin.py:109} INFO - [2023-12-06 07:46:36,430] {dag.py:1834} INFO - Sync 1 DAGs
[2023-12-06 07:46:36,442] {logging_mixin.py:109} INFO - [2023-12-06 07:46:36,442] {dag.py:2287} INFO - Setting next_dagrun for example_trigger_target_dag to None
[2023-12-06 07:46:36,452] {processor.py:170} INFO - Processing /home/airflow/.local/lib/python3.6/site-packages/airflow/example_dags/example_trigger_target_dag.py took 0.063 seconds
[2023-12-06 07:47:07,068] {processor.py:162} INFO - Started process (PID=875) to work on /home/airflow/.local/lib/python3.6/site-packages/airflow/example_dags/example_trigger_target_dag.py
[2023-12-06 07:47:07,070] {processor.py:613} INFO - Processing file /home/airflow/.local/lib/python3.6/site-packages/airflow/example_dags/example_trigger_target_dag.py for tasks to queue
[2023-12-06 07:47:07,070] {logging_mixin.py:109} INFO - [2023-12-06 07:47:07,070] {dagbag.py:496} INFO - Filling up the DagBag from /home/airflow/.local/lib/python3.6/site-packages/airflow/example_dags/example_trigger_target_dag.py
[2023-12-06 07:47:07,083] {processor.py:623} INFO - DAG(s) dict_keys(['example_trigger_target_dag']) retrieved from /home/airflow/.local/lib/python3.6/site-packages/airflow/example_dags/example_trigger_target_dag.py
[2023-12-06 07:47:07,100] {logging_mixin.py:109} INFO - [2023-12-06 07:47:07,100] {dag.py:1834} INFO - Sync 1 DAGs
[2023-12-06 07:47:07,111] {logging_mixin.py:109} INFO - [2023-12-06 07:47:07,111] {dag.py:2287} INFO - Setting next_dagrun for example_trigger_target_dag to None
[2023-12-06 07:47:07,122] {processor.py:170} INFO - Processing /home/airflow/.local/lib/python3.6/site-packages/airflow/example_dags/example_trigger_target_dag.py took 0.056 seconds
[2023-12-06 07:47:37,626] {processor.py:162} INFO - Started process (PID=1070) to work on /home/airflow/.local/lib/python3.6/site-packages/airflow/example_dags/example_trigger_target_dag.py
[2023-12-06 07:47:37,627] {processor.py:613} INFO - Processing file /home/airflow/.local/lib/python3.6/site-packages/airflow/example_dags/example_trigger_target_dag.py for tasks to queue
[2023-12-06 07:47:37,627] {logging_mixin.py:109} INFO - [2023-12-06 07:47:37,627] {dagbag.py:496} INFO - Filling up the DagBag from /home/airflow/.local/lib/python3.6/site-packages/airflow/example_dags/example_trigger_target_dag.py
[2023-12-06 07:47:37,637] {processor.py:623} INFO - DAG(s) dict_keys(['example_trigger_target_dag']) retrieved from /home/airflow/.local/lib/python3.6/site-packages/airflow/example_dags/example_trigger_target_dag.py
[2023-12-06 07:47:37,655] {logging_mixin.py:109} INFO - [2023-12-06 07:47:37,655] {dag.py:1834} INFO - Sync 1 DAGs
[2023-12-06 07:47:37,666] {logging_mixin.py:109} INFO - [2023-12-06 07:47:37,665] {dag.py:2287} INFO - Setting next_dagrun for example_trigger_target_dag to None
[2023-12-06 07:47:37,676] {processor.py:170} INFO - Processing /home/airflow/.local/lib/python3.6/site-packages/airflow/example_dags/example_trigger_target_dag.py took 0.052 seconds
[2023-12-06 07:48:08,213] {processor.py:162} INFO - Started process (PID=1275) to work on /home/airflow/.local/lib/python3.6/site-packages/airflow/example_dags/example_trigger_target_dag.py
[2023-12-06 07:48:08,213] {processor.py:613} INFO - Processing file /home/airflow/.local/lib/python3.6/site-packages/airflow/example_dags/example_trigger_target_dag.py for tasks to queue
[2023-12-06 07:48:08,214] {logging_mixin.py:109} INFO - [2023-12-06 07:48:08,214] {dagbag.py:496} INFO - Filling up the DagBag from /home/airflow/.local/lib/python3.6/site-packages/airflow/example_dags/example_trigger_target_dag.py
[2023-12-06 07:48:08,224] {processor.py:623} INFO - DAG(s) dict_keys(['example_trigger_target_dag']) retrieved from /home/airflow/.local/lib/python3.6/site-packages/airflow/example_dags/example_trigger_target_dag.py
[2023-12-06 07:48:08,240] {logging_mixin.py:109} INFO - [2023-12-06 07:48:08,240] {dag.py:1834} INFO - Sync 1 DAGs
[2023-12-06 07:48:08,251] {logging_mixin.py:109} INFO - [2023-12-06 07:48:08,251] {dag.py:2287} INFO - Setting next_dagrun for example_trigger_target_dag to None
[2023-12-06 07:48:08,261] {processor.py:170} INFO - Processing /home/airflow/.local/lib/python3.6/site-packages/airflow/example_dags/example_trigger_target_dag.py took 0.050 seconds
[2023-12-06 07:48:38,907] {processor.py:162} INFO - Started process (PID=1480) to work on /home/airflow/.local/lib/python3.6/site-packages/airflow/example_dags/example_trigger_target_dag.py
[2023-12-06 07:48:38,909] {processor.py:613} INFO - Processing file /home/airflow/.local/lib/python3.6/site-packages/airflow/example_dags/example_trigger_target_dag.py for tasks to queue
[2023-12-06 07:48:38,909] {logging_mixin.py:109} INFO - [2023-12-06 07:48:38,909] {dagbag.py:496} INFO - Filling up the DagBag from /home/airflow/.local/lib/python3.6/site-packages/airflow/example_dags/example_trigger_target_dag.py
[2023-12-06 07:48:38,919] {processor.py:623} INFO - DAG(s) dict_keys(['example_trigger_target_dag']) retrieved from /home/airflow/.local/lib/python3.6/site-packages/airflow/example_dags/example_trigger_target_dag.py
[2023-12-06 07:48:38,937] {logging_mixin.py:109} INFO - [2023-12-06 07:48:38,937] {dag.py:1834} INFO - Sync 1 DAGs
[2023-12-06 07:48:38,950] {logging_mixin.py:109} INFO - [2023-12-06 07:48:38,950] {dag.py:2287} INFO - Setting next_dagrun for example_trigger_target_dag to None
[2023-12-06 07:48:38,963] {processor.py:170} INFO - Processing /home/airflow/.local/lib/python3.6/site-packages/airflow/example_dags/example_trigger_target_dag.py took 0.058 seconds
[2023-12-06 07:49:09,494] {processor.py:162} INFO - Started process (PID=1675) to work on /home/airflow/.local/lib/python3.6/site-packages/airflow/example_dags/example_trigger_target_dag.py
[2023-12-06 07:49:09,495] {processor.py:613} INFO - Processing file /home/airflow/.local/lib/python3.6/site-packages/airflow/example_dags/example_trigger_target_dag.py for tasks to queue
[2023-12-06 07:49:09,495] {logging_mixin.py:109} INFO - [2023-12-06 07:49:09,495] {dagbag.py:496} INFO - Filling up the DagBag from /home/airflow/.local/lib/python3.6/site-packages/airflow/example_dags/example_trigger_target_dag.py
[2023-12-06 07:49:09,505] {processor.py:623} INFO - DAG(s) dict_keys(['example_trigger_target_dag']) retrieved from /home/airflow/.local/lib/python3.6/site-packages/airflow/example_dags/example_trigger_target_dag.py
[2023-12-06 07:49:09,522] {logging_mixin.py:109} INFO - [2023-12-06 07:49:09,522] {dag.py:1834} INFO - Sync 1 DAGs
[2023-12-06 07:49:09,532] {logging_mixin.py:109} INFO - [2023-12-06 07:49:09,532] {dag.py:2287} INFO - Setting next_dagrun for example_trigger_target_dag to None
[2023-12-06 07:49:09,542] {processor.py:170} INFO - Processing /home/airflow/.local/lib/python3.6/site-packages/airflow/example_dags/example_trigger_target_dag.py took 0.051 seconds
[2023-12-06 07:49:40,176] {processor.py:162} INFO - Started process (PID=1880) to work on /home/airflow/.local/lib/python3.6/site-packages/airflow/example_dags/example_trigger_target_dag.py
[2023-12-06 07:49:40,177] {processor.py:613} INFO - Processing file /home/airflow/.local/lib/python3.6/site-packages/airflow/example_dags/example_trigger_target_dag.py for tasks to queue
[2023-12-06 07:49:40,178] {logging_mixin.py:109} INFO - [2023-12-06 07:49:40,178] {dagbag.py:496} INFO - Filling up the DagBag from /home/airflow/.local/lib/python3.6/site-packages/airflow/example_dags/example_trigger_target_dag.py
[2023-12-06 07:49:40,188] {processor.py:623} INFO - DAG(s) dict_keys(['example_trigger_target_dag']) retrieved from /home/airflow/.local/lib/python3.6/site-packages/airflow/example_dags/example_trigger_target_dag.py
[2023-12-06 07:49:40,205] {logging_mixin.py:109} INFO - [2023-12-06 07:49:40,205] {dag.py:1834} INFO - Sync 1 DAGs
[2023-12-06 07:49:40,216] {logging_mixin.py:109} INFO - [2023-12-06 07:49:40,216] {dag.py:2287} INFO - Setting next_dagrun for example_trigger_target_dag to None
[2023-12-06 07:49:40,227] {processor.py:170} INFO - Processing /home/airflow/.local/lib/python3.6/site-packages/airflow/example_dags/example_trigger_target_dag.py took 0.053 seconds
[2023-12-06 07:50:10,856] {processor.py:162} INFO - Started process (PID=2084) to work on /home/airflow/.local/lib/python3.6/site-packages/airflow/example_dags/example_trigger_target_dag.py
[2023-12-06 07:50:10,858] {processor.py:613} INFO - Processing file /home/airflow/.local/lib/python3.6/site-packages/airflow/example_dags/example_trigger_target_dag.py for tasks to queue
[2023-12-06 07:50:10,859] {logging_mixin.py:109} INFO - [2023-12-06 07:50:10,858] {dagbag.py:496} INFO - Filling up the DagBag from /home/airflow/.local/lib/python3.6/site-packages/airflow/example_dags/example_trigger_target_dag.py
[2023-12-06 07:50:10,872] {processor.py:623} INFO - DAG(s) dict_keys(['example_trigger_target_dag']) retrieved from /home/airflow/.local/lib/python3.6/site-packages/airflow/example_dags/example_trigger_target_dag.py
[2023-12-06 07:50:10,906] {logging_mixin.py:109} INFO - [2023-12-06 07:50:10,905] {dag.py:1834} INFO - Sync 1 DAGs
[2023-12-06 07:50:10,926] {logging_mixin.py:109} INFO - [2023-12-06 07:50:10,926] {dag.py:2287} INFO - Setting next_dagrun for example_trigger_target_dag to None
[2023-12-06 07:50:10,939] {processor.py:170} INFO - Processing /home/airflow/.local/lib/python3.6/site-packages/airflow/example_dags/example_trigger_target_dag.py took 0.086 seconds
[2023-12-06 07:50:41,296] {processor.py:162} INFO - Started process (PID=2280) to work on /home/airflow/.local/lib/python3.6/site-packages/airflow/example_dags/example_trigger_target_dag.py
[2023-12-06 07:50:41,297] {processor.py:613} INFO - Processing file /home/airflow/.local/lib/python3.6/site-packages/airflow/example_dags/example_trigger_target_dag.py for tasks to queue
[2023-12-06 07:50:41,298] {logging_mixin.py:109} INFO - [2023-12-06 07:50:41,297] {dagbag.py:496} INFO - Filling up the DagBag from /home/airflow/.local/lib/python3.6/site-packages/airflow/example_dags/example_trigger_target_dag.py
[2023-12-06 07:50:41,306] {processor.py:623} INFO - DAG(s) dict_keys(['example_trigger_target_dag']) retrieved from /home/airflow/.local/lib/python3.6/site-packages/airflow/example_dags/example_trigger_target_dag.py
[2023-12-06 07:50:41,324] {logging_mixin.py:109} INFO - [2023-12-06 07:50:41,323] {dag.py:1834} INFO - Sync 1 DAGs
[2023-12-06 07:50:41,334] {logging_mixin.py:109} INFO - [2023-12-06 07:50:41,333] {dag.py:2287} INFO - Setting next_dagrun for example_trigger_target_dag to None
[2023-12-06 07:50:41,344] {processor.py:170} INFO - Processing /home/airflow/.local/lib/python3.6/site-packages/airflow/example_dags/example_trigger_target_dag.py took 0.050 seconds
[2023-12-06 07:51:11,853] {processor.py:162} INFO - Started process (PID=2485) to work on /home/airflow/.local/lib/python3.6/site-packages/airflow/example_dags/example_trigger_target_dag.py
[2023-12-06 07:51:11,854] {processor.py:613} INFO - Processing file /home/airflow/.local/lib/python3.6/site-packages/airflow/example_dags/example_trigger_target_dag.py for tasks to queue
[2023-12-06 07:51:11,854] {logging_mixin.py:109} INFO - [2023-12-06 07:51:11,854] {dagbag.py:496} INFO - Filling up the DagBag from /home/airflow/.local/lib/python3.6/site-packages/airflow/example_dags/example_trigger_target_dag.py
[2023-12-06 07:51:11,864] {processor.py:623} INFO - DAG(s) dict_keys(['example_trigger_target_dag']) retrieved from /home/airflow/.local/lib/python3.6/site-packages/airflow/example_dags/example_trigger_target_dag.py
[2023-12-06 07:51:11,880] {logging_mixin.py:109} INFO - [2023-12-06 07:51:11,880] {dag.py:1834} INFO - Sync 1 DAGs
[2023-12-06 07:51:11,891] {logging_mixin.py:109} INFO - [2023-12-06 07:51:11,891] {dag.py:2287} INFO - Setting next_dagrun for example_trigger_target_dag to None
[2023-12-06 07:51:11,902] {processor.py:170} INFO - Processing /home/airflow/.local/lib/python3.6/site-packages/airflow/example_dags/example_trigger_target_dag.py took 0.051 seconds
[2023-12-06 07:51:42,376] {processor.py:162} INFO - Started process (PID=2680) to work on /home/airflow/.local/lib/python3.6/site-packages/airflow/example_dags/example_trigger_target_dag.py
[2023-12-06 07:51:42,377] {processor.py:613} INFO - Processing file /home/airflow/.local/lib/python3.6/site-packages/airflow/example_dags/example_trigger_target_dag.py for tasks to queue
[2023-12-06 07:51:42,378] {logging_mixin.py:109} INFO - [2023-12-06 07:51:42,378] {dagbag.py:496} INFO - Filling up the DagBag from /home/airflow/.local/lib/python3.6/site-packages/airflow/example_dags/example_trigger_target_dag.py
[2023-12-06 07:51:42,387] {processor.py:623} INFO - DAG(s) dict_keys(['example_trigger_target_dag']) retrieved from /home/airflow/.local/lib/python3.6/site-packages/airflow/example_dags/example_trigger_target_dag.py
[2023-12-06 07:51:42,404] {logging_mixin.py:109} INFO - [2023-12-06 07:51:42,404] {dag.py:1834} INFO - Sync 1 DAGs
[2023-12-06 07:51:42,416] {logging_mixin.py:109} INFO - [2023-12-06 07:51:42,416] {dag.py:2287} INFO - Setting next_dagrun for example_trigger_target_dag to None
[2023-12-06 07:51:42,425] {processor.py:170} INFO - Processing /home/airflow/.local/lib/python3.6/site-packages/airflow/example_dags/example_trigger_target_dag.py took 0.051 seconds
[2023-12-06 07:52:12,909] {processor.py:162} INFO - Started process (PID=2885) to work on /home/airflow/.local/lib/python3.6/site-packages/airflow/example_dags/example_trigger_target_dag.py
[2023-12-06 07:52:12,910] {processor.py:613} INFO - Processing file /home/airflow/.local/lib/python3.6/site-packages/airflow/example_dags/example_trigger_target_dag.py for tasks to queue
[2023-12-06 07:52:12,911] {logging_mixin.py:109} INFO - [2023-12-06 07:52:12,910] {dagbag.py:496} INFO - Filling up the DagBag from /home/airflow/.local/lib/python3.6/site-packages/airflow/example_dags/example_trigger_target_dag.py
[2023-12-06 07:52:12,919] {processor.py:623} INFO - DAG(s) dict_keys(['example_trigger_target_dag']) retrieved from /home/airflow/.local/lib/python3.6/site-packages/airflow/example_dags/example_trigger_target_dag.py
[2023-12-06 07:52:12,935] {logging_mixin.py:109} INFO - [2023-12-06 07:52:12,935] {dag.py:1834} INFO - Sync 1 DAGs
[2023-12-06 07:52:12,946] {logging_mixin.py:109} INFO - [2023-12-06 07:52:12,946] {dag.py:2287} INFO - Setting next_dagrun for example_trigger_target_dag to None
[2023-12-06 07:52:12,955] {processor.py:170} INFO - Processing /home/airflow/.local/lib/python3.6/site-packages/airflow/example_dags/example_trigger_target_dag.py took 0.049 seconds
[2023-12-06 07:52:43,363] {processor.py:162} INFO - Started process (PID=3091) to work on /home/airflow/.local/lib/python3.6/site-packages/airflow/example_dags/example_trigger_target_dag.py
[2023-12-06 07:52:43,364] {processor.py:613} INFO - Processing file /home/airflow/.local/lib/python3.6/site-packages/airflow/example_dags/example_trigger_target_dag.py for tasks to queue
[2023-12-06 07:52:43,365] {logging_mixin.py:109} INFO - [2023-12-06 07:52:43,364] {dagbag.py:496} INFO - Filling up the DagBag from /home/airflow/.local/lib/python3.6/site-packages/airflow/example_dags/example_trigger_target_dag.py
[2023-12-06 07:52:43,375] {processor.py:623} INFO - DAG(s) dict_keys(['example_trigger_target_dag']) retrieved from /home/airflow/.local/lib/python3.6/site-packages/airflow/example_dags/example_trigger_target_dag.py
[2023-12-06 07:52:43,392] {logging_mixin.py:109} INFO - [2023-12-06 07:52:43,392] {dag.py:1834} INFO - Sync 1 DAGs
[2023-12-06 07:52:43,405] {logging_mixin.py:109} INFO - [2023-12-06 07:52:43,405] {dag.py:2287} INFO - Setting next_dagrun for example_trigger_target_dag to None
[2023-12-06 07:52:43,416] {processor.py:170} INFO - Processing /home/airflow/.local/lib/python3.6/site-packages/airflow/example_dags/example_trigger_target_dag.py took 0.055 seconds
[2023-12-06 07:53:13,788] {processor.py:162} INFO - Started process (PID=3285) to work on /home/airflow/.local/lib/python3.6/site-packages/airflow/example_dags/example_trigger_target_dag.py
[2023-12-06 07:53:13,790] {processor.py:613} INFO - Processing file /home/airflow/.local/lib/python3.6/site-packages/airflow/example_dags/example_trigger_target_dag.py for tasks to queue
[2023-12-06 07:53:13,790] {logging_mixin.py:109} INFO - [2023-12-06 07:53:13,790] {dagbag.py:496} INFO - Filling up the DagBag from /home/airflow/.local/lib/python3.6/site-packages/airflow/example_dags/example_trigger_target_dag.py
[2023-12-06 07:53:13,799] {processor.py:623} INFO - DAG(s) dict_keys(['example_trigger_target_dag']) retrieved from /home/airflow/.local/lib/python3.6/site-packages/airflow/example_dags/example_trigger_target_dag.py
[2023-12-06 07:53:13,816] {logging_mixin.py:109} INFO - [2023-12-06 07:53:13,816] {dag.py:1834} INFO - Sync 1 DAGs
[2023-12-06 07:53:13,828] {logging_mixin.py:109} INFO - [2023-12-06 07:53:13,828] {dag.py:2287} INFO - Setting next_dagrun for example_trigger_target_dag to None
[2023-12-06 07:53:13,838] {processor.py:170} INFO - Processing /home/airflow/.local/lib/python3.6/site-packages/airflow/example_dags/example_trigger_target_dag.py took 0.051 seconds
[2023-12-06 07:53:44,571] {processor.py:162} INFO - Started process (PID=3490) to work on /home/airflow/.local/lib/python3.6/site-packages/airflow/example_dags/example_trigger_target_dag.py
[2023-12-06 07:53:44,572] {processor.py:613} INFO - Processing file /home/airflow/.local/lib/python3.6/site-packages/airflow/example_dags/example_trigger_target_dag.py for tasks to queue
[2023-12-06 07:53:44,572] {logging_mixin.py:109} INFO - [2023-12-06 07:53:44,572] {dagbag.py:496} INFO - Filling up the DagBag from /home/airflow/.local/lib/python3.6/site-packages/airflow/example_dags/example_trigger_target_dag.py
[2023-12-06 07:53:44,581] {processor.py:623} INFO - DAG(s) dict_keys(['example_trigger_target_dag']) retrieved from /home/airflow/.local/lib/python3.6/site-packages/airflow/example_dags/example_trigger_target_dag.py
[2023-12-06 07:53:44,599] {logging_mixin.py:109} INFO - [2023-12-06 07:53:44,599] {dag.py:1834} INFO - Sync 1 DAGs
[2023-12-06 07:53:44,611] {logging_mixin.py:109} INFO - [2023-12-06 07:53:44,611] {dag.py:2287} INFO - Setting next_dagrun for example_trigger_target_dag to None
[2023-12-06 07:53:44,621] {processor.py:170} INFO - Processing /home/airflow/.local/lib/python3.6/site-packages/airflow/example_dags/example_trigger_target_dag.py took 0.052 seconds
[2023-12-06 07:54:15,286] {processor.py:162} INFO - Started process (PID=3685) to work on /home/airflow/.local/lib/python3.6/site-packages/airflow/example_dags/example_trigger_target_dag.py
[2023-12-06 07:54:15,287] {processor.py:613} INFO - Processing file /home/airflow/.local/lib/python3.6/site-packages/airflow/example_dags/example_trigger_target_dag.py for tasks to queue
[2023-12-06 07:54:15,288] {logging_mixin.py:109} INFO - [2023-12-06 07:54:15,288] {dagbag.py:496} INFO - Filling up the DagBag from /home/airflow/.local/lib/python3.6/site-packages/airflow/example_dags/example_trigger_target_dag.py
[2023-12-06 07:54:15,298] {processor.py:623} INFO - DAG(s) dict_keys(['example_trigger_target_dag']) retrieved from /home/airflow/.local/lib/python3.6/site-packages/airflow/example_dags/example_trigger_target_dag.py
[2023-12-06 07:54:15,315] {logging_mixin.py:109} INFO - [2023-12-06 07:54:15,315] {dag.py:1834} INFO - Sync 1 DAGs
[2023-12-06 07:54:15,327] {logging_mixin.py:109} INFO - [2023-12-06 07:54:15,327] {dag.py:2287} INFO - Setting next_dagrun for example_trigger_target_dag to None
[2023-12-06 07:54:15,338] {processor.py:170} INFO - Processing /home/airflow/.local/lib/python3.6/site-packages/airflow/example_dags/example_trigger_target_dag.py took 0.054 seconds
[2023-12-06 07:54:45,917] {processor.py:162} INFO - Started process (PID=3890) to work on /home/airflow/.local/lib/python3.6/site-packages/airflow/example_dags/example_trigger_target_dag.py
[2023-12-06 07:54:45,917] {processor.py:613} INFO - Processing file /home/airflow/.local/lib/python3.6/site-packages/airflow/example_dags/example_trigger_target_dag.py for tasks to queue
[2023-12-06 07:54:45,918] {logging_mixin.py:109} INFO - [2023-12-06 07:54:45,918] {dagbag.py:496} INFO - Filling up the DagBag from /home/airflow/.local/lib/python3.6/site-packages/airflow/example_dags/example_trigger_target_dag.py
[2023-12-06 07:54:45,928] {processor.py:623} INFO - DAG(s) dict_keys(['example_trigger_target_dag']) retrieved from /home/airflow/.local/lib/python3.6/site-packages/airflow/example_dags/example_trigger_target_dag.py
[2023-12-06 07:54:45,945] {logging_mixin.py:109} INFO - [2023-12-06 07:54:45,945] {dag.py:1834} INFO - Sync 1 DAGs
[2023-12-06 07:54:45,955] {logging_mixin.py:109} INFO - [2023-12-06 07:54:45,955] {dag.py:2287} INFO - Setting next_dagrun for example_trigger_target_dag to None
[2023-12-06 07:54:45,965] {processor.py:170} INFO - Processing /home/airflow/.local/lib/python3.6/site-packages/airflow/example_dags/example_trigger_target_dag.py took 0.051 seconds
[2023-12-06 07:55:16,633] {processor.py:162} INFO - Started process (PID=4095) to work on /home/airflow/.local/lib/python3.6/site-packages/airflow/example_dags/example_trigger_target_dag.py
[2023-12-06 07:55:16,634] {processor.py:613} INFO - Processing file /home/airflow/.local/lib/python3.6/site-packages/airflow/example_dags/example_trigger_target_dag.py for tasks to queue
[2023-12-06 07:55:16,635] {logging_mixin.py:109} INFO - [2023-12-06 07:55:16,635] {dagbag.py:496} INFO - Filling up the DagBag from /home/airflow/.local/lib/python3.6/site-packages/airflow/example_dags/example_trigger_target_dag.py
[2023-12-06 07:55:16,645] {processor.py:623} INFO - DAG(s) dict_keys(['example_trigger_target_dag']) retrieved from /home/airflow/.local/lib/python3.6/site-packages/airflow/example_dags/example_trigger_target_dag.py
[2023-12-06 07:55:16,664] {logging_mixin.py:109} INFO - [2023-12-06 07:55:16,664] {dag.py:1834} INFO - Sync 1 DAGs
[2023-12-06 07:55:16,674] {logging_mixin.py:109} INFO - [2023-12-06 07:55:16,674] {dag.py:2287} INFO - Setting next_dagrun for example_trigger_target_dag to None
[2023-12-06 07:55:16,684] {processor.py:170} INFO - Processing /home/airflow/.local/lib/python3.6/site-packages/airflow/example_dags/example_trigger_target_dag.py took 0.053 seconds
[2023-12-06 07:55:47,278] {processor.py:162} INFO - Started process (PID=4290) to work on /home/airflow/.local/lib/python3.6/site-packages/airflow/example_dags/example_trigger_target_dag.py
[2023-12-06 07:55:47,279] {processor.py:613} INFO - Processing file /home/airflow/.local/lib/python3.6/site-packages/airflow/example_dags/example_trigger_target_dag.py for tasks to queue
[2023-12-06 07:55:47,279] {logging_mixin.py:109} INFO - [2023-12-06 07:55:47,279] {dagbag.py:496} INFO - Filling up the DagBag from /home/airflow/.local/lib/python3.6/site-packages/airflow/example_dags/example_trigger_target_dag.py
[2023-12-06 07:55:47,290] {processor.py:623} INFO - DAG(s) dict_keys(['example_trigger_target_dag']) retrieved from /home/airflow/.local/lib/python3.6/site-packages/airflow/example_dags/example_trigger_target_dag.py
[2023-12-06 07:55:47,308] {logging_mixin.py:109} INFO - [2023-12-06 07:55:47,308] {dag.py:1834} INFO - Sync 1 DAGs
[2023-12-06 07:55:47,319] {logging_mixin.py:109} INFO - [2023-12-06 07:55:47,319] {dag.py:2287} INFO - Setting next_dagrun for example_trigger_target_dag to None
[2023-12-06 07:55:47,330] {processor.py:170} INFO - Processing /home/airflow/.local/lib/python3.6/site-packages/airflow/example_dags/example_trigger_target_dag.py took 0.053 seconds
[2023-12-06 07:56:18,015] {processor.py:162} INFO - Started process (PID=4495) to work on /home/airflow/.local/lib/python3.6/site-packages/airflow/example_dags/example_trigger_target_dag.py
[2023-12-06 07:56:18,017] {processor.py:613} INFO - Processing file /home/airflow/.local/lib/python3.6/site-packages/airflow/example_dags/example_trigger_target_dag.py for tasks to queue
[2023-12-06 07:56:18,017] {logging_mixin.py:109} INFO - [2023-12-06 07:56:18,017] {dagbag.py:496} INFO - Filling up the DagBag from /home/airflow/.local/lib/python3.6/site-packages/airflow/example_dags/example_trigger_target_dag.py
[2023-12-06 07:56:18,028] {processor.py:623} INFO - DAG(s) dict_keys(['example_trigger_target_dag']) retrieved from /home/airflow/.local/lib/python3.6/site-packages/airflow/example_dags/example_trigger_target_dag.py
[2023-12-06 07:56:18,044] {logging_mixin.py:109} INFO - [2023-12-06 07:56:18,044] {dag.py:1834} INFO - Sync 1 DAGs
[2023-12-06 07:56:18,054] {logging_mixin.py:109} INFO - [2023-12-06 07:56:18,054] {dag.py:2287} INFO - Setting next_dagrun for example_trigger_target_dag to None
[2023-12-06 07:56:18,064] {processor.py:170} INFO - Processing /home/airflow/.local/lib/python3.6/site-packages/airflow/example_dags/example_trigger_target_dag.py took 0.050 seconds
[2023-12-06 07:56:48,593] {processor.py:162} INFO - Started process (PID=4700) to work on /home/airflow/.local/lib/python3.6/site-packages/airflow/example_dags/example_trigger_target_dag.py
[2023-12-06 07:56:48,593] {processor.py:613} INFO - Processing file /home/airflow/.local/lib/python3.6/site-packages/airflow/example_dags/example_trigger_target_dag.py for tasks to queue
[2023-12-06 07:56:48,594] {logging_mixin.py:109} INFO - [2023-12-06 07:56:48,594] {dagbag.py:496} INFO - Filling up the DagBag from /home/airflow/.local/lib/python3.6/site-packages/airflow/example_dags/example_trigger_target_dag.py
[2023-12-06 07:56:48,604] {processor.py:623} INFO - DAG(s) dict_keys(['example_trigger_target_dag']) retrieved from /home/airflow/.local/lib/python3.6/site-packages/airflow/example_dags/example_trigger_target_dag.py
[2023-12-06 07:56:48,622] {logging_mixin.py:109} INFO - [2023-12-06 07:56:48,622] {dag.py:1834} INFO - Sync 1 DAGs
[2023-12-06 07:56:48,633] {logging_mixin.py:109} INFO - [2023-12-06 07:56:48,633] {dag.py:2287} INFO - Setting next_dagrun for example_trigger_target_dag to None
[2023-12-06 07:56:48,644] {processor.py:170} INFO - Processing /home/airflow/.local/lib/python3.6/site-packages/airflow/example_dags/example_trigger_target_dag.py took 0.054 seconds
[2023-12-06 07:57:19,204] {processor.py:162} INFO - Started process (PID=4895) to work on /home/airflow/.local/lib/python3.6/site-packages/airflow/example_dags/example_trigger_target_dag.py
[2023-12-06 07:57:19,206] {processor.py:613} INFO - Processing file /home/airflow/.local/lib/python3.6/site-packages/airflow/example_dags/example_trigger_target_dag.py for tasks to queue
[2023-12-06 07:57:19,207] {logging_mixin.py:109} INFO - [2023-12-06 07:57:19,207] {dagbag.py:496} INFO - Filling up the DagBag from /home/airflow/.local/lib/python3.6/site-packages/airflow/example_dags/example_trigger_target_dag.py
[2023-12-06 07:57:19,217] {processor.py:623} INFO - DAG(s) dict_keys(['example_trigger_target_dag']) retrieved from /home/airflow/.local/lib/python3.6/site-packages/airflow/example_dags/example_trigger_target_dag.py
[2023-12-06 07:57:19,236] {logging_mixin.py:109} INFO - [2023-12-06 07:57:19,236] {dag.py:1834} INFO - Sync 1 DAGs
[2023-12-06 07:57:19,246] {logging_mixin.py:109} INFO - [2023-12-06 07:57:19,245] {dag.py:2287} INFO - Setting next_dagrun for example_trigger_target_dag to None
[2023-12-06 07:57:19,257] {processor.py:170} INFO - Processing /home/airflow/.local/lib/python3.6/site-packages/airflow/example_dags/example_trigger_target_dag.py took 0.055 seconds
[2023-12-06 07:57:49,821] {processor.py:162} INFO - Started process (PID=5100) to work on /home/airflow/.local/lib/python3.6/site-packages/airflow/example_dags/example_trigger_target_dag.py
[2023-12-06 07:57:49,822] {processor.py:613} INFO - Processing file /home/airflow/.local/lib/python3.6/site-packages/airflow/example_dags/example_trigger_target_dag.py for tasks to queue
[2023-12-06 07:57:49,823] {logging_mixin.py:109} INFO - [2023-12-06 07:57:49,823] {dagbag.py:496} INFO - Filling up the DagBag from /home/airflow/.local/lib/python3.6/site-packages/airflow/example_dags/example_trigger_target_dag.py
[2023-12-06 07:57:49,833] {processor.py:623} INFO - DAG(s) dict_keys(['example_trigger_target_dag']) retrieved from /home/airflow/.local/lib/python3.6/site-packages/airflow/example_dags/example_trigger_target_dag.py
[2023-12-06 07:57:49,850] {logging_mixin.py:109} INFO - [2023-12-06 07:57:49,850] {dag.py:1834} INFO - Sync 1 DAGs
[2023-12-06 07:57:49,861] {logging_mixin.py:109} INFO - [2023-12-06 07:57:49,861] {dag.py:2287} INFO - Setting next_dagrun for example_trigger_target_dag to None
[2023-12-06 07:57:49,871] {processor.py:170} INFO - Processing /home/airflow/.local/lib/python3.6/site-packages/airflow/example_dags/example_trigger_target_dag.py took 0.052 seconds
[2023-12-06 07:58:20,509] {processor.py:162} INFO - Started process (PID=5296) to work on /home/airflow/.local/lib/python3.6/site-packages/airflow/example_dags/example_trigger_target_dag.py
[2023-12-06 07:58:20,511] {processor.py:613} INFO - Processing file /home/airflow/.local/lib/python3.6/site-packages/airflow/example_dags/example_trigger_target_dag.py for tasks to queue
[2023-12-06 07:58:20,512] {logging_mixin.py:109} INFO - [2023-12-06 07:58:20,512] {dagbag.py:496} INFO - Filling up the DagBag from /home/airflow/.local/lib/python3.6/site-packages/airflow/example_dags/example_trigger_target_dag.py
[2023-12-06 07:58:20,522] {processor.py:623} INFO - DAG(s) dict_keys(['example_trigger_target_dag']) retrieved from /home/airflow/.local/lib/python3.6/site-packages/airflow/example_dags/example_trigger_target_dag.py
[2023-12-06 07:58:20,539] {logging_mixin.py:109} INFO - [2023-12-06 07:58:20,539] {dag.py:1834} INFO - Sync 1 DAGs
[2023-12-06 07:58:20,549] {logging_mixin.py:109} INFO - [2023-12-06 07:58:20,549] {dag.py:2287} INFO - Setting next_dagrun for example_trigger_target_dag to None
[2023-12-06 07:58:20,559] {processor.py:170} INFO - Processing /home/airflow/.local/lib/python3.6/site-packages/airflow/example_dags/example_trigger_target_dag.py took 0.051 seconds
[2023-12-06 07:58:51,273] {processor.py:162} INFO - Started process (PID=5501) to work on /home/airflow/.local/lib/python3.6/site-packages/airflow/example_dags/example_trigger_target_dag.py
[2023-12-06 07:58:51,274] {processor.py:613} INFO - Processing file /home/airflow/.local/lib/python3.6/site-packages/airflow/example_dags/example_trigger_target_dag.py for tasks to queue
[2023-12-06 07:58:51,274] {logging_mixin.py:109} INFO - [2023-12-06 07:58:51,274] {dagbag.py:496} INFO - Filling up the DagBag from /home/airflow/.local/lib/python3.6/site-packages/airflow/example_dags/example_trigger_target_dag.py
[2023-12-06 07:58:51,284] {processor.py:623} INFO - DAG(s) dict_keys(['example_trigger_target_dag']) retrieved from /home/airflow/.local/lib/python3.6/site-packages/airflow/example_dags/example_trigger_target_dag.py
[2023-12-06 07:58:51,301] {logging_mixin.py:109} INFO - [2023-12-06 07:58:51,301] {dag.py:1834} INFO - Sync 1 DAGs
[2023-12-06 07:58:51,312] {logging_mixin.py:109} INFO - [2023-12-06 07:58:51,312] {dag.py:2287} INFO - Setting next_dagrun for example_trigger_target_dag to None
[2023-12-06 07:58:51,321] {processor.py:170} INFO - Processing /home/airflow/.local/lib/python3.6/site-packages/airflow/example_dags/example_trigger_target_dag.py took 0.051 seconds
[2023-12-06 07:59:21,957] {processor.py:162} INFO - Started process (PID=5706) to work on /home/airflow/.local/lib/python3.6/site-packages/airflow/example_dags/example_trigger_target_dag.py
[2023-12-06 07:59:21,958] {processor.py:613} INFO - Processing file /home/airflow/.local/lib/python3.6/site-packages/airflow/example_dags/example_trigger_target_dag.py for tasks to queue
[2023-12-06 07:59:21,959] {logging_mixin.py:109} INFO - [2023-12-06 07:59:21,959] {dagbag.py:496} INFO - Filling up the DagBag from /home/airflow/.local/lib/python3.6/site-packages/airflow/example_dags/example_trigger_target_dag.py
[2023-12-06 07:59:21,974] {processor.py:623} INFO - DAG(s) dict_keys(['example_trigger_target_dag']) retrieved from /home/airflow/.local/lib/python3.6/site-packages/airflow/example_dags/example_trigger_target_dag.py
[2023-12-06 07:59:21,990] {logging_mixin.py:109} INFO - [2023-12-06 07:59:21,990] {dag.py:1834} INFO - Sync 1 DAGs
[2023-12-06 07:59:22,005] {logging_mixin.py:109} INFO - [2023-12-06 07:59:22,005] {dag.py:2287} INFO - Setting next_dagrun for example_trigger_target_dag to None
[2023-12-06 07:59:22,015] {processor.py:170} INFO - Processing /home/airflow/.local/lib/python3.6/site-packages/airflow/example_dags/example_trigger_target_dag.py took 0.062 seconds
[2023-12-06 07:59:52,574] {processor.py:162} INFO - Started process (PID=5901) to work on /home/airflow/.local/lib/python3.6/site-packages/airflow/example_dags/example_trigger_target_dag.py
[2023-12-06 07:59:52,575] {processor.py:613} INFO - Processing file /home/airflow/.local/lib/python3.6/site-packages/airflow/example_dags/example_trigger_target_dag.py for tasks to queue
[2023-12-06 07:59:52,575] {logging_mixin.py:109} INFO - [2023-12-06 07:59:52,575] {dagbag.py:496} INFO - Filling up the DagBag from /home/airflow/.local/lib/python3.6/site-packages/airflow/example_dags/example_trigger_target_dag.py
[2023-12-06 07:59:52,585] {processor.py:623} INFO - DAG(s) dict_keys(['example_trigger_target_dag']) retrieved from /home/airflow/.local/lib/python3.6/site-packages/airflow/example_dags/example_trigger_target_dag.py
[2023-12-06 07:59:52,602] {logging_mixin.py:109} INFO - [2023-12-06 07:59:52,602] {dag.py:1834} INFO - Sync 1 DAGs
[2023-12-06 07:59:52,612] {logging_mixin.py:109} INFO - [2023-12-06 07:59:52,612] {dag.py:2287} INFO - Setting next_dagrun for example_trigger_target_dag to None
[2023-12-06 07:59:52,622] {processor.py:170} INFO - Processing /home/airflow/.local/lib/python3.6/site-packages/airflow/example_dags/example_trigger_target_dag.py took 0.050 seconds
[2023-12-06 08:00:23,457] {processor.py:162} INFO - Started process (PID=6191) to work on /home/airflow/.local/lib/python3.6/site-packages/airflow/example_dags/example_trigger_target_dag.py
[2023-12-06 08:00:23,457] {processor.py:613} INFO - Processing file /home/airflow/.local/lib/python3.6/site-packages/airflow/example_dags/example_trigger_target_dag.py for tasks to queue
[2023-12-06 08:00:23,458] {logging_mixin.py:109} INFO - [2023-12-06 08:00:23,458] {dagbag.py:496} INFO - Filling up the DagBag from /home/airflow/.local/lib/python3.6/site-packages/airflow/example_dags/example_trigger_target_dag.py
[2023-12-06 08:00:23,469] {processor.py:623} INFO - DAG(s) dict_keys(['example_trigger_target_dag']) retrieved from /home/airflow/.local/lib/python3.6/site-packages/airflow/example_dags/example_trigger_target_dag.py
[2023-12-06 08:00:23,485] {logging_mixin.py:109} INFO - [2023-12-06 08:00:23,485] {dag.py:1834} INFO - Sync 1 DAGs
[2023-12-06 08:00:23,495] {logging_mixin.py:109} INFO - [2023-12-06 08:00:23,495] {dag.py:2287} INFO - Setting next_dagrun for example_trigger_target_dag to None
[2023-12-06 08:00:23,505] {processor.py:170} INFO - Processing /home/airflow/.local/lib/python3.6/site-packages/airflow/example_dags/example_trigger_target_dag.py took 0.051 seconds
[2023-12-06 08:00:54,261] {processor.py:162} INFO - Started process (PID=6396) to work on /home/airflow/.local/lib/python3.6/site-packages/airflow/example_dags/example_trigger_target_dag.py
[2023-12-06 08:00:54,262] {processor.py:613} INFO - Processing file /home/airflow/.local/lib/python3.6/site-packages/airflow/example_dags/example_trigger_target_dag.py for tasks to queue
[2023-12-06 08:00:54,263] {logging_mixin.py:109} INFO - [2023-12-06 08:00:54,263] {dagbag.py:496} INFO - Filling up the DagBag from /home/airflow/.local/lib/python3.6/site-packages/airflow/example_dags/example_trigger_target_dag.py
[2023-12-06 08:00:54,273] {processor.py:623} INFO - DAG(s) dict_keys(['example_trigger_target_dag']) retrieved from /home/airflow/.local/lib/python3.6/site-packages/airflow/example_dags/example_trigger_target_dag.py
[2023-12-06 08:00:54,289] {logging_mixin.py:109} INFO - [2023-12-06 08:00:54,289] {dag.py:1834} INFO - Sync 1 DAGs
[2023-12-06 08:00:54,299] {logging_mixin.py:109} INFO - [2023-12-06 08:00:54,299] {dag.py:2287} INFO - Setting next_dagrun for example_trigger_target_dag to None
[2023-12-06 08:00:54,309] {processor.py:170} INFO - Processing /home/airflow/.local/lib/python3.6/site-packages/airflow/example_dags/example_trigger_target_dag.py took 0.050 seconds
[2023-12-06 08:01:24,945] {processor.py:162} INFO - Started process (PID=6591) to work on /home/airflow/.local/lib/python3.6/site-packages/airflow/example_dags/example_trigger_target_dag.py
[2023-12-06 08:01:24,946] {processor.py:613} INFO - Processing file /home/airflow/.local/lib/python3.6/site-packages/airflow/example_dags/example_trigger_target_dag.py for tasks to queue
[2023-12-06 08:01:24,946] {logging_mixin.py:109} INFO - [2023-12-06 08:01:24,946] {dagbag.py:496} INFO - Filling up the DagBag from /home/airflow/.local/lib/python3.6/site-packages/airflow/example_dags/example_trigger_target_dag.py
[2023-12-06 08:01:24,956] {processor.py:623} INFO - DAG(s) dict_keys(['example_trigger_target_dag']) retrieved from /home/airflow/.local/lib/python3.6/site-packages/airflow/example_dags/example_trigger_target_dag.py
[2023-12-06 08:01:24,973] {logging_mixin.py:109} INFO - [2023-12-06 08:01:24,973] {dag.py:1834} INFO - Sync 1 DAGs
[2023-12-06 08:01:24,984] {logging_mixin.py:109} INFO - [2023-12-06 08:01:24,984] {dag.py:2287} INFO - Setting next_dagrun for example_trigger_target_dag to None
[2023-12-06 08:01:24,995] {processor.py:170} INFO - Processing /home/airflow/.local/lib/python3.6/site-packages/airflow/example_dags/example_trigger_target_dag.py took 0.052 seconds
[2023-12-06 08:01:55,591] {processor.py:162} INFO - Started process (PID=6796) to work on /home/airflow/.local/lib/python3.6/site-packages/airflow/example_dags/example_trigger_target_dag.py
[2023-12-06 08:01:55,592] {processor.py:613} INFO - Processing file /home/airflow/.local/lib/python3.6/site-packages/airflow/example_dags/example_trigger_target_dag.py for tasks to queue
[2023-12-06 08:01:55,593] {logging_mixin.py:109} INFO - [2023-12-06 08:01:55,593] {dagbag.py:496} INFO - Filling up the DagBag from /home/airflow/.local/lib/python3.6/site-packages/airflow/example_dags/example_trigger_target_dag.py
[2023-12-06 08:01:55,603] {processor.py:623} INFO - DAG(s) dict_keys(['example_trigger_target_dag']) retrieved from /home/airflow/.local/lib/python3.6/site-packages/airflow/example_dags/example_trigger_target_dag.py
[2023-12-06 08:01:55,621] {logging_mixin.py:109} INFO - [2023-12-06 08:01:55,620] {dag.py:1834} INFO - Sync 1 DAGs
[2023-12-06 08:01:55,631] {logging_mixin.py:109} INFO - [2023-12-06 08:01:55,631] {dag.py:2287} INFO - Setting next_dagrun for example_trigger_target_dag to None
[2023-12-06 08:01:55,641] {processor.py:170} INFO - Processing /home/airflow/.local/lib/python3.6/site-packages/airflow/example_dags/example_trigger_target_dag.py took 0.052 seconds
[2023-12-06 08:02:26,164] {processor.py:162} INFO - Started process (PID=7001) to work on /home/airflow/.local/lib/python3.6/site-packages/airflow/example_dags/example_trigger_target_dag.py
[2023-12-06 08:02:26,165] {processor.py:613} INFO - Processing file /home/airflow/.local/lib/python3.6/site-packages/airflow/example_dags/example_trigger_target_dag.py for tasks to queue
[2023-12-06 08:02:26,165] {logging_mixin.py:109} INFO - [2023-12-06 08:02:26,165] {dagbag.py:496} INFO - Filling up the DagBag from /home/airflow/.local/lib/python3.6/site-packages/airflow/example_dags/example_trigger_target_dag.py
[2023-12-06 08:02:26,175] {processor.py:623} INFO - DAG(s) dict_keys(['example_trigger_target_dag']) retrieved from /home/airflow/.local/lib/python3.6/site-packages/airflow/example_dags/example_trigger_target_dag.py
[2023-12-06 08:02:26,192] {logging_mixin.py:109} INFO - [2023-12-06 08:02:26,192] {dag.py:1834} INFO - Sync 1 DAGs
[2023-12-06 08:02:26,204] {logging_mixin.py:109} INFO - [2023-12-06 08:02:26,204] {dag.py:2287} INFO - Setting next_dagrun for example_trigger_target_dag to None
[2023-12-06 08:02:26,213] {processor.py:170} INFO - Processing /home/airflow/.local/lib/python3.6/site-packages/airflow/example_dags/example_trigger_target_dag.py took 0.051 seconds
[2023-12-06 08:02:56,895] {processor.py:162} INFO - Started process (PID=7197) to work on /home/airflow/.local/lib/python3.6/site-packages/airflow/example_dags/example_trigger_target_dag.py
[2023-12-06 08:02:56,896] {processor.py:613} INFO - Processing file /home/airflow/.local/lib/python3.6/site-packages/airflow/example_dags/example_trigger_target_dag.py for tasks to queue
[2023-12-06 08:02:56,897] {logging_mixin.py:109} INFO - [2023-12-06 08:02:56,897] {dagbag.py:496} INFO - Filling up the DagBag from /home/airflow/.local/lib/python3.6/site-packages/airflow/example_dags/example_trigger_target_dag.py
[2023-12-06 08:02:56,907] {processor.py:623} INFO - DAG(s) dict_keys(['example_trigger_target_dag']) retrieved from /home/airflow/.local/lib/python3.6/site-packages/airflow/example_dags/example_trigger_target_dag.py
[2023-12-06 08:02:56,924] {logging_mixin.py:109} INFO - [2023-12-06 08:02:56,924] {dag.py:1834} INFO - Sync 1 DAGs
[2023-12-06 08:02:56,934] {logging_mixin.py:109} INFO - [2023-12-06 08:02:56,934] {dag.py:2287} INFO - Setting next_dagrun for example_trigger_target_dag to None
[2023-12-06 08:02:56,945] {processor.py:170} INFO - Processing /home/airflow/.local/lib/python3.6/site-packages/airflow/example_dags/example_trigger_target_dag.py took 0.051 seconds
[2023-12-06 08:03:27,612] {processor.py:162} INFO - Started process (PID=7403) to work on /home/airflow/.local/lib/python3.6/site-packages/airflow/example_dags/example_trigger_target_dag.py
[2023-12-06 08:03:27,613] {processor.py:613} INFO - Processing file /home/airflow/.local/lib/python3.6/site-packages/airflow/example_dags/example_trigger_target_dag.py for tasks to queue
[2023-12-06 08:03:27,614] {logging_mixin.py:109} INFO - [2023-12-06 08:03:27,614] {dagbag.py:496} INFO - Filling up the DagBag from /home/airflow/.local/lib/python3.6/site-packages/airflow/example_dags/example_trigger_target_dag.py
[2023-12-06 08:03:27,624] {processor.py:623} INFO - DAG(s) dict_keys(['example_trigger_target_dag']) retrieved from /home/airflow/.local/lib/python3.6/site-packages/airflow/example_dags/example_trigger_target_dag.py
[2023-12-06 08:03:27,641] {logging_mixin.py:109} INFO - [2023-12-06 08:03:27,641] {dag.py:1834} INFO - Sync 1 DAGs
[2023-12-06 08:03:27,652] {logging_mixin.py:109} INFO - [2023-12-06 08:03:27,652] {dag.py:2287} INFO - Setting next_dagrun for example_trigger_target_dag to None
[2023-12-06 08:03:27,666] {processor.py:170} INFO - Processing /home/airflow/.local/lib/python3.6/site-packages/airflow/example_dags/example_trigger_target_dag.py took 0.056 seconds
[2023-12-06 08:03:58,327] {processor.py:162} INFO - Started process (PID=7598) to work on /home/airflow/.local/lib/python3.6/site-packages/airflow/example_dags/example_trigger_target_dag.py
[2023-12-06 08:03:58,329] {processor.py:613} INFO - Processing file /home/airflow/.local/lib/python3.6/site-packages/airflow/example_dags/example_trigger_target_dag.py for tasks to queue
[2023-12-06 08:03:58,329] {logging_mixin.py:109} INFO - [2023-12-06 08:03:58,329] {dagbag.py:496} INFO - Filling up the DagBag from /home/airflow/.local/lib/python3.6/site-packages/airflow/example_dags/example_trigger_target_dag.py
[2023-12-06 08:03:58,338] {processor.py:623} INFO - DAG(s) dict_keys(['example_trigger_target_dag']) retrieved from /home/airflow/.local/lib/python3.6/site-packages/airflow/example_dags/example_trigger_target_dag.py
[2023-12-06 08:03:58,355] {logging_mixin.py:109} INFO - [2023-12-06 08:03:58,354] {dag.py:1834} INFO - Sync 1 DAGs
[2023-12-06 08:03:58,365] {logging_mixin.py:109} INFO - [2023-12-06 08:03:58,365] {dag.py:2287} INFO - Setting next_dagrun for example_trigger_target_dag to None
[2023-12-06 08:03:58,376] {processor.py:170} INFO - Processing /home/airflow/.local/lib/python3.6/site-packages/airflow/example_dags/example_trigger_target_dag.py took 0.051 seconds
[2023-12-06 08:04:28,682] {processor.py:162} INFO - Started process (PID=7802) to work on /home/airflow/.local/lib/python3.6/site-packages/airflow/example_dags/example_trigger_target_dag.py
[2023-12-06 08:04:28,684] {processor.py:613} INFO - Processing file /home/airflow/.local/lib/python3.6/site-packages/airflow/example_dags/example_trigger_target_dag.py for tasks to queue
[2023-12-06 08:04:28,684] {logging_mixin.py:109} INFO - [2023-12-06 08:04:28,684] {dagbag.py:496} INFO - Filling up the DagBag from /home/airflow/.local/lib/python3.6/site-packages/airflow/example_dags/example_trigger_target_dag.py
[2023-12-06 08:04:28,693] {processor.py:623} INFO - DAG(s) dict_keys(['example_trigger_target_dag']) retrieved from /home/airflow/.local/lib/python3.6/site-packages/airflow/example_dags/example_trigger_target_dag.py
[2023-12-06 08:04:28,711] {logging_mixin.py:109} INFO - [2023-12-06 08:04:28,710] {dag.py:1834} INFO - Sync 1 DAGs
[2023-12-06 08:04:28,721] {logging_mixin.py:109} INFO - [2023-12-06 08:04:28,721] {dag.py:2287} INFO - Setting next_dagrun for example_trigger_target_dag to None
[2023-12-06 08:04:28,732] {processor.py:170} INFO - Processing /home/airflow/.local/lib/python3.6/site-packages/airflow/example_dags/example_trigger_target_dag.py took 0.053 seconds
[2023-12-06 08:04:59,325] {processor.py:162} INFO - Started process (PID=8007) to work on /home/airflow/.local/lib/python3.6/site-packages/airflow/example_dags/example_trigger_target_dag.py
[2023-12-06 08:04:59,327] {processor.py:613} INFO - Processing file /home/airflow/.local/lib/python3.6/site-packages/airflow/example_dags/example_trigger_target_dag.py for tasks to queue
[2023-12-06 08:04:59,327] {logging_mixin.py:109} INFO - [2023-12-06 08:04:59,327] {dagbag.py:496} INFO - Filling up the DagBag from /home/airflow/.local/lib/python3.6/site-packages/airflow/example_dags/example_trigger_target_dag.py
[2023-12-06 08:04:59,337] {processor.py:623} INFO - DAG(s) dict_keys(['example_trigger_target_dag']) retrieved from /home/airflow/.local/lib/python3.6/site-packages/airflow/example_dags/example_trigger_target_dag.py
[2023-12-06 08:04:59,353] {logging_mixin.py:109} INFO - [2023-12-06 08:04:59,353] {dag.py:1834} INFO - Sync 1 DAGs
[2023-12-06 08:04:59,365] {logging_mixin.py:109} INFO - [2023-12-06 08:04:59,364] {dag.py:2287} INFO - Setting next_dagrun for example_trigger_target_dag to None
[2023-12-06 08:04:59,375] {processor.py:170} INFO - Processing /home/airflow/.local/lib/python3.6/site-packages/airflow/example_dags/example_trigger_target_dag.py took 0.052 seconds
[2023-12-06 08:05:29,782] {processor.py:162} INFO - Started process (PID=8202) to work on /home/airflow/.local/lib/python3.6/site-packages/airflow/example_dags/example_trigger_target_dag.py
[2023-12-06 08:05:29,782] {processor.py:613} INFO - Processing file /home/airflow/.local/lib/python3.6/site-packages/airflow/example_dags/example_trigger_target_dag.py for tasks to queue
[2023-12-06 08:05:29,783] {logging_mixin.py:109} INFO - [2023-12-06 08:05:29,783] {dagbag.py:496} INFO - Filling up the DagBag from /home/airflow/.local/lib/python3.6/site-packages/airflow/example_dags/example_trigger_target_dag.py
[2023-12-06 08:05:29,792] {processor.py:623} INFO - DAG(s) dict_keys(['example_trigger_target_dag']) retrieved from /home/airflow/.local/lib/python3.6/site-packages/airflow/example_dags/example_trigger_target_dag.py
[2023-12-06 08:05:29,808] {logging_mixin.py:109} INFO - [2023-12-06 08:05:29,808] {dag.py:1834} INFO - Sync 1 DAGs
[2023-12-06 08:05:29,819] {logging_mixin.py:109} INFO - [2023-12-06 08:05:29,818] {dag.py:2287} INFO - Setting next_dagrun for example_trigger_target_dag to None
[2023-12-06 08:05:29,829] {processor.py:170} INFO - Processing /home/airflow/.local/lib/python3.6/site-packages/airflow/example_dags/example_trigger_target_dag.py took 0.049 seconds
[2023-12-06 08:06:00,518] {processor.py:162} INFO - Started process (PID=8407) to work on /home/airflow/.local/lib/python3.6/site-packages/airflow/example_dags/example_trigger_target_dag.py
[2023-12-06 08:06:00,519] {processor.py:613} INFO - Processing file /home/airflow/.local/lib/python3.6/site-packages/airflow/example_dags/example_trigger_target_dag.py for tasks to queue
[2023-12-06 08:06:00,520] {logging_mixin.py:109} INFO - [2023-12-06 08:06:00,519] {dagbag.py:496} INFO - Filling up the DagBag from /home/airflow/.local/lib/python3.6/site-packages/airflow/example_dags/example_trigger_target_dag.py
[2023-12-06 08:06:00,529] {processor.py:623} INFO - DAG(s) dict_keys(['example_trigger_target_dag']) retrieved from /home/airflow/.local/lib/python3.6/site-packages/airflow/example_dags/example_trigger_target_dag.py
[2023-12-06 08:06:00,546] {logging_mixin.py:109} INFO - [2023-12-06 08:06:00,546] {dag.py:1834} INFO - Sync 1 DAGs
[2023-12-06 08:06:00,556] {logging_mixin.py:109} INFO - [2023-12-06 08:06:00,556] {dag.py:2287} INFO - Setting next_dagrun for example_trigger_target_dag to None
[2023-12-06 08:06:00,567] {processor.py:170} INFO - Processing /home/airflow/.local/lib/python3.6/site-packages/airflow/example_dags/example_trigger_target_dag.py took 0.052 seconds
[2023-12-06 08:06:31,205] {processor.py:162} INFO - Started process (PID=8611) to work on /home/airflow/.local/lib/python3.6/site-packages/airflow/example_dags/example_trigger_target_dag.py
[2023-12-06 08:06:31,207] {processor.py:613} INFO - Processing file /home/airflow/.local/lib/python3.6/site-packages/airflow/example_dags/example_trigger_target_dag.py for tasks to queue
[2023-12-06 08:06:31,207] {logging_mixin.py:109} INFO - [2023-12-06 08:06:31,207] {dagbag.py:496} INFO - Filling up the DagBag from /home/airflow/.local/lib/python3.6/site-packages/airflow/example_dags/example_trigger_target_dag.py
[2023-12-06 08:06:31,217] {processor.py:623} INFO - DAG(s) dict_keys(['example_trigger_target_dag']) retrieved from /home/airflow/.local/lib/python3.6/site-packages/airflow/example_dags/example_trigger_target_dag.py
[2023-12-06 08:06:31,234] {logging_mixin.py:109} INFO - [2023-12-06 08:06:31,234] {dag.py:1834} INFO - Sync 1 DAGs
[2023-12-06 08:06:31,244] {logging_mixin.py:109} INFO - [2023-12-06 08:06:31,244] {dag.py:2287} INFO - Setting next_dagrun for example_trigger_target_dag to None
[2023-12-06 08:06:31,255] {processor.py:170} INFO - Processing /home/airflow/.local/lib/python3.6/site-packages/airflow/example_dags/example_trigger_target_dag.py took 0.052 seconds
[2023-12-06 08:07:01,867] {processor.py:162} INFO - Started process (PID=8807) to work on /home/airflow/.local/lib/python3.6/site-packages/airflow/example_dags/example_trigger_target_dag.py
[2023-12-06 08:07:01,868] {processor.py:613} INFO - Processing file /home/airflow/.local/lib/python3.6/site-packages/airflow/example_dags/example_trigger_target_dag.py for tasks to queue
[2023-12-06 08:07:01,869] {logging_mixin.py:109} INFO - [2023-12-06 08:07:01,868] {dagbag.py:496} INFO - Filling up the DagBag from /home/airflow/.local/lib/python3.6/site-packages/airflow/example_dags/example_trigger_target_dag.py
[2023-12-06 08:07:01,878] {processor.py:623} INFO - DAG(s) dict_keys(['example_trigger_target_dag']) retrieved from /home/airflow/.local/lib/python3.6/site-packages/airflow/example_dags/example_trigger_target_dag.py
[2023-12-06 08:07:01,894] {logging_mixin.py:109} INFO - [2023-12-06 08:07:01,894] {dag.py:1834} INFO - Sync 1 DAGs
[2023-12-06 08:07:01,905] {logging_mixin.py:109} INFO - [2023-12-06 08:07:01,904] {dag.py:2287} INFO - Setting next_dagrun for example_trigger_target_dag to None
[2023-12-06 08:07:01,915] {processor.py:170} INFO - Processing /home/airflow/.local/lib/python3.6/site-packages/airflow/example_dags/example_trigger_target_dag.py took 0.049 seconds
[2023-12-06 08:07:32,405] {processor.py:162} INFO - Started process (PID=9012) to work on /home/airflow/.local/lib/python3.6/site-packages/airflow/example_dags/example_trigger_target_dag.py
[2023-12-06 08:07:32,406] {processor.py:613} INFO - Processing file /home/airflow/.local/lib/python3.6/site-packages/airflow/example_dags/example_trigger_target_dag.py for tasks to queue
[2023-12-06 08:07:32,407] {logging_mixin.py:109} INFO - [2023-12-06 08:07:32,407] {dagbag.py:496} INFO - Filling up the DagBag from /home/airflow/.local/lib/python3.6/site-packages/airflow/example_dags/example_trigger_target_dag.py
[2023-12-06 08:07:32,416] {processor.py:623} INFO - DAG(s) dict_keys(['example_trigger_target_dag']) retrieved from /home/airflow/.local/lib/python3.6/site-packages/airflow/example_dags/example_trigger_target_dag.py
[2023-12-06 08:07:32,431] {logging_mixin.py:109} INFO - [2023-12-06 08:07:32,431] {dag.py:1834} INFO - Sync 1 DAGs
[2023-12-06 08:07:32,441] {logging_mixin.py:109} INFO - [2023-12-06 08:07:32,441] {dag.py:2287} INFO - Setting next_dagrun for example_trigger_target_dag to None
[2023-12-06 08:07:32,451] {processor.py:170} INFO - Processing /home/airflow/.local/lib/python3.6/site-packages/airflow/example_dags/example_trigger_target_dag.py took 0.048 seconds
