[2023-12-06 07:46:04,566] {processor.py:162} INFO - Started process (PID=366) to work on /home/airflow/.local/lib/python3.6/site-packages/airflow/example_dags/example_branch_datetime_operator.py
[2023-12-06 07:46:04,567] {processor.py:613} INFO - Processing file /home/airflow/.local/lib/python3.6/site-packages/airflow/example_dags/example_branch_datetime_operator.py for tasks to queue
[2023-12-06 07:46:04,567] {logging_mixin.py:109} INFO - [2023-12-06 07:46:04,567] {dagbag.py:496} INFO - Filling up the DagBag from /home/airflow/.local/lib/python3.6/site-packages/airflow/example_dags/example_branch_datetime_operator.py
[2023-12-06 07:46:04,576] {processor.py:623} INFO - DAG(s) dict_keys(['example_branch_datetime_operator_2']) retrieved from /home/airflow/.local/lib/python3.6/site-packages/airflow/example_dags/example_branch_datetime_operator.py
[2023-12-06 07:46:04,756] {logging_mixin.py:109} INFO - [2023-12-06 07:46:04,756] {dag.py:1834} INFO - Sync 1 DAGs
[2023-12-06 07:46:04,771] {logging_mixin.py:109} INFO - [2023-12-06 07:46:04,770] {dag.py:2287} INFO - Setting next_dagrun for example_branch_datetime_operator_2 to 2023-12-04 00:00:00+00:00
[2023-12-06 07:46:04,788] {processor.py:170} INFO - Processing /home/airflow/.local/lib/python3.6/site-packages/airflow/example_dags/example_branch_datetime_operator.py took 0.224 seconds
[2023-12-06 07:46:35,085] {processor.py:162} INFO - Started process (PID=646) to work on /home/airflow/.local/lib/python3.6/site-packages/airflow/example_dags/example_branch_datetime_operator.py
[2023-12-06 07:46:35,086] {processor.py:613} INFO - Processing file /home/airflow/.local/lib/python3.6/site-packages/airflow/example_dags/example_branch_datetime_operator.py for tasks to queue
[2023-12-06 07:46:35,087] {logging_mixin.py:109} INFO - [2023-12-06 07:46:35,086] {dagbag.py:496} INFO - Filling up the DagBag from /home/airflow/.local/lib/python3.6/site-packages/airflow/example_dags/example_branch_datetime_operator.py
[2023-12-06 07:46:35,096] {processor.py:623} INFO - DAG(s) dict_keys(['example_branch_datetime_operator_2']) retrieved from /home/airflow/.local/lib/python3.6/site-packages/airflow/example_dags/example_branch_datetime_operator.py
[2023-12-06 07:46:35,115] {logging_mixin.py:109} INFO - [2023-12-06 07:46:35,115] {dag.py:1834} INFO - Sync 1 DAGs
[2023-12-06 07:46:35,129] {logging_mixin.py:109} INFO - [2023-12-06 07:46:35,129] {dag.py:2287} INFO - Setting next_dagrun for example_branch_datetime_operator_2 to 2023-12-04 00:00:00+00:00
[2023-12-06 07:46:35,140] {processor.py:170} INFO - Processing /home/airflow/.local/lib/python3.6/site-packages/airflow/example_dags/example_branch_datetime_operator.py took 0.058 seconds
[2023-12-06 07:47:05,816] {processor.py:162} INFO - Started process (PID=851) to work on /home/airflow/.local/lib/python3.6/site-packages/airflow/example_dags/example_branch_datetime_operator.py
[2023-12-06 07:47:05,817] {processor.py:613} INFO - Processing file /home/airflow/.local/lib/python3.6/site-packages/airflow/example_dags/example_branch_datetime_operator.py for tasks to queue
[2023-12-06 07:47:05,818] {logging_mixin.py:109} INFO - [2023-12-06 07:47:05,818] {dagbag.py:496} INFO - Filling up the DagBag from /home/airflow/.local/lib/python3.6/site-packages/airflow/example_dags/example_branch_datetime_operator.py
[2023-12-06 07:47:05,828] {processor.py:623} INFO - DAG(s) dict_keys(['example_branch_datetime_operator_2']) retrieved from /home/airflow/.local/lib/python3.6/site-packages/airflow/example_dags/example_branch_datetime_operator.py
[2023-12-06 07:47:05,849] {logging_mixin.py:109} INFO - [2023-12-06 07:47:05,849] {dag.py:1834} INFO - Sync 1 DAGs
[2023-12-06 07:47:05,863] {logging_mixin.py:109} INFO - [2023-12-06 07:47:05,863] {dag.py:2287} INFO - Setting next_dagrun for example_branch_datetime_operator_2 to 2023-12-04 00:00:00+00:00
[2023-12-06 07:47:05,875] {processor.py:170} INFO - Processing /home/airflow/.local/lib/python3.6/site-packages/airflow/example_dags/example_branch_datetime_operator.py took 0.062 seconds
[2023-12-06 07:47:36,478] {processor.py:162} INFO - Started process (PID=1046) to work on /home/airflow/.local/lib/python3.6/site-packages/airflow/example_dags/example_branch_datetime_operator.py
[2023-12-06 07:47:36,480] {processor.py:613} INFO - Processing file /home/airflow/.local/lib/python3.6/site-packages/airflow/example_dags/example_branch_datetime_operator.py for tasks to queue
[2023-12-06 07:47:36,480] {logging_mixin.py:109} INFO - [2023-12-06 07:47:36,480] {dagbag.py:496} INFO - Filling up the DagBag from /home/airflow/.local/lib/python3.6/site-packages/airflow/example_dags/example_branch_datetime_operator.py
[2023-12-06 07:47:36,489] {processor.py:623} INFO - DAG(s) dict_keys(['example_branch_datetime_operator_2']) retrieved from /home/airflow/.local/lib/python3.6/site-packages/airflow/example_dags/example_branch_datetime_operator.py
[2023-12-06 07:47:36,507] {logging_mixin.py:109} INFO - [2023-12-06 07:47:36,507] {dag.py:1834} INFO - Sync 1 DAGs
[2023-12-06 07:47:36,520] {logging_mixin.py:109} INFO - [2023-12-06 07:47:36,519] {dag.py:2287} INFO - Setting next_dagrun for example_branch_datetime_operator_2 to 2023-12-04 00:00:00+00:00
[2023-12-06 07:47:36,530] {processor.py:170} INFO - Processing /home/airflow/.local/lib/python3.6/site-packages/airflow/example_dags/example_branch_datetime_operator.py took 0.053 seconds
[2023-12-06 07:48:07,039] {processor.py:162} INFO - Started process (PID=1251) to work on /home/airflow/.local/lib/python3.6/site-packages/airflow/example_dags/example_branch_datetime_operator.py
[2023-12-06 07:48:07,040] {processor.py:613} INFO - Processing file /home/airflow/.local/lib/python3.6/site-packages/airflow/example_dags/example_branch_datetime_operator.py for tasks to queue
[2023-12-06 07:48:07,041] {logging_mixin.py:109} INFO - [2023-12-06 07:48:07,040] {dagbag.py:496} INFO - Filling up the DagBag from /home/airflow/.local/lib/python3.6/site-packages/airflow/example_dags/example_branch_datetime_operator.py
[2023-12-06 07:48:07,049] {processor.py:623} INFO - DAG(s) dict_keys(['example_branch_datetime_operator_2']) retrieved from /home/airflow/.local/lib/python3.6/site-packages/airflow/example_dags/example_branch_datetime_operator.py
[2023-12-06 07:48:07,065] {logging_mixin.py:109} INFO - [2023-12-06 07:48:07,065] {dag.py:1834} INFO - Sync 1 DAGs
[2023-12-06 07:48:07,078] {logging_mixin.py:109} INFO - [2023-12-06 07:48:07,078] {dag.py:2287} INFO - Setting next_dagrun for example_branch_datetime_operator_2 to 2023-12-04 00:00:00+00:00
[2023-12-06 07:48:07,088] {processor.py:170} INFO - Processing /home/airflow/.local/lib/python3.6/site-packages/airflow/example_dags/example_branch_datetime_operator.py took 0.051 seconds
[2023-12-06 07:48:37,759] {processor.py:162} INFO - Started process (PID=1456) to work on /home/airflow/.local/lib/python3.6/site-packages/airflow/example_dags/example_branch_datetime_operator.py
[2023-12-06 07:48:37,761] {processor.py:613} INFO - Processing file /home/airflow/.local/lib/python3.6/site-packages/airflow/example_dags/example_branch_datetime_operator.py for tasks to queue
[2023-12-06 07:48:37,761] {logging_mixin.py:109} INFO - [2023-12-06 07:48:37,761] {dagbag.py:496} INFO - Filling up the DagBag from /home/airflow/.local/lib/python3.6/site-packages/airflow/example_dags/example_branch_datetime_operator.py
[2023-12-06 07:48:37,770] {processor.py:623} INFO - DAG(s) dict_keys(['example_branch_datetime_operator_2']) retrieved from /home/airflow/.local/lib/python3.6/site-packages/airflow/example_dags/example_branch_datetime_operator.py
[2023-12-06 07:48:37,789] {logging_mixin.py:109} INFO - [2023-12-06 07:48:37,789] {dag.py:1834} INFO - Sync 1 DAGs
[2023-12-06 07:48:37,803] {logging_mixin.py:109} INFO - [2023-12-06 07:48:37,802] {dag.py:2287} INFO - Setting next_dagrun for example_branch_datetime_operator_2 to 2023-12-04 00:00:00+00:00
[2023-12-06 07:48:37,814] {processor.py:170} INFO - Processing /home/airflow/.local/lib/python3.6/site-packages/airflow/example_dags/example_branch_datetime_operator.py took 0.057 seconds
[2023-12-06 07:49:08,326] {processor.py:162} INFO - Started process (PID=1651) to work on /home/airflow/.local/lib/python3.6/site-packages/airflow/example_dags/example_branch_datetime_operator.py
[2023-12-06 07:49:08,326] {processor.py:613} INFO - Processing file /home/airflow/.local/lib/python3.6/site-packages/airflow/example_dags/example_branch_datetime_operator.py for tasks to queue
[2023-12-06 07:49:08,327] {logging_mixin.py:109} INFO - [2023-12-06 07:49:08,327] {dagbag.py:496} INFO - Filling up the DagBag from /home/airflow/.local/lib/python3.6/site-packages/airflow/example_dags/example_branch_datetime_operator.py
[2023-12-06 07:49:08,336] {processor.py:623} INFO - DAG(s) dict_keys(['example_branch_datetime_operator_2']) retrieved from /home/airflow/.local/lib/python3.6/site-packages/airflow/example_dags/example_branch_datetime_operator.py
[2023-12-06 07:49:08,354] {logging_mixin.py:109} INFO - [2023-12-06 07:49:08,353] {dag.py:1834} INFO - Sync 1 DAGs
[2023-12-06 07:49:08,368] {logging_mixin.py:109} INFO - [2023-12-06 07:49:08,368] {dag.py:2287} INFO - Setting next_dagrun for example_branch_datetime_operator_2 to 2023-12-04 00:00:00+00:00
[2023-12-06 07:49:08,380] {processor.py:170} INFO - Processing /home/airflow/.local/lib/python3.6/site-packages/airflow/example_dags/example_branch_datetime_operator.py took 0.056 seconds
[2023-12-06 07:49:39,028] {processor.py:162} INFO - Started process (PID=1856) to work on /home/airflow/.local/lib/python3.6/site-packages/airflow/example_dags/example_branch_datetime_operator.py
[2023-12-06 07:49:39,030] {processor.py:613} INFO - Processing file /home/airflow/.local/lib/python3.6/site-packages/airflow/example_dags/example_branch_datetime_operator.py for tasks to queue
[2023-12-06 07:49:39,030] {logging_mixin.py:109} INFO - [2023-12-06 07:49:39,030] {dagbag.py:496} INFO - Filling up the DagBag from /home/airflow/.local/lib/python3.6/site-packages/airflow/example_dags/example_branch_datetime_operator.py
[2023-12-06 07:49:39,039] {processor.py:623} INFO - DAG(s) dict_keys(['example_branch_datetime_operator_2']) retrieved from /home/airflow/.local/lib/python3.6/site-packages/airflow/example_dags/example_branch_datetime_operator.py
[2023-12-06 07:49:39,057] {logging_mixin.py:109} INFO - [2023-12-06 07:49:39,057] {dag.py:1834} INFO - Sync 1 DAGs
[2023-12-06 07:49:39,069] {logging_mixin.py:109} INFO - [2023-12-06 07:49:39,069] {dag.py:2287} INFO - Setting next_dagrun for example_branch_datetime_operator_2 to 2023-12-04 00:00:00+00:00
[2023-12-06 07:49:39,079] {processor.py:170} INFO - Processing /home/airflow/.local/lib/python3.6/site-packages/airflow/example_dags/example_branch_datetime_operator.py took 0.053 seconds
[2023-12-06 07:50:09,711] {processor.py:162} INFO - Started process (PID=2053) to work on /home/airflow/.local/lib/python3.6/site-packages/airflow/example_dags/example_branch_datetime_operator.py
[2023-12-06 07:50:09,712] {processor.py:613} INFO - Processing file /home/airflow/.local/lib/python3.6/site-packages/airflow/example_dags/example_branch_datetime_operator.py for tasks to queue
[2023-12-06 07:50:09,713] {logging_mixin.py:109} INFO - [2023-12-06 07:50:09,713] {dagbag.py:496} INFO - Filling up the DagBag from /home/airflow/.local/lib/python3.6/site-packages/airflow/example_dags/example_branch_datetime_operator.py
[2023-12-06 07:50:09,722] {processor.py:623} INFO - DAG(s) dict_keys(['example_branch_datetime_operator_2']) retrieved from /home/airflow/.local/lib/python3.6/site-packages/airflow/example_dags/example_branch_datetime_operator.py
[2023-12-06 07:50:09,737] {logging_mixin.py:109} INFO - [2023-12-06 07:50:09,737] {dag.py:1834} INFO - Sync 1 DAGs
[2023-12-06 07:50:09,750] {logging_mixin.py:109} INFO - [2023-12-06 07:50:09,750] {dag.py:2287} INFO - Setting next_dagrun for example_branch_datetime_operator_2 to 2023-12-04 00:00:00+00:00
[2023-12-06 07:50:09,761] {processor.py:170} INFO - Processing /home/airflow/.local/lib/python3.6/site-packages/airflow/example_dags/example_branch_datetime_operator.py took 0.052 seconds
[2023-12-06 07:50:40,096] {processor.py:162} INFO - Started process (PID=2256) to work on /home/airflow/.local/lib/python3.6/site-packages/airflow/example_dags/example_branch_datetime_operator.py
[2023-12-06 07:50:40,098] {processor.py:613} INFO - Processing file /home/airflow/.local/lib/python3.6/site-packages/airflow/example_dags/example_branch_datetime_operator.py for tasks to queue
[2023-12-06 07:50:40,098] {logging_mixin.py:109} INFO - [2023-12-06 07:50:40,098] {dagbag.py:496} INFO - Filling up the DagBag from /home/airflow/.local/lib/python3.6/site-packages/airflow/example_dags/example_branch_datetime_operator.py
[2023-12-06 07:50:40,106] {processor.py:623} INFO - DAG(s) dict_keys(['example_branch_datetime_operator_2']) retrieved from /home/airflow/.local/lib/python3.6/site-packages/airflow/example_dags/example_branch_datetime_operator.py
[2023-12-06 07:50:40,121] {logging_mixin.py:109} INFO - [2023-12-06 07:50:40,121] {dag.py:1834} INFO - Sync 1 DAGs
[2023-12-06 07:50:40,133] {logging_mixin.py:109} INFO - [2023-12-06 07:50:40,133] {dag.py:2287} INFO - Setting next_dagrun for example_branch_datetime_operator_2 to 2023-12-04 00:00:00+00:00
[2023-12-06 07:50:40,143] {processor.py:170} INFO - Processing /home/airflow/.local/lib/python3.6/site-packages/airflow/example_dags/example_branch_datetime_operator.py took 0.049 seconds
[2023-12-06 07:51:10,628] {processor.py:162} INFO - Started process (PID=2461) to work on /home/airflow/.local/lib/python3.6/site-packages/airflow/example_dags/example_branch_datetime_operator.py
[2023-12-06 07:51:10,629] {processor.py:613} INFO - Processing file /home/airflow/.local/lib/python3.6/site-packages/airflow/example_dags/example_branch_datetime_operator.py for tasks to queue
[2023-12-06 07:51:10,629] {logging_mixin.py:109} INFO - [2023-12-06 07:51:10,629] {dagbag.py:496} INFO - Filling up the DagBag from /home/airflow/.local/lib/python3.6/site-packages/airflow/example_dags/example_branch_datetime_operator.py
[2023-12-06 07:51:10,638] {processor.py:623} INFO - DAG(s) dict_keys(['example_branch_datetime_operator_2']) retrieved from /home/airflow/.local/lib/python3.6/site-packages/airflow/example_dags/example_branch_datetime_operator.py
[2023-12-06 07:51:10,656] {logging_mixin.py:109} INFO - [2023-12-06 07:51:10,656] {dag.py:1834} INFO - Sync 1 DAGs
[2023-12-06 07:51:10,669] {logging_mixin.py:109} INFO - [2023-12-06 07:51:10,669] {dag.py:2287} INFO - Setting next_dagrun for example_branch_datetime_operator_2 to 2023-12-04 00:00:00+00:00
[2023-12-06 07:51:10,681] {processor.py:170} INFO - Processing /home/airflow/.local/lib/python3.6/site-packages/airflow/example_dags/example_branch_datetime_operator.py took 0.055 seconds
[2023-12-06 07:51:41,140] {processor.py:162} INFO - Started process (PID=2656) to work on /home/airflow/.local/lib/python3.6/site-packages/airflow/example_dags/example_branch_datetime_operator.py
[2023-12-06 07:51:41,142] {processor.py:613} INFO - Processing file /home/airflow/.local/lib/python3.6/site-packages/airflow/example_dags/example_branch_datetime_operator.py for tasks to queue
[2023-12-06 07:51:41,142] {logging_mixin.py:109} INFO - [2023-12-06 07:51:41,142] {dagbag.py:496} INFO - Filling up the DagBag from /home/airflow/.local/lib/python3.6/site-packages/airflow/example_dags/example_branch_datetime_operator.py
[2023-12-06 07:51:41,151] {processor.py:623} INFO - DAG(s) dict_keys(['example_branch_datetime_operator_2']) retrieved from /home/airflow/.local/lib/python3.6/site-packages/airflow/example_dags/example_branch_datetime_operator.py
[2023-12-06 07:51:41,169] {logging_mixin.py:109} INFO - [2023-12-06 07:51:41,169] {dag.py:1834} INFO - Sync 1 DAGs
[2023-12-06 07:51:41,182] {logging_mixin.py:109} INFO - [2023-12-06 07:51:41,182] {dag.py:2287} INFO - Setting next_dagrun for example_branch_datetime_operator_2 to 2023-12-04 00:00:00+00:00
[2023-12-06 07:51:41,193] {processor.py:170} INFO - Processing /home/airflow/.local/lib/python3.6/site-packages/airflow/example_dags/example_branch_datetime_operator.py took 0.055 seconds
[2023-12-06 07:52:11,692] {processor.py:162} INFO - Started process (PID=2861) to work on /home/airflow/.local/lib/python3.6/site-packages/airflow/example_dags/example_branch_datetime_operator.py
[2023-12-06 07:52:11,693] {processor.py:613} INFO - Processing file /home/airflow/.local/lib/python3.6/site-packages/airflow/example_dags/example_branch_datetime_operator.py for tasks to queue
[2023-12-06 07:52:11,693] {logging_mixin.py:109} INFO - [2023-12-06 07:52:11,693] {dagbag.py:496} INFO - Filling up the DagBag from /home/airflow/.local/lib/python3.6/site-packages/airflow/example_dags/example_branch_datetime_operator.py
[2023-12-06 07:52:11,703] {processor.py:623} INFO - DAG(s) dict_keys(['example_branch_datetime_operator_2']) retrieved from /home/airflow/.local/lib/python3.6/site-packages/airflow/example_dags/example_branch_datetime_operator.py
[2023-12-06 07:52:11,726] {logging_mixin.py:109} INFO - [2023-12-06 07:52:11,726] {dag.py:1834} INFO - Sync 1 DAGs
[2023-12-06 07:52:11,740] {logging_mixin.py:109} INFO - [2023-12-06 07:52:11,740] {dag.py:2287} INFO - Setting next_dagrun for example_branch_datetime_operator_2 to 2023-12-04 00:00:00+00:00
[2023-12-06 07:52:11,752] {processor.py:170} INFO - Processing /home/airflow/.local/lib/python3.6/site-packages/airflow/example_dags/example_branch_datetime_operator.py took 0.062 seconds
[2023-12-06 07:52:42,146] {processor.py:162} INFO - Started process (PID=3056) to work on /home/airflow/.local/lib/python3.6/site-packages/airflow/example_dags/example_branch_datetime_operator.py
[2023-12-06 07:52:42,147] {processor.py:613} INFO - Processing file /home/airflow/.local/lib/python3.6/site-packages/airflow/example_dags/example_branch_datetime_operator.py for tasks to queue
[2023-12-06 07:52:42,148] {logging_mixin.py:109} INFO - [2023-12-06 07:52:42,148] {dagbag.py:496} INFO - Filling up the DagBag from /home/airflow/.local/lib/python3.6/site-packages/airflow/example_dags/example_branch_datetime_operator.py
[2023-12-06 07:52:42,158] {processor.py:623} INFO - DAG(s) dict_keys(['example_branch_datetime_operator_2']) retrieved from /home/airflow/.local/lib/python3.6/site-packages/airflow/example_dags/example_branch_datetime_operator.py
[2023-12-06 07:52:42,176] {logging_mixin.py:109} INFO - [2023-12-06 07:52:42,176] {dag.py:1834} INFO - Sync 1 DAGs
[2023-12-06 07:52:42,190] {logging_mixin.py:109} INFO - [2023-12-06 07:52:42,190] {dag.py:2287} INFO - Setting next_dagrun for example_branch_datetime_operator_2 to 2023-12-04 00:00:00+00:00
[2023-12-06 07:52:42,200] {processor.py:170} INFO - Processing /home/airflow/.local/lib/python3.6/site-packages/airflow/example_dags/example_branch_datetime_operator.py took 0.056 seconds
[2023-12-06 07:53:12,639] {processor.py:162} INFO - Started process (PID=3261) to work on /home/airflow/.local/lib/python3.6/site-packages/airflow/example_dags/example_branch_datetime_operator.py
[2023-12-06 07:53:12,640] {processor.py:613} INFO - Processing file /home/airflow/.local/lib/python3.6/site-packages/airflow/example_dags/example_branch_datetime_operator.py for tasks to queue
[2023-12-06 07:53:12,641] {logging_mixin.py:109} INFO - [2023-12-06 07:53:12,641] {dagbag.py:496} INFO - Filling up the DagBag from /home/airflow/.local/lib/python3.6/site-packages/airflow/example_dags/example_branch_datetime_operator.py
[2023-12-06 07:53:12,650] {processor.py:623} INFO - DAG(s) dict_keys(['example_branch_datetime_operator_2']) retrieved from /home/airflow/.local/lib/python3.6/site-packages/airflow/example_dags/example_branch_datetime_operator.py
[2023-12-06 07:53:12,667] {logging_mixin.py:109} INFO - [2023-12-06 07:53:12,667] {dag.py:1834} INFO - Sync 1 DAGs
[2023-12-06 07:53:12,682] {logging_mixin.py:109} INFO - [2023-12-06 07:53:12,682] {dag.py:2287} INFO - Setting next_dagrun for example_branch_datetime_operator_2 to 2023-12-04 00:00:00+00:00
[2023-12-06 07:53:12,693] {processor.py:170} INFO - Processing /home/airflow/.local/lib/python3.6/site-packages/airflow/example_dags/example_branch_datetime_operator.py took 0.057 seconds
[2023-12-06 07:53:43,355] {processor.py:162} INFO - Started process (PID=3466) to work on /home/airflow/.local/lib/python3.6/site-packages/airflow/example_dags/example_branch_datetime_operator.py
[2023-12-06 07:53:43,356] {processor.py:613} INFO - Processing file /home/airflow/.local/lib/python3.6/site-packages/airflow/example_dags/example_branch_datetime_operator.py for tasks to queue
[2023-12-06 07:53:43,357] {logging_mixin.py:109} INFO - [2023-12-06 07:53:43,357] {dagbag.py:496} INFO - Filling up the DagBag from /home/airflow/.local/lib/python3.6/site-packages/airflow/example_dags/example_branch_datetime_operator.py
[2023-12-06 07:53:43,365] {processor.py:623} INFO - DAG(s) dict_keys(['example_branch_datetime_operator_2']) retrieved from /home/airflow/.local/lib/python3.6/site-packages/airflow/example_dags/example_branch_datetime_operator.py
[2023-12-06 07:53:43,382] {logging_mixin.py:109} INFO - [2023-12-06 07:53:43,382] {dag.py:1834} INFO - Sync 1 DAGs
[2023-12-06 07:53:43,396] {logging_mixin.py:109} INFO - [2023-12-06 07:53:43,396] {dag.py:2287} INFO - Setting next_dagrun for example_branch_datetime_operator_2 to 2023-12-04 00:00:00+00:00
[2023-12-06 07:53:43,406] {processor.py:170} INFO - Processing /home/airflow/.local/lib/python3.6/site-packages/airflow/example_dags/example_branch_datetime_operator.py took 0.053 seconds
[2023-12-06 07:54:14,004] {processor.py:162} INFO - Started process (PID=3661) to work on /home/airflow/.local/lib/python3.6/site-packages/airflow/example_dags/example_branch_datetime_operator.py
[2023-12-06 07:54:14,005] {processor.py:613} INFO - Processing file /home/airflow/.local/lib/python3.6/site-packages/airflow/example_dags/example_branch_datetime_operator.py for tasks to queue
[2023-12-06 07:54:14,006] {logging_mixin.py:109} INFO - [2023-12-06 07:54:14,006] {dagbag.py:496} INFO - Filling up the DagBag from /home/airflow/.local/lib/python3.6/site-packages/airflow/example_dags/example_branch_datetime_operator.py
[2023-12-06 07:54:14,014] {processor.py:623} INFO - DAG(s) dict_keys(['example_branch_datetime_operator_2']) retrieved from /home/airflow/.local/lib/python3.6/site-packages/airflow/example_dags/example_branch_datetime_operator.py
[2023-12-06 07:54:14,031] {logging_mixin.py:109} INFO - [2023-12-06 07:54:14,031] {dag.py:1834} INFO - Sync 1 DAGs
[2023-12-06 07:54:14,045] {logging_mixin.py:109} INFO - [2023-12-06 07:54:14,045] {dag.py:2287} INFO - Setting next_dagrun for example_branch_datetime_operator_2 to 2023-12-04 00:00:00+00:00
[2023-12-06 07:54:14,056] {processor.py:170} INFO - Processing /home/airflow/.local/lib/python3.6/site-packages/airflow/example_dags/example_branch_datetime_operator.py took 0.054 seconds
[2023-12-06 07:54:44,634] {processor.py:162} INFO - Started process (PID=3861) to work on /home/airflow/.local/lib/python3.6/site-packages/airflow/example_dags/example_branch_datetime_operator.py
[2023-12-06 07:54:44,634] {processor.py:613} INFO - Processing file /home/airflow/.local/lib/python3.6/site-packages/airflow/example_dags/example_branch_datetime_operator.py for tasks to queue
[2023-12-06 07:54:44,635] {logging_mixin.py:109} INFO - [2023-12-06 07:54:44,635] {dagbag.py:496} INFO - Filling up the DagBag from /home/airflow/.local/lib/python3.6/site-packages/airflow/example_dags/example_branch_datetime_operator.py
[2023-12-06 07:54:44,643] {processor.py:623} INFO - DAG(s) dict_keys(['example_branch_datetime_operator_2']) retrieved from /home/airflow/.local/lib/python3.6/site-packages/airflow/example_dags/example_branch_datetime_operator.py
[2023-12-06 07:54:44,660] {logging_mixin.py:109} INFO - [2023-12-06 07:54:44,660] {dag.py:1834} INFO - Sync 1 DAGs
[2023-12-06 07:54:44,673] {logging_mixin.py:109} INFO - [2023-12-06 07:54:44,673] {dag.py:2287} INFO - Setting next_dagrun for example_branch_datetime_operator_2 to 2023-12-04 00:00:00+00:00
[2023-12-06 07:54:44,683] {processor.py:170} INFO - Processing /home/airflow/.local/lib/python3.6/site-packages/airflow/example_dags/example_branch_datetime_operator.py took 0.051 seconds
[2023-12-06 07:55:15,365] {processor.py:162} INFO - Started process (PID=4071) to work on /home/airflow/.local/lib/python3.6/site-packages/airflow/example_dags/example_branch_datetime_operator.py
[2023-12-06 07:55:15,366] {processor.py:613} INFO - Processing file /home/airflow/.local/lib/python3.6/site-packages/airflow/example_dags/example_branch_datetime_operator.py for tasks to queue
[2023-12-06 07:55:15,367] {logging_mixin.py:109} INFO - [2023-12-06 07:55:15,366] {dagbag.py:496} INFO - Filling up the DagBag from /home/airflow/.local/lib/python3.6/site-packages/airflow/example_dags/example_branch_datetime_operator.py
[2023-12-06 07:55:15,375] {processor.py:623} INFO - DAG(s) dict_keys(['example_branch_datetime_operator_2']) retrieved from /home/airflow/.local/lib/python3.6/site-packages/airflow/example_dags/example_branch_datetime_operator.py
[2023-12-06 07:55:15,396] {logging_mixin.py:109} INFO - [2023-12-06 07:55:15,395] {dag.py:1834} INFO - Sync 1 DAGs
[2023-12-06 07:55:15,410] {logging_mixin.py:109} INFO - [2023-12-06 07:55:15,410] {dag.py:2287} INFO - Setting next_dagrun for example_branch_datetime_operator_2 to 2023-12-04 00:00:00+00:00
[2023-12-06 07:55:15,421] {processor.py:170} INFO - Processing /home/airflow/.local/lib/python3.6/site-packages/airflow/example_dags/example_branch_datetime_operator.py took 0.058 seconds
[2023-12-06 07:55:46,033] {processor.py:162} INFO - Started process (PID=4266) to work on /home/airflow/.local/lib/python3.6/site-packages/airflow/example_dags/example_branch_datetime_operator.py
[2023-12-06 07:55:46,034] {processor.py:613} INFO - Processing file /home/airflow/.local/lib/python3.6/site-packages/airflow/example_dags/example_branch_datetime_operator.py for tasks to queue
[2023-12-06 07:55:46,034] {logging_mixin.py:109} INFO - [2023-12-06 07:55:46,034] {dagbag.py:496} INFO - Filling up the DagBag from /home/airflow/.local/lib/python3.6/site-packages/airflow/example_dags/example_branch_datetime_operator.py
[2023-12-06 07:55:46,043] {processor.py:623} INFO - DAG(s) dict_keys(['example_branch_datetime_operator_2']) retrieved from /home/airflow/.local/lib/python3.6/site-packages/airflow/example_dags/example_branch_datetime_operator.py
[2023-12-06 07:55:46,060] {logging_mixin.py:109} INFO - [2023-12-06 07:55:46,059] {dag.py:1834} INFO - Sync 1 DAGs
[2023-12-06 07:55:46,073] {logging_mixin.py:109} INFO - [2023-12-06 07:55:46,073] {dag.py:2287} INFO - Setting next_dagrun for example_branch_datetime_operator_2 to 2023-12-04 00:00:00+00:00
[2023-12-06 07:55:46,083] {processor.py:170} INFO - Processing /home/airflow/.local/lib/python3.6/site-packages/airflow/example_dags/example_branch_datetime_operator.py took 0.052 seconds
[2023-12-06 07:56:16,722] {processor.py:162} INFO - Started process (PID=4471) to work on /home/airflow/.local/lib/python3.6/site-packages/airflow/example_dags/example_branch_datetime_operator.py
[2023-12-06 07:56:16,723] {processor.py:613} INFO - Processing file /home/airflow/.local/lib/python3.6/site-packages/airflow/example_dags/example_branch_datetime_operator.py for tasks to queue
[2023-12-06 07:56:16,724] {logging_mixin.py:109} INFO - [2023-12-06 07:56:16,723] {dagbag.py:496} INFO - Filling up the DagBag from /home/airflow/.local/lib/python3.6/site-packages/airflow/example_dags/example_branch_datetime_operator.py
[2023-12-06 07:56:16,734] {processor.py:623} INFO - DAG(s) dict_keys(['example_branch_datetime_operator_2']) retrieved from /home/airflow/.local/lib/python3.6/site-packages/airflow/example_dags/example_branch_datetime_operator.py
[2023-12-06 07:56:16,755] {logging_mixin.py:109} INFO - [2023-12-06 07:56:16,755] {dag.py:1834} INFO - Sync 1 DAGs
[2023-12-06 07:56:16,769] {logging_mixin.py:109} INFO - [2023-12-06 07:56:16,769] {dag.py:2287} INFO - Setting next_dagrun for example_branch_datetime_operator_2 to 2023-12-04 00:00:00+00:00
[2023-12-06 07:56:16,781] {processor.py:170} INFO - Processing /home/airflow/.local/lib/python3.6/site-packages/airflow/example_dags/example_branch_datetime_operator.py took 0.061 seconds
[2023-12-06 07:56:47,357] {processor.py:162} INFO - Started process (PID=4666) to work on /home/airflow/.local/lib/python3.6/site-packages/airflow/example_dags/example_branch_datetime_operator.py
[2023-12-06 07:56:47,357] {processor.py:613} INFO - Processing file /home/airflow/.local/lib/python3.6/site-packages/airflow/example_dags/example_branch_datetime_operator.py for tasks to queue
[2023-12-06 07:56:47,358] {logging_mixin.py:109} INFO - [2023-12-06 07:56:47,358] {dagbag.py:496} INFO - Filling up the DagBag from /home/airflow/.local/lib/python3.6/site-packages/airflow/example_dags/example_branch_datetime_operator.py
[2023-12-06 07:56:47,366] {processor.py:623} INFO - DAG(s) dict_keys(['example_branch_datetime_operator_2']) retrieved from /home/airflow/.local/lib/python3.6/site-packages/airflow/example_dags/example_branch_datetime_operator.py
[2023-12-06 07:56:47,383] {logging_mixin.py:109} INFO - [2023-12-06 07:56:47,383] {dag.py:1834} INFO - Sync 1 DAGs
[2023-12-06 07:56:47,396] {logging_mixin.py:109} INFO - [2023-12-06 07:56:47,396] {dag.py:2287} INFO - Setting next_dagrun for example_branch_datetime_operator_2 to 2023-12-04 00:00:00+00:00
[2023-12-06 07:56:47,406] {processor.py:170} INFO - Processing /home/airflow/.local/lib/python3.6/site-packages/airflow/example_dags/example_branch_datetime_operator.py took 0.051 seconds
[2023-12-06 07:57:17,990] {processor.py:162} INFO - Started process (PID=4871) to work on /home/airflow/.local/lib/python3.6/site-packages/airflow/example_dags/example_branch_datetime_operator.py
[2023-12-06 07:57:17,991] {processor.py:613} INFO - Processing file /home/airflow/.local/lib/python3.6/site-packages/airflow/example_dags/example_branch_datetime_operator.py for tasks to queue
[2023-12-06 07:57:17,991] {logging_mixin.py:109} INFO - [2023-12-06 07:57:17,991] {dagbag.py:496} INFO - Filling up the DagBag from /home/airflow/.local/lib/python3.6/site-packages/airflow/example_dags/example_branch_datetime_operator.py
[2023-12-06 07:57:18,000] {processor.py:623} INFO - DAG(s) dict_keys(['example_branch_datetime_operator_2']) retrieved from /home/airflow/.local/lib/python3.6/site-packages/airflow/example_dags/example_branch_datetime_operator.py
[2023-12-06 07:57:18,017] {logging_mixin.py:109} INFO - [2023-12-06 07:57:18,017] {dag.py:1834} INFO - Sync 1 DAGs
[2023-12-06 07:57:18,029] {logging_mixin.py:109} INFO - [2023-12-06 07:57:18,029] {dag.py:2287} INFO - Setting next_dagrun for example_branch_datetime_operator_2 to 2023-12-04 00:00:00+00:00
[2023-12-06 07:57:18,041] {processor.py:170} INFO - Processing /home/airflow/.local/lib/python3.6/site-packages/airflow/example_dags/example_branch_datetime_operator.py took 0.053 seconds
[2023-12-06 07:57:48,619] {processor.py:162} INFO - Started process (PID=5076) to work on /home/airflow/.local/lib/python3.6/site-packages/airflow/example_dags/example_branch_datetime_operator.py
[2023-12-06 07:57:48,620] {processor.py:613} INFO - Processing file /home/airflow/.local/lib/python3.6/site-packages/airflow/example_dags/example_branch_datetime_operator.py for tasks to queue
[2023-12-06 07:57:48,620] {logging_mixin.py:109} INFO - [2023-12-06 07:57:48,620] {dagbag.py:496} INFO - Filling up the DagBag from /home/airflow/.local/lib/python3.6/site-packages/airflow/example_dags/example_branch_datetime_operator.py
[2023-12-06 07:57:48,631] {processor.py:623} INFO - DAG(s) dict_keys(['example_branch_datetime_operator_2']) retrieved from /home/airflow/.local/lib/python3.6/site-packages/airflow/example_dags/example_branch_datetime_operator.py
[2023-12-06 07:57:48,647] {logging_mixin.py:109} INFO - [2023-12-06 07:57:48,647] {dag.py:1834} INFO - Sync 1 DAGs
[2023-12-06 07:57:48,660] {logging_mixin.py:109} INFO - [2023-12-06 07:57:48,660] {dag.py:2287} INFO - Setting next_dagrun for example_branch_datetime_operator_2 to 2023-12-04 00:00:00+00:00
[2023-12-06 07:57:48,670] {processor.py:170} INFO - Processing /home/airflow/.local/lib/python3.6/site-packages/airflow/example_dags/example_branch_datetime_operator.py took 0.053 seconds
[2023-12-06 07:58:19,295] {processor.py:162} INFO - Started process (PID=5272) to work on /home/airflow/.local/lib/python3.6/site-packages/airflow/example_dags/example_branch_datetime_operator.py
[2023-12-06 07:58:19,297] {processor.py:613} INFO - Processing file /home/airflow/.local/lib/python3.6/site-packages/airflow/example_dags/example_branch_datetime_operator.py for tasks to queue
[2023-12-06 07:58:19,298] {logging_mixin.py:109} INFO - [2023-12-06 07:58:19,297] {dagbag.py:496} INFO - Filling up the DagBag from /home/airflow/.local/lib/python3.6/site-packages/airflow/example_dags/example_branch_datetime_operator.py
[2023-12-06 07:58:19,307] {processor.py:623} INFO - DAG(s) dict_keys(['example_branch_datetime_operator_2']) retrieved from /home/airflow/.local/lib/python3.6/site-packages/airflow/example_dags/example_branch_datetime_operator.py
[2023-12-06 07:58:19,324] {logging_mixin.py:109} INFO - [2023-12-06 07:58:19,323] {dag.py:1834} INFO - Sync 1 DAGs
[2023-12-06 07:58:19,336] {logging_mixin.py:109} INFO - [2023-12-06 07:58:19,336] {dag.py:2287} INFO - Setting next_dagrun for example_branch_datetime_operator_2 to 2023-12-04 00:00:00+00:00
[2023-12-06 07:58:19,346] {processor.py:170} INFO - Processing /home/airflow/.local/lib/python3.6/site-packages/airflow/example_dags/example_branch_datetime_operator.py took 0.053 seconds
[2023-12-06 07:58:49,994] {processor.py:162} INFO - Started process (PID=5477) to work on /home/airflow/.local/lib/python3.6/site-packages/airflow/example_dags/example_branch_datetime_operator.py
[2023-12-06 07:58:49,996] {processor.py:613} INFO - Processing file /home/airflow/.local/lib/python3.6/site-packages/airflow/example_dags/example_branch_datetime_operator.py for tasks to queue
[2023-12-06 07:58:49,997] {logging_mixin.py:109} INFO - [2023-12-06 07:58:49,997] {dagbag.py:496} INFO - Filling up the DagBag from /home/airflow/.local/lib/python3.6/site-packages/airflow/example_dags/example_branch_datetime_operator.py
[2023-12-06 07:58:50,007] {processor.py:623} INFO - DAG(s) dict_keys(['example_branch_datetime_operator_2']) retrieved from /home/airflow/.local/lib/python3.6/site-packages/airflow/example_dags/example_branch_datetime_operator.py
[2023-12-06 07:58:50,025] {logging_mixin.py:109} INFO - [2023-12-06 07:58:50,025] {dag.py:1834} INFO - Sync 1 DAGs
[2023-12-06 07:58:50,039] {logging_mixin.py:109} INFO - [2023-12-06 07:58:50,039] {dag.py:2287} INFO - Setting next_dagrun for example_branch_datetime_operator_2 to 2023-12-04 00:00:00+00:00
[2023-12-06 07:58:50,049] {processor.py:170} INFO - Processing /home/airflow/.local/lib/python3.6/site-packages/airflow/example_dags/example_branch_datetime_operator.py took 0.057 seconds
[2023-12-06 07:59:20,659] {processor.py:162} INFO - Started process (PID=5682) to work on /home/airflow/.local/lib/python3.6/site-packages/airflow/example_dags/example_branch_datetime_operator.py
[2023-12-06 07:59:20,659] {processor.py:613} INFO - Processing file /home/airflow/.local/lib/python3.6/site-packages/airflow/example_dags/example_branch_datetime_operator.py for tasks to queue
[2023-12-06 07:59:20,660] {logging_mixin.py:109} INFO - [2023-12-06 07:59:20,660] {dagbag.py:496} INFO - Filling up the DagBag from /home/airflow/.local/lib/python3.6/site-packages/airflow/example_dags/example_branch_datetime_operator.py
[2023-12-06 07:59:20,671] {processor.py:623} INFO - DAG(s) dict_keys(['example_branch_datetime_operator_2']) retrieved from /home/airflow/.local/lib/python3.6/site-packages/airflow/example_dags/example_branch_datetime_operator.py
[2023-12-06 07:59:20,689] {logging_mixin.py:109} INFO - [2023-12-06 07:59:20,689] {dag.py:1834} INFO - Sync 1 DAGs
[2023-12-06 07:59:20,703] {logging_mixin.py:109} INFO - [2023-12-06 07:59:20,702] {dag.py:2287} INFO - Setting next_dagrun for example_branch_datetime_operator_2 to 2023-12-04 00:00:00+00:00
[2023-12-06 07:59:20,713] {processor.py:170} INFO - Processing /home/airflow/.local/lib/python3.6/site-packages/airflow/example_dags/example_branch_datetime_operator.py took 0.057 seconds
[2023-12-06 07:59:51,309] {processor.py:162} INFO - Started process (PID=5877) to work on /home/airflow/.local/lib/python3.6/site-packages/airflow/example_dags/example_branch_datetime_operator.py
[2023-12-06 07:59:51,311] {processor.py:613} INFO - Processing file /home/airflow/.local/lib/python3.6/site-packages/airflow/example_dags/example_branch_datetime_operator.py for tasks to queue
[2023-12-06 07:59:51,311] {logging_mixin.py:109} INFO - [2023-12-06 07:59:51,311] {dagbag.py:496} INFO - Filling up the DagBag from /home/airflow/.local/lib/python3.6/site-packages/airflow/example_dags/example_branch_datetime_operator.py
[2023-12-06 07:59:51,321] {processor.py:623} INFO - DAG(s) dict_keys(['example_branch_datetime_operator_2']) retrieved from /home/airflow/.local/lib/python3.6/site-packages/airflow/example_dags/example_branch_datetime_operator.py
[2023-12-06 07:59:51,338] {logging_mixin.py:109} INFO - [2023-12-06 07:59:51,338] {dag.py:1834} INFO - Sync 1 DAGs
[2023-12-06 07:59:51,351] {logging_mixin.py:109} INFO - [2023-12-06 07:59:51,351] {dag.py:2287} INFO - Setting next_dagrun for example_branch_datetime_operator_2 to 2023-12-04 00:00:00+00:00
[2023-12-06 07:59:51,361] {processor.py:170} INFO - Processing /home/airflow/.local/lib/python3.6/site-packages/airflow/example_dags/example_branch_datetime_operator.py took 0.054 seconds
[2023-12-06 08:00:22,045] {processor.py:162} INFO - Started process (PID=6162) to work on /home/airflow/.local/lib/python3.6/site-packages/airflow/example_dags/example_branch_datetime_operator.py
[2023-12-06 08:00:22,046] {processor.py:613} INFO - Processing file /home/airflow/.local/lib/python3.6/site-packages/airflow/example_dags/example_branch_datetime_operator.py for tasks to queue
[2023-12-06 08:00:22,047] {logging_mixin.py:109} INFO - [2023-12-06 08:00:22,047] {dagbag.py:496} INFO - Filling up the DagBag from /home/airflow/.local/lib/python3.6/site-packages/airflow/example_dags/example_branch_datetime_operator.py
[2023-12-06 08:00:22,057] {processor.py:623} INFO - DAG(s) dict_keys(['example_branch_datetime_operator_2']) retrieved from /home/airflow/.local/lib/python3.6/site-packages/airflow/example_dags/example_branch_datetime_operator.py
[2023-12-06 08:00:22,072] {logging_mixin.py:109} INFO - [2023-12-06 08:00:22,072] {dag.py:1834} INFO - Sync 1 DAGs
[2023-12-06 08:00:22,085] {logging_mixin.py:109} INFO - [2023-12-06 08:00:22,085] {dag.py:2287} INFO - Setting next_dagrun for example_branch_datetime_operator_2 to 2023-12-04 00:00:00+00:00
[2023-12-06 08:00:22,095] {processor.py:170} INFO - Processing /home/airflow/.local/lib/python3.6/site-packages/airflow/example_dags/example_branch_datetime_operator.py took 0.052 seconds
[2023-12-06 08:00:52,827] {processor.py:162} INFO - Started process (PID=6366) to work on /home/airflow/.local/lib/python3.6/site-packages/airflow/example_dags/example_branch_datetime_operator.py
[2023-12-06 08:00:52,827] {processor.py:613} INFO - Processing file /home/airflow/.local/lib/python3.6/site-packages/airflow/example_dags/example_branch_datetime_operator.py for tasks to queue
[2023-12-06 08:00:52,828] {logging_mixin.py:109} INFO - [2023-12-06 08:00:52,828] {dagbag.py:496} INFO - Filling up the DagBag from /home/airflow/.local/lib/python3.6/site-packages/airflow/example_dags/example_branch_datetime_operator.py
[2023-12-06 08:00:52,837] {processor.py:623} INFO - DAG(s) dict_keys(['example_branch_datetime_operator_2']) retrieved from /home/airflow/.local/lib/python3.6/site-packages/airflow/example_dags/example_branch_datetime_operator.py
[2023-12-06 08:00:52,854] {logging_mixin.py:109} INFO - [2023-12-06 08:00:52,854] {dag.py:1834} INFO - Sync 1 DAGs
[2023-12-06 08:00:52,866] {logging_mixin.py:109} INFO - [2023-12-06 08:00:52,866] {dag.py:2287} INFO - Setting next_dagrun for example_branch_datetime_operator_2 to 2023-12-04 00:00:00+00:00
[2023-12-06 08:00:52,876] {processor.py:170} INFO - Processing /home/airflow/.local/lib/python3.6/site-packages/airflow/example_dags/example_branch_datetime_operator.py took 0.051 seconds
[2023-12-06 08:01:23,610] {processor.py:162} INFO - Started process (PID=6562) to work on /home/airflow/.local/lib/python3.6/site-packages/airflow/example_dags/example_branch_datetime_operator.py
[2023-12-06 08:01:23,612] {processor.py:613} INFO - Processing file /home/airflow/.local/lib/python3.6/site-packages/airflow/example_dags/example_branch_datetime_operator.py for tasks to queue
[2023-12-06 08:01:23,612] {logging_mixin.py:109} INFO - [2023-12-06 08:01:23,612] {dagbag.py:496} INFO - Filling up the DagBag from /home/airflow/.local/lib/python3.6/site-packages/airflow/example_dags/example_branch_datetime_operator.py
[2023-12-06 08:01:23,621] {processor.py:623} INFO - DAG(s) dict_keys(['example_branch_datetime_operator_2']) retrieved from /home/airflow/.local/lib/python3.6/site-packages/airflow/example_dags/example_branch_datetime_operator.py
[2023-12-06 08:01:23,637] {logging_mixin.py:109} INFO - [2023-12-06 08:01:23,637] {dag.py:1834} INFO - Sync 1 DAGs
[2023-12-06 08:01:23,650] {logging_mixin.py:109} INFO - [2023-12-06 08:01:23,650] {dag.py:2287} INFO - Setting next_dagrun for example_branch_datetime_operator_2 to 2023-12-04 00:00:00+00:00
[2023-12-06 08:01:23,660] {processor.py:170} INFO - Processing /home/airflow/.local/lib/python3.6/site-packages/airflow/example_dags/example_branch_datetime_operator.py took 0.051 seconds
[2023-12-06 08:01:54,323] {processor.py:162} INFO - Started process (PID=6772) to work on /home/airflow/.local/lib/python3.6/site-packages/airflow/example_dags/example_branch_datetime_operator.py
[2023-12-06 08:01:54,324] {processor.py:613} INFO - Processing file /home/airflow/.local/lib/python3.6/site-packages/airflow/example_dags/example_branch_datetime_operator.py for tasks to queue
[2023-12-06 08:01:54,324] {logging_mixin.py:109} INFO - [2023-12-06 08:01:54,324] {dagbag.py:496} INFO - Filling up the DagBag from /home/airflow/.local/lib/python3.6/site-packages/airflow/example_dags/example_branch_datetime_operator.py
[2023-12-06 08:01:54,333] {processor.py:623} INFO - DAG(s) dict_keys(['example_branch_datetime_operator_2']) retrieved from /home/airflow/.local/lib/python3.6/site-packages/airflow/example_dags/example_branch_datetime_operator.py
[2023-12-06 08:01:54,349] {logging_mixin.py:109} INFO - [2023-12-06 08:01:54,349] {dag.py:1834} INFO - Sync 1 DAGs
[2023-12-06 08:01:54,363] {logging_mixin.py:109} INFO - [2023-12-06 08:01:54,363] {dag.py:2287} INFO - Setting next_dagrun for example_branch_datetime_operator_2 to 2023-12-04 00:00:00+00:00
[2023-12-06 08:01:54,372] {processor.py:170} INFO - Processing /home/airflow/.local/lib/python3.6/site-packages/airflow/example_dags/example_branch_datetime_operator.py took 0.051 seconds
[2023-12-06 08:02:24,952] {processor.py:162} INFO - Started process (PID=6968) to work on /home/airflow/.local/lib/python3.6/site-packages/airflow/example_dags/example_branch_datetime_operator.py
[2023-12-06 08:02:24,953] {processor.py:613} INFO - Processing file /home/airflow/.local/lib/python3.6/site-packages/airflow/example_dags/example_branch_datetime_operator.py for tasks to queue
[2023-12-06 08:02:24,954] {logging_mixin.py:109} INFO - [2023-12-06 08:02:24,954] {dagbag.py:496} INFO - Filling up the DagBag from /home/airflow/.local/lib/python3.6/site-packages/airflow/example_dags/example_branch_datetime_operator.py
[2023-12-06 08:02:24,962] {processor.py:623} INFO - DAG(s) dict_keys(['example_branch_datetime_operator_2']) retrieved from /home/airflow/.local/lib/python3.6/site-packages/airflow/example_dags/example_branch_datetime_operator.py
[2023-12-06 08:02:24,980] {logging_mixin.py:109} INFO - [2023-12-06 08:02:24,980] {dag.py:1834} INFO - Sync 1 DAGs
[2023-12-06 08:02:24,993] {logging_mixin.py:109} INFO - [2023-12-06 08:02:24,993] {dag.py:2287} INFO - Setting next_dagrun for example_branch_datetime_operator_2 to 2023-12-04 00:00:00+00:00
[2023-12-06 08:02:25,005] {processor.py:170} INFO - Processing /home/airflow/.local/lib/python3.6/site-packages/airflow/example_dags/example_branch_datetime_operator.py took 0.055 seconds
[2023-12-06 08:02:55,674] {processor.py:162} INFO - Started process (PID=7173) to work on /home/airflow/.local/lib/python3.6/site-packages/airflow/example_dags/example_branch_datetime_operator.py
[2023-12-06 08:02:55,675] {processor.py:613} INFO - Processing file /home/airflow/.local/lib/python3.6/site-packages/airflow/example_dags/example_branch_datetime_operator.py for tasks to queue
[2023-12-06 08:02:55,676] {logging_mixin.py:109} INFO - [2023-12-06 08:02:55,675] {dagbag.py:496} INFO - Filling up the DagBag from /home/airflow/.local/lib/python3.6/site-packages/airflow/example_dags/example_branch_datetime_operator.py
[2023-12-06 08:02:55,685] {processor.py:623} INFO - DAG(s) dict_keys(['example_branch_datetime_operator_2']) retrieved from /home/airflow/.local/lib/python3.6/site-packages/airflow/example_dags/example_branch_datetime_operator.py
[2023-12-06 08:02:55,704] {logging_mixin.py:109} INFO - [2023-12-06 08:02:55,704] {dag.py:1834} INFO - Sync 1 DAGs
[2023-12-06 08:02:55,716] {logging_mixin.py:109} INFO - [2023-12-06 08:02:55,716] {dag.py:2287} INFO - Setting next_dagrun for example_branch_datetime_operator_2 to 2023-12-04 00:00:00+00:00
[2023-12-06 08:02:55,727] {processor.py:170} INFO - Processing /home/airflow/.local/lib/python3.6/site-packages/airflow/example_dags/example_branch_datetime_operator.py took 0.055 seconds
[2023-12-06 08:03:26,408] {processor.py:162} INFO - Started process (PID=7381) to work on /home/airflow/.local/lib/python3.6/site-packages/airflow/example_dags/example_branch_datetime_operator.py
[2023-12-06 08:03:26,410] {processor.py:613} INFO - Processing file /home/airflow/.local/lib/python3.6/site-packages/airflow/example_dags/example_branch_datetime_operator.py for tasks to queue
[2023-12-06 08:03:26,410] {logging_mixin.py:109} INFO - [2023-12-06 08:03:26,410] {dagbag.py:496} INFO - Filling up the DagBag from /home/airflow/.local/lib/python3.6/site-packages/airflow/example_dags/example_branch_datetime_operator.py
[2023-12-06 08:03:26,418] {processor.py:623} INFO - DAG(s) dict_keys(['example_branch_datetime_operator_2']) retrieved from /home/airflow/.local/lib/python3.6/site-packages/airflow/example_dags/example_branch_datetime_operator.py
[2023-12-06 08:03:26,434] {logging_mixin.py:109} INFO - [2023-12-06 08:03:26,434] {dag.py:1834} INFO - Sync 1 DAGs
[2023-12-06 08:03:26,447] {logging_mixin.py:109} INFO - [2023-12-06 08:03:26,447] {dag.py:2287} INFO - Setting next_dagrun for example_branch_datetime_operator_2 to 2023-12-04 00:00:00+00:00
[2023-12-06 08:03:26,457] {processor.py:170} INFO - Processing /home/airflow/.local/lib/python3.6/site-packages/airflow/example_dags/example_branch_datetime_operator.py took 0.050 seconds
[2023-12-06 08:03:57,067] {processor.py:162} INFO - Started process (PID=7574) to work on /home/airflow/.local/lib/python3.6/site-packages/airflow/example_dags/example_branch_datetime_operator.py
[2023-12-06 08:03:57,068] {processor.py:613} INFO - Processing file /home/airflow/.local/lib/python3.6/site-packages/airflow/example_dags/example_branch_datetime_operator.py for tasks to queue
[2023-12-06 08:03:57,068] {logging_mixin.py:109} INFO - [2023-12-06 08:03:57,068] {dagbag.py:496} INFO - Filling up the DagBag from /home/airflow/.local/lib/python3.6/site-packages/airflow/example_dags/example_branch_datetime_operator.py
[2023-12-06 08:03:57,077] {processor.py:623} INFO - DAG(s) dict_keys(['example_branch_datetime_operator_2']) retrieved from /home/airflow/.local/lib/python3.6/site-packages/airflow/example_dags/example_branch_datetime_operator.py
[2023-12-06 08:03:57,094] {logging_mixin.py:109} INFO - [2023-12-06 08:03:57,094] {dag.py:1834} INFO - Sync 1 DAGs
[2023-12-06 08:03:57,106] {logging_mixin.py:109} INFO - [2023-12-06 08:03:57,106] {dag.py:2287} INFO - Setting next_dagrun for example_branch_datetime_operator_2 to 2023-12-04 00:00:00+00:00
[2023-12-06 08:03:57,116] {processor.py:170} INFO - Processing /home/airflow/.local/lib/python3.6/site-packages/airflow/example_dags/example_branch_datetime_operator.py took 0.051 seconds
[2023-12-06 08:04:27,535] {processor.py:162} INFO - Started process (PID=7779) to work on /home/airflow/.local/lib/python3.6/site-packages/airflow/example_dags/example_branch_datetime_operator.py
[2023-12-06 08:04:27,537] {processor.py:613} INFO - Processing file /home/airflow/.local/lib/python3.6/site-packages/airflow/example_dags/example_branch_datetime_operator.py for tasks to queue
[2023-12-06 08:04:27,538] {logging_mixin.py:109} INFO - [2023-12-06 08:04:27,537] {dagbag.py:496} INFO - Filling up the DagBag from /home/airflow/.local/lib/python3.6/site-packages/airflow/example_dags/example_branch_datetime_operator.py
[2023-12-06 08:04:27,546] {processor.py:623} INFO - DAG(s) dict_keys(['example_branch_datetime_operator_2']) retrieved from /home/airflow/.local/lib/python3.6/site-packages/airflow/example_dags/example_branch_datetime_operator.py
[2023-12-06 08:04:27,565] {logging_mixin.py:109} INFO - [2023-12-06 08:04:27,565] {dag.py:1834} INFO - Sync 1 DAGs
[2023-12-06 08:04:27,578] {logging_mixin.py:109} INFO - [2023-12-06 08:04:27,578] {dag.py:2287} INFO - Setting next_dagrun for example_branch_datetime_operator_2 to 2023-12-04 00:00:00+00:00
[2023-12-06 08:04:27,588] {processor.py:170} INFO - Processing /home/airflow/.local/lib/python3.6/site-packages/airflow/example_dags/example_branch_datetime_operator.py took 0.054 seconds
[2023-12-06 08:04:58,105] {processor.py:162} INFO - Started process (PID=7982) to work on /home/airflow/.local/lib/python3.6/site-packages/airflow/example_dags/example_branch_datetime_operator.py
[2023-12-06 08:04:58,107] {processor.py:613} INFO - Processing file /home/airflow/.local/lib/python3.6/site-packages/airflow/example_dags/example_branch_datetime_operator.py for tasks to queue
[2023-12-06 08:04:58,107] {logging_mixin.py:109} INFO - [2023-12-06 08:04:58,107] {dagbag.py:496} INFO - Filling up the DagBag from /home/airflow/.local/lib/python3.6/site-packages/airflow/example_dags/example_branch_datetime_operator.py
[2023-12-06 08:04:58,116] {processor.py:623} INFO - DAG(s) dict_keys(['example_branch_datetime_operator_2']) retrieved from /home/airflow/.local/lib/python3.6/site-packages/airflow/example_dags/example_branch_datetime_operator.py
[2023-12-06 08:04:58,135] {logging_mixin.py:109} INFO - [2023-12-06 08:04:58,134] {dag.py:1834} INFO - Sync 1 DAGs
[2023-12-06 08:04:58,148] {logging_mixin.py:109} INFO - [2023-12-06 08:04:58,147] {dag.py:2287} INFO - Setting next_dagrun for example_branch_datetime_operator_2 to 2023-12-04 00:00:00+00:00
[2023-12-06 08:04:58,158] {processor.py:170} INFO - Processing /home/airflow/.local/lib/python3.6/site-packages/airflow/example_dags/example_branch_datetime_operator.py took 0.054 seconds
[2023-12-06 08:05:28,639] {processor.py:162} INFO - Started process (PID=8178) to work on /home/airflow/.local/lib/python3.6/site-packages/airflow/example_dags/example_branch_datetime_operator.py
[2023-12-06 08:05:28,640] {processor.py:613} INFO - Processing file /home/airflow/.local/lib/python3.6/site-packages/airflow/example_dags/example_branch_datetime_operator.py for tasks to queue
[2023-12-06 08:05:28,640] {logging_mixin.py:109} INFO - [2023-12-06 08:05:28,640] {dagbag.py:496} INFO - Filling up the DagBag from /home/airflow/.local/lib/python3.6/site-packages/airflow/example_dags/example_branch_datetime_operator.py
[2023-12-06 08:05:28,650] {processor.py:623} INFO - DAG(s) dict_keys(['example_branch_datetime_operator_2']) retrieved from /home/airflow/.local/lib/python3.6/site-packages/airflow/example_dags/example_branch_datetime_operator.py
[2023-12-06 08:05:28,666] {logging_mixin.py:109} INFO - [2023-12-06 08:05:28,666] {dag.py:1834} INFO - Sync 1 DAGs
[2023-12-06 08:05:28,678] {logging_mixin.py:109} INFO - [2023-12-06 08:05:28,678] {dag.py:2287} INFO - Setting next_dagrun for example_branch_datetime_operator_2 to 2023-12-04 00:00:00+00:00
[2023-12-06 08:05:28,688] {processor.py:170} INFO - Processing /home/airflow/.local/lib/python3.6/site-packages/airflow/example_dags/example_branch_datetime_operator.py took 0.052 seconds
[2023-12-06 08:05:59,312] {processor.py:162} INFO - Started process (PID=8383) to work on /home/airflow/.local/lib/python3.6/site-packages/airflow/example_dags/example_branch_datetime_operator.py
[2023-12-06 08:05:59,314] {processor.py:613} INFO - Processing file /home/airflow/.local/lib/python3.6/site-packages/airflow/example_dags/example_branch_datetime_operator.py for tasks to queue
[2023-12-06 08:05:59,314] {logging_mixin.py:109} INFO - [2023-12-06 08:05:59,314] {dagbag.py:496} INFO - Filling up the DagBag from /home/airflow/.local/lib/python3.6/site-packages/airflow/example_dags/example_branch_datetime_operator.py
[2023-12-06 08:05:59,323] {processor.py:623} INFO - DAG(s) dict_keys(['example_branch_datetime_operator_2']) retrieved from /home/airflow/.local/lib/python3.6/site-packages/airflow/example_dags/example_branch_datetime_operator.py
[2023-12-06 08:05:59,340] {logging_mixin.py:109} INFO - [2023-12-06 08:05:59,340] {dag.py:1834} INFO - Sync 1 DAGs
[2023-12-06 08:05:59,354] {logging_mixin.py:109} INFO - [2023-12-06 08:05:59,354] {dag.py:2287} INFO - Setting next_dagrun for example_branch_datetime_operator_2 to 2023-12-04 00:00:00+00:00
[2023-12-06 08:05:59,363] {processor.py:170} INFO - Processing /home/airflow/.local/lib/python3.6/site-packages/airflow/example_dags/example_branch_datetime_operator.py took 0.053 seconds
[2023-12-06 08:06:29,991] {processor.py:162} INFO - Started process (PID=8578) to work on /home/airflow/.local/lib/python3.6/site-packages/airflow/example_dags/example_branch_datetime_operator.py
[2023-12-06 08:06:29,993] {processor.py:613} INFO - Processing file /home/airflow/.local/lib/python3.6/site-packages/airflow/example_dags/example_branch_datetime_operator.py for tasks to queue
[2023-12-06 08:06:29,993] {logging_mixin.py:109} INFO - [2023-12-06 08:06:29,993] {dagbag.py:496} INFO - Filling up the DagBag from /home/airflow/.local/lib/python3.6/site-packages/airflow/example_dags/example_branch_datetime_operator.py
[2023-12-06 08:06:30,003] {processor.py:623} INFO - DAG(s) dict_keys(['example_branch_datetime_operator_2']) retrieved from /home/airflow/.local/lib/python3.6/site-packages/airflow/example_dags/example_branch_datetime_operator.py
[2023-12-06 08:06:30,019] {logging_mixin.py:109} INFO - [2023-12-06 08:06:30,019] {dag.py:1834} INFO - Sync 1 DAGs
[2023-12-06 08:06:30,032] {logging_mixin.py:109} INFO - [2023-12-06 08:06:30,032] {dag.py:2287} INFO - Setting next_dagrun for example_branch_datetime_operator_2 to 2023-12-04 00:00:00+00:00
[2023-12-06 08:06:30,042] {processor.py:170} INFO - Processing /home/airflow/.local/lib/python3.6/site-packages/airflow/example_dags/example_branch_datetime_operator.py took 0.053 seconds
[2023-12-06 08:07:00,646] {processor.py:162} INFO - Started process (PID=8783) to work on /home/airflow/.local/lib/python3.6/site-packages/airflow/example_dags/example_branch_datetime_operator.py
[2023-12-06 08:07:00,647] {processor.py:613} INFO - Processing file /home/airflow/.local/lib/python3.6/site-packages/airflow/example_dags/example_branch_datetime_operator.py for tasks to queue
[2023-12-06 08:07:00,647] {logging_mixin.py:109} INFO - [2023-12-06 08:07:00,647] {dagbag.py:496} INFO - Filling up the DagBag from /home/airflow/.local/lib/python3.6/site-packages/airflow/example_dags/example_branch_datetime_operator.py
[2023-12-06 08:07:00,655] {processor.py:623} INFO - DAG(s) dict_keys(['example_branch_datetime_operator_2']) retrieved from /home/airflow/.local/lib/python3.6/site-packages/airflow/example_dags/example_branch_datetime_operator.py
[2023-12-06 08:07:00,673] {logging_mixin.py:109} INFO - [2023-12-06 08:07:00,673] {dag.py:1834} INFO - Sync 1 DAGs
[2023-12-06 08:07:00,686] {logging_mixin.py:109} INFO - [2023-12-06 08:07:00,686] {dag.py:2287} INFO - Setting next_dagrun for example_branch_datetime_operator_2 to 2023-12-04 00:00:00+00:00
[2023-12-06 08:07:00,695] {processor.py:170} INFO - Processing /home/airflow/.local/lib/python3.6/site-packages/airflow/example_dags/example_branch_datetime_operator.py took 0.051 seconds
[2023-12-06 08:07:31,195] {processor.py:162} INFO - Started process (PID=8988) to work on /home/airflow/.local/lib/python3.6/site-packages/airflow/example_dags/example_branch_datetime_operator.py
[2023-12-06 08:07:31,197] {processor.py:613} INFO - Processing file /home/airflow/.local/lib/python3.6/site-packages/airflow/example_dags/example_branch_datetime_operator.py for tasks to queue
[2023-12-06 08:07:31,198] {logging_mixin.py:109} INFO - [2023-12-06 08:07:31,197] {dagbag.py:496} INFO - Filling up the DagBag from /home/airflow/.local/lib/python3.6/site-packages/airflow/example_dags/example_branch_datetime_operator.py
[2023-12-06 08:07:31,207] {processor.py:623} INFO - DAG(s) dict_keys(['example_branch_datetime_operator_2']) retrieved from /home/airflow/.local/lib/python3.6/site-packages/airflow/example_dags/example_branch_datetime_operator.py
[2023-12-06 08:07:31,223] {logging_mixin.py:109} INFO - [2023-12-06 08:07:31,223] {dag.py:1834} INFO - Sync 1 DAGs
[2023-12-06 08:07:31,235] {logging_mixin.py:109} INFO - [2023-12-06 08:07:31,235] {dag.py:2287} INFO - Setting next_dagrun for example_branch_datetime_operator_2 to 2023-12-04 00:00:00+00:00
[2023-12-06 08:07:31,247] {processor.py:170} INFO - Processing /home/airflow/.local/lib/python3.6/site-packages/airflow/example_dags/example_branch_datetime_operator.py took 0.054 seconds
