[2023-12-06 07:46:03,718] {processor.py:162} INFO - Started process (PID=331) to work on /home/airflow/.local/lib/python3.6/site-packages/airflow/example_dags/example_branch_day_of_week_operator.py
[2023-12-06 07:46:03,719] {processor.py:613} INFO - Processing file /home/airflow/.local/lib/python3.6/site-packages/airflow/example_dags/example_branch_day_of_week_operator.py for tasks to queue
[2023-12-06 07:46:03,719] {logging_mixin.py:109} INFO - [2023-12-06 07:46:03,719] {dagbag.py:496} INFO - Filling up the DagBag from /home/airflow/.local/lib/python3.6/site-packages/airflow/example_dags/example_branch_day_of_week_operator.py
[2023-12-06 07:46:03,728] {processor.py:623} INFO - DAG(s) dict_keys(['example_weekday_branch_operator']) retrieved from /home/airflow/.local/lib/python3.6/site-packages/airflow/example_dags/example_branch_day_of_week_operator.py
[2023-12-06 07:46:03,896] {logging_mixin.py:109} INFO - [2023-12-06 07:46:03,896] {dag.py:1834} INFO - Sync 1 DAGs
[2023-12-06 07:46:03,908] {logging_mixin.py:109} INFO - [2023-12-06 07:46:03,908] {dag.py:2287} INFO - Setting next_dagrun for example_weekday_branch_operator to 2023-12-04 00:00:00+00:00
[2023-12-06 07:46:03,919] {processor.py:170} INFO - Processing /home/airflow/.local/lib/python3.6/site-packages/airflow/example_dags/example_branch_day_of_week_operator.py took 0.203 seconds
[2023-12-06 07:46:34,753] {processor.py:162} INFO - Started process (PID=611) to work on /home/airflow/.local/lib/python3.6/site-packages/airflow/example_dags/example_branch_day_of_week_operator.py
[2023-12-06 07:46:34,754] {processor.py:613} INFO - Processing file /home/airflow/.local/lib/python3.6/site-packages/airflow/example_dags/example_branch_day_of_week_operator.py for tasks to queue
[2023-12-06 07:46:34,755] {logging_mixin.py:109} INFO - [2023-12-06 07:46:34,755] {dagbag.py:496} INFO - Filling up the DagBag from /home/airflow/.local/lib/python3.6/site-packages/airflow/example_dags/example_branch_day_of_week_operator.py
[2023-12-06 07:46:34,763] {processor.py:623} INFO - DAG(s) dict_keys(['example_weekday_branch_operator']) retrieved from /home/airflow/.local/lib/python3.6/site-packages/airflow/example_dags/example_branch_day_of_week_operator.py
[2023-12-06 07:46:34,778] {logging_mixin.py:109} INFO - [2023-12-06 07:46:34,778] {dag.py:1834} INFO - Sync 1 DAGs
[2023-12-06 07:46:34,791] {logging_mixin.py:109} INFO - [2023-12-06 07:46:34,790] {dag.py:2287} INFO - Setting next_dagrun for example_weekday_branch_operator to 2023-12-04 00:00:00+00:00
[2023-12-06 07:46:34,800] {processor.py:170} INFO - Processing /home/airflow/.local/lib/python3.6/site-packages/airflow/example_dags/example_branch_day_of_week_operator.py took 0.048 seconds
[2023-12-06 07:47:05,470] {processor.py:162} INFO - Started process (PID=816) to work on /home/airflow/.local/lib/python3.6/site-packages/airflow/example_dags/example_branch_day_of_week_operator.py
[2023-12-06 07:47:05,471] {processor.py:613} INFO - Processing file /home/airflow/.local/lib/python3.6/site-packages/airflow/example_dags/example_branch_day_of_week_operator.py for tasks to queue
[2023-12-06 07:47:05,472] {logging_mixin.py:109} INFO - [2023-12-06 07:47:05,472] {dagbag.py:496} INFO - Filling up the DagBag from /home/airflow/.local/lib/python3.6/site-packages/airflow/example_dags/example_branch_day_of_week_operator.py
[2023-12-06 07:47:05,481] {processor.py:623} INFO - DAG(s) dict_keys(['example_weekday_branch_operator']) retrieved from /home/airflow/.local/lib/python3.6/site-packages/airflow/example_dags/example_branch_day_of_week_operator.py
[2023-12-06 07:47:05,499] {logging_mixin.py:109} INFO - [2023-12-06 07:47:05,499] {dag.py:1834} INFO - Sync 1 DAGs
[2023-12-06 07:47:05,515] {logging_mixin.py:109} INFO - [2023-12-06 07:47:05,515] {dag.py:2287} INFO - Setting next_dagrun for example_weekday_branch_operator to 2023-12-04 00:00:00+00:00
[2023-12-06 07:47:05,528] {processor.py:170} INFO - Processing /home/airflow/.local/lib/python3.6/site-packages/airflow/example_dags/example_branch_day_of_week_operator.py took 0.061 seconds
[2023-12-06 07:47:36,149] {processor.py:162} INFO - Started process (PID=1011) to work on /home/airflow/.local/lib/python3.6/site-packages/airflow/example_dags/example_branch_day_of_week_operator.py
[2023-12-06 07:47:36,150] {processor.py:613} INFO - Processing file /home/airflow/.local/lib/python3.6/site-packages/airflow/example_dags/example_branch_day_of_week_operator.py for tasks to queue
[2023-12-06 07:47:36,151] {logging_mixin.py:109} INFO - [2023-12-06 07:47:36,151] {dagbag.py:496} INFO - Filling up the DagBag from /home/airflow/.local/lib/python3.6/site-packages/airflow/example_dags/example_branch_day_of_week_operator.py
[2023-12-06 07:47:36,159] {processor.py:623} INFO - DAG(s) dict_keys(['example_weekday_branch_operator']) retrieved from /home/airflow/.local/lib/python3.6/site-packages/airflow/example_dags/example_branch_day_of_week_operator.py
[2023-12-06 07:47:36,174] {logging_mixin.py:109} INFO - [2023-12-06 07:47:36,174] {dag.py:1834} INFO - Sync 1 DAGs
[2023-12-06 07:47:36,186] {logging_mixin.py:109} INFO - [2023-12-06 07:47:36,186] {dag.py:2287} INFO - Setting next_dagrun for example_weekday_branch_operator to 2023-12-04 00:00:00+00:00
[2023-12-06 07:47:36,197] {processor.py:170} INFO - Processing /home/airflow/.local/lib/python3.6/site-packages/airflow/example_dags/example_branch_day_of_week_operator.py took 0.050 seconds
[2023-12-06 07:48:06,704] {processor.py:162} INFO - Started process (PID=1216) to work on /home/airflow/.local/lib/python3.6/site-packages/airflow/example_dags/example_branch_day_of_week_operator.py
[2023-12-06 07:48:06,705] {processor.py:613} INFO - Processing file /home/airflow/.local/lib/python3.6/site-packages/airflow/example_dags/example_branch_day_of_week_operator.py for tasks to queue
[2023-12-06 07:48:06,705] {logging_mixin.py:109} INFO - [2023-12-06 07:48:06,705] {dagbag.py:496} INFO - Filling up the DagBag from /home/airflow/.local/lib/python3.6/site-packages/airflow/example_dags/example_branch_day_of_week_operator.py
[2023-12-06 07:48:06,715] {processor.py:623} INFO - DAG(s) dict_keys(['example_weekday_branch_operator']) retrieved from /home/airflow/.local/lib/python3.6/site-packages/airflow/example_dags/example_branch_day_of_week_operator.py
[2023-12-06 07:48:06,731] {logging_mixin.py:109} INFO - [2023-12-06 07:48:06,731] {dag.py:1834} INFO - Sync 1 DAGs
[2023-12-06 07:48:06,743] {logging_mixin.py:109} INFO - [2023-12-06 07:48:06,743] {dag.py:2287} INFO - Setting next_dagrun for example_weekday_branch_operator to 2023-12-04 00:00:00+00:00
[2023-12-06 07:48:06,753] {processor.py:170} INFO - Processing /home/airflow/.local/lib/python3.6/site-packages/airflow/example_dags/example_branch_day_of_week_operator.py took 0.051 seconds
[2023-12-06 07:48:37,408] {processor.py:162} INFO - Started process (PID=1421) to work on /home/airflow/.local/lib/python3.6/site-packages/airflow/example_dags/example_branch_day_of_week_operator.py
[2023-12-06 07:48:37,410] {processor.py:613} INFO - Processing file /home/airflow/.local/lib/python3.6/site-packages/airflow/example_dags/example_branch_day_of_week_operator.py for tasks to queue
[2023-12-06 07:48:37,411] {logging_mixin.py:109} INFO - [2023-12-06 07:48:37,411] {dagbag.py:496} INFO - Filling up the DagBag from /home/airflow/.local/lib/python3.6/site-packages/airflow/example_dags/example_branch_day_of_week_operator.py
[2023-12-06 07:48:37,419] {processor.py:623} INFO - DAG(s) dict_keys(['example_weekday_branch_operator']) retrieved from /home/airflow/.local/lib/python3.6/site-packages/airflow/example_dags/example_branch_day_of_week_operator.py
[2023-12-06 07:48:37,437] {logging_mixin.py:109} INFO - [2023-12-06 07:48:37,437] {dag.py:1834} INFO - Sync 1 DAGs
[2023-12-06 07:48:37,449] {logging_mixin.py:109} INFO - [2023-12-06 07:48:37,449] {dag.py:2287} INFO - Setting next_dagrun for example_weekday_branch_operator to 2023-12-04 00:00:00+00:00
[2023-12-06 07:48:37,461] {processor.py:170} INFO - Processing /home/airflow/.local/lib/python3.6/site-packages/airflow/example_dags/example_branch_day_of_week_operator.py took 0.054 seconds
[2023-12-06 07:49:07,990] {processor.py:162} INFO - Started process (PID=1616) to work on /home/airflow/.local/lib/python3.6/site-packages/airflow/example_dags/example_branch_day_of_week_operator.py
[2023-12-06 07:49:07,991] {processor.py:613} INFO - Processing file /home/airflow/.local/lib/python3.6/site-packages/airflow/example_dags/example_branch_day_of_week_operator.py for tasks to queue
[2023-12-06 07:49:07,991] {logging_mixin.py:109} INFO - [2023-12-06 07:49:07,991] {dagbag.py:496} INFO - Filling up the DagBag from /home/airflow/.local/lib/python3.6/site-packages/airflow/example_dags/example_branch_day_of_week_operator.py
[2023-12-06 07:49:08,000] {processor.py:623} INFO - DAG(s) dict_keys(['example_weekday_branch_operator']) retrieved from /home/airflow/.local/lib/python3.6/site-packages/airflow/example_dags/example_branch_day_of_week_operator.py
[2023-12-06 07:49:08,018] {logging_mixin.py:109} INFO - [2023-12-06 07:49:08,018] {dag.py:1834} INFO - Sync 1 DAGs
[2023-12-06 07:49:08,030] {logging_mixin.py:109} INFO - [2023-12-06 07:49:08,030] {dag.py:2287} INFO - Setting next_dagrun for example_weekday_branch_operator to 2023-12-04 00:00:00+00:00
[2023-12-06 07:49:08,040] {processor.py:170} INFO - Processing /home/airflow/.local/lib/python3.6/site-packages/airflow/example_dags/example_branch_day_of_week_operator.py took 0.052 seconds
[2023-12-06 07:49:38,669] {processor.py:162} INFO - Started process (PID=1821) to work on /home/airflow/.local/lib/python3.6/site-packages/airflow/example_dags/example_branch_day_of_week_operator.py
[2023-12-06 07:49:38,671] {processor.py:613} INFO - Processing file /home/airflow/.local/lib/python3.6/site-packages/airflow/example_dags/example_branch_day_of_week_operator.py for tasks to queue
[2023-12-06 07:49:38,672] {logging_mixin.py:109} INFO - [2023-12-06 07:49:38,672] {dagbag.py:496} INFO - Filling up the DagBag from /home/airflow/.local/lib/python3.6/site-packages/airflow/example_dags/example_branch_day_of_week_operator.py
[2023-12-06 07:49:38,682] {processor.py:623} INFO - DAG(s) dict_keys(['example_weekday_branch_operator']) retrieved from /home/airflow/.local/lib/python3.6/site-packages/airflow/example_dags/example_branch_day_of_week_operator.py
[2023-12-06 07:49:38,700] {logging_mixin.py:109} INFO - [2023-12-06 07:49:38,700] {dag.py:1834} INFO - Sync 1 DAGs
[2023-12-06 07:49:38,714] {logging_mixin.py:109} INFO - [2023-12-06 07:49:38,713] {dag.py:2287} INFO - Setting next_dagrun for example_weekday_branch_operator to 2023-12-04 00:00:00+00:00
[2023-12-06 07:49:38,726] {processor.py:170} INFO - Processing /home/airflow/.local/lib/python3.6/site-packages/airflow/example_dags/example_branch_day_of_week_operator.py took 0.058 seconds
[2023-12-06 07:50:09,346] {processor.py:162} INFO - Started process (PID=2016) to work on /home/airflow/.local/lib/python3.6/site-packages/airflow/example_dags/example_branch_day_of_week_operator.py
[2023-12-06 07:50:09,347] {processor.py:613} INFO - Processing file /home/airflow/.local/lib/python3.6/site-packages/airflow/example_dags/example_branch_day_of_week_operator.py for tasks to queue
[2023-12-06 07:50:09,348] {logging_mixin.py:109} INFO - [2023-12-06 07:50:09,348] {dagbag.py:496} INFO - Filling up the DagBag from /home/airflow/.local/lib/python3.6/site-packages/airflow/example_dags/example_branch_day_of_week_operator.py
[2023-12-06 07:50:09,357] {processor.py:623} INFO - DAG(s) dict_keys(['example_weekday_branch_operator']) retrieved from /home/airflow/.local/lib/python3.6/site-packages/airflow/example_dags/example_branch_day_of_week_operator.py
[2023-12-06 07:50:09,377] {logging_mixin.py:109} INFO - [2023-12-06 07:50:09,377] {dag.py:1834} INFO - Sync 1 DAGs
[2023-12-06 07:50:09,391] {logging_mixin.py:109} INFO - [2023-12-06 07:50:09,391] {dag.py:2287} INFO - Setting next_dagrun for example_weekday_branch_operator to 2023-12-04 00:00:00+00:00
[2023-12-06 07:50:09,401] {processor.py:170} INFO - Processing /home/airflow/.local/lib/python3.6/site-packages/airflow/example_dags/example_branch_day_of_week_operator.py took 0.057 seconds
[2023-12-06 07:50:39,835] {processor.py:162} INFO - Started process (PID=2221) to work on /home/airflow/.local/lib/python3.6/site-packages/airflow/example_dags/example_branch_day_of_week_operator.py
[2023-12-06 07:50:39,837] {processor.py:613} INFO - Processing file /home/airflow/.local/lib/python3.6/site-packages/airflow/example_dags/example_branch_day_of_week_operator.py for tasks to queue
[2023-12-06 07:50:39,837] {logging_mixin.py:109} INFO - [2023-12-06 07:50:39,837] {dagbag.py:496} INFO - Filling up the DagBag from /home/airflow/.local/lib/python3.6/site-packages/airflow/example_dags/example_branch_day_of_week_operator.py
[2023-12-06 07:50:39,845] {processor.py:623} INFO - DAG(s) dict_keys(['example_weekday_branch_operator']) retrieved from /home/airflow/.local/lib/python3.6/site-packages/airflow/example_dags/example_branch_day_of_week_operator.py
[2023-12-06 07:50:39,862] {logging_mixin.py:109} INFO - [2023-12-06 07:50:39,862] {dag.py:1834} INFO - Sync 1 DAGs
[2023-12-06 07:50:39,873] {logging_mixin.py:109} INFO - [2023-12-06 07:50:39,873] {dag.py:2287} INFO - Setting next_dagrun for example_weekday_branch_operator to 2023-12-04 00:00:00+00:00
[2023-12-06 07:50:39,883] {processor.py:170} INFO - Processing /home/airflow/.local/lib/python3.6/site-packages/airflow/example_dags/example_branch_day_of_week_operator.py took 0.049 seconds
[2023-12-06 07:51:10,279] {processor.py:162} INFO - Started process (PID=2426) to work on /home/airflow/.local/lib/python3.6/site-packages/airflow/example_dags/example_branch_day_of_week_operator.py
[2023-12-06 07:51:10,280] {processor.py:613} INFO - Processing file /home/airflow/.local/lib/python3.6/site-packages/airflow/example_dags/example_branch_day_of_week_operator.py for tasks to queue
[2023-12-06 07:51:10,280] {logging_mixin.py:109} INFO - [2023-12-06 07:51:10,280] {dagbag.py:496} INFO - Filling up the DagBag from /home/airflow/.local/lib/python3.6/site-packages/airflow/example_dags/example_branch_day_of_week_operator.py
[2023-12-06 07:51:10,289] {processor.py:623} INFO - DAG(s) dict_keys(['example_weekday_branch_operator']) retrieved from /home/airflow/.local/lib/python3.6/site-packages/airflow/example_dags/example_branch_day_of_week_operator.py
[2023-12-06 07:51:10,307] {logging_mixin.py:109} INFO - [2023-12-06 07:51:10,307] {dag.py:1834} INFO - Sync 1 DAGs
[2023-12-06 07:51:10,320] {logging_mixin.py:109} INFO - [2023-12-06 07:51:10,320] {dag.py:2287} INFO - Setting next_dagrun for example_weekday_branch_operator to 2023-12-04 00:00:00+00:00
[2023-12-06 07:51:10,332] {processor.py:170} INFO - Processing /home/airflow/.local/lib/python3.6/site-packages/airflow/example_dags/example_branch_day_of_week_operator.py took 0.055 seconds
[2023-12-06 07:51:40,802] {processor.py:162} INFO - Started process (PID=2621) to work on /home/airflow/.local/lib/python3.6/site-packages/airflow/example_dags/example_branch_day_of_week_operator.py
[2023-12-06 07:51:40,802] {processor.py:613} INFO - Processing file /home/airflow/.local/lib/python3.6/site-packages/airflow/example_dags/example_branch_day_of_week_operator.py for tasks to queue
[2023-12-06 07:51:40,803] {logging_mixin.py:109} INFO - [2023-12-06 07:51:40,803] {dagbag.py:496} INFO - Filling up the DagBag from /home/airflow/.local/lib/python3.6/site-packages/airflow/example_dags/example_branch_day_of_week_operator.py
[2023-12-06 07:51:40,811] {processor.py:623} INFO - DAG(s) dict_keys(['example_weekday_branch_operator']) retrieved from /home/airflow/.local/lib/python3.6/site-packages/airflow/example_dags/example_branch_day_of_week_operator.py
[2023-12-06 07:51:40,828] {logging_mixin.py:109} INFO - [2023-12-06 07:51:40,828] {dag.py:1834} INFO - Sync 1 DAGs
[2023-12-06 07:51:40,841] {logging_mixin.py:109} INFO - [2023-12-06 07:51:40,841] {dag.py:2287} INFO - Setting next_dagrun for example_weekday_branch_operator to 2023-12-04 00:00:00+00:00
[2023-12-06 07:51:40,852] {processor.py:170} INFO - Processing /home/airflow/.local/lib/python3.6/site-packages/airflow/example_dags/example_branch_day_of_week_operator.py took 0.053 seconds
[2023-12-06 07:52:11,352] {processor.py:162} INFO - Started process (PID=2826) to work on /home/airflow/.local/lib/python3.6/site-packages/airflow/example_dags/example_branch_day_of_week_operator.py
[2023-12-06 07:52:11,354] {processor.py:613} INFO - Processing file /home/airflow/.local/lib/python3.6/site-packages/airflow/example_dags/example_branch_day_of_week_operator.py for tasks to queue
[2023-12-06 07:52:11,354] {logging_mixin.py:109} INFO - [2023-12-06 07:52:11,354] {dagbag.py:496} INFO - Filling up the DagBag from /home/airflow/.local/lib/python3.6/site-packages/airflow/example_dags/example_branch_day_of_week_operator.py
[2023-12-06 07:52:11,362] {processor.py:623} INFO - DAG(s) dict_keys(['example_weekday_branch_operator']) retrieved from /home/airflow/.local/lib/python3.6/site-packages/airflow/example_dags/example_branch_day_of_week_operator.py
[2023-12-06 07:52:11,379] {logging_mixin.py:109} INFO - [2023-12-06 07:52:11,378] {dag.py:1834} INFO - Sync 1 DAGs
[2023-12-06 07:52:11,390] {logging_mixin.py:109} INFO - [2023-12-06 07:52:11,390] {dag.py:2287} INFO - Setting next_dagrun for example_weekday_branch_operator to 2023-12-04 00:00:00+00:00
[2023-12-06 07:52:11,401] {processor.py:170} INFO - Processing /home/airflow/.local/lib/python3.6/site-packages/airflow/example_dags/example_branch_day_of_week_operator.py took 0.051 seconds
[2023-12-06 07:52:41,795] {processor.py:162} INFO - Started process (PID=3021) to work on /home/airflow/.local/lib/python3.6/site-packages/airflow/example_dags/example_branch_day_of_week_operator.py
[2023-12-06 07:52:41,796] {processor.py:613} INFO - Processing file /home/airflow/.local/lib/python3.6/site-packages/airflow/example_dags/example_branch_day_of_week_operator.py for tasks to queue
[2023-12-06 07:52:41,797] {logging_mixin.py:109} INFO - [2023-12-06 07:52:41,797] {dagbag.py:496} INFO - Filling up the DagBag from /home/airflow/.local/lib/python3.6/site-packages/airflow/example_dags/example_branch_day_of_week_operator.py
[2023-12-06 07:52:41,806] {processor.py:623} INFO - DAG(s) dict_keys(['example_weekday_branch_operator']) retrieved from /home/airflow/.local/lib/python3.6/site-packages/airflow/example_dags/example_branch_day_of_week_operator.py
[2023-12-06 07:52:41,824] {logging_mixin.py:109} INFO - [2023-12-06 07:52:41,823] {dag.py:1834} INFO - Sync 1 DAGs
[2023-12-06 07:52:41,838] {logging_mixin.py:109} INFO - [2023-12-06 07:52:41,838] {dag.py:2287} INFO - Setting next_dagrun for example_weekday_branch_operator to 2023-12-04 00:00:00+00:00
[2023-12-06 07:52:41,848] {processor.py:170} INFO - Processing /home/airflow/.local/lib/python3.6/site-packages/airflow/example_dags/example_branch_day_of_week_operator.py took 0.055 seconds
[2023-12-06 07:53:12,287] {processor.py:162} INFO - Started process (PID=3226) to work on /home/airflow/.local/lib/python3.6/site-packages/airflow/example_dags/example_branch_day_of_week_operator.py
[2023-12-06 07:53:12,289] {processor.py:613} INFO - Processing file /home/airflow/.local/lib/python3.6/site-packages/airflow/example_dags/example_branch_day_of_week_operator.py for tasks to queue
[2023-12-06 07:53:12,289] {logging_mixin.py:109} INFO - [2023-12-06 07:53:12,289] {dagbag.py:496} INFO - Filling up the DagBag from /home/airflow/.local/lib/python3.6/site-packages/airflow/example_dags/example_branch_day_of_week_operator.py
[2023-12-06 07:53:12,297] {processor.py:623} INFO - DAG(s) dict_keys(['example_weekday_branch_operator']) retrieved from /home/airflow/.local/lib/python3.6/site-packages/airflow/example_dags/example_branch_day_of_week_operator.py
[2023-12-06 07:53:12,314] {logging_mixin.py:109} INFO - [2023-12-06 07:53:12,314] {dag.py:1834} INFO - Sync 1 DAGs
[2023-12-06 07:53:12,327] {logging_mixin.py:109} INFO - [2023-12-06 07:53:12,327] {dag.py:2287} INFO - Setting next_dagrun for example_weekday_branch_operator to 2023-12-04 00:00:00+00:00
[2023-12-06 07:53:12,337] {processor.py:170} INFO - Processing /home/airflow/.local/lib/python3.6/site-packages/airflow/example_dags/example_branch_day_of_week_operator.py took 0.052 seconds
[2023-12-06 07:53:42,996] {processor.py:162} INFO - Started process (PID=3431) to work on /home/airflow/.local/lib/python3.6/site-packages/airflow/example_dags/example_branch_day_of_week_operator.py
[2023-12-06 07:53:42,998] {processor.py:613} INFO - Processing file /home/airflow/.local/lib/python3.6/site-packages/airflow/example_dags/example_branch_day_of_week_operator.py for tasks to queue
[2023-12-06 07:53:42,999] {logging_mixin.py:109} INFO - [2023-12-06 07:53:42,999] {dagbag.py:496} INFO - Filling up the DagBag from /home/airflow/.local/lib/python3.6/site-packages/airflow/example_dags/example_branch_day_of_week_operator.py
[2023-12-06 07:53:43,007] {processor.py:623} INFO - DAG(s) dict_keys(['example_weekday_branch_operator']) retrieved from /home/airflow/.local/lib/python3.6/site-packages/airflow/example_dags/example_branch_day_of_week_operator.py
[2023-12-06 07:53:43,027] {logging_mixin.py:109} INFO - [2023-12-06 07:53:43,027] {dag.py:1834} INFO - Sync 1 DAGs
[2023-12-06 07:53:43,042] {logging_mixin.py:109} INFO - [2023-12-06 07:53:43,041] {dag.py:2287} INFO - Setting next_dagrun for example_weekday_branch_operator to 2023-12-04 00:00:00+00:00
[2023-12-06 07:53:43,053] {processor.py:170} INFO - Processing /home/airflow/.local/lib/python3.6/site-packages/airflow/example_dags/example_branch_day_of_week_operator.py took 0.059 seconds
[2023-12-06 07:54:13,663] {processor.py:162} INFO - Started process (PID=3626) to work on /home/airflow/.local/lib/python3.6/site-packages/airflow/example_dags/example_branch_day_of_week_operator.py
[2023-12-06 07:54:13,664] {processor.py:613} INFO - Processing file /home/airflow/.local/lib/python3.6/site-packages/airflow/example_dags/example_branch_day_of_week_operator.py for tasks to queue
[2023-12-06 07:54:13,665] {logging_mixin.py:109} INFO - [2023-12-06 07:54:13,665] {dagbag.py:496} INFO - Filling up the DagBag from /home/airflow/.local/lib/python3.6/site-packages/airflow/example_dags/example_branch_day_of_week_operator.py
[2023-12-06 07:54:13,672] {processor.py:623} INFO - DAG(s) dict_keys(['example_weekday_branch_operator']) retrieved from /home/airflow/.local/lib/python3.6/site-packages/airflow/example_dags/example_branch_day_of_week_operator.py
[2023-12-06 07:54:13,689] {logging_mixin.py:109} INFO - [2023-12-06 07:54:13,689] {dag.py:1834} INFO - Sync 1 DAGs
[2023-12-06 07:54:13,703] {logging_mixin.py:109} INFO - [2023-12-06 07:54:13,703] {dag.py:2287} INFO - Setting next_dagrun for example_weekday_branch_operator to 2023-12-04 00:00:00+00:00
[2023-12-06 07:54:13,713] {processor.py:170} INFO - Processing /home/airflow/.local/lib/python3.6/site-packages/airflow/example_dags/example_branch_day_of_week_operator.py took 0.051 seconds
[2023-12-06 07:54:44,419] {processor.py:162} INFO - Started process (PID=3831) to work on /home/airflow/.local/lib/python3.6/site-packages/airflow/example_dags/example_branch_day_of_week_operator.py
[2023-12-06 07:54:44,420] {processor.py:613} INFO - Processing file /home/airflow/.local/lib/python3.6/site-packages/airflow/example_dags/example_branch_day_of_week_operator.py for tasks to queue
[2023-12-06 07:54:44,420] {logging_mixin.py:109} INFO - [2023-12-06 07:54:44,420] {dagbag.py:496} INFO - Filling up the DagBag from /home/airflow/.local/lib/python3.6/site-packages/airflow/example_dags/example_branch_day_of_week_operator.py
[2023-12-06 07:54:44,429] {processor.py:623} INFO - DAG(s) dict_keys(['example_weekday_branch_operator']) retrieved from /home/airflow/.local/lib/python3.6/site-packages/airflow/example_dags/example_branch_day_of_week_operator.py
[2023-12-06 07:54:44,446] {logging_mixin.py:109} INFO - [2023-12-06 07:54:44,446] {dag.py:1834} INFO - Sync 1 DAGs
[2023-12-06 07:54:44,461] {logging_mixin.py:109} INFO - [2023-12-06 07:54:44,461] {dag.py:2287} INFO - Setting next_dagrun for example_weekday_branch_operator to 2023-12-04 00:00:00+00:00
[2023-12-06 07:54:44,470] {processor.py:170} INFO - Processing /home/airflow/.local/lib/python3.6/site-packages/airflow/example_dags/example_branch_day_of_week_operator.py took 0.053 seconds
[2023-12-06 07:55:15,037] {processor.py:162} INFO - Started process (PID=4035) to work on /home/airflow/.local/lib/python3.6/site-packages/airflow/example_dags/example_branch_day_of_week_operator.py
[2023-12-06 07:55:15,039] {processor.py:613} INFO - Processing file /home/airflow/.local/lib/python3.6/site-packages/airflow/example_dags/example_branch_day_of_week_operator.py for tasks to queue
[2023-12-06 07:55:15,039] {logging_mixin.py:109} INFO - [2023-12-06 07:55:15,039] {dagbag.py:496} INFO - Filling up the DagBag from /home/airflow/.local/lib/python3.6/site-packages/airflow/example_dags/example_branch_day_of_week_operator.py
[2023-12-06 07:55:15,050] {processor.py:623} INFO - DAG(s) dict_keys(['example_weekday_branch_operator']) retrieved from /home/airflow/.local/lib/python3.6/site-packages/airflow/example_dags/example_branch_day_of_week_operator.py
[2023-12-06 07:55:15,067] {logging_mixin.py:109} INFO - [2023-12-06 07:55:15,067] {dag.py:1834} INFO - Sync 1 DAGs
[2023-12-06 07:55:15,083] {logging_mixin.py:109} INFO - [2023-12-06 07:55:15,083] {dag.py:2287} INFO - Setting next_dagrun for example_weekday_branch_operator to 2023-12-04 00:00:00+00:00
[2023-12-06 07:55:15,095] {processor.py:170} INFO - Processing /home/airflow/.local/lib/python3.6/site-packages/airflow/example_dags/example_branch_day_of_week_operator.py took 0.060 seconds
[2023-12-06 07:55:45,722] {processor.py:162} INFO - Started process (PID=4231) to work on /home/airflow/.local/lib/python3.6/site-packages/airflow/example_dags/example_branch_day_of_week_operator.py
[2023-12-06 07:55:45,724] {processor.py:613} INFO - Processing file /home/airflow/.local/lib/python3.6/site-packages/airflow/example_dags/example_branch_day_of_week_operator.py for tasks to queue
[2023-12-06 07:55:45,724] {logging_mixin.py:109} INFO - [2023-12-06 07:55:45,724] {dagbag.py:496} INFO - Filling up the DagBag from /home/airflow/.local/lib/python3.6/site-packages/airflow/example_dags/example_branch_day_of_week_operator.py
[2023-12-06 07:55:45,734] {processor.py:623} INFO - DAG(s) dict_keys(['example_weekday_branch_operator']) retrieved from /home/airflow/.local/lib/python3.6/site-packages/airflow/example_dags/example_branch_day_of_week_operator.py
[2023-12-06 07:55:45,751] {logging_mixin.py:109} INFO - [2023-12-06 07:55:45,751] {dag.py:1834} INFO - Sync 1 DAGs
[2023-12-06 07:55:45,764] {logging_mixin.py:109} INFO - [2023-12-06 07:55:45,764] {dag.py:2287} INFO - Setting next_dagrun for example_weekday_branch_operator to 2023-12-04 00:00:00+00:00
[2023-12-06 07:55:45,774] {processor.py:170} INFO - Processing /home/airflow/.local/lib/python3.6/site-packages/airflow/example_dags/example_branch_day_of_week_operator.py took 0.054 seconds
[2023-12-06 07:56:16,440] {processor.py:162} INFO - Started process (PID=4436) to work on /home/airflow/.local/lib/python3.6/site-packages/airflow/example_dags/example_branch_day_of_week_operator.py
[2023-12-06 07:56:16,441] {processor.py:613} INFO - Processing file /home/airflow/.local/lib/python3.6/site-packages/airflow/example_dags/example_branch_day_of_week_operator.py for tasks to queue
[2023-12-06 07:56:16,441] {logging_mixin.py:109} INFO - [2023-12-06 07:56:16,441] {dagbag.py:496} INFO - Filling up the DagBag from /home/airflow/.local/lib/python3.6/site-packages/airflow/example_dags/example_branch_day_of_week_operator.py
[2023-12-06 07:56:16,450] {processor.py:623} INFO - DAG(s) dict_keys(['example_weekday_branch_operator']) retrieved from /home/airflow/.local/lib/python3.6/site-packages/airflow/example_dags/example_branch_day_of_week_operator.py
[2023-12-06 07:56:16,469] {logging_mixin.py:109} INFO - [2023-12-06 07:56:16,469] {dag.py:1834} INFO - Sync 1 DAGs
[2023-12-06 07:56:16,482] {logging_mixin.py:109} INFO - [2023-12-06 07:56:16,482] {dag.py:2287} INFO - Setting next_dagrun for example_weekday_branch_operator to 2023-12-04 00:00:00+00:00
[2023-12-06 07:56:16,492] {processor.py:170} INFO - Processing /home/airflow/.local/lib/python3.6/site-packages/airflow/example_dags/example_branch_day_of_week_operator.py took 0.054 seconds
[2023-12-06 07:56:47,087] {processor.py:162} INFO - Started process (PID=4631) to work on /home/airflow/.local/lib/python3.6/site-packages/airflow/example_dags/example_branch_day_of_week_operator.py
[2023-12-06 07:56:47,088] {processor.py:613} INFO - Processing file /home/airflow/.local/lib/python3.6/site-packages/airflow/example_dags/example_branch_day_of_week_operator.py for tasks to queue
[2023-12-06 07:56:47,089] {logging_mixin.py:109} INFO - [2023-12-06 07:56:47,089] {dagbag.py:496} INFO - Filling up the DagBag from /home/airflow/.local/lib/python3.6/site-packages/airflow/example_dags/example_branch_day_of_week_operator.py
[2023-12-06 07:56:47,098] {processor.py:623} INFO - DAG(s) dict_keys(['example_weekday_branch_operator']) retrieved from /home/airflow/.local/lib/python3.6/site-packages/airflow/example_dags/example_branch_day_of_week_operator.py
[2023-12-06 07:56:47,117] {logging_mixin.py:109} INFO - [2023-12-06 07:56:47,117] {dag.py:1834} INFO - Sync 1 DAGs
[2023-12-06 07:56:47,130] {logging_mixin.py:109} INFO - [2023-12-06 07:56:47,130] {dag.py:2287} INFO - Setting next_dagrun for example_weekday_branch_operator to 2023-12-04 00:00:00+00:00
[2023-12-06 07:56:47,140] {processor.py:170} INFO - Processing /home/airflow/.local/lib/python3.6/site-packages/airflow/example_dags/example_branch_day_of_week_operator.py took 0.055 seconds
[2023-12-06 07:57:17,658] {processor.py:162} INFO - Started process (PID=4836) to work on /home/airflow/.local/lib/python3.6/site-packages/airflow/example_dags/example_branch_day_of_week_operator.py
[2023-12-06 07:57:17,659] {processor.py:613} INFO - Processing file /home/airflow/.local/lib/python3.6/site-packages/airflow/example_dags/example_branch_day_of_week_operator.py for tasks to queue
[2023-12-06 07:57:17,660] {logging_mixin.py:109} INFO - [2023-12-06 07:57:17,660] {dagbag.py:496} INFO - Filling up the DagBag from /home/airflow/.local/lib/python3.6/site-packages/airflow/example_dags/example_branch_day_of_week_operator.py
[2023-12-06 07:57:17,668] {processor.py:623} INFO - DAG(s) dict_keys(['example_weekday_branch_operator']) retrieved from /home/airflow/.local/lib/python3.6/site-packages/airflow/example_dags/example_branch_day_of_week_operator.py
[2023-12-06 07:57:17,685] {logging_mixin.py:109} INFO - [2023-12-06 07:57:17,685] {dag.py:1834} INFO - Sync 1 DAGs
[2023-12-06 07:57:17,697] {logging_mixin.py:109} INFO - [2023-12-06 07:57:17,697] {dag.py:2287} INFO - Setting next_dagrun for example_weekday_branch_operator to 2023-12-04 00:00:00+00:00
[2023-12-06 07:57:17,706] {processor.py:170} INFO - Processing /home/airflow/.local/lib/python3.6/site-packages/airflow/example_dags/example_branch_day_of_week_operator.py took 0.051 seconds
[2023-12-06 07:57:48,277] {processor.py:162} INFO - Started process (PID=5041) to work on /home/airflow/.local/lib/python3.6/site-packages/airflow/example_dags/example_branch_day_of_week_operator.py
[2023-12-06 07:57:48,278] {processor.py:613} INFO - Processing file /home/airflow/.local/lib/python3.6/site-packages/airflow/example_dags/example_branch_day_of_week_operator.py for tasks to queue
[2023-12-06 07:57:48,279] {logging_mixin.py:109} INFO - [2023-12-06 07:57:48,278] {dagbag.py:496} INFO - Filling up the DagBag from /home/airflow/.local/lib/python3.6/site-packages/airflow/example_dags/example_branch_day_of_week_operator.py
[2023-12-06 07:57:48,287] {processor.py:623} INFO - DAG(s) dict_keys(['example_weekday_branch_operator']) retrieved from /home/airflow/.local/lib/python3.6/site-packages/airflow/example_dags/example_branch_day_of_week_operator.py
[2023-12-06 07:57:48,303] {logging_mixin.py:109} INFO - [2023-12-06 07:57:48,303] {dag.py:1834} INFO - Sync 1 DAGs
[2023-12-06 07:57:48,316] {logging_mixin.py:109} INFO - [2023-12-06 07:57:48,315] {dag.py:2287} INFO - Setting next_dagrun for example_weekday_branch_operator to 2023-12-04 00:00:00+00:00
[2023-12-06 07:57:48,325] {processor.py:170} INFO - Processing /home/airflow/.local/lib/python3.6/site-packages/airflow/example_dags/example_branch_day_of_week_operator.py took 0.050 seconds
[2023-12-06 07:58:18,936] {processor.py:162} INFO - Started process (PID=5237) to work on /home/airflow/.local/lib/python3.6/site-packages/airflow/example_dags/example_branch_day_of_week_operator.py
[2023-12-06 07:58:18,938] {processor.py:613} INFO - Processing file /home/airflow/.local/lib/python3.6/site-packages/airflow/example_dags/example_branch_day_of_week_operator.py for tasks to queue
[2023-12-06 07:58:18,938] {logging_mixin.py:109} INFO - [2023-12-06 07:58:18,938] {dagbag.py:496} INFO - Filling up the DagBag from /home/airflow/.local/lib/python3.6/site-packages/airflow/example_dags/example_branch_day_of_week_operator.py
[2023-12-06 07:58:18,948] {processor.py:623} INFO - DAG(s) dict_keys(['example_weekday_branch_operator']) retrieved from /home/airflow/.local/lib/python3.6/site-packages/airflow/example_dags/example_branch_day_of_week_operator.py
[2023-12-06 07:58:18,967] {logging_mixin.py:109} INFO - [2023-12-06 07:58:18,967] {dag.py:1834} INFO - Sync 1 DAGs
[2023-12-06 07:58:18,981] {logging_mixin.py:109} INFO - [2023-12-06 07:58:18,981] {dag.py:2287} INFO - Setting next_dagrun for example_weekday_branch_operator to 2023-12-04 00:00:00+00:00
[2023-12-06 07:58:18,991] {processor.py:170} INFO - Processing /home/airflow/.local/lib/python3.6/site-packages/airflow/example_dags/example_branch_day_of_week_operator.py took 0.057 seconds
[2023-12-06 07:58:49,711] {processor.py:162} INFO - Started process (PID=5442) to work on /home/airflow/.local/lib/python3.6/site-packages/airflow/example_dags/example_branch_day_of_week_operator.py
[2023-12-06 07:58:49,713] {processor.py:613} INFO - Processing file /home/airflow/.local/lib/python3.6/site-packages/airflow/example_dags/example_branch_day_of_week_operator.py for tasks to queue
[2023-12-06 07:58:49,714] {logging_mixin.py:109} INFO - [2023-12-06 07:58:49,713] {dagbag.py:496} INFO - Filling up the DagBag from /home/airflow/.local/lib/python3.6/site-packages/airflow/example_dags/example_branch_day_of_week_operator.py
[2023-12-06 07:58:49,723] {processor.py:623} INFO - DAG(s) dict_keys(['example_weekday_branch_operator']) retrieved from /home/airflow/.local/lib/python3.6/site-packages/airflow/example_dags/example_branch_day_of_week_operator.py
[2023-12-06 07:58:49,740] {logging_mixin.py:109} INFO - [2023-12-06 07:58:49,740] {dag.py:1834} INFO - Sync 1 DAGs
[2023-12-06 07:58:49,753] {logging_mixin.py:109} INFO - [2023-12-06 07:58:49,752] {dag.py:2287} INFO - Setting next_dagrun for example_weekday_branch_operator to 2023-12-04 00:00:00+00:00
[2023-12-06 07:58:49,763] {processor.py:170} INFO - Processing /home/airflow/.local/lib/python3.6/site-packages/airflow/example_dags/example_branch_day_of_week_operator.py took 0.054 seconds
[2023-12-06 07:59:20,379] {processor.py:162} INFO - Started process (PID=5647) to work on /home/airflow/.local/lib/python3.6/site-packages/airflow/example_dags/example_branch_day_of_week_operator.py
[2023-12-06 07:59:20,380] {processor.py:613} INFO - Processing file /home/airflow/.local/lib/python3.6/site-packages/airflow/example_dags/example_branch_day_of_week_operator.py for tasks to queue
[2023-12-06 07:59:20,380] {logging_mixin.py:109} INFO - [2023-12-06 07:59:20,380] {dagbag.py:496} INFO - Filling up the DagBag from /home/airflow/.local/lib/python3.6/site-packages/airflow/example_dags/example_branch_day_of_week_operator.py
[2023-12-06 07:59:20,389] {processor.py:623} INFO - DAG(s) dict_keys(['example_weekday_branch_operator']) retrieved from /home/airflow/.local/lib/python3.6/site-packages/airflow/example_dags/example_branch_day_of_week_operator.py
[2023-12-06 07:59:20,408] {logging_mixin.py:109} INFO - [2023-12-06 07:59:20,407] {dag.py:1834} INFO - Sync 1 DAGs
[2023-12-06 07:59:20,421] {logging_mixin.py:109} INFO - [2023-12-06 07:59:20,421] {dag.py:2287} INFO - Setting next_dagrun for example_weekday_branch_operator to 2023-12-04 00:00:00+00:00
[2023-12-06 07:59:20,432] {processor.py:170} INFO - Processing /home/airflow/.local/lib/python3.6/site-packages/airflow/example_dags/example_branch_day_of_week_operator.py took 0.056 seconds
[2023-12-06 07:59:51,021] {processor.py:162} INFO - Started process (PID=5842) to work on /home/airflow/.local/lib/python3.6/site-packages/airflow/example_dags/example_branch_day_of_week_operator.py
[2023-12-06 07:59:51,022] {processor.py:613} INFO - Processing file /home/airflow/.local/lib/python3.6/site-packages/airflow/example_dags/example_branch_day_of_week_operator.py for tasks to queue
[2023-12-06 07:59:51,022] {logging_mixin.py:109} INFO - [2023-12-06 07:59:51,022] {dagbag.py:496} INFO - Filling up the DagBag from /home/airflow/.local/lib/python3.6/site-packages/airflow/example_dags/example_branch_day_of_week_operator.py
[2023-12-06 07:59:51,031] {processor.py:623} INFO - DAG(s) dict_keys(['example_weekday_branch_operator']) retrieved from /home/airflow/.local/lib/python3.6/site-packages/airflow/example_dags/example_branch_day_of_week_operator.py
[2023-12-06 07:59:51,050] {logging_mixin.py:109} INFO - [2023-12-06 07:59:51,050] {dag.py:1834} INFO - Sync 1 DAGs
[2023-12-06 07:59:51,063] {logging_mixin.py:109} INFO - [2023-12-06 07:59:51,063] {dag.py:2287} INFO - Setting next_dagrun for example_weekday_branch_operator to 2023-12-04 00:00:00+00:00
[2023-12-06 07:59:51,073] {processor.py:170} INFO - Processing /home/airflow/.local/lib/python3.6/site-packages/airflow/example_dags/example_branch_day_of_week_operator.py took 0.055 seconds
[2023-12-06 08:00:21,766] {processor.py:162} INFO - Started process (PID=6132) to work on /home/airflow/.local/lib/python3.6/site-packages/airflow/example_dags/example_branch_day_of_week_operator.py
[2023-12-06 08:00:21,768] {processor.py:613} INFO - Processing file /home/airflow/.local/lib/python3.6/site-packages/airflow/example_dags/example_branch_day_of_week_operator.py for tasks to queue
[2023-12-06 08:00:21,769] {logging_mixin.py:109} INFO - [2023-12-06 08:00:21,768] {dagbag.py:496} INFO - Filling up the DagBag from /home/airflow/.local/lib/python3.6/site-packages/airflow/example_dags/example_branch_day_of_week_operator.py
[2023-12-06 08:00:21,778] {processor.py:623} INFO - DAG(s) dict_keys(['example_weekday_branch_operator']) retrieved from /home/airflow/.local/lib/python3.6/site-packages/airflow/example_dags/example_branch_day_of_week_operator.py
[2023-12-06 08:00:21,795] {logging_mixin.py:109} INFO - [2023-12-06 08:00:21,795] {dag.py:1834} INFO - Sync 1 DAGs
[2023-12-06 08:00:21,807] {logging_mixin.py:109} INFO - [2023-12-06 08:00:21,807] {dag.py:2287} INFO - Setting next_dagrun for example_weekday_branch_operator to 2023-12-04 00:00:00+00:00
[2023-12-06 08:00:21,817] {processor.py:170} INFO - Processing /home/airflow/.local/lib/python3.6/site-packages/airflow/example_dags/example_branch_day_of_week_operator.py took 0.052 seconds
[2023-12-06 08:00:52,607] {processor.py:162} INFO - Started process (PID=6334) to work on /home/airflow/.local/lib/python3.6/site-packages/airflow/example_dags/example_branch_day_of_week_operator.py
[2023-12-06 08:00:52,608] {processor.py:613} INFO - Processing file /home/airflow/.local/lib/python3.6/site-packages/airflow/example_dags/example_branch_day_of_week_operator.py for tasks to queue
[2023-12-06 08:00:52,609] {logging_mixin.py:109} INFO - [2023-12-06 08:00:52,608] {dagbag.py:496} INFO - Filling up the DagBag from /home/airflow/.local/lib/python3.6/site-packages/airflow/example_dags/example_branch_day_of_week_operator.py
[2023-12-06 08:00:52,618] {processor.py:623} INFO - DAG(s) dict_keys(['example_weekday_branch_operator']) retrieved from /home/airflow/.local/lib/python3.6/site-packages/airflow/example_dags/example_branch_day_of_week_operator.py
[2023-12-06 08:00:52,634] {logging_mixin.py:109} INFO - [2023-12-06 08:00:52,634] {dag.py:1834} INFO - Sync 1 DAGs
[2023-12-06 08:00:52,647] {logging_mixin.py:109} INFO - [2023-12-06 08:00:52,647] {dag.py:2287} INFO - Setting next_dagrun for example_weekday_branch_operator to 2023-12-04 00:00:00+00:00
[2023-12-06 08:00:52,659] {processor.py:170} INFO - Processing /home/airflow/.local/lib/python3.6/site-packages/airflow/example_dags/example_branch_day_of_week_operator.py took 0.054 seconds
[2023-12-06 08:01:23,382] {processor.py:162} INFO - Started process (PID=6532) to work on /home/airflow/.local/lib/python3.6/site-packages/airflow/example_dags/example_branch_day_of_week_operator.py
[2023-12-06 08:01:23,383] {processor.py:613} INFO - Processing file /home/airflow/.local/lib/python3.6/site-packages/airflow/example_dags/example_branch_day_of_week_operator.py for tasks to queue
[2023-12-06 08:01:23,384] {logging_mixin.py:109} INFO - [2023-12-06 08:01:23,384] {dagbag.py:496} INFO - Filling up the DagBag from /home/airflow/.local/lib/python3.6/site-packages/airflow/example_dags/example_branch_day_of_week_operator.py
[2023-12-06 08:01:23,392] {processor.py:623} INFO - DAG(s) dict_keys(['example_weekday_branch_operator']) retrieved from /home/airflow/.local/lib/python3.6/site-packages/airflow/example_dags/example_branch_day_of_week_operator.py
[2023-12-06 08:01:23,409] {logging_mixin.py:109} INFO - [2023-12-06 08:01:23,409] {dag.py:1834} INFO - Sync 1 DAGs
[2023-12-06 08:01:23,421] {logging_mixin.py:109} INFO - [2023-12-06 08:01:23,421] {dag.py:2287} INFO - Setting next_dagrun for example_weekday_branch_operator to 2023-12-04 00:00:00+00:00
[2023-12-06 08:01:23,435] {processor.py:170} INFO - Processing /home/airflow/.local/lib/python3.6/site-packages/airflow/example_dags/example_branch_day_of_week_operator.py took 0.055 seconds
[2023-12-06 08:01:54,041] {processor.py:162} INFO - Started process (PID=6737) to work on /home/airflow/.local/lib/python3.6/site-packages/airflow/example_dags/example_branch_day_of_week_operator.py
[2023-12-06 08:01:54,042] {processor.py:613} INFO - Processing file /home/airflow/.local/lib/python3.6/site-packages/airflow/example_dags/example_branch_day_of_week_operator.py for tasks to queue
[2023-12-06 08:01:54,043] {logging_mixin.py:109} INFO - [2023-12-06 08:01:54,042] {dagbag.py:496} INFO - Filling up the DagBag from /home/airflow/.local/lib/python3.6/site-packages/airflow/example_dags/example_branch_day_of_week_operator.py
[2023-12-06 08:01:54,051] {processor.py:623} INFO - DAG(s) dict_keys(['example_weekday_branch_operator']) retrieved from /home/airflow/.local/lib/python3.6/site-packages/airflow/example_dags/example_branch_day_of_week_operator.py
[2023-12-06 08:01:54,068] {logging_mixin.py:109} INFO - [2023-12-06 08:01:54,068] {dag.py:1834} INFO - Sync 1 DAGs
[2023-12-06 08:01:54,082] {logging_mixin.py:109} INFO - [2023-12-06 08:01:54,082] {dag.py:2287} INFO - Setting next_dagrun for example_weekday_branch_operator to 2023-12-04 00:00:00+00:00
[2023-12-06 08:01:54,092] {processor.py:170} INFO - Processing /home/airflow/.local/lib/python3.6/site-packages/airflow/example_dags/example_branch_day_of_week_operator.py took 0.053 seconds
[2023-12-06 08:02:24,608] {processor.py:162} INFO - Started process (PID=6933) to work on /home/airflow/.local/lib/python3.6/site-packages/airflow/example_dags/example_branch_day_of_week_operator.py
[2023-12-06 08:02:24,609] {processor.py:613} INFO - Processing file /home/airflow/.local/lib/python3.6/site-packages/airflow/example_dags/example_branch_day_of_week_operator.py for tasks to queue
[2023-12-06 08:02:24,610] {logging_mixin.py:109} INFO - [2023-12-06 08:02:24,610] {dagbag.py:496} INFO - Filling up the DagBag from /home/airflow/.local/lib/python3.6/site-packages/airflow/example_dags/example_branch_day_of_week_operator.py
[2023-12-06 08:02:24,619] {processor.py:623} INFO - DAG(s) dict_keys(['example_weekday_branch_operator']) retrieved from /home/airflow/.local/lib/python3.6/site-packages/airflow/example_dags/example_branch_day_of_week_operator.py
[2023-12-06 08:02:24,636] {logging_mixin.py:109} INFO - [2023-12-06 08:02:24,636] {dag.py:1834} INFO - Sync 1 DAGs
[2023-12-06 08:02:24,649] {logging_mixin.py:109} INFO - [2023-12-06 08:02:24,649] {dag.py:2287} INFO - Setting next_dagrun for example_weekday_branch_operator to 2023-12-04 00:00:00+00:00
[2023-12-06 08:02:24,659] {processor.py:170} INFO - Processing /home/airflow/.local/lib/python3.6/site-packages/airflow/example_dags/example_branch_day_of_week_operator.py took 0.053 seconds
[2023-12-06 08:02:55,347] {processor.py:162} INFO - Started process (PID=7138) to work on /home/airflow/.local/lib/python3.6/site-packages/airflow/example_dags/example_branch_day_of_week_operator.py
[2023-12-06 08:02:55,348] {processor.py:613} INFO - Processing file /home/airflow/.local/lib/python3.6/site-packages/airflow/example_dags/example_branch_day_of_week_operator.py for tasks to queue
[2023-12-06 08:02:55,349] {logging_mixin.py:109} INFO - [2023-12-06 08:02:55,349] {dagbag.py:496} INFO - Filling up the DagBag from /home/airflow/.local/lib/python3.6/site-packages/airflow/example_dags/example_branch_day_of_week_operator.py
[2023-12-06 08:02:55,357] {processor.py:623} INFO - DAG(s) dict_keys(['example_weekday_branch_operator']) retrieved from /home/airflow/.local/lib/python3.6/site-packages/airflow/example_dags/example_branch_day_of_week_operator.py
[2023-12-06 08:02:55,373] {logging_mixin.py:109} INFO - [2023-12-06 08:02:55,373] {dag.py:1834} INFO - Sync 1 DAGs
[2023-12-06 08:02:55,385] {logging_mixin.py:109} INFO - [2023-12-06 08:02:55,385] {dag.py:2287} INFO - Setting next_dagrun for example_weekday_branch_operator to 2023-12-04 00:00:00+00:00
[2023-12-06 08:02:55,395] {processor.py:170} INFO - Processing /home/airflow/.local/lib/python3.6/site-packages/airflow/example_dags/example_branch_day_of_week_operator.py took 0.050 seconds
[2023-12-06 08:03:26,055] {processor.py:162} INFO - Started process (PID=7344) to work on /home/airflow/.local/lib/python3.6/site-packages/airflow/example_dags/example_branch_day_of_week_operator.py
[2023-12-06 08:03:26,056] {processor.py:613} INFO - Processing file /home/airflow/.local/lib/python3.6/site-packages/airflow/example_dags/example_branch_day_of_week_operator.py for tasks to queue
[2023-12-06 08:03:26,057] {logging_mixin.py:109} INFO - [2023-12-06 08:03:26,056] {dagbag.py:496} INFO - Filling up the DagBag from /home/airflow/.local/lib/python3.6/site-packages/airflow/example_dags/example_branch_day_of_week_operator.py
[2023-12-06 08:03:26,066] {processor.py:623} INFO - DAG(s) dict_keys(['example_weekday_branch_operator']) retrieved from /home/airflow/.local/lib/python3.6/site-packages/airflow/example_dags/example_branch_day_of_week_operator.py
[2023-12-06 08:03:26,085] {logging_mixin.py:109} INFO - [2023-12-06 08:03:26,085] {dag.py:1834} INFO - Sync 1 DAGs
[2023-12-06 08:03:26,101] {logging_mixin.py:109} INFO - [2023-12-06 08:03:26,101] {dag.py:2287} INFO - Setting next_dagrun for example_weekday_branch_operator to 2023-12-04 00:00:00+00:00
[2023-12-06 08:03:26,112] {processor.py:170} INFO - Processing /home/airflow/.local/lib/python3.6/site-packages/airflow/example_dags/example_branch_day_of_week_operator.py took 0.059 seconds
[2023-12-06 08:03:56,785] {processor.py:162} INFO - Started process (PID=7539) to work on /home/airflow/.local/lib/python3.6/site-packages/airflow/example_dags/example_branch_day_of_week_operator.py
[2023-12-06 08:03:56,786] {processor.py:613} INFO - Processing file /home/airflow/.local/lib/python3.6/site-packages/airflow/example_dags/example_branch_day_of_week_operator.py for tasks to queue
[2023-12-06 08:03:56,787] {logging_mixin.py:109} INFO - [2023-12-06 08:03:56,787] {dagbag.py:496} INFO - Filling up the DagBag from /home/airflow/.local/lib/python3.6/site-packages/airflow/example_dags/example_branch_day_of_week_operator.py
[2023-12-06 08:03:56,795] {processor.py:623} INFO - DAG(s) dict_keys(['example_weekday_branch_operator']) retrieved from /home/airflow/.local/lib/python3.6/site-packages/airflow/example_dags/example_branch_day_of_week_operator.py
[2023-12-06 08:03:56,812] {logging_mixin.py:109} INFO - [2023-12-06 08:03:56,812] {dag.py:1834} INFO - Sync 1 DAGs
[2023-12-06 08:03:56,825] {logging_mixin.py:109} INFO - [2023-12-06 08:03:56,825] {dag.py:2287} INFO - Setting next_dagrun for example_weekday_branch_operator to 2023-12-04 00:00:00+00:00
[2023-12-06 08:03:56,835] {processor.py:170} INFO - Processing /home/airflow/.local/lib/python3.6/site-packages/airflow/example_dags/example_branch_day_of_week_operator.py took 0.052 seconds
[2023-12-06 08:04:27,198] {processor.py:162} INFO - Started process (PID=7744) to work on /home/airflow/.local/lib/python3.6/site-packages/airflow/example_dags/example_branch_day_of_week_operator.py
[2023-12-06 08:04:27,199] {processor.py:613} INFO - Processing file /home/airflow/.local/lib/python3.6/site-packages/airflow/example_dags/example_branch_day_of_week_operator.py for tasks to queue
[2023-12-06 08:04:27,199] {logging_mixin.py:109} INFO - [2023-12-06 08:04:27,199] {dagbag.py:496} INFO - Filling up the DagBag from /home/airflow/.local/lib/python3.6/site-packages/airflow/example_dags/example_branch_day_of_week_operator.py
[2023-12-06 08:04:27,207] {processor.py:623} INFO - DAG(s) dict_keys(['example_weekday_branch_operator']) retrieved from /home/airflow/.local/lib/python3.6/site-packages/airflow/example_dags/example_branch_day_of_week_operator.py
[2023-12-06 08:04:27,226] {logging_mixin.py:109} INFO - [2023-12-06 08:04:27,225] {dag.py:1834} INFO - Sync 1 DAGs
[2023-12-06 08:04:27,237] {logging_mixin.py:109} INFO - [2023-12-06 08:04:27,237] {dag.py:2287} INFO - Setting next_dagrun for example_weekday_branch_operator to 2023-12-04 00:00:00+00:00
[2023-12-06 08:04:27,247] {processor.py:170} INFO - Processing /home/airflow/.local/lib/python3.6/site-packages/airflow/example_dags/example_branch_day_of_week_operator.py took 0.051 seconds
[2023-12-06 08:04:57,505] {processor.py:162} INFO - Started process (PID=7918) to work on /home/airflow/.local/lib/python3.6/site-packages/airflow/example_dags/example_branch_day_of_week_operator.py
[2023-12-06 08:04:57,506] {processor.py:613} INFO - Processing file /home/airflow/.local/lib/python3.6/site-packages/airflow/example_dags/example_branch_day_of_week_operator.py for tasks to queue
[2023-12-06 08:04:57,507] {logging_mixin.py:109} INFO - [2023-12-06 08:04:57,507] {dagbag.py:496} INFO - Filling up the DagBag from /home/airflow/.local/lib/python3.6/site-packages/airflow/example_dags/example_branch_day_of_week_operator.py
[2023-12-06 08:04:57,515] {processor.py:623} INFO - DAG(s) dict_keys(['example_weekday_branch_operator']) retrieved from /home/airflow/.local/lib/python3.6/site-packages/airflow/example_dags/example_branch_day_of_week_operator.py
[2023-12-06 08:04:57,531] {logging_mixin.py:109} INFO - [2023-12-06 08:04:57,531] {dag.py:1834} INFO - Sync 1 DAGs
[2023-12-06 08:04:57,544] {logging_mixin.py:109} INFO - [2023-12-06 08:04:57,544] {dag.py:2287} INFO - Setting next_dagrun for example_weekday_branch_operator to 2023-12-04 00:00:00+00:00
[2023-12-06 08:04:57,554] {processor.py:170} INFO - Processing /home/airflow/.local/lib/python3.6/site-packages/airflow/example_dags/example_branch_day_of_week_operator.py took 0.051 seconds
[2023-12-06 08:05:28,299] {processor.py:162} INFO - Started process (PID=8143) to work on /home/airflow/.local/lib/python3.6/site-packages/airflow/example_dags/example_branch_day_of_week_operator.py
[2023-12-06 08:05:28,299] {processor.py:613} INFO - Processing file /home/airflow/.local/lib/python3.6/site-packages/airflow/example_dags/example_branch_day_of_week_operator.py for tasks to queue
[2023-12-06 08:05:28,300] {logging_mixin.py:109} INFO - [2023-12-06 08:05:28,300] {dagbag.py:496} INFO - Filling up the DagBag from /home/airflow/.local/lib/python3.6/site-packages/airflow/example_dags/example_branch_day_of_week_operator.py
[2023-12-06 08:05:28,308] {processor.py:623} INFO - DAG(s) dict_keys(['example_weekday_branch_operator']) retrieved from /home/airflow/.local/lib/python3.6/site-packages/airflow/example_dags/example_branch_day_of_week_operator.py
[2023-12-06 08:05:28,326] {logging_mixin.py:109} INFO - [2023-12-06 08:05:28,326] {dag.py:1834} INFO - Sync 1 DAGs
[2023-12-06 08:05:28,338] {logging_mixin.py:109} INFO - [2023-12-06 08:05:28,338] {dag.py:2287} INFO - Setting next_dagrun for example_weekday_branch_operator to 2023-12-04 00:00:00+00:00
[2023-12-06 08:05:28,349] {processor.py:170} INFO - Processing /home/airflow/.local/lib/python3.6/site-packages/airflow/example_dags/example_branch_day_of_week_operator.py took 0.052 seconds
[2023-12-06 08:05:58,978] {processor.py:162} INFO - Started process (PID=8348) to work on /home/airflow/.local/lib/python3.6/site-packages/airflow/example_dags/example_branch_day_of_week_operator.py
[2023-12-06 08:05:58,979] {processor.py:613} INFO - Processing file /home/airflow/.local/lib/python3.6/site-packages/airflow/example_dags/example_branch_day_of_week_operator.py for tasks to queue
[2023-12-06 08:05:58,980] {logging_mixin.py:109} INFO - [2023-12-06 08:05:58,980] {dagbag.py:496} INFO - Filling up the DagBag from /home/airflow/.local/lib/python3.6/site-packages/airflow/example_dags/example_branch_day_of_week_operator.py
[2023-12-06 08:05:58,988] {processor.py:623} INFO - DAG(s) dict_keys(['example_weekday_branch_operator']) retrieved from /home/airflow/.local/lib/python3.6/site-packages/airflow/example_dags/example_branch_day_of_week_operator.py
[2023-12-06 08:05:59,006] {logging_mixin.py:109} INFO - [2023-12-06 08:05:59,006] {dag.py:1834} INFO - Sync 1 DAGs
[2023-12-06 08:05:59,018] {logging_mixin.py:109} INFO - [2023-12-06 08:05:59,018] {dag.py:2287} INFO - Setting next_dagrun for example_weekday_branch_operator to 2023-12-04 00:00:00+00:00
[2023-12-06 08:05:59,028] {processor.py:170} INFO - Processing /home/airflow/.local/lib/python3.6/site-packages/airflow/example_dags/example_branch_day_of_week_operator.py took 0.052 seconds
[2023-12-06 08:06:29,658] {processor.py:162} INFO - Started process (PID=8543) to work on /home/airflow/.local/lib/python3.6/site-packages/airflow/example_dags/example_branch_day_of_week_operator.py
[2023-12-06 08:06:29,660] {processor.py:613} INFO - Processing file /home/airflow/.local/lib/python3.6/site-packages/airflow/example_dags/example_branch_day_of_week_operator.py for tasks to queue
[2023-12-06 08:06:29,660] {logging_mixin.py:109} INFO - [2023-12-06 08:06:29,660] {dagbag.py:496} INFO - Filling up the DagBag from /home/airflow/.local/lib/python3.6/site-packages/airflow/example_dags/example_branch_day_of_week_operator.py
[2023-12-06 08:06:29,669] {processor.py:623} INFO - DAG(s) dict_keys(['example_weekday_branch_operator']) retrieved from /home/airflow/.local/lib/python3.6/site-packages/airflow/example_dags/example_branch_day_of_week_operator.py
[2023-12-06 08:06:29,685] {logging_mixin.py:109} INFO - [2023-12-06 08:06:29,685] {dag.py:1834} INFO - Sync 1 DAGs
[2023-12-06 08:06:29,698] {logging_mixin.py:109} INFO - [2023-12-06 08:06:29,698] {dag.py:2287} INFO - Setting next_dagrun for example_weekday_branch_operator to 2023-12-04 00:00:00+00:00
[2023-12-06 08:06:29,708] {processor.py:170} INFO - Processing /home/airflow/.local/lib/python3.6/site-packages/airflow/example_dags/example_branch_day_of_week_operator.py took 0.052 seconds
[2023-12-06 08:07:00,379] {processor.py:162} INFO - Started process (PID=8748) to work on /home/airflow/.local/lib/python3.6/site-packages/airflow/example_dags/example_branch_day_of_week_operator.py
[2023-12-06 08:07:00,381] {processor.py:613} INFO - Processing file /home/airflow/.local/lib/python3.6/site-packages/airflow/example_dags/example_branch_day_of_week_operator.py for tasks to queue
[2023-12-06 08:07:00,382] {logging_mixin.py:109} INFO - [2023-12-06 08:07:00,382] {dagbag.py:496} INFO - Filling up the DagBag from /home/airflow/.local/lib/python3.6/site-packages/airflow/example_dags/example_branch_day_of_week_operator.py
[2023-12-06 08:07:00,390] {processor.py:623} INFO - DAG(s) dict_keys(['example_weekday_branch_operator']) retrieved from /home/airflow/.local/lib/python3.6/site-packages/airflow/example_dags/example_branch_day_of_week_operator.py
[2023-12-06 08:07:00,406] {logging_mixin.py:109} INFO - [2023-12-06 08:07:00,406] {dag.py:1834} INFO - Sync 1 DAGs
[2023-12-06 08:07:00,418] {logging_mixin.py:109} INFO - [2023-12-06 08:07:00,418] {dag.py:2287} INFO - Setting next_dagrun for example_weekday_branch_operator to 2023-12-04 00:00:00+00:00
[2023-12-06 08:07:00,427] {processor.py:170} INFO - Processing /home/airflow/.local/lib/python3.6/site-packages/airflow/example_dags/example_branch_day_of_week_operator.py took 0.049 seconds
[2023-12-06 08:07:30,795] {processor.py:162} INFO - Started process (PID=8953) to work on /home/airflow/.local/lib/python3.6/site-packages/airflow/example_dags/example_branch_day_of_week_operator.py
[2023-12-06 08:07:30,795] {processor.py:613} INFO - Processing file /home/airflow/.local/lib/python3.6/site-packages/airflow/example_dags/example_branch_day_of_week_operator.py for tasks to queue
[2023-12-06 08:07:30,796] {logging_mixin.py:109} INFO - [2023-12-06 08:07:30,796] {dagbag.py:496} INFO - Filling up the DagBag from /home/airflow/.local/lib/python3.6/site-packages/airflow/example_dags/example_branch_day_of_week_operator.py
[2023-12-06 08:07:30,804] {processor.py:623} INFO - DAG(s) dict_keys(['example_weekday_branch_operator']) retrieved from /home/airflow/.local/lib/python3.6/site-packages/airflow/example_dags/example_branch_day_of_week_operator.py
[2023-12-06 08:07:30,820] {logging_mixin.py:109} INFO - [2023-12-06 08:07:30,820] {dag.py:1834} INFO - Sync 1 DAGs
[2023-12-06 08:07:30,833] {logging_mixin.py:109} INFO - [2023-12-06 08:07:30,833] {dag.py:2287} INFO - Setting next_dagrun for example_weekday_branch_operator to 2023-12-04 00:00:00+00:00
[2023-12-06 08:07:30,843] {processor.py:170} INFO - Processing /home/airflow/.local/lib/python3.6/site-packages/airflow/example_dags/example_branch_day_of_week_operator.py took 0.051 seconds
