[2023-12-06 07:46:04,816] {processor.py:162} INFO - Started process (PID=376) to work on /home/airflow/.local/lib/python3.6/site-packages/airflow/example_dags/example_branch_python_dop_operator_3.py
[2023-12-06 07:46:04,817] {processor.py:613} INFO - Processing file /home/airflow/.local/lib/python3.6/site-packages/airflow/example_dags/example_branch_python_dop_operator_3.py for tasks to queue
[2023-12-06 07:46:04,818] {logging_mixin.py:109} INFO - [2023-12-06 07:46:04,818] {dagbag.py:496} INFO - Filling up the DagBag from /home/airflow/.local/lib/python3.6/site-packages/airflow/example_dags/example_branch_python_dop_operator_3.py
[2023-12-06 07:46:04,861] {processor.py:623} INFO - DAG(s) dict_keys(['example_branch_dop_operator_v3']) retrieved from /home/airflow/.local/lib/python3.6/site-packages/airflow/example_dags/example_branch_python_dop_operator_3.py
[2023-12-06 07:46:05,149] {logging_mixin.py:109} INFO - [2023-12-06 07:46:05,149] {dag.py:1834} INFO - Sync 1 DAGs
[2023-12-06 07:46:05,169] {logging_mixin.py:109} INFO - [2023-12-06 07:46:05,169] {dag.py:2287} INFO - Setting next_dagrun for example_branch_dop_operator_v3 to 2023-12-04 00:00:00+00:00
[2023-12-06 07:46:05,186] {processor.py:170} INFO - Processing /home/airflow/.local/lib/python3.6/site-packages/airflow/example_dags/example_branch_python_dop_operator_3.py took 0.373 seconds
[2023-12-06 07:46:35,321] {processor.py:162} INFO - Started process (PID=658) to work on /home/airflow/.local/lib/python3.6/site-packages/airflow/example_dags/example_branch_python_dop_operator_3.py
[2023-12-06 07:46:35,322] {processor.py:613} INFO - Processing file /home/airflow/.local/lib/python3.6/site-packages/airflow/example_dags/example_branch_python_dop_operator_3.py for tasks to queue
[2023-12-06 07:46:35,323] {logging_mixin.py:109} INFO - [2023-12-06 07:46:35,323] {dagbag.py:496} INFO - Filling up the DagBag from /home/airflow/.local/lib/python3.6/site-packages/airflow/example_dags/example_branch_python_dop_operator_3.py
[2023-12-06 07:46:35,333] {processor.py:623} INFO - DAG(s) dict_keys(['example_branch_dop_operator_v3']) retrieved from /home/airflow/.local/lib/python3.6/site-packages/airflow/example_dags/example_branch_python_dop_operator_3.py
[2023-12-06 07:46:35,351] {logging_mixin.py:109} INFO - [2023-12-06 07:46:35,350] {dag.py:1834} INFO - Sync 1 DAGs
[2023-12-06 07:46:35,368] {logging_mixin.py:109} INFO - [2023-12-06 07:46:35,368] {dag.py:2287} INFO - Setting next_dagrun for example_branch_dop_operator_v3 to 2023-12-04 00:00:00+00:00
[2023-12-06 07:46:35,378] {processor.py:170} INFO - Processing /home/airflow/.local/lib/python3.6/site-packages/airflow/example_dags/example_branch_python_dop_operator_3.py took 0.059 seconds
[2023-12-06 07:47:05,895] {processor.py:162} INFO - Started process (PID=861) to work on /home/airflow/.local/lib/python3.6/site-packages/airflow/example_dags/example_branch_python_dop_operator_3.py
[2023-12-06 07:47:05,897] {processor.py:613} INFO - Processing file /home/airflow/.local/lib/python3.6/site-packages/airflow/example_dags/example_branch_python_dop_operator_3.py for tasks to queue
[2023-12-06 07:47:05,897] {logging_mixin.py:109} INFO - [2023-12-06 07:47:05,897] {dagbag.py:496} INFO - Filling up the DagBag from /home/airflow/.local/lib/python3.6/site-packages/airflow/example_dags/example_branch_python_dop_operator_3.py
[2023-12-06 07:47:05,912] {processor.py:623} INFO - DAG(s) dict_keys(['example_branch_dop_operator_v3']) retrieved from /home/airflow/.local/lib/python3.6/site-packages/airflow/example_dags/example_branch_python_dop_operator_3.py
[2023-12-06 07:47:05,934] {logging_mixin.py:109} INFO - [2023-12-06 07:47:05,934] {dag.py:1834} INFO - Sync 1 DAGs
[2023-12-06 07:47:05,954] {logging_mixin.py:109} INFO - [2023-12-06 07:47:05,954] {dag.py:2287} INFO - Setting next_dagrun for example_branch_dop_operator_v3 to 2023-12-04 00:00:00+00:00
[2023-12-06 07:47:05,966] {processor.py:170} INFO - Processing /home/airflow/.local/lib/python3.6/site-packages/airflow/example_dags/example_branch_python_dop_operator_3.py took 0.073 seconds
[2023-12-06 07:47:36,487] {processor.py:162} INFO - Started process (PID=1051) to work on /home/airflow/.local/lib/python3.6/site-packages/airflow/example_dags/example_branch_python_dop_operator_3.py
[2023-12-06 07:47:36,488] {processor.py:613} INFO - Processing file /home/airflow/.local/lib/python3.6/site-packages/airflow/example_dags/example_branch_python_dop_operator_3.py for tasks to queue
[2023-12-06 07:47:36,489] {logging_mixin.py:109} INFO - [2023-12-06 07:47:36,489] {dagbag.py:496} INFO - Filling up the DagBag from /home/airflow/.local/lib/python3.6/site-packages/airflow/example_dags/example_branch_python_dop_operator_3.py
[2023-12-06 07:47:36,498] {processor.py:623} INFO - DAG(s) dict_keys(['example_branch_dop_operator_v3']) retrieved from /home/airflow/.local/lib/python3.6/site-packages/airflow/example_dags/example_branch_python_dop_operator_3.py
[2023-12-06 07:47:36,515] {logging_mixin.py:109} INFO - [2023-12-06 07:47:36,515] {dag.py:1834} INFO - Sync 1 DAGs
[2023-12-06 07:47:36,532] {logging_mixin.py:109} INFO - [2023-12-06 07:47:36,532] {dag.py:2287} INFO - Setting next_dagrun for example_branch_dop_operator_v3 to 2023-12-04 00:00:00+00:00
[2023-12-06 07:47:36,543] {processor.py:170} INFO - Processing /home/airflow/.local/lib/python3.6/site-packages/airflow/example_dags/example_branch_python_dop_operator_3.py took 0.058 seconds
[2023-12-06 07:48:07,069] {processor.py:162} INFO - Started process (PID=1256) to work on /home/airflow/.local/lib/python3.6/site-packages/airflow/example_dags/example_branch_python_dop_operator_3.py
[2023-12-06 07:48:07,070] {processor.py:613} INFO - Processing file /home/airflow/.local/lib/python3.6/site-packages/airflow/example_dags/example_branch_python_dop_operator_3.py for tasks to queue
[2023-12-06 07:48:07,070] {logging_mixin.py:109} INFO - [2023-12-06 07:48:07,070] {dagbag.py:496} INFO - Filling up the DagBag from /home/airflow/.local/lib/python3.6/site-packages/airflow/example_dags/example_branch_python_dop_operator_3.py
[2023-12-06 07:48:07,079] {processor.py:623} INFO - DAG(s) dict_keys(['example_branch_dop_operator_v3']) retrieved from /home/airflow/.local/lib/python3.6/site-packages/airflow/example_dags/example_branch_python_dop_operator_3.py
[2023-12-06 07:48:07,096] {logging_mixin.py:109} INFO - [2023-12-06 07:48:07,096] {dag.py:1834} INFO - Sync 1 DAGs
[2023-12-06 07:48:07,114] {logging_mixin.py:109} INFO - [2023-12-06 07:48:07,114] {dag.py:2287} INFO - Setting next_dagrun for example_branch_dop_operator_v3 to 2023-12-04 00:00:00+00:00
[2023-12-06 07:48:07,125] {processor.py:170} INFO - Processing /home/airflow/.local/lib/python3.6/site-packages/airflow/example_dags/example_branch_python_dop_operator_3.py took 0.058 seconds
[2023-12-06 07:48:37,768] {processor.py:162} INFO - Started process (PID=1461) to work on /home/airflow/.local/lib/python3.6/site-packages/airflow/example_dags/example_branch_python_dop_operator_3.py
[2023-12-06 07:48:37,770] {processor.py:613} INFO - Processing file /home/airflow/.local/lib/python3.6/site-packages/airflow/example_dags/example_branch_python_dop_operator_3.py for tasks to queue
[2023-12-06 07:48:37,771] {logging_mixin.py:109} INFO - [2023-12-06 07:48:37,771] {dagbag.py:496} INFO - Filling up the DagBag from /home/airflow/.local/lib/python3.6/site-packages/airflow/example_dags/example_branch_python_dop_operator_3.py
[2023-12-06 07:48:37,782] {processor.py:623} INFO - DAG(s) dict_keys(['example_branch_dop_operator_v3']) retrieved from /home/airflow/.local/lib/python3.6/site-packages/airflow/example_dags/example_branch_python_dop_operator_3.py
[2023-12-06 07:48:37,802] {logging_mixin.py:109} INFO - [2023-12-06 07:48:37,801] {dag.py:1834} INFO - Sync 1 DAGs
[2023-12-06 07:48:37,819] {logging_mixin.py:109} INFO - [2023-12-06 07:48:37,818] {dag.py:2287} INFO - Setting next_dagrun for example_branch_dop_operator_v3 to 2023-12-04 00:00:00+00:00
[2023-12-06 07:48:37,830] {processor.py:170} INFO - Processing /home/airflow/.local/lib/python3.6/site-packages/airflow/example_dags/example_branch_python_dop_operator_3.py took 0.064 seconds
[2023-12-06 07:49:08,342] {processor.py:162} INFO - Started process (PID=1656) to work on /home/airflow/.local/lib/python3.6/site-packages/airflow/example_dags/example_branch_python_dop_operator_3.py
[2023-12-06 07:49:08,343] {processor.py:613} INFO - Processing file /home/airflow/.local/lib/python3.6/site-packages/airflow/example_dags/example_branch_python_dop_operator_3.py for tasks to queue
[2023-12-06 07:49:08,343] {logging_mixin.py:109} INFO - [2023-12-06 07:49:08,343] {dagbag.py:496} INFO - Filling up the DagBag from /home/airflow/.local/lib/python3.6/site-packages/airflow/example_dags/example_branch_python_dop_operator_3.py
[2023-12-06 07:49:08,354] {processor.py:623} INFO - DAG(s) dict_keys(['example_branch_dop_operator_v3']) retrieved from /home/airflow/.local/lib/python3.6/site-packages/airflow/example_dags/example_branch_python_dop_operator_3.py
[2023-12-06 07:49:08,374] {logging_mixin.py:109} INFO - [2023-12-06 07:49:08,374] {dag.py:1834} INFO - Sync 1 DAGs
[2023-12-06 07:49:08,393] {logging_mixin.py:109} INFO - [2023-12-06 07:49:08,393] {dag.py:2287} INFO - Setting next_dagrun for example_branch_dop_operator_v3 to 2023-12-04 00:00:00+00:00
[2023-12-06 07:49:08,406] {processor.py:170} INFO - Processing /home/airflow/.local/lib/python3.6/site-packages/airflow/example_dags/example_branch_python_dop_operator_3.py took 0.066 seconds
[2023-12-06 07:49:39,040] {processor.py:162} INFO - Started process (PID=1861) to work on /home/airflow/.local/lib/python3.6/site-packages/airflow/example_dags/example_branch_python_dop_operator_3.py
[2023-12-06 07:49:39,041] {processor.py:613} INFO - Processing file /home/airflow/.local/lib/python3.6/site-packages/airflow/example_dags/example_branch_python_dop_operator_3.py for tasks to queue
[2023-12-06 07:49:39,041] {logging_mixin.py:109} INFO - [2023-12-06 07:49:39,041] {dagbag.py:496} INFO - Filling up the DagBag from /home/airflow/.local/lib/python3.6/site-packages/airflow/example_dags/example_branch_python_dop_operator_3.py
[2023-12-06 07:49:39,051] {processor.py:623} INFO - DAG(s) dict_keys(['example_branch_dop_operator_v3']) retrieved from /home/airflow/.local/lib/python3.6/site-packages/airflow/example_dags/example_branch_python_dop_operator_3.py
[2023-12-06 07:49:39,067] {logging_mixin.py:109} INFO - [2023-12-06 07:49:39,067] {dag.py:1834} INFO - Sync 1 DAGs
[2023-12-06 07:49:39,082] {logging_mixin.py:109} INFO - [2023-12-06 07:49:39,082] {dag.py:2287} INFO - Setting next_dagrun for example_branch_dop_operator_v3 to 2023-12-04 00:00:00+00:00
[2023-12-06 07:49:39,093] {processor.py:170} INFO - Processing /home/airflow/.local/lib/python3.6/site-packages/airflow/example_dags/example_branch_python_dop_operator_3.py took 0.055 seconds
[2023-12-06 07:50:09,776] {processor.py:162} INFO - Started process (PID=2058) to work on /home/airflow/.local/lib/python3.6/site-packages/airflow/example_dags/example_branch_python_dop_operator_3.py
[2023-12-06 07:50:09,777] {processor.py:613} INFO - Processing file /home/airflow/.local/lib/python3.6/site-packages/airflow/example_dags/example_branch_python_dop_operator_3.py for tasks to queue
[2023-12-06 07:50:09,778] {logging_mixin.py:109} INFO - [2023-12-06 07:50:09,778] {dagbag.py:496} INFO - Filling up the DagBag from /home/airflow/.local/lib/python3.6/site-packages/airflow/example_dags/example_branch_python_dop_operator_3.py
[2023-12-06 07:50:09,787] {processor.py:623} INFO - DAG(s) dict_keys(['example_branch_dop_operator_v3']) retrieved from /home/airflow/.local/lib/python3.6/site-packages/airflow/example_dags/example_branch_python_dop_operator_3.py
[2023-12-06 07:50:09,805] {logging_mixin.py:109} INFO - [2023-12-06 07:50:09,805] {dag.py:1834} INFO - Sync 1 DAGs
[2023-12-06 07:50:09,822] {logging_mixin.py:109} INFO - [2023-12-06 07:50:09,821] {dag.py:2287} INFO - Setting next_dagrun for example_branch_dop_operator_v3 to 2023-12-04 00:00:00+00:00
[2023-12-06 07:50:09,831] {processor.py:170} INFO - Processing /home/airflow/.local/lib/python3.6/site-packages/airflow/example_dags/example_branch_python_dop_operator_3.py took 0.057 seconds
[2023-12-06 07:50:40,160] {processor.py:162} INFO - Started process (PID=2266) to work on /home/airflow/.local/lib/python3.6/site-packages/airflow/example_dags/example_branch_python_dop_operator_3.py
[2023-12-06 07:50:40,161] {processor.py:613} INFO - Processing file /home/airflow/.local/lib/python3.6/site-packages/airflow/example_dags/example_branch_python_dop_operator_3.py for tasks to queue
[2023-12-06 07:50:40,162] {logging_mixin.py:109} INFO - [2023-12-06 07:50:40,161] {dagbag.py:496} INFO - Filling up the DagBag from /home/airflow/.local/lib/python3.6/site-packages/airflow/example_dags/example_branch_python_dop_operator_3.py
[2023-12-06 07:50:40,170] {processor.py:623} INFO - DAG(s) dict_keys(['example_branch_dop_operator_v3']) retrieved from /home/airflow/.local/lib/python3.6/site-packages/airflow/example_dags/example_branch_python_dop_operator_3.py
[2023-12-06 07:50:40,187] {logging_mixin.py:109} INFO - [2023-12-06 07:50:40,186] {dag.py:1834} INFO - Sync 1 DAGs
[2023-12-06 07:50:40,203] {logging_mixin.py:109} INFO - [2023-12-06 07:50:40,203] {dag.py:2287} INFO - Setting next_dagrun for example_branch_dop_operator_v3 to 2023-12-04 00:00:00+00:00
[2023-12-06 07:50:40,213] {processor.py:170} INFO - Processing /home/airflow/.local/lib/python3.6/site-packages/airflow/example_dags/example_branch_python_dop_operator_3.py took 0.055 seconds
[2023-12-06 07:51:10,697] {processor.py:162} INFO - Started process (PID=2471) to work on /home/airflow/.local/lib/python3.6/site-packages/airflow/example_dags/example_branch_python_dop_operator_3.py
[2023-12-06 07:51:10,699] {processor.py:613} INFO - Processing file /home/airflow/.local/lib/python3.6/site-packages/airflow/example_dags/example_branch_python_dop_operator_3.py for tasks to queue
[2023-12-06 07:51:10,699] {logging_mixin.py:109} INFO - [2023-12-06 07:51:10,699] {dagbag.py:496} INFO - Filling up the DagBag from /home/airflow/.local/lib/python3.6/site-packages/airflow/example_dags/example_branch_python_dop_operator_3.py
[2023-12-06 07:51:10,709] {processor.py:623} INFO - DAG(s) dict_keys(['example_branch_dop_operator_v3']) retrieved from /home/airflow/.local/lib/python3.6/site-packages/airflow/example_dags/example_branch_python_dop_operator_3.py
[2023-12-06 07:51:10,727] {logging_mixin.py:109} INFO - [2023-12-06 07:51:10,727] {dag.py:1834} INFO - Sync 1 DAGs
[2023-12-06 07:51:10,745] {logging_mixin.py:109} INFO - [2023-12-06 07:51:10,745] {dag.py:2287} INFO - Setting next_dagrun for example_branch_dop_operator_v3 to 2023-12-04 00:00:00+00:00
[2023-12-06 07:51:10,758] {processor.py:170} INFO - Processing /home/airflow/.local/lib/python3.6/site-packages/airflow/example_dags/example_branch_python_dop_operator_3.py took 0.063 seconds
[2023-12-06 07:51:41,210] {processor.py:162} INFO - Started process (PID=2666) to work on /home/airflow/.local/lib/python3.6/site-packages/airflow/example_dags/example_branch_python_dop_operator_3.py
[2023-12-06 07:51:41,211] {processor.py:613} INFO - Processing file /home/airflow/.local/lib/python3.6/site-packages/airflow/example_dags/example_branch_python_dop_operator_3.py for tasks to queue
[2023-12-06 07:51:41,212] {logging_mixin.py:109} INFO - [2023-12-06 07:51:41,212] {dagbag.py:496} INFO - Filling up the DagBag from /home/airflow/.local/lib/python3.6/site-packages/airflow/example_dags/example_branch_python_dop_operator_3.py
[2023-12-06 07:51:41,221] {processor.py:623} INFO - DAG(s) dict_keys(['example_branch_dop_operator_v3']) retrieved from /home/airflow/.local/lib/python3.6/site-packages/airflow/example_dags/example_branch_python_dop_operator_3.py
[2023-12-06 07:51:41,237] {logging_mixin.py:109} INFO - [2023-12-06 07:51:41,237] {dag.py:1834} INFO - Sync 1 DAGs
[2023-12-06 07:51:41,254] {logging_mixin.py:109} INFO - [2023-12-06 07:51:41,254] {dag.py:2287} INFO - Setting next_dagrun for example_branch_dop_operator_v3 to 2023-12-04 00:00:00+00:00
[2023-12-06 07:51:41,265] {processor.py:170} INFO - Processing /home/airflow/.local/lib/python3.6/site-packages/airflow/example_dags/example_branch_python_dop_operator_3.py took 0.057 seconds
[2023-12-06 07:52:11,767] {processor.py:162} INFO - Started process (PID=2871) to work on /home/airflow/.local/lib/python3.6/site-packages/airflow/example_dags/example_branch_python_dop_operator_3.py
[2023-12-06 07:52:11,768] {processor.py:613} INFO - Processing file /home/airflow/.local/lib/python3.6/site-packages/airflow/example_dags/example_branch_python_dop_operator_3.py for tasks to queue
[2023-12-06 07:52:11,769] {logging_mixin.py:109} INFO - [2023-12-06 07:52:11,769] {dagbag.py:496} INFO - Filling up the DagBag from /home/airflow/.local/lib/python3.6/site-packages/airflow/example_dags/example_branch_python_dop_operator_3.py
[2023-12-06 07:52:11,778] {processor.py:623} INFO - DAG(s) dict_keys(['example_branch_dop_operator_v3']) retrieved from /home/airflow/.local/lib/python3.6/site-packages/airflow/example_dags/example_branch_python_dop_operator_3.py
[2023-12-06 07:52:11,795] {logging_mixin.py:109} INFO - [2023-12-06 07:52:11,795] {dag.py:1834} INFO - Sync 1 DAGs
[2023-12-06 07:52:11,814] {logging_mixin.py:109} INFO - [2023-12-06 07:52:11,814] {dag.py:2287} INFO - Setting next_dagrun for example_branch_dop_operator_v3 to 2023-12-04 00:00:00+00:00
[2023-12-06 07:52:11,824] {processor.py:170} INFO - Processing /home/airflow/.local/lib/python3.6/site-packages/airflow/example_dags/example_branch_python_dop_operator_3.py took 0.058 seconds
[2023-12-06 07:52:42,216] {processor.py:162} INFO - Started process (PID=3066) to work on /home/airflow/.local/lib/python3.6/site-packages/airflow/example_dags/example_branch_python_dop_operator_3.py
[2023-12-06 07:52:42,217] {processor.py:613} INFO - Processing file /home/airflow/.local/lib/python3.6/site-packages/airflow/example_dags/example_branch_python_dop_operator_3.py for tasks to queue
[2023-12-06 07:52:42,218] {logging_mixin.py:109} INFO - [2023-12-06 07:52:42,218] {dagbag.py:496} INFO - Filling up the DagBag from /home/airflow/.local/lib/python3.6/site-packages/airflow/example_dags/example_branch_python_dop_operator_3.py
[2023-12-06 07:52:42,228] {processor.py:623} INFO - DAG(s) dict_keys(['example_branch_dop_operator_v3']) retrieved from /home/airflow/.local/lib/python3.6/site-packages/airflow/example_dags/example_branch_python_dop_operator_3.py
[2023-12-06 07:52:42,246] {logging_mixin.py:109} INFO - [2023-12-06 07:52:42,246] {dag.py:1834} INFO - Sync 1 DAGs
[2023-12-06 07:52:42,263] {logging_mixin.py:109} INFO - [2023-12-06 07:52:42,263] {dag.py:2287} INFO - Setting next_dagrun for example_branch_dop_operator_v3 to 2023-12-04 00:00:00+00:00
[2023-12-06 07:52:42,274] {processor.py:170} INFO - Processing /home/airflow/.local/lib/python3.6/site-packages/airflow/example_dags/example_branch_python_dop_operator_3.py took 0.060 seconds
[2023-12-06 07:53:12,709] {processor.py:162} INFO - Started process (PID=3271) to work on /home/airflow/.local/lib/python3.6/site-packages/airflow/example_dags/example_branch_python_dop_operator_3.py
[2023-12-06 07:53:12,712] {processor.py:613} INFO - Processing file /home/airflow/.local/lib/python3.6/site-packages/airflow/example_dags/example_branch_python_dop_operator_3.py for tasks to queue
[2023-12-06 07:53:12,712] {logging_mixin.py:109} INFO - [2023-12-06 07:53:12,712] {dagbag.py:496} INFO - Filling up the DagBag from /home/airflow/.local/lib/python3.6/site-packages/airflow/example_dags/example_branch_python_dop_operator_3.py
[2023-12-06 07:53:12,721] {processor.py:623} INFO - DAG(s) dict_keys(['example_branch_dop_operator_v3']) retrieved from /home/airflow/.local/lib/python3.6/site-packages/airflow/example_dags/example_branch_python_dop_operator_3.py
[2023-12-06 07:53:12,739] {logging_mixin.py:109} INFO - [2023-12-06 07:53:12,739] {dag.py:1834} INFO - Sync 1 DAGs
[2023-12-06 07:53:12,757] {logging_mixin.py:109} INFO - [2023-12-06 07:53:12,757] {dag.py:2287} INFO - Setting next_dagrun for example_branch_dop_operator_v3 to 2023-12-04 00:00:00+00:00
[2023-12-06 07:53:12,766] {processor.py:170} INFO - Processing /home/airflow/.local/lib/python3.6/site-packages/airflow/example_dags/example_branch_python_dop_operator_3.py took 0.059 seconds
[2023-12-06 07:53:43,424] {processor.py:162} INFO - Started process (PID=3476) to work on /home/airflow/.local/lib/python3.6/site-packages/airflow/example_dags/example_branch_python_dop_operator_3.py
[2023-12-06 07:53:43,425] {processor.py:613} INFO - Processing file /home/airflow/.local/lib/python3.6/site-packages/airflow/example_dags/example_branch_python_dop_operator_3.py for tasks to queue
[2023-12-06 07:53:43,426] {logging_mixin.py:109} INFO - [2023-12-06 07:53:43,425] {dagbag.py:496} INFO - Filling up the DagBag from /home/airflow/.local/lib/python3.6/site-packages/airflow/example_dags/example_branch_python_dop_operator_3.py
[2023-12-06 07:53:43,435] {processor.py:623} INFO - DAG(s) dict_keys(['example_branch_dop_operator_v3']) retrieved from /home/airflow/.local/lib/python3.6/site-packages/airflow/example_dags/example_branch_python_dop_operator_3.py
[2023-12-06 07:53:43,452] {logging_mixin.py:109} INFO - [2023-12-06 07:53:43,452] {dag.py:1834} INFO - Sync 1 DAGs
[2023-12-06 07:53:43,471] {logging_mixin.py:109} INFO - [2023-12-06 07:53:43,471] {dag.py:2287} INFO - Setting next_dagrun for example_branch_dop_operator_v3 to 2023-12-04 00:00:00+00:00
[2023-12-06 07:53:43,483] {processor.py:170} INFO - Processing /home/airflow/.local/lib/python3.6/site-packages/airflow/example_dags/example_branch_python_dop_operator_3.py took 0.060 seconds
[2023-12-06 07:54:14,137] {processor.py:162} INFO - Started process (PID=3671) to work on /home/airflow/.local/lib/python3.6/site-packages/airflow/example_dags/example_branch_python_dop_operator_3.py
[2023-12-06 07:54:14,139] {processor.py:613} INFO - Processing file /home/airflow/.local/lib/python3.6/site-packages/airflow/example_dags/example_branch_python_dop_operator_3.py for tasks to queue
[2023-12-06 07:54:14,139] {logging_mixin.py:109} INFO - [2023-12-06 07:54:14,139] {dagbag.py:496} INFO - Filling up the DagBag from /home/airflow/.local/lib/python3.6/site-packages/airflow/example_dags/example_branch_python_dop_operator_3.py
[2023-12-06 07:54:14,148] {processor.py:623} INFO - DAG(s) dict_keys(['example_branch_dop_operator_v3']) retrieved from /home/airflow/.local/lib/python3.6/site-packages/airflow/example_dags/example_branch_python_dop_operator_3.py
[2023-12-06 07:54:14,166] {logging_mixin.py:109} INFO - [2023-12-06 07:54:14,165] {dag.py:1834} INFO - Sync 1 DAGs
[2023-12-06 07:54:14,183] {logging_mixin.py:109} INFO - [2023-12-06 07:54:14,183] {dag.py:2287} INFO - Setting next_dagrun for example_branch_dop_operator_v3 to 2023-12-04 00:00:00+00:00
[2023-12-06 07:54:14,195] {processor.py:170} INFO - Processing /home/airflow/.local/lib/python3.6/site-packages/airflow/example_dags/example_branch_python_dop_operator_3.py took 0.060 seconds
[2023-12-06 07:54:44,897] {processor.py:162} INFO - Started process (PID=3876) to work on /home/airflow/.local/lib/python3.6/site-packages/airflow/example_dags/example_branch_python_dop_operator_3.py
[2023-12-06 07:54:44,898] {processor.py:613} INFO - Processing file /home/airflow/.local/lib/python3.6/site-packages/airflow/example_dags/example_branch_python_dop_operator_3.py for tasks to queue
[2023-12-06 07:54:44,898] {logging_mixin.py:109} INFO - [2023-12-06 07:54:44,898] {dagbag.py:496} INFO - Filling up the DagBag from /home/airflow/.local/lib/python3.6/site-packages/airflow/example_dags/example_branch_python_dop_operator_3.py
[2023-12-06 07:54:44,908] {processor.py:623} INFO - DAG(s) dict_keys(['example_branch_dop_operator_v3']) retrieved from /home/airflow/.local/lib/python3.6/site-packages/airflow/example_dags/example_branch_python_dop_operator_3.py
[2023-12-06 07:54:44,926] {logging_mixin.py:109} INFO - [2023-12-06 07:54:44,926] {dag.py:1834} INFO - Sync 1 DAGs
[2023-12-06 07:54:44,944] {logging_mixin.py:109} INFO - [2023-12-06 07:54:44,944] {dag.py:2287} INFO - Setting next_dagrun for example_branch_dop_operator_v3 to 2023-12-04 00:00:00+00:00
[2023-12-06 07:54:44,954] {processor.py:170} INFO - Processing /home/airflow/.local/lib/python3.6/site-packages/airflow/example_dags/example_branch_python_dop_operator_3.py took 0.059 seconds
[2023-12-06 07:55:15,476] {processor.py:162} INFO - Started process (PID=4081) to work on /home/airflow/.local/lib/python3.6/site-packages/airflow/example_dags/example_branch_python_dop_operator_3.py
[2023-12-06 07:55:15,478] {processor.py:613} INFO - Processing file /home/airflow/.local/lib/python3.6/site-packages/airflow/example_dags/example_branch_python_dop_operator_3.py for tasks to queue
[2023-12-06 07:55:15,478] {logging_mixin.py:109} INFO - [2023-12-06 07:55:15,478] {dagbag.py:496} INFO - Filling up the DagBag from /home/airflow/.local/lib/python3.6/site-packages/airflow/example_dags/example_branch_python_dop_operator_3.py
[2023-12-06 07:55:15,491] {processor.py:623} INFO - DAG(s) dict_keys(['example_branch_dop_operator_v3']) retrieved from /home/airflow/.local/lib/python3.6/site-packages/airflow/example_dags/example_branch_python_dop_operator_3.py
[2023-12-06 07:55:15,510] {logging_mixin.py:109} INFO - [2023-12-06 07:55:15,510] {dag.py:1834} INFO - Sync 1 DAGs
[2023-12-06 07:55:15,532] {logging_mixin.py:109} INFO - [2023-12-06 07:55:15,532] {dag.py:2287} INFO - Setting next_dagrun for example_branch_dop_operator_v3 to 2023-12-04 00:00:00+00:00
[2023-12-06 07:55:15,544] {processor.py:170} INFO - Processing /home/airflow/.local/lib/python3.6/site-packages/airflow/example_dags/example_branch_python_dop_operator_3.py took 0.070 seconds
[2023-12-06 07:55:46,139] {processor.py:162} INFO - Started process (PID=4276) to work on /home/airflow/.local/lib/python3.6/site-packages/airflow/example_dags/example_branch_python_dop_operator_3.py
[2023-12-06 07:55:46,140] {processor.py:613} INFO - Processing file /home/airflow/.local/lib/python3.6/site-packages/airflow/example_dags/example_branch_python_dop_operator_3.py for tasks to queue
[2023-12-06 07:55:46,140] {logging_mixin.py:109} INFO - [2023-12-06 07:55:46,140] {dagbag.py:496} INFO - Filling up the DagBag from /home/airflow/.local/lib/python3.6/site-packages/airflow/example_dags/example_branch_python_dop_operator_3.py
[2023-12-06 07:55:46,149] {processor.py:623} INFO - DAG(s) dict_keys(['example_branch_dop_operator_v3']) retrieved from /home/airflow/.local/lib/python3.6/site-packages/airflow/example_dags/example_branch_python_dop_operator_3.py
[2023-12-06 07:55:46,166] {logging_mixin.py:109} INFO - [2023-12-06 07:55:46,166] {dag.py:1834} INFO - Sync 1 DAGs
[2023-12-06 07:55:46,182] {logging_mixin.py:109} INFO - [2023-12-06 07:55:46,182] {dag.py:2287} INFO - Setting next_dagrun for example_branch_dop_operator_v3 to 2023-12-04 00:00:00+00:00
[2023-12-06 07:55:46,191] {processor.py:170} INFO - Processing /home/airflow/.local/lib/python3.6/site-packages/airflow/example_dags/example_branch_python_dop_operator_3.py took 0.054 seconds
[2023-12-06 07:56:16,874] {processor.py:162} INFO - Started process (PID=4481) to work on /home/airflow/.local/lib/python3.6/site-packages/airflow/example_dags/example_branch_python_dop_operator_3.py
[2023-12-06 07:56:16,875] {processor.py:613} INFO - Processing file /home/airflow/.local/lib/python3.6/site-packages/airflow/example_dags/example_branch_python_dop_operator_3.py for tasks to queue
[2023-12-06 07:56:16,876] {logging_mixin.py:109} INFO - [2023-12-06 07:56:16,876] {dagbag.py:496} INFO - Filling up the DagBag from /home/airflow/.local/lib/python3.6/site-packages/airflow/example_dags/example_branch_python_dop_operator_3.py
[2023-12-06 07:56:16,885] {processor.py:623} INFO - DAG(s) dict_keys(['example_branch_dop_operator_v3']) retrieved from /home/airflow/.local/lib/python3.6/site-packages/airflow/example_dags/example_branch_python_dop_operator_3.py
[2023-12-06 07:56:16,904] {logging_mixin.py:109} INFO - [2023-12-06 07:56:16,904] {dag.py:1834} INFO - Sync 1 DAGs
[2023-12-06 07:56:16,920] {logging_mixin.py:109} INFO - [2023-12-06 07:56:16,920] {dag.py:2287} INFO - Setting next_dagrun for example_branch_dop_operator_v3 to 2023-12-04 00:00:00+00:00
[2023-12-06 07:56:16,930] {processor.py:170} INFO - Processing /home/airflow/.local/lib/python3.6/site-packages/airflow/example_dags/example_branch_python_dop_operator_3.py took 0.058 seconds
[2023-12-06 07:56:47,512] {processor.py:162} INFO - Started process (PID=4676) to work on /home/airflow/.local/lib/python3.6/site-packages/airflow/example_dags/example_branch_python_dop_operator_3.py
[2023-12-06 07:56:47,513] {processor.py:613} INFO - Processing file /home/airflow/.local/lib/python3.6/site-packages/airflow/example_dags/example_branch_python_dop_operator_3.py for tasks to queue
[2023-12-06 07:56:47,513] {logging_mixin.py:109} INFO - [2023-12-06 07:56:47,513] {dagbag.py:496} INFO - Filling up the DagBag from /home/airflow/.local/lib/python3.6/site-packages/airflow/example_dags/example_branch_python_dop_operator_3.py
[2023-12-06 07:56:47,523] {processor.py:623} INFO - DAG(s) dict_keys(['example_branch_dop_operator_v3']) retrieved from /home/airflow/.local/lib/python3.6/site-packages/airflow/example_dags/example_branch_python_dop_operator_3.py
[2023-12-06 07:56:47,541] {logging_mixin.py:109} INFO - [2023-12-06 07:56:47,541] {dag.py:1834} INFO - Sync 1 DAGs
[2023-12-06 07:56:47,557] {logging_mixin.py:109} INFO - [2023-12-06 07:56:47,557] {dag.py:2287} INFO - Setting next_dagrun for example_branch_dop_operator_v3 to 2023-12-04 00:00:00+00:00
[2023-12-06 07:56:47,568] {processor.py:170} INFO - Processing /home/airflow/.local/lib/python3.6/site-packages/airflow/example_dags/example_branch_python_dop_operator_3.py took 0.058 seconds
[2023-12-06 07:57:18,058] {processor.py:162} INFO - Started process (PID=4881) to work on /home/airflow/.local/lib/python3.6/site-packages/airflow/example_dags/example_branch_python_dop_operator_3.py
[2023-12-06 07:57:18,059] {processor.py:613} INFO - Processing file /home/airflow/.local/lib/python3.6/site-packages/airflow/example_dags/example_branch_python_dop_operator_3.py for tasks to queue
[2023-12-06 07:57:18,060] {logging_mixin.py:109} INFO - [2023-12-06 07:57:18,060] {dagbag.py:496} INFO - Filling up the DagBag from /home/airflow/.local/lib/python3.6/site-packages/airflow/example_dags/example_branch_python_dop_operator_3.py
[2023-12-06 07:57:18,071] {processor.py:623} INFO - DAG(s) dict_keys(['example_branch_dop_operator_v3']) retrieved from /home/airflow/.local/lib/python3.6/site-packages/airflow/example_dags/example_branch_python_dop_operator_3.py
[2023-12-06 07:57:18,089] {logging_mixin.py:109} INFO - [2023-12-06 07:57:18,088] {dag.py:1834} INFO - Sync 1 DAGs
[2023-12-06 07:57:18,106] {logging_mixin.py:109} INFO - [2023-12-06 07:57:18,106] {dag.py:2287} INFO - Setting next_dagrun for example_branch_dop_operator_v3 to 2023-12-04 00:00:00+00:00
[2023-12-06 07:57:18,117] {processor.py:170} INFO - Processing /home/airflow/.local/lib/python3.6/site-packages/airflow/example_dags/example_branch_python_dop_operator_3.py took 0.061 seconds
[2023-12-06 07:57:48,684] {processor.py:162} INFO - Started process (PID=5086) to work on /home/airflow/.local/lib/python3.6/site-packages/airflow/example_dags/example_branch_python_dop_operator_3.py
[2023-12-06 07:57:48,685] {processor.py:613} INFO - Processing file /home/airflow/.local/lib/python3.6/site-packages/airflow/example_dags/example_branch_python_dop_operator_3.py for tasks to queue
[2023-12-06 07:57:48,685] {logging_mixin.py:109} INFO - [2023-12-06 07:57:48,685] {dagbag.py:496} INFO - Filling up the DagBag from /home/airflow/.local/lib/python3.6/site-packages/airflow/example_dags/example_branch_python_dop_operator_3.py
[2023-12-06 07:57:48,697] {processor.py:623} INFO - DAG(s) dict_keys(['example_branch_dop_operator_v3']) retrieved from /home/airflow/.local/lib/python3.6/site-packages/airflow/example_dags/example_branch_python_dop_operator_3.py
[2023-12-06 07:57:48,713] {logging_mixin.py:109} INFO - [2023-12-06 07:57:48,713] {dag.py:1834} INFO - Sync 1 DAGs
[2023-12-06 07:57:48,730] {logging_mixin.py:109} INFO - [2023-12-06 07:57:48,729] {dag.py:2287} INFO - Setting next_dagrun for example_branch_dop_operator_v3 to 2023-12-04 00:00:00+00:00
[2023-12-06 07:57:48,739] {processor.py:170} INFO - Processing /home/airflow/.local/lib/python3.6/site-packages/airflow/example_dags/example_branch_python_dop_operator_3.py took 0.057 seconds
[2023-12-06 07:58:19,365] {processor.py:162} INFO - Started process (PID=5282) to work on /home/airflow/.local/lib/python3.6/site-packages/airflow/example_dags/example_branch_python_dop_operator_3.py
[2023-12-06 07:58:19,367] {processor.py:613} INFO - Processing file /home/airflow/.local/lib/python3.6/site-packages/airflow/example_dags/example_branch_python_dop_operator_3.py for tasks to queue
[2023-12-06 07:58:19,368] {logging_mixin.py:109} INFO - [2023-12-06 07:58:19,367] {dagbag.py:496} INFO - Filling up the DagBag from /home/airflow/.local/lib/python3.6/site-packages/airflow/example_dags/example_branch_python_dop_operator_3.py
[2023-12-06 07:58:19,377] {processor.py:623} INFO - DAG(s) dict_keys(['example_branch_dop_operator_v3']) retrieved from /home/airflow/.local/lib/python3.6/site-packages/airflow/example_dags/example_branch_python_dop_operator_3.py
[2023-12-06 07:58:19,395] {logging_mixin.py:109} INFO - [2023-12-06 07:58:19,395] {dag.py:1834} INFO - Sync 1 DAGs
[2023-12-06 07:58:19,410] {logging_mixin.py:109} INFO - [2023-12-06 07:58:19,410] {dag.py:2287} INFO - Setting next_dagrun for example_branch_dop_operator_v3 to 2023-12-04 00:00:00+00:00
[2023-12-06 07:58:19,421] {processor.py:170} INFO - Processing /home/airflow/.local/lib/python3.6/site-packages/airflow/example_dags/example_branch_python_dop_operator_3.py took 0.058 seconds
[2023-12-06 07:58:50,130] {processor.py:162} INFO - Started process (PID=5487) to work on /home/airflow/.local/lib/python3.6/site-packages/airflow/example_dags/example_branch_python_dop_operator_3.py
[2023-12-06 07:58:50,132] {processor.py:613} INFO - Processing file /home/airflow/.local/lib/python3.6/site-packages/airflow/example_dags/example_branch_python_dop_operator_3.py for tasks to queue
[2023-12-06 07:58:50,132] {logging_mixin.py:109} INFO - [2023-12-06 07:58:50,132] {dagbag.py:496} INFO - Filling up the DagBag from /home/airflow/.local/lib/python3.6/site-packages/airflow/example_dags/example_branch_python_dop_operator_3.py
[2023-12-06 07:58:50,142] {processor.py:623} INFO - DAG(s) dict_keys(['example_branch_dop_operator_v3']) retrieved from /home/airflow/.local/lib/python3.6/site-packages/airflow/example_dags/example_branch_python_dop_operator_3.py
[2023-12-06 07:58:50,159] {logging_mixin.py:109} INFO - [2023-12-06 07:58:50,159] {dag.py:1834} INFO - Sync 1 DAGs
[2023-12-06 07:58:50,175] {logging_mixin.py:109} INFO - [2023-12-06 07:58:50,175] {dag.py:2287} INFO - Setting next_dagrun for example_branch_dop_operator_v3 to 2023-12-04 00:00:00+00:00
[2023-12-06 07:58:50,185] {processor.py:170} INFO - Processing /home/airflow/.local/lib/python3.6/site-packages/airflow/example_dags/example_branch_python_dop_operator_3.py took 0.056 seconds
[2023-12-06 07:59:20,804] {processor.py:162} INFO - Started process (PID=5692) to work on /home/airflow/.local/lib/python3.6/site-packages/airflow/example_dags/example_branch_python_dop_operator_3.py
[2023-12-06 07:59:20,805] {processor.py:613} INFO - Processing file /home/airflow/.local/lib/python3.6/site-packages/airflow/example_dags/example_branch_python_dop_operator_3.py for tasks to queue
[2023-12-06 07:59:20,805] {logging_mixin.py:109} INFO - [2023-12-06 07:59:20,805] {dagbag.py:496} INFO - Filling up the DagBag from /home/airflow/.local/lib/python3.6/site-packages/airflow/example_dags/example_branch_python_dop_operator_3.py
[2023-12-06 07:59:20,816] {processor.py:623} INFO - DAG(s) dict_keys(['example_branch_dop_operator_v3']) retrieved from /home/airflow/.local/lib/python3.6/site-packages/airflow/example_dags/example_branch_python_dop_operator_3.py
[2023-12-06 07:59:20,834] {logging_mixin.py:109} INFO - [2023-12-06 07:59:20,834] {dag.py:1834} INFO - Sync 1 DAGs
[2023-12-06 07:59:20,851] {logging_mixin.py:109} INFO - [2023-12-06 07:59:20,851] {dag.py:2287} INFO - Setting next_dagrun for example_branch_dop_operator_v3 to 2023-12-04 00:00:00+00:00
[2023-12-06 07:59:20,861] {processor.py:170} INFO - Processing /home/airflow/.local/lib/python3.6/site-packages/airflow/example_dags/example_branch_python_dop_operator_3.py took 0.059 seconds
[2023-12-06 07:59:51,430] {processor.py:162} INFO - Started process (PID=5887) to work on /home/airflow/.local/lib/python3.6/site-packages/airflow/example_dags/example_branch_python_dop_operator_3.py
[2023-12-06 07:59:51,432] {processor.py:613} INFO - Processing file /home/airflow/.local/lib/python3.6/site-packages/airflow/example_dags/example_branch_python_dop_operator_3.py for tasks to queue
[2023-12-06 07:59:51,432] {logging_mixin.py:109} INFO - [2023-12-06 07:59:51,432] {dagbag.py:496} INFO - Filling up the DagBag from /home/airflow/.local/lib/python3.6/site-packages/airflow/example_dags/example_branch_python_dop_operator_3.py
[2023-12-06 07:59:51,442] {processor.py:623} INFO - DAG(s) dict_keys(['example_branch_dop_operator_v3']) retrieved from /home/airflow/.local/lib/python3.6/site-packages/airflow/example_dags/example_branch_python_dop_operator_3.py
[2023-12-06 07:59:51,459] {logging_mixin.py:109} INFO - [2023-12-06 07:59:51,459] {dag.py:1834} INFO - Sync 1 DAGs
[2023-12-06 07:59:51,476] {logging_mixin.py:109} INFO - [2023-12-06 07:59:51,476] {dag.py:2287} INFO - Setting next_dagrun for example_branch_dop_operator_v3 to 2023-12-04 00:00:00+00:00
[2023-12-06 07:59:51,487] {processor.py:170} INFO - Processing /home/airflow/.local/lib/python3.6/site-packages/airflow/example_dags/example_branch_python_dop_operator_3.py took 0.060 seconds
[2023-12-06 08:00:22,318] {processor.py:162} INFO - Started process (PID=6176) to work on /home/airflow/.local/lib/python3.6/site-packages/airflow/example_dags/example_branch_python_dop_operator_3.py
[2023-12-06 08:00:22,319] {processor.py:613} INFO - Processing file /home/airflow/.local/lib/python3.6/site-packages/airflow/example_dags/example_branch_python_dop_operator_3.py for tasks to queue
[2023-12-06 08:00:22,319] {logging_mixin.py:109} INFO - [2023-12-06 08:00:22,319] {dagbag.py:496} INFO - Filling up the DagBag from /home/airflow/.local/lib/python3.6/site-packages/airflow/example_dags/example_branch_python_dop_operator_3.py
[2023-12-06 08:00:22,329] {processor.py:623} INFO - DAG(s) dict_keys(['example_branch_dop_operator_v3']) retrieved from /home/airflow/.local/lib/python3.6/site-packages/airflow/example_dags/example_branch_python_dop_operator_3.py
[2023-12-06 08:00:22,346] {logging_mixin.py:109} INFO - [2023-12-06 08:00:22,346] {dag.py:1834} INFO - Sync 1 DAGs
[2023-12-06 08:00:22,364] {logging_mixin.py:109} INFO - [2023-12-06 08:00:22,363] {dag.py:2287} INFO - Setting next_dagrun for example_branch_dop_operator_v3 to 2023-12-04 00:00:00+00:00
[2023-12-06 08:00:22,373] {processor.py:170} INFO - Processing /home/airflow/.local/lib/python3.6/site-packages/airflow/example_dags/example_branch_python_dop_operator_3.py took 0.058 seconds
[2023-12-06 08:00:53,114] {processor.py:162} INFO - Started process (PID=6380) to work on /home/airflow/.local/lib/python3.6/site-packages/airflow/example_dags/example_branch_python_dop_operator_3.py
[2023-12-06 08:00:53,115] {processor.py:613} INFO - Processing file /home/airflow/.local/lib/python3.6/site-packages/airflow/example_dags/example_branch_python_dop_operator_3.py for tasks to queue
[2023-12-06 08:00:53,115] {logging_mixin.py:109} INFO - [2023-12-06 08:00:53,115] {dagbag.py:496} INFO - Filling up the DagBag from /home/airflow/.local/lib/python3.6/site-packages/airflow/example_dags/example_branch_python_dop_operator_3.py
[2023-12-06 08:00:53,127] {processor.py:623} INFO - DAG(s) dict_keys(['example_branch_dop_operator_v3']) retrieved from /home/airflow/.local/lib/python3.6/site-packages/airflow/example_dags/example_branch_python_dop_operator_3.py
[2023-12-06 08:00:53,144] {logging_mixin.py:109} INFO - [2023-12-06 08:00:53,144] {dag.py:1834} INFO - Sync 1 DAGs
[2023-12-06 08:00:53,161] {logging_mixin.py:109} INFO - [2023-12-06 08:00:53,161] {dag.py:2287} INFO - Setting next_dagrun for example_branch_dop_operator_v3 to 2023-12-04 00:00:00+00:00
[2023-12-06 08:00:53,171] {processor.py:170} INFO - Processing /home/airflow/.local/lib/python3.6/site-packages/airflow/example_dags/example_branch_python_dop_operator_3.py took 0.061 seconds
[2023-12-06 08:01:23,869] {processor.py:162} INFO - Started process (PID=6577) to work on /home/airflow/.local/lib/python3.6/site-packages/airflow/example_dags/example_branch_python_dop_operator_3.py
[2023-12-06 08:01:23,870] {processor.py:613} INFO - Processing file /home/airflow/.local/lib/python3.6/site-packages/airflow/example_dags/example_branch_python_dop_operator_3.py for tasks to queue
[2023-12-06 08:01:23,871] {logging_mixin.py:109} INFO - [2023-12-06 08:01:23,870] {dagbag.py:496} INFO - Filling up the DagBag from /home/airflow/.local/lib/python3.6/site-packages/airflow/example_dags/example_branch_python_dop_operator_3.py
[2023-12-06 08:01:23,880] {processor.py:623} INFO - DAG(s) dict_keys(['example_branch_dop_operator_v3']) retrieved from /home/airflow/.local/lib/python3.6/site-packages/airflow/example_dags/example_branch_python_dop_operator_3.py
[2023-12-06 08:01:23,898] {logging_mixin.py:109} INFO - [2023-12-06 08:01:23,897] {dag.py:1834} INFO - Sync 1 DAGs
[2023-12-06 08:01:23,913] {logging_mixin.py:109} INFO - [2023-12-06 08:01:23,913] {dag.py:2287} INFO - Setting next_dagrun for example_branch_dop_operator_v3 to 2023-12-04 00:00:00+00:00
[2023-12-06 08:01:23,924] {processor.py:170} INFO - Processing /home/airflow/.local/lib/python3.6/site-packages/airflow/example_dags/example_branch_python_dop_operator_3.py took 0.057 seconds
[2023-12-06 08:01:54,445] {processor.py:162} INFO - Started process (PID=6782) to work on /home/airflow/.local/lib/python3.6/site-packages/airflow/example_dags/example_branch_python_dop_operator_3.py
[2023-12-06 08:01:54,445] {processor.py:613} INFO - Processing file /home/airflow/.local/lib/python3.6/site-packages/airflow/example_dags/example_branch_python_dop_operator_3.py for tasks to queue
[2023-12-06 08:01:54,446] {logging_mixin.py:109} INFO - [2023-12-06 08:01:54,446] {dagbag.py:496} INFO - Filling up the DagBag from /home/airflow/.local/lib/python3.6/site-packages/airflow/example_dags/example_branch_python_dop_operator_3.py
[2023-12-06 08:01:54,456] {processor.py:623} INFO - DAG(s) dict_keys(['example_branch_dop_operator_v3']) retrieved from /home/airflow/.local/lib/python3.6/site-packages/airflow/example_dags/example_branch_python_dop_operator_3.py
[2023-12-06 08:01:54,473] {logging_mixin.py:109} INFO - [2023-12-06 08:01:54,473] {dag.py:1834} INFO - Sync 1 DAGs
[2023-12-06 08:01:54,494] {logging_mixin.py:109} INFO - [2023-12-06 08:01:54,494] {dag.py:2287} INFO - Setting next_dagrun for example_branch_dop_operator_v3 to 2023-12-04 00:00:00+00:00
[2023-12-06 08:01:54,505] {processor.py:170} INFO - Processing /home/airflow/.local/lib/python3.6/site-packages/airflow/example_dags/example_branch_python_dop_operator_3.py took 0.062 seconds
[2023-12-06 08:02:25,022] {processor.py:162} INFO - Started process (PID=6978) to work on /home/airflow/.local/lib/python3.6/site-packages/airflow/example_dags/example_branch_python_dop_operator_3.py
[2023-12-06 08:02:25,024] {processor.py:613} INFO - Processing file /home/airflow/.local/lib/python3.6/site-packages/airflow/example_dags/example_branch_python_dop_operator_3.py for tasks to queue
[2023-12-06 08:02:25,024] {logging_mixin.py:109} INFO - [2023-12-06 08:02:25,024] {dagbag.py:496} INFO - Filling up the DagBag from /home/airflow/.local/lib/python3.6/site-packages/airflow/example_dags/example_branch_python_dop_operator_3.py
[2023-12-06 08:02:25,033] {processor.py:623} INFO - DAG(s) dict_keys(['example_branch_dop_operator_v3']) retrieved from /home/airflow/.local/lib/python3.6/site-packages/airflow/example_dags/example_branch_python_dop_operator_3.py
[2023-12-06 08:02:25,050] {logging_mixin.py:109} INFO - [2023-12-06 08:02:25,050] {dag.py:1834} INFO - Sync 1 DAGs
[2023-12-06 08:02:25,067] {logging_mixin.py:109} INFO - [2023-12-06 08:02:25,067] {dag.py:2287} INFO - Setting next_dagrun for example_branch_dop_operator_v3 to 2023-12-04 00:00:00+00:00
[2023-12-06 08:02:25,076] {processor.py:170} INFO - Processing /home/airflow/.local/lib/python3.6/site-packages/airflow/example_dags/example_branch_python_dop_operator_3.py took 0.056 seconds
[2023-12-06 08:02:55,744] {processor.py:162} INFO - Started process (PID=7183) to work on /home/airflow/.local/lib/python3.6/site-packages/airflow/example_dags/example_branch_python_dop_operator_3.py
[2023-12-06 08:02:55,745] {processor.py:613} INFO - Processing file /home/airflow/.local/lib/python3.6/site-packages/airflow/example_dags/example_branch_python_dop_operator_3.py for tasks to queue
[2023-12-06 08:02:55,746] {logging_mixin.py:109} INFO - [2023-12-06 08:02:55,746] {dagbag.py:496} INFO - Filling up the DagBag from /home/airflow/.local/lib/python3.6/site-packages/airflow/example_dags/example_branch_python_dop_operator_3.py
[2023-12-06 08:02:55,756] {processor.py:623} INFO - DAG(s) dict_keys(['example_branch_dop_operator_v3']) retrieved from /home/airflow/.local/lib/python3.6/site-packages/airflow/example_dags/example_branch_python_dop_operator_3.py
[2023-12-06 08:02:55,775] {logging_mixin.py:109} INFO - [2023-12-06 08:02:55,775] {dag.py:1834} INFO - Sync 1 DAGs
[2023-12-06 08:02:55,793] {logging_mixin.py:109} INFO - [2023-12-06 08:02:55,793] {dag.py:2287} INFO - Setting next_dagrun for example_branch_dop_operator_v3 to 2023-12-04 00:00:00+00:00
[2023-12-06 08:02:55,803] {processor.py:170} INFO - Processing /home/airflow/.local/lib/python3.6/site-packages/airflow/example_dags/example_branch_python_dop_operator_3.py took 0.060 seconds
[2023-12-06 08:03:26,474] {processor.py:162} INFO - Started process (PID=7389) to work on /home/airflow/.local/lib/python3.6/site-packages/airflow/example_dags/example_branch_python_dop_operator_3.py
[2023-12-06 08:03:26,476] {processor.py:613} INFO - Processing file /home/airflow/.local/lib/python3.6/site-packages/airflow/example_dags/example_branch_python_dop_operator_3.py for tasks to queue
[2023-12-06 08:03:26,476] {logging_mixin.py:109} INFO - [2023-12-06 08:03:26,476] {dagbag.py:496} INFO - Filling up the DagBag from /home/airflow/.local/lib/python3.6/site-packages/airflow/example_dags/example_branch_python_dop_operator_3.py
[2023-12-06 08:03:26,485] {processor.py:623} INFO - DAG(s) dict_keys(['example_branch_dop_operator_v3']) retrieved from /home/airflow/.local/lib/python3.6/site-packages/airflow/example_dags/example_branch_python_dop_operator_3.py
[2023-12-06 08:03:26,501] {logging_mixin.py:109} INFO - [2023-12-06 08:03:26,501] {dag.py:1834} INFO - Sync 1 DAGs
[2023-12-06 08:03:26,519] {logging_mixin.py:109} INFO - [2023-12-06 08:03:26,518] {dag.py:2287} INFO - Setting next_dagrun for example_branch_dop_operator_v3 to 2023-12-04 00:00:00+00:00
[2023-12-06 08:03:26,529] {processor.py:170} INFO - Processing /home/airflow/.local/lib/python3.6/site-packages/airflow/example_dags/example_branch_python_dop_operator_3.py took 0.057 seconds
[2023-12-06 08:03:57,189] {processor.py:162} INFO - Started process (PID=7584) to work on /home/airflow/.local/lib/python3.6/site-packages/airflow/example_dags/example_branch_python_dop_operator_3.py
[2023-12-06 08:03:57,190] {processor.py:613} INFO - Processing file /home/airflow/.local/lib/python3.6/site-packages/airflow/example_dags/example_branch_python_dop_operator_3.py for tasks to queue
[2023-12-06 08:03:57,191] {logging_mixin.py:109} INFO - [2023-12-06 08:03:57,191] {dagbag.py:496} INFO - Filling up the DagBag from /home/airflow/.local/lib/python3.6/site-packages/airflow/example_dags/example_branch_python_dop_operator_3.py
[2023-12-06 08:03:57,200] {processor.py:623} INFO - DAG(s) dict_keys(['example_branch_dop_operator_v3']) retrieved from /home/airflow/.local/lib/python3.6/site-packages/airflow/example_dags/example_branch_python_dop_operator_3.py
[2023-12-06 08:03:57,218] {logging_mixin.py:109} INFO - [2023-12-06 08:03:57,217] {dag.py:1834} INFO - Sync 1 DAGs
[2023-12-06 08:03:57,235] {logging_mixin.py:109} INFO - [2023-12-06 08:03:57,235] {dag.py:2287} INFO - Setting next_dagrun for example_branch_dop_operator_v3 to 2023-12-04 00:00:00+00:00
[2023-12-06 08:03:57,246] {processor.py:170} INFO - Processing /home/airflow/.local/lib/python3.6/site-packages/airflow/example_dags/example_branch_python_dop_operator_3.py took 0.059 seconds
[2023-12-06 08:04:27,603] {processor.py:162} INFO - Started process (PID=7789) to work on /home/airflow/.local/lib/python3.6/site-packages/airflow/example_dags/example_branch_python_dop_operator_3.py
[2023-12-06 08:04:27,604] {processor.py:613} INFO - Processing file /home/airflow/.local/lib/python3.6/site-packages/airflow/example_dags/example_branch_python_dop_operator_3.py for tasks to queue
[2023-12-06 08:04:27,604] {logging_mixin.py:109} INFO - [2023-12-06 08:04:27,604] {dagbag.py:496} INFO - Filling up the DagBag from /home/airflow/.local/lib/python3.6/site-packages/airflow/example_dags/example_branch_python_dop_operator_3.py
[2023-12-06 08:04:27,614] {processor.py:623} INFO - DAG(s) dict_keys(['example_branch_dop_operator_v3']) retrieved from /home/airflow/.local/lib/python3.6/site-packages/airflow/example_dags/example_branch_python_dop_operator_3.py
[2023-12-06 08:04:27,633] {logging_mixin.py:109} INFO - [2023-12-06 08:04:27,633] {dag.py:1834} INFO - Sync 1 DAGs
[2023-12-06 08:04:27,650] {logging_mixin.py:109} INFO - [2023-12-06 08:04:27,650] {dag.py:2287} INFO - Setting next_dagrun for example_branch_dop_operator_v3 to 2023-12-04 00:00:00+00:00
[2023-12-06 08:04:27,661] {processor.py:170} INFO - Processing /home/airflow/.local/lib/python3.6/site-packages/airflow/example_dags/example_branch_python_dop_operator_3.py took 0.060 seconds
[2023-12-06 08:04:58,175] {processor.py:162} INFO - Started process (PID=7992) to work on /home/airflow/.local/lib/python3.6/site-packages/airflow/example_dags/example_branch_python_dop_operator_3.py
[2023-12-06 08:04:58,176] {processor.py:613} INFO - Processing file /home/airflow/.local/lib/python3.6/site-packages/airflow/example_dags/example_branch_python_dop_operator_3.py for tasks to queue
[2023-12-06 08:04:58,176] {logging_mixin.py:109} INFO - [2023-12-06 08:04:58,176] {dagbag.py:496} INFO - Filling up the DagBag from /home/airflow/.local/lib/python3.6/site-packages/airflow/example_dags/example_branch_python_dop_operator_3.py
[2023-12-06 08:04:58,186] {processor.py:623} INFO - DAG(s) dict_keys(['example_branch_dop_operator_v3']) retrieved from /home/airflow/.local/lib/python3.6/site-packages/airflow/example_dags/example_branch_python_dop_operator_3.py
[2023-12-06 08:04:58,204] {logging_mixin.py:109} INFO - [2023-12-06 08:04:58,204] {dag.py:1834} INFO - Sync 1 DAGs
[2023-12-06 08:04:58,221] {logging_mixin.py:109} INFO - [2023-12-06 08:04:58,221] {dag.py:2287} INFO - Setting next_dagrun for example_branch_dop_operator_v3 to 2023-12-04 00:00:00+00:00
[2023-12-06 08:04:58,232] {processor.py:170} INFO - Processing /home/airflow/.local/lib/python3.6/site-packages/airflow/example_dags/example_branch_python_dop_operator_3.py took 0.060 seconds
[2023-12-06 08:05:28,705] {processor.py:162} INFO - Started process (PID=8188) to work on /home/airflow/.local/lib/python3.6/site-packages/airflow/example_dags/example_branch_python_dop_operator_3.py
[2023-12-06 08:05:28,706] {processor.py:613} INFO - Processing file /home/airflow/.local/lib/python3.6/site-packages/airflow/example_dags/example_branch_python_dop_operator_3.py for tasks to queue
[2023-12-06 08:05:28,707] {logging_mixin.py:109} INFO - [2023-12-06 08:05:28,707] {dagbag.py:496} INFO - Filling up the DagBag from /home/airflow/.local/lib/python3.6/site-packages/airflow/example_dags/example_branch_python_dop_operator_3.py
[2023-12-06 08:05:28,716] {processor.py:623} INFO - DAG(s) dict_keys(['example_branch_dop_operator_v3']) retrieved from /home/airflow/.local/lib/python3.6/site-packages/airflow/example_dags/example_branch_python_dop_operator_3.py
[2023-12-06 08:05:28,733] {logging_mixin.py:109} INFO - [2023-12-06 08:05:28,732] {dag.py:1834} INFO - Sync 1 DAGs
[2023-12-06 08:05:28,749] {logging_mixin.py:109} INFO - [2023-12-06 08:05:28,749] {dag.py:2287} INFO - Setting next_dagrun for example_branch_dop_operator_v3 to 2023-12-04 00:00:00+00:00
[2023-12-06 08:05:28,759] {processor.py:170} INFO - Processing /home/airflow/.local/lib/python3.6/site-packages/airflow/example_dags/example_branch_python_dop_operator_3.py took 0.056 seconds
[2023-12-06 08:05:59,380] {processor.py:162} INFO - Started process (PID=8393) to work on /home/airflow/.local/lib/python3.6/site-packages/airflow/example_dags/example_branch_python_dop_operator_3.py
[2023-12-06 08:05:59,382] {processor.py:613} INFO - Processing file /home/airflow/.local/lib/python3.6/site-packages/airflow/example_dags/example_branch_python_dop_operator_3.py for tasks to queue
[2023-12-06 08:05:59,382] {logging_mixin.py:109} INFO - [2023-12-06 08:05:59,382] {dagbag.py:496} INFO - Filling up the DagBag from /home/airflow/.local/lib/python3.6/site-packages/airflow/example_dags/example_branch_python_dop_operator_3.py
[2023-12-06 08:05:59,391] {processor.py:623} INFO - DAG(s) dict_keys(['example_branch_dop_operator_v3']) retrieved from /home/airflow/.local/lib/python3.6/site-packages/airflow/example_dags/example_branch_python_dop_operator_3.py
[2023-12-06 08:05:59,408] {logging_mixin.py:109} INFO - [2023-12-06 08:05:59,408] {dag.py:1834} INFO - Sync 1 DAGs
[2023-12-06 08:05:59,423] {logging_mixin.py:109} INFO - [2023-12-06 08:05:59,423] {dag.py:2287} INFO - Setting next_dagrun for example_branch_dop_operator_v3 to 2023-12-04 00:00:00+00:00
[2023-12-06 08:05:59,435] {processor.py:170} INFO - Processing /home/airflow/.local/lib/python3.6/site-packages/airflow/example_dags/example_branch_python_dop_operator_3.py took 0.057 seconds
[2023-12-06 08:06:30,066] {processor.py:162} INFO - Started process (PID=8588) to work on /home/airflow/.local/lib/python3.6/site-packages/airflow/example_dags/example_branch_python_dop_operator_3.py
[2023-12-06 08:06:30,067] {processor.py:613} INFO - Processing file /home/airflow/.local/lib/python3.6/site-packages/airflow/example_dags/example_branch_python_dop_operator_3.py for tasks to queue
[2023-12-06 08:06:30,067] {logging_mixin.py:109} INFO - [2023-12-06 08:06:30,067] {dagbag.py:496} INFO - Filling up the DagBag from /home/airflow/.local/lib/python3.6/site-packages/airflow/example_dags/example_branch_python_dop_operator_3.py
[2023-12-06 08:06:30,076] {processor.py:623} INFO - DAG(s) dict_keys(['example_branch_dop_operator_v3']) retrieved from /home/airflow/.local/lib/python3.6/site-packages/airflow/example_dags/example_branch_python_dop_operator_3.py
[2023-12-06 08:06:30,094] {logging_mixin.py:109} INFO - [2023-12-06 08:06:30,094] {dag.py:1834} INFO - Sync 1 DAGs
[2023-12-06 08:06:30,111] {logging_mixin.py:109} INFO - [2023-12-06 08:06:30,111] {dag.py:2287} INFO - Setting next_dagrun for example_branch_dop_operator_v3 to 2023-12-04 00:00:00+00:00
[2023-12-06 08:06:30,121] {processor.py:170} INFO - Processing /home/airflow/.local/lib/python3.6/site-packages/airflow/example_dags/example_branch_python_dop_operator_3.py took 0.058 seconds
[2023-12-06 08:07:00,790] {processor.py:162} INFO - Started process (PID=8793) to work on /home/airflow/.local/lib/python3.6/site-packages/airflow/example_dags/example_branch_python_dop_operator_3.py
[2023-12-06 08:07:00,791] {processor.py:613} INFO - Processing file /home/airflow/.local/lib/python3.6/site-packages/airflow/example_dags/example_branch_python_dop_operator_3.py for tasks to queue
[2023-12-06 08:07:00,791] {logging_mixin.py:109} INFO - [2023-12-06 08:07:00,791] {dagbag.py:496} INFO - Filling up the DagBag from /home/airflow/.local/lib/python3.6/site-packages/airflow/example_dags/example_branch_python_dop_operator_3.py
[2023-12-06 08:07:00,800] {processor.py:623} INFO - DAG(s) dict_keys(['example_branch_dop_operator_v3']) retrieved from /home/airflow/.local/lib/python3.6/site-packages/airflow/example_dags/example_branch_python_dop_operator_3.py
[2023-12-06 08:07:00,817] {logging_mixin.py:109} INFO - [2023-12-06 08:07:00,816] {dag.py:1834} INFO - Sync 1 DAGs
[2023-12-06 08:07:00,834] {logging_mixin.py:109} INFO - [2023-12-06 08:07:00,834] {dag.py:2287} INFO - Setting next_dagrun for example_branch_dop_operator_v3 to 2023-12-04 00:00:00+00:00
[2023-12-06 08:07:00,844] {processor.py:170} INFO - Processing /home/airflow/.local/lib/python3.6/site-packages/airflow/example_dags/example_branch_python_dop_operator_3.py took 0.056 seconds
[2023-12-06 08:07:31,262] {processor.py:162} INFO - Started process (PID=8998) to work on /home/airflow/.local/lib/python3.6/site-packages/airflow/example_dags/example_branch_python_dop_operator_3.py
[2023-12-06 08:07:31,263] {processor.py:613} INFO - Processing file /home/airflow/.local/lib/python3.6/site-packages/airflow/example_dags/example_branch_python_dop_operator_3.py for tasks to queue
[2023-12-06 08:07:31,264] {logging_mixin.py:109} INFO - [2023-12-06 08:07:31,264] {dagbag.py:496} INFO - Filling up the DagBag from /home/airflow/.local/lib/python3.6/site-packages/airflow/example_dags/example_branch_python_dop_operator_3.py
[2023-12-06 08:07:31,273] {processor.py:623} INFO - DAG(s) dict_keys(['example_branch_dop_operator_v3']) retrieved from /home/airflow/.local/lib/python3.6/site-packages/airflow/example_dags/example_branch_python_dop_operator_3.py
[2023-12-06 08:07:31,290] {logging_mixin.py:109} INFO - [2023-12-06 08:07:31,290] {dag.py:1834} INFO - Sync 1 DAGs
[2023-12-06 08:07:31,309] {logging_mixin.py:109} INFO - [2023-12-06 08:07:31,309] {dag.py:2287} INFO - Setting next_dagrun for example_branch_dop_operator_v3 to 2023-12-04 00:00:00+00:00
[2023-12-06 08:07:31,322] {processor.py:170} INFO - Processing /home/airflow/.local/lib/python3.6/site-packages/airflow/example_dags/example_branch_python_dop_operator_3.py took 0.062 seconds
