[2023-12-06 07:46:04,140] {processor.py:162} INFO - Started process (PID=346) to work on /home/airflow/.local/lib/python3.6/site-packages/airflow/example_dags/tutorial_taskflow_api_etl_virtualenv.py
[2023-12-06 07:46:04,140] {processor.py:613} INFO - Processing file /home/airflow/.local/lib/python3.6/site-packages/airflow/example_dags/tutorial_taskflow_api_etl_virtualenv.py for tasks to queue
[2023-12-06 07:46:04,141] {logging_mixin.py:109} INFO - [2023-12-06 07:46:04,141] {dagbag.py:496} INFO - Filling up the DagBag from /home/airflow/.local/lib/python3.6/site-packages/airflow/example_dags/tutorial_taskflow_api_etl_virtualenv.py
[2023-12-06 07:46:04,153] {processor.py:623} INFO - DAG(s) dict_keys(['tutorial_taskflow_api_etl_virtualenv']) retrieved from /home/airflow/.local/lib/python3.6/site-packages/airflow/example_dags/tutorial_taskflow_api_etl_virtualenv.py
[2023-12-06 07:46:04,312] {logging_mixin.py:109} INFO - [2023-12-06 07:46:04,312] {dag.py:1834} INFO - Sync 1 DAGs
[2023-12-06 07:46:04,322] {logging_mixin.py:109} INFO - [2023-12-06 07:46:04,322] {dag.py:2287} INFO - Setting next_dagrun for tutorial_taskflow_api_etl_virtualenv to None
[2023-12-06 07:46:04,333] {processor.py:170} INFO - Processing /home/airflow/.local/lib/python3.6/site-packages/airflow/example_dags/tutorial_taskflow_api_etl_virtualenv.py took 0.196 seconds
[2023-12-06 07:46:34,879] {processor.py:162} INFO - Started process (PID=626) to work on /home/airflow/.local/lib/python3.6/site-packages/airflow/example_dags/tutorial_taskflow_api_etl_virtualenv.py
[2023-12-06 07:46:34,880] {processor.py:613} INFO - Processing file /home/airflow/.local/lib/python3.6/site-packages/airflow/example_dags/tutorial_taskflow_api_etl_virtualenv.py for tasks to queue
[2023-12-06 07:46:34,880] {logging_mixin.py:109} INFO - [2023-12-06 07:46:34,880] {dagbag.py:496} INFO - Filling up the DagBag from /home/airflow/.local/lib/python3.6/site-packages/airflow/example_dags/tutorial_taskflow_api_etl_virtualenv.py
[2023-12-06 07:46:34,891] {processor.py:623} INFO - DAG(s) dict_keys(['tutorial_taskflow_api_etl_virtualenv']) retrieved from /home/airflow/.local/lib/python3.6/site-packages/airflow/example_dags/tutorial_taskflow_api_etl_virtualenv.py
[2023-12-06 07:46:35,044] {logging_mixin.py:109} INFO - [2023-12-06 07:46:35,044] {dag.py:1834} INFO - Sync 1 DAGs
[2023-12-06 07:46:35,055] {logging_mixin.py:109} INFO - [2023-12-06 07:46:35,054] {dag.py:2287} INFO - Setting next_dagrun for tutorial_taskflow_api_etl_virtualenv to None
[2023-12-06 07:46:35,066] {processor.py:170} INFO - Processing /home/airflow/.local/lib/python3.6/site-packages/airflow/example_dags/tutorial_taskflow_api_etl_virtualenv.py took 0.189 seconds
[2023-12-06 07:47:05,650] {processor.py:162} INFO - Started process (PID=831) to work on /home/airflow/.local/lib/python3.6/site-packages/airflow/example_dags/tutorial_taskflow_api_etl_virtualenv.py
[2023-12-06 07:47:05,652] {processor.py:613} INFO - Processing file /home/airflow/.local/lib/python3.6/site-packages/airflow/example_dags/tutorial_taskflow_api_etl_virtualenv.py for tasks to queue
[2023-12-06 07:47:05,653] {logging_mixin.py:109} INFO - [2023-12-06 07:47:05,652] {dagbag.py:496} INFO - Filling up the DagBag from /home/airflow/.local/lib/python3.6/site-packages/airflow/example_dags/tutorial_taskflow_api_etl_virtualenv.py
[2023-12-06 07:47:05,668] {processor.py:623} INFO - DAG(s) dict_keys(['tutorial_taskflow_api_etl_virtualenv']) retrieved from /home/airflow/.local/lib/python3.6/site-packages/airflow/example_dags/tutorial_taskflow_api_etl_virtualenv.py
[2023-12-06 07:47:05,692] {logging_mixin.py:109} INFO - [2023-12-06 07:47:05,692] {dag.py:1834} INFO - Sync 1 DAGs
[2023-12-06 07:47:05,704] {logging_mixin.py:109} INFO - [2023-12-06 07:47:05,704] {dag.py:2287} INFO - Setting next_dagrun for tutorial_taskflow_api_etl_virtualenv to None
[2023-12-06 07:47:05,718] {processor.py:170} INFO - Processing /home/airflow/.local/lib/python3.6/site-packages/airflow/example_dags/tutorial_taskflow_api_etl_virtualenv.py took 0.071 seconds
[2023-12-06 07:47:36,277] {processor.py:162} INFO - Started process (PID=1028) to work on /home/airflow/.local/lib/python3.6/site-packages/airflow/example_dags/tutorial_taskflow_api_etl_virtualenv.py
[2023-12-06 07:47:36,278] {processor.py:613} INFO - Processing file /home/airflow/.local/lib/python3.6/site-packages/airflow/example_dags/tutorial_taskflow_api_etl_virtualenv.py for tasks to queue
[2023-12-06 07:47:36,278] {logging_mixin.py:109} INFO - [2023-12-06 07:47:36,278] {dagbag.py:496} INFO - Filling up the DagBag from /home/airflow/.local/lib/python3.6/site-packages/airflow/example_dags/tutorial_taskflow_api_etl_virtualenv.py
[2023-12-06 07:47:36,289] {processor.py:623} INFO - DAG(s) dict_keys(['tutorial_taskflow_api_etl_virtualenv']) retrieved from /home/airflow/.local/lib/python3.6/site-packages/airflow/example_dags/tutorial_taskflow_api_etl_virtualenv.py
[2023-12-06 07:47:36,440] {logging_mixin.py:109} INFO - [2023-12-06 07:47:36,440] {dag.py:1834} INFO - Sync 1 DAGs
[2023-12-06 07:47:36,449] {logging_mixin.py:109} INFO - [2023-12-06 07:47:36,449] {dag.py:2287} INFO - Setting next_dagrun for tutorial_taskflow_api_etl_virtualenv to None
[2023-12-06 07:47:36,461] {processor.py:170} INFO - Processing /home/airflow/.local/lib/python3.6/site-packages/airflow/example_dags/tutorial_taskflow_api_etl_virtualenv.py took 0.186 seconds
[2023-12-06 07:48:06,833] {processor.py:162} INFO - Started process (PID=1231) to work on /home/airflow/.local/lib/python3.6/site-packages/airflow/example_dags/tutorial_taskflow_api_etl_virtualenv.py
[2023-12-06 07:48:06,833] {processor.py:613} INFO - Processing file /home/airflow/.local/lib/python3.6/site-packages/airflow/example_dags/tutorial_taskflow_api_etl_virtualenv.py for tasks to queue
[2023-12-06 07:48:06,834] {logging_mixin.py:109} INFO - [2023-12-06 07:48:06,834] {dagbag.py:496} INFO - Filling up the DagBag from /home/airflow/.local/lib/python3.6/site-packages/airflow/example_dags/tutorial_taskflow_api_etl_virtualenv.py
[2023-12-06 07:48:06,847] {processor.py:623} INFO - DAG(s) dict_keys(['tutorial_taskflow_api_etl_virtualenv']) retrieved from /home/airflow/.local/lib/python3.6/site-packages/airflow/example_dags/tutorial_taskflow_api_etl_virtualenv.py
[2023-12-06 07:48:07,000] {logging_mixin.py:109} INFO - [2023-12-06 07:48:06,999] {dag.py:1834} INFO - Sync 1 DAGs
[2023-12-06 07:48:07,010] {logging_mixin.py:109} INFO - [2023-12-06 07:48:07,010] {dag.py:2287} INFO - Setting next_dagrun for tutorial_taskflow_api_etl_virtualenv to None
[2023-12-06 07:48:07,021] {processor.py:170} INFO - Processing /home/airflow/.local/lib/python3.6/site-packages/airflow/example_dags/tutorial_taskflow_api_etl_virtualenv.py took 0.191 seconds
[2023-12-06 07:48:37,546] {processor.py:162} INFO - Started process (PID=1436) to work on /home/airflow/.local/lib/python3.6/site-packages/airflow/example_dags/tutorial_taskflow_api_etl_virtualenv.py
[2023-12-06 07:48:37,548] {processor.py:613} INFO - Processing file /home/airflow/.local/lib/python3.6/site-packages/airflow/example_dags/tutorial_taskflow_api_etl_virtualenv.py for tasks to queue
[2023-12-06 07:48:37,549] {logging_mixin.py:109} INFO - [2023-12-06 07:48:37,549] {dagbag.py:496} INFO - Filling up the DagBag from /home/airflow/.local/lib/python3.6/site-packages/airflow/example_dags/tutorial_taskflow_api_etl_virtualenv.py
[2023-12-06 07:48:37,561] {processor.py:623} INFO - DAG(s) dict_keys(['tutorial_taskflow_api_etl_virtualenv']) retrieved from /home/airflow/.local/lib/python3.6/site-packages/airflow/example_dags/tutorial_taskflow_api_etl_virtualenv.py
[2023-12-06 07:48:37,716] {logging_mixin.py:109} INFO - [2023-12-06 07:48:37,715] {dag.py:1834} INFO - Sync 1 DAGs
[2023-12-06 07:48:37,727] {logging_mixin.py:109} INFO - [2023-12-06 07:48:37,727] {dag.py:2287} INFO - Setting next_dagrun for tutorial_taskflow_api_etl_virtualenv to None
[2023-12-06 07:48:37,740] {processor.py:170} INFO - Processing /home/airflow/.local/lib/python3.6/site-packages/airflow/example_dags/tutorial_taskflow_api_etl_virtualenv.py took 0.196 seconds
[2023-12-06 07:49:08,115] {processor.py:162} INFO - Started process (PID=1631) to work on /home/airflow/.local/lib/python3.6/site-packages/airflow/example_dags/tutorial_taskflow_api_etl_virtualenv.py
[2023-12-06 07:49:08,115] {processor.py:613} INFO - Processing file /home/airflow/.local/lib/python3.6/site-packages/airflow/example_dags/tutorial_taskflow_api_etl_virtualenv.py for tasks to queue
[2023-12-06 07:49:08,116] {logging_mixin.py:109} INFO - [2023-12-06 07:49:08,116] {dagbag.py:496} INFO - Filling up the DagBag from /home/airflow/.local/lib/python3.6/site-packages/airflow/example_dags/tutorial_taskflow_api_etl_virtualenv.py
[2023-12-06 07:49:08,128] {processor.py:623} INFO - DAG(s) dict_keys(['tutorial_taskflow_api_etl_virtualenv']) retrieved from /home/airflow/.local/lib/python3.6/site-packages/airflow/example_dags/tutorial_taskflow_api_etl_virtualenv.py
[2023-12-06 07:49:08,286] {logging_mixin.py:109} INFO - [2023-12-06 07:49:08,286] {dag.py:1834} INFO - Sync 1 DAGs
[2023-12-06 07:49:08,296] {logging_mixin.py:109} INFO - [2023-12-06 07:49:08,296] {dag.py:2287} INFO - Setting next_dagrun for tutorial_taskflow_api_etl_virtualenv to None
[2023-12-06 07:49:08,310] {processor.py:170} INFO - Processing /home/airflow/.local/lib/python3.6/site-packages/airflow/example_dags/tutorial_taskflow_api_etl_virtualenv.py took 0.197 seconds
[2023-12-06 07:49:38,808] {processor.py:162} INFO - Started process (PID=1836) to work on /home/airflow/.local/lib/python3.6/site-packages/airflow/example_dags/tutorial_taskflow_api_etl_virtualenv.py
[2023-12-06 07:49:38,809] {processor.py:613} INFO - Processing file /home/airflow/.local/lib/python3.6/site-packages/airflow/example_dags/tutorial_taskflow_api_etl_virtualenv.py for tasks to queue
[2023-12-06 07:49:38,810] {logging_mixin.py:109} INFO - [2023-12-06 07:49:38,810] {dagbag.py:496} INFO - Filling up the DagBag from /home/airflow/.local/lib/python3.6/site-packages/airflow/example_dags/tutorial_taskflow_api_etl_virtualenv.py
[2023-12-06 07:49:38,822] {processor.py:623} INFO - DAG(s) dict_keys(['tutorial_taskflow_api_etl_virtualenv']) retrieved from /home/airflow/.local/lib/python3.6/site-packages/airflow/example_dags/tutorial_taskflow_api_etl_virtualenv.py
[2023-12-06 07:49:38,982] {logging_mixin.py:109} INFO - [2023-12-06 07:49:38,982] {dag.py:1834} INFO - Sync 1 DAGs
[2023-12-06 07:49:38,995] {logging_mixin.py:109} INFO - [2023-12-06 07:49:38,995] {dag.py:2287} INFO - Setting next_dagrun for tutorial_taskflow_api_etl_virtualenv to None
[2023-12-06 07:49:39,010] {processor.py:170} INFO - Processing /home/airflow/.local/lib/python3.6/site-packages/airflow/example_dags/tutorial_taskflow_api_etl_virtualenv.py took 0.204 seconds
[2023-12-06 07:50:09,490] {processor.py:162} INFO - Started process (PID=2031) to work on /home/airflow/.local/lib/python3.6/site-packages/airflow/example_dags/tutorial_taskflow_api_etl_virtualenv.py
[2023-12-06 07:50:09,491] {processor.py:613} INFO - Processing file /home/airflow/.local/lib/python3.6/site-packages/airflow/example_dags/tutorial_taskflow_api_etl_virtualenv.py for tasks to queue
[2023-12-06 07:50:09,492] {logging_mixin.py:109} INFO - [2023-12-06 07:50:09,492] {dagbag.py:496} INFO - Filling up the DagBag from /home/airflow/.local/lib/python3.6/site-packages/airflow/example_dags/tutorial_taskflow_api_etl_virtualenv.py
[2023-12-06 07:50:09,506] {processor.py:623} INFO - DAG(s) dict_keys(['tutorial_taskflow_api_etl_virtualenv']) retrieved from /home/airflow/.local/lib/python3.6/site-packages/airflow/example_dags/tutorial_taskflow_api_etl_virtualenv.py
[2023-12-06 07:50:09,672] {logging_mixin.py:109} INFO - [2023-12-06 07:50:09,672] {dag.py:1834} INFO - Sync 1 DAGs
[2023-12-06 07:50:09,683] {logging_mixin.py:109} INFO - [2023-12-06 07:50:09,683] {dag.py:2287} INFO - Setting next_dagrun for tutorial_taskflow_api_etl_virtualenv to None
[2023-12-06 07:50:09,694] {processor.py:170} INFO - Processing /home/airflow/.local/lib/python3.6/site-packages/airflow/example_dags/tutorial_taskflow_api_etl_virtualenv.py took 0.206 seconds
[2023-12-06 07:50:39,956] {processor.py:162} INFO - Started process (PID=2237) to work on /home/airflow/.local/lib/python3.6/site-packages/airflow/example_dags/tutorial_taskflow_api_etl_virtualenv.py
[2023-12-06 07:50:39,957] {processor.py:613} INFO - Processing file /home/airflow/.local/lib/python3.6/site-packages/airflow/example_dags/tutorial_taskflow_api_etl_virtualenv.py for tasks to queue
[2023-12-06 07:50:39,958] {logging_mixin.py:109} INFO - [2023-12-06 07:50:39,958] {dagbag.py:496} INFO - Filling up the DagBag from /home/airflow/.local/lib/python3.6/site-packages/airflow/example_dags/tutorial_taskflow_api_etl_virtualenv.py
[2023-12-06 07:50:39,972] {processor.py:623} INFO - DAG(s) dict_keys(['tutorial_taskflow_api_etl_virtualenv']) retrieved from /home/airflow/.local/lib/python3.6/site-packages/airflow/example_dags/tutorial_taskflow_api_etl_virtualenv.py
[2023-12-06 07:50:39,989] {logging_mixin.py:109} INFO - [2023-12-06 07:50:39,989] {dag.py:1834} INFO - Sync 1 DAGs
[2023-12-06 07:50:40,000] {logging_mixin.py:109} INFO - [2023-12-06 07:50:39,999] {dag.py:2287} INFO - Setting next_dagrun for tutorial_taskflow_api_etl_virtualenv to None
[2023-12-06 07:50:40,010] {processor.py:170} INFO - Processing /home/airflow/.local/lib/python3.6/site-packages/airflow/example_dags/tutorial_taskflow_api_etl_virtualenv.py took 0.056 seconds
[2023-12-06 07:51:10,420] {processor.py:162} INFO - Started process (PID=2441) to work on /home/airflow/.local/lib/python3.6/site-packages/airflow/example_dags/tutorial_taskflow_api_etl_virtualenv.py
[2023-12-06 07:51:10,421] {processor.py:613} INFO - Processing file /home/airflow/.local/lib/python3.6/site-packages/airflow/example_dags/tutorial_taskflow_api_etl_virtualenv.py for tasks to queue
[2023-12-06 07:51:10,422] {logging_mixin.py:109} INFO - [2023-12-06 07:51:10,422] {dagbag.py:496} INFO - Filling up the DagBag from /home/airflow/.local/lib/python3.6/site-packages/airflow/example_dags/tutorial_taskflow_api_etl_virtualenv.py
[2023-12-06 07:51:10,436] {processor.py:623} INFO - DAG(s) dict_keys(['tutorial_taskflow_api_etl_virtualenv']) retrieved from /home/airflow/.local/lib/python3.6/site-packages/airflow/example_dags/tutorial_taskflow_api_etl_virtualenv.py
[2023-12-06 07:51:10,589] {logging_mixin.py:109} INFO - [2023-12-06 07:51:10,589] {dag.py:1834} INFO - Sync 1 DAGs
[2023-12-06 07:51:10,599] {logging_mixin.py:109} INFO - [2023-12-06 07:51:10,599] {dag.py:2287} INFO - Setting next_dagrun for tutorial_taskflow_api_etl_virtualenv to None
[2023-12-06 07:51:10,610] {processor.py:170} INFO - Processing /home/airflow/.local/lib/python3.6/site-packages/airflow/example_dags/tutorial_taskflow_api_etl_virtualenv.py took 0.193 seconds
[2023-12-06 07:51:40,935] {processor.py:162} INFO - Started process (PID=2636) to work on /home/airflow/.local/lib/python3.6/site-packages/airflow/example_dags/tutorial_taskflow_api_etl_virtualenv.py
[2023-12-06 07:51:40,935] {processor.py:613} INFO - Processing file /home/airflow/.local/lib/python3.6/site-packages/airflow/example_dags/tutorial_taskflow_api_etl_virtualenv.py for tasks to queue
[2023-12-06 07:51:40,936] {logging_mixin.py:109} INFO - [2023-12-06 07:51:40,936] {dagbag.py:496} INFO - Filling up the DagBag from /home/airflow/.local/lib/python3.6/site-packages/airflow/example_dags/tutorial_taskflow_api_etl_virtualenv.py
[2023-12-06 07:51:40,948] {processor.py:623} INFO - DAG(s) dict_keys(['tutorial_taskflow_api_etl_virtualenv']) retrieved from /home/airflow/.local/lib/python3.6/site-packages/airflow/example_dags/tutorial_taskflow_api_etl_virtualenv.py
[2023-12-06 07:51:41,099] {logging_mixin.py:109} INFO - [2023-12-06 07:51:41,099] {dag.py:1834} INFO - Sync 1 DAGs
[2023-12-06 07:51:41,109] {logging_mixin.py:109} INFO - [2023-12-06 07:51:41,109] {dag.py:2287} INFO - Setting next_dagrun for tutorial_taskflow_api_etl_virtualenv to None
[2023-12-06 07:51:41,121] {processor.py:170} INFO - Processing /home/airflow/.local/lib/python3.6/site-packages/airflow/example_dags/tutorial_taskflow_api_etl_virtualenv.py took 0.189 seconds
[2023-12-06 07:52:11,482] {processor.py:162} INFO - Started process (PID=2841) to work on /home/airflow/.local/lib/python3.6/site-packages/airflow/example_dags/tutorial_taskflow_api_etl_virtualenv.py
[2023-12-06 07:52:11,483] {processor.py:613} INFO - Processing file /home/airflow/.local/lib/python3.6/site-packages/airflow/example_dags/tutorial_taskflow_api_etl_virtualenv.py for tasks to queue
[2023-12-06 07:52:11,484] {logging_mixin.py:109} INFO - [2023-12-06 07:52:11,484] {dagbag.py:496} INFO - Filling up the DagBag from /home/airflow/.local/lib/python3.6/site-packages/airflow/example_dags/tutorial_taskflow_api_etl_virtualenv.py
[2023-12-06 07:52:11,497] {processor.py:623} INFO - DAG(s) dict_keys(['tutorial_taskflow_api_etl_virtualenv']) retrieved from /home/airflow/.local/lib/python3.6/site-packages/airflow/example_dags/tutorial_taskflow_api_etl_virtualenv.py
[2023-12-06 07:52:11,646] {logging_mixin.py:109} INFO - [2023-12-06 07:52:11,646] {dag.py:1834} INFO - Sync 1 DAGs
[2023-12-06 07:52:11,655] {logging_mixin.py:109} INFO - [2023-12-06 07:52:11,655] {dag.py:2287} INFO - Setting next_dagrun for tutorial_taskflow_api_etl_virtualenv to None
[2023-12-06 07:52:11,674] {processor.py:170} INFO - Processing /home/airflow/.local/lib/python3.6/site-packages/airflow/example_dags/tutorial_taskflow_api_etl_virtualenv.py took 0.194 seconds
[2023-12-06 07:52:41,924] {processor.py:162} INFO - Started process (PID=3036) to work on /home/airflow/.local/lib/python3.6/site-packages/airflow/example_dags/tutorial_taskflow_api_etl_virtualenv.py
[2023-12-06 07:52:41,925] {processor.py:613} INFO - Processing file /home/airflow/.local/lib/python3.6/site-packages/airflow/example_dags/tutorial_taskflow_api_etl_virtualenv.py for tasks to queue
[2023-12-06 07:52:41,926] {logging_mixin.py:109} INFO - [2023-12-06 07:52:41,926] {dagbag.py:496} INFO - Filling up the DagBag from /home/airflow/.local/lib/python3.6/site-packages/airflow/example_dags/tutorial_taskflow_api_etl_virtualenv.py
[2023-12-06 07:52:41,938] {processor.py:623} INFO - DAG(s) dict_keys(['tutorial_taskflow_api_etl_virtualenv']) retrieved from /home/airflow/.local/lib/python3.6/site-packages/airflow/example_dags/tutorial_taskflow_api_etl_virtualenv.py
[2023-12-06 07:52:42,106] {logging_mixin.py:109} INFO - [2023-12-06 07:52:42,106] {dag.py:1834} INFO - Sync 1 DAGs
[2023-12-06 07:52:42,117] {logging_mixin.py:109} INFO - [2023-12-06 07:52:42,117] {dag.py:2287} INFO - Setting next_dagrun for tutorial_taskflow_api_etl_virtualenv to None
[2023-12-06 07:52:42,128] {processor.py:170} INFO - Processing /home/airflow/.local/lib/python3.6/site-packages/airflow/example_dags/tutorial_taskflow_api_etl_virtualenv.py took 0.206 seconds
[2023-12-06 07:53:12,516] {processor.py:162} INFO - Started process (PID=3246) to work on /home/airflow/.local/lib/python3.6/site-packages/airflow/example_dags/tutorial_taskflow_api_etl_virtualenv.py
[2023-12-06 07:53:12,517] {processor.py:613} INFO - Processing file /home/airflow/.local/lib/python3.6/site-packages/airflow/example_dags/tutorial_taskflow_api_etl_virtualenv.py for tasks to queue
[2023-12-06 07:53:12,518] {logging_mixin.py:109} INFO - [2023-12-06 07:53:12,518] {dagbag.py:496} INFO - Filling up the DagBag from /home/airflow/.local/lib/python3.6/site-packages/airflow/example_dags/tutorial_taskflow_api_etl_virtualenv.py
[2023-12-06 07:53:12,529] {processor.py:623} INFO - DAG(s) dict_keys(['tutorial_taskflow_api_etl_virtualenv']) retrieved from /home/airflow/.local/lib/python3.6/site-packages/airflow/example_dags/tutorial_taskflow_api_etl_virtualenv.py
[2023-12-06 07:53:12,545] {logging_mixin.py:109} INFO - [2023-12-06 07:53:12,545] {dag.py:1834} INFO - Sync 1 DAGs
[2023-12-06 07:53:12,557] {logging_mixin.py:109} INFO - [2023-12-06 07:53:12,556] {dag.py:2287} INFO - Setting next_dagrun for tutorial_taskflow_api_etl_virtualenv to None
[2023-12-06 07:53:12,568] {processor.py:170} INFO - Processing /home/airflow/.local/lib/python3.6/site-packages/airflow/example_dags/tutorial_taskflow_api_etl_virtualenv.py took 0.053 seconds
[2023-12-06 07:53:43,161] {processor.py:162} INFO - Started process (PID=3451) to work on /home/airflow/.local/lib/python3.6/site-packages/airflow/example_dags/tutorial_taskflow_api_etl_virtualenv.py
[2023-12-06 07:53:43,162] {processor.py:613} INFO - Processing file /home/airflow/.local/lib/python3.6/site-packages/airflow/example_dags/tutorial_taskflow_api_etl_virtualenv.py for tasks to queue
[2023-12-06 07:53:43,162] {logging_mixin.py:109} INFO - [2023-12-06 07:53:43,162] {dagbag.py:496} INFO - Filling up the DagBag from /home/airflow/.local/lib/python3.6/site-packages/airflow/example_dags/tutorial_taskflow_api_etl_virtualenv.py
[2023-12-06 07:53:43,175] {processor.py:623} INFO - DAG(s) dict_keys(['tutorial_taskflow_api_etl_virtualenv']) retrieved from /home/airflow/.local/lib/python3.6/site-packages/airflow/example_dags/tutorial_taskflow_api_etl_virtualenv.py
[2023-12-06 07:53:43,327] {logging_mixin.py:109} INFO - [2023-12-06 07:53:43,327] {dag.py:1834} INFO - Sync 1 DAGs
[2023-12-06 07:53:43,338] {logging_mixin.py:109} INFO - [2023-12-06 07:53:43,338] {dag.py:2287} INFO - Setting next_dagrun for tutorial_taskflow_api_etl_virtualenv to None
[2023-12-06 07:53:43,349] {processor.py:170} INFO - Processing /home/airflow/.local/lib/python3.6/site-packages/airflow/example_dags/tutorial_taskflow_api_etl_virtualenv.py took 0.190 seconds
[2023-12-06 07:54:13,931] {processor.py:162} INFO - Started process (PID=3653) to work on /home/airflow/.local/lib/python3.6/site-packages/airflow/example_dags/tutorial_taskflow_api_etl_virtualenv.py
[2023-12-06 07:54:13,932] {processor.py:613} INFO - Processing file /home/airflow/.local/lib/python3.6/site-packages/airflow/example_dags/tutorial_taskflow_api_etl_virtualenv.py for tasks to queue
[2023-12-06 07:54:13,932] {logging_mixin.py:109} INFO - [2023-12-06 07:54:13,932] {dagbag.py:496} INFO - Filling up the DagBag from /home/airflow/.local/lib/python3.6/site-packages/airflow/example_dags/tutorial_taskflow_api_etl_virtualenv.py
[2023-12-06 07:54:13,944] {processor.py:623} INFO - DAG(s) dict_keys(['tutorial_taskflow_api_etl_virtualenv']) retrieved from /home/airflow/.local/lib/python3.6/site-packages/airflow/example_dags/tutorial_taskflow_api_etl_virtualenv.py
[2023-12-06 07:54:14,099] {logging_mixin.py:109} INFO - [2023-12-06 07:54:14,099] {dag.py:1834} INFO - Sync 1 DAGs
[2023-12-06 07:54:14,109] {logging_mixin.py:109} INFO - [2023-12-06 07:54:14,109] {dag.py:2287} INFO - Setting next_dagrun for tutorial_taskflow_api_etl_virtualenv to None
[2023-12-06 07:54:14,121] {processor.py:170} INFO - Processing /home/airflow/.local/lib/python3.6/site-packages/airflow/example_dags/tutorial_taskflow_api_etl_virtualenv.py took 0.192 seconds
[2023-12-06 07:54:44,699] {processor.py:162} INFO - Started process (PID=3868) to work on /home/airflow/.local/lib/python3.6/site-packages/airflow/example_dags/tutorial_taskflow_api_etl_virtualenv.py
[2023-12-06 07:54:44,700] {processor.py:613} INFO - Processing file /home/airflow/.local/lib/python3.6/site-packages/airflow/example_dags/tutorial_taskflow_api_etl_virtualenv.py for tasks to queue
[2023-12-06 07:54:44,701] {logging_mixin.py:109} INFO - [2023-12-06 07:54:44,701] {dagbag.py:496} INFO - Filling up the DagBag from /home/airflow/.local/lib/python3.6/site-packages/airflow/example_dags/tutorial_taskflow_api_etl_virtualenv.py
[2023-12-06 07:54:44,713] {processor.py:623} INFO - DAG(s) dict_keys(['tutorial_taskflow_api_etl_virtualenv']) retrieved from /home/airflow/.local/lib/python3.6/site-packages/airflow/example_dags/tutorial_taskflow_api_etl_virtualenv.py
[2023-12-06 07:54:44,857] {logging_mixin.py:109} INFO - [2023-12-06 07:54:44,857] {dag.py:1834} INFO - Sync 1 DAGs
[2023-12-06 07:54:44,867] {logging_mixin.py:109} INFO - [2023-12-06 07:54:44,867] {dag.py:2287} INFO - Setting next_dagrun for tutorial_taskflow_api_etl_virtualenv to None
[2023-12-06 07:54:44,879] {processor.py:170} INFO - Processing /home/airflow/.local/lib/python3.6/site-packages/airflow/example_dags/tutorial_taskflow_api_etl_virtualenv.py took 0.182 seconds
[2023-12-06 07:55:15,253] {processor.py:162} INFO - Started process (PID=4061) to work on /home/airflow/.local/lib/python3.6/site-packages/airflow/example_dags/tutorial_taskflow_api_etl_virtualenv.py
[2023-12-06 07:55:15,254] {processor.py:613} INFO - Processing file /home/airflow/.local/lib/python3.6/site-packages/airflow/example_dags/tutorial_taskflow_api_etl_virtualenv.py for tasks to queue
[2023-12-06 07:55:15,254] {logging_mixin.py:109} INFO - [2023-12-06 07:55:15,254] {dagbag.py:496} INFO - Filling up the DagBag from /home/airflow/.local/lib/python3.6/site-packages/airflow/example_dags/tutorial_taskflow_api_etl_virtualenv.py
[2023-12-06 07:55:15,267] {processor.py:623} INFO - DAG(s) dict_keys(['tutorial_taskflow_api_etl_virtualenv']) retrieved from /home/airflow/.local/lib/python3.6/site-packages/airflow/example_dags/tutorial_taskflow_api_etl_virtualenv.py
[2023-12-06 07:55:15,433] {logging_mixin.py:109} INFO - [2023-12-06 07:55:15,433] {dag.py:1834} INFO - Sync 1 DAGs
[2023-12-06 07:55:15,445] {logging_mixin.py:109} INFO - [2023-12-06 07:55:15,445] {dag.py:2287} INFO - Setting next_dagrun for tutorial_taskflow_api_etl_virtualenv to None
[2023-12-06 07:55:15,460] {processor.py:170} INFO - Processing /home/airflow/.local/lib/python3.6/site-packages/airflow/example_dags/tutorial_taskflow_api_etl_virtualenv.py took 0.209 seconds
[2023-12-06 07:55:45,934] {processor.py:162} INFO - Started process (PID=4256) to work on /home/airflow/.local/lib/python3.6/site-packages/airflow/example_dags/tutorial_taskflow_api_etl_virtualenv.py
[2023-12-06 07:55:45,936] {processor.py:613} INFO - Processing file /home/airflow/.local/lib/python3.6/site-packages/airflow/example_dags/tutorial_taskflow_api_etl_virtualenv.py for tasks to queue
[2023-12-06 07:55:45,936] {logging_mixin.py:109} INFO - [2023-12-06 07:55:45,936] {dagbag.py:496} INFO - Filling up the DagBag from /home/airflow/.local/lib/python3.6/site-packages/airflow/example_dags/tutorial_taskflow_api_etl_virtualenv.py
[2023-12-06 07:55:45,949] {processor.py:623} INFO - DAG(s) dict_keys(['tutorial_taskflow_api_etl_virtualenv']) retrieved from /home/airflow/.local/lib/python3.6/site-packages/airflow/example_dags/tutorial_taskflow_api_etl_virtualenv.py
[2023-12-06 07:55:46,100] {logging_mixin.py:109} INFO - [2023-12-06 07:55:46,100] {dag.py:1834} INFO - Sync 1 DAGs
[2023-12-06 07:55:46,111] {logging_mixin.py:109} INFO - [2023-12-06 07:55:46,111] {dag.py:2287} INFO - Setting next_dagrun for tutorial_taskflow_api_etl_virtualenv to None
[2023-12-06 07:55:46,123] {processor.py:170} INFO - Processing /home/airflow/.local/lib/python3.6/site-packages/airflow/example_dags/tutorial_taskflow_api_etl_virtualenv.py took 0.191 seconds
[2023-12-06 07:56:16,658] {processor.py:162} INFO - Started process (PID=4466) to work on /home/airflow/.local/lib/python3.6/site-packages/airflow/example_dags/tutorial_taskflow_api_etl_virtualenv.py
[2023-12-06 07:56:16,659] {processor.py:613} INFO - Processing file /home/airflow/.local/lib/python3.6/site-packages/airflow/example_dags/tutorial_taskflow_api_etl_virtualenv.py for tasks to queue
[2023-12-06 07:56:16,659] {logging_mixin.py:109} INFO - [2023-12-06 07:56:16,659] {dagbag.py:496} INFO - Filling up the DagBag from /home/airflow/.local/lib/python3.6/site-packages/airflow/example_dags/tutorial_taskflow_api_etl_virtualenv.py
[2023-12-06 07:56:16,672] {processor.py:623} INFO - DAG(s) dict_keys(['tutorial_taskflow_api_etl_virtualenv']) retrieved from /home/airflow/.local/lib/python3.6/site-packages/airflow/example_dags/tutorial_taskflow_api_etl_virtualenv.py
[2023-12-06 07:56:16,835] {logging_mixin.py:109} INFO - [2023-12-06 07:56:16,835] {dag.py:1834} INFO - Sync 1 DAGs
[2023-12-06 07:56:16,846] {logging_mixin.py:109} INFO - [2023-12-06 07:56:16,846] {dag.py:2287} INFO - Setting next_dagrun for tutorial_taskflow_api_etl_virtualenv to None
[2023-12-06 07:56:16,858] {processor.py:170} INFO - Processing /home/airflow/.local/lib/python3.6/site-packages/airflow/example_dags/tutorial_taskflow_api_etl_virtualenv.py took 0.203 seconds
[2023-12-06 07:56:47,308] {processor.py:162} INFO - Started process (PID=4661) to work on /home/airflow/.local/lib/python3.6/site-packages/airflow/example_dags/tutorial_taskflow_api_etl_virtualenv.py
[2023-12-06 07:56:47,310] {processor.py:613} INFO - Processing file /home/airflow/.local/lib/python3.6/site-packages/airflow/example_dags/tutorial_taskflow_api_etl_virtualenv.py for tasks to queue
[2023-12-06 07:56:47,311] {logging_mixin.py:109} INFO - [2023-12-06 07:56:47,311] {dagbag.py:496} INFO - Filling up the DagBag from /home/airflow/.local/lib/python3.6/site-packages/airflow/example_dags/tutorial_taskflow_api_etl_virtualenv.py
[2023-12-06 07:56:47,323] {processor.py:623} INFO - DAG(s) dict_keys(['tutorial_taskflow_api_etl_virtualenv']) retrieved from /home/airflow/.local/lib/python3.6/site-packages/airflow/example_dags/tutorial_taskflow_api_etl_virtualenv.py
[2023-12-06 07:56:47,472] {logging_mixin.py:109} INFO - [2023-12-06 07:56:47,472] {dag.py:1834} INFO - Sync 1 DAGs
[2023-12-06 07:56:47,483] {logging_mixin.py:109} INFO - [2023-12-06 07:56:47,483] {dag.py:2287} INFO - Setting next_dagrun for tutorial_taskflow_api_etl_virtualenv to None
[2023-12-06 07:56:47,495] {processor.py:170} INFO - Processing /home/airflow/.local/lib/python3.6/site-packages/airflow/example_dags/tutorial_taskflow_api_etl_virtualenv.py took 0.189 seconds
[2023-12-06 07:57:17,787] {processor.py:162} INFO - Started process (PID=4851) to work on /home/airflow/.local/lib/python3.6/site-packages/airflow/example_dags/tutorial_taskflow_api_etl_virtualenv.py
[2023-12-06 07:57:17,787] {processor.py:613} INFO - Processing file /home/airflow/.local/lib/python3.6/site-packages/airflow/example_dags/tutorial_taskflow_api_etl_virtualenv.py for tasks to queue
[2023-12-06 07:57:17,788] {logging_mixin.py:109} INFO - [2023-12-06 07:57:17,788] {dagbag.py:496} INFO - Filling up the DagBag from /home/airflow/.local/lib/python3.6/site-packages/airflow/example_dags/tutorial_taskflow_api_etl_virtualenv.py
[2023-12-06 07:57:17,801] {processor.py:623} INFO - DAG(s) dict_keys(['tutorial_taskflow_api_etl_virtualenv']) retrieved from /home/airflow/.local/lib/python3.6/site-packages/airflow/example_dags/tutorial_taskflow_api_etl_virtualenv.py
[2023-12-06 07:57:17,949] {logging_mixin.py:109} INFO - [2023-12-06 07:57:17,949] {dag.py:1834} INFO - Sync 1 DAGs
[2023-12-06 07:57:17,960] {logging_mixin.py:109} INFO - [2023-12-06 07:57:17,960] {dag.py:2287} INFO - Setting next_dagrun for tutorial_taskflow_api_etl_virtualenv to None
[2023-12-06 07:57:17,972] {processor.py:170} INFO - Processing /home/airflow/.local/lib/python3.6/site-packages/airflow/example_dags/tutorial_taskflow_api_etl_virtualenv.py took 0.188 seconds
[2023-12-06 07:57:48,426] {processor.py:162} INFO - Started process (PID=5061) to work on /home/airflow/.local/lib/python3.6/site-packages/airflow/example_dags/tutorial_taskflow_api_etl_virtualenv.py
[2023-12-06 07:57:48,427] {processor.py:613} INFO - Processing file /home/airflow/.local/lib/python3.6/site-packages/airflow/example_dags/tutorial_taskflow_api_etl_virtualenv.py for tasks to queue
[2023-12-06 07:57:48,428] {logging_mixin.py:109} INFO - [2023-12-06 07:57:48,428] {dagbag.py:496} INFO - Filling up the DagBag from /home/airflow/.local/lib/python3.6/site-packages/airflow/example_dags/tutorial_taskflow_api_etl_virtualenv.py
[2023-12-06 07:57:48,440] {processor.py:623} INFO - DAG(s) dict_keys(['tutorial_taskflow_api_etl_virtualenv']) retrieved from /home/airflow/.local/lib/python3.6/site-packages/airflow/example_dags/tutorial_taskflow_api_etl_virtualenv.py
[2023-12-06 07:57:48,590] {logging_mixin.py:109} INFO - [2023-12-06 07:57:48,590] {dag.py:1834} INFO - Sync 1 DAGs
[2023-12-06 07:57:48,601] {logging_mixin.py:109} INFO - [2023-12-06 07:57:48,601] {dag.py:2287} INFO - Setting next_dagrun for tutorial_taskflow_api_etl_virtualenv to None
[2023-12-06 07:57:48,615] {processor.py:170} INFO - Processing /home/airflow/.local/lib/python3.6/site-packages/airflow/example_dags/tutorial_taskflow_api_etl_virtualenv.py took 0.191 seconds
[2023-12-06 07:58:19,146] {processor.py:162} INFO - Started process (PID=5257) to work on /home/airflow/.local/lib/python3.6/site-packages/airflow/example_dags/tutorial_taskflow_api_etl_virtualenv.py
[2023-12-06 07:58:19,147] {processor.py:613} INFO - Processing file /home/airflow/.local/lib/python3.6/site-packages/airflow/example_dags/tutorial_taskflow_api_etl_virtualenv.py for tasks to queue
[2023-12-06 07:58:19,148] {logging_mixin.py:109} INFO - [2023-12-06 07:58:19,148] {dagbag.py:496} INFO - Filling up the DagBag from /home/airflow/.local/lib/python3.6/site-packages/airflow/example_dags/tutorial_taskflow_api_etl_virtualenv.py
[2023-12-06 07:58:19,160] {processor.py:623} INFO - DAG(s) dict_keys(['tutorial_taskflow_api_etl_virtualenv']) retrieved from /home/airflow/.local/lib/python3.6/site-packages/airflow/example_dags/tutorial_taskflow_api_etl_virtualenv.py
[2023-12-06 07:58:19,307] {logging_mixin.py:109} INFO - [2023-12-06 07:58:19,307] {dag.py:1834} INFO - Sync 1 DAGs
[2023-12-06 07:58:19,317] {logging_mixin.py:109} INFO - [2023-12-06 07:58:19,317] {dag.py:2287} INFO - Setting next_dagrun for tutorial_taskflow_api_etl_virtualenv to None
[2023-12-06 07:58:19,328] {processor.py:170} INFO - Processing /home/airflow/.local/lib/python3.6/site-packages/airflow/example_dags/tutorial_taskflow_api_etl_virtualenv.py took 0.184 seconds
[2023-12-06 07:58:49,928] {processor.py:162} INFO - Started process (PID=5472) to work on /home/airflow/.local/lib/python3.6/site-packages/airflow/example_dags/tutorial_taskflow_api_etl_virtualenv.py
[2023-12-06 07:58:49,929] {processor.py:613} INFO - Processing file /home/airflow/.local/lib/python3.6/site-packages/airflow/example_dags/tutorial_taskflow_api_etl_virtualenv.py for tasks to queue
[2023-12-06 07:58:49,930] {logging_mixin.py:109} INFO - [2023-12-06 07:58:49,929] {dagbag.py:496} INFO - Filling up the DagBag from /home/airflow/.local/lib/python3.6/site-packages/airflow/example_dags/tutorial_taskflow_api_etl_virtualenv.py
[2023-12-06 07:58:49,942] {processor.py:623} INFO - DAG(s) dict_keys(['tutorial_taskflow_api_etl_virtualenv']) retrieved from /home/airflow/.local/lib/python3.6/site-packages/airflow/example_dags/tutorial_taskflow_api_etl_virtualenv.py
[2023-12-06 07:58:50,092] {logging_mixin.py:109} INFO - [2023-12-06 07:58:50,092] {dag.py:1834} INFO - Sync 1 DAGs
[2023-12-06 07:58:50,102] {logging_mixin.py:109} INFO - [2023-12-06 07:58:50,102] {dag.py:2287} INFO - Setting next_dagrun for tutorial_taskflow_api_etl_virtualenv to None
[2023-12-06 07:58:50,113] {processor.py:170} INFO - Processing /home/airflow/.local/lib/python3.6/site-packages/airflow/example_dags/tutorial_taskflow_api_etl_virtualenv.py took 0.187 seconds
[2023-12-06 07:59:20,593] {processor.py:162} INFO - Started process (PID=5677) to work on /home/airflow/.local/lib/python3.6/site-packages/airflow/example_dags/tutorial_taskflow_api_etl_virtualenv.py
[2023-12-06 07:59:20,593] {processor.py:613} INFO - Processing file /home/airflow/.local/lib/python3.6/site-packages/airflow/example_dags/tutorial_taskflow_api_etl_virtualenv.py for tasks to queue
[2023-12-06 07:59:20,594] {logging_mixin.py:109} INFO - [2023-12-06 07:59:20,594] {dagbag.py:496} INFO - Filling up the DagBag from /home/airflow/.local/lib/python3.6/site-packages/airflow/example_dags/tutorial_taskflow_api_etl_virtualenv.py
[2023-12-06 07:59:20,608] {processor.py:623} INFO - DAG(s) dict_keys(['tutorial_taskflow_api_etl_virtualenv']) retrieved from /home/airflow/.local/lib/python3.6/site-packages/airflow/example_dags/tutorial_taskflow_api_etl_virtualenv.py
[2023-12-06 07:59:20,765] {logging_mixin.py:109} INFO - [2023-12-06 07:59:20,765] {dag.py:1834} INFO - Sync 1 DAGs
[2023-12-06 07:59:20,776] {logging_mixin.py:109} INFO - [2023-12-06 07:59:20,776] {dag.py:2287} INFO - Setting next_dagrun for tutorial_taskflow_api_etl_virtualenv to None
[2023-12-06 07:59:20,787] {processor.py:170} INFO - Processing /home/airflow/.local/lib/python3.6/site-packages/airflow/example_dags/tutorial_taskflow_api_etl_virtualenv.py took 0.196 seconds
[2023-12-06 07:59:51,229] {processor.py:162} INFO - Started process (PID=5867) to work on /home/airflow/.local/lib/python3.6/site-packages/airflow/example_dags/tutorial_taskflow_api_etl_virtualenv.py
[2023-12-06 07:59:51,230] {processor.py:613} INFO - Processing file /home/airflow/.local/lib/python3.6/site-packages/airflow/example_dags/tutorial_taskflow_api_etl_virtualenv.py for tasks to queue
[2023-12-06 07:59:51,230] {logging_mixin.py:109} INFO - [2023-12-06 07:59:51,230] {dagbag.py:496} INFO - Filling up the DagBag from /home/airflow/.local/lib/python3.6/site-packages/airflow/example_dags/tutorial_taskflow_api_etl_virtualenv.py
[2023-12-06 07:59:51,242] {processor.py:623} INFO - DAG(s) dict_keys(['tutorial_taskflow_api_etl_virtualenv']) retrieved from /home/airflow/.local/lib/python3.6/site-packages/airflow/example_dags/tutorial_taskflow_api_etl_virtualenv.py
[2023-12-06 07:59:51,391] {logging_mixin.py:109} INFO - [2023-12-06 07:59:51,391] {dag.py:1834} INFO - Sync 1 DAGs
[2023-12-06 07:59:51,401] {logging_mixin.py:109} INFO - [2023-12-06 07:59:51,401] {dag.py:2287} INFO - Setting next_dagrun for tutorial_taskflow_api_etl_virtualenv to None
[2023-12-06 07:59:51,412] {processor.py:170} INFO - Processing /home/airflow/.local/lib/python3.6/site-packages/airflow/example_dags/tutorial_taskflow_api_etl_virtualenv.py took 0.185 seconds
[2023-12-06 08:00:22,112] {processor.py:162} INFO - Started process (PID=6169) to work on /home/airflow/.local/lib/python3.6/site-packages/airflow/example_dags/tutorial_taskflow_api_etl_virtualenv.py
[2023-12-06 08:00:22,114] {processor.py:613} INFO - Processing file /home/airflow/.local/lib/python3.6/site-packages/airflow/example_dags/tutorial_taskflow_api_etl_virtualenv.py for tasks to queue
[2023-12-06 08:00:22,114] {logging_mixin.py:109} INFO - [2023-12-06 08:00:22,114] {dagbag.py:496} INFO - Filling up the DagBag from /home/airflow/.local/lib/python3.6/site-packages/airflow/example_dags/tutorial_taskflow_api_etl_virtualenv.py
[2023-12-06 08:00:22,126] {processor.py:623} INFO - DAG(s) dict_keys(['tutorial_taskflow_api_etl_virtualenv']) retrieved from /home/airflow/.local/lib/python3.6/site-packages/airflow/example_dags/tutorial_taskflow_api_etl_virtualenv.py
[2023-12-06 08:00:22,275] {logging_mixin.py:109} INFO - [2023-12-06 08:00:22,275] {dag.py:1834} INFO - Sync 1 DAGs
[2023-12-06 08:00:22,286] {logging_mixin.py:109} INFO - [2023-12-06 08:00:22,286] {dag.py:2287} INFO - Setting next_dagrun for tutorial_taskflow_api_etl_virtualenv to None
[2023-12-06 08:00:22,298] {processor.py:170} INFO - Processing /home/airflow/.local/lib/python3.6/site-packages/airflow/example_dags/tutorial_taskflow_api_etl_virtualenv.py took 0.188 seconds
[2023-12-06 08:00:52,889] {processor.py:162} INFO - Started process (PID=6373) to work on /home/airflow/.local/lib/python3.6/site-packages/airflow/example_dags/tutorial_taskflow_api_etl_virtualenv.py
[2023-12-06 08:00:52,889] {processor.py:613} INFO - Processing file /home/airflow/.local/lib/python3.6/site-packages/airflow/example_dags/tutorial_taskflow_api_etl_virtualenv.py for tasks to queue
[2023-12-06 08:00:52,890] {logging_mixin.py:109} INFO - [2023-12-06 08:00:52,890] {dagbag.py:496} INFO - Filling up the DagBag from /home/airflow/.local/lib/python3.6/site-packages/airflow/example_dags/tutorial_taskflow_api_etl_virtualenv.py
[2023-12-06 08:00:52,903] {processor.py:623} INFO - DAG(s) dict_keys(['tutorial_taskflow_api_etl_virtualenv']) retrieved from /home/airflow/.local/lib/python3.6/site-packages/airflow/example_dags/tutorial_taskflow_api_etl_virtualenv.py
[2023-12-06 08:00:53,062] {logging_mixin.py:109} INFO - [2023-12-06 08:00:53,062] {dag.py:1834} INFO - Sync 1 DAGs
[2023-12-06 08:00:53,077] {logging_mixin.py:109} INFO - [2023-12-06 08:00:53,077] {dag.py:2287} INFO - Setting next_dagrun for tutorial_taskflow_api_etl_virtualenv to None
[2023-12-06 08:00:53,090] {processor.py:170} INFO - Processing /home/airflow/.local/lib/python3.6/site-packages/airflow/example_dags/tutorial_taskflow_api_etl_virtualenv.py took 0.203 seconds
[2023-12-06 08:01:23,663] {processor.py:162} INFO - Started process (PID=6567) to work on /home/airflow/.local/lib/python3.6/site-packages/airflow/example_dags/tutorial_taskflow_api_etl_virtualenv.py
[2023-12-06 08:01:23,665] {processor.py:613} INFO - Processing file /home/airflow/.local/lib/python3.6/site-packages/airflow/example_dags/tutorial_taskflow_api_etl_virtualenv.py for tasks to queue
[2023-12-06 08:01:23,665] {logging_mixin.py:109} INFO - [2023-12-06 08:01:23,665] {dagbag.py:496} INFO - Filling up the DagBag from /home/airflow/.local/lib/python3.6/site-packages/airflow/example_dags/tutorial_taskflow_api_etl_virtualenv.py
[2023-12-06 08:01:23,677] {processor.py:623} INFO - DAG(s) dict_keys(['tutorial_taskflow_api_etl_virtualenv']) retrieved from /home/airflow/.local/lib/python3.6/site-packages/airflow/example_dags/tutorial_taskflow_api_etl_virtualenv.py
[2023-12-06 08:01:23,828] {logging_mixin.py:109} INFO - [2023-12-06 08:01:23,828] {dag.py:1834} INFO - Sync 1 DAGs
[2023-12-06 08:01:23,840] {logging_mixin.py:109} INFO - [2023-12-06 08:01:23,839] {dag.py:2287} INFO - Setting next_dagrun for tutorial_taskflow_api_etl_virtualenv to None
[2023-12-06 08:01:23,851] {processor.py:170} INFO - Processing /home/airflow/.local/lib/python3.6/site-packages/airflow/example_dags/tutorial_taskflow_api_etl_virtualenv.py took 0.190 seconds
[2023-12-06 08:01:54,242] {processor.py:162} INFO - Started process (PID=6762) to work on /home/airflow/.local/lib/python3.6/site-packages/airflow/example_dags/tutorial_taskflow_api_etl_virtualenv.py
[2023-12-06 08:01:54,242] {processor.py:613} INFO - Processing file /home/airflow/.local/lib/python3.6/site-packages/airflow/example_dags/tutorial_taskflow_api_etl_virtualenv.py for tasks to queue
[2023-12-06 08:01:54,243] {logging_mixin.py:109} INFO - [2023-12-06 08:01:54,243] {dagbag.py:496} INFO - Filling up the DagBag from /home/airflow/.local/lib/python3.6/site-packages/airflow/example_dags/tutorial_taskflow_api_etl_virtualenv.py
[2023-12-06 08:01:54,254] {processor.py:623} INFO - DAG(s) dict_keys(['tutorial_taskflow_api_etl_virtualenv']) retrieved from /home/airflow/.local/lib/python3.6/site-packages/airflow/example_dags/tutorial_taskflow_api_etl_virtualenv.py
[2023-12-06 08:01:54,406] {logging_mixin.py:109} INFO - [2023-12-06 08:01:54,405] {dag.py:1834} INFO - Sync 1 DAGs
[2023-12-06 08:01:54,415] {logging_mixin.py:109} INFO - [2023-12-06 08:01:54,415] {dag.py:2287} INFO - Setting next_dagrun for tutorial_taskflow_api_etl_virtualenv to None
[2023-12-06 08:01:54,427] {processor.py:170} INFO - Processing /home/airflow/.local/lib/python3.6/site-packages/airflow/example_dags/tutorial_taskflow_api_etl_virtualenv.py took 0.187 seconds
[2023-12-06 08:02:24,759] {processor.py:162} INFO - Started process (PID=6953) to work on /home/airflow/.local/lib/python3.6/site-packages/airflow/example_dags/tutorial_taskflow_api_etl_virtualenv.py
[2023-12-06 08:02:24,761] {processor.py:613} INFO - Processing file /home/airflow/.local/lib/python3.6/site-packages/airflow/example_dags/tutorial_taskflow_api_etl_virtualenv.py for tasks to queue
[2023-12-06 08:02:24,762] {logging_mixin.py:109} INFO - [2023-12-06 08:02:24,761] {dagbag.py:496} INFO - Filling up the DagBag from /home/airflow/.local/lib/python3.6/site-packages/airflow/example_dags/tutorial_taskflow_api_etl_virtualenv.py
[2023-12-06 08:02:24,773] {processor.py:623} INFO - DAG(s) dict_keys(['tutorial_taskflow_api_etl_virtualenv']) retrieved from /home/airflow/.local/lib/python3.6/site-packages/airflow/example_dags/tutorial_taskflow_api_etl_virtualenv.py
[2023-12-06 08:02:24,925] {logging_mixin.py:109} INFO - [2023-12-06 08:02:24,925] {dag.py:1834} INFO - Sync 1 DAGs
[2023-12-06 08:02:24,936] {logging_mixin.py:109} INFO - [2023-12-06 08:02:24,936] {dag.py:2287} INFO - Setting next_dagrun for tutorial_taskflow_api_etl_virtualenv to None
[2023-12-06 08:02:24,950] {processor.py:170} INFO - Processing /home/airflow/.local/lib/python3.6/site-packages/airflow/example_dags/tutorial_taskflow_api_etl_virtualenv.py took 0.193 seconds
[2023-12-06 08:02:55,476] {processor.py:162} INFO - Started process (PID=7153) to work on /home/airflow/.local/lib/python3.6/site-packages/airflow/example_dags/tutorial_taskflow_api_etl_virtualenv.py
[2023-12-06 08:02:55,477] {processor.py:613} INFO - Processing file /home/airflow/.local/lib/python3.6/site-packages/airflow/example_dags/tutorial_taskflow_api_etl_virtualenv.py for tasks to queue
[2023-12-06 08:02:55,478] {logging_mixin.py:109} INFO - [2023-12-06 08:02:55,478] {dagbag.py:496} INFO - Filling up the DagBag from /home/airflow/.local/lib/python3.6/site-packages/airflow/example_dags/tutorial_taskflow_api_etl_virtualenv.py
[2023-12-06 08:02:55,489] {processor.py:623} INFO - DAG(s) dict_keys(['tutorial_taskflow_api_etl_virtualenv']) retrieved from /home/airflow/.local/lib/python3.6/site-packages/airflow/example_dags/tutorial_taskflow_api_etl_virtualenv.py
[2023-12-06 08:02:55,636] {logging_mixin.py:109} INFO - [2023-12-06 08:02:55,636] {dag.py:1834} INFO - Sync 1 DAGs
[2023-12-06 08:02:55,645] {logging_mixin.py:109} INFO - [2023-12-06 08:02:55,645] {dag.py:2287} INFO - Setting next_dagrun for tutorial_taskflow_api_etl_virtualenv to None
[2023-12-06 08:02:55,657] {processor.py:170} INFO - Processing /home/airflow/.local/lib/python3.6/site-packages/airflow/example_dags/tutorial_taskflow_api_etl_virtualenv.py took 0.183 seconds
[2023-12-06 08:03:26,202] {processor.py:162} INFO - Started process (PID=7360) to work on /home/airflow/.local/lib/python3.6/site-packages/airflow/example_dags/tutorial_taskflow_api_etl_virtualenv.py
[2023-12-06 08:03:26,203] {processor.py:613} INFO - Processing file /home/airflow/.local/lib/python3.6/site-packages/airflow/example_dags/tutorial_taskflow_api_etl_virtualenv.py for tasks to queue
[2023-12-06 08:03:26,204] {logging_mixin.py:109} INFO - [2023-12-06 08:03:26,204] {dagbag.py:496} INFO - Filling up the DagBag from /home/airflow/.local/lib/python3.6/site-packages/airflow/example_dags/tutorial_taskflow_api_etl_virtualenv.py
[2023-12-06 08:03:26,217] {processor.py:623} INFO - DAG(s) dict_keys(['tutorial_taskflow_api_etl_virtualenv']) retrieved from /home/airflow/.local/lib/python3.6/site-packages/airflow/example_dags/tutorial_taskflow_api_etl_virtualenv.py
[2023-12-06 08:03:26,369] {logging_mixin.py:109} INFO - [2023-12-06 08:03:26,369] {dag.py:1834} INFO - Sync 1 DAGs
[2023-12-06 08:03:26,379] {logging_mixin.py:109} INFO - [2023-12-06 08:03:26,378] {dag.py:2287} INFO - Setting next_dagrun for tutorial_taskflow_api_etl_virtualenv to None
[2023-12-06 08:03:26,390] {processor.py:170} INFO - Processing /home/airflow/.local/lib/python3.6/site-packages/airflow/example_dags/tutorial_taskflow_api_etl_virtualenv.py took 0.190 seconds
[2023-12-06 08:03:56,990] {processor.py:162} INFO - Started process (PID=7564) to work on /home/airflow/.local/lib/python3.6/site-packages/airflow/example_dags/tutorial_taskflow_api_etl_virtualenv.py
[2023-12-06 08:03:56,991] {processor.py:613} INFO - Processing file /home/airflow/.local/lib/python3.6/site-packages/airflow/example_dags/tutorial_taskflow_api_etl_virtualenv.py for tasks to queue
[2023-12-06 08:03:56,991] {logging_mixin.py:109} INFO - [2023-12-06 08:03:56,991] {dagbag.py:496} INFO - Filling up the DagBag from /home/airflow/.local/lib/python3.6/site-packages/airflow/example_dags/tutorial_taskflow_api_etl_virtualenv.py
[2023-12-06 08:03:57,003] {processor.py:623} INFO - DAG(s) dict_keys(['tutorial_taskflow_api_etl_virtualenv']) retrieved from /home/airflow/.local/lib/python3.6/site-packages/airflow/example_dags/tutorial_taskflow_api_etl_virtualenv.py
[2023-12-06 08:03:57,152] {logging_mixin.py:109} INFO - [2023-12-06 08:03:57,152] {dag.py:1834} INFO - Sync 1 DAGs
[2023-12-06 08:03:57,161] {logging_mixin.py:109} INFO - [2023-12-06 08:03:57,161] {dag.py:2287} INFO - Setting next_dagrun for tutorial_taskflow_api_etl_virtualenv to None
[2023-12-06 08:03:57,172] {processor.py:170} INFO - Processing /home/airflow/.local/lib/python3.6/site-packages/airflow/example_dags/tutorial_taskflow_api_etl_virtualenv.py took 0.185 seconds
[2023-12-06 08:04:27,396] {processor.py:162} INFO - Started process (PID=7759) to work on /home/airflow/.local/lib/python3.6/site-packages/airflow/example_dags/tutorial_taskflow_api_etl_virtualenv.py
[2023-12-06 08:04:27,397] {processor.py:613} INFO - Processing file /home/airflow/.local/lib/python3.6/site-packages/airflow/example_dags/tutorial_taskflow_api_etl_virtualenv.py for tasks to queue
[2023-12-06 08:04:27,398] {logging_mixin.py:109} INFO - [2023-12-06 08:04:27,398] {dagbag.py:496} INFO - Filling up the DagBag from /home/airflow/.local/lib/python3.6/site-packages/airflow/example_dags/tutorial_taskflow_api_etl_virtualenv.py
[2023-12-06 08:04:27,409] {processor.py:623} INFO - DAG(s) dict_keys(['tutorial_taskflow_api_etl_virtualenv']) retrieved from /home/airflow/.local/lib/python3.6/site-packages/airflow/example_dags/tutorial_taskflow_api_etl_virtualenv.py
[2023-12-06 08:04:27,427] {logging_mixin.py:109} INFO - [2023-12-06 08:04:27,426] {dag.py:1834} INFO - Sync 1 DAGs
[2023-12-06 08:04:27,439] {logging_mixin.py:109} INFO - [2023-12-06 08:04:27,438] {dag.py:2287} INFO - Setting next_dagrun for tutorial_taskflow_api_etl_virtualenv to None
[2023-12-06 08:04:27,449] {processor.py:170} INFO - Processing /home/airflow/.local/lib/python3.6/site-packages/airflow/example_dags/tutorial_taskflow_api_etl_virtualenv.py took 0.056 seconds
[2023-12-06 08:04:57,754] {processor.py:162} INFO - Started process (PID=7960) to work on /home/airflow/.local/lib/python3.6/site-packages/airflow/example_dags/tutorial_taskflow_api_etl_virtualenv.py
[2023-12-06 08:04:57,756] {processor.py:613} INFO - Processing file /home/airflow/.local/lib/python3.6/site-packages/airflow/example_dags/tutorial_taskflow_api_etl_virtualenv.py for tasks to queue
[2023-12-06 08:04:57,756] {logging_mixin.py:109} INFO - [2023-12-06 08:04:57,756] {dagbag.py:496} INFO - Filling up the DagBag from /home/airflow/.local/lib/python3.6/site-packages/airflow/example_dags/tutorial_taskflow_api_etl_virtualenv.py
[2023-12-06 08:04:57,768] {processor.py:623} INFO - DAG(s) dict_keys(['tutorial_taskflow_api_etl_virtualenv']) retrieved from /home/airflow/.local/lib/python3.6/site-packages/airflow/example_dags/tutorial_taskflow_api_etl_virtualenv.py
[2023-12-06 08:04:57,917] {logging_mixin.py:109} INFO - [2023-12-06 08:04:57,917] {dag.py:1834} INFO - Sync 1 DAGs
[2023-12-06 08:04:57,928] {logging_mixin.py:109} INFO - [2023-12-06 08:04:57,928] {dag.py:2287} INFO - Setting next_dagrun for tutorial_taskflow_api_etl_virtualenv to None
[2023-12-06 08:04:57,941] {processor.py:170} INFO - Processing /home/airflow/.local/lib/python3.6/site-packages/airflow/example_dags/tutorial_taskflow_api_etl_virtualenv.py took 0.188 seconds
[2023-12-06 08:05:28,498] {processor.py:162} INFO - Started process (PID=8159) to work on /home/airflow/.local/lib/python3.6/site-packages/airflow/example_dags/tutorial_taskflow_api_etl_virtualenv.py
[2023-12-06 08:05:28,499] {processor.py:613} INFO - Processing file /home/airflow/.local/lib/python3.6/site-packages/airflow/example_dags/tutorial_taskflow_api_etl_virtualenv.py for tasks to queue
[2023-12-06 08:05:28,499] {logging_mixin.py:109} INFO - [2023-12-06 08:05:28,499] {dagbag.py:496} INFO - Filling up the DagBag from /home/airflow/.local/lib/python3.6/site-packages/airflow/example_dags/tutorial_taskflow_api_etl_virtualenv.py
[2023-12-06 08:05:28,513] {processor.py:623} INFO - DAG(s) dict_keys(['tutorial_taskflow_api_etl_virtualenv']) retrieved from /home/airflow/.local/lib/python3.6/site-packages/airflow/example_dags/tutorial_taskflow_api_etl_virtualenv.py
[2023-12-06 08:05:28,530] {logging_mixin.py:109} INFO - [2023-12-06 08:05:28,530] {dag.py:1834} INFO - Sync 1 DAGs
[2023-12-06 08:05:28,541] {logging_mixin.py:109} INFO - [2023-12-06 08:05:28,541] {dag.py:2287} INFO - Setting next_dagrun for tutorial_taskflow_api_etl_virtualenv to None
[2023-12-06 08:05:28,552] {processor.py:170} INFO - Processing /home/airflow/.local/lib/python3.6/site-packages/airflow/example_dags/tutorial_taskflow_api_etl_virtualenv.py took 0.056 seconds
[2023-12-06 08:05:59,111] {processor.py:162} INFO - Started process (PID=8363) to work on /home/airflow/.local/lib/python3.6/site-packages/airflow/example_dags/tutorial_taskflow_api_etl_virtualenv.py
[2023-12-06 08:05:59,112] {processor.py:613} INFO - Processing file /home/airflow/.local/lib/python3.6/site-packages/airflow/example_dags/tutorial_taskflow_api_etl_virtualenv.py for tasks to queue
[2023-12-06 08:05:59,113] {logging_mixin.py:109} INFO - [2023-12-06 08:05:59,113] {dagbag.py:496} INFO - Filling up the DagBag from /home/airflow/.local/lib/python3.6/site-packages/airflow/example_dags/tutorial_taskflow_api_etl_virtualenv.py
[2023-12-06 08:05:59,125] {processor.py:623} INFO - DAG(s) dict_keys(['tutorial_taskflow_api_etl_virtualenv']) retrieved from /home/airflow/.local/lib/python3.6/site-packages/airflow/example_dags/tutorial_taskflow_api_etl_virtualenv.py
[2023-12-06 08:05:59,274] {logging_mixin.py:109} INFO - [2023-12-06 08:05:59,274] {dag.py:1834} INFO - Sync 1 DAGs
[2023-12-06 08:05:59,284] {logging_mixin.py:109} INFO - [2023-12-06 08:05:59,284] {dag.py:2287} INFO - Setting next_dagrun for tutorial_taskflow_api_etl_virtualenv to None
[2023-12-06 08:05:59,296] {processor.py:170} INFO - Processing /home/airflow/.local/lib/python3.6/site-packages/airflow/example_dags/tutorial_taskflow_api_etl_virtualenv.py took 0.187 seconds
[2023-12-06 08:06:29,863] {processor.py:162} INFO - Started process (PID=8568) to work on /home/airflow/.local/lib/python3.6/site-packages/airflow/example_dags/tutorial_taskflow_api_etl_virtualenv.py
[2023-12-06 08:06:29,864] {processor.py:613} INFO - Processing file /home/airflow/.local/lib/python3.6/site-packages/airflow/example_dags/tutorial_taskflow_api_etl_virtualenv.py for tasks to queue
[2023-12-06 08:06:29,865] {logging_mixin.py:109} INFO - [2023-12-06 08:06:29,864] {dagbag.py:496} INFO - Filling up the DagBag from /home/airflow/.local/lib/python3.6/site-packages/airflow/example_dags/tutorial_taskflow_api_etl_virtualenv.py
[2023-12-06 08:06:29,876] {processor.py:623} INFO - DAG(s) dict_keys(['tutorial_taskflow_api_etl_virtualenv']) retrieved from /home/airflow/.local/lib/python3.6/site-packages/airflow/example_dags/tutorial_taskflow_api_etl_virtualenv.py
[2023-12-06 08:06:30,027] {logging_mixin.py:109} INFO - [2023-12-06 08:06:30,027] {dag.py:1834} INFO - Sync 1 DAGs
[2023-12-06 08:06:30,036] {logging_mixin.py:109} INFO - [2023-12-06 08:06:30,036] {dag.py:2287} INFO - Setting next_dagrun for tutorial_taskflow_api_etl_virtualenv to None
[2023-12-06 08:06:30,048] {processor.py:170} INFO - Processing /home/airflow/.local/lib/python3.6/site-packages/airflow/example_dags/tutorial_taskflow_api_etl_virtualenv.py took 0.188 seconds
[2023-12-06 08:07:00,598] {processor.py:162} INFO - Started process (PID=8778) to work on /home/airflow/.local/lib/python3.6/site-packages/airflow/example_dags/tutorial_taskflow_api_etl_virtualenv.py
[2023-12-06 08:07:00,599] {processor.py:613} INFO - Processing file /home/airflow/.local/lib/python3.6/site-packages/airflow/example_dags/tutorial_taskflow_api_etl_virtualenv.py for tasks to queue
[2023-12-06 08:07:00,600] {logging_mixin.py:109} INFO - [2023-12-06 08:07:00,600] {dagbag.py:496} INFO - Filling up the DagBag from /home/airflow/.local/lib/python3.6/site-packages/airflow/example_dags/tutorial_taskflow_api_etl_virtualenv.py
[2023-12-06 08:07:00,611] {processor.py:623} INFO - DAG(s) dict_keys(['tutorial_taskflow_api_etl_virtualenv']) retrieved from /home/airflow/.local/lib/python3.6/site-packages/airflow/example_dags/tutorial_taskflow_api_etl_virtualenv.py
[2023-12-06 08:07:00,752] {logging_mixin.py:109} INFO - [2023-12-06 08:07:00,752] {dag.py:1834} INFO - Sync 1 DAGs
[2023-12-06 08:07:00,762] {logging_mixin.py:109} INFO - [2023-12-06 08:07:00,762] {dag.py:2287} INFO - Setting next_dagrun for tutorial_taskflow_api_etl_virtualenv to None
[2023-12-06 08:07:00,773] {processor.py:170} INFO - Processing /home/airflow/.local/lib/python3.6/site-packages/airflow/example_dags/tutorial_taskflow_api_etl_virtualenv.py took 0.177 seconds
[2023-12-06 08:07:30,988] {processor.py:162} INFO - Started process (PID=8969) to work on /home/airflow/.local/lib/python3.6/site-packages/airflow/example_dags/tutorial_taskflow_api_etl_virtualenv.py
[2023-12-06 08:07:30,989] {processor.py:613} INFO - Processing file /home/airflow/.local/lib/python3.6/site-packages/airflow/example_dags/tutorial_taskflow_api_etl_virtualenv.py for tasks to queue
[2023-12-06 08:07:30,990] {logging_mixin.py:109} INFO - [2023-12-06 08:07:30,989] {dagbag.py:496} INFO - Filling up the DagBag from /home/airflow/.local/lib/python3.6/site-packages/airflow/example_dags/tutorial_taskflow_api_etl_virtualenv.py
[2023-12-06 08:07:31,003] {processor.py:623} INFO - DAG(s) dict_keys(['tutorial_taskflow_api_etl_virtualenv']) retrieved from /home/airflow/.local/lib/python3.6/site-packages/airflow/example_dags/tutorial_taskflow_api_etl_virtualenv.py
[2023-12-06 08:07:31,156] {logging_mixin.py:109} INFO - [2023-12-06 08:07:31,155] {dag.py:1834} INFO - Sync 1 DAGs
[2023-12-06 08:07:31,165] {logging_mixin.py:109} INFO - [2023-12-06 08:07:31,165] {dag.py:2287} INFO - Setting next_dagrun for tutorial_taskflow_api_etl_virtualenv to None
[2023-12-06 08:07:31,177] {processor.py:170} INFO - Processing /home/airflow/.local/lib/python3.6/site-packages/airflow/example_dags/tutorial_taskflow_api_etl_virtualenv.py took 0.192 seconds
