[2023-12-06 07:46:03,228] {processor.py:162} INFO - Started process (PID=308) to work on /home/airflow/.local/lib/python3.6/site-packages/airflow/example_dags/tutorial_etl_dag.py
[2023-12-06 07:46:03,229] {processor.py:613} INFO - Processing file /home/airflow/.local/lib/python3.6/site-packages/airflow/example_dags/tutorial_etl_dag.py for tasks to queue
[2023-12-06 07:46:03,229] {logging_mixin.py:109} INFO - [2023-12-06 07:46:03,229] {dagbag.py:496} INFO - Filling up the DagBag from /home/airflow/.local/lib/python3.6/site-packages/airflow/example_dags/tutorial_etl_dag.py
[2023-12-06 07:46:03,238] {processor.py:623} INFO - DAG(s) dict_keys(['tutorial_etl_dag']) retrieved from /home/airflow/.local/lib/python3.6/site-packages/airflow/example_dags/tutorial_etl_dag.py
[2023-12-06 07:46:03,443] {logging_mixin.py:109} INFO - [2023-12-06 07:46:03,443] {dag.py:1834} INFO - Sync 1 DAGs
[2023-12-06 07:46:03,453] {logging_mixin.py:109} INFO - [2023-12-06 07:46:03,453] {dag.py:2287} INFO - Setting next_dagrun for tutorial_etl_dag to None
[2023-12-06 07:46:03,466] {processor.py:170} INFO - Processing /home/airflow/.local/lib/python3.6/site-packages/airflow/example_dags/tutorial_etl_dag.py took 0.240 seconds
[2023-12-06 07:46:33,563] {processor.py:162} INFO - Started process (PID=586) to work on /home/airflow/.local/lib/python3.6/site-packages/airflow/example_dags/tutorial_etl_dag.py
[2023-12-06 07:46:33,564] {processor.py:613} INFO - Processing file /home/airflow/.local/lib/python3.6/site-packages/airflow/example_dags/tutorial_etl_dag.py for tasks to queue
[2023-12-06 07:46:33,565] {logging_mixin.py:109} INFO - [2023-12-06 07:46:33,565] {dagbag.py:496} INFO - Filling up the DagBag from /home/airflow/.local/lib/python3.6/site-packages/airflow/example_dags/tutorial_etl_dag.py
[2023-12-06 07:46:33,574] {processor.py:623} INFO - DAG(s) dict_keys(['tutorial_etl_dag']) retrieved from /home/airflow/.local/lib/python3.6/site-packages/airflow/example_dags/tutorial_etl_dag.py
[2023-12-06 07:46:33,592] {logging_mixin.py:109} INFO - [2023-12-06 07:46:33,592] {dag.py:1834} INFO - Sync 1 DAGs
[2023-12-06 07:46:33,601] {logging_mixin.py:109} INFO - [2023-12-06 07:46:33,601] {dag.py:2287} INFO - Setting next_dagrun for tutorial_etl_dag to None
[2023-12-06 07:46:33,611] {processor.py:170} INFO - Processing /home/airflow/.local/lib/python3.6/site-packages/airflow/example_dags/tutorial_etl_dag.py took 0.050 seconds
[2023-12-06 07:47:04,228] {processor.py:162} INFO - Started process (PID=791) to work on /home/airflow/.local/lib/python3.6/site-packages/airflow/example_dags/tutorial_etl_dag.py
[2023-12-06 07:47:04,230] {processor.py:613} INFO - Processing file /home/airflow/.local/lib/python3.6/site-packages/airflow/example_dags/tutorial_etl_dag.py for tasks to queue
[2023-12-06 07:47:04,230] {logging_mixin.py:109} INFO - [2023-12-06 07:47:04,230] {dagbag.py:496} INFO - Filling up the DagBag from /home/airflow/.local/lib/python3.6/site-packages/airflow/example_dags/tutorial_etl_dag.py
[2023-12-06 07:47:04,239] {processor.py:623} INFO - DAG(s) dict_keys(['tutorial_etl_dag']) retrieved from /home/airflow/.local/lib/python3.6/site-packages/airflow/example_dags/tutorial_etl_dag.py
[2023-12-06 07:47:04,254] {logging_mixin.py:109} INFO - [2023-12-06 07:47:04,254] {dag.py:1834} INFO - Sync 1 DAGs
[2023-12-06 07:47:04,265] {logging_mixin.py:109} INFO - [2023-12-06 07:47:04,265] {dag.py:2287} INFO - Setting next_dagrun for tutorial_etl_dag to None
[2023-12-06 07:47:04,275] {processor.py:170} INFO - Processing /home/airflow/.local/lib/python3.6/site-packages/airflow/example_dags/tutorial_etl_dag.py took 0.049 seconds
[2023-12-06 07:47:34,947] {processor.py:162} INFO - Started process (PID=986) to work on /home/airflow/.local/lib/python3.6/site-packages/airflow/example_dags/tutorial_etl_dag.py
[2023-12-06 07:47:34,949] {processor.py:613} INFO - Processing file /home/airflow/.local/lib/python3.6/site-packages/airflow/example_dags/tutorial_etl_dag.py for tasks to queue
[2023-12-06 07:47:34,950] {logging_mixin.py:109} INFO - [2023-12-06 07:47:34,949] {dagbag.py:496} INFO - Filling up the DagBag from /home/airflow/.local/lib/python3.6/site-packages/airflow/example_dags/tutorial_etl_dag.py
[2023-12-06 07:47:34,958] {processor.py:623} INFO - DAG(s) dict_keys(['tutorial_etl_dag']) retrieved from /home/airflow/.local/lib/python3.6/site-packages/airflow/example_dags/tutorial_etl_dag.py
[2023-12-06 07:47:34,975] {logging_mixin.py:109} INFO - [2023-12-06 07:47:34,975] {dag.py:1834} INFO - Sync 1 DAGs
[2023-12-06 07:47:34,987] {logging_mixin.py:109} INFO - [2023-12-06 07:47:34,987] {dag.py:2287} INFO - Setting next_dagrun for tutorial_etl_dag to None
[2023-12-06 07:47:34,998] {processor.py:170} INFO - Processing /home/airflow/.local/lib/python3.6/site-packages/airflow/example_dags/tutorial_etl_dag.py took 0.053 seconds
[2023-12-06 07:48:05,507] {processor.py:162} INFO - Started process (PID=1191) to work on /home/airflow/.local/lib/python3.6/site-packages/airflow/example_dags/tutorial_etl_dag.py
[2023-12-06 07:48:05,507] {processor.py:613} INFO - Processing file /home/airflow/.local/lib/python3.6/site-packages/airflow/example_dags/tutorial_etl_dag.py for tasks to queue
[2023-12-06 07:48:05,508] {logging_mixin.py:109} INFO - [2023-12-06 07:48:05,508] {dagbag.py:496} INFO - Filling up the DagBag from /home/airflow/.local/lib/python3.6/site-packages/airflow/example_dags/tutorial_etl_dag.py
[2023-12-06 07:48:05,517] {processor.py:623} INFO - DAG(s) dict_keys(['tutorial_etl_dag']) retrieved from /home/airflow/.local/lib/python3.6/site-packages/airflow/example_dags/tutorial_etl_dag.py
[2023-12-06 07:48:05,534] {logging_mixin.py:109} INFO - [2023-12-06 07:48:05,533] {dag.py:1834} INFO - Sync 1 DAGs
[2023-12-06 07:48:05,544] {logging_mixin.py:109} INFO - [2023-12-06 07:48:05,544] {dag.py:2287} INFO - Setting next_dagrun for tutorial_etl_dag to None
[2023-12-06 07:48:05,554] {processor.py:170} INFO - Processing /home/airflow/.local/lib/python3.6/site-packages/airflow/example_dags/tutorial_etl_dag.py took 0.050 seconds
[2023-12-06 07:48:36,189] {processor.py:162} INFO - Started process (PID=1388) to work on /home/airflow/.local/lib/python3.6/site-packages/airflow/example_dags/tutorial_etl_dag.py
[2023-12-06 07:48:36,192] {processor.py:613} INFO - Processing file /home/airflow/.local/lib/python3.6/site-packages/airflow/example_dags/tutorial_etl_dag.py for tasks to queue
[2023-12-06 07:48:36,193] {logging_mixin.py:109} INFO - [2023-12-06 07:48:36,192] {dagbag.py:496} INFO - Filling up the DagBag from /home/airflow/.local/lib/python3.6/site-packages/airflow/example_dags/tutorial_etl_dag.py
[2023-12-06 07:48:36,202] {processor.py:623} INFO - DAG(s) dict_keys(['tutorial_etl_dag']) retrieved from /home/airflow/.local/lib/python3.6/site-packages/airflow/example_dags/tutorial_etl_dag.py
[2023-12-06 07:48:36,219] {logging_mixin.py:109} INFO - [2023-12-06 07:48:36,219] {dag.py:1834} INFO - Sync 1 DAGs
[2023-12-06 07:48:36,231] {logging_mixin.py:109} INFO - [2023-12-06 07:48:36,231] {dag.py:2287} INFO - Setting next_dagrun for tutorial_etl_dag to None
[2023-12-06 07:48:36,242] {processor.py:170} INFO - Processing /home/airflow/.local/lib/python3.6/site-packages/airflow/example_dags/tutorial_etl_dag.py took 0.055 seconds
[2023-12-06 07:49:06,790] {processor.py:162} INFO - Started process (PID=1591) to work on /home/airflow/.local/lib/python3.6/site-packages/airflow/example_dags/tutorial_etl_dag.py
[2023-12-06 07:49:06,791] {processor.py:613} INFO - Processing file /home/airflow/.local/lib/python3.6/site-packages/airflow/example_dags/tutorial_etl_dag.py for tasks to queue
[2023-12-06 07:49:06,792] {logging_mixin.py:109} INFO - [2023-12-06 07:49:06,792] {dagbag.py:496} INFO - Filling up the DagBag from /home/airflow/.local/lib/python3.6/site-packages/airflow/example_dags/tutorial_etl_dag.py
[2023-12-06 07:49:06,801] {processor.py:623} INFO - DAG(s) dict_keys(['tutorial_etl_dag']) retrieved from /home/airflow/.local/lib/python3.6/site-packages/airflow/example_dags/tutorial_etl_dag.py
[2023-12-06 07:49:06,817] {logging_mixin.py:109} INFO - [2023-12-06 07:49:06,817] {dag.py:1834} INFO - Sync 1 DAGs
[2023-12-06 07:49:06,828] {logging_mixin.py:109} INFO - [2023-12-06 07:49:06,828] {dag.py:2287} INFO - Setting next_dagrun for tutorial_etl_dag to None
[2023-12-06 07:49:06,839] {processor.py:170} INFO - Processing /home/airflow/.local/lib/python3.6/site-packages/airflow/example_dags/tutorial_etl_dag.py took 0.050 seconds
[2023-12-06 07:49:37,473] {processor.py:162} INFO - Started process (PID=1796) to work on /home/airflow/.local/lib/python3.6/site-packages/airflow/example_dags/tutorial_etl_dag.py
[2023-12-06 07:49:37,474] {processor.py:613} INFO - Processing file /home/airflow/.local/lib/python3.6/site-packages/airflow/example_dags/tutorial_etl_dag.py for tasks to queue
[2023-12-06 07:49:37,475] {logging_mixin.py:109} INFO - [2023-12-06 07:49:37,475] {dagbag.py:496} INFO - Filling up the DagBag from /home/airflow/.local/lib/python3.6/site-packages/airflow/example_dags/tutorial_etl_dag.py
[2023-12-06 07:49:37,483] {processor.py:623} INFO - DAG(s) dict_keys(['tutorial_etl_dag']) retrieved from /home/airflow/.local/lib/python3.6/site-packages/airflow/example_dags/tutorial_etl_dag.py
[2023-12-06 07:49:37,498] {logging_mixin.py:109} INFO - [2023-12-06 07:49:37,498] {dag.py:1834} INFO - Sync 1 DAGs
[2023-12-06 07:49:37,508] {logging_mixin.py:109} INFO - [2023-12-06 07:49:37,508] {dag.py:2287} INFO - Setting next_dagrun for tutorial_etl_dag to None
[2023-12-06 07:49:37,519] {processor.py:170} INFO - Processing /home/airflow/.local/lib/python3.6/site-packages/airflow/example_dags/tutorial_etl_dag.py took 0.047 seconds
[2023-12-06 07:50:08,138] {processor.py:162} INFO - Started process (PID=1991) to work on /home/airflow/.local/lib/python3.6/site-packages/airflow/example_dags/tutorial_etl_dag.py
[2023-12-06 07:50:08,139] {processor.py:613} INFO - Processing file /home/airflow/.local/lib/python3.6/site-packages/airflow/example_dags/tutorial_etl_dag.py for tasks to queue
[2023-12-06 07:50:08,140] {logging_mixin.py:109} INFO - [2023-12-06 07:50:08,139] {dagbag.py:496} INFO - Filling up the DagBag from /home/airflow/.local/lib/python3.6/site-packages/airflow/example_dags/tutorial_etl_dag.py
[2023-12-06 07:50:08,148] {processor.py:623} INFO - DAG(s) dict_keys(['tutorial_etl_dag']) retrieved from /home/airflow/.local/lib/python3.6/site-packages/airflow/example_dags/tutorial_etl_dag.py
[2023-12-06 07:50:08,165] {logging_mixin.py:109} INFO - [2023-12-06 07:50:08,165] {dag.py:1834} INFO - Sync 1 DAGs
[2023-12-06 07:50:08,177] {logging_mixin.py:109} INFO - [2023-12-06 07:50:08,176] {dag.py:2287} INFO - Setting next_dagrun for tutorial_etl_dag to None
[2023-12-06 07:50:08,189] {processor.py:170} INFO - Processing /home/airflow/.local/lib/python3.6/site-packages/airflow/example_dags/tutorial_etl_dag.py took 0.053 seconds
[2023-12-06 07:50:38,684] {processor.py:162} INFO - Started process (PID=2196) to work on /home/airflow/.local/lib/python3.6/site-packages/airflow/example_dags/tutorial_etl_dag.py
[2023-12-06 07:50:38,685] {processor.py:613} INFO - Processing file /home/airflow/.local/lib/python3.6/site-packages/airflow/example_dags/tutorial_etl_dag.py for tasks to queue
[2023-12-06 07:50:38,686] {logging_mixin.py:109} INFO - [2023-12-06 07:50:38,686] {dagbag.py:496} INFO - Filling up the DagBag from /home/airflow/.local/lib/python3.6/site-packages/airflow/example_dags/tutorial_etl_dag.py
[2023-12-06 07:50:38,694] {processor.py:623} INFO - DAG(s) dict_keys(['tutorial_etl_dag']) retrieved from /home/airflow/.local/lib/python3.6/site-packages/airflow/example_dags/tutorial_etl_dag.py
[2023-12-06 07:50:38,710] {logging_mixin.py:109} INFO - [2023-12-06 07:50:38,709] {dag.py:1834} INFO - Sync 1 DAGs
[2023-12-06 07:50:38,720] {logging_mixin.py:109} INFO - [2023-12-06 07:50:38,720] {dag.py:2287} INFO - Setting next_dagrun for tutorial_etl_dag to None
[2023-12-06 07:50:38,731] {processor.py:170} INFO - Processing /home/airflow/.local/lib/python3.6/site-packages/airflow/example_dags/tutorial_etl_dag.py took 0.049 seconds
[2023-12-06 07:51:08,994] {processor.py:162} INFO - Started process (PID=2391) to work on /home/airflow/.local/lib/python3.6/site-packages/airflow/example_dags/tutorial_etl_dag.py
[2023-12-06 07:51:08,996] {processor.py:613} INFO - Processing file /home/airflow/.local/lib/python3.6/site-packages/airflow/example_dags/tutorial_etl_dag.py for tasks to queue
[2023-12-06 07:51:08,997] {logging_mixin.py:109} INFO - [2023-12-06 07:51:08,997] {dagbag.py:496} INFO - Filling up the DagBag from /home/airflow/.local/lib/python3.6/site-packages/airflow/example_dags/tutorial_etl_dag.py
[2023-12-06 07:51:09,008] {processor.py:623} INFO - DAG(s) dict_keys(['tutorial_etl_dag']) retrieved from /home/airflow/.local/lib/python3.6/site-packages/airflow/example_dags/tutorial_etl_dag.py
[2023-12-06 07:51:09,032] {logging_mixin.py:109} INFO - [2023-12-06 07:51:09,032] {dag.py:1834} INFO - Sync 1 DAGs
[2023-12-06 07:51:09,043] {logging_mixin.py:109} INFO - [2023-12-06 07:51:09,043] {dag.py:2287} INFO - Setting next_dagrun for tutorial_etl_dag to None
[2023-12-06 07:51:09,052] {processor.py:170} INFO - Processing /home/airflow/.local/lib/python3.6/site-packages/airflow/example_dags/tutorial_etl_dag.py took 0.061 seconds
[2023-12-06 07:51:39,605] {processor.py:162} INFO - Started process (PID=2578) to work on /home/airflow/.local/lib/python3.6/site-packages/airflow/example_dags/tutorial_etl_dag.py
[2023-12-06 07:51:39,606] {processor.py:613} INFO - Processing file /home/airflow/.local/lib/python3.6/site-packages/airflow/example_dags/tutorial_etl_dag.py for tasks to queue
[2023-12-06 07:51:39,607] {logging_mixin.py:109} INFO - [2023-12-06 07:51:39,606] {dagbag.py:496} INFO - Filling up the DagBag from /home/airflow/.local/lib/python3.6/site-packages/airflow/example_dags/tutorial_etl_dag.py
[2023-12-06 07:51:39,616] {processor.py:623} INFO - DAG(s) dict_keys(['tutorial_etl_dag']) retrieved from /home/airflow/.local/lib/python3.6/site-packages/airflow/example_dags/tutorial_etl_dag.py
[2023-12-06 07:51:39,632] {logging_mixin.py:109} INFO - [2023-12-06 07:51:39,632] {dag.py:1834} INFO - Sync 1 DAGs
[2023-12-06 07:51:39,642] {logging_mixin.py:109} INFO - [2023-12-06 07:51:39,642] {dag.py:2287} INFO - Setting next_dagrun for tutorial_etl_dag to None
[2023-12-06 07:51:39,653] {processor.py:170} INFO - Processing /home/airflow/.local/lib/python3.6/site-packages/airflow/example_dags/tutorial_etl_dag.py took 0.050 seconds
[2023-12-06 07:52:10,073] {processor.py:162} INFO - Started process (PID=2781) to work on /home/airflow/.local/lib/python3.6/site-packages/airflow/example_dags/tutorial_etl_dag.py
[2023-12-06 07:52:10,074] {processor.py:613} INFO - Processing file /home/airflow/.local/lib/python3.6/site-packages/airflow/example_dags/tutorial_etl_dag.py for tasks to queue
[2023-12-06 07:52:10,075] {logging_mixin.py:109} INFO - [2023-12-06 07:52:10,075] {dagbag.py:496} INFO - Filling up the DagBag from /home/airflow/.local/lib/python3.6/site-packages/airflow/example_dags/tutorial_etl_dag.py
[2023-12-06 07:52:10,084] {processor.py:623} INFO - DAG(s) dict_keys(['tutorial_etl_dag']) retrieved from /home/airflow/.local/lib/python3.6/site-packages/airflow/example_dags/tutorial_etl_dag.py
[2023-12-06 07:52:10,100] {logging_mixin.py:109} INFO - [2023-12-06 07:52:10,100] {dag.py:1834} INFO - Sync 1 DAGs
[2023-12-06 07:52:10,111] {logging_mixin.py:109} INFO - [2023-12-06 07:52:10,111] {dag.py:2287} INFO - Setting next_dagrun for tutorial_etl_dag to None
[2023-12-06 07:52:10,123] {processor.py:170} INFO - Processing /home/airflow/.local/lib/python3.6/site-packages/airflow/example_dags/tutorial_etl_dag.py took 0.052 seconds
[2023-12-06 07:52:40,650] {processor.py:162} INFO - Started process (PID=2978) to work on /home/airflow/.local/lib/python3.6/site-packages/airflow/example_dags/tutorial_etl_dag.py
[2023-12-06 07:52:40,651] {processor.py:613} INFO - Processing file /home/airflow/.local/lib/python3.6/site-packages/airflow/example_dags/tutorial_etl_dag.py for tasks to queue
[2023-12-06 07:52:40,651] {logging_mixin.py:109} INFO - [2023-12-06 07:52:40,651] {dagbag.py:496} INFO - Filling up the DagBag from /home/airflow/.local/lib/python3.6/site-packages/airflow/example_dags/tutorial_etl_dag.py
[2023-12-06 07:52:40,660] {processor.py:623} INFO - DAG(s) dict_keys(['tutorial_etl_dag']) retrieved from /home/airflow/.local/lib/python3.6/site-packages/airflow/example_dags/tutorial_etl_dag.py
[2023-12-06 07:52:40,677] {logging_mixin.py:109} INFO - [2023-12-06 07:52:40,677] {dag.py:1834} INFO - Sync 1 DAGs
[2023-12-06 07:52:40,689] {logging_mixin.py:109} INFO - [2023-12-06 07:52:40,688] {dag.py:2287} INFO - Setting next_dagrun for tutorial_etl_dag to None
[2023-12-06 07:52:40,699] {processor.py:170} INFO - Processing /home/airflow/.local/lib/python3.6/site-packages/airflow/example_dags/tutorial_etl_dag.py took 0.051 seconds
[2023-12-06 07:53:10,988] {processor.py:162} INFO - Started process (PID=3181) to work on /home/airflow/.local/lib/python3.6/site-packages/airflow/example_dags/tutorial_etl_dag.py
[2023-12-06 07:53:10,989] {processor.py:613} INFO - Processing file /home/airflow/.local/lib/python3.6/site-packages/airflow/example_dags/tutorial_etl_dag.py for tasks to queue
[2023-12-06 07:53:10,990] {logging_mixin.py:109} INFO - [2023-12-06 07:53:10,990] {dagbag.py:496} INFO - Filling up the DagBag from /home/airflow/.local/lib/python3.6/site-packages/airflow/example_dags/tutorial_etl_dag.py
[2023-12-06 07:53:10,998] {processor.py:623} INFO - DAG(s) dict_keys(['tutorial_etl_dag']) retrieved from /home/airflow/.local/lib/python3.6/site-packages/airflow/example_dags/tutorial_etl_dag.py
[2023-12-06 07:53:11,016] {logging_mixin.py:109} INFO - [2023-12-06 07:53:11,015] {dag.py:1834} INFO - Sync 1 DAGs
[2023-12-06 07:53:11,028] {logging_mixin.py:109} INFO - [2023-12-06 07:53:11,028] {dag.py:2287} INFO - Setting next_dagrun for tutorial_etl_dag to None
[2023-12-06 07:53:11,038] {processor.py:170} INFO - Processing /home/airflow/.local/lib/python3.6/site-packages/airflow/example_dags/tutorial_etl_dag.py took 0.052 seconds
[2023-12-06 07:53:41,500] {processor.py:162} INFO - Started process (PID=3387) to work on /home/airflow/.local/lib/python3.6/site-packages/airflow/example_dags/tutorial_etl_dag.py
[2023-12-06 07:53:41,501] {processor.py:613} INFO - Processing file /home/airflow/.local/lib/python3.6/site-packages/airflow/example_dags/tutorial_etl_dag.py for tasks to queue
[2023-12-06 07:53:41,502] {logging_mixin.py:109} INFO - [2023-12-06 07:53:41,502] {dagbag.py:496} INFO - Filling up the DagBag from /home/airflow/.local/lib/python3.6/site-packages/airflow/example_dags/tutorial_etl_dag.py
[2023-12-06 07:53:41,511] {processor.py:623} INFO - DAG(s) dict_keys(['tutorial_etl_dag']) retrieved from /home/airflow/.local/lib/python3.6/site-packages/airflow/example_dags/tutorial_etl_dag.py
[2023-12-06 07:53:41,529] {logging_mixin.py:109} INFO - [2023-12-06 07:53:41,529] {dag.py:1834} INFO - Sync 1 DAGs
[2023-12-06 07:53:41,542] {logging_mixin.py:109} INFO - [2023-12-06 07:53:41,542] {dag.py:2287} INFO - Setting next_dagrun for tutorial_etl_dag to None
[2023-12-06 07:53:41,552] {processor.py:170} INFO - Processing /home/airflow/.local/lib/python3.6/site-packages/airflow/example_dags/tutorial_etl_dag.py took 0.054 seconds
[2023-12-06 07:54:12,218] {processor.py:162} INFO - Started process (PID=3581) to work on /home/airflow/.local/lib/python3.6/site-packages/airflow/example_dags/tutorial_etl_dag.py
[2023-12-06 07:54:12,219] {processor.py:613} INFO - Processing file /home/airflow/.local/lib/python3.6/site-packages/airflow/example_dags/tutorial_etl_dag.py for tasks to queue
[2023-12-06 07:54:12,220] {logging_mixin.py:109} INFO - [2023-12-06 07:54:12,220] {dagbag.py:496} INFO - Filling up the DagBag from /home/airflow/.local/lib/python3.6/site-packages/airflow/example_dags/tutorial_etl_dag.py
[2023-12-06 07:54:12,229] {processor.py:623} INFO - DAG(s) dict_keys(['tutorial_etl_dag']) retrieved from /home/airflow/.local/lib/python3.6/site-packages/airflow/example_dags/tutorial_etl_dag.py
[2023-12-06 07:54:12,244] {logging_mixin.py:109} INFO - [2023-12-06 07:54:12,244] {dag.py:1834} INFO - Sync 1 DAGs
[2023-12-06 07:54:12,255] {logging_mixin.py:109} INFO - [2023-12-06 07:54:12,255] {dag.py:2287} INFO - Setting next_dagrun for tutorial_etl_dag to None
[2023-12-06 07:54:12,266] {processor.py:170} INFO - Processing /home/airflow/.local/lib/python3.6/site-packages/airflow/example_dags/tutorial_etl_dag.py took 0.049 seconds
[2023-12-06 07:54:43,009] {processor.py:162} INFO - Started process (PID=3786) to work on /home/airflow/.local/lib/python3.6/site-packages/airflow/example_dags/tutorial_etl_dag.py
[2023-12-06 07:54:43,010] {processor.py:613} INFO - Processing file /home/airflow/.local/lib/python3.6/site-packages/airflow/example_dags/tutorial_etl_dag.py for tasks to queue
[2023-12-06 07:54:43,010] {logging_mixin.py:109} INFO - [2023-12-06 07:54:43,010] {dagbag.py:496} INFO - Filling up the DagBag from /home/airflow/.local/lib/python3.6/site-packages/airflow/example_dags/tutorial_etl_dag.py
[2023-12-06 07:54:43,019] {processor.py:623} INFO - DAG(s) dict_keys(['tutorial_etl_dag']) retrieved from /home/airflow/.local/lib/python3.6/site-packages/airflow/example_dags/tutorial_etl_dag.py
[2023-12-06 07:54:43,035] {logging_mixin.py:109} INFO - [2023-12-06 07:54:43,035] {dag.py:1834} INFO - Sync 1 DAGs
[2023-12-06 07:54:43,047] {logging_mixin.py:109} INFO - [2023-12-06 07:54:43,046] {dag.py:2287} INFO - Setting next_dagrun for tutorial_etl_dag to None
[2023-12-06 07:54:43,056] {processor.py:170} INFO - Processing /home/airflow/.local/lib/python3.6/site-packages/airflow/example_dags/tutorial_etl_dag.py took 0.048 seconds
[2023-12-06 07:55:13,580] {processor.py:162} INFO - Started process (PID=3981) to work on /home/airflow/.local/lib/python3.6/site-packages/airflow/example_dags/tutorial_etl_dag.py
[2023-12-06 07:55:13,581] {processor.py:613} INFO - Processing file /home/airflow/.local/lib/python3.6/site-packages/airflow/example_dags/tutorial_etl_dag.py for tasks to queue
[2023-12-06 07:55:13,582] {logging_mixin.py:109} INFO - [2023-12-06 07:55:13,582] {dagbag.py:496} INFO - Filling up the DagBag from /home/airflow/.local/lib/python3.6/site-packages/airflow/example_dags/tutorial_etl_dag.py
[2023-12-06 07:55:13,590] {processor.py:623} INFO - DAG(s) dict_keys(['tutorial_etl_dag']) retrieved from /home/airflow/.local/lib/python3.6/site-packages/airflow/example_dags/tutorial_etl_dag.py
[2023-12-06 07:55:13,606] {logging_mixin.py:109} INFO - [2023-12-06 07:55:13,606] {dag.py:1834} INFO - Sync 1 DAGs
[2023-12-06 07:55:13,618] {logging_mixin.py:109} INFO - [2023-12-06 07:55:13,618] {dag.py:2287} INFO - Setting next_dagrun for tutorial_etl_dag to None
[2023-12-06 07:55:13,629] {processor.py:170} INFO - Processing /home/airflow/.local/lib/python3.6/site-packages/airflow/example_dags/tutorial_etl_dag.py took 0.050 seconds
[2023-12-06 07:55:44,258] {processor.py:162} INFO - Started process (PID=4186) to work on /home/airflow/.local/lib/python3.6/site-packages/airflow/example_dags/tutorial_etl_dag.py
[2023-12-06 07:55:44,259] {processor.py:613} INFO - Processing file /home/airflow/.local/lib/python3.6/site-packages/airflow/example_dags/tutorial_etl_dag.py for tasks to queue
[2023-12-06 07:55:44,260] {logging_mixin.py:109} INFO - [2023-12-06 07:55:44,260] {dagbag.py:496} INFO - Filling up the DagBag from /home/airflow/.local/lib/python3.6/site-packages/airflow/example_dags/tutorial_etl_dag.py
[2023-12-06 07:55:44,276] {processor.py:623} INFO - DAG(s) dict_keys(['tutorial_etl_dag']) retrieved from /home/airflow/.local/lib/python3.6/site-packages/airflow/example_dags/tutorial_etl_dag.py
[2023-12-06 07:55:44,294] {logging_mixin.py:109} INFO - [2023-12-06 07:55:44,294] {dag.py:1834} INFO - Sync 1 DAGs
[2023-12-06 07:55:44,306] {logging_mixin.py:109} INFO - [2023-12-06 07:55:44,305] {dag.py:2287} INFO - Setting next_dagrun for tutorial_etl_dag to None
[2023-12-06 07:55:44,315] {processor.py:170} INFO - Processing /home/airflow/.local/lib/python3.6/site-packages/airflow/example_dags/tutorial_etl_dag.py took 0.060 seconds
[2023-12-06 07:56:15,002] {processor.py:162} INFO - Started process (PID=4391) to work on /home/airflow/.local/lib/python3.6/site-packages/airflow/example_dags/tutorial_etl_dag.py
[2023-12-06 07:56:15,002] {processor.py:613} INFO - Processing file /home/airflow/.local/lib/python3.6/site-packages/airflow/example_dags/tutorial_etl_dag.py for tasks to queue
[2023-12-06 07:56:15,003] {logging_mixin.py:109} INFO - [2023-12-06 07:56:15,003] {dagbag.py:496} INFO - Filling up the DagBag from /home/airflow/.local/lib/python3.6/site-packages/airflow/example_dags/tutorial_etl_dag.py
[2023-12-06 07:56:15,011] {processor.py:623} INFO - DAG(s) dict_keys(['tutorial_etl_dag']) retrieved from /home/airflow/.local/lib/python3.6/site-packages/airflow/example_dags/tutorial_etl_dag.py
[2023-12-06 07:56:15,028] {logging_mixin.py:109} INFO - [2023-12-06 07:56:15,028] {dag.py:1834} INFO - Sync 1 DAGs
[2023-12-06 07:56:15,038] {logging_mixin.py:109} INFO - [2023-12-06 07:56:15,038] {dag.py:2287} INFO - Setting next_dagrun for tutorial_etl_dag to None
[2023-12-06 07:56:15,049] {processor.py:170} INFO - Processing /home/airflow/.local/lib/python3.6/site-packages/airflow/example_dags/tutorial_etl_dag.py took 0.049 seconds
[2023-12-06 07:56:45,662] {processor.py:162} INFO - Started process (PID=4586) to work on /home/airflow/.local/lib/python3.6/site-packages/airflow/example_dags/tutorial_etl_dag.py
[2023-12-06 07:56:45,663] {processor.py:613} INFO - Processing file /home/airflow/.local/lib/python3.6/site-packages/airflow/example_dags/tutorial_etl_dag.py for tasks to queue
[2023-12-06 07:56:45,664] {logging_mixin.py:109} INFO - [2023-12-06 07:56:45,664] {dagbag.py:496} INFO - Filling up the DagBag from /home/airflow/.local/lib/python3.6/site-packages/airflow/example_dags/tutorial_etl_dag.py
[2023-12-06 07:56:45,673] {processor.py:623} INFO - DAG(s) dict_keys(['tutorial_etl_dag']) retrieved from /home/airflow/.local/lib/python3.6/site-packages/airflow/example_dags/tutorial_etl_dag.py
[2023-12-06 07:56:45,689] {logging_mixin.py:109} INFO - [2023-12-06 07:56:45,689] {dag.py:1834} INFO - Sync 1 DAGs
[2023-12-06 07:56:45,699] {logging_mixin.py:109} INFO - [2023-12-06 07:56:45,699] {dag.py:2287} INFO - Setting next_dagrun for tutorial_etl_dag to None
[2023-12-06 07:56:45,710] {processor.py:170} INFO - Processing /home/airflow/.local/lib/python3.6/site-packages/airflow/example_dags/tutorial_etl_dag.py took 0.050 seconds
[2023-12-06 07:57:16,216] {processor.py:162} INFO - Started process (PID=4791) to work on /home/airflow/.local/lib/python3.6/site-packages/airflow/example_dags/tutorial_etl_dag.py
[2023-12-06 07:57:16,217] {processor.py:613} INFO - Processing file /home/airflow/.local/lib/python3.6/site-packages/airflow/example_dags/tutorial_etl_dag.py for tasks to queue
[2023-12-06 07:57:16,218] {logging_mixin.py:109} INFO - [2023-12-06 07:57:16,218] {dagbag.py:496} INFO - Filling up the DagBag from /home/airflow/.local/lib/python3.6/site-packages/airflow/example_dags/tutorial_etl_dag.py
[2023-12-06 07:57:16,231] {processor.py:623} INFO - DAG(s) dict_keys(['tutorial_etl_dag']) retrieved from /home/airflow/.local/lib/python3.6/site-packages/airflow/example_dags/tutorial_etl_dag.py
[2023-12-06 07:57:16,247] {logging_mixin.py:109} INFO - [2023-12-06 07:57:16,247] {dag.py:1834} INFO - Sync 1 DAGs
[2023-12-06 07:57:16,257] {logging_mixin.py:109} INFO - [2023-12-06 07:57:16,257] {dag.py:2287} INFO - Setting next_dagrun for tutorial_etl_dag to None
[2023-12-06 07:57:16,267] {processor.py:170} INFO - Processing /home/airflow/.local/lib/python3.6/site-packages/airflow/example_dags/tutorial_etl_dag.py took 0.053 seconds
[2023-12-06 07:57:46,839] {processor.py:162} INFO - Started process (PID=4996) to work on /home/airflow/.local/lib/python3.6/site-packages/airflow/example_dags/tutorial_etl_dag.py
[2023-12-06 07:57:46,840] {processor.py:613} INFO - Processing file /home/airflow/.local/lib/python3.6/site-packages/airflow/example_dags/tutorial_etl_dag.py for tasks to queue
[2023-12-06 07:57:46,841] {logging_mixin.py:109} INFO - [2023-12-06 07:57:46,841] {dagbag.py:496} INFO - Filling up the DagBag from /home/airflow/.local/lib/python3.6/site-packages/airflow/example_dags/tutorial_etl_dag.py
[2023-12-06 07:57:46,851] {processor.py:623} INFO - DAG(s) dict_keys(['tutorial_etl_dag']) retrieved from /home/airflow/.local/lib/python3.6/site-packages/airflow/example_dags/tutorial_etl_dag.py
[2023-12-06 07:57:46,868] {logging_mixin.py:109} INFO - [2023-12-06 07:57:46,868] {dag.py:1834} INFO - Sync 1 DAGs
[2023-12-06 07:57:46,878] {logging_mixin.py:109} INFO - [2023-12-06 07:57:46,878] {dag.py:2287} INFO - Setting next_dagrun for tutorial_etl_dag to None
[2023-12-06 07:57:46,888] {processor.py:170} INFO - Processing /home/airflow/.local/lib/python3.6/site-packages/airflow/example_dags/tutorial_etl_dag.py took 0.051 seconds
[2023-12-06 07:58:17,458] {processor.py:162} INFO - Started process (PID=5192) to work on /home/airflow/.local/lib/python3.6/site-packages/airflow/example_dags/tutorial_etl_dag.py
[2023-12-06 07:58:17,459] {processor.py:613} INFO - Processing file /home/airflow/.local/lib/python3.6/site-packages/airflow/example_dags/tutorial_etl_dag.py for tasks to queue
[2023-12-06 07:58:17,459] {logging_mixin.py:109} INFO - [2023-12-06 07:58:17,459] {dagbag.py:496} INFO - Filling up the DagBag from /home/airflow/.local/lib/python3.6/site-packages/airflow/example_dags/tutorial_etl_dag.py
[2023-12-06 07:58:17,469] {processor.py:623} INFO - DAG(s) dict_keys(['tutorial_etl_dag']) retrieved from /home/airflow/.local/lib/python3.6/site-packages/airflow/example_dags/tutorial_etl_dag.py
[2023-12-06 07:58:17,487] {logging_mixin.py:109} INFO - [2023-12-06 07:58:17,487] {dag.py:1834} INFO - Sync 1 DAGs
[2023-12-06 07:58:17,498] {logging_mixin.py:109} INFO - [2023-12-06 07:58:17,498] {dag.py:2287} INFO - Setting next_dagrun for tutorial_etl_dag to None
[2023-12-06 07:58:17,508] {processor.py:170} INFO - Processing /home/airflow/.local/lib/python3.6/site-packages/airflow/example_dags/tutorial_etl_dag.py took 0.052 seconds
[2023-12-06 07:58:48,275] {processor.py:162} INFO - Started process (PID=5399) to work on /home/airflow/.local/lib/python3.6/site-packages/airflow/example_dags/tutorial_etl_dag.py
[2023-12-06 07:58:48,276] {processor.py:613} INFO - Processing file /home/airflow/.local/lib/python3.6/site-packages/airflow/example_dags/tutorial_etl_dag.py for tasks to queue
[2023-12-06 07:58:48,276] {logging_mixin.py:109} INFO - [2023-12-06 07:58:48,276] {dagbag.py:496} INFO - Filling up the DagBag from /home/airflow/.local/lib/python3.6/site-packages/airflow/example_dags/tutorial_etl_dag.py
[2023-12-06 07:58:48,287] {processor.py:623} INFO - DAG(s) dict_keys(['tutorial_etl_dag']) retrieved from /home/airflow/.local/lib/python3.6/site-packages/airflow/example_dags/tutorial_etl_dag.py
[2023-12-06 07:58:48,304] {logging_mixin.py:109} INFO - [2023-12-06 07:58:48,304] {dag.py:1834} INFO - Sync 1 DAGs
[2023-12-06 07:58:48,315] {logging_mixin.py:109} INFO - [2023-12-06 07:58:48,314] {dag.py:2287} INFO - Setting next_dagrun for tutorial_etl_dag to None
[2023-12-06 07:58:48,324] {processor.py:170} INFO - Processing /home/airflow/.local/lib/python3.6/site-packages/airflow/example_dags/tutorial_etl_dag.py took 0.051 seconds
[2023-12-06 07:59:18,946] {processor.py:162} INFO - Started process (PID=5592) to work on /home/airflow/.local/lib/python3.6/site-packages/airflow/example_dags/tutorial_etl_dag.py
[2023-12-06 07:59:18,947] {processor.py:613} INFO - Processing file /home/airflow/.local/lib/python3.6/site-packages/airflow/example_dags/tutorial_etl_dag.py for tasks to queue
[2023-12-06 07:59:18,947] {logging_mixin.py:109} INFO - [2023-12-06 07:59:18,947] {dagbag.py:496} INFO - Filling up the DagBag from /home/airflow/.local/lib/python3.6/site-packages/airflow/example_dags/tutorial_etl_dag.py
[2023-12-06 07:59:18,956] {processor.py:623} INFO - DAG(s) dict_keys(['tutorial_etl_dag']) retrieved from /home/airflow/.local/lib/python3.6/site-packages/airflow/example_dags/tutorial_etl_dag.py
[2023-12-06 07:59:18,972] {logging_mixin.py:109} INFO - [2023-12-06 07:59:18,972] {dag.py:1834} INFO - Sync 1 DAGs
[2023-12-06 07:59:18,981] {logging_mixin.py:109} INFO - [2023-12-06 07:59:18,981] {dag.py:2287} INFO - Setting next_dagrun for tutorial_etl_dag to None
[2023-12-06 07:59:18,992] {processor.py:170} INFO - Processing /home/airflow/.local/lib/python3.6/site-packages/airflow/example_dags/tutorial_etl_dag.py took 0.048 seconds
[2023-12-06 07:59:49,569] {processor.py:162} INFO - Started process (PID=5797) to work on /home/airflow/.local/lib/python3.6/site-packages/airflow/example_dags/tutorial_etl_dag.py
[2023-12-06 07:59:49,571] {processor.py:613} INFO - Processing file /home/airflow/.local/lib/python3.6/site-packages/airflow/example_dags/tutorial_etl_dag.py for tasks to queue
[2023-12-06 07:59:49,571] {logging_mixin.py:109} INFO - [2023-12-06 07:59:49,571] {dagbag.py:496} INFO - Filling up the DagBag from /home/airflow/.local/lib/python3.6/site-packages/airflow/example_dags/tutorial_etl_dag.py
[2023-12-06 07:59:49,580] {processor.py:623} INFO - DAG(s) dict_keys(['tutorial_etl_dag']) retrieved from /home/airflow/.local/lib/python3.6/site-packages/airflow/example_dags/tutorial_etl_dag.py
[2023-12-06 07:59:49,595] {logging_mixin.py:109} INFO - [2023-12-06 07:59:49,595] {dag.py:1834} INFO - Sync 1 DAGs
[2023-12-06 07:59:49,605] {logging_mixin.py:109} INFO - [2023-12-06 07:59:49,605] {dag.py:2287} INFO - Setting next_dagrun for tutorial_etl_dag to None
[2023-12-06 07:59:49,617] {processor.py:170} INFO - Processing /home/airflow/.local/lib/python3.6/site-packages/airflow/example_dags/tutorial_etl_dag.py took 0.050 seconds
[2023-12-06 08:00:20,338] {processor.py:162} INFO - Started process (PID=6089) to work on /home/airflow/.local/lib/python3.6/site-packages/airflow/example_dags/tutorial_etl_dag.py
[2023-12-06 08:00:20,339] {processor.py:613} INFO - Processing file /home/airflow/.local/lib/python3.6/site-packages/airflow/example_dags/tutorial_etl_dag.py for tasks to queue
[2023-12-06 08:00:20,340] {logging_mixin.py:109} INFO - [2023-12-06 08:00:20,339] {dagbag.py:496} INFO - Filling up the DagBag from /home/airflow/.local/lib/python3.6/site-packages/airflow/example_dags/tutorial_etl_dag.py
[2023-12-06 08:00:20,348] {processor.py:623} INFO - DAG(s) dict_keys(['tutorial_etl_dag']) retrieved from /home/airflow/.local/lib/python3.6/site-packages/airflow/example_dags/tutorial_etl_dag.py
[2023-12-06 08:00:20,364] {logging_mixin.py:109} INFO - [2023-12-06 08:00:20,364] {dag.py:1834} INFO - Sync 1 DAGs
[2023-12-06 08:00:20,375] {logging_mixin.py:109} INFO - [2023-12-06 08:00:20,375] {dag.py:2287} INFO - Setting next_dagrun for tutorial_etl_dag to None
[2023-12-06 08:00:20,387] {processor.py:170} INFO - Processing /home/airflow/.local/lib/python3.6/site-packages/airflow/example_dags/tutorial_etl_dag.py took 0.051 seconds
[2023-12-06 08:00:51,151] {processor.py:162} INFO - Started process (PID=6282) to work on /home/airflow/.local/lib/python3.6/site-packages/airflow/example_dags/tutorial_etl_dag.py
[2023-12-06 08:00:51,153] {processor.py:613} INFO - Processing file /home/airflow/.local/lib/python3.6/site-packages/airflow/example_dags/tutorial_etl_dag.py for tasks to queue
[2023-12-06 08:00:51,153] {logging_mixin.py:109} INFO - [2023-12-06 08:00:51,153] {dagbag.py:496} INFO - Filling up the DagBag from /home/airflow/.local/lib/python3.6/site-packages/airflow/example_dags/tutorial_etl_dag.py
[2023-12-06 08:00:51,165] {processor.py:623} INFO - DAG(s) dict_keys(['tutorial_etl_dag']) retrieved from /home/airflow/.local/lib/python3.6/site-packages/airflow/example_dags/tutorial_etl_dag.py
[2023-12-06 08:00:51,182] {logging_mixin.py:109} INFO - [2023-12-06 08:00:51,182] {dag.py:1834} INFO - Sync 1 DAGs
[2023-12-06 08:00:51,193] {logging_mixin.py:109} INFO - [2023-12-06 08:00:51,193] {dag.py:2287} INFO - Setting next_dagrun for tutorial_etl_dag to None
[2023-12-06 08:00:51,203] {processor.py:170} INFO - Processing /home/airflow/.local/lib/python3.6/site-packages/airflow/example_dags/tutorial_etl_dag.py took 0.054 seconds
[2023-12-06 08:01:21,951] {processor.py:162} INFO - Started process (PID=6487) to work on /home/airflow/.local/lib/python3.6/site-packages/airflow/example_dags/tutorial_etl_dag.py
[2023-12-06 08:01:21,952] {processor.py:613} INFO - Processing file /home/airflow/.local/lib/python3.6/site-packages/airflow/example_dags/tutorial_etl_dag.py for tasks to queue
[2023-12-06 08:01:21,952] {logging_mixin.py:109} INFO - [2023-12-06 08:01:21,952] {dagbag.py:496} INFO - Filling up the DagBag from /home/airflow/.local/lib/python3.6/site-packages/airflow/example_dags/tutorial_etl_dag.py
[2023-12-06 08:01:21,962] {processor.py:623} INFO - DAG(s) dict_keys(['tutorial_etl_dag']) retrieved from /home/airflow/.local/lib/python3.6/site-packages/airflow/example_dags/tutorial_etl_dag.py
[2023-12-06 08:01:21,978] {logging_mixin.py:109} INFO - [2023-12-06 08:01:21,978] {dag.py:1834} INFO - Sync 1 DAGs
[2023-12-06 08:01:21,988] {logging_mixin.py:109} INFO - [2023-12-06 08:01:21,988] {dag.py:2287} INFO - Setting next_dagrun for tutorial_etl_dag to None
[2023-12-06 08:01:21,999] {processor.py:170} INFO - Processing /home/airflow/.local/lib/python3.6/site-packages/airflow/example_dags/tutorial_etl_dag.py took 0.050 seconds
[2023-12-06 08:01:52,590] {processor.py:162} INFO - Started process (PID=6692) to work on /home/airflow/.local/lib/python3.6/site-packages/airflow/example_dags/tutorial_etl_dag.py
[2023-12-06 08:01:52,592] {processor.py:613} INFO - Processing file /home/airflow/.local/lib/python3.6/site-packages/airflow/example_dags/tutorial_etl_dag.py for tasks to queue
[2023-12-06 08:01:52,593] {logging_mixin.py:109} INFO - [2023-12-06 08:01:52,592] {dagbag.py:496} INFO - Filling up the DagBag from /home/airflow/.local/lib/python3.6/site-packages/airflow/example_dags/tutorial_etl_dag.py
[2023-12-06 08:01:52,602] {processor.py:623} INFO - DAG(s) dict_keys(['tutorial_etl_dag']) retrieved from /home/airflow/.local/lib/python3.6/site-packages/airflow/example_dags/tutorial_etl_dag.py
[2023-12-06 08:01:52,618] {logging_mixin.py:109} INFO - [2023-12-06 08:01:52,618] {dag.py:1834} INFO - Sync 1 DAGs
[2023-12-06 08:01:52,628] {logging_mixin.py:109} INFO - [2023-12-06 08:01:52,628] {dag.py:2287} INFO - Setting next_dagrun for tutorial_etl_dag to None
[2023-12-06 08:01:52,639] {processor.py:170} INFO - Processing /home/airflow/.local/lib/python3.6/site-packages/airflow/example_dags/tutorial_etl_dag.py took 0.051 seconds
[2023-12-06 08:02:23,176] {processor.py:162} INFO - Started process (PID=6888) to work on /home/airflow/.local/lib/python3.6/site-packages/airflow/example_dags/tutorial_etl_dag.py
[2023-12-06 08:02:23,177] {processor.py:613} INFO - Processing file /home/airflow/.local/lib/python3.6/site-packages/airflow/example_dags/tutorial_etl_dag.py for tasks to queue
[2023-12-06 08:02:23,177] {logging_mixin.py:109} INFO - [2023-12-06 08:02:23,177] {dagbag.py:496} INFO - Filling up the DagBag from /home/airflow/.local/lib/python3.6/site-packages/airflow/example_dags/tutorial_etl_dag.py
[2023-12-06 08:02:23,186] {processor.py:623} INFO - DAG(s) dict_keys(['tutorial_etl_dag']) retrieved from /home/airflow/.local/lib/python3.6/site-packages/airflow/example_dags/tutorial_etl_dag.py
[2023-12-06 08:02:23,202] {logging_mixin.py:109} INFO - [2023-12-06 08:02:23,202] {dag.py:1834} INFO - Sync 1 DAGs
[2023-12-06 08:02:23,213] {logging_mixin.py:109} INFO - [2023-12-06 08:02:23,213] {dag.py:2287} INFO - Setting next_dagrun for tutorial_etl_dag to None
[2023-12-06 08:02:23,223] {processor.py:170} INFO - Processing /home/airflow/.local/lib/python3.6/site-packages/airflow/example_dags/tutorial_etl_dag.py took 0.049 seconds
[2023-12-06 08:02:53,913] {processor.py:162} INFO - Started process (PID=7095) to work on /home/airflow/.local/lib/python3.6/site-packages/airflow/example_dags/tutorial_etl_dag.py
[2023-12-06 08:02:53,914] {processor.py:613} INFO - Processing file /home/airflow/.local/lib/python3.6/site-packages/airflow/example_dags/tutorial_etl_dag.py for tasks to queue
[2023-12-06 08:02:53,914] {logging_mixin.py:109} INFO - [2023-12-06 08:02:53,914] {dagbag.py:496} INFO - Filling up the DagBag from /home/airflow/.local/lib/python3.6/site-packages/airflow/example_dags/tutorial_etl_dag.py
[2023-12-06 08:02:53,922] {processor.py:623} INFO - DAG(s) dict_keys(['tutorial_etl_dag']) retrieved from /home/airflow/.local/lib/python3.6/site-packages/airflow/example_dags/tutorial_etl_dag.py
[2023-12-06 08:02:53,938] {logging_mixin.py:109} INFO - [2023-12-06 08:02:53,938] {dag.py:1834} INFO - Sync 1 DAGs
[2023-12-06 08:02:53,949] {logging_mixin.py:109} INFO - [2023-12-06 08:02:53,949] {dag.py:2287} INFO - Setting next_dagrun for tutorial_etl_dag to None
[2023-12-06 08:02:53,958] {processor.py:170} INFO - Processing /home/airflow/.local/lib/python3.6/site-packages/airflow/example_dags/tutorial_etl_dag.py took 0.048 seconds
[2023-12-06 08:03:24,513] {processor.py:162} INFO - Started process (PID=7298) to work on /home/airflow/.local/lib/python3.6/site-packages/airflow/example_dags/tutorial_etl_dag.py
[2023-12-06 08:03:24,514] {processor.py:613} INFO - Processing file /home/airflow/.local/lib/python3.6/site-packages/airflow/example_dags/tutorial_etl_dag.py for tasks to queue
[2023-12-06 08:03:24,515] {logging_mixin.py:109} INFO - [2023-12-06 08:03:24,514] {dagbag.py:496} INFO - Filling up the DagBag from /home/airflow/.local/lib/python3.6/site-packages/airflow/example_dags/tutorial_etl_dag.py
[2023-12-06 08:03:24,522] {processor.py:623} INFO - DAG(s) dict_keys(['tutorial_etl_dag']) retrieved from /home/airflow/.local/lib/python3.6/site-packages/airflow/example_dags/tutorial_etl_dag.py
[2023-12-06 08:03:24,539] {logging_mixin.py:109} INFO - [2023-12-06 08:03:24,539] {dag.py:1834} INFO - Sync 1 DAGs
[2023-12-06 08:03:24,550] {logging_mixin.py:109} INFO - [2023-12-06 08:03:24,550] {dag.py:2287} INFO - Setting next_dagrun for tutorial_etl_dag to None
[2023-12-06 08:03:24,561] {processor.py:170} INFO - Processing /home/airflow/.local/lib/python3.6/site-packages/airflow/example_dags/tutorial_etl_dag.py took 0.050 seconds
[2023-12-06 08:03:55,326] {processor.py:162} INFO - Started process (PID=7494) to work on /home/airflow/.local/lib/python3.6/site-packages/airflow/example_dags/tutorial_etl_dag.py
[2023-12-06 08:03:55,327] {processor.py:613} INFO - Processing file /home/airflow/.local/lib/python3.6/site-packages/airflow/example_dags/tutorial_etl_dag.py for tasks to queue
[2023-12-06 08:03:55,327] {logging_mixin.py:109} INFO - [2023-12-06 08:03:55,327] {dagbag.py:496} INFO - Filling up the DagBag from /home/airflow/.local/lib/python3.6/site-packages/airflow/example_dags/tutorial_etl_dag.py
[2023-12-06 08:03:55,336] {processor.py:623} INFO - DAG(s) dict_keys(['tutorial_etl_dag']) retrieved from /home/airflow/.local/lib/python3.6/site-packages/airflow/example_dags/tutorial_etl_dag.py
[2023-12-06 08:03:55,354] {logging_mixin.py:109} INFO - [2023-12-06 08:03:55,354] {dag.py:1834} INFO - Sync 1 DAGs
[2023-12-06 08:03:55,366] {logging_mixin.py:109} INFO - [2023-12-06 08:03:55,366] {dag.py:2287} INFO - Setting next_dagrun for tutorial_etl_dag to None
[2023-12-06 08:03:55,375] {processor.py:170} INFO - Processing /home/airflow/.local/lib/python3.6/site-packages/airflow/example_dags/tutorial_etl_dag.py took 0.052 seconds
[2023-12-06 08:04:25,897] {processor.py:162} INFO - Started process (PID=7699) to work on /home/airflow/.local/lib/python3.6/site-packages/airflow/example_dags/tutorial_etl_dag.py
[2023-12-06 08:04:25,898] {processor.py:613} INFO - Processing file /home/airflow/.local/lib/python3.6/site-packages/airflow/example_dags/tutorial_etl_dag.py for tasks to queue
[2023-12-06 08:04:25,899] {logging_mixin.py:109} INFO - [2023-12-06 08:04:25,899] {dagbag.py:496} INFO - Filling up the DagBag from /home/airflow/.local/lib/python3.6/site-packages/airflow/example_dags/tutorial_etl_dag.py
[2023-12-06 08:04:25,908] {processor.py:623} INFO - DAG(s) dict_keys(['tutorial_etl_dag']) retrieved from /home/airflow/.local/lib/python3.6/site-packages/airflow/example_dags/tutorial_etl_dag.py
[2023-12-06 08:04:25,925] {logging_mixin.py:109} INFO - [2023-12-06 08:04:25,924] {dag.py:1834} INFO - Sync 1 DAGs
[2023-12-06 08:04:25,937] {logging_mixin.py:109} INFO - [2023-12-06 08:04:25,937] {dag.py:2287} INFO - Setting next_dagrun for tutorial_etl_dag to None
[2023-12-06 08:04:25,950] {processor.py:170} INFO - Processing /home/airflow/.local/lib/python3.6/site-packages/airflow/example_dags/tutorial_etl_dag.py took 0.055 seconds
[2023-12-06 08:04:56,310] {processor.py:162} INFO - Started process (PID=7893) to work on /home/airflow/.local/lib/python3.6/site-packages/airflow/example_dags/tutorial_etl_dag.py
[2023-12-06 08:04:56,311] {processor.py:613} INFO - Processing file /home/airflow/.local/lib/python3.6/site-packages/airflow/example_dags/tutorial_etl_dag.py for tasks to queue
[2023-12-06 08:04:56,312] {logging_mixin.py:109} INFO - [2023-12-06 08:04:56,312] {dagbag.py:496} INFO - Filling up the DagBag from /home/airflow/.local/lib/python3.6/site-packages/airflow/example_dags/tutorial_etl_dag.py
[2023-12-06 08:04:56,320] {processor.py:623} INFO - DAG(s) dict_keys(['tutorial_etl_dag']) retrieved from /home/airflow/.local/lib/python3.6/site-packages/airflow/example_dags/tutorial_etl_dag.py
[2023-12-06 08:04:56,336] {logging_mixin.py:109} INFO - [2023-12-06 08:04:56,336] {dag.py:1834} INFO - Sync 1 DAGs
[2023-12-06 08:04:56,346] {logging_mixin.py:109} INFO - [2023-12-06 08:04:56,346] {dag.py:2287} INFO - Setting next_dagrun for tutorial_etl_dag to None
[2023-12-06 08:04:56,356] {processor.py:170} INFO - Processing /home/airflow/.local/lib/python3.6/site-packages/airflow/example_dags/tutorial_etl_dag.py took 0.047 seconds
[2023-12-06 08:05:27,001] {processor.py:162} INFO - Started process (PID=8098) to work on /home/airflow/.local/lib/python3.6/site-packages/airflow/example_dags/tutorial_etl_dag.py
[2023-12-06 08:05:27,002] {processor.py:613} INFO - Processing file /home/airflow/.local/lib/python3.6/site-packages/airflow/example_dags/tutorial_etl_dag.py for tasks to queue
[2023-12-06 08:05:27,003] {logging_mixin.py:109} INFO - [2023-12-06 08:05:27,003] {dagbag.py:496} INFO - Filling up the DagBag from /home/airflow/.local/lib/python3.6/site-packages/airflow/example_dags/tutorial_etl_dag.py
[2023-12-06 08:05:27,012] {processor.py:623} INFO - DAG(s) dict_keys(['tutorial_etl_dag']) retrieved from /home/airflow/.local/lib/python3.6/site-packages/airflow/example_dags/tutorial_etl_dag.py
[2023-12-06 08:05:27,028] {logging_mixin.py:109} INFO - [2023-12-06 08:05:27,028] {dag.py:1834} INFO - Sync 1 DAGs
[2023-12-06 08:05:27,038] {logging_mixin.py:109} INFO - [2023-12-06 08:05:27,038] {dag.py:2287} INFO - Setting next_dagrun for tutorial_etl_dag to None
[2023-12-06 08:05:27,047] {processor.py:170} INFO - Processing /home/airflow/.local/lib/python3.6/site-packages/airflow/example_dags/tutorial_etl_dag.py took 0.049 seconds
[2023-12-06 08:05:57,521] {processor.py:162} INFO - Started process (PID=8305) to work on /home/airflow/.local/lib/python3.6/site-packages/airflow/example_dags/tutorial_etl_dag.py
[2023-12-06 08:05:57,522] {processor.py:613} INFO - Processing file /home/airflow/.local/lib/python3.6/site-packages/airflow/example_dags/tutorial_etl_dag.py for tasks to queue
[2023-12-06 08:05:57,522] {logging_mixin.py:109} INFO - [2023-12-06 08:05:57,522] {dagbag.py:496} INFO - Filling up the DagBag from /home/airflow/.local/lib/python3.6/site-packages/airflow/example_dags/tutorial_etl_dag.py
[2023-12-06 08:05:57,531] {processor.py:623} INFO - DAG(s) dict_keys(['tutorial_etl_dag']) retrieved from /home/airflow/.local/lib/python3.6/site-packages/airflow/example_dags/tutorial_etl_dag.py
[2023-12-06 08:05:57,547] {logging_mixin.py:109} INFO - [2023-12-06 08:05:57,547] {dag.py:1834} INFO - Sync 1 DAGs
[2023-12-06 08:05:57,557] {logging_mixin.py:109} INFO - [2023-12-06 08:05:57,557] {dag.py:2287} INFO - Setting next_dagrun for tutorial_etl_dag to None
[2023-12-06 08:05:57,568] {processor.py:170} INFO - Processing /home/airflow/.local/lib/python3.6/site-packages/airflow/example_dags/tutorial_etl_dag.py took 0.049 seconds
[2023-12-06 08:06:28,219] {processor.py:162} INFO - Started process (PID=8498) to work on /home/airflow/.local/lib/python3.6/site-packages/airflow/example_dags/tutorial_etl_dag.py
[2023-12-06 08:06:28,220] {processor.py:613} INFO - Processing file /home/airflow/.local/lib/python3.6/site-packages/airflow/example_dags/tutorial_etl_dag.py for tasks to queue
[2023-12-06 08:06:28,221] {logging_mixin.py:109} INFO - [2023-12-06 08:06:28,221] {dagbag.py:496} INFO - Filling up the DagBag from /home/airflow/.local/lib/python3.6/site-packages/airflow/example_dags/tutorial_etl_dag.py
[2023-12-06 08:06:28,229] {processor.py:623} INFO - DAG(s) dict_keys(['tutorial_etl_dag']) retrieved from /home/airflow/.local/lib/python3.6/site-packages/airflow/example_dags/tutorial_etl_dag.py
[2023-12-06 08:06:28,247] {logging_mixin.py:109} INFO - [2023-12-06 08:06:28,246] {dag.py:1834} INFO - Sync 1 DAGs
[2023-12-06 08:06:28,256] {logging_mixin.py:109} INFO - [2023-12-06 08:06:28,256] {dag.py:2287} INFO - Setting next_dagrun for tutorial_etl_dag to None
[2023-12-06 08:06:28,267] {processor.py:170} INFO - Processing /home/airflow/.local/lib/python3.6/site-packages/airflow/example_dags/tutorial_etl_dag.py took 0.050 seconds
[2023-12-06 08:06:58,959] {processor.py:162} INFO - Started process (PID=8705) to work on /home/airflow/.local/lib/python3.6/site-packages/airflow/example_dags/tutorial_etl_dag.py
[2023-12-06 08:06:58,960] {processor.py:613} INFO - Processing file /home/airflow/.local/lib/python3.6/site-packages/airflow/example_dags/tutorial_etl_dag.py for tasks to queue
[2023-12-06 08:06:58,960] {logging_mixin.py:109} INFO - [2023-12-06 08:06:58,960] {dagbag.py:496} INFO - Filling up the DagBag from /home/airflow/.local/lib/python3.6/site-packages/airflow/example_dags/tutorial_etl_dag.py
[2023-12-06 08:06:58,969] {processor.py:623} INFO - DAG(s) dict_keys(['tutorial_etl_dag']) retrieved from /home/airflow/.local/lib/python3.6/site-packages/airflow/example_dags/tutorial_etl_dag.py
[2023-12-06 08:06:58,985] {logging_mixin.py:109} INFO - [2023-12-06 08:06:58,985] {dag.py:1834} INFO - Sync 1 DAGs
[2023-12-06 08:06:58,996] {logging_mixin.py:109} INFO - [2023-12-06 08:06:58,996] {dag.py:2287} INFO - Setting next_dagrun for tutorial_etl_dag to None
[2023-12-06 08:06:59,005] {processor.py:170} INFO - Processing /home/airflow/.local/lib/python3.6/site-packages/airflow/example_dags/tutorial_etl_dag.py took 0.049 seconds
[2023-12-06 08:07:29,477] {processor.py:162} INFO - Started process (PID=8907) to work on /home/airflow/.local/lib/python3.6/site-packages/airflow/example_dags/tutorial_etl_dag.py
[2023-12-06 08:07:29,478] {processor.py:613} INFO - Processing file /home/airflow/.local/lib/python3.6/site-packages/airflow/example_dags/tutorial_etl_dag.py for tasks to queue
[2023-12-06 08:07:29,479] {logging_mixin.py:109} INFO - [2023-12-06 08:07:29,478] {dagbag.py:496} INFO - Filling up the DagBag from /home/airflow/.local/lib/python3.6/site-packages/airflow/example_dags/tutorial_etl_dag.py
[2023-12-06 08:07:29,487] {processor.py:623} INFO - DAG(s) dict_keys(['tutorial_etl_dag']) retrieved from /home/airflow/.local/lib/python3.6/site-packages/airflow/example_dags/tutorial_etl_dag.py
[2023-12-06 08:07:29,504] {logging_mixin.py:109} INFO - [2023-12-06 08:07:29,504] {dag.py:1834} INFO - Sync 1 DAGs
[2023-12-06 08:07:29,514] {logging_mixin.py:109} INFO - [2023-12-06 08:07:29,514] {dag.py:2287} INFO - Setting next_dagrun for tutorial_etl_dag to None
[2023-12-06 08:07:29,524] {processor.py:170} INFO - Processing /home/airflow/.local/lib/python3.6/site-packages/airflow/example_dags/tutorial_etl_dag.py took 0.050 seconds
