[2024-03-11 04:14:57,034] {taskinstance.py:903} INFO - Dependencies all met for <TaskInstance: meeting_project492.fetch_comment 2024-03-11T04:14:55.854646+00:00 [queued]>
[2024-03-11 04:14:57,052] {taskinstance.py:903} INFO - Dependencies all met for <TaskInstance: meeting_project492.fetch_comment 2024-03-11T04:14:55.854646+00:00 [queued]>
[2024-03-11 04:14:57,053] {taskinstance.py:1095} INFO - 
--------------------------------------------------------------------------------
[2024-03-11 04:14:57,053] {taskinstance.py:1096} INFO - Starting attempt 1 of 1
[2024-03-11 04:14:57,053] {taskinstance.py:1097} INFO - 
--------------------------------------------------------------------------------
[2024-03-11 04:14:57,065] {taskinstance.py:1115} INFO - Executing <Task(PythonOperator): fetch_comment> on 2024-03-11T04:14:55.854646+00:00
[2024-03-11 04:14:57,070] {standard_task_runner.py:52} INFO - Started process 1111 to run task
[2024-03-11 04:14:57,073] {standard_task_runner.py:76} INFO - Running: ['***', 'tasks', 'run', 'meeting_project492', 'fetch_comment', '2024-03-11T04:14:55.854646+00:00', '--job-id', '563', '--pool', 'default_pool', '--raw', '--subdir', 'DAGS_FOLDER/first_dag.py', '--cfg-path', '/tmp/tmpddn21jqf', '--error-file', '/tmp/tmpkypbolvt']
[2024-03-11 04:14:57,077] {standard_task_runner.py:77} INFO - Job 563: Subtask fetch_comment
[2024-03-11 04:14:57,126] {logging_mixin.py:109} INFO - Running <TaskInstance: meeting_project492.fetch_comment 2024-03-11T04:14:55.854646+00:00 [running]> on host 76207e23fd35
[2024-03-11 04:14:57,191] {taskinstance.py:1254} INFO - Exporting the following env vars:
AIRFLOW_CTX_DAG_OWNER=***
AIRFLOW_CTX_DAG_ID=meeting_project492
AIRFLOW_CTX_TASK_ID=fetch_comment
AIRFLOW_CTX_EXECUTION_DATE=2024-03-11T04:14:55.854646+00:00
AIRFLOW_CTX_DAG_RUN_ID=manual__2024-03-11T04:14:55.854646+00:00
[2024-03-11 04:14:58,503] {logging_mixin.py:109} INFO - Output to /home/tnanun/***-meet/data/data_com.csv yoyoyoyoyoyo
[2024-03-11 04:14:58,503] {python.py:151} INFO - Done. Returned value was: None
[2024-03-11 04:14:58,514] {taskinstance.py:1219} INFO - Marking task as SUCCESS. dag_id=meeting_project492, task_id=fetch_comment, execution_date=20240311T041455, start_date=20240311T041457, end_date=20240311T041458
[2024-03-11 04:14:58,571] {local_task_job.py:151} INFO - Task exited with return code 0
[2024-03-11 04:14:58,611] {local_task_job.py:261} INFO - 1 downstream tasks scheduled from follow-on schedule check
